[2022-09-02 18:26:40,806] {processor.py:153} INFO - Started process (PID=154) to work on /home/airflow/.local/lib/python3.7/site-packages/airflow/example_dags/example_branch_labels.py
[2022-09-02 18:26:40,809] {processor.py:641} INFO - Processing file /home/airflow/.local/lib/python3.7/site-packages/airflow/example_dags/example_branch_labels.py for tasks to queue
[2022-09-02 18:26:40,819] {logging_mixin.py:115} INFO - [2022-09-02 18:26:40,819] {dagbag.py:508} INFO - Filling up the DagBag from /home/airflow/.local/lib/python3.7/site-packages/airflow/example_dags/example_branch_labels.py
[2022-09-02 18:26:40,855] {processor.py:651} INFO - DAG(s) dict_keys(['example_branch_labels']) retrieved from /home/airflow/.local/lib/python3.7/site-packages/airflow/example_dags/example_branch_labels.py
[2022-09-02 18:26:41,450] {logging_mixin.py:115} INFO - [2022-09-02 18:26:41,450] {manager.py:508} INFO - Created Permission View: can delete on DAG:example_branch_labels
[2022-09-02 18:26:41,476] {logging_mixin.py:115} INFO - [2022-09-02 18:26:41,476] {manager.py:508} INFO - Created Permission View: can edit on DAG:example_branch_labels
[2022-09-02 18:26:41,493] {logging_mixin.py:115} INFO - [2022-09-02 18:26:41,493] {manager.py:508} INFO - Created Permission View: can read on DAG:example_branch_labels
[2022-09-02 18:26:41,495] {logging_mixin.py:115} INFO - [2022-09-02 18:26:41,495] {dag.py:2420} INFO - Sync 1 DAGs
[2022-09-02 18:26:41,514] {logging_mixin.py:115} INFO - [2022-09-02 18:26:41,514] {dag.py:2439} INFO - Creating ORM DAG for example_branch_labels
[2022-09-02 18:26:41,544] {logging_mixin.py:115} INFO - [2022-09-02 18:26:41,544] {dag.py:2972} INFO - Setting next_dagrun for example_branch_labels to 2022-09-01T00:00:00+00:00, run_after=2022-09-02T00:00:00+00:00
[2022-09-02 18:26:41,575] {processor.py:161} INFO - Processing /home/airflow/.local/lib/python3.7/site-packages/airflow/example_dags/example_branch_labels.py took 0.821 seconds
[2022-09-02 18:27:12,195] {processor.py:153} INFO - Started process (PID=208) to work on /home/airflow/.local/lib/python3.7/site-packages/airflow/example_dags/example_branch_labels.py
[2022-09-02 18:27:12,200] {processor.py:641} INFO - Processing file /home/airflow/.local/lib/python3.7/site-packages/airflow/example_dags/example_branch_labels.py for tasks to queue
[2022-09-02 18:27:12,205] {logging_mixin.py:115} INFO - [2022-09-02 18:27:12,204] {dagbag.py:508} INFO - Filling up the DagBag from /home/airflow/.local/lib/python3.7/site-packages/airflow/example_dags/example_branch_labels.py
[2022-09-02 18:27:12,242] {processor.py:651} INFO - DAG(s) dict_keys(['example_branch_labels']) retrieved from /home/airflow/.local/lib/python3.7/site-packages/airflow/example_dags/example_branch_labels.py
[2022-09-02 18:27:13,024] {logging_mixin.py:115} INFO - [2022-09-02 18:27:13,024] {dag.py:2420} INFO - Sync 1 DAGs
[2022-09-02 18:27:13,268] {logging_mixin.py:115} INFO - [2022-09-02 18:27:13,267] {dag.py:2972} INFO - Setting next_dagrun for example_branch_labels to 2022-09-01T00:00:00+00:00, run_after=2022-09-02T00:00:00+00:00
[2022-09-02 18:27:13,335] {processor.py:161} INFO - Processing /home/airflow/.local/lib/python3.7/site-packages/airflow/example_dags/example_branch_labels.py took 1.158 seconds
[2022-09-02 18:27:44,369] {processor.py:153} INFO - Started process (PID=261) to work on /home/airflow/.local/lib/python3.7/site-packages/airflow/example_dags/example_branch_labels.py
[2022-09-02 18:27:44,372] {processor.py:641} INFO - Processing file /home/airflow/.local/lib/python3.7/site-packages/airflow/example_dags/example_branch_labels.py for tasks to queue
[2022-09-02 18:27:44,377] {logging_mixin.py:115} INFO - [2022-09-02 18:27:44,376] {dagbag.py:508} INFO - Filling up the DagBag from /home/airflow/.local/lib/python3.7/site-packages/airflow/example_dags/example_branch_labels.py
[2022-09-02 18:27:44,405] {processor.py:651} INFO - DAG(s) dict_keys(['example_branch_labels']) retrieved from /home/airflow/.local/lib/python3.7/site-packages/airflow/example_dags/example_branch_labels.py
[2022-09-02 18:27:44,832] {logging_mixin.py:115} INFO - [2022-09-02 18:27:44,829] {dag.py:2420} INFO - Sync 1 DAGs
[2022-09-02 18:27:44,970] {logging_mixin.py:115} INFO - [2022-09-02 18:27:44,969] {dag.py:2972} INFO - Setting next_dagrun for example_branch_labels to 2022-09-01T00:00:00+00:00, run_after=2022-09-02T00:00:00+00:00
[2022-09-02 18:27:45,003] {processor.py:161} INFO - Processing /home/airflow/.local/lib/python3.7/site-packages/airflow/example_dags/example_branch_labels.py took 0.661 seconds
[2022-09-02 18:28:15,641] {processor.py:153} INFO - Started process (PID=315) to work on /home/airflow/.local/lib/python3.7/site-packages/airflow/example_dags/example_branch_labels.py
[2022-09-02 18:28:15,646] {processor.py:641} INFO - Processing file /home/airflow/.local/lib/python3.7/site-packages/airflow/example_dags/example_branch_labels.py for tasks to queue
[2022-09-02 18:28:15,651] {logging_mixin.py:115} INFO - [2022-09-02 18:28:15,651] {dagbag.py:508} INFO - Filling up the DagBag from /home/airflow/.local/lib/python3.7/site-packages/airflow/example_dags/example_branch_labels.py
[2022-09-02 18:28:15,673] {processor.py:651} INFO - DAG(s) dict_keys(['example_branch_labels']) retrieved from /home/airflow/.local/lib/python3.7/site-packages/airflow/example_dags/example_branch_labels.py
[2022-09-02 18:28:15,964] {logging_mixin.py:115} INFO - [2022-09-02 18:28:15,964] {dag.py:2420} INFO - Sync 1 DAGs
[2022-09-02 18:28:16,020] {logging_mixin.py:115} INFO - [2022-09-02 18:28:16,020] {dag.py:2972} INFO - Setting next_dagrun for example_branch_labels to 2022-09-01T00:00:00+00:00, run_after=2022-09-02T00:00:00+00:00
[2022-09-02 18:28:16,054] {processor.py:161} INFO - Processing /home/airflow/.local/lib/python3.7/site-packages/airflow/example_dags/example_branch_labels.py took 0.438 seconds
[2022-09-02 18:28:47,777] {processor.py:153} INFO - Started process (PID=382) to work on /home/airflow/.local/lib/python3.7/site-packages/airflow/example_dags/example_branch_labels.py
[2022-09-02 18:28:47,781] {processor.py:641} INFO - Processing file /home/airflow/.local/lib/python3.7/site-packages/airflow/example_dags/example_branch_labels.py for tasks to queue
[2022-09-02 18:28:47,786] {logging_mixin.py:115} INFO - [2022-09-02 18:28:47,786] {dagbag.py:508} INFO - Filling up the DagBag from /home/airflow/.local/lib/python3.7/site-packages/airflow/example_dags/example_branch_labels.py
[2022-09-02 18:28:47,902] {processor.py:651} INFO - DAG(s) dict_keys(['example_branch_labels']) retrieved from /home/airflow/.local/lib/python3.7/site-packages/airflow/example_dags/example_branch_labels.py
[2022-09-02 18:28:49,376] {logging_mixin.py:115} INFO - [2022-09-02 18:28:49,376] {dag.py:2420} INFO - Sync 1 DAGs
[2022-09-02 18:28:49,800] {logging_mixin.py:115} INFO - [2022-09-02 18:28:49,799] {dag.py:2972} INFO - Setting next_dagrun for example_branch_labels to 2022-09-01T00:00:00+00:00, run_after=2022-09-02T00:00:00+00:00
[2022-09-02 18:28:49,955] {processor.py:161} INFO - Processing /home/airflow/.local/lib/python3.7/site-packages/airflow/example_dags/example_branch_labels.py took 2.256 seconds
[2022-09-02 18:29:20,458] {processor.py:153} INFO - Started process (PID=434) to work on /home/airflow/.local/lib/python3.7/site-packages/airflow/example_dags/example_branch_labels.py
[2022-09-02 18:29:20,466] {processor.py:641} INFO - Processing file /home/airflow/.local/lib/python3.7/site-packages/airflow/example_dags/example_branch_labels.py for tasks to queue
[2022-09-02 18:29:20,489] {logging_mixin.py:115} INFO - [2022-09-02 18:29:20,489] {dagbag.py:508} INFO - Filling up the DagBag from /home/airflow/.local/lib/python3.7/site-packages/airflow/example_dags/example_branch_labels.py
[2022-09-02 18:29:20,520] {processor.py:651} INFO - DAG(s) dict_keys(['example_branch_labels']) retrieved from /home/airflow/.local/lib/python3.7/site-packages/airflow/example_dags/example_branch_labels.py
[2022-09-02 18:29:21,056] {logging_mixin.py:115} INFO - [2022-09-02 18:29:21,054] {dag.py:2420} INFO - Sync 1 DAGs
[2022-09-02 18:29:21,140] {logging_mixin.py:115} INFO - [2022-09-02 18:29:21,139] {dag.py:2972} INFO - Setting next_dagrun for example_branch_labels to 2022-09-01T00:00:00+00:00, run_after=2022-09-02T00:00:00+00:00
[2022-09-02 18:29:21,193] {processor.py:161} INFO - Processing /home/airflow/.local/lib/python3.7/site-packages/airflow/example_dags/example_branch_labels.py took 0.750 seconds
[2022-09-02 18:29:51,850] {processor.py:153} INFO - Started process (PID=479) to work on /home/airflow/.local/lib/python3.7/site-packages/airflow/example_dags/example_branch_labels.py
[2022-09-02 18:29:51,855] {processor.py:641} INFO - Processing file /home/airflow/.local/lib/python3.7/site-packages/airflow/example_dags/example_branch_labels.py for tasks to queue
[2022-09-02 18:29:51,859] {logging_mixin.py:115} INFO - [2022-09-02 18:29:51,859] {dagbag.py:508} INFO - Filling up the DagBag from /home/airflow/.local/lib/python3.7/site-packages/airflow/example_dags/example_branch_labels.py
[2022-09-02 18:29:51,883] {processor.py:651} INFO - DAG(s) dict_keys(['example_branch_labels']) retrieved from /home/airflow/.local/lib/python3.7/site-packages/airflow/example_dags/example_branch_labels.py
[2022-09-02 18:29:52,559] {logging_mixin.py:115} INFO - [2022-09-02 18:29:52,558] {dag.py:2420} INFO - Sync 1 DAGs
[2022-09-02 18:29:52,698] {logging_mixin.py:115} INFO - [2022-09-02 18:29:52,698] {dag.py:2972} INFO - Setting next_dagrun for example_branch_labels to 2022-09-01T00:00:00+00:00, run_after=2022-09-02T00:00:00+00:00
[2022-09-02 18:29:52,758] {processor.py:161} INFO - Processing /home/airflow/.local/lib/python3.7/site-packages/airflow/example_dags/example_branch_labels.py took 0.923 seconds
[2022-09-02 18:30:23,632] {processor.py:153} INFO - Started process (PID=534) to work on /home/airflow/.local/lib/python3.7/site-packages/airflow/example_dags/example_branch_labels.py
[2022-09-02 18:30:23,634] {processor.py:641} INFO - Processing file /home/airflow/.local/lib/python3.7/site-packages/airflow/example_dags/example_branch_labels.py for tasks to queue
[2022-09-02 18:30:23,637] {logging_mixin.py:115} INFO - [2022-09-02 18:30:23,637] {dagbag.py:508} INFO - Filling up the DagBag from /home/airflow/.local/lib/python3.7/site-packages/airflow/example_dags/example_branch_labels.py
[2022-09-02 18:30:23,679] {processor.py:651} INFO - DAG(s) dict_keys(['example_branch_labels']) retrieved from /home/airflow/.local/lib/python3.7/site-packages/airflow/example_dags/example_branch_labels.py
[2022-09-02 18:30:23,925] {logging_mixin.py:115} INFO - [2022-09-02 18:30:23,924] {dag.py:2420} INFO - Sync 1 DAGs
[2022-09-02 18:30:23,973] {logging_mixin.py:115} INFO - [2022-09-02 18:30:23,973] {dag.py:2972} INFO - Setting next_dagrun for example_branch_labels to 2022-09-01T00:00:00+00:00, run_after=2022-09-02T00:00:00+00:00
[2022-09-02 18:30:23,995] {processor.py:161} INFO - Processing /home/airflow/.local/lib/python3.7/site-packages/airflow/example_dags/example_branch_labels.py took 0.369 seconds
[2022-09-02 18:30:54,143] {processor.py:153} INFO - Started process (PID=590) to work on /home/airflow/.local/lib/python3.7/site-packages/airflow/example_dags/example_branch_labels.py
[2022-09-02 18:30:54,146] {processor.py:641} INFO - Processing file /home/airflow/.local/lib/python3.7/site-packages/airflow/example_dags/example_branch_labels.py for tasks to queue
[2022-09-02 18:30:54,148] {logging_mixin.py:115} INFO - [2022-09-02 18:30:54,148] {dagbag.py:508} INFO - Filling up the DagBag from /home/airflow/.local/lib/python3.7/site-packages/airflow/example_dags/example_branch_labels.py
[2022-09-02 18:30:54,174] {processor.py:651} INFO - DAG(s) dict_keys(['example_branch_labels']) retrieved from /home/airflow/.local/lib/python3.7/site-packages/airflow/example_dags/example_branch_labels.py
[2022-09-02 18:30:54,510] {logging_mixin.py:115} INFO - [2022-09-02 18:30:54,510] {dag.py:2420} INFO - Sync 1 DAGs
[2022-09-02 18:30:54,570] {logging_mixin.py:115} INFO - [2022-09-02 18:30:54,570] {dag.py:2972} INFO - Setting next_dagrun for example_branch_labels to 2022-09-01T00:00:00+00:00, run_after=2022-09-02T00:00:00+00:00
[2022-09-02 18:30:54,614] {processor.py:161} INFO - Processing /home/airflow/.local/lib/python3.7/site-packages/airflow/example_dags/example_branch_labels.py took 0.481 seconds
[2022-09-02 18:31:25,721] {processor.py:153} INFO - Started process (PID=644) to work on /home/airflow/.local/lib/python3.7/site-packages/airflow/example_dags/example_branch_labels.py
[2022-09-02 18:31:25,723] {processor.py:641} INFO - Processing file /home/airflow/.local/lib/python3.7/site-packages/airflow/example_dags/example_branch_labels.py for tasks to queue
[2022-09-02 18:31:25,725] {logging_mixin.py:115} INFO - [2022-09-02 18:31:25,724] {dagbag.py:508} INFO - Filling up the DagBag from /home/airflow/.local/lib/python3.7/site-packages/airflow/example_dags/example_branch_labels.py
[2022-09-02 18:31:25,738] {processor.py:651} INFO - DAG(s) dict_keys(['example_branch_labels']) retrieved from /home/airflow/.local/lib/python3.7/site-packages/airflow/example_dags/example_branch_labels.py
[2022-09-02 18:31:25,799] {logging_mixin.py:115} INFO - [2022-09-02 18:31:25,799] {dag.py:2420} INFO - Sync 1 DAGs
[2022-09-02 18:31:25,839] {logging_mixin.py:115} INFO - [2022-09-02 18:31:25,839] {dag.py:2972} INFO - Setting next_dagrun for example_branch_labels to 2022-09-01T00:00:00+00:00, run_after=2022-09-02T00:00:00+00:00
[2022-09-02 18:31:25,863] {processor.py:161} INFO - Processing /home/airflow/.local/lib/python3.7/site-packages/airflow/example_dags/example_branch_labels.py took 0.148 seconds
[2022-09-02 18:31:56,018] {processor.py:153} INFO - Started process (PID=710) to work on /home/airflow/.local/lib/python3.7/site-packages/airflow/example_dags/example_branch_labels.py
[2022-09-02 18:31:56,022] {processor.py:641} INFO - Processing file /home/airflow/.local/lib/python3.7/site-packages/airflow/example_dags/example_branch_labels.py for tasks to queue
[2022-09-02 18:31:56,029] {logging_mixin.py:115} INFO - [2022-09-02 18:31:56,029] {dagbag.py:508} INFO - Filling up the DagBag from /home/airflow/.local/lib/python3.7/site-packages/airflow/example_dags/example_branch_labels.py
[2022-09-02 18:31:56,064] {processor.py:651} INFO - DAG(s) dict_keys(['example_branch_labels']) retrieved from /home/airflow/.local/lib/python3.7/site-packages/airflow/example_dags/example_branch_labels.py
[2022-09-02 18:31:56,168] {logging_mixin.py:115} INFO - [2022-09-02 18:31:56,167] {dag.py:2420} INFO - Sync 1 DAGs
[2022-09-02 18:31:56,270] {logging_mixin.py:115} INFO - [2022-09-02 18:31:56,270] {dag.py:2972} INFO - Setting next_dagrun for example_branch_labels to 2022-09-01T00:00:00+00:00, run_after=2022-09-02T00:00:00+00:00
[2022-09-02 18:31:56,338] {processor.py:161} INFO - Processing /home/airflow/.local/lib/python3.7/site-packages/airflow/example_dags/example_branch_labels.py took 0.333 seconds
[2022-09-02 18:32:26,520] {processor.py:153} INFO - Started process (PID=754) to work on /home/airflow/.local/lib/python3.7/site-packages/airflow/example_dags/example_branch_labels.py
[2022-09-02 18:32:26,525] {processor.py:641} INFO - Processing file /home/airflow/.local/lib/python3.7/site-packages/airflow/example_dags/example_branch_labels.py for tasks to queue
[2022-09-02 18:32:26,532] {logging_mixin.py:115} INFO - [2022-09-02 18:32:26,529] {dagbag.py:508} INFO - Filling up the DagBag from /home/airflow/.local/lib/python3.7/site-packages/airflow/example_dags/example_branch_labels.py
[2022-09-02 18:32:26,563] {processor.py:651} INFO - DAG(s) dict_keys(['example_branch_labels']) retrieved from /home/airflow/.local/lib/python3.7/site-packages/airflow/example_dags/example_branch_labels.py
[2022-09-02 18:32:26,650] {logging_mixin.py:115} INFO - [2022-09-02 18:32:26,650] {dag.py:2420} INFO - Sync 1 DAGs
[2022-09-02 18:32:26,722] {logging_mixin.py:115} INFO - [2022-09-02 18:32:26,720] {dag.py:2972} INFO - Setting next_dagrun for example_branch_labels to 2022-09-01T00:00:00+00:00, run_after=2022-09-02T00:00:00+00:00
[2022-09-02 18:32:26,777] {processor.py:161} INFO - Processing /home/airflow/.local/lib/python3.7/site-packages/airflow/example_dags/example_branch_labels.py took 0.269 seconds
[2022-09-02 18:32:59,660] {processor.py:153} INFO - Started process (PID=821) to work on /home/airflow/.local/lib/python3.7/site-packages/airflow/example_dags/example_branch_labels.py
[2022-09-02 18:32:59,663] {processor.py:641} INFO - Processing file /home/airflow/.local/lib/python3.7/site-packages/airflow/example_dags/example_branch_labels.py for tasks to queue
[2022-09-02 18:32:59,667] {logging_mixin.py:115} INFO - [2022-09-02 18:32:59,667] {dagbag.py:508} INFO - Filling up the DagBag from /home/airflow/.local/lib/python3.7/site-packages/airflow/example_dags/example_branch_labels.py
[2022-09-02 18:32:59,693] {processor.py:651} INFO - DAG(s) dict_keys(['example_branch_labels']) retrieved from /home/airflow/.local/lib/python3.7/site-packages/airflow/example_dags/example_branch_labels.py
[2022-09-02 18:32:59,815] {logging_mixin.py:115} INFO - [2022-09-02 18:32:59,812] {dag.py:2420} INFO - Sync 1 DAGs
[2022-09-02 18:32:59,875] {logging_mixin.py:115} INFO - [2022-09-02 18:32:59,875] {dag.py:2972} INFO - Setting next_dagrun for example_branch_labels to 2022-09-01T00:00:00+00:00, run_after=2022-09-02T00:00:00+00:00
[2022-09-02 18:32:59,905] {processor.py:161} INFO - Processing /home/airflow/.local/lib/python3.7/site-packages/airflow/example_dags/example_branch_labels.py took 0.253 seconds
[2022-09-02 18:33:34,326] {processor.py:153} INFO - Started process (PID=876) to work on /home/airflow/.local/lib/python3.7/site-packages/airflow/example_dags/example_branch_labels.py
[2022-09-02 18:33:34,344] {processor.py:641} INFO - Processing file /home/airflow/.local/lib/python3.7/site-packages/airflow/example_dags/example_branch_labels.py for tasks to queue
[2022-09-02 18:33:34,358] {logging_mixin.py:115} INFO - [2022-09-02 18:33:34,358] {dagbag.py:508} INFO - Filling up the DagBag from /home/airflow/.local/lib/python3.7/site-packages/airflow/example_dags/example_branch_labels.py
[2022-09-02 18:33:34,424] {processor.py:651} INFO - DAG(s) dict_keys(['example_branch_labels']) retrieved from /home/airflow/.local/lib/python3.7/site-packages/airflow/example_dags/example_branch_labels.py
[2022-09-02 18:33:34,812] {logging_mixin.py:115} INFO - [2022-09-02 18:33:34,812] {dag.py:2420} INFO - Sync 1 DAGs
[2022-09-02 18:33:34,995] {logging_mixin.py:115} INFO - [2022-09-02 18:33:34,994] {dag.py:2972} INFO - Setting next_dagrun for example_branch_labels to 2022-09-01T00:00:00+00:00, run_after=2022-09-02T00:00:00+00:00
[2022-09-02 18:33:35,086] {processor.py:161} INFO - Processing /home/airflow/.local/lib/python3.7/site-packages/airflow/example_dags/example_branch_labels.py took 0.780 seconds
[2022-09-02 18:34:05,227] {processor.py:153} INFO - Started process (PID=927) to work on /home/airflow/.local/lib/python3.7/site-packages/airflow/example_dags/example_branch_labels.py
[2022-09-02 18:34:05,231] {processor.py:641} INFO - Processing file /home/airflow/.local/lib/python3.7/site-packages/airflow/example_dags/example_branch_labels.py for tasks to queue
[2022-09-02 18:34:05,236] {logging_mixin.py:115} INFO - [2022-09-02 18:34:05,236] {dagbag.py:508} INFO - Filling up the DagBag from /home/airflow/.local/lib/python3.7/site-packages/airflow/example_dags/example_branch_labels.py
[2022-09-02 18:34:05,278] {processor.py:651} INFO - DAG(s) dict_keys(['example_branch_labels']) retrieved from /home/airflow/.local/lib/python3.7/site-packages/airflow/example_dags/example_branch_labels.py
[2022-09-02 18:34:05,363] {logging_mixin.py:115} INFO - [2022-09-02 18:34:05,363] {dag.py:2420} INFO - Sync 1 DAGs
[2022-09-02 18:34:05,431] {logging_mixin.py:115} INFO - [2022-09-02 18:34:05,430] {dag.py:2972} INFO - Setting next_dagrun for example_branch_labels to 2022-09-01T00:00:00+00:00, run_after=2022-09-02T00:00:00+00:00
[2022-09-02 18:34:05,475] {processor.py:161} INFO - Processing /home/airflow/.local/lib/python3.7/site-packages/airflow/example_dags/example_branch_labels.py took 0.261 seconds
[2022-09-02 18:34:36,741] {processor.py:153} INFO - Started process (PID=985) to work on /home/airflow/.local/lib/python3.7/site-packages/airflow/example_dags/example_branch_labels.py
[2022-09-02 18:34:36,778] {processor.py:641} INFO - Processing file /home/airflow/.local/lib/python3.7/site-packages/airflow/example_dags/example_branch_labels.py for tasks to queue
[2022-09-02 18:34:36,787] {logging_mixin.py:115} INFO - [2022-09-02 18:34:36,786] {dagbag.py:508} INFO - Filling up the DagBag from /home/airflow/.local/lib/python3.7/site-packages/airflow/example_dags/example_branch_labels.py
[2022-09-02 18:34:36,843] {processor.py:651} INFO - DAG(s) dict_keys(['example_branch_labels']) retrieved from /home/airflow/.local/lib/python3.7/site-packages/airflow/example_dags/example_branch_labels.py
[2022-09-02 18:34:37,547] {logging_mixin.py:115} INFO - [2022-09-02 18:34:37,545] {dag.py:2420} INFO - Sync 1 DAGs
[2022-09-02 18:34:38,732] {logging_mixin.py:115} INFO - [2022-09-02 18:34:38,731] {dag.py:2972} INFO - Setting next_dagrun for example_branch_labels to 2022-09-01T00:00:00+00:00, run_after=2022-09-02T00:00:00+00:00
[2022-09-02 18:34:39,018] {processor.py:161} INFO - Processing /home/airflow/.local/lib/python3.7/site-packages/airflow/example_dags/example_branch_labels.py took 2.339 seconds
[2022-09-02 18:35:29,805] {processor.py:153} INFO - Started process (PID=1046) to work on /home/airflow/.local/lib/python3.7/site-packages/airflow/example_dags/example_branch_labels.py
[2022-09-02 18:35:29,818] {processor.py:641} INFO - Processing file /home/airflow/.local/lib/python3.7/site-packages/airflow/example_dags/example_branch_labels.py for tasks to queue
[2022-09-02 18:35:29,823] {logging_mixin.py:115} INFO - [2022-09-02 18:35:29,823] {dagbag.py:508} INFO - Filling up the DagBag from /home/airflow/.local/lib/python3.7/site-packages/airflow/example_dags/example_branch_labels.py
[2022-09-02 18:35:29,868] {processor.py:651} INFO - DAG(s) dict_keys(['example_branch_labels']) retrieved from /home/airflow/.local/lib/python3.7/site-packages/airflow/example_dags/example_branch_labels.py
[2022-09-02 18:35:30,079] {logging_mixin.py:115} INFO - [2022-09-02 18:35:30,079] {dag.py:2420} INFO - Sync 1 DAGs
[2022-09-02 18:35:30,296] {logging_mixin.py:115} INFO - [2022-09-02 18:35:30,296] {dag.py:2972} INFO - Setting next_dagrun for example_branch_labels to 2022-09-01T00:00:00+00:00, run_after=2022-09-02T00:00:00+00:00
[2022-09-02 18:35:30,368] {processor.py:161} INFO - Processing /home/airflow/.local/lib/python3.7/site-packages/airflow/example_dags/example_branch_labels.py took 0.587 seconds
[2022-09-02 18:36:02,649] {processor.py:153} INFO - Started process (PID=1099) to work on /home/airflow/.local/lib/python3.7/site-packages/airflow/example_dags/example_branch_labels.py
[2022-09-02 18:36:02,653] {processor.py:641} INFO - Processing file /home/airflow/.local/lib/python3.7/site-packages/airflow/example_dags/example_branch_labels.py for tasks to queue
[2022-09-02 18:36:02,674] {logging_mixin.py:115} INFO - [2022-09-02 18:36:02,674] {dagbag.py:508} INFO - Filling up the DagBag from /home/airflow/.local/lib/python3.7/site-packages/airflow/example_dags/example_branch_labels.py
[2022-09-02 18:36:02,735] {processor.py:651} INFO - DAG(s) dict_keys(['example_branch_labels']) retrieved from /home/airflow/.local/lib/python3.7/site-packages/airflow/example_dags/example_branch_labels.py
[2022-09-02 18:36:02,844] {logging_mixin.py:115} INFO - [2022-09-02 18:36:02,843] {dag.py:2420} INFO - Sync 1 DAGs
[2022-09-02 18:36:03,072] {logging_mixin.py:115} INFO - [2022-09-02 18:36:03,072] {dag.py:2972} INFO - Setting next_dagrun for example_branch_labels to 2022-09-01T00:00:00+00:00, run_after=2022-09-02T00:00:00+00:00
[2022-09-02 18:36:03,160] {processor.py:161} INFO - Processing /home/airflow/.local/lib/python3.7/site-packages/airflow/example_dags/example_branch_labels.py took 0.524 seconds
[2022-09-02 18:36:33,915] {processor.py:153} INFO - Started process (PID=1146) to work on /home/airflow/.local/lib/python3.7/site-packages/airflow/example_dags/example_branch_labels.py
[2022-09-02 18:36:33,922] {processor.py:641} INFO - Processing file /home/airflow/.local/lib/python3.7/site-packages/airflow/example_dags/example_branch_labels.py for tasks to queue
[2022-09-02 18:36:33,928] {logging_mixin.py:115} INFO - [2022-09-02 18:36:33,928] {dagbag.py:508} INFO - Filling up the DagBag from /home/airflow/.local/lib/python3.7/site-packages/airflow/example_dags/example_branch_labels.py
[2022-09-02 18:36:33,956] {processor.py:651} INFO - DAG(s) dict_keys(['example_branch_labels']) retrieved from /home/airflow/.local/lib/python3.7/site-packages/airflow/example_dags/example_branch_labels.py
[2022-09-02 18:36:34,129] {logging_mixin.py:115} INFO - [2022-09-02 18:36:34,129] {dag.py:2420} INFO - Sync 1 DAGs
[2022-09-02 18:36:34,350] {logging_mixin.py:115} INFO - [2022-09-02 18:36:34,350] {dag.py:2972} INFO - Setting next_dagrun for example_branch_labels to 2022-09-01T00:00:00+00:00, run_after=2022-09-02T00:00:00+00:00
[2022-09-02 18:36:34,408] {processor.py:161} INFO - Processing /home/airflow/.local/lib/python3.7/site-packages/airflow/example_dags/example_branch_labels.py took 0.506 seconds
[2022-09-02 18:37:12,120] {processor.py:153} INFO - Started process (PID=1200) to work on /home/airflow/.local/lib/python3.7/site-packages/airflow/example_dags/example_branch_labels.py
[2022-09-02 18:37:12,139] {processor.py:641} INFO - Processing file /home/airflow/.local/lib/python3.7/site-packages/airflow/example_dags/example_branch_labels.py for tasks to queue
[2022-09-02 18:37:12,144] {logging_mixin.py:115} INFO - [2022-09-02 18:37:12,143] {dagbag.py:508} INFO - Filling up the DagBag from /home/airflow/.local/lib/python3.7/site-packages/airflow/example_dags/example_branch_labels.py
[2022-09-02 18:37:12,195] {processor.py:651} INFO - DAG(s) dict_keys(['example_branch_labels']) retrieved from /home/airflow/.local/lib/python3.7/site-packages/airflow/example_dags/example_branch_labels.py
[2022-09-02 18:37:12,416] {logging_mixin.py:115} INFO - [2022-09-02 18:37:12,416] {dag.py:2420} INFO - Sync 1 DAGs
[2022-09-02 18:37:12,695] {logging_mixin.py:115} INFO - [2022-09-02 18:37:12,693] {dag.py:2972} INFO - Setting next_dagrun for example_branch_labels to 2022-09-01T00:00:00+00:00, run_after=2022-09-02T00:00:00+00:00
[2022-09-02 18:37:12,823] {processor.py:161} INFO - Processing /home/airflow/.local/lib/python3.7/site-packages/airflow/example_dags/example_branch_labels.py took 0.750 seconds
[2022-09-02 18:37:43,043] {processor.py:153} INFO - Started process (PID=1255) to work on /home/airflow/.local/lib/python3.7/site-packages/airflow/example_dags/example_branch_labels.py
[2022-09-02 18:37:43,050] {processor.py:641} INFO - Processing file /home/airflow/.local/lib/python3.7/site-packages/airflow/example_dags/example_branch_labels.py for tasks to queue
[2022-09-02 18:37:43,057] {logging_mixin.py:115} INFO - [2022-09-02 18:37:43,056] {dagbag.py:508} INFO - Filling up the DagBag from /home/airflow/.local/lib/python3.7/site-packages/airflow/example_dags/example_branch_labels.py
[2022-09-02 18:37:43,123] {processor.py:651} INFO - DAG(s) dict_keys(['example_branch_labels']) retrieved from /home/airflow/.local/lib/python3.7/site-packages/airflow/example_dags/example_branch_labels.py
[2022-09-02 18:37:43,196] {logging_mixin.py:115} INFO - [2022-09-02 18:37:43,195] {dag.py:2420} INFO - Sync 1 DAGs
[2022-09-02 18:37:43,247] {logging_mixin.py:115} INFO - [2022-09-02 18:37:43,247] {dag.py:2972} INFO - Setting next_dagrun for example_branch_labels to 2022-09-01T00:00:00+00:00, run_after=2022-09-02T00:00:00+00:00
[2022-09-02 18:37:43,281] {processor.py:161} INFO - Processing /home/airflow/.local/lib/python3.7/site-packages/airflow/example_dags/example_branch_labels.py took 0.255 seconds
[2022-09-02 18:38:13,766] {processor.py:153} INFO - Started process (PID=1310) to work on /home/airflow/.local/lib/python3.7/site-packages/airflow/example_dags/example_branch_labels.py
[2022-09-02 18:38:13,769] {processor.py:641} INFO - Processing file /home/airflow/.local/lib/python3.7/site-packages/airflow/example_dags/example_branch_labels.py for tasks to queue
[2022-09-02 18:38:13,774] {logging_mixin.py:115} INFO - [2022-09-02 18:38:13,773] {dagbag.py:508} INFO - Filling up the DagBag from /home/airflow/.local/lib/python3.7/site-packages/airflow/example_dags/example_branch_labels.py
[2022-09-02 18:38:13,793] {processor.py:651} INFO - DAG(s) dict_keys(['example_branch_labels']) retrieved from /home/airflow/.local/lib/python3.7/site-packages/airflow/example_dags/example_branch_labels.py
[2022-09-02 18:38:13,886] {logging_mixin.py:115} INFO - [2022-09-02 18:38:13,885] {dag.py:2420} INFO - Sync 1 DAGs
[2022-09-02 18:38:13,951] {logging_mixin.py:115} INFO - [2022-09-02 18:38:13,951] {dag.py:2972} INFO - Setting next_dagrun for example_branch_labels to 2022-09-01T00:00:00+00:00, run_after=2022-09-02T00:00:00+00:00
[2022-09-02 18:38:13,997] {processor.py:161} INFO - Processing /home/airflow/.local/lib/python3.7/site-packages/airflow/example_dags/example_branch_labels.py took 0.237 seconds
[2022-09-02 18:38:44,212] {processor.py:153} INFO - Started process (PID=1375) to work on /home/airflow/.local/lib/python3.7/site-packages/airflow/example_dags/example_branch_labels.py
[2022-09-02 18:38:44,215] {processor.py:641} INFO - Processing file /home/airflow/.local/lib/python3.7/site-packages/airflow/example_dags/example_branch_labels.py for tasks to queue
[2022-09-02 18:38:44,219] {logging_mixin.py:115} INFO - [2022-09-02 18:38:44,219] {dagbag.py:508} INFO - Filling up the DagBag from /home/airflow/.local/lib/python3.7/site-packages/airflow/example_dags/example_branch_labels.py
[2022-09-02 18:38:44,241] {processor.py:651} INFO - DAG(s) dict_keys(['example_branch_labels']) retrieved from /home/airflow/.local/lib/python3.7/site-packages/airflow/example_dags/example_branch_labels.py
[2022-09-02 18:38:44,305] {logging_mixin.py:115} INFO - [2022-09-02 18:38:44,305] {dag.py:2420} INFO - Sync 1 DAGs
[2022-09-02 18:38:44,355] {logging_mixin.py:115} INFO - [2022-09-02 18:38:44,354] {dag.py:2972} INFO - Setting next_dagrun for example_branch_labels to 2022-09-01T00:00:00+00:00, run_after=2022-09-02T00:00:00+00:00
[2022-09-02 18:38:44,383] {processor.py:161} INFO - Processing /home/airflow/.local/lib/python3.7/site-packages/airflow/example_dags/example_branch_labels.py took 0.177 seconds
[2022-09-02 18:39:17,500] {processor.py:153} INFO - Started process (PID=1428) to work on /home/airflow/.local/lib/python3.7/site-packages/airflow/example_dags/example_branch_labels.py
[2022-09-02 18:39:17,540] {processor.py:641} INFO - Processing file /home/airflow/.local/lib/python3.7/site-packages/airflow/example_dags/example_branch_labels.py for tasks to queue
[2022-09-02 18:39:17,552] {logging_mixin.py:115} INFO - [2022-09-02 18:39:17,552] {dagbag.py:508} INFO - Filling up the DagBag from /home/airflow/.local/lib/python3.7/site-packages/airflow/example_dags/example_branch_labels.py
[2022-09-02 18:39:17,634] {processor.py:651} INFO - DAG(s) dict_keys(['example_branch_labels']) retrieved from /home/airflow/.local/lib/python3.7/site-packages/airflow/example_dags/example_branch_labels.py
[2022-09-02 18:39:17,836] {logging_mixin.py:115} INFO - [2022-09-02 18:39:17,836] {dag.py:2420} INFO - Sync 1 DAGs
[2022-09-02 18:39:17,960] {logging_mixin.py:115} INFO - [2022-09-02 18:39:17,959] {dag.py:2972} INFO - Setting next_dagrun for example_branch_labels to 2022-09-01T00:00:00+00:00, run_after=2022-09-02T00:00:00+00:00
[2022-09-02 18:39:18,031] {processor.py:161} INFO - Processing /home/airflow/.local/lib/python3.7/site-packages/airflow/example_dags/example_branch_labels.py took 0.571 seconds
