[2022-09-02 18:26:50,258] {processor.py:153} INFO - Started process (PID=175) to work on /home/airflow/.local/lib/python3.7/site-packages/airflow/example_dags/example_branch_python_dop_operator_3.py
[2022-09-02 18:26:50,263] {processor.py:641} INFO - Processing file /home/airflow/.local/lib/python3.7/site-packages/airflow/example_dags/example_branch_python_dop_operator_3.py for tasks to queue
[2022-09-02 18:26:50,337] {logging_mixin.py:115} INFO - [2022-09-02 18:26:50,336] {dagbag.py:508} INFO - Filling up the DagBag from /home/airflow/.local/lib/python3.7/site-packages/airflow/example_dags/example_branch_python_dop_operator_3.py
[2022-09-02 18:26:50,865] {processor.py:651} INFO - DAG(s) dict_keys(['example_branch_dop_operator_v3']) retrieved from /home/airflow/.local/lib/python3.7/site-packages/airflow/example_dags/example_branch_python_dop_operator_3.py
[2022-09-02 18:26:51,585] {logging_mixin.py:115} INFO - [2022-09-02 18:26:51,585] {manager.py:508} INFO - Created Permission View: can delete on DAG:example_branch_dop_operator_v3
[2022-09-02 18:26:51,751] {logging_mixin.py:115} INFO - [2022-09-02 18:26:51,751] {manager.py:508} INFO - Created Permission View: can edit on DAG:example_branch_dop_operator_v3
[2022-09-02 18:26:51,843] {logging_mixin.py:115} INFO - [2022-09-02 18:26:51,843] {manager.py:508} INFO - Created Permission View: can read on DAG:example_branch_dop_operator_v3
[2022-09-02 18:26:51,848] {logging_mixin.py:115} INFO - [2022-09-02 18:26:51,848] {dag.py:2420} INFO - Sync 1 DAGs
[2022-09-02 18:26:51,900] {logging_mixin.py:115} INFO - [2022-09-02 18:26:51,899] {dag.py:2439} INFO - Creating ORM DAG for example_branch_dop_operator_v3
[2022-09-02 18:26:51,998] {logging_mixin.py:115} INFO - [2022-09-02 18:26:51,997] {dag.py:2972} INFO - Setting next_dagrun for example_branch_dop_operator_v3 to 2022-09-02T18:25:00+00:00, run_after=2022-09-02T18:26:00+00:00
[2022-09-02 18:26:52,046] {processor.py:161} INFO - Processing /home/airflow/.local/lib/python3.7/site-packages/airflow/example_dags/example_branch_python_dop_operator_3.py took 1.810 seconds
[2022-09-02 18:27:22,458] {processor.py:153} INFO - Started process (PID=232) to work on /home/airflow/.local/lib/python3.7/site-packages/airflow/example_dags/example_branch_python_dop_operator_3.py
[2022-09-02 18:27:22,463] {processor.py:641} INFO - Processing file /home/airflow/.local/lib/python3.7/site-packages/airflow/example_dags/example_branch_python_dop_operator_3.py for tasks to queue
[2022-09-02 18:27:22,466] {logging_mixin.py:115} INFO - [2022-09-02 18:27:22,466] {dagbag.py:508} INFO - Filling up the DagBag from /home/airflow/.local/lib/python3.7/site-packages/airflow/example_dags/example_branch_python_dop_operator_3.py
[2022-09-02 18:27:22,496] {processor.py:651} INFO - DAG(s) dict_keys(['example_branch_dop_operator_v3']) retrieved from /home/airflow/.local/lib/python3.7/site-packages/airflow/example_dags/example_branch_python_dop_operator_3.py
[2022-09-02 18:27:22,869] {logging_mixin.py:115} INFO - [2022-09-02 18:27:22,868] {dag.py:2420} INFO - Sync 1 DAGs
[2022-09-02 18:27:22,932] {logging_mixin.py:115} INFO - [2022-09-02 18:27:22,932] {dag.py:2972} INFO - Setting next_dagrun for example_branch_dop_operator_v3 to 2022-09-02T18:26:00+00:00, run_after=2022-09-02T18:27:00+00:00
[2022-09-02 18:27:22,968] {processor.py:161} INFO - Processing /home/airflow/.local/lib/python3.7/site-packages/airflow/example_dags/example_branch_python_dop_operator_3.py took 0.532 seconds
[2022-09-02 18:27:54,100] {processor.py:153} INFO - Started process (PID=285) to work on /home/airflow/.local/lib/python3.7/site-packages/airflow/example_dags/example_branch_python_dop_operator_3.py
[2022-09-02 18:27:54,102] {processor.py:641} INFO - Processing file /home/airflow/.local/lib/python3.7/site-packages/airflow/example_dags/example_branch_python_dop_operator_3.py for tasks to queue
[2022-09-02 18:27:54,105] {logging_mixin.py:115} INFO - [2022-09-02 18:27:54,105] {dagbag.py:508} INFO - Filling up the DagBag from /home/airflow/.local/lib/python3.7/site-packages/airflow/example_dags/example_branch_python_dop_operator_3.py
[2022-09-02 18:27:54,325] {processor.py:651} INFO - DAG(s) dict_keys(['example_branch_dop_operator_v3']) retrieved from /home/airflow/.local/lib/python3.7/site-packages/airflow/example_dags/example_branch_python_dop_operator_3.py
[2022-09-02 18:27:54,374] {logging_mixin.py:115} INFO - [2022-09-02 18:27:54,374] {dag.py:2420} INFO - Sync 1 DAGs
[2022-09-02 18:27:54,444] {logging_mixin.py:115} INFO - [2022-09-02 18:27:54,444] {dag.py:2972} INFO - Setting next_dagrun for example_branch_dop_operator_v3 to 2022-09-02T18:26:00+00:00, run_after=2022-09-02T18:27:00+00:00
[2022-09-02 18:27:54,486] {processor.py:161} INFO - Processing /home/airflow/.local/lib/python3.7/site-packages/airflow/example_dags/example_branch_python_dop_operator_3.py took 0.394 seconds
[2022-09-02 18:28:24,803] {processor.py:153} INFO - Started process (PID=340) to work on /home/airflow/.local/lib/python3.7/site-packages/airflow/example_dags/example_branch_python_dop_operator_3.py
[2022-09-02 18:28:24,805] {processor.py:641} INFO - Processing file /home/airflow/.local/lib/python3.7/site-packages/airflow/example_dags/example_branch_python_dop_operator_3.py for tasks to queue
[2022-09-02 18:28:24,807] {logging_mixin.py:115} INFO - [2022-09-02 18:28:24,807] {dagbag.py:508} INFO - Filling up the DagBag from /home/airflow/.local/lib/python3.7/site-packages/airflow/example_dags/example_branch_python_dop_operator_3.py
[2022-09-02 18:28:25,053] {processor.py:651} INFO - DAG(s) dict_keys(['example_branch_dop_operator_v3']) retrieved from /home/airflow/.local/lib/python3.7/site-packages/airflow/example_dags/example_branch_python_dop_operator_3.py
[2022-09-02 18:28:25,095] {logging_mixin.py:115} INFO - [2022-09-02 18:28:25,095] {dag.py:2420} INFO - Sync 1 DAGs
[2022-09-02 18:28:25,134] {logging_mixin.py:115} INFO - [2022-09-02 18:28:25,134] {dag.py:2972} INFO - Setting next_dagrun for example_branch_dop_operator_v3 to 2022-09-02T18:27:00+00:00, run_after=2022-09-02T18:28:00+00:00
[2022-09-02 18:28:25,177] {processor.py:161} INFO - Processing /home/airflow/.local/lib/python3.7/site-packages/airflow/example_dags/example_branch_python_dop_operator_3.py took 0.381 seconds
[2022-09-02 18:28:55,821] {processor.py:153} INFO - Started process (PID=394) to work on /home/airflow/.local/lib/python3.7/site-packages/airflow/example_dags/example_branch_python_dop_operator_3.py
[2022-09-02 18:28:55,824] {processor.py:641} INFO - Processing file /home/airflow/.local/lib/python3.7/site-packages/airflow/example_dags/example_branch_python_dop_operator_3.py for tasks to queue
[2022-09-02 18:28:55,827] {logging_mixin.py:115} INFO - [2022-09-02 18:28:55,827] {dagbag.py:508} INFO - Filling up the DagBag from /home/airflow/.local/lib/python3.7/site-packages/airflow/example_dags/example_branch_python_dop_operator_3.py
[2022-09-02 18:28:56,140] {processor.py:651} INFO - DAG(s) dict_keys(['example_branch_dop_operator_v3']) retrieved from /home/airflow/.local/lib/python3.7/site-packages/airflow/example_dags/example_branch_python_dop_operator_3.py
[2022-09-02 18:28:56,193] {logging_mixin.py:115} INFO - [2022-09-02 18:28:56,193] {dag.py:2420} INFO - Sync 1 DAGs
[2022-09-02 18:28:56,279] {logging_mixin.py:115} INFO - [2022-09-02 18:28:56,279] {dag.py:2972} INFO - Setting next_dagrun for example_branch_dop_operator_v3 to 2022-09-02T18:27:00+00:00, run_after=2022-09-02T18:28:00+00:00
[2022-09-02 18:28:56,310] {processor.py:161} INFO - Processing /home/airflow/.local/lib/python3.7/site-packages/airflow/example_dags/example_branch_python_dop_operator_3.py took 0.494 seconds
[2022-09-02 18:29:29,860] {processor.py:153} INFO - Started process (PID=449) to work on /home/airflow/.local/lib/python3.7/site-packages/airflow/example_dags/example_branch_python_dop_operator_3.py
[2022-09-02 18:29:29,863] {processor.py:641} INFO - Processing file /home/airflow/.local/lib/python3.7/site-packages/airflow/example_dags/example_branch_python_dop_operator_3.py for tasks to queue
[2022-09-02 18:29:29,866] {logging_mixin.py:115} INFO - [2022-09-02 18:29:29,866] {dagbag.py:508} INFO - Filling up the DagBag from /home/airflow/.local/lib/python3.7/site-packages/airflow/example_dags/example_branch_python_dop_operator_3.py
[2022-09-02 18:29:30,154] {processor.py:651} INFO - DAG(s) dict_keys(['example_branch_dop_operator_v3']) retrieved from /home/airflow/.local/lib/python3.7/site-packages/airflow/example_dags/example_branch_python_dop_operator_3.py
[2022-09-02 18:29:30,261] {logging_mixin.py:115} INFO - [2022-09-02 18:29:30,260] {dag.py:2420} INFO - Sync 1 DAGs
[2022-09-02 18:29:30,352] {logging_mixin.py:115} INFO - [2022-09-02 18:29:30,352] {dag.py:2972} INFO - Setting next_dagrun for example_branch_dop_operator_v3 to 2022-09-02T18:28:00+00:00, run_after=2022-09-02T18:29:00+00:00
[2022-09-02 18:29:30,457] {processor.py:161} INFO - Processing /home/airflow/.local/lib/python3.7/site-packages/airflow/example_dags/example_branch_python_dop_operator_3.py took 0.608 seconds
[2022-09-02 18:30:01,042] {processor.py:153} INFO - Started process (PID=504) to work on /home/airflow/.local/lib/python3.7/site-packages/airflow/example_dags/example_branch_python_dop_operator_3.py
[2022-09-02 18:30:01,044] {processor.py:641} INFO - Processing file /home/airflow/.local/lib/python3.7/site-packages/airflow/example_dags/example_branch_python_dop_operator_3.py for tasks to queue
[2022-09-02 18:30:01,048] {logging_mixin.py:115} INFO - [2022-09-02 18:30:01,048] {dagbag.py:508} INFO - Filling up the DagBag from /home/airflow/.local/lib/python3.7/site-packages/airflow/example_dags/example_branch_python_dop_operator_3.py
[2022-09-02 18:30:01,258] {processor.py:651} INFO - DAG(s) dict_keys(['example_branch_dop_operator_v3']) retrieved from /home/airflow/.local/lib/python3.7/site-packages/airflow/example_dags/example_branch_python_dop_operator_3.py
[2022-09-02 18:30:01,322] {logging_mixin.py:115} INFO - [2022-09-02 18:30:01,322] {dag.py:2420} INFO - Sync 1 DAGs
[2022-09-02 18:30:01,381] {logging_mixin.py:115} INFO - [2022-09-02 18:30:01,380] {dag.py:2972} INFO - Setting next_dagrun for example_branch_dop_operator_v3 to 2022-09-02T18:29:00+00:00, run_after=2022-09-02T18:30:00+00:00
[2022-09-02 18:30:01,401] {processor.py:161} INFO - Processing /home/airflow/.local/lib/python3.7/site-packages/airflow/example_dags/example_branch_python_dop_operator_3.py took 0.366 seconds
[2022-09-02 18:30:32,501] {processor.py:153} INFO - Started process (PID=558) to work on /home/airflow/.local/lib/python3.7/site-packages/airflow/example_dags/example_branch_python_dop_operator_3.py
[2022-09-02 18:30:32,529] {processor.py:641} INFO - Processing file /home/airflow/.local/lib/python3.7/site-packages/airflow/example_dags/example_branch_python_dop_operator_3.py for tasks to queue
[2022-09-02 18:30:32,547] {logging_mixin.py:115} INFO - [2022-09-02 18:30:32,547] {dagbag.py:508} INFO - Filling up the DagBag from /home/airflow/.local/lib/python3.7/site-packages/airflow/example_dags/example_branch_python_dop_operator_3.py
[2022-09-02 18:30:32,882] {processor.py:651} INFO - DAG(s) dict_keys(['example_branch_dop_operator_v3']) retrieved from /home/airflow/.local/lib/python3.7/site-packages/airflow/example_dags/example_branch_python_dop_operator_3.py
[2022-09-02 18:30:32,999] {logging_mixin.py:115} INFO - [2022-09-02 18:30:32,999] {dag.py:2420} INFO - Sync 1 DAGs
[2022-09-02 18:30:33,096] {logging_mixin.py:115} INFO - [2022-09-02 18:30:33,096] {dag.py:2972} INFO - Setting next_dagrun for example_branch_dop_operator_v3 to 2022-09-02T18:29:00+00:00, run_after=2022-09-02T18:30:00+00:00
[2022-09-02 18:30:33,134] {processor.py:161} INFO - Processing /home/airflow/.local/lib/python3.7/site-packages/airflow/example_dags/example_branch_python_dop_operator_3.py took 0.658 seconds
[2022-09-02 18:31:03,727] {processor.py:153} INFO - Started process (PID=615) to work on /home/airflow/.local/lib/python3.7/site-packages/airflow/example_dags/example_branch_python_dop_operator_3.py
[2022-09-02 18:31:03,729] {processor.py:641} INFO - Processing file /home/airflow/.local/lib/python3.7/site-packages/airflow/example_dags/example_branch_python_dop_operator_3.py for tasks to queue
[2022-09-02 18:31:03,732] {logging_mixin.py:115} INFO - [2022-09-02 18:31:03,732] {dagbag.py:508} INFO - Filling up the DagBag from /home/airflow/.local/lib/python3.7/site-packages/airflow/example_dags/example_branch_python_dop_operator_3.py
[2022-09-02 18:31:04,078] {processor.py:651} INFO - DAG(s) dict_keys(['example_branch_dop_operator_v3']) retrieved from /home/airflow/.local/lib/python3.7/site-packages/airflow/example_dags/example_branch_python_dop_operator_3.py
[2022-09-02 18:31:04,141] {logging_mixin.py:115} INFO - [2022-09-02 18:31:04,141] {dag.py:2420} INFO - Sync 1 DAGs
[2022-09-02 18:31:04,216] {logging_mixin.py:115} INFO - [2022-09-02 18:31:04,216] {dag.py:2972} INFO - Setting next_dagrun for example_branch_dop_operator_v3 to 2022-09-02T18:30:00+00:00, run_after=2022-09-02T18:31:00+00:00
[2022-09-02 18:31:04,257] {processor.py:161} INFO - Processing /home/airflow/.local/lib/python3.7/site-packages/airflow/example_dags/example_branch_python_dop_operator_3.py took 0.541 seconds
[2022-09-02 18:31:34,683] {processor.py:153} INFO - Started process (PID=672) to work on /home/airflow/.local/lib/python3.7/site-packages/airflow/example_dags/example_branch_python_dop_operator_3.py
[2022-09-02 18:31:34,686] {processor.py:641} INFO - Processing file /home/airflow/.local/lib/python3.7/site-packages/airflow/example_dags/example_branch_python_dop_operator_3.py for tasks to queue
[2022-09-02 18:31:34,690] {logging_mixin.py:115} INFO - [2022-09-02 18:31:34,690] {dagbag.py:508} INFO - Filling up the DagBag from /home/airflow/.local/lib/python3.7/site-packages/airflow/example_dags/example_branch_python_dop_operator_3.py
[2022-09-02 18:31:34,785] {processor.py:651} INFO - DAG(s) dict_keys(['example_branch_dop_operator_v3']) retrieved from /home/airflow/.local/lib/python3.7/site-packages/airflow/example_dags/example_branch_python_dop_operator_3.py
[2022-09-02 18:31:34,864] {logging_mixin.py:115} INFO - [2022-09-02 18:31:34,864] {dag.py:2420} INFO - Sync 1 DAGs
[2022-09-02 18:31:34,983] {logging_mixin.py:115} INFO - [2022-09-02 18:31:34,983] {dag.py:2972} INFO - Setting next_dagrun for example_branch_dop_operator_v3 to 2022-09-02T18:30:00+00:00, run_after=2022-09-02T18:31:00+00:00
[2022-09-02 18:31:35,030] {processor.py:161} INFO - Processing /home/airflow/.local/lib/python3.7/site-packages/airflow/example_dags/example_branch_python_dop_operator_3.py took 0.355 seconds
[2022-09-02 18:32:12,303] {processor.py:153} INFO - Started process (PID=732) to work on /home/airflow/.local/lib/python3.7/site-packages/airflow/example_dags/example_branch_python_dop_operator_3.py
[2022-09-02 18:32:12,310] {processor.py:641} INFO - Processing file /home/airflow/.local/lib/python3.7/site-packages/airflow/example_dags/example_branch_python_dop_operator_3.py for tasks to queue
[2022-09-02 18:32:12,315] {logging_mixin.py:115} INFO - [2022-09-02 18:32:12,314] {dagbag.py:508} INFO - Filling up the DagBag from /home/airflow/.local/lib/python3.7/site-packages/airflow/example_dags/example_branch_python_dop_operator_3.py
[2022-09-02 18:32:12,520] {processor.py:651} INFO - DAG(s) dict_keys(['example_branch_dop_operator_v3']) retrieved from /home/airflow/.local/lib/python3.7/site-packages/airflow/example_dags/example_branch_python_dop_operator_3.py
[2022-09-02 18:32:12,903] {logging_mixin.py:115} INFO - [2022-09-02 18:32:12,902] {dag.py:2420} INFO - Sync 1 DAGs
[2022-09-02 18:32:13,107] {logging_mixin.py:115} INFO - [2022-09-02 18:32:13,107] {dag.py:2972} INFO - Setting next_dagrun for example_branch_dop_operator_v3 to 2022-09-02T18:31:00+00:00, run_after=2022-09-02T18:32:00+00:00
[2022-09-02 18:32:13,194] {processor.py:161} INFO - Processing /home/airflow/.local/lib/python3.7/site-packages/airflow/example_dags/example_branch_python_dop_operator_3.py took 0.932 seconds
[2022-09-02 18:32:43,363] {processor.py:153} INFO - Started process (PID=794) to work on /home/airflow/.local/lib/python3.7/site-packages/airflow/example_dags/example_branch_python_dop_operator_3.py
[2022-09-02 18:32:43,365] {processor.py:641} INFO - Processing file /home/airflow/.local/lib/python3.7/site-packages/airflow/example_dags/example_branch_python_dop_operator_3.py for tasks to queue
[2022-09-02 18:32:43,369] {logging_mixin.py:115} INFO - [2022-09-02 18:32:43,369] {dagbag.py:508} INFO - Filling up the DagBag from /home/airflow/.local/lib/python3.7/site-packages/airflow/example_dags/example_branch_python_dop_operator_3.py
[2022-09-02 18:32:43,402] {processor.py:651} INFO - DAG(s) dict_keys(['example_branch_dop_operator_v3']) retrieved from /home/airflow/.local/lib/python3.7/site-packages/airflow/example_dags/example_branch_python_dop_operator_3.py
[2022-09-02 18:32:43,456] {logging_mixin.py:115} INFO - [2022-09-02 18:32:43,455] {dag.py:2420} INFO - Sync 1 DAGs
[2022-09-02 18:32:43,505] {logging_mixin.py:115} INFO - [2022-09-02 18:32:43,505] {dag.py:2972} INFO - Setting next_dagrun for example_branch_dop_operator_v3 to 2022-09-02T18:31:00+00:00, run_after=2022-09-02T18:32:00+00:00
[2022-09-02 18:32:43,536] {processor.py:161} INFO - Processing /home/airflow/.local/lib/python3.7/site-packages/airflow/example_dags/example_branch_python_dop_operator_3.py took 0.185 seconds
[2022-09-02 18:33:15,033] {processor.py:153} INFO - Started process (PID=845) to work on /home/airflow/.local/lib/python3.7/site-packages/airflow/example_dags/example_branch_python_dop_operator_3.py
[2022-09-02 18:33:15,036] {processor.py:641} INFO - Processing file /home/airflow/.local/lib/python3.7/site-packages/airflow/example_dags/example_branch_python_dop_operator_3.py for tasks to queue
[2022-09-02 18:33:15,039] {logging_mixin.py:115} INFO - [2022-09-02 18:33:15,039] {dagbag.py:508} INFO - Filling up the DagBag from /home/airflow/.local/lib/python3.7/site-packages/airflow/example_dags/example_branch_python_dop_operator_3.py
[2022-09-02 18:33:15,099] {processor.py:651} INFO - DAG(s) dict_keys(['example_branch_dop_operator_v3']) retrieved from /home/airflow/.local/lib/python3.7/site-packages/airflow/example_dags/example_branch_python_dop_operator_3.py
[2022-09-02 18:33:15,268] {logging_mixin.py:115} INFO - [2022-09-02 18:33:15,268] {dag.py:2420} INFO - Sync 1 DAGs
[2022-09-02 18:33:15,432] {logging_mixin.py:115} INFO - [2022-09-02 18:33:15,432] {dag.py:2972} INFO - Setting next_dagrun for example_branch_dop_operator_v3 to 2022-09-02T18:32:00+00:00, run_after=2022-09-02T18:33:00+00:00
[2022-09-02 18:33:15,485] {processor.py:161} INFO - Processing /home/airflow/.local/lib/python3.7/site-packages/airflow/example_dags/example_branch_python_dop_operator_3.py took 0.488 seconds
[2022-09-02 18:33:52,267] {processor.py:153} INFO - Started process (PID=905) to work on /home/airflow/.local/lib/python3.7/site-packages/airflow/example_dags/example_branch_python_dop_operator_3.py
[2022-09-02 18:33:52,272] {processor.py:641} INFO - Processing file /home/airflow/.local/lib/python3.7/site-packages/airflow/example_dags/example_branch_python_dop_operator_3.py for tasks to queue
[2022-09-02 18:33:52,277] {logging_mixin.py:115} INFO - [2022-09-02 18:33:52,277] {dagbag.py:508} INFO - Filling up the DagBag from /home/airflow/.local/lib/python3.7/site-packages/airflow/example_dags/example_branch_python_dop_operator_3.py
[2022-09-02 18:33:52,330] {processor.py:651} INFO - DAG(s) dict_keys(['example_branch_dop_operator_v3']) retrieved from /home/airflow/.local/lib/python3.7/site-packages/airflow/example_dags/example_branch_python_dop_operator_3.py
[2022-09-02 18:33:52,429] {logging_mixin.py:115} INFO - [2022-09-02 18:33:52,429] {dag.py:2420} INFO - Sync 1 DAGs
[2022-09-02 18:33:52,497] {logging_mixin.py:115} INFO - [2022-09-02 18:33:52,497] {dag.py:2972} INFO - Setting next_dagrun for example_branch_dop_operator_v3 to 2022-09-02T18:32:00+00:00, run_after=2022-09-02T18:33:00+00:00
[2022-09-02 18:33:52,531] {processor.py:161} INFO - Processing /home/airflow/.local/lib/python3.7/site-packages/airflow/example_dags/example_branch_python_dop_operator_3.py took 0.279 seconds
[2022-09-02 18:34:23,213] {processor.py:153} INFO - Started process (PID=960) to work on /home/airflow/.local/lib/python3.7/site-packages/airflow/example_dags/example_branch_python_dop_operator_3.py
[2022-09-02 18:34:23,217] {processor.py:641} INFO - Processing file /home/airflow/.local/lib/python3.7/site-packages/airflow/example_dags/example_branch_python_dop_operator_3.py for tasks to queue
[2022-09-02 18:34:23,227] {logging_mixin.py:115} INFO - [2022-09-02 18:34:23,225] {dagbag.py:508} INFO - Filling up the DagBag from /home/airflow/.local/lib/python3.7/site-packages/airflow/example_dags/example_branch_python_dop_operator_3.py
[2022-09-02 18:34:23,277] {processor.py:651} INFO - DAG(s) dict_keys(['example_branch_dop_operator_v3']) retrieved from /home/airflow/.local/lib/python3.7/site-packages/airflow/example_dags/example_branch_python_dop_operator_3.py
[2022-09-02 18:34:23,362] {logging_mixin.py:115} INFO - [2022-09-02 18:34:23,362] {dag.py:2420} INFO - Sync 1 DAGs
[2022-09-02 18:34:23,466] {logging_mixin.py:115} INFO - [2022-09-02 18:34:23,466] {dag.py:2972} INFO - Setting next_dagrun for example_branch_dop_operator_v3 to 2022-09-02T18:33:00+00:00, run_after=2022-09-02T18:34:00+00:00
[2022-09-02 18:34:23,515] {processor.py:161} INFO - Processing /home/airflow/.local/lib/python3.7/site-packages/airflow/example_dags/example_branch_python_dop_operator_3.py took 0.308 seconds
[2022-09-02 18:35:30,560] {processor.py:153} INFO - Started process (PID=1048) to work on /home/airflow/.local/lib/python3.7/site-packages/airflow/example_dags/example_branch_python_dop_operator_3.py
[2022-09-02 18:35:30,570] {processor.py:641} INFO - Processing file /home/airflow/.local/lib/python3.7/site-packages/airflow/example_dags/example_branch_python_dop_operator_3.py for tasks to queue
[2022-09-02 18:35:30,590] {logging_mixin.py:115} INFO - [2022-09-02 18:35:30,588] {dagbag.py:508} INFO - Filling up the DagBag from /home/airflow/.local/lib/python3.7/site-packages/airflow/example_dags/example_branch_python_dop_operator_3.py
[2022-09-02 18:35:30,689] {processor.py:651} INFO - DAG(s) dict_keys(['example_branch_dop_operator_v3']) retrieved from /home/airflow/.local/lib/python3.7/site-packages/airflow/example_dags/example_branch_python_dop_operator_3.py
[2022-09-02 18:35:30,923] {logging_mixin.py:115} INFO - [2022-09-02 18:35:30,923] {dag.py:2420} INFO - Sync 1 DAGs
[2022-09-02 18:35:31,061] {logging_mixin.py:115} INFO - [2022-09-02 18:35:31,061] {dag.py:2972} INFO - Setting next_dagrun for example_branch_dop_operator_v3 to 2022-09-02T18:34:00+00:00, run_after=2022-09-02T18:35:00+00:00
[2022-09-02 18:35:31,117] {processor.py:161} INFO - Processing /home/airflow/.local/lib/python3.7/site-packages/airflow/example_dags/example_branch_python_dop_operator_3.py took 0.576 seconds
[2022-09-02 18:36:03,677] {processor.py:153} INFO - Started process (PID=1103) to work on /home/airflow/.local/lib/python3.7/site-packages/airflow/example_dags/example_branch_python_dop_operator_3.py
[2022-09-02 18:36:03,681] {processor.py:641} INFO - Processing file /home/airflow/.local/lib/python3.7/site-packages/airflow/example_dags/example_branch_python_dop_operator_3.py for tasks to queue
[2022-09-02 18:36:03,686] {logging_mixin.py:115} INFO - [2022-09-02 18:36:03,686] {dagbag.py:508} INFO - Filling up the DagBag from /home/airflow/.local/lib/python3.7/site-packages/airflow/example_dags/example_branch_python_dop_operator_3.py
[2022-09-02 18:36:03,735] {processor.py:651} INFO - DAG(s) dict_keys(['example_branch_dop_operator_v3']) retrieved from /home/airflow/.local/lib/python3.7/site-packages/airflow/example_dags/example_branch_python_dop_operator_3.py
[2022-09-02 18:36:04,489] {logging_mixin.py:115} INFO - [2022-09-02 18:36:04,489] {dag.py:2420} INFO - Sync 1 DAGs
[2022-09-02 18:36:05,073] {logging_mixin.py:115} INFO - [2022-09-02 18:36:05,072] {dag.py:2972} INFO - Setting next_dagrun for example_branch_dop_operator_v3 to 2022-09-02T18:35:00+00:00, run_after=2022-09-02T18:36:00+00:00
[2022-09-02 18:36:05,194] {processor.py:161} INFO - Processing /home/airflow/.local/lib/python3.7/site-packages/airflow/example_dags/example_branch_python_dop_operator_3.py took 1.526 seconds
[2022-09-02 18:36:35,492] {processor.py:153} INFO - Started process (PID=1155) to work on /home/airflow/.local/lib/python3.7/site-packages/airflow/example_dags/example_branch_python_dop_operator_3.py
[2022-09-02 18:36:35,496] {processor.py:641} INFO - Processing file /home/airflow/.local/lib/python3.7/site-packages/airflow/example_dags/example_branch_python_dop_operator_3.py for tasks to queue
[2022-09-02 18:36:35,503] {logging_mixin.py:115} INFO - [2022-09-02 18:36:35,503] {dagbag.py:508} INFO - Filling up the DagBag from /home/airflow/.local/lib/python3.7/site-packages/airflow/example_dags/example_branch_python_dop_operator_3.py
[2022-09-02 18:36:35,553] {processor.py:651} INFO - DAG(s) dict_keys(['example_branch_dop_operator_v3']) retrieved from /home/airflow/.local/lib/python3.7/site-packages/airflow/example_dags/example_branch_python_dop_operator_3.py
[2022-09-02 18:36:35,664] {logging_mixin.py:115} INFO - [2022-09-02 18:36:35,664] {dag.py:2420} INFO - Sync 1 DAGs
[2022-09-02 18:36:35,729] {logging_mixin.py:115} INFO - [2022-09-02 18:36:35,729] {dag.py:2972} INFO - Setting next_dagrun for example_branch_dop_operator_v3 to 2022-09-02T18:35:00+00:00, run_after=2022-09-02T18:36:00+00:00
[2022-09-02 18:36:35,766] {processor.py:161} INFO - Processing /home/airflow/.local/lib/python3.7/site-packages/airflow/example_dags/example_branch_python_dop_operator_3.py took 0.311 seconds
[2022-09-02 18:37:12,916] {processor.py:153} INFO - Started process (PID=1202) to work on /home/airflow/.local/lib/python3.7/site-packages/airflow/example_dags/example_branch_python_dop_operator_3.py
[2022-09-02 18:37:12,923] {processor.py:641} INFO - Processing file /home/airflow/.local/lib/python3.7/site-packages/airflow/example_dags/example_branch_python_dop_operator_3.py for tasks to queue
[2022-09-02 18:37:12,927] {logging_mixin.py:115} INFO - [2022-09-02 18:37:12,927] {dagbag.py:508} INFO - Filling up the DagBag from /home/airflow/.local/lib/python3.7/site-packages/airflow/example_dags/example_branch_python_dop_operator_3.py
[2022-09-02 18:37:12,999] {processor.py:651} INFO - DAG(s) dict_keys(['example_branch_dop_operator_v3']) retrieved from /home/airflow/.local/lib/python3.7/site-packages/airflow/example_dags/example_branch_python_dop_operator_3.py
[2022-09-02 18:37:13,193] {logging_mixin.py:115} INFO - [2022-09-02 18:37:13,193] {dag.py:2420} INFO - Sync 1 DAGs
[2022-09-02 18:37:13,326] {logging_mixin.py:115} INFO - [2022-09-02 18:37:13,325] {dag.py:2972} INFO - Setting next_dagrun for example_branch_dop_operator_v3 to 2022-09-02T18:36:00+00:00, run_after=2022-09-02T18:37:00+00:00
[2022-09-02 18:37:13,454] {processor.py:161} INFO - Processing /home/airflow/.local/lib/python3.7/site-packages/airflow/example_dags/example_branch_python_dop_operator_3.py took 0.564 seconds
[2022-09-02 18:37:43,583] {processor.py:153} INFO - Started process (PID=1259) to work on /home/airflow/.local/lib/python3.7/site-packages/airflow/example_dags/example_branch_python_dop_operator_3.py
[2022-09-02 18:37:43,585] {processor.py:641} INFO - Processing file /home/airflow/.local/lib/python3.7/site-packages/airflow/example_dags/example_branch_python_dop_operator_3.py for tasks to queue
[2022-09-02 18:37:43,590] {logging_mixin.py:115} INFO - [2022-09-02 18:37:43,590] {dagbag.py:508} INFO - Filling up the DagBag from /home/airflow/.local/lib/python3.7/site-packages/airflow/example_dags/example_branch_python_dop_operator_3.py
[2022-09-02 18:37:43,618] {processor.py:651} INFO - DAG(s) dict_keys(['example_branch_dop_operator_v3']) retrieved from /home/airflow/.local/lib/python3.7/site-packages/airflow/example_dags/example_branch_python_dop_operator_3.py
[2022-09-02 18:37:43,690] {logging_mixin.py:115} INFO - [2022-09-02 18:37:43,690] {dag.py:2420} INFO - Sync 1 DAGs
[2022-09-02 18:37:43,748] {logging_mixin.py:115} INFO - [2022-09-02 18:37:43,747] {dag.py:2972} INFO - Setting next_dagrun for example_branch_dop_operator_v3 to 2022-09-02T18:36:00+00:00, run_after=2022-09-02T18:37:00+00:00
[2022-09-02 18:37:43,774] {processor.py:161} INFO - Processing /home/airflow/.local/lib/python3.7/site-packages/airflow/example_dags/example_branch_python_dop_operator_3.py took 0.200 seconds
[2022-09-02 18:38:14,345] {processor.py:153} INFO - Started process (PID=1314) to work on /home/airflow/.local/lib/python3.7/site-packages/airflow/example_dags/example_branch_python_dop_operator_3.py
[2022-09-02 18:38:14,348] {processor.py:641} INFO - Processing file /home/airflow/.local/lib/python3.7/site-packages/airflow/example_dags/example_branch_python_dop_operator_3.py for tasks to queue
[2022-09-02 18:38:14,354] {logging_mixin.py:115} INFO - [2022-09-02 18:38:14,353] {dagbag.py:508} INFO - Filling up the DagBag from /home/airflow/.local/lib/python3.7/site-packages/airflow/example_dags/example_branch_python_dop_operator_3.py
[2022-09-02 18:38:14,401] {processor.py:651} INFO - DAG(s) dict_keys(['example_branch_dop_operator_v3']) retrieved from /home/airflow/.local/lib/python3.7/site-packages/airflow/example_dags/example_branch_python_dop_operator_3.py
[2022-09-02 18:38:14,456] {logging_mixin.py:115} INFO - [2022-09-02 18:38:14,456] {dag.py:2420} INFO - Sync 1 DAGs
[2022-09-02 18:38:14,538] {logging_mixin.py:115} INFO - [2022-09-02 18:38:14,538] {dag.py:2972} INFO - Setting next_dagrun for example_branch_dop_operator_v3 to 2022-09-02T18:37:00+00:00, run_after=2022-09-02T18:38:00+00:00
[2022-09-02 18:38:14,574] {processor.py:161} INFO - Processing /home/airflow/.local/lib/python3.7/site-packages/airflow/example_dags/example_branch_python_dop_operator_3.py took 0.236 seconds
[2022-09-02 18:38:44,667] {processor.py:153} INFO - Started process (PID=1379) to work on /home/airflow/.local/lib/python3.7/site-packages/airflow/example_dags/example_branch_python_dop_operator_3.py
[2022-09-02 18:38:44,670] {processor.py:641} INFO - Processing file /home/airflow/.local/lib/python3.7/site-packages/airflow/example_dags/example_branch_python_dop_operator_3.py for tasks to queue
[2022-09-02 18:38:44,672] {logging_mixin.py:115} INFO - [2022-09-02 18:38:44,672] {dagbag.py:508} INFO - Filling up the DagBag from /home/airflow/.local/lib/python3.7/site-packages/airflow/example_dags/example_branch_python_dop_operator_3.py
[2022-09-02 18:38:44,691] {processor.py:651} INFO - DAG(s) dict_keys(['example_branch_dop_operator_v3']) retrieved from /home/airflow/.local/lib/python3.7/site-packages/airflow/example_dags/example_branch_python_dop_operator_3.py
[2022-09-02 18:38:44,746] {logging_mixin.py:115} INFO - [2022-09-02 18:38:44,745] {dag.py:2420} INFO - Sync 1 DAGs
[2022-09-02 18:38:44,788] {logging_mixin.py:115} INFO - [2022-09-02 18:38:44,787] {dag.py:2972} INFO - Setting next_dagrun for example_branch_dop_operator_v3 to 2022-09-02T18:37:00+00:00, run_after=2022-09-02T18:38:00+00:00
[2022-09-02 18:38:44,811] {processor.py:161} INFO - Processing /home/airflow/.local/lib/python3.7/site-packages/airflow/example_dags/example_branch_python_dop_operator_3.py took 0.150 seconds
[2022-09-02 18:39:18,398] {processor.py:153} INFO - Started process (PID=1430) to work on /home/airflow/.local/lib/python3.7/site-packages/airflow/example_dags/example_branch_python_dop_operator_3.py
[2022-09-02 18:39:18,407] {processor.py:641} INFO - Processing file /home/airflow/.local/lib/python3.7/site-packages/airflow/example_dags/example_branch_python_dop_operator_3.py for tasks to queue
[2022-09-02 18:39:18,415] {logging_mixin.py:115} INFO - [2022-09-02 18:39:18,414] {dagbag.py:508} INFO - Filling up the DagBag from /home/airflow/.local/lib/python3.7/site-packages/airflow/example_dags/example_branch_python_dop_operator_3.py
[2022-09-02 18:39:18,508] {processor.py:651} INFO - DAG(s) dict_keys(['example_branch_dop_operator_v3']) retrieved from /home/airflow/.local/lib/python3.7/site-packages/airflow/example_dags/example_branch_python_dop_operator_3.py
[2022-09-02 18:39:18,596] {logging_mixin.py:115} INFO - [2022-09-02 18:39:18,596] {dag.py:2420} INFO - Sync 1 DAGs
[2022-09-02 18:39:18,738] {logging_mixin.py:115} INFO - [2022-09-02 18:39:18,737] {dag.py:2972} INFO - Setting next_dagrun for example_branch_dop_operator_v3 to 2022-09-02T18:38:00+00:00, run_after=2022-09-02T18:39:00+00:00
[2022-09-02 18:39:18,851] {processor.py:161} INFO - Processing /home/airflow/.local/lib/python3.7/site-packages/airflow/example_dags/example_branch_python_dop_operator_3.py took 0.499 seconds
