[2022-09-02 18:26:28,077] {processor.py:153} INFO - Started process (PID=134) to work on /home/airflow/.local/lib/python3.7/site-packages/airflow/example_dags/example_branch_operator_decorator.py
[2022-09-02 18:26:28,082] {processor.py:641} INFO - Processing file /home/airflow/.local/lib/python3.7/site-packages/airflow/example_dags/example_branch_operator_decorator.py for tasks to queue
[2022-09-02 18:26:28,089] {logging_mixin.py:115} INFO - [2022-09-02 18:26:28,089] {dagbag.py:508} INFO - Filling up the DagBag from /home/airflow/.local/lib/python3.7/site-packages/airflow/example_dags/example_branch_operator_decorator.py
[2022-09-02 18:26:28,775] {processor.py:651} INFO - DAG(s) dict_keys(['example_branch_python_operator_decorator']) retrieved from /home/airflow/.local/lib/python3.7/site-packages/airflow/example_dags/example_branch_operator_decorator.py
[2022-09-02 18:26:29,650] {logging_mixin.py:115} INFO - [2022-09-02 18:26:29,650] {manager.py:508} INFO - Created Permission View: can delete on DAG:example_branch_python_operator_decorator
[2022-09-02 18:26:29,836] {logging_mixin.py:115} INFO - [2022-09-02 18:26:29,836] {manager.py:508} INFO - Created Permission View: can edit on DAG:example_branch_python_operator_decorator
[2022-09-02 18:26:29,957] {logging_mixin.py:115} INFO - [2022-09-02 18:26:29,930] {manager.py:508} INFO - Created Permission View: can read on DAG:example_branch_python_operator_decorator
[2022-09-02 18:26:29,969] {logging_mixin.py:115} INFO - [2022-09-02 18:26:29,969] {dag.py:2420} INFO - Sync 1 DAGs
[2022-09-02 18:26:30,038] {logging_mixin.py:115} INFO - [2022-09-02 18:26:30,035] {dag.py:2439} INFO - Creating ORM DAG for example_branch_python_operator_decorator
[2022-09-02 18:26:30,366] {logging_mixin.py:115} INFO - [2022-09-02 18:26:30,365] {dag.py:2972} INFO - Setting next_dagrun for example_branch_python_operator_decorator to 2022-09-01T00:00:00+00:00, run_after=2022-09-02T00:00:00+00:00
[2022-09-02 18:26:30,765] {processor.py:161} INFO - Processing /home/airflow/.local/lib/python3.7/site-packages/airflow/example_dags/example_branch_operator_decorator.py took 2.695 seconds
[2022-09-02 18:27:01,833] {processor.py:153} INFO - Started process (PID=189) to work on /home/airflow/.local/lib/python3.7/site-packages/airflow/example_dags/example_branch_operator_decorator.py
[2022-09-02 18:27:01,837] {processor.py:641} INFO - Processing file /home/airflow/.local/lib/python3.7/site-packages/airflow/example_dags/example_branch_operator_decorator.py for tasks to queue
[2022-09-02 18:27:01,841] {logging_mixin.py:115} INFO - [2022-09-02 18:27:01,840] {dagbag.py:508} INFO - Filling up the DagBag from /home/airflow/.local/lib/python3.7/site-packages/airflow/example_dags/example_branch_operator_decorator.py
[2022-09-02 18:27:02,175] {processor.py:651} INFO - DAG(s) dict_keys(['example_branch_python_operator_decorator']) retrieved from /home/airflow/.local/lib/python3.7/site-packages/airflow/example_dags/example_branch_operator_decorator.py
[2022-09-02 18:27:02,262] {logging_mixin.py:115} INFO - [2022-09-02 18:27:02,262] {dag.py:2420} INFO - Sync 1 DAGs
[2022-09-02 18:27:02,333] {logging_mixin.py:115} INFO - [2022-09-02 18:27:02,333] {dag.py:2972} INFO - Setting next_dagrun for example_branch_python_operator_decorator to 2022-09-01T00:00:00+00:00, run_after=2022-09-02T00:00:00+00:00
[2022-09-02 18:27:02,369] {processor.py:161} INFO - Processing /home/airflow/.local/lib/python3.7/site-packages/airflow/example_dags/example_branch_operator_decorator.py took 0.555 seconds
[2022-09-02 18:27:32,662] {processor.py:153} INFO - Started process (PID=251) to work on /home/airflow/.local/lib/python3.7/site-packages/airflow/example_dags/example_branch_operator_decorator.py
[2022-09-02 18:27:32,664] {processor.py:641} INFO - Processing file /home/airflow/.local/lib/python3.7/site-packages/airflow/example_dags/example_branch_operator_decorator.py for tasks to queue
[2022-09-02 18:27:32,667] {logging_mixin.py:115} INFO - [2022-09-02 18:27:32,666] {dagbag.py:508} INFO - Filling up the DagBag from /home/airflow/.local/lib/python3.7/site-packages/airflow/example_dags/example_branch_operator_decorator.py
[2022-09-02 18:27:32,982] {processor.py:651} INFO - DAG(s) dict_keys(['example_branch_python_operator_decorator']) retrieved from /home/airflow/.local/lib/python3.7/site-packages/airflow/example_dags/example_branch_operator_decorator.py
[2022-09-02 18:27:33,039] {logging_mixin.py:115} INFO - [2022-09-02 18:27:33,039] {dag.py:2420} INFO - Sync 1 DAGs
[2022-09-02 18:27:33,088] {logging_mixin.py:115} INFO - [2022-09-02 18:27:33,088] {dag.py:2972} INFO - Setting next_dagrun for example_branch_python_operator_decorator to 2022-09-01T00:00:00+00:00, run_after=2022-09-02T00:00:00+00:00
[2022-09-02 18:27:33,117] {processor.py:161} INFO - Processing /home/airflow/.local/lib/python3.7/site-packages/airflow/example_dags/example_branch_operator_decorator.py took 0.462 seconds
[2022-09-02 18:28:03,917] {processor.py:153} INFO - Started process (PID=295) to work on /home/airflow/.local/lib/python3.7/site-packages/airflow/example_dags/example_branch_operator_decorator.py
[2022-09-02 18:28:03,919] {processor.py:641} INFO - Processing file /home/airflow/.local/lib/python3.7/site-packages/airflow/example_dags/example_branch_operator_decorator.py for tasks to queue
[2022-09-02 18:28:03,926] {logging_mixin.py:115} INFO - [2022-09-02 18:28:03,926] {dagbag.py:508} INFO - Filling up the DagBag from /home/airflow/.local/lib/python3.7/site-packages/airflow/example_dags/example_branch_operator_decorator.py
[2022-09-02 18:28:04,194] {processor.py:651} INFO - DAG(s) dict_keys(['example_branch_python_operator_decorator']) retrieved from /home/airflow/.local/lib/python3.7/site-packages/airflow/example_dags/example_branch_operator_decorator.py
[2022-09-02 18:28:04,241] {logging_mixin.py:115} INFO - [2022-09-02 18:28:04,241] {dag.py:2420} INFO - Sync 1 DAGs
[2022-09-02 18:28:04,301] {logging_mixin.py:115} INFO - [2022-09-02 18:28:04,301] {dag.py:2972} INFO - Setting next_dagrun for example_branch_python_operator_decorator to 2022-09-01T00:00:00+00:00, run_after=2022-09-02T00:00:00+00:00
[2022-09-02 18:28:04,327] {processor.py:161} INFO - Processing /home/airflow/.local/lib/python3.7/site-packages/airflow/example_dags/example_branch_operator_decorator.py took 0.421 seconds
[2022-09-02 18:28:34,595] {processor.py:153} INFO - Started process (PID=362) to work on /home/airflow/.local/lib/python3.7/site-packages/airflow/example_dags/example_branch_operator_decorator.py
[2022-09-02 18:28:34,599] {processor.py:641} INFO - Processing file /home/airflow/.local/lib/python3.7/site-packages/airflow/example_dags/example_branch_operator_decorator.py for tasks to queue
[2022-09-02 18:28:34,603] {logging_mixin.py:115} INFO - [2022-09-02 18:28:34,603] {dagbag.py:508} INFO - Filling up the DagBag from /home/airflow/.local/lib/python3.7/site-packages/airflow/example_dags/example_branch_operator_decorator.py
[2022-09-02 18:28:34,865] {processor.py:651} INFO - DAG(s) dict_keys(['example_branch_python_operator_decorator']) retrieved from /home/airflow/.local/lib/python3.7/site-packages/airflow/example_dags/example_branch_operator_decorator.py
[2022-09-02 18:28:34,940] {logging_mixin.py:115} INFO - [2022-09-02 18:28:34,940] {dag.py:2420} INFO - Sync 1 DAGs
[2022-09-02 18:28:34,995] {logging_mixin.py:115} INFO - [2022-09-02 18:28:34,995] {dag.py:2972} INFO - Setting next_dagrun for example_branch_python_operator_decorator to 2022-09-01T00:00:00+00:00, run_after=2022-09-02T00:00:00+00:00
[2022-09-02 18:28:35,052] {processor.py:161} INFO - Processing /home/airflow/.local/lib/python3.7/site-packages/airflow/example_dags/example_branch_operator_decorator.py took 0.465 seconds
[2022-09-02 18:29:05,717] {processor.py:153} INFO - Started process (PID=415) to work on /home/airflow/.local/lib/python3.7/site-packages/airflow/example_dags/example_branch_operator_decorator.py
[2022-09-02 18:29:05,723] {processor.py:641} INFO - Processing file /home/airflow/.local/lib/python3.7/site-packages/airflow/example_dags/example_branch_operator_decorator.py for tasks to queue
[2022-09-02 18:29:05,726] {logging_mixin.py:115} INFO - [2022-09-02 18:29:05,726] {dagbag.py:508} INFO - Filling up the DagBag from /home/airflow/.local/lib/python3.7/site-packages/airflow/example_dags/example_branch_operator_decorator.py
[2022-09-02 18:29:06,193] {processor.py:651} INFO - DAG(s) dict_keys(['example_branch_python_operator_decorator']) retrieved from /home/airflow/.local/lib/python3.7/site-packages/airflow/example_dags/example_branch_operator_decorator.py
[2022-09-02 18:29:06,358] {logging_mixin.py:115} INFO - [2022-09-02 18:29:06,358] {dag.py:2420} INFO - Sync 1 DAGs
[2022-09-02 18:29:06,477] {logging_mixin.py:115} INFO - [2022-09-02 18:29:06,474] {dag.py:2972} INFO - Setting next_dagrun for example_branch_python_operator_decorator to 2022-09-01T00:00:00+00:00, run_after=2022-09-02T00:00:00+00:00
[2022-09-02 18:29:06,544] {processor.py:161} INFO - Processing /home/airflow/.local/lib/python3.7/site-packages/airflow/example_dags/example_branch_operator_decorator.py took 0.854 seconds
[2022-09-02 18:29:37,629] {processor.py:153} INFO - Started process (PID=460) to work on /home/airflow/.local/lib/python3.7/site-packages/airflow/example_dags/example_branch_operator_decorator.py
[2022-09-02 18:29:37,633] {processor.py:641} INFO - Processing file /home/airflow/.local/lib/python3.7/site-packages/airflow/example_dags/example_branch_operator_decorator.py for tasks to queue
[2022-09-02 18:29:37,639] {logging_mixin.py:115} INFO - [2022-09-02 18:29:37,638] {dagbag.py:508} INFO - Filling up the DagBag from /home/airflow/.local/lib/python3.7/site-packages/airflow/example_dags/example_branch_operator_decorator.py
[2022-09-02 18:29:37,907] {processor.py:651} INFO - DAG(s) dict_keys(['example_branch_python_operator_decorator']) retrieved from /home/airflow/.local/lib/python3.7/site-packages/airflow/example_dags/example_branch_operator_decorator.py
[2022-09-02 18:29:37,947] {logging_mixin.py:115} INFO - [2022-09-02 18:29:37,947] {dag.py:2420} INFO - Sync 1 DAGs
[2022-09-02 18:29:37,994] {logging_mixin.py:115} INFO - [2022-09-02 18:29:37,994] {dag.py:2972} INFO - Setting next_dagrun for example_branch_python_operator_decorator to 2022-09-01T00:00:00+00:00, run_after=2022-09-02T00:00:00+00:00
[2022-09-02 18:29:38,022] {processor.py:161} INFO - Processing /home/airflow/.local/lib/python3.7/site-packages/airflow/example_dags/example_branch_operator_decorator.py took 0.400 seconds
[2022-09-02 18:30:08,669] {processor.py:153} INFO - Started process (PID=524) to work on /home/airflow/.local/lib/python3.7/site-packages/airflow/example_dags/example_branch_operator_decorator.py
[2022-09-02 18:30:08,706] {processor.py:641} INFO - Processing file /home/airflow/.local/lib/python3.7/site-packages/airflow/example_dags/example_branch_operator_decorator.py for tasks to queue
[2022-09-02 18:30:08,725] {logging_mixin.py:115} INFO - [2022-09-02 18:30:08,724] {dagbag.py:508} INFO - Filling up the DagBag from /home/airflow/.local/lib/python3.7/site-packages/airflow/example_dags/example_branch_operator_decorator.py
[2022-09-02 18:30:10,102] {processor.py:651} INFO - DAG(s) dict_keys(['example_branch_python_operator_decorator']) retrieved from /home/airflow/.local/lib/python3.7/site-packages/airflow/example_dags/example_branch_operator_decorator.py
[2022-09-02 18:30:10,210] {logging_mixin.py:115} INFO - [2022-09-02 18:30:10,210] {dag.py:2420} INFO - Sync 1 DAGs
[2022-09-02 18:30:10,376] {logging_mixin.py:115} INFO - [2022-09-02 18:30:10,375] {dag.py:2972} INFO - Setting next_dagrun for example_branch_python_operator_decorator to 2022-09-01T00:00:00+00:00, run_after=2022-09-02T00:00:00+00:00
[2022-09-02 18:30:10,497] {processor.py:161} INFO - Processing /home/airflow/.local/lib/python3.7/site-packages/airflow/example_dags/example_branch_operator_decorator.py took 2.034 seconds
[2022-09-02 18:30:41,261] {processor.py:153} INFO - Started process (PID=580) to work on /home/airflow/.local/lib/python3.7/site-packages/airflow/example_dags/example_branch_operator_decorator.py
[2022-09-02 18:30:41,291] {processor.py:641} INFO - Processing file /home/airflow/.local/lib/python3.7/site-packages/airflow/example_dags/example_branch_operator_decorator.py for tasks to queue
[2022-09-02 18:30:41,318] {logging_mixin.py:115} INFO - [2022-09-02 18:30:41,318] {dagbag.py:508} INFO - Filling up the DagBag from /home/airflow/.local/lib/python3.7/site-packages/airflow/example_dags/example_branch_operator_decorator.py
[2022-09-02 18:30:41,772] {processor.py:651} INFO - DAG(s) dict_keys(['example_branch_python_operator_decorator']) retrieved from /home/airflow/.local/lib/python3.7/site-packages/airflow/example_dags/example_branch_operator_decorator.py
[2022-09-02 18:30:42,013] {logging_mixin.py:115} INFO - [2022-09-02 18:30:42,013] {dag.py:2420} INFO - Sync 1 DAGs
[2022-09-02 18:30:42,139] {logging_mixin.py:115} INFO - [2022-09-02 18:30:42,138] {dag.py:2972} INFO - Setting next_dagrun for example_branch_python_operator_decorator to 2022-09-01T00:00:00+00:00, run_after=2022-09-02T00:00:00+00:00
[2022-09-02 18:30:42,173] {processor.py:161} INFO - Processing /home/airflow/.local/lib/python3.7/site-packages/airflow/example_dags/example_branch_operator_decorator.py took 0.936 seconds
[2022-09-02 18:31:14,982] {processor.py:153} INFO - Started process (PID=633) to work on /home/airflow/.local/lib/python3.7/site-packages/airflow/example_dags/example_branch_operator_decorator.py
[2022-09-02 18:31:14,989] {processor.py:641} INFO - Processing file /home/airflow/.local/lib/python3.7/site-packages/airflow/example_dags/example_branch_operator_decorator.py for tasks to queue
[2022-09-02 18:31:14,996] {logging_mixin.py:115} INFO - [2022-09-02 18:31:14,995] {dagbag.py:508} INFO - Filling up the DagBag from /home/airflow/.local/lib/python3.7/site-packages/airflow/example_dags/example_branch_operator_decorator.py
[2022-09-02 18:31:15,342] {processor.py:651} INFO - DAG(s) dict_keys(['example_branch_python_operator_decorator']) retrieved from /home/airflow/.local/lib/python3.7/site-packages/airflow/example_dags/example_branch_operator_decorator.py
[2022-09-02 18:31:15,400] {logging_mixin.py:115} INFO - [2022-09-02 18:31:15,399] {dag.py:2420} INFO - Sync 1 DAGs
[2022-09-02 18:31:15,462] {logging_mixin.py:115} INFO - [2022-09-02 18:31:15,462] {dag.py:2972} INFO - Setting next_dagrun for example_branch_python_operator_decorator to 2022-09-01T00:00:00+00:00, run_after=2022-09-02T00:00:00+00:00
[2022-09-02 18:31:15,515] {processor.py:161} INFO - Processing /home/airflow/.local/lib/python3.7/site-packages/airflow/example_dags/example_branch_operator_decorator.py took 0.548 seconds
[2022-09-02 18:31:46,710] {processor.py:153} INFO - Started process (PID=689) to work on /home/airflow/.local/lib/python3.7/site-packages/airflow/example_dags/example_branch_operator_decorator.py
[2022-09-02 18:31:46,724] {processor.py:641} INFO - Processing file /home/airflow/.local/lib/python3.7/site-packages/airflow/example_dags/example_branch_operator_decorator.py for tasks to queue
[2022-09-02 18:31:46,729] {logging_mixin.py:115} INFO - [2022-09-02 18:31:46,728] {dagbag.py:508} INFO - Filling up the DagBag from /home/airflow/.local/lib/python3.7/site-packages/airflow/example_dags/example_branch_operator_decorator.py
[2022-09-02 18:31:47,016] {processor.py:651} INFO - DAG(s) dict_keys(['example_branch_python_operator_decorator']) retrieved from /home/airflow/.local/lib/python3.7/site-packages/airflow/example_dags/example_branch_operator_decorator.py
[2022-09-02 18:31:47,127] {logging_mixin.py:115} INFO - [2022-09-02 18:31:47,127] {dag.py:2420} INFO - Sync 1 DAGs
[2022-09-02 18:31:47,202] {logging_mixin.py:115} INFO - [2022-09-02 18:31:47,201] {dag.py:2972} INFO - Setting next_dagrun for example_branch_python_operator_decorator to 2022-09-01T00:00:00+00:00, run_after=2022-09-02T00:00:00+00:00
[2022-09-02 18:31:47,237] {processor.py:161} INFO - Processing /home/airflow/.local/lib/python3.7/site-packages/airflow/example_dags/example_branch_operator_decorator.py took 0.558 seconds
[2022-09-02 18:32:19,953] {processor.py:153} INFO - Started process (PID=743) to work on /home/airflow/.local/lib/python3.7/site-packages/airflow/example_dags/example_branch_operator_decorator.py
[2022-09-02 18:32:19,959] {processor.py:641} INFO - Processing file /home/airflow/.local/lib/python3.7/site-packages/airflow/example_dags/example_branch_operator_decorator.py for tasks to queue
[2022-09-02 18:32:19,978] {logging_mixin.py:115} INFO - [2022-09-02 18:32:19,977] {dagbag.py:508} INFO - Filling up the DagBag from /home/airflow/.local/lib/python3.7/site-packages/airflow/example_dags/example_branch_operator_decorator.py
[2022-09-02 18:32:20,247] {processor.py:651} INFO - DAG(s) dict_keys(['example_branch_python_operator_decorator']) retrieved from /home/airflow/.local/lib/python3.7/site-packages/airflow/example_dags/example_branch_operator_decorator.py
[2022-09-02 18:32:20,651] {logging_mixin.py:115} INFO - [2022-09-02 18:32:20,650] {dag.py:2420} INFO - Sync 1 DAGs
[2022-09-02 18:32:21,135] {logging_mixin.py:115} INFO - [2022-09-02 18:32:21,094] {dag.py:2972} INFO - Setting next_dagrun for example_branch_python_operator_decorator to 2022-09-01T00:00:00+00:00, run_after=2022-09-02T00:00:00+00:00
[2022-09-02 18:32:21,305] {processor.py:161} INFO - Processing /home/airflow/.local/lib/python3.7/site-packages/airflow/example_dags/example_branch_operator_decorator.py took 1.410 seconds
[2022-09-02 18:32:51,593] {processor.py:153} INFO - Started process (PID=801) to work on /home/airflow/.local/lib/python3.7/site-packages/airflow/example_dags/example_branch_operator_decorator.py
[2022-09-02 18:32:51,603] {processor.py:641} INFO - Processing file /home/airflow/.local/lib/python3.7/site-packages/airflow/example_dags/example_branch_operator_decorator.py for tasks to queue
[2022-09-02 18:32:51,611] {logging_mixin.py:115} INFO - [2022-09-02 18:32:51,610] {dagbag.py:508} INFO - Filling up the DagBag from /home/airflow/.local/lib/python3.7/site-packages/airflow/example_dags/example_branch_operator_decorator.py
[2022-09-02 18:32:51,722] {processor.py:651} INFO - DAG(s) dict_keys(['example_branch_python_operator_decorator']) retrieved from /home/airflow/.local/lib/python3.7/site-packages/airflow/example_dags/example_branch_operator_decorator.py
[2022-09-02 18:32:51,835] {logging_mixin.py:115} INFO - [2022-09-02 18:32:51,834] {dag.py:2420} INFO - Sync 1 DAGs
[2022-09-02 18:32:52,104] {logging_mixin.py:115} INFO - [2022-09-02 18:32:52,104] {dag.py:2972} INFO - Setting next_dagrun for example_branch_python_operator_decorator to 2022-09-01T00:00:00+00:00, run_after=2022-09-02T00:00:00+00:00
[2022-09-02 18:32:52,144] {processor.py:161} INFO - Processing /home/airflow/.local/lib/python3.7/site-packages/airflow/example_dags/example_branch_operator_decorator.py took 0.573 seconds
[2022-09-02 18:33:22,249] {processor.py:153} INFO - Started process (PID=856) to work on /home/airflow/.local/lib/python3.7/site-packages/airflow/example_dags/example_branch_operator_decorator.py
[2022-09-02 18:33:22,252] {processor.py:641} INFO - Processing file /home/airflow/.local/lib/python3.7/site-packages/airflow/example_dags/example_branch_operator_decorator.py for tasks to queue
[2022-09-02 18:33:22,255] {logging_mixin.py:115} INFO - [2022-09-02 18:33:22,255] {dagbag.py:508} INFO - Filling up the DagBag from /home/airflow/.local/lib/python3.7/site-packages/airflow/example_dags/example_branch_operator_decorator.py
[2022-09-02 18:33:22,323] {processor.py:651} INFO - DAG(s) dict_keys(['example_branch_python_operator_decorator']) retrieved from /home/airflow/.local/lib/python3.7/site-packages/airflow/example_dags/example_branch_operator_decorator.py
[2022-09-02 18:33:22,389] {logging_mixin.py:115} INFO - [2022-09-02 18:33:22,389] {dag.py:2420} INFO - Sync 1 DAGs
[2022-09-02 18:33:22,456] {logging_mixin.py:115} INFO - [2022-09-02 18:33:22,456] {dag.py:2972} INFO - Setting next_dagrun for example_branch_python_operator_decorator to 2022-09-01T00:00:00+00:00, run_after=2022-09-02T00:00:00+00:00
[2022-09-02 18:33:22,497] {processor.py:161} INFO - Processing /home/airflow/.local/lib/python3.7/site-packages/airflow/example_dags/example_branch_operator_decorator.py took 0.254 seconds
[2022-09-02 18:33:53,166] {processor.py:153} INFO - Started process (PID=910) to work on /home/airflow/.local/lib/python3.7/site-packages/airflow/example_dags/example_branch_operator_decorator.py
[2022-09-02 18:33:53,171] {processor.py:641} INFO - Processing file /home/airflow/.local/lib/python3.7/site-packages/airflow/example_dags/example_branch_operator_decorator.py for tasks to queue
[2022-09-02 18:33:53,178] {logging_mixin.py:115} INFO - [2022-09-02 18:33:53,177] {dagbag.py:508} INFO - Filling up the DagBag from /home/airflow/.local/lib/python3.7/site-packages/airflow/example_dags/example_branch_operator_decorator.py
[2022-09-02 18:33:53,244] {processor.py:651} INFO - DAG(s) dict_keys(['example_branch_python_operator_decorator']) retrieved from /home/airflow/.local/lib/python3.7/site-packages/airflow/example_dags/example_branch_operator_decorator.py
[2022-09-02 18:33:53,309] {logging_mixin.py:115} INFO - [2022-09-02 18:33:53,309] {dag.py:2420} INFO - Sync 1 DAGs
[2022-09-02 18:33:53,375] {logging_mixin.py:115} INFO - [2022-09-02 18:33:53,374] {dag.py:2972} INFO - Setting next_dagrun for example_branch_python_operator_decorator to 2022-09-01T00:00:00+00:00, run_after=2022-09-02T00:00:00+00:00
[2022-09-02 18:33:53,433] {processor.py:161} INFO - Processing /home/airflow/.local/lib/python3.7/site-packages/airflow/example_dags/example_branch_operator_decorator.py took 0.287 seconds
[2022-09-02 18:34:23,763] {processor.py:153} INFO - Started process (PID=965) to work on /home/airflow/.local/lib/python3.7/site-packages/airflow/example_dags/example_branch_operator_decorator.py
[2022-09-02 18:34:23,765] {processor.py:641} INFO - Processing file /home/airflow/.local/lib/python3.7/site-packages/airflow/example_dags/example_branch_operator_decorator.py for tasks to queue
[2022-09-02 18:34:23,769] {logging_mixin.py:115} INFO - [2022-09-02 18:34:23,769] {dagbag.py:508} INFO - Filling up the DagBag from /home/airflow/.local/lib/python3.7/site-packages/airflow/example_dags/example_branch_operator_decorator.py
[2022-09-02 18:34:23,820] {processor.py:651} INFO - DAG(s) dict_keys(['example_branch_python_operator_decorator']) retrieved from /home/airflow/.local/lib/python3.7/site-packages/airflow/example_dags/example_branch_operator_decorator.py
[2022-09-02 18:34:23,893] {logging_mixin.py:115} INFO - [2022-09-02 18:34:23,893] {dag.py:2420} INFO - Sync 1 DAGs
[2022-09-02 18:34:23,944] {logging_mixin.py:115} INFO - [2022-09-02 18:34:23,944] {dag.py:2972} INFO - Setting next_dagrun for example_branch_python_operator_decorator to 2022-09-01T00:00:00+00:00, run_after=2022-09-02T00:00:00+00:00
[2022-09-02 18:34:23,974] {processor.py:161} INFO - Processing /home/airflow/.local/lib/python3.7/site-packages/airflow/example_dags/example_branch_operator_decorator.py took 0.229 seconds
[2022-09-02 18:35:25,692] {processor.py:153} INFO - Started process (PID=1026) to work on /home/airflow/.local/lib/python3.7/site-packages/airflow/example_dags/example_branch_operator_decorator.py
[2022-09-02 18:35:25,705] {processor.py:641} INFO - Processing file /home/airflow/.local/lib/python3.7/site-packages/airflow/example_dags/example_branch_operator_decorator.py for tasks to queue
[2022-09-02 18:35:25,713] {logging_mixin.py:115} INFO - [2022-09-02 18:35:25,713] {dagbag.py:508} INFO - Filling up the DagBag from /home/airflow/.local/lib/python3.7/site-packages/airflow/example_dags/example_branch_operator_decorator.py
[2022-09-02 18:35:25,941] {processor.py:651} INFO - DAG(s) dict_keys(['example_branch_python_operator_decorator']) retrieved from /home/airflow/.local/lib/python3.7/site-packages/airflow/example_dags/example_branch_operator_decorator.py
[2022-09-02 18:35:26,171] {logging_mixin.py:115} INFO - [2022-09-02 18:35:26,171] {dag.py:2420} INFO - Sync 1 DAGs
[2022-09-02 18:35:26,421] {logging_mixin.py:115} INFO - [2022-09-02 18:35:26,419] {dag.py:2972} INFO - Setting next_dagrun for example_branch_python_operator_decorator to 2022-09-01T00:00:00+00:00, run_after=2022-09-02T00:00:00+00:00
[2022-09-02 18:35:26,559] {processor.py:161} INFO - Processing /home/airflow/.local/lib/python3.7/site-packages/airflow/example_dags/example_branch_operator_decorator.py took 0.903 seconds
[2022-09-02 18:35:57,253] {processor.py:153} INFO - Started process (PID=1081) to work on /home/airflow/.local/lib/python3.7/site-packages/airflow/example_dags/example_branch_operator_decorator.py
[2022-09-02 18:35:57,256] {processor.py:641} INFO - Processing file /home/airflow/.local/lib/python3.7/site-packages/airflow/example_dags/example_branch_operator_decorator.py for tasks to queue
[2022-09-02 18:35:57,260] {logging_mixin.py:115} INFO - [2022-09-02 18:35:57,259] {dagbag.py:508} INFO - Filling up the DagBag from /home/airflow/.local/lib/python3.7/site-packages/airflow/example_dags/example_branch_operator_decorator.py
[2022-09-02 18:35:57,313] {processor.py:651} INFO - DAG(s) dict_keys(['example_branch_python_operator_decorator']) retrieved from /home/airflow/.local/lib/python3.7/site-packages/airflow/example_dags/example_branch_operator_decorator.py
[2022-09-02 18:35:57,379] {logging_mixin.py:115} INFO - [2022-09-02 18:35:57,378] {dag.py:2420} INFO - Sync 1 DAGs
[2022-09-02 18:35:57,446] {logging_mixin.py:115} INFO - [2022-09-02 18:35:57,445] {dag.py:2972} INFO - Setting next_dagrun for example_branch_python_operator_decorator to 2022-09-01T00:00:00+00:00, run_after=2022-09-02T00:00:00+00:00
[2022-09-02 18:35:57,495] {processor.py:161} INFO - Processing /home/airflow/.local/lib/python3.7/site-packages/airflow/example_dags/example_branch_operator_decorator.py took 0.269 seconds
[2022-09-02 18:36:28,137] {processor.py:153} INFO - Started process (PID=1136) to work on /home/airflow/.local/lib/python3.7/site-packages/airflow/example_dags/example_branch_operator_decorator.py
[2022-09-02 18:36:28,141] {processor.py:641} INFO - Processing file /home/airflow/.local/lib/python3.7/site-packages/airflow/example_dags/example_branch_operator_decorator.py for tasks to queue
[2022-09-02 18:36:28,145] {logging_mixin.py:115} INFO - [2022-09-02 18:36:28,144] {dagbag.py:508} INFO - Filling up the DagBag from /home/airflow/.local/lib/python3.7/site-packages/airflow/example_dags/example_branch_operator_decorator.py
[2022-09-02 18:36:28,234] {processor.py:651} INFO - DAG(s) dict_keys(['example_branch_python_operator_decorator']) retrieved from /home/airflow/.local/lib/python3.7/site-packages/airflow/example_dags/example_branch_operator_decorator.py
[2022-09-02 18:36:28,289] {logging_mixin.py:115} INFO - [2022-09-02 18:36:28,289] {dag.py:2420} INFO - Sync 1 DAGs
[2022-09-02 18:36:28,351] {logging_mixin.py:115} INFO - [2022-09-02 18:36:28,350] {dag.py:2972} INFO - Setting next_dagrun for example_branch_python_operator_decorator to 2022-09-01T00:00:00+00:00, run_after=2022-09-02T00:00:00+00:00
[2022-09-02 18:36:28,395] {processor.py:161} INFO - Processing /home/airflow/.local/lib/python3.7/site-packages/airflow/example_dags/example_branch_operator_decorator.py took 0.262 seconds
[2022-09-02 18:36:58,900] {processor.py:153} INFO - Started process (PID=1190) to work on /home/airflow/.local/lib/python3.7/site-packages/airflow/example_dags/example_branch_operator_decorator.py
[2022-09-02 18:36:58,914] {processor.py:641} INFO - Processing file /home/airflow/.local/lib/python3.7/site-packages/airflow/example_dags/example_branch_operator_decorator.py for tasks to queue
[2022-09-02 18:36:58,930] {logging_mixin.py:115} INFO - [2022-09-02 18:36:58,930] {dagbag.py:508} INFO - Filling up the DagBag from /home/airflow/.local/lib/python3.7/site-packages/airflow/example_dags/example_branch_operator_decorator.py
[2022-09-02 18:36:59,557] {processor.py:651} INFO - DAG(s) dict_keys(['example_branch_python_operator_decorator']) retrieved from /home/airflow/.local/lib/python3.7/site-packages/airflow/example_dags/example_branch_operator_decorator.py
[2022-09-02 18:37:00,010] {logging_mixin.py:115} INFO - [2022-09-02 18:37:00,010] {dag.py:2420} INFO - Sync 1 DAGs
[2022-09-02 18:37:00,568] {logging_mixin.py:115} INFO - [2022-09-02 18:37:00,566] {dag.py:2972} INFO - Setting next_dagrun for example_branch_python_operator_decorator to 2022-09-01T00:00:00+00:00, run_after=2022-09-02T00:00:00+00:00
[2022-09-02 18:37:00,754] {processor.py:161} INFO - Processing /home/airflow/.local/lib/python3.7/site-packages/airflow/example_dags/example_branch_operator_decorator.py took 1.970 seconds
[2022-09-02 18:37:31,433] {processor.py:153} INFO - Started process (PID=1245) to work on /home/airflow/.local/lib/python3.7/site-packages/airflow/example_dags/example_branch_operator_decorator.py
[2022-09-02 18:37:31,447] {processor.py:641} INFO - Processing file /home/airflow/.local/lib/python3.7/site-packages/airflow/example_dags/example_branch_operator_decorator.py for tasks to queue
[2022-09-02 18:37:31,451] {logging_mixin.py:115} INFO - [2022-09-02 18:37:31,451] {dagbag.py:508} INFO - Filling up the DagBag from /home/airflow/.local/lib/python3.7/site-packages/airflow/example_dags/example_branch_operator_decorator.py
[2022-09-02 18:37:31,562] {processor.py:651} INFO - DAG(s) dict_keys(['example_branch_python_operator_decorator']) retrieved from /home/airflow/.local/lib/python3.7/site-packages/airflow/example_dags/example_branch_operator_decorator.py
[2022-09-02 18:37:31,695] {logging_mixin.py:115} INFO - [2022-09-02 18:37:31,694] {dag.py:2420} INFO - Sync 1 DAGs
[2022-09-02 18:37:31,881] {logging_mixin.py:115} INFO - [2022-09-02 18:37:31,881] {dag.py:2972} INFO - Setting next_dagrun for example_branch_python_operator_decorator to 2022-09-01T00:00:00+00:00, run_after=2022-09-02T00:00:00+00:00
[2022-09-02 18:37:31,932] {processor.py:161} INFO - Processing /home/airflow/.local/lib/python3.7/site-packages/airflow/example_dags/example_branch_operator_decorator.py took 0.571 seconds
[2022-09-02 18:38:02,456] {processor.py:153} INFO - Started process (PID=1300) to work on /home/airflow/.local/lib/python3.7/site-packages/airflow/example_dags/example_branch_operator_decorator.py
[2022-09-02 18:38:02,462] {processor.py:641} INFO - Processing file /home/airflow/.local/lib/python3.7/site-packages/airflow/example_dags/example_branch_operator_decorator.py for tasks to queue
[2022-09-02 18:38:02,466] {logging_mixin.py:115} INFO - [2022-09-02 18:38:02,466] {dagbag.py:508} INFO - Filling up the DagBag from /home/airflow/.local/lib/python3.7/site-packages/airflow/example_dags/example_branch_operator_decorator.py
[2022-09-02 18:38:02,534] {processor.py:651} INFO - DAG(s) dict_keys(['example_branch_python_operator_decorator']) retrieved from /home/airflow/.local/lib/python3.7/site-packages/airflow/example_dags/example_branch_operator_decorator.py
[2022-09-02 18:38:02,629] {logging_mixin.py:115} INFO - [2022-09-02 18:38:02,629] {dag.py:2420} INFO - Sync 1 DAGs
[2022-09-02 18:38:02,719] {logging_mixin.py:115} INFO - [2022-09-02 18:38:02,719] {dag.py:2972} INFO - Setting next_dagrun for example_branch_python_operator_decorator to 2022-09-01T00:00:00+00:00, run_after=2022-09-02T00:00:00+00:00
[2022-09-02 18:38:02,755] {processor.py:161} INFO - Processing /home/airflow/.local/lib/python3.7/site-packages/airflow/example_dags/example_branch_operator_decorator.py took 0.316 seconds
[2022-09-02 18:38:32,905] {processor.py:153} INFO - Started process (PID=1356) to work on /home/airflow/.local/lib/python3.7/site-packages/airflow/example_dags/example_branch_operator_decorator.py
[2022-09-02 18:38:32,908] {processor.py:641} INFO - Processing file /home/airflow/.local/lib/python3.7/site-packages/airflow/example_dags/example_branch_operator_decorator.py for tasks to queue
[2022-09-02 18:38:32,911] {logging_mixin.py:115} INFO - [2022-09-02 18:38:32,911] {dagbag.py:508} INFO - Filling up the DagBag from /home/airflow/.local/lib/python3.7/site-packages/airflow/example_dags/example_branch_operator_decorator.py
[2022-09-02 18:38:32,960] {processor.py:651} INFO - DAG(s) dict_keys(['example_branch_python_operator_decorator']) retrieved from /home/airflow/.local/lib/python3.7/site-packages/airflow/example_dags/example_branch_operator_decorator.py
[2022-09-02 18:38:33,038] {logging_mixin.py:115} INFO - [2022-09-02 18:38:33,038] {dag.py:2420} INFO - Sync 1 DAGs
[2022-09-02 18:38:33,089] {logging_mixin.py:115} INFO - [2022-09-02 18:38:33,089] {dag.py:2972} INFO - Setting next_dagrun for example_branch_python_operator_decorator to 2022-09-01T00:00:00+00:00, run_after=2022-09-02T00:00:00+00:00
[2022-09-02 18:38:33,120] {processor.py:161} INFO - Processing /home/airflow/.local/lib/python3.7/site-packages/airflow/example_dags/example_branch_operator_decorator.py took 0.225 seconds
[2022-09-02 18:39:04,173] {processor.py:153} INFO - Started process (PID=1409) to work on /home/airflow/.local/lib/python3.7/site-packages/airflow/example_dags/example_branch_operator_decorator.py
[2022-09-02 18:39:04,176] {processor.py:641} INFO - Processing file /home/airflow/.local/lib/python3.7/site-packages/airflow/example_dags/example_branch_operator_decorator.py for tasks to queue
[2022-09-02 18:39:04,185] {logging_mixin.py:115} INFO - [2022-09-02 18:39:04,182] {dagbag.py:508} INFO - Filling up the DagBag from /home/airflow/.local/lib/python3.7/site-packages/airflow/example_dags/example_branch_operator_decorator.py
[2022-09-02 18:39:04,423] {processor.py:651} INFO - DAG(s) dict_keys(['example_branch_python_operator_decorator']) retrieved from /home/airflow/.local/lib/python3.7/site-packages/airflow/example_dags/example_branch_operator_decorator.py
[2022-09-02 18:39:04,705] {logging_mixin.py:115} INFO - [2022-09-02 18:39:04,704] {dag.py:2420} INFO - Sync 1 DAGs
[2022-09-02 18:39:04,878] {logging_mixin.py:115} INFO - [2022-09-02 18:39:04,877] {dag.py:2972} INFO - Setting next_dagrun for example_branch_python_operator_decorator to 2022-09-01T00:00:00+00:00, run_after=2022-09-02T00:00:00+00:00
[2022-09-02 18:39:04,978] {processor.py:161} INFO - Processing /home/airflow/.local/lib/python3.7/site-packages/airflow/example_dags/example_branch_operator_decorator.py took 0.825 seconds
[2022-09-02 18:39:36,048] {processor.py:153} INFO - Started process (PID=1462) to work on /home/airflow/.local/lib/python3.7/site-packages/airflow/example_dags/example_branch_operator_decorator.py
[2022-09-02 18:39:36,050] {processor.py:641} INFO - Processing file /home/airflow/.local/lib/python3.7/site-packages/airflow/example_dags/example_branch_operator_decorator.py for tasks to queue
[2022-09-02 18:39:36,053] {logging_mixin.py:115} INFO - [2022-09-02 18:39:36,053] {dagbag.py:508} INFO - Filling up the DagBag from /home/airflow/.local/lib/python3.7/site-packages/airflow/example_dags/example_branch_operator_decorator.py
[2022-09-02 18:39:36,111] {processor.py:651} INFO - DAG(s) dict_keys(['example_branch_python_operator_decorator']) retrieved from /home/airflow/.local/lib/python3.7/site-packages/airflow/example_dags/example_branch_operator_decorator.py
[2022-09-02 18:39:36,174] {logging_mixin.py:115} INFO - [2022-09-02 18:39:36,173] {dag.py:2420} INFO - Sync 1 DAGs
[2022-09-02 18:39:36,225] {logging_mixin.py:115} INFO - [2022-09-02 18:39:36,225] {dag.py:2972} INFO - Setting next_dagrun for example_branch_python_operator_decorator to 2022-09-01T00:00:00+00:00, run_after=2022-09-02T00:00:00+00:00
[2022-09-02 18:39:36,271] {processor.py:161} INFO - Processing /home/airflow/.local/lib/python3.7/site-packages/airflow/example_dags/example_branch_operator_decorator.py took 0.233 seconds
