[2022-09-02 18:26:39,863] {processor.py:153} INFO - Started process (PID=153) to work on /home/airflow/.local/lib/python3.7/site-packages/airflow/example_dags/example_time_delta_sensor_async.py
[2022-09-02 18:26:39,872] {processor.py:641} INFO - Processing file /home/airflow/.local/lib/python3.7/site-packages/airflow/example_dags/example_time_delta_sensor_async.py for tasks to queue
[2022-09-02 18:26:39,874] {logging_mixin.py:115} INFO - [2022-09-02 18:26:39,874] {dagbag.py:508} INFO - Filling up the DagBag from /home/airflow/.local/lib/python3.7/site-packages/airflow/example_dags/example_time_delta_sensor_async.py
[2022-09-02 18:26:39,920] {processor.py:651} INFO - DAG(s) dict_keys(['example_time_delta_sensor_async']) retrieved from /home/airflow/.local/lib/python3.7/site-packages/airflow/example_dags/example_time_delta_sensor_async.py
[2022-09-02 18:26:40,597] {logging_mixin.py:115} INFO - [2022-09-02 18:26:40,597] {manager.py:508} INFO - Created Permission View: can delete on DAG:example_time_delta_sensor_async
[2022-09-02 18:26:40,639] {logging_mixin.py:115} INFO - [2022-09-02 18:26:40,639] {manager.py:508} INFO - Created Permission View: can edit on DAG:example_time_delta_sensor_async
[2022-09-02 18:26:40,683] {logging_mixin.py:115} INFO - [2022-09-02 18:26:40,682] {manager.py:508} INFO - Created Permission View: can read on DAG:example_time_delta_sensor_async
[2022-09-02 18:26:40,685] {logging_mixin.py:115} INFO - [2022-09-02 18:26:40,684] {dag.py:2420} INFO - Sync 1 DAGs
[2022-09-02 18:26:40,711] {logging_mixin.py:115} INFO - [2022-09-02 18:26:40,711] {dag.py:2439} INFO - Creating ORM DAG for example_time_delta_sensor_async
[2022-09-02 18:26:40,801] {logging_mixin.py:115} INFO - [2022-09-02 18:26:40,801] {dag.py:2972} INFO - Setting next_dagrun for example_time_delta_sensor_async to None, run_after=None
[2022-09-02 18:26:40,840] {processor.py:161} INFO - Processing /home/airflow/.local/lib/python3.7/site-packages/airflow/example_dags/example_time_delta_sensor_async.py took 1.018 seconds
[2022-09-02 18:27:11,157] {processor.py:153} INFO - Started process (PID=207) to work on /home/airflow/.local/lib/python3.7/site-packages/airflow/example_dags/example_time_delta_sensor_async.py
[2022-09-02 18:27:11,159] {processor.py:641} INFO - Processing file /home/airflow/.local/lib/python3.7/site-packages/airflow/example_dags/example_time_delta_sensor_async.py for tasks to queue
[2022-09-02 18:27:11,164] {logging_mixin.py:115} INFO - [2022-09-02 18:27:11,164] {dagbag.py:508} INFO - Filling up the DagBag from /home/airflow/.local/lib/python3.7/site-packages/airflow/example_dags/example_time_delta_sensor_async.py
[2022-09-02 18:27:11,223] {processor.py:651} INFO - DAG(s) dict_keys(['example_time_delta_sensor_async']) retrieved from /home/airflow/.local/lib/python3.7/site-packages/airflow/example_dags/example_time_delta_sensor_async.py
[2022-09-02 18:27:11,927] {logging_mixin.py:115} INFO - [2022-09-02 18:27:11,927] {dag.py:2420} INFO - Sync 1 DAGs
[2022-09-02 18:27:12,005] {logging_mixin.py:115} INFO - [2022-09-02 18:27:12,005] {dag.py:2972} INFO - Setting next_dagrun for example_time_delta_sensor_async to None, run_after=None
[2022-09-02 18:27:12,062] {processor.py:161} INFO - Processing /home/airflow/.local/lib/python3.7/site-packages/airflow/example_dags/example_time_delta_sensor_async.py took 0.938 seconds
[2022-09-02 18:27:42,868] {processor.py:153} INFO - Started process (PID=260) to work on /home/airflow/.local/lib/python3.7/site-packages/airflow/example_dags/example_time_delta_sensor_async.py
[2022-09-02 18:27:42,871] {processor.py:641} INFO - Processing file /home/airflow/.local/lib/python3.7/site-packages/airflow/example_dags/example_time_delta_sensor_async.py for tasks to queue
[2022-09-02 18:27:42,873] {logging_mixin.py:115} INFO - [2022-09-02 18:27:42,873] {dagbag.py:508} INFO - Filling up the DagBag from /home/airflow/.local/lib/python3.7/site-packages/airflow/example_dags/example_time_delta_sensor_async.py
[2022-09-02 18:27:42,884] {processor.py:651} INFO - DAG(s) dict_keys(['example_time_delta_sensor_async']) retrieved from /home/airflow/.local/lib/python3.7/site-packages/airflow/example_dags/example_time_delta_sensor_async.py
[2022-09-02 18:27:43,206] {logging_mixin.py:115} INFO - [2022-09-02 18:27:43,206] {dag.py:2420} INFO - Sync 1 DAGs
[2022-09-02 18:27:43,249] {logging_mixin.py:115} INFO - [2022-09-02 18:27:43,249] {dag.py:2972} INFO - Setting next_dagrun for example_time_delta_sensor_async to None, run_after=None
[2022-09-02 18:27:43,278] {processor.py:161} INFO - Processing /home/airflow/.local/lib/python3.7/site-packages/airflow/example_dags/example_time_delta_sensor_async.py took 0.417 seconds
[2022-09-02 18:28:13,955] {processor.py:153} INFO - Started process (PID=314) to work on /home/airflow/.local/lib/python3.7/site-packages/airflow/example_dags/example_time_delta_sensor_async.py
[2022-09-02 18:28:13,958] {processor.py:641} INFO - Processing file /home/airflow/.local/lib/python3.7/site-packages/airflow/example_dags/example_time_delta_sensor_async.py for tasks to queue
[2022-09-02 18:28:13,978] {logging_mixin.py:115} INFO - [2022-09-02 18:28:13,960] {dagbag.py:508} INFO - Filling up the DagBag from /home/airflow/.local/lib/python3.7/site-packages/airflow/example_dags/example_time_delta_sensor_async.py
[2022-09-02 18:28:13,993] {processor.py:651} INFO - DAG(s) dict_keys(['example_time_delta_sensor_async']) retrieved from /home/airflow/.local/lib/python3.7/site-packages/airflow/example_dags/example_time_delta_sensor_async.py
[2022-09-02 18:28:14,438] {logging_mixin.py:115} INFO - [2022-09-02 18:28:14,437] {dag.py:2420} INFO - Sync 1 DAGs
[2022-09-02 18:28:14,500] {logging_mixin.py:115} INFO - [2022-09-02 18:28:14,499] {dag.py:2972} INFO - Setting next_dagrun for example_time_delta_sensor_async to None, run_after=None
[2022-09-02 18:28:14,540] {processor.py:161} INFO - Processing /home/airflow/.local/lib/python3.7/site-packages/airflow/example_dags/example_time_delta_sensor_async.py took 0.596 seconds
[2022-09-02 18:28:44,726] {processor.py:153} INFO - Started process (PID=380) to work on /home/airflow/.local/lib/python3.7/site-packages/airflow/example_dags/example_time_delta_sensor_async.py
[2022-09-02 18:28:44,729] {processor.py:641} INFO - Processing file /home/airflow/.local/lib/python3.7/site-packages/airflow/example_dags/example_time_delta_sensor_async.py for tasks to queue
[2022-09-02 18:28:44,734] {logging_mixin.py:115} INFO - [2022-09-02 18:28:44,734] {dagbag.py:508} INFO - Filling up the DagBag from /home/airflow/.local/lib/python3.7/site-packages/airflow/example_dags/example_time_delta_sensor_async.py
[2022-09-02 18:28:44,763] {processor.py:651} INFO - DAG(s) dict_keys(['example_time_delta_sensor_async']) retrieved from /home/airflow/.local/lib/python3.7/site-packages/airflow/example_dags/example_time_delta_sensor_async.py
[2022-09-02 18:28:47,021] {logging_mixin.py:115} INFO - [2022-09-02 18:28:47,021] {dag.py:2420} INFO - Sync 1 DAGs
[2022-09-02 18:28:47,175] {logging_mixin.py:115} INFO - [2022-09-02 18:28:47,174] {dag.py:2972} INFO - Setting next_dagrun for example_time_delta_sensor_async to None, run_after=None
[2022-09-02 18:28:47,286] {processor.py:161} INFO - Processing /home/airflow/.local/lib/python3.7/site-packages/airflow/example_dags/example_time_delta_sensor_async.py took 2.575 seconds
[2022-09-02 18:29:17,948] {processor.py:153} INFO - Started process (PID=425) to work on /home/airflow/.local/lib/python3.7/site-packages/airflow/example_dags/example_time_delta_sensor_async.py
[2022-09-02 18:29:17,953] {processor.py:641} INFO - Processing file /home/airflow/.local/lib/python3.7/site-packages/airflow/example_dags/example_time_delta_sensor_async.py for tasks to queue
[2022-09-02 18:29:17,959] {logging_mixin.py:115} INFO - [2022-09-02 18:29:17,959] {dagbag.py:508} INFO - Filling up the DagBag from /home/airflow/.local/lib/python3.7/site-packages/airflow/example_dags/example_time_delta_sensor_async.py
[2022-09-02 18:29:17,986] {processor.py:651} INFO - DAG(s) dict_keys(['example_time_delta_sensor_async']) retrieved from /home/airflow/.local/lib/python3.7/site-packages/airflow/example_dags/example_time_delta_sensor_async.py
[2022-09-02 18:29:19,784] {logging_mixin.py:115} INFO - [2022-09-02 18:29:19,782] {dag.py:2420} INFO - Sync 1 DAGs
[2022-09-02 18:29:20,169] {logging_mixin.py:115} INFO - [2022-09-02 18:29:20,169] {dag.py:2972} INFO - Setting next_dagrun for example_time_delta_sensor_async to None, run_after=None
[2022-09-02 18:29:20,312] {processor.py:161} INFO - Processing /home/airflow/.local/lib/python3.7/site-packages/airflow/example_dags/example_time_delta_sensor_async.py took 2.378 seconds
[2022-09-02 18:29:50,815] {processor.py:153} INFO - Started process (PID=477) to work on /home/airflow/.local/lib/python3.7/site-packages/airflow/example_dags/example_time_delta_sensor_async.py
[2022-09-02 18:29:50,818] {processor.py:641} INFO - Processing file /home/airflow/.local/lib/python3.7/site-packages/airflow/example_dags/example_time_delta_sensor_async.py for tasks to queue
[2022-09-02 18:29:50,820] {logging_mixin.py:115} INFO - [2022-09-02 18:29:50,820] {dagbag.py:508} INFO - Filling up the DagBag from /home/airflow/.local/lib/python3.7/site-packages/airflow/example_dags/example_time_delta_sensor_async.py
[2022-09-02 18:29:50,832] {processor.py:651} INFO - DAG(s) dict_keys(['example_time_delta_sensor_async']) retrieved from /home/airflow/.local/lib/python3.7/site-packages/airflow/example_dags/example_time_delta_sensor_async.py
[2022-09-02 18:29:51,079] {logging_mixin.py:115} INFO - [2022-09-02 18:29:51,079] {dag.py:2420} INFO - Sync 1 DAGs
[2022-09-02 18:29:51,133] {logging_mixin.py:115} INFO - [2022-09-02 18:29:51,133] {dag.py:2972} INFO - Setting next_dagrun for example_time_delta_sensor_async to None, run_after=None
[2022-09-02 18:29:51,163] {processor.py:161} INFO - Processing /home/airflow/.local/lib/python3.7/site-packages/airflow/example_dags/example_time_delta_sensor_async.py took 0.352 seconds
[2022-09-02 18:30:22,145] {processor.py:153} INFO - Started process (PID=533) to work on /home/airflow/.local/lib/python3.7/site-packages/airflow/example_dags/example_time_delta_sensor_async.py
[2022-09-02 18:30:22,150] {processor.py:641} INFO - Processing file /home/airflow/.local/lib/python3.7/site-packages/airflow/example_dags/example_time_delta_sensor_async.py for tasks to queue
[2022-09-02 18:30:22,157] {logging_mixin.py:115} INFO - [2022-09-02 18:30:22,157] {dagbag.py:508} INFO - Filling up the DagBag from /home/airflow/.local/lib/python3.7/site-packages/airflow/example_dags/example_time_delta_sensor_async.py
[2022-09-02 18:30:22,182] {processor.py:651} INFO - DAG(s) dict_keys(['example_time_delta_sensor_async']) retrieved from /home/airflow/.local/lib/python3.7/site-packages/airflow/example_dags/example_time_delta_sensor_async.py
[2022-09-02 18:30:22,490] {logging_mixin.py:115} INFO - [2022-09-02 18:30:22,490] {dag.py:2420} INFO - Sync 1 DAGs
[2022-09-02 18:30:22,529] {logging_mixin.py:115} INFO - [2022-09-02 18:30:22,529] {dag.py:2972} INFO - Setting next_dagrun for example_time_delta_sensor_async to None, run_after=None
[2022-09-02 18:30:22,559] {processor.py:161} INFO - Processing /home/airflow/.local/lib/python3.7/site-packages/airflow/example_dags/example_time_delta_sensor_async.py took 0.423 seconds
[2022-09-02 18:30:53,226] {processor.py:153} INFO - Started process (PID=589) to work on /home/airflow/.local/lib/python3.7/site-packages/airflow/example_dags/example_time_delta_sensor_async.py
[2022-09-02 18:30:53,229] {processor.py:641} INFO - Processing file /home/airflow/.local/lib/python3.7/site-packages/airflow/example_dags/example_time_delta_sensor_async.py for tasks to queue
[2022-09-02 18:30:53,232] {logging_mixin.py:115} INFO - [2022-09-02 18:30:53,232] {dagbag.py:508} INFO - Filling up the DagBag from /home/airflow/.local/lib/python3.7/site-packages/airflow/example_dags/example_time_delta_sensor_async.py
[2022-09-02 18:30:53,253] {processor.py:651} INFO - DAG(s) dict_keys(['example_time_delta_sensor_async']) retrieved from /home/airflow/.local/lib/python3.7/site-packages/airflow/example_dags/example_time_delta_sensor_async.py
[2022-09-02 18:30:53,758] {logging_mixin.py:115} INFO - [2022-09-02 18:30:53,757] {dag.py:2420} INFO - Sync 1 DAGs
[2022-09-02 18:30:53,850] {logging_mixin.py:115} INFO - [2022-09-02 18:30:53,850] {dag.py:2972} INFO - Setting next_dagrun for example_time_delta_sensor_async to None, run_after=None
[2022-09-02 18:30:53,885] {processor.py:161} INFO - Processing /home/airflow/.local/lib/python3.7/site-packages/airflow/example_dags/example_time_delta_sensor_async.py took 0.671 seconds
[2022-09-02 18:31:24,348] {processor.py:153} INFO - Started process (PID=643) to work on /home/airflow/.local/lib/python3.7/site-packages/airflow/example_dags/example_time_delta_sensor_async.py
[2022-09-02 18:31:24,359] {processor.py:641} INFO - Processing file /home/airflow/.local/lib/python3.7/site-packages/airflow/example_dags/example_time_delta_sensor_async.py for tasks to queue
[2022-09-02 18:31:24,367] {logging_mixin.py:115} INFO - [2022-09-02 18:31:24,366] {dagbag.py:508} INFO - Filling up the DagBag from /home/airflow/.local/lib/python3.7/site-packages/airflow/example_dags/example_time_delta_sensor_async.py
[2022-09-02 18:31:24,391] {processor.py:651} INFO - DAG(s) dict_keys(['example_time_delta_sensor_async']) retrieved from /home/airflow/.local/lib/python3.7/site-packages/airflow/example_dags/example_time_delta_sensor_async.py
[2022-09-02 18:31:24,563] {logging_mixin.py:115} INFO - [2022-09-02 18:31:24,563] {dag.py:2420} INFO - Sync 1 DAGs
[2022-09-02 18:31:24,627] {logging_mixin.py:115} INFO - [2022-09-02 18:31:24,626] {dag.py:2972} INFO - Setting next_dagrun for example_time_delta_sensor_async to None, run_after=None
[2022-09-02 18:31:24,660] {processor.py:161} INFO - Processing /home/airflow/.local/lib/python3.7/site-packages/airflow/example_dags/example_time_delta_sensor_async.py took 0.321 seconds
[2022-09-02 18:31:54,756] {processor.py:153} INFO - Started process (PID=698) to work on /home/airflow/.local/lib/python3.7/site-packages/airflow/example_dags/example_time_delta_sensor_async.py
[2022-09-02 18:31:54,758] {processor.py:641} INFO - Processing file /home/airflow/.local/lib/python3.7/site-packages/airflow/example_dags/example_time_delta_sensor_async.py for tasks to queue
[2022-09-02 18:31:54,762] {logging_mixin.py:115} INFO - [2022-09-02 18:31:54,762] {dagbag.py:508} INFO - Filling up the DagBag from /home/airflow/.local/lib/python3.7/site-packages/airflow/example_dags/example_time_delta_sensor_async.py
[2022-09-02 18:31:54,814] {processor.py:651} INFO - DAG(s) dict_keys(['example_time_delta_sensor_async']) retrieved from /home/airflow/.local/lib/python3.7/site-packages/airflow/example_dags/example_time_delta_sensor_async.py
[2022-09-02 18:31:55,224] {logging_mixin.py:115} INFO - [2022-09-02 18:31:55,224] {dag.py:2420} INFO - Sync 1 DAGs
[2022-09-02 18:31:55,331] {logging_mixin.py:115} INFO - [2022-09-02 18:31:55,331] {dag.py:2972} INFO - Setting next_dagrun for example_time_delta_sensor_async to None, run_after=None
[2022-09-02 18:31:55,380] {processor.py:161} INFO - Processing /home/airflow/.local/lib/python3.7/site-packages/airflow/example_dags/example_time_delta_sensor_async.py took 0.636 seconds
[2022-09-02 18:32:25,759] {processor.py:153} INFO - Started process (PID=752) to work on /home/airflow/.local/lib/python3.7/site-packages/airflow/example_dags/example_time_delta_sensor_async.py
[2022-09-02 18:32:25,761] {processor.py:641} INFO - Processing file /home/airflow/.local/lib/python3.7/site-packages/airflow/example_dags/example_time_delta_sensor_async.py for tasks to queue
[2022-09-02 18:32:25,763] {logging_mixin.py:115} INFO - [2022-09-02 18:32:25,763] {dagbag.py:508} INFO - Filling up the DagBag from /home/airflow/.local/lib/python3.7/site-packages/airflow/example_dags/example_time_delta_sensor_async.py
[2022-09-02 18:32:25,777] {processor.py:651} INFO - DAG(s) dict_keys(['example_time_delta_sensor_async']) retrieved from /home/airflow/.local/lib/python3.7/site-packages/airflow/example_dags/example_time_delta_sensor_async.py
[2022-09-02 18:32:25,896] {logging_mixin.py:115} INFO - [2022-09-02 18:32:25,896] {dag.py:2420} INFO - Sync 1 DAGs
[2022-09-02 18:32:25,970] {logging_mixin.py:115} INFO - [2022-09-02 18:32:25,970] {dag.py:2972} INFO - Setting next_dagrun for example_time_delta_sensor_async to None, run_after=None
[2022-09-02 18:32:26,003] {processor.py:161} INFO - Processing /home/airflow/.local/lib/python3.7/site-packages/airflow/example_dags/example_time_delta_sensor_async.py took 0.251 seconds
[2022-09-02 18:32:58,806] {processor.py:153} INFO - Started process (PID=820) to work on /home/airflow/.local/lib/python3.7/site-packages/airflow/example_dags/example_time_delta_sensor_async.py
[2022-09-02 18:32:58,813] {processor.py:641} INFO - Processing file /home/airflow/.local/lib/python3.7/site-packages/airflow/example_dags/example_time_delta_sensor_async.py for tasks to queue
[2022-09-02 18:32:58,837] {logging_mixin.py:115} INFO - [2022-09-02 18:32:58,834] {dagbag.py:508} INFO - Filling up the DagBag from /home/airflow/.local/lib/python3.7/site-packages/airflow/example_dags/example_time_delta_sensor_async.py
[2022-09-02 18:32:58,873] {processor.py:651} INFO - DAG(s) dict_keys(['example_time_delta_sensor_async']) retrieved from /home/airflow/.local/lib/python3.7/site-packages/airflow/example_dags/example_time_delta_sensor_async.py
[2022-09-02 18:32:59,342] {logging_mixin.py:115} INFO - [2022-09-02 18:32:59,342] {dag.py:2420} INFO - Sync 1 DAGs
[2022-09-02 18:32:59,461] {logging_mixin.py:115} INFO - [2022-09-02 18:32:59,461] {dag.py:2972} INFO - Setting next_dagrun for example_time_delta_sensor_async to None, run_after=None
[2022-09-02 18:32:59,561] {processor.py:161} INFO - Processing /home/airflow/.local/lib/python3.7/site-packages/airflow/example_dags/example_time_delta_sensor_async.py took 0.802 seconds
[2022-09-02 18:33:32,598] {processor.py:153} INFO - Started process (PID=875) to work on /home/airflow/.local/lib/python3.7/site-packages/airflow/example_dags/example_time_delta_sensor_async.py
[2022-09-02 18:33:32,645] {processor.py:641} INFO - Processing file /home/airflow/.local/lib/python3.7/site-packages/airflow/example_dags/example_time_delta_sensor_async.py for tasks to queue
[2022-09-02 18:33:32,653] {logging_mixin.py:115} INFO - [2022-09-02 18:33:32,653] {dagbag.py:508} INFO - Filling up the DagBag from /home/airflow/.local/lib/python3.7/site-packages/airflow/example_dags/example_time_delta_sensor_async.py
[2022-09-02 18:33:32,871] {processor.py:651} INFO - DAG(s) dict_keys(['example_time_delta_sensor_async']) retrieved from /home/airflow/.local/lib/python3.7/site-packages/airflow/example_dags/example_time_delta_sensor_async.py
[2022-09-02 18:33:33,890] {logging_mixin.py:115} INFO - [2022-09-02 18:33:33,889] {dag.py:2420} INFO - Sync 1 DAGs
[2022-09-02 18:33:34,132] {logging_mixin.py:115} INFO - [2022-09-02 18:33:34,114] {dag.py:2972} INFO - Setting next_dagrun for example_time_delta_sensor_async to None, run_after=None
[2022-09-02 18:33:34,193] {processor.py:161} INFO - Processing /home/airflow/.local/lib/python3.7/site-packages/airflow/example_dags/example_time_delta_sensor_async.py took 1.612 seconds
[2022-09-02 18:34:04,357] {processor.py:153} INFO - Started process (PID=918) to work on /home/airflow/.local/lib/python3.7/site-packages/airflow/example_dags/example_time_delta_sensor_async.py
[2022-09-02 18:34:04,360] {processor.py:641} INFO - Processing file /home/airflow/.local/lib/python3.7/site-packages/airflow/example_dags/example_time_delta_sensor_async.py for tasks to queue
[2022-09-02 18:34:04,363] {logging_mixin.py:115} INFO - [2022-09-02 18:34:04,363] {dagbag.py:508} INFO - Filling up the DagBag from /home/airflow/.local/lib/python3.7/site-packages/airflow/example_dags/example_time_delta_sensor_async.py
[2022-09-02 18:34:04,377] {processor.py:651} INFO - DAG(s) dict_keys(['example_time_delta_sensor_async']) retrieved from /home/airflow/.local/lib/python3.7/site-packages/airflow/example_dags/example_time_delta_sensor_async.py
[2022-09-02 18:34:04,505] {logging_mixin.py:115} INFO - [2022-09-02 18:34:04,505] {dag.py:2420} INFO - Sync 1 DAGs
[2022-09-02 18:34:04,573] {logging_mixin.py:115} INFO - [2022-09-02 18:34:04,573] {dag.py:2972} INFO - Setting next_dagrun for example_time_delta_sensor_async to None, run_after=None
[2022-09-02 18:34:04,667] {processor.py:161} INFO - Processing /home/airflow/.local/lib/python3.7/site-packages/airflow/example_dags/example_time_delta_sensor_async.py took 0.318 seconds
[2022-09-02 18:34:35,072] {processor.py:153} INFO - Started process (PID=983) to work on /home/airflow/.local/lib/python3.7/site-packages/airflow/example_dags/example_time_delta_sensor_async.py
[2022-09-02 18:34:35,075] {processor.py:641} INFO - Processing file /home/airflow/.local/lib/python3.7/site-packages/airflow/example_dags/example_time_delta_sensor_async.py for tasks to queue
[2022-09-02 18:34:35,084] {logging_mixin.py:115} INFO - [2022-09-02 18:34:35,083] {dagbag.py:508} INFO - Filling up the DagBag from /home/airflow/.local/lib/python3.7/site-packages/airflow/example_dags/example_time_delta_sensor_async.py
[2022-09-02 18:34:35,105] {processor.py:651} INFO - DAG(s) dict_keys(['example_time_delta_sensor_async']) retrieved from /home/airflow/.local/lib/python3.7/site-packages/airflow/example_dags/example_time_delta_sensor_async.py
[2022-09-02 18:34:35,233] {logging_mixin.py:115} INFO - [2022-09-02 18:34:35,233] {dag.py:2420} INFO - Sync 1 DAGs
[2022-09-02 18:34:35,294] {logging_mixin.py:115} INFO - [2022-09-02 18:34:35,294] {dag.py:2972} INFO - Setting next_dagrun for example_time_delta_sensor_async to None, run_after=None
[2022-09-02 18:34:35,356] {processor.py:161} INFO - Processing /home/airflow/.local/lib/python3.7/site-packages/airflow/example_dags/example_time_delta_sensor_async.py took 0.291 seconds
[2022-09-02 18:35:29,300] {processor.py:153} INFO - Started process (PID=1045) to work on /home/airflow/.local/lib/python3.7/site-packages/airflow/example_dags/example_time_delta_sensor_async.py
[2022-09-02 18:35:29,304] {processor.py:641} INFO - Processing file /home/airflow/.local/lib/python3.7/site-packages/airflow/example_dags/example_time_delta_sensor_async.py for tasks to queue
[2022-09-02 18:35:29,311] {logging_mixin.py:115} INFO - [2022-09-02 18:35:29,310] {dagbag.py:508} INFO - Filling up the DagBag from /home/airflow/.local/lib/python3.7/site-packages/airflow/example_dags/example_time_delta_sensor_async.py
[2022-09-02 18:35:29,332] {processor.py:651} INFO - DAG(s) dict_keys(['example_time_delta_sensor_async']) retrieved from /home/airflow/.local/lib/python3.7/site-packages/airflow/example_dags/example_time_delta_sensor_async.py
[2022-09-02 18:35:29,508] {logging_mixin.py:115} INFO - [2022-09-02 18:35:29,507] {dag.py:2420} INFO - Sync 1 DAGs
[2022-09-02 18:35:29,608] {logging_mixin.py:115} INFO - [2022-09-02 18:35:29,607] {dag.py:2972} INFO - Setting next_dagrun for example_time_delta_sensor_async to None, run_after=None
[2022-09-02 18:35:29,685] {processor.py:161} INFO - Processing /home/airflow/.local/lib/python3.7/site-packages/airflow/example_dags/example_time_delta_sensor_async.py took 0.403 seconds
[2022-09-02 18:36:02,596] {processor.py:153} INFO - Started process (PID=1098) to work on /home/airflow/.local/lib/python3.7/site-packages/airflow/example_dags/example_time_delta_sensor_async.py
[2022-09-02 18:36:02,599] {processor.py:641} INFO - Processing file /home/airflow/.local/lib/python3.7/site-packages/airflow/example_dags/example_time_delta_sensor_async.py for tasks to queue
[2022-09-02 18:36:02,604] {logging_mixin.py:115} INFO - [2022-09-02 18:36:02,604] {dagbag.py:508} INFO - Filling up the DagBag from /home/airflow/.local/lib/python3.7/site-packages/airflow/example_dags/example_time_delta_sensor_async.py
[2022-09-02 18:36:02,636] {processor.py:651} INFO - DAG(s) dict_keys(['example_time_delta_sensor_async']) retrieved from /home/airflow/.local/lib/python3.7/site-packages/airflow/example_dags/example_time_delta_sensor_async.py
[2022-09-02 18:36:02,874] {logging_mixin.py:115} INFO - [2022-09-02 18:36:02,873] {dag.py:2420} INFO - Sync 1 DAGs
[2022-09-02 18:36:03,089] {logging_mixin.py:115} INFO - [2022-09-02 18:36:03,088] {dag.py:2972} INFO - Setting next_dagrun for example_time_delta_sensor_async to None, run_after=None
[2022-09-02 18:36:03,160] {processor.py:161} INFO - Processing /home/airflow/.local/lib/python3.7/site-packages/airflow/example_dags/example_time_delta_sensor_async.py took 0.584 seconds
[2022-09-02 18:36:33,828] {processor.py:153} INFO - Started process (PID=1145) to work on /home/airflow/.local/lib/python3.7/site-packages/airflow/example_dags/example_time_delta_sensor_async.py
[2022-09-02 18:36:33,841] {processor.py:641} INFO - Processing file /home/airflow/.local/lib/python3.7/site-packages/airflow/example_dags/example_time_delta_sensor_async.py for tasks to queue
[2022-09-02 18:36:33,849] {logging_mixin.py:115} INFO - [2022-09-02 18:36:33,849] {dagbag.py:508} INFO - Filling up the DagBag from /home/airflow/.local/lib/python3.7/site-packages/airflow/example_dags/example_time_delta_sensor_async.py
[2022-09-02 18:36:33,867] {processor.py:651} INFO - DAG(s) dict_keys(['example_time_delta_sensor_async']) retrieved from /home/airflow/.local/lib/python3.7/site-packages/airflow/example_dags/example_time_delta_sensor_async.py
[2022-09-02 18:36:34,054] {logging_mixin.py:115} INFO - [2022-09-02 18:36:34,054] {dag.py:2420} INFO - Sync 1 DAGs
[2022-09-02 18:36:34,114] {logging_mixin.py:115} INFO - [2022-09-02 18:36:34,113] {dag.py:2972} INFO - Setting next_dagrun for example_time_delta_sensor_async to None, run_after=None
[2022-09-02 18:36:34,229] {processor.py:161} INFO - Processing /home/airflow/.local/lib/python3.7/site-packages/airflow/example_dags/example_time_delta_sensor_async.py took 0.423 seconds
[2022-09-02 18:37:11,407] {processor.py:153} INFO - Started process (PID=1199) to work on /home/airflow/.local/lib/python3.7/site-packages/airflow/example_dags/example_time_delta_sensor_async.py
[2022-09-02 18:37:11,421] {processor.py:641} INFO - Processing file /home/airflow/.local/lib/python3.7/site-packages/airflow/example_dags/example_time_delta_sensor_async.py for tasks to queue
[2022-09-02 18:37:11,435] {logging_mixin.py:115} INFO - [2022-09-02 18:37:11,435] {dagbag.py:508} INFO - Filling up the DagBag from /home/airflow/.local/lib/python3.7/site-packages/airflow/example_dags/example_time_delta_sensor_async.py
[2022-09-02 18:37:11,505] {processor.py:651} INFO - DAG(s) dict_keys(['example_time_delta_sensor_async']) retrieved from /home/airflow/.local/lib/python3.7/site-packages/airflow/example_dags/example_time_delta_sensor_async.py
[2022-09-02 18:37:11,890] {logging_mixin.py:115} INFO - [2022-09-02 18:37:11,890] {dag.py:2420} INFO - Sync 1 DAGs
[2022-09-02 18:37:12,061] {logging_mixin.py:115} INFO - [2022-09-02 18:37:12,057] {dag.py:2972} INFO - Setting next_dagrun for example_time_delta_sensor_async to None, run_after=None
[2022-09-02 18:37:12,163] {processor.py:161} INFO - Processing /home/airflow/.local/lib/python3.7/site-packages/airflow/example_dags/example_time_delta_sensor_async.py took 0.842 seconds
[2022-09-02 18:37:42,469] {processor.py:153} INFO - Started process (PID=1254) to work on /home/airflow/.local/lib/python3.7/site-packages/airflow/example_dags/example_time_delta_sensor_async.py
[2022-09-02 18:37:42,487] {processor.py:641} INFO - Processing file /home/airflow/.local/lib/python3.7/site-packages/airflow/example_dags/example_time_delta_sensor_async.py for tasks to queue
[2022-09-02 18:37:42,500] {logging_mixin.py:115} INFO - [2022-09-02 18:37:42,498] {dagbag.py:508} INFO - Filling up the DagBag from /home/airflow/.local/lib/python3.7/site-packages/airflow/example_dags/example_time_delta_sensor_async.py
[2022-09-02 18:37:42,539] {processor.py:651} INFO - DAG(s) dict_keys(['example_time_delta_sensor_async']) retrieved from /home/airflow/.local/lib/python3.7/site-packages/airflow/example_dags/example_time_delta_sensor_async.py
[2022-09-02 18:37:42,644] {logging_mixin.py:115} INFO - [2022-09-02 18:37:42,644] {dag.py:2420} INFO - Sync 1 DAGs
[2022-09-02 18:37:42,716] {logging_mixin.py:115} INFO - [2022-09-02 18:37:42,715] {dag.py:2972} INFO - Setting next_dagrun for example_time_delta_sensor_async to None, run_after=None
[2022-09-02 18:37:42,808] {processor.py:161} INFO - Processing /home/airflow/.local/lib/python3.7/site-packages/airflow/example_dags/example_time_delta_sensor_async.py took 0.369 seconds
[2022-09-02 18:38:13,769] {processor.py:153} INFO - Started process (PID=1309) to work on /home/airflow/.local/lib/python3.7/site-packages/airflow/example_dags/example_time_delta_sensor_async.py
[2022-09-02 18:38:13,772] {processor.py:641} INFO - Processing file /home/airflow/.local/lib/python3.7/site-packages/airflow/example_dags/example_time_delta_sensor_async.py for tasks to queue
[2022-09-02 18:38:13,774] {logging_mixin.py:115} INFO - [2022-09-02 18:38:13,774] {dagbag.py:508} INFO - Filling up the DagBag from /home/airflow/.local/lib/python3.7/site-packages/airflow/example_dags/example_time_delta_sensor_async.py
[2022-09-02 18:38:13,788] {processor.py:651} INFO - DAG(s) dict_keys(['example_time_delta_sensor_async']) retrieved from /home/airflow/.local/lib/python3.7/site-packages/airflow/example_dags/example_time_delta_sensor_async.py
[2022-09-02 18:38:13,931] {logging_mixin.py:115} INFO - [2022-09-02 18:38:13,931] {dag.py:2420} INFO - Sync 1 DAGs
[2022-09-02 18:38:13,995] {logging_mixin.py:115} INFO - [2022-09-02 18:38:13,995] {dag.py:2972} INFO - Setting next_dagrun for example_time_delta_sensor_async to None, run_after=None
[2022-09-02 18:38:14,038] {processor.py:161} INFO - Processing /home/airflow/.local/lib/python3.7/site-packages/airflow/example_dags/example_time_delta_sensor_async.py took 0.277 seconds
[2022-09-02 18:38:44,195] {processor.py:153} INFO - Started process (PID=1374) to work on /home/airflow/.local/lib/python3.7/site-packages/airflow/example_dags/example_time_delta_sensor_async.py
[2022-09-02 18:38:44,199] {processor.py:641} INFO - Processing file /home/airflow/.local/lib/python3.7/site-packages/airflow/example_dags/example_time_delta_sensor_async.py for tasks to queue
[2022-09-02 18:38:44,203] {logging_mixin.py:115} INFO - [2022-09-02 18:38:44,202] {dagbag.py:508} INFO - Filling up the DagBag from /home/airflow/.local/lib/python3.7/site-packages/airflow/example_dags/example_time_delta_sensor_async.py
[2022-09-02 18:38:44,219] {processor.py:651} INFO - DAG(s) dict_keys(['example_time_delta_sensor_async']) retrieved from /home/airflow/.local/lib/python3.7/site-packages/airflow/example_dags/example_time_delta_sensor_async.py
[2022-09-02 18:38:44,319] {logging_mixin.py:115} INFO - [2022-09-02 18:38:44,319] {dag.py:2420} INFO - Sync 1 DAGs
[2022-09-02 18:38:44,383] {logging_mixin.py:115} INFO - [2022-09-02 18:38:44,383] {dag.py:2972} INFO - Setting next_dagrun for example_time_delta_sensor_async to None, run_after=None
[2022-09-02 18:38:44,427] {processor.py:161} INFO - Processing /home/airflow/.local/lib/python3.7/site-packages/airflow/example_dags/example_time_delta_sensor_async.py took 0.240 seconds
[2022-09-02 18:39:17,406] {processor.py:153} INFO - Started process (PID=1427) to work on /home/airflow/.local/lib/python3.7/site-packages/airflow/example_dags/example_time_delta_sensor_async.py
[2022-09-02 18:39:17,412] {processor.py:641} INFO - Processing file /home/airflow/.local/lib/python3.7/site-packages/airflow/example_dags/example_time_delta_sensor_async.py for tasks to queue
[2022-09-02 18:39:17,419] {logging_mixin.py:115} INFO - [2022-09-02 18:39:17,419] {dagbag.py:508} INFO - Filling up the DagBag from /home/airflow/.local/lib/python3.7/site-packages/airflow/example_dags/example_time_delta_sensor_async.py
[2022-09-02 18:39:17,447] {processor.py:651} INFO - DAG(s) dict_keys(['example_time_delta_sensor_async']) retrieved from /home/airflow/.local/lib/python3.7/site-packages/airflow/example_dags/example_time_delta_sensor_async.py
[2022-09-02 18:39:17,898] {logging_mixin.py:115} INFO - [2022-09-02 18:39:17,898] {dag.py:2420} INFO - Sync 1 DAGs
[2022-09-02 18:39:18,032] {logging_mixin.py:115} INFO - [2022-09-02 18:39:18,032] {dag.py:2972} INFO - Setting next_dagrun for example_time_delta_sensor_async to None, run_after=None
[2022-09-02 18:39:18,156] {processor.py:161} INFO - Processing /home/airflow/.local/lib/python3.7/site-packages/airflow/example_dags/example_time_delta_sensor_async.py took 0.769 seconds
