[2022-09-02 18:26:45,139] {processor.py:153} INFO - Started process (PID=163) to work on /home/airflow/.local/lib/python3.7/site-packages/airflow/example_dags/example_branch_day_of_week_operator.py
[2022-09-02 18:26:45,142] {processor.py:641} INFO - Processing file /home/airflow/.local/lib/python3.7/site-packages/airflow/example_dags/example_branch_day_of_week_operator.py for tasks to queue
[2022-09-02 18:26:45,157] {logging_mixin.py:115} INFO - [2022-09-02 18:26:45,157] {dagbag.py:508} INFO - Filling up the DagBag from /home/airflow/.local/lib/python3.7/site-packages/airflow/example_dags/example_branch_day_of_week_operator.py
[2022-09-02 18:26:45,194] {processor.py:651} INFO - DAG(s) dict_keys(['example_weekday_branch_operator']) retrieved from /home/airflow/.local/lib/python3.7/site-packages/airflow/example_dags/example_branch_day_of_week_operator.py
[2022-09-02 18:26:46,887] {logging_mixin.py:115} INFO - [2022-09-02 18:26:46,887] {manager.py:508} INFO - Created Permission View: can delete on DAG:example_weekday_branch_operator
[2022-09-02 18:26:46,999] {logging_mixin.py:115} INFO - [2022-09-02 18:26:46,996] {manager.py:508} INFO - Created Permission View: can edit on DAG:example_weekday_branch_operator
[2022-09-02 18:26:47,107] {logging_mixin.py:115} INFO - [2022-09-02 18:26:47,107] {manager.py:508} INFO - Created Permission View: can read on DAG:example_weekday_branch_operator
[2022-09-02 18:26:47,109] {logging_mixin.py:115} INFO - [2022-09-02 18:26:47,109] {dag.py:2420} INFO - Sync 1 DAGs
[2022-09-02 18:26:47,156] {logging_mixin.py:115} INFO - [2022-09-02 18:26:47,156] {dag.py:2439} INFO - Creating ORM DAG for example_weekday_branch_operator
[2022-09-02 18:26:47,288] {logging_mixin.py:115} INFO - [2022-09-02 18:26:47,288] {dag.py:2972} INFO - Setting next_dagrun for example_weekday_branch_operator to 2022-09-01T00:00:00+00:00, run_after=2022-09-02T00:00:00+00:00
[2022-09-02 18:26:47,370] {processor.py:161} INFO - Processing /home/airflow/.local/lib/python3.7/site-packages/airflow/example_dags/example_branch_day_of_week_operator.py took 2.240 seconds
[2022-09-02 18:27:17,990] {processor.py:153} INFO - Started process (PID=217) to work on /home/airflow/.local/lib/python3.7/site-packages/airflow/example_dags/example_branch_day_of_week_operator.py
[2022-09-02 18:27:17,992] {processor.py:641} INFO - Processing file /home/airflow/.local/lib/python3.7/site-packages/airflow/example_dags/example_branch_day_of_week_operator.py for tasks to queue
[2022-09-02 18:27:17,995] {logging_mixin.py:115} INFO - [2022-09-02 18:27:17,994] {dagbag.py:508} INFO - Filling up the DagBag from /home/airflow/.local/lib/python3.7/site-packages/airflow/example_dags/example_branch_day_of_week_operator.py
[2022-09-02 18:27:18,014] {processor.py:651} INFO - DAG(s) dict_keys(['example_weekday_branch_operator']) retrieved from /home/airflow/.local/lib/python3.7/site-packages/airflow/example_dags/example_branch_day_of_week_operator.py
[2022-09-02 18:27:18,345] {logging_mixin.py:115} INFO - [2022-09-02 18:27:18,344] {dag.py:2420} INFO - Sync 1 DAGs
[2022-09-02 18:27:18,465] {logging_mixin.py:115} INFO - [2022-09-02 18:27:18,465] {dag.py:2972} INFO - Setting next_dagrun for example_weekday_branch_operator to 2022-09-01T00:00:00+00:00, run_after=2022-09-02T00:00:00+00:00
[2022-09-02 18:27:18,500] {processor.py:161} INFO - Processing /home/airflow/.local/lib/python3.7/site-packages/airflow/example_dags/example_branch_day_of_week_operator.py took 0.523 seconds
[2022-09-02 18:27:50,950] {processor.py:153} INFO - Started process (PID=280) to work on /home/airflow/.local/lib/python3.7/site-packages/airflow/example_dags/example_branch_day_of_week_operator.py
[2022-09-02 18:27:50,956] {processor.py:641} INFO - Processing file /home/airflow/.local/lib/python3.7/site-packages/airflow/example_dags/example_branch_day_of_week_operator.py for tasks to queue
[2022-09-02 18:27:50,961] {logging_mixin.py:115} INFO - [2022-09-02 18:27:50,960] {dagbag.py:508} INFO - Filling up the DagBag from /home/airflow/.local/lib/python3.7/site-packages/airflow/example_dags/example_branch_day_of_week_operator.py
[2022-09-02 18:27:50,996] {processor.py:651} INFO - DAG(s) dict_keys(['example_weekday_branch_operator']) retrieved from /home/airflow/.local/lib/python3.7/site-packages/airflow/example_dags/example_branch_day_of_week_operator.py
[2022-09-02 18:27:51,651] {logging_mixin.py:115} INFO - [2022-09-02 18:27:51,650] {dag.py:2420} INFO - Sync 1 DAGs
[2022-09-02 18:27:52,263] {logging_mixin.py:115} INFO - [2022-09-02 18:27:52,261] {dag.py:2972} INFO - Setting next_dagrun for example_weekday_branch_operator to 2022-09-01T00:00:00+00:00, run_after=2022-09-02T00:00:00+00:00
[2022-09-02 18:27:52,412] {processor.py:161} INFO - Processing /home/airflow/.local/lib/python3.7/site-packages/airflow/example_dags/example_branch_day_of_week_operator.py took 1.481 seconds
[2022-09-02 18:28:22,583] {processor.py:153} INFO - Started process (PID=335) to work on /home/airflow/.local/lib/python3.7/site-packages/airflow/example_dags/example_branch_day_of_week_operator.py
[2022-09-02 18:28:22,586] {processor.py:641} INFO - Processing file /home/airflow/.local/lib/python3.7/site-packages/airflow/example_dags/example_branch_day_of_week_operator.py for tasks to queue
[2022-09-02 18:28:22,589] {logging_mixin.py:115} INFO - [2022-09-02 18:28:22,589] {dagbag.py:508} INFO - Filling up the DagBag from /home/airflow/.local/lib/python3.7/site-packages/airflow/example_dags/example_branch_day_of_week_operator.py
[2022-09-02 18:28:22,611] {processor.py:651} INFO - DAG(s) dict_keys(['example_weekday_branch_operator']) retrieved from /home/airflow/.local/lib/python3.7/site-packages/airflow/example_dags/example_branch_day_of_week_operator.py
[2022-09-02 18:28:22,905] {logging_mixin.py:115} INFO - [2022-09-02 18:28:22,905] {dag.py:2420} INFO - Sync 1 DAGs
[2022-09-02 18:28:22,956] {logging_mixin.py:115} INFO - [2022-09-02 18:28:22,956] {dag.py:2972} INFO - Setting next_dagrun for example_weekday_branch_operator to 2022-09-01T00:00:00+00:00, run_after=2022-09-02T00:00:00+00:00
[2022-09-02 18:28:22,991] {processor.py:161} INFO - Processing /home/airflow/.local/lib/python3.7/site-packages/airflow/example_dags/example_branch_day_of_week_operator.py took 0.416 seconds
[2022-09-02 18:28:54,054] {processor.py:153} INFO - Started process (PID=391) to work on /home/airflow/.local/lib/python3.7/site-packages/airflow/example_dags/example_branch_day_of_week_operator.py
[2022-09-02 18:28:54,057] {processor.py:641} INFO - Processing file /home/airflow/.local/lib/python3.7/site-packages/airflow/example_dags/example_branch_day_of_week_operator.py for tasks to queue
[2022-09-02 18:28:54,059] {logging_mixin.py:115} INFO - [2022-09-02 18:28:54,059] {dagbag.py:508} INFO - Filling up the DagBag from /home/airflow/.local/lib/python3.7/site-packages/airflow/example_dags/example_branch_day_of_week_operator.py
[2022-09-02 18:28:54,081] {processor.py:651} INFO - DAG(s) dict_keys(['example_weekday_branch_operator']) retrieved from /home/airflow/.local/lib/python3.7/site-packages/airflow/example_dags/example_branch_day_of_week_operator.py
[2022-09-02 18:28:54,384] {logging_mixin.py:115} INFO - [2022-09-02 18:28:54,383] {dag.py:2420} INFO - Sync 1 DAGs
[2022-09-02 18:28:54,443] {logging_mixin.py:115} INFO - [2022-09-02 18:28:54,443] {dag.py:2972} INFO - Setting next_dagrun for example_weekday_branch_operator to 2022-09-01T00:00:00+00:00, run_after=2022-09-02T00:00:00+00:00
[2022-09-02 18:28:54,517] {processor.py:161} INFO - Processing /home/airflow/.local/lib/python3.7/site-packages/airflow/example_dags/example_branch_day_of_week_operator.py took 0.469 seconds
[2022-09-02 18:29:28,394] {processor.py:153} INFO - Started process (PID=445) to work on /home/airflow/.local/lib/python3.7/site-packages/airflow/example_dags/example_branch_day_of_week_operator.py
[2022-09-02 18:29:28,399] {processor.py:641} INFO - Processing file /home/airflow/.local/lib/python3.7/site-packages/airflow/example_dags/example_branch_day_of_week_operator.py for tasks to queue
[2022-09-02 18:29:28,404] {logging_mixin.py:115} INFO - [2022-09-02 18:29:28,404] {dagbag.py:508} INFO - Filling up the DagBag from /home/airflow/.local/lib/python3.7/site-packages/airflow/example_dags/example_branch_day_of_week_operator.py
[2022-09-02 18:29:28,446] {processor.py:651} INFO - DAG(s) dict_keys(['example_weekday_branch_operator']) retrieved from /home/airflow/.local/lib/python3.7/site-packages/airflow/example_dags/example_branch_day_of_week_operator.py
[2022-09-02 18:29:28,896] {logging_mixin.py:115} INFO - [2022-09-02 18:29:28,896] {dag.py:2420} INFO - Sync 1 DAGs
[2022-09-02 18:29:28,963] {logging_mixin.py:115} INFO - [2022-09-02 18:29:28,962] {dag.py:2972} INFO - Setting next_dagrun for example_weekday_branch_operator to 2022-09-01T00:00:00+00:00, run_after=2022-09-02T00:00:00+00:00
[2022-09-02 18:29:29,000] {processor.py:161} INFO - Processing /home/airflow/.local/lib/python3.7/site-packages/airflow/example_dags/example_branch_day_of_week_operator.py took 0.628 seconds
[2022-09-02 18:29:59,910] {processor.py:153} INFO - Started process (PID=499) to work on /home/airflow/.local/lib/python3.7/site-packages/airflow/example_dags/example_branch_day_of_week_operator.py
[2022-09-02 18:29:59,914] {processor.py:641} INFO - Processing file /home/airflow/.local/lib/python3.7/site-packages/airflow/example_dags/example_branch_day_of_week_operator.py for tasks to queue
[2022-09-02 18:29:59,917] {logging_mixin.py:115} INFO - [2022-09-02 18:29:59,916] {dagbag.py:508} INFO - Filling up the DagBag from /home/airflow/.local/lib/python3.7/site-packages/airflow/example_dags/example_branch_day_of_week_operator.py
[2022-09-02 18:29:59,946] {processor.py:651} INFO - DAG(s) dict_keys(['example_weekday_branch_operator']) retrieved from /home/airflow/.local/lib/python3.7/site-packages/airflow/example_dags/example_branch_day_of_week_operator.py
[2022-09-02 18:30:00,250] {logging_mixin.py:115} INFO - [2022-09-02 18:30:00,250] {dag.py:2420} INFO - Sync 1 DAGs
[2022-09-02 18:30:00,291] {logging_mixin.py:115} INFO - [2022-09-02 18:30:00,291] {dag.py:2972} INFO - Setting next_dagrun for example_weekday_branch_operator to 2022-09-01T00:00:00+00:00, run_after=2022-09-02T00:00:00+00:00
[2022-09-02 18:30:00,323] {processor.py:161} INFO - Processing /home/airflow/.local/lib/python3.7/site-packages/airflow/example_dags/example_branch_day_of_week_operator.py took 0.425 seconds
[2022-09-02 18:30:30,848] {processor.py:153} INFO - Started process (PID=555) to work on /home/airflow/.local/lib/python3.7/site-packages/airflow/example_dags/example_branch_day_of_week_operator.py
[2022-09-02 18:30:30,857] {processor.py:641} INFO - Processing file /home/airflow/.local/lib/python3.7/site-packages/airflow/example_dags/example_branch_day_of_week_operator.py for tasks to queue
[2022-09-02 18:30:30,860] {logging_mixin.py:115} INFO - [2022-09-02 18:30:30,860] {dagbag.py:508} INFO - Filling up the DagBag from /home/airflow/.local/lib/python3.7/site-packages/airflow/example_dags/example_branch_day_of_week_operator.py
[2022-09-02 18:30:30,890] {processor.py:651} INFO - DAG(s) dict_keys(['example_weekday_branch_operator']) retrieved from /home/airflow/.local/lib/python3.7/site-packages/airflow/example_dags/example_branch_day_of_week_operator.py
[2022-09-02 18:30:31,430] {logging_mixin.py:115} INFO - [2022-09-02 18:30:31,429] {dag.py:2420} INFO - Sync 1 DAGs
[2022-09-02 18:30:31,565] {logging_mixin.py:115} INFO - [2022-09-02 18:30:31,565] {dag.py:2972} INFO - Setting next_dagrun for example_weekday_branch_operator to 2022-09-01T00:00:00+00:00, run_after=2022-09-02T00:00:00+00:00
[2022-09-02 18:30:31,605] {processor.py:161} INFO - Processing /home/airflow/.local/lib/python3.7/site-packages/airflow/example_dags/example_branch_day_of_week_operator.py took 0.789 seconds
[2022-09-02 18:31:01,841] {processor.py:153} INFO - Started process (PID=609) to work on /home/airflow/.local/lib/python3.7/site-packages/airflow/example_dags/example_branch_day_of_week_operator.py
[2022-09-02 18:31:01,843] {processor.py:641} INFO - Processing file /home/airflow/.local/lib/python3.7/site-packages/airflow/example_dags/example_branch_day_of_week_operator.py for tasks to queue
[2022-09-02 18:31:01,846] {logging_mixin.py:115} INFO - [2022-09-02 18:31:01,845] {dagbag.py:508} INFO - Filling up the DagBag from /home/airflow/.local/lib/python3.7/site-packages/airflow/example_dags/example_branch_day_of_week_operator.py
[2022-09-02 18:31:01,867] {processor.py:651} INFO - DAG(s) dict_keys(['example_weekday_branch_operator']) retrieved from /home/airflow/.local/lib/python3.7/site-packages/airflow/example_dags/example_branch_day_of_week_operator.py
[2022-09-02 18:31:02,144] {logging_mixin.py:115} INFO - [2022-09-02 18:31:02,144] {dag.py:2420} INFO - Sync 1 DAGs
[2022-09-02 18:31:02,184] {logging_mixin.py:115} INFO - [2022-09-02 18:31:02,184] {dag.py:2972} INFO - Setting next_dagrun for example_weekday_branch_operator to 2022-09-01T00:00:00+00:00, run_after=2022-09-02T00:00:00+00:00
[2022-09-02 18:31:02,218] {processor.py:161} INFO - Processing /home/airflow/.local/lib/python3.7/site-packages/airflow/example_dags/example_branch_day_of_week_operator.py took 0.386 seconds
[2022-09-02 18:31:32,800] {processor.py:153} INFO - Started process (PID=666) to work on /home/airflow/.local/lib/python3.7/site-packages/airflow/example_dags/example_branch_day_of_week_operator.py
[2022-09-02 18:31:32,802] {processor.py:641} INFO - Processing file /home/airflow/.local/lib/python3.7/site-packages/airflow/example_dags/example_branch_day_of_week_operator.py for tasks to queue
[2022-09-02 18:31:32,805] {logging_mixin.py:115} INFO - [2022-09-02 18:31:32,805] {dagbag.py:508} INFO - Filling up the DagBag from /home/airflow/.local/lib/python3.7/site-packages/airflow/example_dags/example_branch_day_of_week_operator.py
[2022-09-02 18:31:32,828] {processor.py:651} INFO - DAG(s) dict_keys(['example_weekday_branch_operator']) retrieved from /home/airflow/.local/lib/python3.7/site-packages/airflow/example_dags/example_branch_day_of_week_operator.py
[2022-09-02 18:31:32,901] {logging_mixin.py:115} INFO - [2022-09-02 18:31:32,901] {dag.py:2420} INFO - Sync 1 DAGs
[2022-09-02 18:31:32,952] {logging_mixin.py:115} INFO - [2022-09-02 18:31:32,952] {dag.py:2972} INFO - Setting next_dagrun for example_weekday_branch_operator to 2022-09-01T00:00:00+00:00, run_after=2022-09-02T00:00:00+00:00
[2022-09-02 18:31:32,982] {processor.py:161} INFO - Processing /home/airflow/.local/lib/python3.7/site-packages/airflow/example_dags/example_branch_day_of_week_operator.py took 0.194 seconds
[2022-09-02 18:32:06,516] {processor.py:153} INFO - Started process (PID=720) to work on /home/airflow/.local/lib/python3.7/site-packages/airflow/example_dags/example_branch_day_of_week_operator.py
[2022-09-02 18:32:06,519] {processor.py:641} INFO - Processing file /home/airflow/.local/lib/python3.7/site-packages/airflow/example_dags/example_branch_day_of_week_operator.py for tasks to queue
[2022-09-02 18:32:06,536] {logging_mixin.py:115} INFO - [2022-09-02 18:32:06,536] {dagbag.py:508} INFO - Filling up the DagBag from /home/airflow/.local/lib/python3.7/site-packages/airflow/example_dags/example_branch_day_of_week_operator.py
[2022-09-02 18:32:06,918] {processor.py:651} INFO - DAG(s) dict_keys(['example_weekday_branch_operator']) retrieved from /home/airflow/.local/lib/python3.7/site-packages/airflow/example_dags/example_branch_day_of_week_operator.py
[2022-09-02 18:32:07,752] {logging_mixin.py:115} INFO - [2022-09-02 18:32:07,751] {dag.py:2420} INFO - Sync 1 DAGs
[2022-09-02 18:32:08,215] {logging_mixin.py:115} INFO - [2022-09-02 18:32:08,202] {dag.py:2972} INFO - Setting next_dagrun for example_weekday_branch_operator to 2022-09-01T00:00:00+00:00, run_after=2022-09-02T00:00:00+00:00
[2022-09-02 18:32:08,306] {processor.py:161} INFO - Processing /home/airflow/.local/lib/python3.7/site-packages/airflow/example_dags/example_branch_day_of_week_operator.py took 1.909 seconds
[2022-09-02 18:32:38,562] {processor.py:153} INFO - Started process (PID=776) to work on /home/airflow/.local/lib/python3.7/site-packages/airflow/example_dags/example_branch_day_of_week_operator.py
[2022-09-02 18:32:38,564] {processor.py:641} INFO - Processing file /home/airflow/.local/lib/python3.7/site-packages/airflow/example_dags/example_branch_day_of_week_operator.py for tasks to queue
[2022-09-02 18:32:38,568] {logging_mixin.py:115} INFO - [2022-09-02 18:32:38,568] {dagbag.py:508} INFO - Filling up the DagBag from /home/airflow/.local/lib/python3.7/site-packages/airflow/example_dags/example_branch_day_of_week_operator.py
[2022-09-02 18:32:38,606] {processor.py:651} INFO - DAG(s) dict_keys(['example_weekday_branch_operator']) retrieved from /home/airflow/.local/lib/python3.7/site-packages/airflow/example_dags/example_branch_day_of_week_operator.py
[2022-09-02 18:32:38,687] {logging_mixin.py:115} INFO - [2022-09-02 18:32:38,685] {dag.py:2420} INFO - Sync 1 DAGs
[2022-09-02 18:32:38,750] {logging_mixin.py:115} INFO - [2022-09-02 18:32:38,750] {dag.py:2972} INFO - Setting next_dagrun for example_weekday_branch_operator to 2022-09-01T00:00:00+00:00, run_after=2022-09-02T00:00:00+00:00
[2022-09-02 18:32:38,802] {processor.py:161} INFO - Processing /home/airflow/.local/lib/python3.7/site-packages/airflow/example_dags/example_branch_day_of_week_operator.py took 0.253 seconds
[2022-09-02 18:33:09,128] {processor.py:153} INFO - Started process (PID=831) to work on /home/airflow/.local/lib/python3.7/site-packages/airflow/example_dags/example_branch_day_of_week_operator.py
[2022-09-02 18:33:09,132] {processor.py:641} INFO - Processing file /home/airflow/.local/lib/python3.7/site-packages/airflow/example_dags/example_branch_day_of_week_operator.py for tasks to queue
[2022-09-02 18:33:09,135] {logging_mixin.py:115} INFO - [2022-09-02 18:33:09,135] {dagbag.py:508} INFO - Filling up the DagBag from /home/airflow/.local/lib/python3.7/site-packages/airflow/example_dags/example_branch_day_of_week_operator.py
[2022-09-02 18:33:09,185] {processor.py:651} INFO - DAG(s) dict_keys(['example_weekday_branch_operator']) retrieved from /home/airflow/.local/lib/python3.7/site-packages/airflow/example_dags/example_branch_day_of_week_operator.py
[2022-09-02 18:33:09,305] {logging_mixin.py:115} INFO - [2022-09-02 18:33:09,304] {dag.py:2420} INFO - Sync 1 DAGs
[2022-09-02 18:33:09,413] {logging_mixin.py:115} INFO - [2022-09-02 18:33:09,412] {dag.py:2972} INFO - Setting next_dagrun for example_weekday_branch_operator to 2022-09-01T00:00:00+00:00, run_after=2022-09-02T00:00:00+00:00
[2022-09-02 18:33:09,453] {processor.py:161} INFO - Processing /home/airflow/.local/lib/python3.7/site-packages/airflow/example_dags/example_branch_day_of_week_operator.py took 0.333 seconds
[2022-09-02 18:33:39,946] {processor.py:153} INFO - Started process (PID=886) to work on /home/airflow/.local/lib/python3.7/site-packages/airflow/example_dags/example_branch_day_of_week_operator.py
[2022-09-02 18:33:39,958] {processor.py:641} INFO - Processing file /home/airflow/.local/lib/python3.7/site-packages/airflow/example_dags/example_branch_day_of_week_operator.py for tasks to queue
[2022-09-02 18:33:39,964] {logging_mixin.py:115} INFO - [2022-09-02 18:33:39,964] {dagbag.py:508} INFO - Filling up the DagBag from /home/airflow/.local/lib/python3.7/site-packages/airflow/example_dags/example_branch_day_of_week_operator.py
[2022-09-02 18:33:40,026] {processor.py:651} INFO - DAG(s) dict_keys(['example_weekday_branch_operator']) retrieved from /home/airflow/.local/lib/python3.7/site-packages/airflow/example_dags/example_branch_day_of_week_operator.py
[2022-09-02 18:33:40,195] {logging_mixin.py:115} INFO - [2022-09-02 18:33:40,194] {dag.py:2420} INFO - Sync 1 DAGs
[2022-09-02 18:33:40,276] {logging_mixin.py:115} INFO - [2022-09-02 18:33:40,275] {dag.py:2972} INFO - Setting next_dagrun for example_weekday_branch_operator to 2022-09-01T00:00:00+00:00, run_after=2022-09-02T00:00:00+00:00
[2022-09-02 18:33:40,335] {processor.py:161} INFO - Processing /home/airflow/.local/lib/python3.7/site-packages/airflow/example_dags/example_branch_day_of_week_operator.py took 0.405 seconds
[2022-09-02 18:34:10,442] {processor.py:153} INFO - Started process (PID=939) to work on /home/airflow/.local/lib/python3.7/site-packages/airflow/example_dags/example_branch_day_of_week_operator.py
[2022-09-02 18:34:10,445] {processor.py:641} INFO - Processing file /home/airflow/.local/lib/python3.7/site-packages/airflow/example_dags/example_branch_day_of_week_operator.py for tasks to queue
[2022-09-02 18:34:10,451] {logging_mixin.py:115} INFO - [2022-09-02 18:34:10,450] {dagbag.py:508} INFO - Filling up the DagBag from /home/airflow/.local/lib/python3.7/site-packages/airflow/example_dags/example_branch_day_of_week_operator.py
[2022-09-02 18:34:10,478] {processor.py:651} INFO - DAG(s) dict_keys(['example_weekday_branch_operator']) retrieved from /home/airflow/.local/lib/python3.7/site-packages/airflow/example_dags/example_branch_day_of_week_operator.py
[2022-09-02 18:34:10,559] {logging_mixin.py:115} INFO - [2022-09-02 18:34:10,559] {dag.py:2420} INFO - Sync 1 DAGs
[2022-09-02 18:34:10,616] {logging_mixin.py:115} INFO - [2022-09-02 18:34:10,616] {dag.py:2972} INFO - Setting next_dagrun for example_weekday_branch_operator to 2022-09-01T00:00:00+00:00, run_after=2022-09-02T00:00:00+00:00
[2022-09-02 18:34:10,648] {processor.py:161} INFO - Processing /home/airflow/.local/lib/python3.7/site-packages/airflow/example_dags/example_branch_day_of_week_operator.py took 0.229 seconds
[2022-09-02 18:35:13,432] {processor.py:153} INFO - Started process (PID=1017) to work on /home/airflow/.local/lib/python3.7/site-packages/airflow/example_dags/example_branch_day_of_week_operator.py
[2022-09-02 18:35:13,442] {processor.py:641} INFO - Processing file /home/airflow/.local/lib/python3.7/site-packages/airflow/example_dags/example_branch_day_of_week_operator.py for tasks to queue
[2022-09-02 18:35:13,453] {logging_mixin.py:115} INFO - [2022-09-02 18:35:13,452] {dagbag.py:508} INFO - Filling up the DagBag from /home/airflow/.local/lib/python3.7/site-packages/airflow/example_dags/example_branch_day_of_week_operator.py
[2022-09-02 18:35:13,772] {processor.py:651} INFO - DAG(s) dict_keys(['example_weekday_branch_operator']) retrieved from /home/airflow/.local/lib/python3.7/site-packages/airflow/example_dags/example_branch_day_of_week_operator.py
[2022-09-02 18:35:14,786] {logging_mixin.py:115} INFO - [2022-09-02 18:35:14,785] {dag.py:2420} INFO - Sync 1 DAGs
[2022-09-02 18:35:15,429] {logging_mixin.py:115} INFO - [2022-09-02 18:35:15,428] {dag.py:2972} INFO - Setting next_dagrun for example_weekday_branch_operator to 2022-09-01T00:00:00+00:00, run_after=2022-09-02T00:00:00+00:00
[2022-09-02 18:35:15,993] {processor.py:161} INFO - Processing /home/airflow/.local/lib/python3.7/site-packages/airflow/example_dags/example_branch_day_of_week_operator.py took 2.806 seconds
[2022-09-02 18:35:47,855] {processor.py:153} INFO - Started process (PID=1073) to work on /home/airflow/.local/lib/python3.7/site-packages/airflow/example_dags/example_branch_day_of_week_operator.py
[2022-09-02 18:35:47,867] {processor.py:641} INFO - Processing file /home/airflow/.local/lib/python3.7/site-packages/airflow/example_dags/example_branch_day_of_week_operator.py for tasks to queue
[2022-09-02 18:35:47,873] {logging_mixin.py:115} INFO - [2022-09-02 18:35:47,872] {dagbag.py:508} INFO - Filling up the DagBag from /home/airflow/.local/lib/python3.7/site-packages/airflow/example_dags/example_branch_day_of_week_operator.py
[2022-09-02 18:35:48,068] {processor.py:651} INFO - DAG(s) dict_keys(['example_weekday_branch_operator']) retrieved from /home/airflow/.local/lib/python3.7/site-packages/airflow/example_dags/example_branch_day_of_week_operator.py
[2022-09-02 18:35:49,296] {logging_mixin.py:115} INFO - [2022-09-02 18:35:49,296] {dag.py:2420} INFO - Sync 1 DAGs
[2022-09-02 18:35:49,619] {logging_mixin.py:115} INFO - [2022-09-02 18:35:49,619] {dag.py:2972} INFO - Setting next_dagrun for example_weekday_branch_operator to 2022-09-01T00:00:00+00:00, run_after=2022-09-02T00:00:00+00:00
[2022-09-02 18:35:49,720] {processor.py:161} INFO - Processing /home/airflow/.local/lib/python3.7/site-packages/airflow/example_dags/example_branch_day_of_week_operator.py took 1.896 seconds
[2022-09-02 18:36:19,931] {processor.py:153} INFO - Started process (PID=1118) to work on /home/airflow/.local/lib/python3.7/site-packages/airflow/example_dags/example_branch_day_of_week_operator.py
[2022-09-02 18:36:19,936] {processor.py:641} INFO - Processing file /home/airflow/.local/lib/python3.7/site-packages/airflow/example_dags/example_branch_day_of_week_operator.py for tasks to queue
[2022-09-02 18:36:19,943] {logging_mixin.py:115} INFO - [2022-09-02 18:36:19,941] {dagbag.py:508} INFO - Filling up the DagBag from /home/airflow/.local/lib/python3.7/site-packages/airflow/example_dags/example_branch_day_of_week_operator.py
[2022-09-02 18:36:19,983] {processor.py:651} INFO - DAG(s) dict_keys(['example_weekday_branch_operator']) retrieved from /home/airflow/.local/lib/python3.7/site-packages/airflow/example_dags/example_branch_day_of_week_operator.py
[2022-09-02 18:36:20,058] {logging_mixin.py:115} INFO - [2022-09-02 18:36:20,057] {dag.py:2420} INFO - Sync 1 DAGs
[2022-09-02 18:36:20,116] {logging_mixin.py:115} INFO - [2022-09-02 18:36:20,116] {dag.py:2972} INFO - Setting next_dagrun for example_weekday_branch_operator to 2022-09-01T00:00:00+00:00, run_after=2022-09-02T00:00:00+00:00
[2022-09-02 18:36:20,161] {processor.py:161} INFO - Processing /home/airflow/.local/lib/python3.7/site-packages/airflow/example_dags/example_branch_day_of_week_operator.py took 0.238 seconds
[2022-09-02 18:36:53,002] {processor.py:153} INFO - Started process (PID=1173) to work on /home/airflow/.local/lib/python3.7/site-packages/airflow/example_dags/example_branch_day_of_week_operator.py
[2022-09-02 18:36:53,021] {processor.py:641} INFO - Processing file /home/airflow/.local/lib/python3.7/site-packages/airflow/example_dags/example_branch_day_of_week_operator.py for tasks to queue
[2022-09-02 18:36:53,043] {logging_mixin.py:115} INFO - [2022-09-02 18:36:53,037] {dagbag.py:508} INFO - Filling up the DagBag from /home/airflow/.local/lib/python3.7/site-packages/airflow/example_dags/example_branch_day_of_week_operator.py
[2022-09-02 18:36:53,090] {processor.py:651} INFO - DAG(s) dict_keys(['example_weekday_branch_operator']) retrieved from /home/airflow/.local/lib/python3.7/site-packages/airflow/example_dags/example_branch_day_of_week_operator.py
[2022-09-02 18:36:53,221] {logging_mixin.py:115} INFO - [2022-09-02 18:36:53,220] {dag.py:2420} INFO - Sync 1 DAGs
[2022-09-02 18:36:53,380] {logging_mixin.py:115} INFO - [2022-09-02 18:36:53,380] {dag.py:2972} INFO - Setting next_dagrun for example_weekday_branch_operator to 2022-09-01T00:00:00+00:00, run_after=2022-09-02T00:00:00+00:00
[2022-09-02 18:36:53,528] {processor.py:161} INFO - Processing /home/airflow/.local/lib/python3.7/site-packages/airflow/example_dags/example_branch_day_of_week_operator.py took 0.576 seconds
[2022-09-02 18:37:23,949] {processor.py:153} INFO - Started process (PID=1227) to work on /home/airflow/.local/lib/python3.7/site-packages/airflow/example_dags/example_branch_day_of_week_operator.py
[2022-09-02 18:37:23,977] {processor.py:641} INFO - Processing file /home/airflow/.local/lib/python3.7/site-packages/airflow/example_dags/example_branch_day_of_week_operator.py for tasks to queue
[2022-09-02 18:37:23,987] {logging_mixin.py:115} INFO - [2022-09-02 18:37:23,985] {dagbag.py:508} INFO - Filling up the DagBag from /home/airflow/.local/lib/python3.7/site-packages/airflow/example_dags/example_branch_day_of_week_operator.py
[2022-09-02 18:37:24,036] {processor.py:651} INFO - DAG(s) dict_keys(['example_weekday_branch_operator']) retrieved from /home/airflow/.local/lib/python3.7/site-packages/airflow/example_dags/example_branch_day_of_week_operator.py
[2022-09-02 18:37:24,257] {logging_mixin.py:115} INFO - [2022-09-02 18:37:24,256] {dag.py:2420} INFO - Sync 1 DAGs
[2022-09-02 18:37:24,613] {logging_mixin.py:115} INFO - [2022-09-02 18:37:24,612] {dag.py:2972} INFO - Setting next_dagrun for example_weekday_branch_operator to 2022-09-01T00:00:00+00:00, run_after=2022-09-02T00:00:00+00:00
[2022-09-02 18:37:24,702] {processor.py:161} INFO - Processing /home/airflow/.local/lib/python3.7/site-packages/airflow/example_dags/example_branch_day_of_week_operator.py took 0.788 seconds
[2022-09-02 18:37:56,060] {processor.py:153} INFO - Started process (PID=1282) to work on /home/airflow/.local/lib/python3.7/site-packages/airflow/example_dags/example_branch_day_of_week_operator.py
[2022-09-02 18:37:56,111] {processor.py:641} INFO - Processing file /home/airflow/.local/lib/python3.7/site-packages/airflow/example_dags/example_branch_day_of_week_operator.py for tasks to queue
[2022-09-02 18:37:56,173] {logging_mixin.py:115} INFO - [2022-09-02 18:37:56,144] {dagbag.py:508} INFO - Filling up the DagBag from /home/airflow/.local/lib/python3.7/site-packages/airflow/example_dags/example_branch_day_of_week_operator.py
[2022-09-02 18:37:56,254] {processor.py:651} INFO - DAG(s) dict_keys(['example_weekday_branch_operator']) retrieved from /home/airflow/.local/lib/python3.7/site-packages/airflow/example_dags/example_branch_day_of_week_operator.py
[2022-09-02 18:37:56,582] {logging_mixin.py:115} INFO - [2022-09-02 18:37:56,582] {dag.py:2420} INFO - Sync 1 DAGs
[2022-09-02 18:37:56,835] {logging_mixin.py:115} INFO - [2022-09-02 18:37:56,834] {dag.py:2972} INFO - Setting next_dagrun for example_weekday_branch_operator to 2022-09-01T00:00:00+00:00, run_after=2022-09-02T00:00:00+00:00
[2022-09-02 18:37:56,897] {processor.py:161} INFO - Processing /home/airflow/.local/lib/python3.7/site-packages/airflow/example_dags/example_branch_day_of_week_operator.py took 0.872 seconds
[2022-09-02 18:38:27,126] {processor.py:153} INFO - Started process (PID=1338) to work on /home/airflow/.local/lib/python3.7/site-packages/airflow/example_dags/example_branch_day_of_week_operator.py
[2022-09-02 18:38:27,129] {processor.py:641} INFO - Processing file /home/airflow/.local/lib/python3.7/site-packages/airflow/example_dags/example_branch_day_of_week_operator.py for tasks to queue
[2022-09-02 18:38:27,134] {logging_mixin.py:115} INFO - [2022-09-02 18:38:27,133] {dagbag.py:508} INFO - Filling up the DagBag from /home/airflow/.local/lib/python3.7/site-packages/airflow/example_dags/example_branch_day_of_week_operator.py
[2022-09-02 18:38:27,162] {processor.py:651} INFO - DAG(s) dict_keys(['example_weekday_branch_operator']) retrieved from /home/airflow/.local/lib/python3.7/site-packages/airflow/example_dags/example_branch_day_of_week_operator.py
[2022-09-02 18:38:27,226] {logging_mixin.py:115} INFO - [2022-09-02 18:38:27,226] {dag.py:2420} INFO - Sync 1 DAGs
[2022-09-02 18:38:27,286] {logging_mixin.py:115} INFO - [2022-09-02 18:38:27,286] {dag.py:2972} INFO - Setting next_dagrun for example_weekday_branch_operator to 2022-09-01T00:00:00+00:00, run_after=2022-09-02T00:00:00+00:00
[2022-09-02 18:38:27,327] {processor.py:161} INFO - Processing /home/airflow/.local/lib/python3.7/site-packages/airflow/example_dags/example_branch_day_of_week_operator.py took 0.210 seconds
[2022-09-02 18:38:57,484] {processor.py:153} INFO - Started process (PID=1401) to work on /home/airflow/.local/lib/python3.7/site-packages/airflow/example_dags/example_branch_day_of_week_operator.py
[2022-09-02 18:38:57,498] {processor.py:641} INFO - Processing file /home/airflow/.local/lib/python3.7/site-packages/airflow/example_dags/example_branch_day_of_week_operator.py for tasks to queue
[2022-09-02 18:38:57,510] {logging_mixin.py:115} INFO - [2022-09-02 18:38:57,509] {dagbag.py:508} INFO - Filling up the DagBag from /home/airflow/.local/lib/python3.7/site-packages/airflow/example_dags/example_branch_day_of_week_operator.py
[2022-09-02 18:38:57,574] {processor.py:651} INFO - DAG(s) dict_keys(['example_weekday_branch_operator']) retrieved from /home/airflow/.local/lib/python3.7/site-packages/airflow/example_dags/example_branch_day_of_week_operator.py
[2022-09-02 18:38:57,707] {logging_mixin.py:115} INFO - [2022-09-02 18:38:57,707] {dag.py:2420} INFO - Sync 1 DAGs
[2022-09-02 18:38:57,971] {logging_mixin.py:115} INFO - [2022-09-02 18:38:57,970] {dag.py:2972} INFO - Setting next_dagrun for example_weekday_branch_operator to 2022-09-01T00:00:00+00:00, run_after=2022-09-02T00:00:00+00:00
[2022-09-02 18:38:58,020] {processor.py:161} INFO - Processing /home/airflow/.local/lib/python3.7/site-packages/airflow/example_dags/example_branch_day_of_week_operator.py took 0.554 seconds
[2022-09-02 18:39:28,404] {processor.py:153} INFO - Started process (PID=1445) to work on /home/airflow/.local/lib/python3.7/site-packages/airflow/example_dags/example_branch_day_of_week_operator.py
[2022-09-02 18:39:28,407] {processor.py:641} INFO - Processing file /home/airflow/.local/lib/python3.7/site-packages/airflow/example_dags/example_branch_day_of_week_operator.py for tasks to queue
[2022-09-02 18:39:28,410] {logging_mixin.py:115} INFO - [2022-09-02 18:39:28,410] {dagbag.py:508} INFO - Filling up the DagBag from /home/airflow/.local/lib/python3.7/site-packages/airflow/example_dags/example_branch_day_of_week_operator.py
[2022-09-02 18:39:28,432] {processor.py:651} INFO - DAG(s) dict_keys(['example_weekday_branch_operator']) retrieved from /home/airflow/.local/lib/python3.7/site-packages/airflow/example_dags/example_branch_day_of_week_operator.py
[2022-09-02 18:39:28,494] {logging_mixin.py:115} INFO - [2022-09-02 18:39:28,493] {dag.py:2420} INFO - Sync 1 DAGs
[2022-09-02 18:39:28,567] {logging_mixin.py:115} INFO - [2022-09-02 18:39:28,567] {dag.py:2972} INFO - Setting next_dagrun for example_weekday_branch_operator to 2022-09-01T00:00:00+00:00, run_after=2022-09-02T00:00:00+00:00
[2022-09-02 18:39:28,617] {processor.py:161} INFO - Processing /home/airflow/.local/lib/python3.7/site-packages/airflow/example_dags/example_branch_day_of_week_operator.py took 0.228 seconds
