[2022-09-02 18:26:40,958] {processor.py:153} INFO - Started process (PID=155) to work on /home/airflow/.local/lib/python3.7/site-packages/airflow/example_dags/example_kubernetes_executor.py
[2022-09-02 18:26:40,962] {processor.py:641} INFO - Processing file /home/airflow/.local/lib/python3.7/site-packages/airflow/example_dags/example_kubernetes_executor.py for tasks to queue
[2022-09-02 18:26:40,965] {logging_mixin.py:115} INFO - [2022-09-02 18:26:40,965] {dagbag.py:508} INFO - Filling up the DagBag from /home/airflow/.local/lib/python3.7/site-packages/airflow/example_dags/example_kubernetes_executor.py
[2022-09-02 18:26:41,400] {processor.py:651} INFO - DAG(s) dict_keys(['example_kubernetes_executor']) retrieved from /home/airflow/.local/lib/python3.7/site-packages/airflow/example_dags/example_kubernetes_executor.py
[2022-09-02 18:26:41,685] {logging_mixin.py:115} INFO - [2022-09-02 18:26:41,685] {manager.py:508} INFO - Created Permission View: can delete on DAG:example_kubernetes_executor
[2022-09-02 18:26:41,705] {logging_mixin.py:115} INFO - [2022-09-02 18:26:41,705] {manager.py:508} INFO - Created Permission View: can edit on DAG:example_kubernetes_executor
[2022-09-02 18:26:41,732] {logging_mixin.py:115} INFO - [2022-09-02 18:26:41,732] {manager.py:508} INFO - Created Permission View: can read on DAG:example_kubernetes_executor
[2022-09-02 18:26:41,734] {logging_mixin.py:115} INFO - [2022-09-02 18:26:41,734] {dag.py:2420} INFO - Sync 1 DAGs
[2022-09-02 18:26:41,756] {logging_mixin.py:115} INFO - [2022-09-02 18:26:41,756] {dag.py:2439} INFO - Creating ORM DAG for example_kubernetes_executor
[2022-09-02 18:26:41,790] {logging_mixin.py:115} INFO - [2022-09-02 18:26:41,790] {dag.py:2972} INFO - Setting next_dagrun for example_kubernetes_executor to None, run_after=None
[2022-09-02 18:26:41,822] {processor.py:161} INFO - Processing /home/airflow/.local/lib/python3.7/site-packages/airflow/example_dags/example_kubernetes_executor.py took 0.872 seconds
[2022-09-02 18:27:12,306] {processor.py:153} INFO - Started process (PID=209) to work on /home/airflow/.local/lib/python3.7/site-packages/airflow/example_dags/example_kubernetes_executor.py
[2022-09-02 18:27:12,309] {processor.py:641} INFO - Processing file /home/airflow/.local/lib/python3.7/site-packages/airflow/example_dags/example_kubernetes_executor.py for tasks to queue
[2022-09-02 18:27:12,312] {logging_mixin.py:115} INFO - [2022-09-02 18:27:12,312] {dagbag.py:508} INFO - Filling up the DagBag from /home/airflow/.local/lib/python3.7/site-packages/airflow/example_dags/example_kubernetes_executor.py
[2022-09-02 18:27:13,054] {processor.py:651} INFO - DAG(s) dict_keys(['example_kubernetes_executor']) retrieved from /home/airflow/.local/lib/python3.7/site-packages/airflow/example_dags/example_kubernetes_executor.py
[2022-09-02 18:27:13,225] {logging_mixin.py:115} INFO - [2022-09-02 18:27:13,221] {dag.py:2420} INFO - Sync 1 DAGs
[2022-09-02 18:27:13,348] {logging_mixin.py:115} INFO - [2022-09-02 18:27:13,348] {dag.py:2972} INFO - Setting next_dagrun for example_kubernetes_executor to None, run_after=None
[2022-09-02 18:27:13,425] {processor.py:161} INFO - Processing /home/airflow/.local/lib/python3.7/site-packages/airflow/example_dags/example_kubernetes_executor.py took 1.134 seconds
[2022-09-02 18:27:44,354] {processor.py:153} INFO - Started process (PID=262) to work on /home/airflow/.local/lib/python3.7/site-packages/airflow/example_dags/example_kubernetes_executor.py
[2022-09-02 18:27:44,357] {processor.py:641} INFO - Processing file /home/airflow/.local/lib/python3.7/site-packages/airflow/example_dags/example_kubernetes_executor.py for tasks to queue
[2022-09-02 18:27:44,359] {logging_mixin.py:115} INFO - [2022-09-02 18:27:44,359] {dagbag.py:508} INFO - Filling up the DagBag from /home/airflow/.local/lib/python3.7/site-packages/airflow/example_dags/example_kubernetes_executor.py
[2022-09-02 18:27:44,716] {processor.py:651} INFO - DAG(s) dict_keys(['example_kubernetes_executor']) retrieved from /home/airflow/.local/lib/python3.7/site-packages/airflow/example_dags/example_kubernetes_executor.py
[2022-09-02 18:27:44,787] {logging_mixin.py:115} INFO - [2022-09-02 18:27:44,787] {dag.py:2420} INFO - Sync 1 DAGs
[2022-09-02 18:27:44,899] {logging_mixin.py:115} INFO - [2022-09-02 18:27:44,899] {dag.py:2972} INFO - Setting next_dagrun for example_kubernetes_executor to None, run_after=None
[2022-09-02 18:27:44,959] {processor.py:161} INFO - Processing /home/airflow/.local/lib/python3.7/site-packages/airflow/example_dags/example_kubernetes_executor.py took 0.612 seconds
[2022-09-02 18:28:15,639] {processor.py:153} INFO - Started process (PID=316) to work on /home/airflow/.local/lib/python3.7/site-packages/airflow/example_dags/example_kubernetes_executor.py
[2022-09-02 18:28:15,642] {processor.py:641} INFO - Processing file /home/airflow/.local/lib/python3.7/site-packages/airflow/example_dags/example_kubernetes_executor.py for tasks to queue
[2022-09-02 18:28:15,645] {logging_mixin.py:115} INFO - [2022-09-02 18:28:15,645] {dagbag.py:508} INFO - Filling up the DagBag from /home/airflow/.local/lib/python3.7/site-packages/airflow/example_dags/example_kubernetes_executor.py
[2022-09-02 18:28:15,928] {processor.py:651} INFO - DAG(s) dict_keys(['example_kubernetes_executor']) retrieved from /home/airflow/.local/lib/python3.7/site-packages/airflow/example_dags/example_kubernetes_executor.py
[2022-09-02 18:28:16,004] {logging_mixin.py:115} INFO - [2022-09-02 18:28:16,004] {dag.py:2420} INFO - Sync 1 DAGs
[2022-09-02 18:28:16,058] {logging_mixin.py:115} INFO - [2022-09-02 18:28:16,058] {dag.py:2972} INFO - Setting next_dagrun for example_kubernetes_executor to None, run_after=None
[2022-09-02 18:28:16,095] {processor.py:161} INFO - Processing /home/airflow/.local/lib/python3.7/site-packages/airflow/example_dags/example_kubernetes_executor.py took 0.463 seconds
[2022-09-02 18:28:49,868] {processor.py:153} INFO - Started process (PID=383) to work on /home/airflow/.local/lib/python3.7/site-packages/airflow/example_dags/example_kubernetes_executor.py
[2022-09-02 18:28:49,873] {processor.py:641} INFO - Processing file /home/airflow/.local/lib/python3.7/site-packages/airflow/example_dags/example_kubernetes_executor.py for tasks to queue
[2022-09-02 18:28:49,877] {logging_mixin.py:115} INFO - [2022-09-02 18:28:49,876] {dagbag.py:508} INFO - Filling up the DagBag from /home/airflow/.local/lib/python3.7/site-packages/airflow/example_dags/example_kubernetes_executor.py
[2022-09-02 18:28:50,879] {processor.py:651} INFO - DAG(s) dict_keys(['example_kubernetes_executor']) retrieved from /home/airflow/.local/lib/python3.7/site-packages/airflow/example_dags/example_kubernetes_executor.py
[2022-09-02 18:28:51,043] {logging_mixin.py:115} INFO - [2022-09-02 18:28:51,043] {dag.py:2420} INFO - Sync 1 DAGs
[2022-09-02 18:28:51,151] {logging_mixin.py:115} INFO - [2022-09-02 18:28:51,151] {dag.py:2972} INFO - Setting next_dagrun for example_kubernetes_executor to None, run_after=None
[2022-09-02 18:28:51,204] {processor.py:161} INFO - Processing /home/airflow/.local/lib/python3.7/site-packages/airflow/example_dags/example_kubernetes_executor.py took 1.354 seconds
[2022-09-02 18:29:22,139] {processor.py:153} INFO - Started process (PID=437) to work on /home/airflow/.local/lib/python3.7/site-packages/airflow/example_dags/example_kubernetes_executor.py
[2022-09-02 18:29:22,144] {processor.py:641} INFO - Processing file /home/airflow/.local/lib/python3.7/site-packages/airflow/example_dags/example_kubernetes_executor.py for tasks to queue
[2022-09-02 18:29:22,149] {logging_mixin.py:115} INFO - [2022-09-02 18:29:22,148] {dagbag.py:508} INFO - Filling up the DagBag from /home/airflow/.local/lib/python3.7/site-packages/airflow/example_dags/example_kubernetes_executor.py
[2022-09-02 18:29:22,790] {processor.py:651} INFO - DAG(s) dict_keys(['example_kubernetes_executor']) retrieved from /home/airflow/.local/lib/python3.7/site-packages/airflow/example_dags/example_kubernetes_executor.py
[2022-09-02 18:29:23,192] {logging_mixin.py:115} INFO - [2022-09-02 18:29:23,192] {dag.py:2420} INFO - Sync 1 DAGs
[2022-09-02 18:29:23,355] {logging_mixin.py:115} INFO - [2022-09-02 18:29:23,355] {dag.py:2972} INFO - Setting next_dagrun for example_kubernetes_executor to None, run_after=None
[2022-09-02 18:29:23,426] {processor.py:161} INFO - Processing /home/airflow/.local/lib/python3.7/site-packages/airflow/example_dags/example_kubernetes_executor.py took 1.299 seconds
[2022-09-02 18:29:53,868] {processor.py:153} INFO - Started process (PID=488) to work on /home/airflow/.local/lib/python3.7/site-packages/airflow/example_dags/example_kubernetes_executor.py
[2022-09-02 18:29:53,871] {processor.py:641} INFO - Processing file /home/airflow/.local/lib/python3.7/site-packages/airflow/example_dags/example_kubernetes_executor.py for tasks to queue
[2022-09-02 18:29:53,874] {logging_mixin.py:115} INFO - [2022-09-02 18:29:53,874] {dagbag.py:508} INFO - Filling up the DagBag from /home/airflow/.local/lib/python3.7/site-packages/airflow/example_dags/example_kubernetes_executor.py
[2022-09-02 18:29:54,165] {processor.py:651} INFO - DAG(s) dict_keys(['example_kubernetes_executor']) retrieved from /home/airflow/.local/lib/python3.7/site-packages/airflow/example_dags/example_kubernetes_executor.py
[2022-09-02 18:29:54,218] {logging_mixin.py:115} INFO - [2022-09-02 18:29:54,218] {dag.py:2420} INFO - Sync 1 DAGs
[2022-09-02 18:29:54,263] {logging_mixin.py:115} INFO - [2022-09-02 18:29:54,262] {dag.py:2972} INFO - Setting next_dagrun for example_kubernetes_executor to None, run_after=None
[2022-09-02 18:29:54,319] {processor.py:161} INFO - Processing /home/airflow/.local/lib/python3.7/site-packages/airflow/example_dags/example_kubernetes_executor.py took 0.457 seconds
[2022-09-02 18:30:24,783] {processor.py:153} INFO - Started process (PID=544) to work on /home/airflow/.local/lib/python3.7/site-packages/airflow/example_dags/example_kubernetes_executor.py
[2022-09-02 18:30:24,785] {processor.py:641} INFO - Processing file /home/airflow/.local/lib/python3.7/site-packages/airflow/example_dags/example_kubernetes_executor.py for tasks to queue
[2022-09-02 18:30:24,788] {logging_mixin.py:115} INFO - [2022-09-02 18:30:24,788] {dagbag.py:508} INFO - Filling up the DagBag from /home/airflow/.local/lib/python3.7/site-packages/airflow/example_dags/example_kubernetes_executor.py
[2022-09-02 18:30:25,122] {processor.py:651} INFO - DAG(s) dict_keys(['example_kubernetes_executor']) retrieved from /home/airflow/.local/lib/python3.7/site-packages/airflow/example_dags/example_kubernetes_executor.py
[2022-09-02 18:30:25,176] {logging_mixin.py:115} INFO - [2022-09-02 18:30:25,176] {dag.py:2420} INFO - Sync 1 DAGs
[2022-09-02 18:30:25,225] {logging_mixin.py:115} INFO - [2022-09-02 18:30:25,225] {dag.py:2972} INFO - Setting next_dagrun for example_kubernetes_executor to None, run_after=None
[2022-09-02 18:30:25,251] {processor.py:161} INFO - Processing /home/airflow/.local/lib/python3.7/site-packages/airflow/example_dags/example_kubernetes_executor.py took 0.478 seconds
[2022-09-02 18:30:55,921] {processor.py:153} INFO - Started process (PID=600) to work on /home/airflow/.local/lib/python3.7/site-packages/airflow/example_dags/example_kubernetes_executor.py
[2022-09-02 18:30:55,924] {processor.py:641} INFO - Processing file /home/airflow/.local/lib/python3.7/site-packages/airflow/example_dags/example_kubernetes_executor.py for tasks to queue
[2022-09-02 18:30:55,928] {logging_mixin.py:115} INFO - [2022-09-02 18:30:55,927] {dagbag.py:508} INFO - Filling up the DagBag from /home/airflow/.local/lib/python3.7/site-packages/airflow/example_dags/example_kubernetes_executor.py
[2022-09-02 18:30:56,275] {processor.py:651} INFO - DAG(s) dict_keys(['example_kubernetes_executor']) retrieved from /home/airflow/.local/lib/python3.7/site-packages/airflow/example_dags/example_kubernetes_executor.py
[2022-09-02 18:30:56,342] {logging_mixin.py:115} INFO - [2022-09-02 18:30:56,341] {dag.py:2420} INFO - Sync 1 DAGs
[2022-09-02 18:30:56,399] {logging_mixin.py:115} INFO - [2022-09-02 18:30:56,398] {dag.py:2972} INFO - Setting next_dagrun for example_kubernetes_executor to None, run_after=None
[2022-09-02 18:30:56,438] {processor.py:161} INFO - Processing /home/airflow/.local/lib/python3.7/site-packages/airflow/example_dags/example_kubernetes_executor.py took 0.528 seconds
[2022-09-02 18:31:26,883] {processor.py:153} INFO - Started process (PID=645) to work on /home/airflow/.local/lib/python3.7/site-packages/airflow/example_dags/example_kubernetes_executor.py
[2022-09-02 18:31:26,888] {processor.py:641} INFO - Processing file /home/airflow/.local/lib/python3.7/site-packages/airflow/example_dags/example_kubernetes_executor.py for tasks to queue
[2022-09-02 18:31:26,893] {logging_mixin.py:115} INFO - [2022-09-02 18:31:26,892] {dagbag.py:508} INFO - Filling up the DagBag from /home/airflow/.local/lib/python3.7/site-packages/airflow/example_dags/example_kubernetes_executor.py
[2022-09-02 18:31:26,979] {processor.py:651} INFO - DAG(s) dict_keys(['example_kubernetes_executor']) retrieved from /home/airflow/.local/lib/python3.7/site-packages/airflow/example_dags/example_kubernetes_executor.py
[2022-09-02 18:31:27,075] {logging_mixin.py:115} INFO - [2022-09-02 18:31:27,075] {dag.py:2420} INFO - Sync 1 DAGs
[2022-09-02 18:31:27,170] {logging_mixin.py:115} INFO - [2022-09-02 18:31:27,163] {dag.py:2972} INFO - Setting next_dagrun for example_kubernetes_executor to None, run_after=None
[2022-09-02 18:31:27,548] {processor.py:161} INFO - Processing /home/airflow/.local/lib/python3.7/site-packages/airflow/example_dags/example_kubernetes_executor.py took 0.674 seconds
[2022-09-02 18:31:58,085] {processor.py:153} INFO - Started process (PID=711) to work on /home/airflow/.local/lib/python3.7/site-packages/airflow/example_dags/example_kubernetes_executor.py
[2022-09-02 18:31:58,089] {processor.py:641} INFO - Processing file /home/airflow/.local/lib/python3.7/site-packages/airflow/example_dags/example_kubernetes_executor.py for tasks to queue
[2022-09-02 18:31:58,101] {logging_mixin.py:115} INFO - [2022-09-02 18:31:58,100] {dagbag.py:508} INFO - Filling up the DagBag from /home/airflow/.local/lib/python3.7/site-packages/airflow/example_dags/example_kubernetes_executor.py
[2022-09-02 18:31:58,235] {processor.py:651} INFO - DAG(s) dict_keys(['example_kubernetes_executor']) retrieved from /home/airflow/.local/lib/python3.7/site-packages/airflow/example_dags/example_kubernetes_executor.py
[2022-09-02 18:31:58,383] {logging_mixin.py:115} INFO - [2022-09-02 18:31:58,382] {dag.py:2420} INFO - Sync 1 DAGs
[2022-09-02 18:31:58,462] {logging_mixin.py:115} INFO - [2022-09-02 18:31:58,462] {dag.py:2972} INFO - Setting next_dagrun for example_kubernetes_executor to None, run_after=None
[2022-09-02 18:31:58,522] {processor.py:161} INFO - Processing /home/airflow/.local/lib/python3.7/site-packages/airflow/example_dags/example_kubernetes_executor.py took 0.451 seconds
[2022-09-02 18:32:28,899] {processor.py:153} INFO - Started process (PID=755) to work on /home/airflow/.local/lib/python3.7/site-packages/airflow/example_dags/example_kubernetes_executor.py
[2022-09-02 18:32:28,903] {processor.py:641} INFO - Processing file /home/airflow/.local/lib/python3.7/site-packages/airflow/example_dags/example_kubernetes_executor.py for tasks to queue
[2022-09-02 18:32:28,912] {logging_mixin.py:115} INFO - [2022-09-02 18:32:28,911] {dagbag.py:508} INFO - Filling up the DagBag from /home/airflow/.local/lib/python3.7/site-packages/airflow/example_dags/example_kubernetes_executor.py
[2022-09-02 18:32:29,066] {processor.py:651} INFO - DAG(s) dict_keys(['example_kubernetes_executor']) retrieved from /home/airflow/.local/lib/python3.7/site-packages/airflow/example_dags/example_kubernetes_executor.py
[2022-09-02 18:32:29,226] {logging_mixin.py:115} INFO - [2022-09-02 18:32:29,225] {dag.py:2420} INFO - Sync 1 DAGs
[2022-09-02 18:32:29,381] {logging_mixin.py:115} INFO - [2022-09-02 18:32:29,380] {dag.py:2972} INFO - Setting next_dagrun for example_kubernetes_executor to None, run_after=None
[2022-09-02 18:32:29,453] {processor.py:161} INFO - Processing /home/airflow/.local/lib/python3.7/site-packages/airflow/example_dags/example_kubernetes_executor.py took 0.585 seconds
[2022-09-02 18:32:59,759] {processor.py:153} INFO - Started process (PID=822) to work on /home/airflow/.local/lib/python3.7/site-packages/airflow/example_dags/example_kubernetes_executor.py
[2022-09-02 18:32:59,764] {processor.py:641} INFO - Processing file /home/airflow/.local/lib/python3.7/site-packages/airflow/example_dags/example_kubernetes_executor.py for tasks to queue
[2022-09-02 18:32:59,768] {logging_mixin.py:115} INFO - [2022-09-02 18:32:59,768] {dagbag.py:508} INFO - Filling up the DagBag from /home/airflow/.local/lib/python3.7/site-packages/airflow/example_dags/example_kubernetes_executor.py
[2022-09-02 18:32:59,858] {processor.py:651} INFO - DAG(s) dict_keys(['example_kubernetes_executor']) retrieved from /home/airflow/.local/lib/python3.7/site-packages/airflow/example_dags/example_kubernetes_executor.py
[2022-09-02 18:32:59,949] {logging_mixin.py:115} INFO - [2022-09-02 18:32:59,948] {dag.py:2420} INFO - Sync 1 DAGs
[2022-09-02 18:33:00,019] {logging_mixin.py:115} INFO - [2022-09-02 18:33:00,019] {dag.py:2972} INFO - Setting next_dagrun for example_kubernetes_executor to None, run_after=None
[2022-09-02 18:33:00,079] {processor.py:161} INFO - Processing /home/airflow/.local/lib/python3.7/site-packages/airflow/example_dags/example_kubernetes_executor.py took 0.336 seconds
[2022-09-02 18:33:34,773] {processor.py:153} INFO - Started process (PID=877) to work on /home/airflow/.local/lib/python3.7/site-packages/airflow/example_dags/example_kubernetes_executor.py
[2022-09-02 18:33:34,828] {processor.py:641} INFO - Processing file /home/airflow/.local/lib/python3.7/site-packages/airflow/example_dags/example_kubernetes_executor.py for tasks to queue
[2022-09-02 18:33:34,841] {logging_mixin.py:115} INFO - [2022-09-02 18:33:34,840] {dagbag.py:508} INFO - Filling up the DagBag from /home/airflow/.local/lib/python3.7/site-packages/airflow/example_dags/example_kubernetes_executor.py
[2022-09-02 18:33:34,997] {processor.py:651} INFO - DAG(s) dict_keys(['example_kubernetes_executor']) retrieved from /home/airflow/.local/lib/python3.7/site-packages/airflow/example_dags/example_kubernetes_executor.py
[2022-09-02 18:33:35,154] {logging_mixin.py:115} INFO - [2022-09-02 18:33:35,154] {dag.py:2420} INFO - Sync 1 DAGs
[2022-09-02 18:33:35,281] {logging_mixin.py:115} INFO - [2022-09-02 18:33:35,281] {dag.py:2972} INFO - Setting next_dagrun for example_kubernetes_executor to None, run_after=None
[2022-09-02 18:33:35,323] {processor.py:161} INFO - Processing /home/airflow/.local/lib/python3.7/site-packages/airflow/example_dags/example_kubernetes_executor.py took 0.674 seconds
[2022-09-02 18:34:05,562] {processor.py:153} INFO - Started process (PID=930) to work on /home/airflow/.local/lib/python3.7/site-packages/airflow/example_dags/example_kubernetes_executor.py
[2022-09-02 18:34:05,568] {processor.py:641} INFO - Processing file /home/airflow/.local/lib/python3.7/site-packages/airflow/example_dags/example_kubernetes_executor.py for tasks to queue
[2022-09-02 18:34:05,572] {logging_mixin.py:115} INFO - [2022-09-02 18:34:05,572] {dagbag.py:508} INFO - Filling up the DagBag from /home/airflow/.local/lib/python3.7/site-packages/airflow/example_dags/example_kubernetes_executor.py
[2022-09-02 18:34:05,642] {processor.py:651} INFO - DAG(s) dict_keys(['example_kubernetes_executor']) retrieved from /home/airflow/.local/lib/python3.7/site-packages/airflow/example_dags/example_kubernetes_executor.py
[2022-09-02 18:34:05,719] {logging_mixin.py:115} INFO - [2022-09-02 18:34:05,719] {dag.py:2420} INFO - Sync 1 DAGs
[2022-09-02 18:34:05,805] {logging_mixin.py:115} INFO - [2022-09-02 18:34:05,804] {dag.py:2972} INFO - Setting next_dagrun for example_kubernetes_executor to None, run_after=None
[2022-09-02 18:34:05,897] {processor.py:161} INFO - Processing /home/airflow/.local/lib/python3.7/site-packages/airflow/example_dags/example_kubernetes_executor.py took 0.351 seconds
[2022-09-02 18:34:36,727] {processor.py:153} INFO - Started process (PID=986) to work on /home/airflow/.local/lib/python3.7/site-packages/airflow/example_dags/example_kubernetes_executor.py
[2022-09-02 18:34:36,737] {processor.py:641} INFO - Processing file /home/airflow/.local/lib/python3.7/site-packages/airflow/example_dags/example_kubernetes_executor.py for tasks to queue
[2022-09-02 18:34:36,782] {logging_mixin.py:115} INFO - [2022-09-02 18:34:36,781] {dagbag.py:508} INFO - Filling up the DagBag from /home/airflow/.local/lib/python3.7/site-packages/airflow/example_dags/example_kubernetes_executor.py
[2022-09-02 18:34:37,242] {processor.py:651} INFO - DAG(s) dict_keys(['example_kubernetes_executor']) retrieved from /home/airflow/.local/lib/python3.7/site-packages/airflow/example_dags/example_kubernetes_executor.py
[2022-09-02 18:34:37,878] {logging_mixin.py:115} INFO - [2022-09-02 18:34:37,878] {dag.py:2420} INFO - Sync 1 DAGs
[2022-09-02 18:34:39,482] {logging_mixin.py:115} INFO - [2022-09-02 18:34:39,482] {dag.py:2972} INFO - Setting next_dagrun for example_kubernetes_executor to None, run_after=None
[2022-09-02 18:34:40,130] {processor.py:161} INFO - Processing /home/airflow/.local/lib/python3.7/site-packages/airflow/example_dags/example_kubernetes_executor.py took 3.449 seconds
[2022-09-02 18:35:30,470] {processor.py:153} INFO - Started process (PID=1047) to work on /home/airflow/.local/lib/python3.7/site-packages/airflow/example_dags/example_kubernetes_executor.py
[2022-09-02 18:35:30,473] {processor.py:641} INFO - Processing file /home/airflow/.local/lib/python3.7/site-packages/airflow/example_dags/example_kubernetes_executor.py for tasks to queue
[2022-09-02 18:35:30,477] {logging_mixin.py:115} INFO - [2022-09-02 18:35:30,476] {dagbag.py:508} INFO - Filling up the DagBag from /home/airflow/.local/lib/python3.7/site-packages/airflow/example_dags/example_kubernetes_executor.py
[2022-09-02 18:35:30,711] {processor.py:651} INFO - DAG(s) dict_keys(['example_kubernetes_executor']) retrieved from /home/airflow/.local/lib/python3.7/site-packages/airflow/example_dags/example_kubernetes_executor.py
[2022-09-02 18:35:30,972] {logging_mixin.py:115} INFO - [2022-09-02 18:35:30,972] {dag.py:2420} INFO - Sync 1 DAGs
[2022-09-02 18:35:31,082] {logging_mixin.py:115} INFO - [2022-09-02 18:35:31,082] {dag.py:2972} INFO - Setting next_dagrun for example_kubernetes_executor to None, run_after=None
[2022-09-02 18:35:31,145] {processor.py:161} INFO - Processing /home/airflow/.local/lib/python3.7/site-packages/airflow/example_dags/example_kubernetes_executor.py took 0.687 seconds
[2022-09-02 18:36:03,297] {processor.py:153} INFO - Started process (PID=1102) to work on /home/airflow/.local/lib/python3.7/site-packages/airflow/example_dags/example_kubernetes_executor.py
[2022-09-02 18:36:03,303] {processor.py:641} INFO - Processing file /home/airflow/.local/lib/python3.7/site-packages/airflow/example_dags/example_kubernetes_executor.py for tasks to queue
[2022-09-02 18:36:03,321] {logging_mixin.py:115} INFO - [2022-09-02 18:36:03,321] {dagbag.py:508} INFO - Filling up the DagBag from /home/airflow/.local/lib/python3.7/site-packages/airflow/example_dags/example_kubernetes_executor.py
[2022-09-02 18:36:03,576] {processor.py:651} INFO - DAG(s) dict_keys(['example_kubernetes_executor']) retrieved from /home/airflow/.local/lib/python3.7/site-packages/airflow/example_dags/example_kubernetes_executor.py
[2022-09-02 18:36:03,716] {logging_mixin.py:115} INFO - [2022-09-02 18:36:03,716] {dag.py:2420} INFO - Sync 1 DAGs
[2022-09-02 18:36:04,119] {logging_mixin.py:115} INFO - [2022-09-02 18:36:04,118] {dag.py:2972} INFO - Setting next_dagrun for example_kubernetes_executor to None, run_after=None
[2022-09-02 18:36:04,883] {processor.py:161} INFO - Processing /home/airflow/.local/lib/python3.7/site-packages/airflow/example_dags/example_kubernetes_executor.py took 1.598 seconds
[2022-09-02 18:36:35,460] {processor.py:153} INFO - Started process (PID=1154) to work on /home/airflow/.local/lib/python3.7/site-packages/airflow/example_dags/example_kubernetes_executor.py
[2022-09-02 18:36:35,463] {processor.py:641} INFO - Processing file /home/airflow/.local/lib/python3.7/site-packages/airflow/example_dags/example_kubernetes_executor.py for tasks to queue
[2022-09-02 18:36:35,467] {logging_mixin.py:115} INFO - [2022-09-02 18:36:35,466] {dagbag.py:508} INFO - Filling up the DagBag from /home/airflow/.local/lib/python3.7/site-packages/airflow/example_dags/example_kubernetes_executor.py
[2022-09-02 18:36:35,583] {processor.py:651} INFO - DAG(s) dict_keys(['example_kubernetes_executor']) retrieved from /home/airflow/.local/lib/python3.7/site-packages/airflow/example_dags/example_kubernetes_executor.py
[2022-09-02 18:36:35,690] {logging_mixin.py:115} INFO - [2022-09-02 18:36:35,690] {dag.py:2420} INFO - Sync 1 DAGs
[2022-09-02 18:36:35,738] {logging_mixin.py:115} INFO - [2022-09-02 18:36:35,738] {dag.py:2972} INFO - Setting next_dagrun for example_kubernetes_executor to None, run_after=None
[2022-09-02 18:36:35,772] {processor.py:161} INFO - Processing /home/airflow/.local/lib/python3.7/site-packages/airflow/example_dags/example_kubernetes_executor.py took 0.337 seconds
[2022-09-02 18:37:12,315] {processor.py:153} INFO - Started process (PID=1201) to work on /home/airflow/.local/lib/python3.7/site-packages/airflow/example_dags/example_kubernetes_executor.py
[2022-09-02 18:37:12,322] {processor.py:641} INFO - Processing file /home/airflow/.local/lib/python3.7/site-packages/airflow/example_dags/example_kubernetes_executor.py for tasks to queue
[2022-09-02 18:37:12,330] {logging_mixin.py:115} INFO - [2022-09-02 18:37:12,329] {dagbag.py:508} INFO - Filling up the DagBag from /home/airflow/.local/lib/python3.7/site-packages/airflow/example_dags/example_kubernetes_executor.py
[2022-09-02 18:37:12,498] {processor.py:651} INFO - DAG(s) dict_keys(['example_kubernetes_executor']) retrieved from /home/airflow/.local/lib/python3.7/site-packages/airflow/example_dags/example_kubernetes_executor.py
[2022-09-02 18:37:12,647] {logging_mixin.py:115} INFO - [2022-09-02 18:37:12,646] {dag.py:2420} INFO - Sync 1 DAGs
[2022-09-02 18:37:12,735] {logging_mixin.py:115} INFO - [2022-09-02 18:37:12,735] {dag.py:2972} INFO - Setting next_dagrun for example_kubernetes_executor to None, run_after=None
[2022-09-02 18:37:12,806] {processor.py:161} INFO - Processing /home/airflow/.local/lib/python3.7/site-packages/airflow/example_dags/example_kubernetes_executor.py took 0.501 seconds
[2022-09-02 18:37:43,064] {processor.py:153} INFO - Started process (PID=1256) to work on /home/airflow/.local/lib/python3.7/site-packages/airflow/example_dags/example_kubernetes_executor.py
[2022-09-02 18:37:43,073] {processor.py:641} INFO - Processing file /home/airflow/.local/lib/python3.7/site-packages/airflow/example_dags/example_kubernetes_executor.py for tasks to queue
[2022-09-02 18:37:43,076] {logging_mixin.py:115} INFO - [2022-09-02 18:37:43,076] {dagbag.py:508} INFO - Filling up the DagBag from /home/airflow/.local/lib/python3.7/site-packages/airflow/example_dags/example_kubernetes_executor.py
[2022-09-02 18:37:43,170] {processor.py:651} INFO - DAG(s) dict_keys(['example_kubernetes_executor']) retrieved from /home/airflow/.local/lib/python3.7/site-packages/airflow/example_dags/example_kubernetes_executor.py
[2022-09-02 18:37:43,247] {logging_mixin.py:115} INFO - [2022-09-02 18:37:43,247] {dag.py:2420} INFO - Sync 1 DAGs
[2022-09-02 18:37:43,341] {logging_mixin.py:115} INFO - [2022-09-02 18:37:43,340] {dag.py:2972} INFO - Setting next_dagrun for example_kubernetes_executor to None, run_after=None
[2022-09-02 18:37:43,380] {processor.py:161} INFO - Processing /home/airflow/.local/lib/python3.7/site-packages/airflow/example_dags/example_kubernetes_executor.py took 0.335 seconds
[2022-09-02 18:38:14,061] {processor.py:153} INFO - Started process (PID=1311) to work on /home/airflow/.local/lib/python3.7/site-packages/airflow/example_dags/example_kubernetes_executor.py
[2022-09-02 18:38:14,075] {processor.py:641} INFO - Processing file /home/airflow/.local/lib/python3.7/site-packages/airflow/example_dags/example_kubernetes_executor.py for tasks to queue
[2022-09-02 18:38:14,077] {logging_mixin.py:115} INFO - [2022-09-02 18:38:14,077] {dagbag.py:508} INFO - Filling up the DagBag from /home/airflow/.local/lib/python3.7/site-packages/airflow/example_dags/example_kubernetes_executor.py
[2022-09-02 18:38:14,147] {processor.py:651} INFO - DAG(s) dict_keys(['example_kubernetes_executor']) retrieved from /home/airflow/.local/lib/python3.7/site-packages/airflow/example_dags/example_kubernetes_executor.py
[2022-09-02 18:38:14,251] {logging_mixin.py:115} INFO - [2022-09-02 18:38:14,251] {dag.py:2420} INFO - Sync 1 DAGs
[2022-09-02 18:38:14,316] {logging_mixin.py:115} INFO - [2022-09-02 18:38:14,316] {dag.py:2972} INFO - Setting next_dagrun for example_kubernetes_executor to None, run_after=None
[2022-09-02 18:38:14,356] {processor.py:161} INFO - Processing /home/airflow/.local/lib/python3.7/site-packages/airflow/example_dags/example_kubernetes_executor.py took 0.304 seconds
[2022-09-02 18:38:44,440] {processor.py:153} INFO - Started process (PID=1376) to work on /home/airflow/.local/lib/python3.7/site-packages/airflow/example_dags/example_kubernetes_executor.py
[2022-09-02 18:38:44,443] {processor.py:641} INFO - Processing file /home/airflow/.local/lib/python3.7/site-packages/airflow/example_dags/example_kubernetes_executor.py for tasks to queue
[2022-09-02 18:38:44,453] {logging_mixin.py:115} INFO - [2022-09-02 18:38:44,452] {dagbag.py:508} INFO - Filling up the DagBag from /home/airflow/.local/lib/python3.7/site-packages/airflow/example_dags/example_kubernetes_executor.py
[2022-09-02 18:38:44,506] {processor.py:651} INFO - DAG(s) dict_keys(['example_kubernetes_executor']) retrieved from /home/airflow/.local/lib/python3.7/site-packages/airflow/example_dags/example_kubernetes_executor.py
[2022-09-02 18:38:44,592] {logging_mixin.py:115} INFO - [2022-09-02 18:38:44,592] {dag.py:2420} INFO - Sync 1 DAGs
[2022-09-02 18:38:44,669] {logging_mixin.py:115} INFO - [2022-09-02 18:38:44,669] {dag.py:2972} INFO - Setting next_dagrun for example_kubernetes_executor to None, run_after=None
[2022-09-02 18:38:44,690] {processor.py:161} INFO - Processing /home/airflow/.local/lib/python3.7/site-packages/airflow/example_dags/example_kubernetes_executor.py took 0.261 seconds
[2022-09-02 18:39:18,300] {processor.py:153} INFO - Started process (PID=1429) to work on /home/airflow/.local/lib/python3.7/site-packages/airflow/example_dags/example_kubernetes_executor.py
[2022-09-02 18:39:18,304] {processor.py:641} INFO - Processing file /home/airflow/.local/lib/python3.7/site-packages/airflow/example_dags/example_kubernetes_executor.py for tasks to queue
[2022-09-02 18:39:18,307] {logging_mixin.py:115} INFO - [2022-09-02 18:39:18,307] {dagbag.py:508} INFO - Filling up the DagBag from /home/airflow/.local/lib/python3.7/site-packages/airflow/example_dags/example_kubernetes_executor.py
[2022-09-02 18:39:18,524] {processor.py:651} INFO - DAG(s) dict_keys(['example_kubernetes_executor']) retrieved from /home/airflow/.local/lib/python3.7/site-packages/airflow/example_dags/example_kubernetes_executor.py
[2022-09-02 18:39:18,641] {logging_mixin.py:115} INFO - [2022-09-02 18:39:18,641] {dag.py:2420} INFO - Sync 1 DAGs
[2022-09-02 18:39:18,764] {logging_mixin.py:115} INFO - [2022-09-02 18:39:18,764] {dag.py:2972} INFO - Setting next_dagrun for example_kubernetes_executor to None, run_after=None
[2022-09-02 18:39:18,820] {processor.py:161} INFO - Processing /home/airflow/.local/lib/python3.7/site-packages/airflow/example_dags/example_kubernetes_executor.py took 0.558 seconds
