[2022-09-02 18:26:43,944] {processor.py:153} INFO - Started process (PID=160) to work on /home/airflow/.local/lib/python3.7/site-packages/airflow/example_dags/example_bash_operator.py
[2022-09-02 18:26:43,954] {processor.py:641} INFO - Processing file /home/airflow/.local/lib/python3.7/site-packages/airflow/example_dags/example_bash_operator.py for tasks to queue
[2022-09-02 18:26:43,957] {logging_mixin.py:115} INFO - [2022-09-02 18:26:43,957] {dagbag.py:508} INFO - Filling up the DagBag from /home/airflow/.local/lib/python3.7/site-packages/airflow/example_dags/example_bash_operator.py
[2022-09-02 18:26:44,077] {processor.py:651} INFO - DAG(s) dict_keys(['example_bash_operator']) retrieved from /home/airflow/.local/lib/python3.7/site-packages/airflow/example_dags/example_bash_operator.py
[2022-09-02 18:26:44,563] {logging_mixin.py:115} INFO - [2022-09-02 18:26:44,563] {manager.py:508} INFO - Created Permission View: can delete on DAG:example_bash_operator
[2022-09-02 18:26:44,606] {logging_mixin.py:115} INFO - [2022-09-02 18:26:44,606] {manager.py:508} INFO - Created Permission View: can edit on DAG:example_bash_operator
[2022-09-02 18:26:44,635] {logging_mixin.py:115} INFO - [2022-09-02 18:26:44,635] {manager.py:508} INFO - Created Permission View: can read on DAG:example_bash_operator
[2022-09-02 18:26:44,640] {logging_mixin.py:115} INFO - [2022-09-02 18:26:44,639] {dag.py:2420} INFO - Sync 1 DAGs
[2022-09-02 18:26:44,679] {logging_mixin.py:115} INFO - [2022-09-02 18:26:44,679] {dag.py:2439} INFO - Creating ORM DAG for example_bash_operator
[2022-09-02 18:26:44,743] {logging_mixin.py:115} INFO - [2022-09-02 18:26:44,738] {dag.py:2972} INFO - Setting next_dagrun for example_bash_operator to 2022-09-01T00:00:00+00:00, run_after=2022-09-02T00:00:00+00:00
[2022-09-02 18:26:44,820] {processor.py:161} INFO - Processing /home/airflow/.local/lib/python3.7/site-packages/airflow/example_dags/example_bash_operator.py took 0.883 seconds
[2022-09-02 18:27:15,499] {processor.py:153} INFO - Started process (PID=214) to work on /home/airflow/.local/lib/python3.7/site-packages/airflow/example_dags/example_bash_operator.py
[2022-09-02 18:27:15,502] {processor.py:641} INFO - Processing file /home/airflow/.local/lib/python3.7/site-packages/airflow/example_dags/example_bash_operator.py for tasks to queue
[2022-09-02 18:27:15,504] {logging_mixin.py:115} INFO - [2022-09-02 18:27:15,504] {dagbag.py:508} INFO - Filling up the DagBag from /home/airflow/.local/lib/python3.7/site-packages/airflow/example_dags/example_bash_operator.py
[2022-09-02 18:27:15,763] {processor.py:651} INFO - DAG(s) dict_keys(['example_bash_operator']) retrieved from /home/airflow/.local/lib/python3.7/site-packages/airflow/example_dags/example_bash_operator.py
[2022-09-02 18:27:15,817] {logging_mixin.py:115} INFO - [2022-09-02 18:27:15,817] {dag.py:2420} INFO - Sync 1 DAGs
[2022-09-02 18:27:15,862] {logging_mixin.py:115} INFO - [2022-09-02 18:27:15,862] {dag.py:2972} INFO - Setting next_dagrun for example_bash_operator to 2022-09-01T00:00:00+00:00, run_after=2022-09-02T00:00:00+00:00
[2022-09-02 18:27:15,897] {processor.py:161} INFO - Processing /home/airflow/.local/lib/python3.7/site-packages/airflow/example_dags/example_bash_operator.py took 0.415 seconds
[2022-09-02 18:27:49,061] {processor.py:153} INFO - Started process (PID=277) to work on /home/airflow/.local/lib/python3.7/site-packages/airflow/example_dags/example_bash_operator.py
[2022-09-02 18:27:49,075] {processor.py:641} INFO - Processing file /home/airflow/.local/lib/python3.7/site-packages/airflow/example_dags/example_bash_operator.py for tasks to queue
[2022-09-02 18:27:49,097] {logging_mixin.py:115} INFO - [2022-09-02 18:27:49,085] {dagbag.py:508} INFO - Filling up the DagBag from /home/airflow/.local/lib/python3.7/site-packages/airflow/example_dags/example_bash_operator.py
[2022-09-02 18:27:49,809] {processor.py:651} INFO - DAG(s) dict_keys(['example_bash_operator']) retrieved from /home/airflow/.local/lib/python3.7/site-packages/airflow/example_dags/example_bash_operator.py
[2022-09-02 18:27:50,014] {logging_mixin.py:115} INFO - [2022-09-02 18:27:50,014] {dag.py:2420} INFO - Sync 1 DAGs
[2022-09-02 18:27:50,251] {logging_mixin.py:115} INFO - [2022-09-02 18:27:50,248] {dag.py:2972} INFO - Setting next_dagrun for example_bash_operator to 2022-09-01T00:00:00+00:00, run_after=2022-09-02T00:00:00+00:00
[2022-09-02 18:27:50,387] {processor.py:161} INFO - Processing /home/airflow/.local/lib/python3.7/site-packages/airflow/example_dags/example_bash_operator.py took 1.362 seconds
[2022-09-02 18:28:21,131] {processor.py:153} INFO - Started process (PID=333) to work on /home/airflow/.local/lib/python3.7/site-packages/airflow/example_dags/example_bash_operator.py
[2022-09-02 18:28:21,133] {processor.py:641} INFO - Processing file /home/airflow/.local/lib/python3.7/site-packages/airflow/example_dags/example_bash_operator.py for tasks to queue
[2022-09-02 18:28:21,136] {logging_mixin.py:115} INFO - [2022-09-02 18:28:21,136] {dagbag.py:508} INFO - Filling up the DagBag from /home/airflow/.local/lib/python3.7/site-packages/airflow/example_dags/example_bash_operator.py
[2022-09-02 18:28:21,396] {processor.py:651} INFO - DAG(s) dict_keys(['example_bash_operator']) retrieved from /home/airflow/.local/lib/python3.7/site-packages/airflow/example_dags/example_bash_operator.py
[2022-09-02 18:28:21,450] {logging_mixin.py:115} INFO - [2022-09-02 18:28:21,450] {dag.py:2420} INFO - Sync 1 DAGs
[2022-09-02 18:28:21,488] {logging_mixin.py:115} INFO - [2022-09-02 18:28:21,488] {dag.py:2972} INFO - Setting next_dagrun for example_bash_operator to 2022-09-01T00:00:00+00:00, run_after=2022-09-02T00:00:00+00:00
[2022-09-02 18:28:21,517] {processor.py:161} INFO - Processing /home/airflow/.local/lib/python3.7/site-packages/airflow/example_dags/example_bash_operator.py took 0.398 seconds
[2022-09-02 18:28:53,056] {processor.py:153} INFO - Started process (PID=388) to work on /home/airflow/.local/lib/python3.7/site-packages/airflow/example_dags/example_bash_operator.py
[2022-09-02 18:28:53,059] {processor.py:641} INFO - Processing file /home/airflow/.local/lib/python3.7/site-packages/airflow/example_dags/example_bash_operator.py for tasks to queue
[2022-09-02 18:28:53,062] {logging_mixin.py:115} INFO - [2022-09-02 18:28:53,061] {dagbag.py:508} INFO - Filling up the DagBag from /home/airflow/.local/lib/python3.7/site-packages/airflow/example_dags/example_bash_operator.py
[2022-09-02 18:28:53,439] {processor.py:651} INFO - DAG(s) dict_keys(['example_bash_operator']) retrieved from /home/airflow/.local/lib/python3.7/site-packages/airflow/example_dags/example_bash_operator.py
[2022-09-02 18:28:53,503] {logging_mixin.py:115} INFO - [2022-09-02 18:28:53,503] {dag.py:2420} INFO - Sync 1 DAGs
[2022-09-02 18:28:53,556] {logging_mixin.py:115} INFO - [2022-09-02 18:28:53,556] {dag.py:2972} INFO - Setting next_dagrun for example_bash_operator to 2022-09-01T00:00:00+00:00, run_after=2022-09-02T00:00:00+00:00
[2022-09-02 18:28:53,587] {processor.py:161} INFO - Processing /home/airflow/.local/lib/python3.7/site-packages/airflow/example_dags/example_bash_operator.py took 0.543 seconds
[2022-09-02 18:29:25,592] {processor.py:153} INFO - Started process (PID=442) to work on /home/airflow/.local/lib/python3.7/site-packages/airflow/example_dags/example_bash_operator.py
[2022-09-02 18:29:25,610] {processor.py:641} INFO - Processing file /home/airflow/.local/lib/python3.7/site-packages/airflow/example_dags/example_bash_operator.py for tasks to queue
[2022-09-02 18:29:25,620] {logging_mixin.py:115} INFO - [2022-09-02 18:29:25,620] {dagbag.py:508} INFO - Filling up the DagBag from /home/airflow/.local/lib/python3.7/site-packages/airflow/example_dags/example_bash_operator.py
[2022-09-02 18:29:26,348] {processor.py:651} INFO - DAG(s) dict_keys(['example_bash_operator']) retrieved from /home/airflow/.local/lib/python3.7/site-packages/airflow/example_dags/example_bash_operator.py
[2022-09-02 18:29:26,507] {logging_mixin.py:115} INFO - [2022-09-02 18:29:26,507] {dag.py:2420} INFO - Sync 1 DAGs
[2022-09-02 18:29:27,233] {logging_mixin.py:115} INFO - [2022-09-02 18:29:27,223] {dag.py:2972} INFO - Setting next_dagrun for example_bash_operator to 2022-09-01T00:00:00+00:00, run_after=2022-09-02T00:00:00+00:00
[2022-09-02 18:29:27,324] {processor.py:161} INFO - Processing /home/airflow/.local/lib/python3.7/site-packages/airflow/example_dags/example_bash_operator.py took 1.792 seconds
[2022-09-02 18:29:58,081] {processor.py:153} INFO - Started process (PID=495) to work on /home/airflow/.local/lib/python3.7/site-packages/airflow/example_dags/example_bash_operator.py
[2022-09-02 18:29:58,083] {processor.py:641} INFO - Processing file /home/airflow/.local/lib/python3.7/site-packages/airflow/example_dags/example_bash_operator.py for tasks to queue
[2022-09-02 18:29:58,087] {logging_mixin.py:115} INFO - [2022-09-02 18:29:58,086] {dagbag.py:508} INFO - Filling up the DagBag from /home/airflow/.local/lib/python3.7/site-packages/airflow/example_dags/example_bash_operator.py
[2022-09-02 18:29:58,416] {processor.py:651} INFO - DAG(s) dict_keys(['example_bash_operator']) retrieved from /home/airflow/.local/lib/python3.7/site-packages/airflow/example_dags/example_bash_operator.py
[2022-09-02 18:29:58,507] {logging_mixin.py:115} INFO - [2022-09-02 18:29:58,506] {dag.py:2420} INFO - Sync 1 DAGs
[2022-09-02 18:29:58,584] {logging_mixin.py:115} INFO - [2022-09-02 18:29:58,584] {dag.py:2972} INFO - Setting next_dagrun for example_bash_operator to 2022-09-01T00:00:00+00:00, run_after=2022-09-02T00:00:00+00:00
[2022-09-02 18:29:58,624] {processor.py:161} INFO - Processing /home/airflow/.local/lib/python3.7/site-packages/airflow/example_dags/example_bash_operator.py took 0.550 seconds
[2022-09-02 18:30:29,203] {processor.py:153} INFO - Started process (PID=551) to work on /home/airflow/.local/lib/python3.7/site-packages/airflow/example_dags/example_bash_operator.py
[2022-09-02 18:30:29,206] {processor.py:641} INFO - Processing file /home/airflow/.local/lib/python3.7/site-packages/airflow/example_dags/example_bash_operator.py for tasks to queue
[2022-09-02 18:30:29,208] {logging_mixin.py:115} INFO - [2022-09-02 18:30:29,208] {dagbag.py:508} INFO - Filling up the DagBag from /home/airflow/.local/lib/python3.7/site-packages/airflow/example_dags/example_bash_operator.py
[2022-09-02 18:30:29,429] {processor.py:651} INFO - DAG(s) dict_keys(['example_bash_operator']) retrieved from /home/airflow/.local/lib/python3.7/site-packages/airflow/example_dags/example_bash_operator.py
[2022-09-02 18:30:29,468] {logging_mixin.py:115} INFO - [2022-09-02 18:30:29,468] {dag.py:2420} INFO - Sync 1 DAGs
[2022-09-02 18:30:29,521] {logging_mixin.py:115} INFO - [2022-09-02 18:30:29,521] {dag.py:2972} INFO - Setting next_dagrun for example_bash_operator to 2022-09-01T00:00:00+00:00, run_after=2022-09-02T00:00:00+00:00
[2022-09-02 18:30:29,583] {processor.py:161} INFO - Processing /home/airflow/.local/lib/python3.7/site-packages/airflow/example_dags/example_bash_operator.py took 0.386 seconds
[2022-09-02 18:31:00,079] {processor.py:153} INFO - Started process (PID=605) to work on /home/airflow/.local/lib/python3.7/site-packages/airflow/example_dags/example_bash_operator.py
[2022-09-02 18:31:00,082] {processor.py:641} INFO - Processing file /home/airflow/.local/lib/python3.7/site-packages/airflow/example_dags/example_bash_operator.py for tasks to queue
[2022-09-02 18:31:00,086] {logging_mixin.py:115} INFO - [2022-09-02 18:31:00,086] {dagbag.py:508} INFO - Filling up the DagBag from /home/airflow/.local/lib/python3.7/site-packages/airflow/example_dags/example_bash_operator.py
[2022-09-02 18:31:00,289] {processor.py:651} INFO - DAG(s) dict_keys(['example_bash_operator']) retrieved from /home/airflow/.local/lib/python3.7/site-packages/airflow/example_dags/example_bash_operator.py
[2022-09-02 18:31:00,326] {logging_mixin.py:115} INFO - [2022-09-02 18:31:00,326] {dag.py:2420} INFO - Sync 1 DAGs
[2022-09-02 18:31:00,359] {logging_mixin.py:115} INFO - [2022-09-02 18:31:00,359] {dag.py:2972} INFO - Setting next_dagrun for example_bash_operator to 2022-09-01T00:00:00+00:00, run_after=2022-09-02T00:00:00+00:00
[2022-09-02 18:31:00,386] {processor.py:161} INFO - Processing /home/airflow/.local/lib/python3.7/site-packages/airflow/example_dags/example_bash_operator.py took 0.315 seconds
[2022-09-02 18:31:31,204] {processor.py:153} INFO - Started process (PID=662) to work on /home/airflow/.local/lib/python3.7/site-packages/airflow/example_dags/example_bash_operator.py
[2022-09-02 18:31:31,207] {processor.py:641} INFO - Processing file /home/airflow/.local/lib/python3.7/site-packages/airflow/example_dags/example_bash_operator.py for tasks to queue
[2022-09-02 18:31:31,210] {logging_mixin.py:115} INFO - [2022-09-02 18:31:31,209] {dagbag.py:508} INFO - Filling up the DagBag from /home/airflow/.local/lib/python3.7/site-packages/airflow/example_dags/example_bash_operator.py
[2022-09-02 18:31:31,237] {processor.py:651} INFO - DAG(s) dict_keys(['example_bash_operator']) retrieved from /home/airflow/.local/lib/python3.7/site-packages/airflow/example_dags/example_bash_operator.py
[2022-09-02 18:31:31,337] {logging_mixin.py:115} INFO - [2022-09-02 18:31:31,337] {dag.py:2420} INFO - Sync 1 DAGs
[2022-09-02 18:31:31,403] {logging_mixin.py:115} INFO - [2022-09-02 18:31:31,403] {dag.py:2972} INFO - Setting next_dagrun for example_bash_operator to 2022-09-01T00:00:00+00:00, run_after=2022-09-02T00:00:00+00:00
[2022-09-02 18:31:31,441] {processor.py:161} INFO - Processing /home/airflow/.local/lib/python3.7/site-packages/airflow/example_dags/example_bash_operator.py took 0.264 seconds
[2022-09-02 18:32:01,764] {processor.py:153} INFO - Started process (PID=716) to work on /home/airflow/.local/lib/python3.7/site-packages/airflow/example_dags/example_bash_operator.py
[2022-09-02 18:32:01,774] {processor.py:641} INFO - Processing file /home/airflow/.local/lib/python3.7/site-packages/airflow/example_dags/example_bash_operator.py for tasks to queue
[2022-09-02 18:32:01,783] {logging_mixin.py:115} INFO - [2022-09-02 18:32:01,782] {dagbag.py:508} INFO - Filling up the DagBag from /home/airflow/.local/lib/python3.7/site-packages/airflow/example_dags/example_bash_operator.py
[2022-09-02 18:32:01,869] {processor.py:651} INFO - DAG(s) dict_keys(['example_bash_operator']) retrieved from /home/airflow/.local/lib/python3.7/site-packages/airflow/example_dags/example_bash_operator.py
[2022-09-02 18:32:02,024] {logging_mixin.py:115} INFO - [2022-09-02 18:32:02,024] {dag.py:2420} INFO - Sync 1 DAGs
[2022-09-02 18:32:02,148] {logging_mixin.py:115} INFO - [2022-09-02 18:32:02,146] {dag.py:2972} INFO - Setting next_dagrun for example_bash_operator to 2022-09-01T00:00:00+00:00, run_after=2022-09-02T00:00:00+00:00
[2022-09-02 18:32:02,203] {processor.py:161} INFO - Processing /home/airflow/.local/lib/python3.7/site-packages/airflow/example_dags/example_bash_operator.py took 0.457 seconds
[2022-09-02 18:32:32,885] {processor.py:153} INFO - Started process (PID=772) to work on /home/airflow/.local/lib/python3.7/site-packages/airflow/example_dags/example_bash_operator.py
[2022-09-02 18:32:32,888] {processor.py:641} INFO - Processing file /home/airflow/.local/lib/python3.7/site-packages/airflow/example_dags/example_bash_operator.py for tasks to queue
[2022-09-02 18:32:32,891] {logging_mixin.py:115} INFO - [2022-09-02 18:32:32,891] {dagbag.py:508} INFO - Filling up the DagBag from /home/airflow/.local/lib/python3.7/site-packages/airflow/example_dags/example_bash_operator.py
[2022-09-02 18:32:32,919] {processor.py:651} INFO - DAG(s) dict_keys(['example_bash_operator']) retrieved from /home/airflow/.local/lib/python3.7/site-packages/airflow/example_dags/example_bash_operator.py
[2022-09-02 18:32:32,978] {logging_mixin.py:115} INFO - [2022-09-02 18:32:32,977] {dag.py:2420} INFO - Sync 1 DAGs
[2022-09-02 18:32:33,026] {logging_mixin.py:115} INFO - [2022-09-02 18:32:33,025] {dag.py:2972} INFO - Setting next_dagrun for example_bash_operator to 2022-09-01T00:00:00+00:00, run_after=2022-09-02T00:00:00+00:00
[2022-09-02 18:32:33,057] {processor.py:161} INFO - Processing /home/airflow/.local/lib/python3.7/site-packages/airflow/example_dags/example_bash_operator.py took 0.178 seconds
[2022-09-02 18:33:03,294] {processor.py:153} INFO - Started process (PID=827) to work on /home/airflow/.local/lib/python3.7/site-packages/airflow/example_dags/example_bash_operator.py
[2022-09-02 18:33:03,300] {processor.py:641} INFO - Processing file /home/airflow/.local/lib/python3.7/site-packages/airflow/example_dags/example_bash_operator.py for tasks to queue
[2022-09-02 18:33:03,309] {logging_mixin.py:115} INFO - [2022-09-02 18:33:03,308] {dagbag.py:508} INFO - Filling up the DagBag from /home/airflow/.local/lib/python3.7/site-packages/airflow/example_dags/example_bash_operator.py
[2022-09-02 18:33:03,336] {processor.py:651} INFO - DAG(s) dict_keys(['example_bash_operator']) retrieved from /home/airflow/.local/lib/python3.7/site-packages/airflow/example_dags/example_bash_operator.py
[2022-09-02 18:33:03,409] {logging_mixin.py:115} INFO - [2022-09-02 18:33:03,409] {dag.py:2420} INFO - Sync 1 DAGs
[2022-09-02 18:33:03,470] {logging_mixin.py:115} INFO - [2022-09-02 18:33:03,470] {dag.py:2972} INFO - Setting next_dagrun for example_bash_operator to 2022-09-01T00:00:00+00:00, run_after=2022-09-02T00:00:00+00:00
[2022-09-02 18:33:03,529] {processor.py:161} INFO - Processing /home/airflow/.local/lib/python3.7/site-packages/airflow/example_dags/example_bash_operator.py took 0.243 seconds
[2022-09-02 18:33:36,071] {processor.py:153} INFO - Started process (PID=882) to work on /home/airflow/.local/lib/python3.7/site-packages/airflow/example_dags/example_bash_operator.py
[2022-09-02 18:33:36,075] {processor.py:641} INFO - Processing file /home/airflow/.local/lib/python3.7/site-packages/airflow/example_dags/example_bash_operator.py for tasks to queue
[2022-09-02 18:33:36,081] {logging_mixin.py:115} INFO - [2022-09-02 18:33:36,080] {dagbag.py:508} INFO - Filling up the DagBag from /home/airflow/.local/lib/python3.7/site-packages/airflow/example_dags/example_bash_operator.py
[2022-09-02 18:33:36,122] {processor.py:651} INFO - DAG(s) dict_keys(['example_bash_operator']) retrieved from /home/airflow/.local/lib/python3.7/site-packages/airflow/example_dags/example_bash_operator.py
[2022-09-02 18:33:36,242] {logging_mixin.py:115} INFO - [2022-09-02 18:33:36,242] {dag.py:2420} INFO - Sync 1 DAGs
[2022-09-02 18:33:36,361] {logging_mixin.py:115} INFO - [2022-09-02 18:33:36,357] {dag.py:2972} INFO - Setting next_dagrun for example_bash_operator to 2022-09-01T00:00:00+00:00, run_after=2022-09-02T00:00:00+00:00
[2022-09-02 18:33:36,409] {processor.py:161} INFO - Processing /home/airflow/.local/lib/python3.7/site-packages/airflow/example_dags/example_bash_operator.py took 0.354 seconds
[2022-09-02 18:34:06,891] {processor.py:153} INFO - Started process (PID=935) to work on /home/airflow/.local/lib/python3.7/site-packages/airflow/example_dags/example_bash_operator.py
[2022-09-02 18:34:06,902] {processor.py:641} INFO - Processing file /home/airflow/.local/lib/python3.7/site-packages/airflow/example_dags/example_bash_operator.py for tasks to queue
[2022-09-02 18:34:06,909] {logging_mixin.py:115} INFO - [2022-09-02 18:34:06,908] {dagbag.py:508} INFO - Filling up the DagBag from /home/airflow/.local/lib/python3.7/site-packages/airflow/example_dags/example_bash_operator.py
[2022-09-02 18:34:06,958] {processor.py:651} INFO - DAG(s) dict_keys(['example_bash_operator']) retrieved from /home/airflow/.local/lib/python3.7/site-packages/airflow/example_dags/example_bash_operator.py
[2022-09-02 18:34:07,019] {logging_mixin.py:115} INFO - [2022-09-02 18:34:07,019] {dag.py:2420} INFO - Sync 1 DAGs
[2022-09-02 18:34:07,072] {logging_mixin.py:115} INFO - [2022-09-02 18:34:07,072] {dag.py:2972} INFO - Setting next_dagrun for example_bash_operator to 2022-09-01T00:00:00+00:00, run_after=2022-09-02T00:00:00+00:00
[2022-09-02 18:34:07,110] {processor.py:161} INFO - Processing /home/airflow/.local/lib/python3.7/site-packages/airflow/example_dags/example_bash_operator.py took 0.228 seconds
[2022-09-02 18:35:05,176] {processor.py:153} INFO - Started process (PID=1006) to work on /home/airflow/.local/lib/python3.7/site-packages/airflow/example_dags/example_bash_operator.py
[2022-09-02 18:35:05,202] {processor.py:641} INFO - Processing file /home/airflow/.local/lib/python3.7/site-packages/airflow/example_dags/example_bash_operator.py for tasks to queue
[2022-09-02 18:35:05,302] {logging_mixin.py:115} INFO - [2022-09-02 18:35:05,301] {dagbag.py:508} INFO - Filling up the DagBag from /home/airflow/.local/lib/python3.7/site-packages/airflow/example_dags/example_bash_operator.py
[2022-09-02 18:35:05,537] {processor.py:651} INFO - DAG(s) dict_keys(['example_bash_operator']) retrieved from /home/airflow/.local/lib/python3.7/site-packages/airflow/example_dags/example_bash_operator.py
[2022-09-02 18:35:07,224] {logging_mixin.py:115} INFO - [2022-09-02 18:35:07,224] {dag.py:2420} INFO - Sync 1 DAGs
[2022-09-02 18:35:09,847] {logging_mixin.py:115} INFO - [2022-09-02 18:35:09,846] {dag.py:2972} INFO - Setting next_dagrun for example_bash_operator to 2022-09-01T00:00:00+00:00, run_after=2022-09-02T00:00:00+00:00
[2022-09-02 18:35:10,463] {processor.py:161} INFO - Processing /home/airflow/.local/lib/python3.7/site-packages/airflow/example_dags/example_bash_operator.py took 5.366 seconds
[2022-09-02 18:35:41,710] {processor.py:153} INFO - Started process (PID=1061) to work on /home/airflow/.local/lib/python3.7/site-packages/airflow/example_dags/example_bash_operator.py
[2022-09-02 18:35:41,717] {processor.py:641} INFO - Processing file /home/airflow/.local/lib/python3.7/site-packages/airflow/example_dags/example_bash_operator.py for tasks to queue
[2022-09-02 18:35:41,725] {logging_mixin.py:115} INFO - [2022-09-02 18:35:41,725] {dagbag.py:508} INFO - Filling up the DagBag from /home/airflow/.local/lib/python3.7/site-packages/airflow/example_dags/example_bash_operator.py
[2022-09-02 18:35:41,759] {processor.py:651} INFO - DAG(s) dict_keys(['example_bash_operator']) retrieved from /home/airflow/.local/lib/python3.7/site-packages/airflow/example_dags/example_bash_operator.py
[2022-09-02 18:35:41,843] {logging_mixin.py:115} INFO - [2022-09-02 18:35:41,842] {dag.py:2420} INFO - Sync 1 DAGs
[2022-09-02 18:35:41,921] {logging_mixin.py:115} INFO - [2022-09-02 18:35:41,921] {dag.py:2972} INFO - Setting next_dagrun for example_bash_operator to 2022-09-01T00:00:00+00:00, run_after=2022-09-02T00:00:00+00:00
[2022-09-02 18:35:42,008] {processor.py:161} INFO - Processing /home/airflow/.local/lib/python3.7/site-packages/airflow/example_dags/example_bash_operator.py took 0.311 seconds
[2022-09-02 18:36:12,897] {processor.py:153} INFO - Started process (PID=1116) to work on /home/airflow/.local/lib/python3.7/site-packages/airflow/example_dags/example_bash_operator.py
[2022-09-02 18:36:12,920] {processor.py:641} INFO - Processing file /home/airflow/.local/lib/python3.7/site-packages/airflow/example_dags/example_bash_operator.py for tasks to queue
[2022-09-02 18:36:12,931] {logging_mixin.py:115} INFO - [2022-09-02 18:36:12,930] {dagbag.py:508} INFO - Filling up the DagBag from /home/airflow/.local/lib/python3.7/site-packages/airflow/example_dags/example_bash_operator.py
[2022-09-02 18:36:13,079] {processor.py:651} INFO - DAG(s) dict_keys(['example_bash_operator']) retrieved from /home/airflow/.local/lib/python3.7/site-packages/airflow/example_dags/example_bash_operator.py
[2022-09-02 18:36:13,307] {logging_mixin.py:115} INFO - [2022-09-02 18:36:13,306] {dag.py:2420} INFO - Sync 1 DAGs
[2022-09-02 18:36:13,427] {logging_mixin.py:115} INFO - [2022-09-02 18:36:13,427] {dag.py:2972} INFO - Setting next_dagrun for example_bash_operator to 2022-09-01T00:00:00+00:00, run_after=2022-09-02T00:00:00+00:00
[2022-09-02 18:36:13,504] {processor.py:161} INFO - Processing /home/airflow/.local/lib/python3.7/site-packages/airflow/example_dags/example_bash_operator.py took 0.682 seconds
[2022-09-02 18:36:51,654] {processor.py:153} INFO - Started process (PID=1170) to work on /home/airflow/.local/lib/python3.7/site-packages/airflow/example_dags/example_bash_operator.py
[2022-09-02 18:36:51,661] {processor.py:641} INFO - Processing file /home/airflow/.local/lib/python3.7/site-packages/airflow/example_dags/example_bash_operator.py for tasks to queue
[2022-09-02 18:36:51,675] {logging_mixin.py:115} INFO - [2022-09-02 18:36:51,675] {dagbag.py:508} INFO - Filling up the DagBag from /home/airflow/.local/lib/python3.7/site-packages/airflow/example_dags/example_bash_operator.py
[2022-09-02 18:36:51,912] {processor.py:651} INFO - DAG(s) dict_keys(['example_bash_operator']) retrieved from /home/airflow/.local/lib/python3.7/site-packages/airflow/example_dags/example_bash_operator.py
[2022-09-02 18:36:52,355] {logging_mixin.py:115} INFO - [2022-09-02 18:36:52,355] {dag.py:2420} INFO - Sync 1 DAGs
[2022-09-02 18:36:52,478] {logging_mixin.py:115} INFO - [2022-09-02 18:36:52,477] {dag.py:2972} INFO - Setting next_dagrun for example_bash_operator to 2022-09-01T00:00:00+00:00, run_after=2022-09-02T00:00:00+00:00
[2022-09-02 18:36:52,565] {processor.py:161} INFO - Processing /home/airflow/.local/lib/python3.7/site-packages/airflow/example_dags/example_bash_operator.py took 0.943 seconds
[2022-09-02 18:37:22,967] {processor.py:153} INFO - Started process (PID=1225) to work on /home/airflow/.local/lib/python3.7/site-packages/airflow/example_dags/example_bash_operator.py
[2022-09-02 18:37:22,974] {processor.py:641} INFO - Processing file /home/airflow/.local/lib/python3.7/site-packages/airflow/example_dags/example_bash_operator.py for tasks to queue
[2022-09-02 18:37:22,983] {logging_mixin.py:115} INFO - [2022-09-02 18:37:22,982] {dagbag.py:508} INFO - Filling up the DagBag from /home/airflow/.local/lib/python3.7/site-packages/airflow/example_dags/example_bash_operator.py
[2022-09-02 18:37:23,041] {processor.py:651} INFO - DAG(s) dict_keys(['example_bash_operator']) retrieved from /home/airflow/.local/lib/python3.7/site-packages/airflow/example_dags/example_bash_operator.py
[2022-09-02 18:37:23,373] {logging_mixin.py:115} INFO - [2022-09-02 18:37:23,358] {dag.py:2420} INFO - Sync 1 DAGs
[2022-09-02 18:37:23,645] {logging_mixin.py:115} INFO - [2022-09-02 18:37:23,645] {dag.py:2972} INFO - Setting next_dagrun for example_bash_operator to 2022-09-01T00:00:00+00:00, run_after=2022-09-02T00:00:00+00:00
[2022-09-02 18:37:23,735] {processor.py:161} INFO - Processing /home/airflow/.local/lib/python3.7/site-packages/airflow/example_dags/example_bash_operator.py took 0.787 seconds
[2022-09-02 18:37:54,229] {processor.py:153} INFO - Started process (PID=1280) to work on /home/airflow/.local/lib/python3.7/site-packages/airflow/example_dags/example_bash_operator.py
[2022-09-02 18:37:54,237] {processor.py:641} INFO - Processing file /home/airflow/.local/lib/python3.7/site-packages/airflow/example_dags/example_bash_operator.py for tasks to queue
[2022-09-02 18:37:54,256] {logging_mixin.py:115} INFO - [2022-09-02 18:37:54,255] {dagbag.py:508} INFO - Filling up the DagBag from /home/airflow/.local/lib/python3.7/site-packages/airflow/example_dags/example_bash_operator.py
[2022-09-02 18:37:54,370] {processor.py:651} INFO - DAG(s) dict_keys(['example_bash_operator']) retrieved from /home/airflow/.local/lib/python3.7/site-packages/airflow/example_dags/example_bash_operator.py
[2022-09-02 18:37:55,243] {logging_mixin.py:115} INFO - [2022-09-02 18:37:55,242] {dag.py:2420} INFO - Sync 1 DAGs
[2022-09-02 18:37:55,590] {logging_mixin.py:115} INFO - [2022-09-02 18:37:55,589] {dag.py:2972} INFO - Setting next_dagrun for example_bash_operator to 2022-09-01T00:00:00+00:00, run_after=2022-09-02T00:00:00+00:00
[2022-09-02 18:37:55,690] {processor.py:161} INFO - Processing /home/airflow/.local/lib/python3.7/site-packages/airflow/example_dags/example_bash_operator.py took 1.497 seconds
[2022-09-02 18:38:26,204] {processor.py:153} INFO - Started process (PID=1336) to work on /home/airflow/.local/lib/python3.7/site-packages/airflow/example_dags/example_bash_operator.py
[2022-09-02 18:38:26,207] {processor.py:641} INFO - Processing file /home/airflow/.local/lib/python3.7/site-packages/airflow/example_dags/example_bash_operator.py for tasks to queue
[2022-09-02 18:38:26,211] {logging_mixin.py:115} INFO - [2022-09-02 18:38:26,211] {dagbag.py:508} INFO - Filling up the DagBag from /home/airflow/.local/lib/python3.7/site-packages/airflow/example_dags/example_bash_operator.py
[2022-09-02 18:38:26,261] {processor.py:651} INFO - DAG(s) dict_keys(['example_bash_operator']) retrieved from /home/airflow/.local/lib/python3.7/site-packages/airflow/example_dags/example_bash_operator.py
[2022-09-02 18:38:26,507] {logging_mixin.py:115} INFO - [2022-09-02 18:38:26,507] {dag.py:2420} INFO - Sync 1 DAGs
[2022-09-02 18:38:26,614] {logging_mixin.py:115} INFO - [2022-09-02 18:38:26,614] {dag.py:2972} INFO - Setting next_dagrun for example_bash_operator to 2022-09-01T00:00:00+00:00, run_after=2022-09-02T00:00:00+00:00
[2022-09-02 18:38:26,660] {processor.py:161} INFO - Processing /home/airflow/.local/lib/python3.7/site-packages/airflow/example_dags/example_bash_operator.py took 0.474 seconds
[2022-09-02 18:38:57,049] {processor.py:153} INFO - Started process (PID=1399) to work on /home/airflow/.local/lib/python3.7/site-packages/airflow/example_dags/example_bash_operator.py
[2022-09-02 18:38:57,052] {processor.py:641} INFO - Processing file /home/airflow/.local/lib/python3.7/site-packages/airflow/example_dags/example_bash_operator.py for tasks to queue
[2022-09-02 18:38:57,055] {logging_mixin.py:115} INFO - [2022-09-02 18:38:57,054] {dagbag.py:508} INFO - Filling up the DagBag from /home/airflow/.local/lib/python3.7/site-packages/airflow/example_dags/example_bash_operator.py
[2022-09-02 18:38:57,108] {processor.py:651} INFO - DAG(s) dict_keys(['example_bash_operator']) retrieved from /home/airflow/.local/lib/python3.7/site-packages/airflow/example_dags/example_bash_operator.py
[2022-09-02 18:38:57,212] {logging_mixin.py:115} INFO - [2022-09-02 18:38:57,212] {dag.py:2420} INFO - Sync 1 DAGs
[2022-09-02 18:38:57,330] {logging_mixin.py:115} INFO - [2022-09-02 18:38:57,329] {dag.py:2972} INFO - Setting next_dagrun for example_bash_operator to 2022-09-01T00:00:00+00:00, run_after=2022-09-02T00:00:00+00:00
[2022-09-02 18:38:57,367] {processor.py:161} INFO - Processing /home/airflow/.local/lib/python3.7/site-packages/airflow/example_dags/example_bash_operator.py took 0.336 seconds
[2022-09-02 18:39:28,165] {processor.py:153} INFO - Started process (PID=1443) to work on /home/airflow/.local/lib/python3.7/site-packages/airflow/example_dags/example_bash_operator.py
[2022-09-02 18:39:28,168] {processor.py:641} INFO - Processing file /home/airflow/.local/lib/python3.7/site-packages/airflow/example_dags/example_bash_operator.py for tasks to queue
[2022-09-02 18:39:28,172] {logging_mixin.py:115} INFO - [2022-09-02 18:39:28,172] {dagbag.py:508} INFO - Filling up the DagBag from /home/airflow/.local/lib/python3.7/site-packages/airflow/example_dags/example_bash_operator.py
[2022-09-02 18:39:28,196] {processor.py:651} INFO - DAG(s) dict_keys(['example_bash_operator']) retrieved from /home/airflow/.local/lib/python3.7/site-packages/airflow/example_dags/example_bash_operator.py
[2022-09-02 18:39:28,261] {logging_mixin.py:115} INFO - [2022-09-02 18:39:28,261] {dag.py:2420} INFO - Sync 1 DAGs
[2022-09-02 18:39:28,318] {logging_mixin.py:115} INFO - [2022-09-02 18:39:28,318] {dag.py:2972} INFO - Setting next_dagrun for example_bash_operator to 2022-09-01T00:00:00+00:00, run_after=2022-09-02T00:00:00+00:00
[2022-09-02 18:39:28,360] {processor.py:161} INFO - Processing /home/airflow/.local/lib/python3.7/site-packages/airflow/example_dags/example_bash_operator.py took 0.204 seconds
