[2022-09-02 18:26:47,821] {processor.py:153} INFO - Started process (PID=165) to work on /home/airflow/.local/lib/python3.7/site-packages/airflow/example_dags/example_latest_only.py
[2022-09-02 18:26:47,828] {processor.py:641} INFO - Processing file /home/airflow/.local/lib/python3.7/site-packages/airflow/example_dags/example_latest_only.py for tasks to queue
[2022-09-02 18:26:47,879] {logging_mixin.py:115} INFO - [2022-09-02 18:26:47,879] {dagbag.py:508} INFO - Filling up the DagBag from /home/airflow/.local/lib/python3.7/site-packages/airflow/example_dags/example_latest_only.py
[2022-09-02 18:26:47,957] {processor.py:651} INFO - DAG(s) dict_keys(['latest_only']) retrieved from /home/airflow/.local/lib/python3.7/site-packages/airflow/example_dags/example_latest_only.py
[2022-09-02 18:26:49,585] {logging_mixin.py:115} INFO - [2022-09-02 18:26:49,582] {manager.py:508} INFO - Created Permission View: can delete on DAG:latest_only
[2022-09-02 18:26:49,670] {logging_mixin.py:115} INFO - [2022-09-02 18:26:49,670] {manager.py:508} INFO - Created Permission View: can edit on DAG:latest_only
[2022-09-02 18:26:49,854] {logging_mixin.py:115} INFO - [2022-09-02 18:26:49,845] {manager.py:508} INFO - Created Permission View: can read on DAG:latest_only
[2022-09-02 18:26:49,859] {logging_mixin.py:115} INFO - [2022-09-02 18:26:49,859] {dag.py:2420} INFO - Sync 1 DAGs
[2022-09-02 18:26:49,988] {logging_mixin.py:115} INFO - [2022-09-02 18:26:49,988] {dag.py:2439} INFO - Creating ORM DAG for latest_only
[2022-09-02 18:26:50,104] {logging_mixin.py:115} INFO - [2022-09-02 18:26:50,104] {dag.py:2972} INFO - Setting next_dagrun for latest_only to 2022-09-02T14:26:50.102844+00:00, run_after=2022-09-02T18:26:50.102844+00:00
[2022-09-02 18:26:50,260] {processor.py:161} INFO - Processing /home/airflow/.local/lib/python3.7/site-packages/airflow/example_dags/example_latest_only.py took 2.509 seconds
[2022-09-02 18:27:20,629] {processor.py:153} INFO - Started process (PID=229) to work on /home/airflow/.local/lib/python3.7/site-packages/airflow/example_dags/example_latest_only.py
[2022-09-02 18:27:20,632] {processor.py:641} INFO - Processing file /home/airflow/.local/lib/python3.7/site-packages/airflow/example_dags/example_latest_only.py for tasks to queue
[2022-09-02 18:27:20,634] {logging_mixin.py:115} INFO - [2022-09-02 18:27:20,634] {dagbag.py:508} INFO - Filling up the DagBag from /home/airflow/.local/lib/python3.7/site-packages/airflow/example_dags/example_latest_only.py
[2022-09-02 18:27:20,650] {processor.py:651} INFO - DAG(s) dict_keys(['latest_only']) retrieved from /home/airflow/.local/lib/python3.7/site-packages/airflow/example_dags/example_latest_only.py
[2022-09-02 18:27:20,991] {logging_mixin.py:115} INFO - [2022-09-02 18:27:20,991] {dag.py:2420} INFO - Sync 1 DAGs
[2022-09-02 18:27:21,050] {logging_mixin.py:115} INFO - [2022-09-02 18:27:21,050] {dag.py:2972} INFO - Setting next_dagrun for latest_only to 2022-09-02T14:27:21.049869+00:00, run_after=2022-09-02T18:27:21.049869+00:00
[2022-09-02 18:27:21,086] {processor.py:161} INFO - Processing /home/airflow/.local/lib/python3.7/site-packages/airflow/example_dags/example_latest_only.py took 0.476 seconds
[2022-09-02 18:27:52,901] {processor.py:153} INFO - Started process (PID=282) to work on /home/airflow/.local/lib/python3.7/site-packages/airflow/example_dags/example_latest_only.py
[2022-09-02 18:27:52,915] {processor.py:641} INFO - Processing file /home/airflow/.local/lib/python3.7/site-packages/airflow/example_dags/example_latest_only.py for tasks to queue
[2022-09-02 18:27:52,924] {logging_mixin.py:115} INFO - [2022-09-02 18:27:52,924] {dagbag.py:508} INFO - Filling up the DagBag from /home/airflow/.local/lib/python3.7/site-packages/airflow/example_dags/example_latest_only.py
[2022-09-02 18:27:53,032] {processor.py:651} INFO - DAG(s) dict_keys(['latest_only']) retrieved from /home/airflow/.local/lib/python3.7/site-packages/airflow/example_dags/example_latest_only.py
[2022-09-02 18:27:53,423] {logging_mixin.py:115} INFO - [2022-09-02 18:27:53,422] {dag.py:2420} INFO - Sync 1 DAGs
[2022-09-02 18:27:53,480] {logging_mixin.py:115} INFO - [2022-09-02 18:27:53,479] {dag.py:2972} INFO - Setting next_dagrun for latest_only to 2022-09-02T14:27:53.479283+00:00, run_after=2022-09-02T18:27:53.479283+00:00
[2022-09-02 18:27:53,564] {processor.py:161} INFO - Processing /home/airflow/.local/lib/python3.7/site-packages/airflow/example_dags/example_latest_only.py took 0.675 seconds
[2022-09-02 18:28:24,088] {processor.py:153} INFO - Started process (PID=338) to work on /home/airflow/.local/lib/python3.7/site-packages/airflow/example_dags/example_latest_only.py
[2022-09-02 18:28:24,091] {processor.py:641} INFO - Processing file /home/airflow/.local/lib/python3.7/site-packages/airflow/example_dags/example_latest_only.py for tasks to queue
[2022-09-02 18:28:24,094] {logging_mixin.py:115} INFO - [2022-09-02 18:28:24,094] {dagbag.py:508} INFO - Filling up the DagBag from /home/airflow/.local/lib/python3.7/site-packages/airflow/example_dags/example_latest_only.py
[2022-09-02 18:28:24,112] {processor.py:651} INFO - DAG(s) dict_keys(['latest_only']) retrieved from /home/airflow/.local/lib/python3.7/site-packages/airflow/example_dags/example_latest_only.py
[2022-09-02 18:28:24,474] {logging_mixin.py:115} INFO - [2022-09-02 18:28:24,473] {dag.py:2420} INFO - Sync 1 DAGs
[2022-09-02 18:28:24,558] {logging_mixin.py:115} INFO - [2022-09-02 18:28:24,558] {dag.py:2972} INFO - Setting next_dagrun for latest_only to 2022-09-02T14:28:24.557413+00:00, run_after=2022-09-02T18:28:24.557413+00:00
[2022-09-02 18:28:24,590] {processor.py:161} INFO - Processing /home/airflow/.local/lib/python3.7/site-packages/airflow/example_dags/example_latest_only.py took 0.511 seconds
[2022-09-02 18:28:55,294] {processor.py:153} INFO - Started process (PID=393) to work on /home/airflow/.local/lib/python3.7/site-packages/airflow/example_dags/example_latest_only.py
[2022-09-02 18:28:55,297] {processor.py:641} INFO - Processing file /home/airflow/.local/lib/python3.7/site-packages/airflow/example_dags/example_latest_only.py for tasks to queue
[2022-09-02 18:28:55,302] {logging_mixin.py:115} INFO - [2022-09-02 18:28:55,301] {dagbag.py:508} INFO - Filling up the DagBag from /home/airflow/.local/lib/python3.7/site-packages/airflow/example_dags/example_latest_only.py
[2022-09-02 18:28:55,344] {processor.py:651} INFO - DAG(s) dict_keys(['latest_only']) retrieved from /home/airflow/.local/lib/python3.7/site-packages/airflow/example_dags/example_latest_only.py
[2022-09-02 18:28:55,654] {logging_mixin.py:115} INFO - [2022-09-02 18:28:55,654] {dag.py:2420} INFO - Sync 1 DAGs
[2022-09-02 18:28:55,712] {logging_mixin.py:115} INFO - [2022-09-02 18:28:55,712] {dag.py:2972} INFO - Setting next_dagrun for latest_only to 2022-09-02T14:28:55.711409+00:00, run_after=2022-09-02T18:28:55.711409+00:00
[2022-09-02 18:28:55,752] {processor.py:161} INFO - Processing /home/airflow/.local/lib/python3.7/site-packages/airflow/example_dags/example_latest_only.py took 0.469 seconds
[2022-09-02 18:29:29,269] {processor.py:153} INFO - Started process (PID=448) to work on /home/airflow/.local/lib/python3.7/site-packages/airflow/example_dags/example_latest_only.py
[2022-09-02 18:29:29,274] {processor.py:641} INFO - Processing file /home/airflow/.local/lib/python3.7/site-packages/airflow/example_dags/example_latest_only.py for tasks to queue
[2022-09-02 18:29:29,277] {logging_mixin.py:115} INFO - [2022-09-02 18:29:29,277] {dagbag.py:508} INFO - Filling up the DagBag from /home/airflow/.local/lib/python3.7/site-packages/airflow/example_dags/example_latest_only.py
[2022-09-02 18:29:29,294] {processor.py:651} INFO - DAG(s) dict_keys(['latest_only']) retrieved from /home/airflow/.local/lib/python3.7/site-packages/airflow/example_dags/example_latest_only.py
[2022-09-02 18:29:29,671] {logging_mixin.py:115} INFO - [2022-09-02 18:29:29,670] {dag.py:2420} INFO - Sync 1 DAGs
[2022-09-02 18:29:29,736] {logging_mixin.py:115} INFO - [2022-09-02 18:29:29,736] {dag.py:2972} INFO - Setting next_dagrun for latest_only to 2022-09-02T14:29:29.735961+00:00, run_after=2022-09-02T18:29:29.735961+00:00
[2022-09-02 18:29:29,768] {processor.py:161} INFO - Processing /home/airflow/.local/lib/python3.7/site-packages/airflow/example_dags/example_latest_only.py took 0.509 seconds
[2022-09-02 18:30:00,384] {processor.py:153} INFO - Started process (PID=501) to work on /home/airflow/.local/lib/python3.7/site-packages/airflow/example_dags/example_latest_only.py
[2022-09-02 18:30:00,387] {processor.py:641} INFO - Processing file /home/airflow/.local/lib/python3.7/site-packages/airflow/example_dags/example_latest_only.py for tasks to queue
[2022-09-02 18:30:00,391] {logging_mixin.py:115} INFO - [2022-09-02 18:30:00,390] {dagbag.py:508} INFO - Filling up the DagBag from /home/airflow/.local/lib/python3.7/site-packages/airflow/example_dags/example_latest_only.py
[2022-09-02 18:30:00,408] {processor.py:651} INFO - DAG(s) dict_keys(['latest_only']) retrieved from /home/airflow/.local/lib/python3.7/site-packages/airflow/example_dags/example_latest_only.py
[2022-09-02 18:30:00,662] {logging_mixin.py:115} INFO - [2022-09-02 18:30:00,661] {dag.py:2420} INFO - Sync 1 DAGs
[2022-09-02 18:30:00,713] {logging_mixin.py:115} INFO - [2022-09-02 18:30:00,712] {dag.py:2972} INFO - Setting next_dagrun for latest_only to 2022-09-02T14:30:00.711935+00:00, run_after=2022-09-02T18:30:00.711935+00:00
[2022-09-02 18:30:00,753] {processor.py:161} INFO - Processing /home/airflow/.local/lib/python3.7/site-packages/airflow/example_dags/example_latest_only.py took 0.378 seconds
[2022-09-02 18:30:31,669] {processor.py:153} INFO - Started process (PID=557) to work on /home/airflow/.local/lib/python3.7/site-packages/airflow/example_dags/example_latest_only.py
[2022-09-02 18:30:31,672] {processor.py:641} INFO - Processing file /home/airflow/.local/lib/python3.7/site-packages/airflow/example_dags/example_latest_only.py for tasks to queue
[2022-09-02 18:30:31,677] {logging_mixin.py:115} INFO - [2022-09-02 18:30:31,677] {dagbag.py:508} INFO - Filling up the DagBag from /home/airflow/.local/lib/python3.7/site-packages/airflow/example_dags/example_latest_only.py
[2022-09-02 18:30:31,695] {processor.py:651} INFO - DAG(s) dict_keys(['latest_only']) retrieved from /home/airflow/.local/lib/python3.7/site-packages/airflow/example_dags/example_latest_only.py
[2022-09-02 18:30:32,196] {logging_mixin.py:115} INFO - [2022-09-02 18:30:32,195] {dag.py:2420} INFO - Sync 1 DAGs
[2022-09-02 18:30:32,315] {logging_mixin.py:115} INFO - [2022-09-02 18:30:32,315] {dag.py:2972} INFO - Setting next_dagrun for latest_only to 2022-09-02T14:30:32.314852+00:00, run_after=2022-09-02T18:30:32.314852+00:00
[2022-09-02 18:30:32,362] {processor.py:161} INFO - Processing /home/airflow/.local/lib/python3.7/site-packages/airflow/example_dags/example_latest_only.py took 0.699 seconds
[2022-09-02 18:31:02,861] {processor.py:153} INFO - Started process (PID=611) to work on /home/airflow/.local/lib/python3.7/site-packages/airflow/example_dags/example_latest_only.py
[2022-09-02 18:31:02,866] {processor.py:641} INFO - Processing file /home/airflow/.local/lib/python3.7/site-packages/airflow/example_dags/example_latest_only.py for tasks to queue
[2022-09-02 18:31:02,871] {logging_mixin.py:115} INFO - [2022-09-02 18:31:02,870] {dagbag.py:508} INFO - Filling up the DagBag from /home/airflow/.local/lib/python3.7/site-packages/airflow/example_dags/example_latest_only.py
[2022-09-02 18:31:02,890] {processor.py:651} INFO - DAG(s) dict_keys(['latest_only']) retrieved from /home/airflow/.local/lib/python3.7/site-packages/airflow/example_dags/example_latest_only.py
[2022-09-02 18:31:03,262] {logging_mixin.py:115} INFO - [2022-09-02 18:31:03,262] {dag.py:2420} INFO - Sync 1 DAGs
[2022-09-02 18:31:03,323] {logging_mixin.py:115} INFO - [2022-09-02 18:31:03,322] {dag.py:2972} INFO - Setting next_dagrun for latest_only to 2022-09-02T14:31:03.322633+00:00, run_after=2022-09-02T18:31:03.322633+00:00
[2022-09-02 18:31:03,359] {processor.py:161} INFO - Processing /home/airflow/.local/lib/python3.7/site-packages/airflow/example_dags/example_latest_only.py took 0.502 seconds
[2022-09-02 18:31:34,042] {processor.py:153} INFO - Started process (PID=668) to work on /home/airflow/.local/lib/python3.7/site-packages/airflow/example_dags/example_latest_only.py
[2022-09-02 18:31:34,051] {processor.py:641} INFO - Processing file /home/airflow/.local/lib/python3.7/site-packages/airflow/example_dags/example_latest_only.py for tasks to queue
[2022-09-02 18:31:34,060] {logging_mixin.py:115} INFO - [2022-09-02 18:31:34,060] {dagbag.py:508} INFO - Filling up the DagBag from /home/airflow/.local/lib/python3.7/site-packages/airflow/example_dags/example_latest_only.py
[2022-09-02 18:31:34,082] {processor.py:651} INFO - DAG(s) dict_keys(['latest_only']) retrieved from /home/airflow/.local/lib/python3.7/site-packages/airflow/example_dags/example_latest_only.py
[2022-09-02 18:31:34,213] {logging_mixin.py:115} INFO - [2022-09-02 18:31:34,213] {dag.py:2420} INFO - Sync 1 DAGs
[2022-09-02 18:31:34,266] {logging_mixin.py:115} INFO - [2022-09-02 18:31:34,266] {dag.py:2972} INFO - Setting next_dagrun for latest_only to 2022-09-02T14:31:34.265987+00:00, run_after=2022-09-02T18:31:34.265987+00:00
[2022-09-02 18:31:34,293] {processor.py:161} INFO - Processing /home/airflow/.local/lib/python3.7/site-packages/airflow/example_dags/example_latest_only.py took 0.265 seconds
[2022-09-02 18:32:10,749] {processor.py:153} INFO - Started process (PID=731) to work on /home/airflow/.local/lib/python3.7/site-packages/airflow/example_dags/example_latest_only.py
[2022-09-02 18:32:10,794] {processor.py:641} INFO - Processing file /home/airflow/.local/lib/python3.7/site-packages/airflow/example_dags/example_latest_only.py for tasks to queue
[2022-09-02 18:32:10,803] {logging_mixin.py:115} INFO - [2022-09-02 18:32:10,803] {dagbag.py:508} INFO - Filling up the DagBag from /home/airflow/.local/lib/python3.7/site-packages/airflow/example_dags/example_latest_only.py
[2022-09-02 18:32:11,133] {processor.py:651} INFO - DAG(s) dict_keys(['latest_only']) retrieved from /home/airflow/.local/lib/python3.7/site-packages/airflow/example_dags/example_latest_only.py
[2022-09-02 18:32:11,654] {logging_mixin.py:115} INFO - [2022-09-02 18:32:11,654] {dag.py:2420} INFO - Sync 1 DAGs
[2022-09-02 18:32:11,952] {logging_mixin.py:115} INFO - [2022-09-02 18:32:11,952] {dag.py:2972} INFO - Setting next_dagrun for latest_only to 2022-09-02T14:32:11.951772+00:00, run_after=2022-09-02T18:32:11.951772+00:00
[2022-09-02 18:32:12,037] {processor.py:161} INFO - Processing /home/airflow/.local/lib/python3.7/site-packages/airflow/example_dags/example_latest_only.py took 1.346 seconds
[2022-09-02 18:32:43,012] {processor.py:153} INFO - Started process (PID=791) to work on /home/airflow/.local/lib/python3.7/site-packages/airflow/example_dags/example_latest_only.py
[2022-09-02 18:32:43,015] {processor.py:641} INFO - Processing file /home/airflow/.local/lib/python3.7/site-packages/airflow/example_dags/example_latest_only.py for tasks to queue
[2022-09-02 18:32:43,018] {logging_mixin.py:115} INFO - [2022-09-02 18:32:43,018] {dagbag.py:508} INFO - Filling up the DagBag from /home/airflow/.local/lib/python3.7/site-packages/airflow/example_dags/example_latest_only.py
[2022-09-02 18:32:43,031] {processor.py:651} INFO - DAG(s) dict_keys(['latest_only']) retrieved from /home/airflow/.local/lib/python3.7/site-packages/airflow/example_dags/example_latest_only.py
[2022-09-02 18:32:43,095] {logging_mixin.py:115} INFO - [2022-09-02 18:32:43,095] {dag.py:2420} INFO - Sync 1 DAGs
[2022-09-02 18:32:43,143] {logging_mixin.py:115} INFO - [2022-09-02 18:32:43,142] {dag.py:2972} INFO - Setting next_dagrun for latest_only to 2022-09-02T14:32:43.142583+00:00, run_after=2022-09-02T18:32:43.142583+00:00
[2022-09-02 18:32:43,172] {processor.py:161} INFO - Processing /home/airflow/.local/lib/python3.7/site-packages/airflow/example_dags/example_latest_only.py took 0.171 seconds
[2022-09-02 18:33:13,767] {processor.py:153} INFO - Started process (PID=844) to work on /home/airflow/.local/lib/python3.7/site-packages/airflow/example_dags/example_latest_only.py
[2022-09-02 18:33:13,776] {processor.py:641} INFO - Processing file /home/airflow/.local/lib/python3.7/site-packages/airflow/example_dags/example_latest_only.py for tasks to queue
[2022-09-02 18:33:13,811] {logging_mixin.py:115} INFO - [2022-09-02 18:33:13,792] {dagbag.py:508} INFO - Filling up the DagBag from /home/airflow/.local/lib/python3.7/site-packages/airflow/example_dags/example_latest_only.py
[2022-09-02 18:33:13,913] {processor.py:651} INFO - DAG(s) dict_keys(['latest_only']) retrieved from /home/airflow/.local/lib/python3.7/site-packages/airflow/example_dags/example_latest_only.py
[2022-09-02 18:33:14,293] {logging_mixin.py:115} INFO - [2022-09-02 18:33:14,293] {dag.py:2420} INFO - Sync 1 DAGs
[2022-09-02 18:33:14,612] {logging_mixin.py:115} INFO - [2022-09-02 18:33:14,609] {dag.py:2972} INFO - Setting next_dagrun for latest_only to 2022-09-02T14:33:14.608827+00:00, run_after=2022-09-02T18:33:14.608827+00:00
[2022-09-02 18:33:14,805] {processor.py:161} INFO - Processing /home/airflow/.local/lib/python3.7/site-packages/airflow/example_dags/example_latest_only.py took 1.063 seconds
[2022-09-02 18:33:45,244] {processor.py:153} INFO - Started process (PID=890) to work on /home/airflow/.local/lib/python3.7/site-packages/airflow/example_dags/example_latest_only.py
[2022-09-02 18:33:45,270] {processor.py:641} INFO - Processing file /home/airflow/.local/lib/python3.7/site-packages/airflow/example_dags/example_latest_only.py for tasks to queue
[2022-09-02 18:33:45,278] {logging_mixin.py:115} INFO - [2022-09-02 18:33:45,278] {dagbag.py:508} INFO - Filling up the DagBag from /home/airflow/.local/lib/python3.7/site-packages/airflow/example_dags/example_latest_only.py
[2022-09-02 18:33:45,327] {processor.py:651} INFO - DAG(s) dict_keys(['latest_only']) retrieved from /home/airflow/.local/lib/python3.7/site-packages/airflow/example_dags/example_latest_only.py
[2022-09-02 18:33:47,828] {logging_mixin.py:115} INFO - [2022-09-02 18:33:47,828] {dag.py:2420} INFO - Sync 1 DAGs
[2022-09-02 18:33:49,409] {logging_mixin.py:115} INFO - [2022-09-02 18:33:49,409] {dag.py:2972} INFO - Setting next_dagrun for latest_only to 2022-09-02T14:33:49.408154+00:00, run_after=2022-09-02T18:33:49.408154+00:00
[2022-09-02 18:33:49,688] {processor.py:161} INFO - Processing /home/airflow/.local/lib/python3.7/site-packages/airflow/example_dags/example_latest_only.py took 4.515 seconds
[2022-09-02 18:34:20,005] {processor.py:153} INFO - Started process (PID=953) to work on /home/airflow/.local/lib/python3.7/site-packages/airflow/example_dags/example_latest_only.py
[2022-09-02 18:34:20,010] {processor.py:641} INFO - Processing file /home/airflow/.local/lib/python3.7/site-packages/airflow/example_dags/example_latest_only.py for tasks to queue
[2022-09-02 18:34:20,015] {logging_mixin.py:115} INFO - [2022-09-02 18:34:20,014] {dagbag.py:508} INFO - Filling up the DagBag from /home/airflow/.local/lib/python3.7/site-packages/airflow/example_dags/example_latest_only.py
[2022-09-02 18:34:20,037] {processor.py:651} INFO - DAG(s) dict_keys(['latest_only']) retrieved from /home/airflow/.local/lib/python3.7/site-packages/airflow/example_dags/example_latest_only.py
[2022-09-02 18:34:20,120] {logging_mixin.py:115} INFO - [2022-09-02 18:34:20,119] {dag.py:2420} INFO - Sync 1 DAGs
[2022-09-02 18:34:20,178] {logging_mixin.py:115} INFO - [2022-09-02 18:34:20,178] {dag.py:2972} INFO - Setting next_dagrun for latest_only to 2022-09-02T14:34:20.177827+00:00, run_after=2022-09-02T18:34:20.177827+00:00
[2022-09-02 18:34:20,224] {processor.py:161} INFO - Processing /home/airflow/.local/lib/python3.7/site-packages/airflow/example_dags/example_latest_only.py took 0.233 seconds
[2022-09-02 18:35:18,352] {processor.py:153} INFO - Started process (PID=1021) to work on /home/airflow/.local/lib/python3.7/site-packages/airflow/example_dags/example_latest_only.py
[2022-09-02 18:35:18,456] {processor.py:641} INFO - Processing file /home/airflow/.local/lib/python3.7/site-packages/airflow/example_dags/example_latest_only.py for tasks to queue
[2022-09-02 18:35:18,486] {logging_mixin.py:115} INFO - [2022-09-02 18:35:18,486] {dagbag.py:508} INFO - Filling up the DagBag from /home/airflow/.local/lib/python3.7/site-packages/airflow/example_dags/example_latest_only.py
[2022-09-02 18:35:19,184] {processor.py:651} INFO - DAG(s) dict_keys(['latest_only']) retrieved from /home/airflow/.local/lib/python3.7/site-packages/airflow/example_dags/example_latest_only.py
[2022-09-02 18:35:20,914] {logging_mixin.py:115} INFO - [2022-09-02 18:35:20,913] {dag.py:2420} INFO - Sync 1 DAGs
[2022-09-02 18:35:21,379] {logging_mixin.py:115} INFO - [2022-09-02 18:35:21,378] {dag.py:2972} INFO - Setting next_dagrun for latest_only to 2022-09-02T14:35:21.377708+00:00, run_after=2022-09-02T18:35:21.377708+00:00
[2022-09-02 18:35:21,618] {processor.py:161} INFO - Processing /home/airflow/.local/lib/python3.7/site-packages/airflow/example_dags/example_latest_only.py took 3.530 seconds
[2022-09-02 18:35:51,883] {processor.py:153} INFO - Started process (PID=1076) to work on /home/airflow/.local/lib/python3.7/site-packages/airflow/example_dags/example_latest_only.py
[2022-09-02 18:35:51,902] {processor.py:641} INFO - Processing file /home/airflow/.local/lib/python3.7/site-packages/airflow/example_dags/example_latest_only.py for tasks to queue
[2022-09-02 18:35:51,910] {logging_mixin.py:115} INFO - [2022-09-02 18:35:51,910] {dagbag.py:508} INFO - Filling up the DagBag from /home/airflow/.local/lib/python3.7/site-packages/airflow/example_dags/example_latest_only.py
[2022-09-02 18:35:51,931] {processor.py:651} INFO - DAG(s) dict_keys(['latest_only']) retrieved from /home/airflow/.local/lib/python3.7/site-packages/airflow/example_dags/example_latest_only.py
[2022-09-02 18:35:52,151] {logging_mixin.py:115} INFO - [2022-09-02 18:35:52,150] {dag.py:2420} INFO - Sync 1 DAGs
[2022-09-02 18:35:52,260] {logging_mixin.py:115} INFO - [2022-09-02 18:35:52,260] {dag.py:2972} INFO - Setting next_dagrun for latest_only to 2022-09-02T14:35:52.259383+00:00, run_after=2022-09-02T18:35:52.259383+00:00
[2022-09-02 18:35:52,316] {processor.py:161} INFO - Processing /home/airflow/.local/lib/python3.7/site-packages/airflow/example_dags/example_latest_only.py took 0.450 seconds
[2022-09-02 18:36:22,677] {processor.py:153} INFO - Started process (PID=1131) to work on /home/airflow/.local/lib/python3.7/site-packages/airflow/example_dags/example_latest_only.py
[2022-09-02 18:36:22,680] {processor.py:641} INFO - Processing file /home/airflow/.local/lib/python3.7/site-packages/airflow/example_dags/example_latest_only.py for tasks to queue
[2022-09-02 18:36:22,682] {logging_mixin.py:115} INFO - [2022-09-02 18:36:22,682] {dagbag.py:508} INFO - Filling up the DagBag from /home/airflow/.local/lib/python3.7/site-packages/airflow/example_dags/example_latest_only.py
[2022-09-02 18:36:22,696] {processor.py:651} INFO - DAG(s) dict_keys(['latest_only']) retrieved from /home/airflow/.local/lib/python3.7/site-packages/airflow/example_dags/example_latest_only.py
[2022-09-02 18:36:22,762] {logging_mixin.py:115} INFO - [2022-09-02 18:36:22,762] {dag.py:2420} INFO - Sync 1 DAGs
[2022-09-02 18:36:22,821] {logging_mixin.py:115} INFO - [2022-09-02 18:36:22,821] {dag.py:2972} INFO - Setting next_dagrun for latest_only to 2022-09-02T14:36:22.821303+00:00, run_after=2022-09-02T18:36:22.821303+00:00
[2022-09-02 18:36:22,859] {processor.py:161} INFO - Processing /home/airflow/.local/lib/python3.7/site-packages/airflow/example_dags/example_latest_only.py took 0.188 seconds
[2022-09-02 18:36:54,887] {processor.py:153} INFO - Started process (PID=1184) to work on /home/airflow/.local/lib/python3.7/site-packages/airflow/example_dags/example_latest_only.py
[2022-09-02 18:36:54,912] {processor.py:641} INFO - Processing file /home/airflow/.local/lib/python3.7/site-packages/airflow/example_dags/example_latest_only.py for tasks to queue
[2022-09-02 18:36:54,917] {logging_mixin.py:115} INFO - [2022-09-02 18:36:54,916] {dagbag.py:508} INFO - Filling up the DagBag from /home/airflow/.local/lib/python3.7/site-packages/airflow/example_dags/example_latest_only.py
[2022-09-02 18:36:55,014] {processor.py:651} INFO - DAG(s) dict_keys(['latest_only']) retrieved from /home/airflow/.local/lib/python3.7/site-packages/airflow/example_dags/example_latest_only.py
[2022-09-02 18:36:55,227] {logging_mixin.py:115} INFO - [2022-09-02 18:36:55,227] {dag.py:2420} INFO - Sync 1 DAGs
[2022-09-02 18:36:55,716] {logging_mixin.py:115} INFO - [2022-09-02 18:36:55,716] {dag.py:2972} INFO - Setting next_dagrun for latest_only to 2022-09-02T14:36:55.715230+00:00, run_after=2022-09-02T18:36:55.715230+00:00
[2022-09-02 18:36:56,075] {processor.py:161} INFO - Processing /home/airflow/.local/lib/python3.7/site-packages/airflow/example_dags/example_latest_only.py took 1.253 seconds
[2022-09-02 18:37:26,705] {processor.py:153} INFO - Started process (PID=1230) to work on /home/airflow/.local/lib/python3.7/site-packages/airflow/example_dags/example_latest_only.py
[2022-09-02 18:37:26,730] {processor.py:641} INFO - Processing file /home/airflow/.local/lib/python3.7/site-packages/airflow/example_dags/example_latest_only.py for tasks to queue
[2022-09-02 18:37:26,733] {logging_mixin.py:115} INFO - [2022-09-02 18:37:26,733] {dagbag.py:508} INFO - Filling up the DagBag from /home/airflow/.local/lib/python3.7/site-packages/airflow/example_dags/example_latest_only.py
[2022-09-02 18:37:26,751] {processor.py:651} INFO - DAG(s) dict_keys(['latest_only']) retrieved from /home/airflow/.local/lib/python3.7/site-packages/airflow/example_dags/example_latest_only.py
[2022-09-02 18:37:26,913] {logging_mixin.py:115} INFO - [2022-09-02 18:37:26,912] {dag.py:2420} INFO - Sync 1 DAGs
[2022-09-02 18:37:27,027] {logging_mixin.py:115} INFO - [2022-09-02 18:37:27,027] {dag.py:2972} INFO - Setting next_dagrun for latest_only to 2022-09-02T14:37:27.026422+00:00, run_after=2022-09-02T18:37:27.026422+00:00
[2022-09-02 18:37:27,128] {processor.py:161} INFO - Processing /home/airflow/.local/lib/python3.7/site-packages/airflow/example_dags/example_latest_only.py took 0.434 seconds
[2022-09-02 18:37:57,692] {processor.py:153} INFO - Started process (PID=1285) to work on /home/airflow/.local/lib/python3.7/site-packages/airflow/example_dags/example_latest_only.py
[2022-09-02 18:37:57,711] {processor.py:641} INFO - Processing file /home/airflow/.local/lib/python3.7/site-packages/airflow/example_dags/example_latest_only.py for tasks to queue
[2022-09-02 18:37:57,720] {logging_mixin.py:115} INFO - [2022-09-02 18:37:57,719] {dagbag.py:508} INFO - Filling up the DagBag from /home/airflow/.local/lib/python3.7/site-packages/airflow/example_dags/example_latest_only.py
[2022-09-02 18:37:57,753] {processor.py:651} INFO - DAG(s) dict_keys(['latest_only']) retrieved from /home/airflow/.local/lib/python3.7/site-packages/airflow/example_dags/example_latest_only.py
[2022-09-02 18:37:57,919] {logging_mixin.py:115} INFO - [2022-09-02 18:37:57,919] {dag.py:2420} INFO - Sync 1 DAGs
[2022-09-02 18:37:58,087] {logging_mixin.py:115} INFO - [2022-09-02 18:37:58,083] {dag.py:2972} INFO - Setting next_dagrun for latest_only to 2022-09-02T14:37:58.080266+00:00, run_after=2022-09-02T18:37:58.080266+00:00
[2022-09-02 18:37:58,170] {processor.py:161} INFO - Processing /home/airflow/.local/lib/python3.7/site-packages/airflow/example_dags/example_latest_only.py took 0.511 seconds
[2022-09-02 18:38:28,457] {processor.py:153} INFO - Started process (PID=1348) to work on /home/airflow/.local/lib/python3.7/site-packages/airflow/example_dags/example_latest_only.py
[2022-09-02 18:38:28,468] {processor.py:641} INFO - Processing file /home/airflow/.local/lib/python3.7/site-packages/airflow/example_dags/example_latest_only.py for tasks to queue
[2022-09-02 18:38:28,476] {logging_mixin.py:115} INFO - [2022-09-02 18:38:28,475] {dagbag.py:508} INFO - Filling up the DagBag from /home/airflow/.local/lib/python3.7/site-packages/airflow/example_dags/example_latest_only.py
[2022-09-02 18:38:28,544] {processor.py:651} INFO - DAG(s) dict_keys(['latest_only']) retrieved from /home/airflow/.local/lib/python3.7/site-packages/airflow/example_dags/example_latest_only.py
[2022-09-02 18:38:28,675] {logging_mixin.py:115} INFO - [2022-09-02 18:38:28,675] {dag.py:2420} INFO - Sync 1 DAGs
[2022-09-02 18:38:28,740] {logging_mixin.py:115} INFO - [2022-09-02 18:38:28,740] {dag.py:2972} INFO - Setting next_dagrun for latest_only to 2022-09-02T14:38:28.739644+00:00, run_after=2022-09-02T18:38:28.739644+00:00
[2022-09-02 18:38:28,770] {processor.py:161} INFO - Processing /home/airflow/.local/lib/python3.7/site-packages/airflow/example_dags/example_latest_only.py took 0.346 seconds
[2022-09-02 18:38:59,065] {processor.py:153} INFO - Started process (PID=1403) to work on /home/airflow/.local/lib/python3.7/site-packages/airflow/example_dags/example_latest_only.py
[2022-09-02 18:38:59,068] {processor.py:641} INFO - Processing file /home/airflow/.local/lib/python3.7/site-packages/airflow/example_dags/example_latest_only.py for tasks to queue
[2022-09-02 18:38:59,071] {logging_mixin.py:115} INFO - [2022-09-02 18:38:59,070] {dagbag.py:508} INFO - Filling up the DagBag from /home/airflow/.local/lib/python3.7/site-packages/airflow/example_dags/example_latest_only.py
[2022-09-02 18:38:59,085] {processor.py:651} INFO - DAG(s) dict_keys(['latest_only']) retrieved from /home/airflow/.local/lib/python3.7/site-packages/airflow/example_dags/example_latest_only.py
[2022-09-02 18:38:59,153] {logging_mixin.py:115} INFO - [2022-09-02 18:38:59,152] {dag.py:2420} INFO - Sync 1 DAGs
[2022-09-02 18:38:59,220] {logging_mixin.py:115} INFO - [2022-09-02 18:38:59,220] {dag.py:2972} INFO - Setting next_dagrun for latest_only to 2022-09-02T14:38:59.219686+00:00, run_after=2022-09-02T18:38:59.219686+00:00
[2022-09-02 18:38:59,268] {processor.py:161} INFO - Processing /home/airflow/.local/lib/python3.7/site-packages/airflow/example_dags/example_latest_only.py took 0.217 seconds
[2022-09-02 18:39:29,483] {processor.py:153} INFO - Started process (PID=1454) to work on /home/airflow/.local/lib/python3.7/site-packages/airflow/example_dags/example_latest_only.py
[2022-09-02 18:39:29,486] {processor.py:641} INFO - Processing file /home/airflow/.local/lib/python3.7/site-packages/airflow/example_dags/example_latest_only.py for tasks to queue
[2022-09-02 18:39:29,493] {logging_mixin.py:115} INFO - [2022-09-02 18:39:29,492] {dagbag.py:508} INFO - Filling up the DagBag from /home/airflow/.local/lib/python3.7/site-packages/airflow/example_dags/example_latest_only.py
[2022-09-02 18:39:29,514] {processor.py:651} INFO - DAG(s) dict_keys(['latest_only']) retrieved from /home/airflow/.local/lib/python3.7/site-packages/airflow/example_dags/example_latest_only.py
[2022-09-02 18:39:29,677] {logging_mixin.py:115} INFO - [2022-09-02 18:39:29,677] {dag.py:2420} INFO - Sync 1 DAGs
[2022-09-02 18:39:29,755] {logging_mixin.py:115} INFO - [2022-09-02 18:39:29,754] {dag.py:2972} INFO - Setting next_dagrun for latest_only to 2022-09-02T14:39:29.754238+00:00, run_after=2022-09-02T18:39:29.754238+00:00
[2022-09-02 18:39:29,809] {processor.py:161} INFO - Processing /home/airflow/.local/lib/python3.7/site-packages/airflow/example_dags/example_latest_only.py took 0.339 seconds
