[2022-09-02 18:26:39,748] {processor.py:153} INFO - Started process (PID=152) to work on /home/airflow/.local/lib/python3.7/site-packages/airflow/example_dags/example_task_group_decorator.py
[2022-09-02 18:26:39,756] {processor.py:641} INFO - Processing file /home/airflow/.local/lib/python3.7/site-packages/airflow/example_dags/example_task_group_decorator.py for tasks to queue
[2022-09-02 18:26:39,762] {logging_mixin.py:115} INFO - [2022-09-02 18:26:39,762] {dagbag.py:508} INFO - Filling up the DagBag from /home/airflow/.local/lib/python3.7/site-packages/airflow/example_dags/example_task_group_decorator.py
[2022-09-02 18:26:40,310] {processor.py:651} INFO - DAG(s) dict_keys(['example_task_group_decorator']) retrieved from /home/airflow/.local/lib/python3.7/site-packages/airflow/example_dags/example_task_group_decorator.py
[2022-09-02 18:26:40,470] {logging_mixin.py:115} INFO - [2022-09-02 18:26:40,470] {manager.py:508} INFO - Created Permission View: can delete on DAG:example_task_group_decorator
[2022-09-02 18:26:40,501] {logging_mixin.py:115} INFO - [2022-09-02 18:26:40,500] {manager.py:508} INFO - Created Permission View: can edit on DAG:example_task_group_decorator
[2022-09-02 18:26:40,530] {logging_mixin.py:115} INFO - [2022-09-02 18:26:40,530] {manager.py:508} INFO - Created Permission View: can read on DAG:example_task_group_decorator
[2022-09-02 18:26:40,532] {logging_mixin.py:115} INFO - [2022-09-02 18:26:40,532] {dag.py:2420} INFO - Sync 1 DAGs
[2022-09-02 18:26:40,562] {logging_mixin.py:115} INFO - [2022-09-02 18:26:40,562] {dag.py:2439} INFO - Creating ORM DAG for example_task_group_decorator
[2022-09-02 18:26:40,617] {logging_mixin.py:115} INFO - [2022-09-02 18:26:40,617] {dag.py:2972} INFO - Setting next_dagrun for example_task_group_decorator to 2022-09-01T18:26:40.617437+00:00, run_after=2022-09-02T18:26:40.617437+00:00
[2022-09-02 18:26:40,682] {processor.py:161} INFO - Processing /home/airflow/.local/lib/python3.7/site-packages/airflow/example_dags/example_task_group_decorator.py took 0.949 seconds
[2022-09-02 18:27:10,902] {processor.py:153} INFO - Started process (PID=206) to work on /home/airflow/.local/lib/python3.7/site-packages/airflow/example_dags/example_task_group_decorator.py
[2022-09-02 18:27:10,904] {processor.py:641} INFO - Processing file /home/airflow/.local/lib/python3.7/site-packages/airflow/example_dags/example_task_group_decorator.py for tasks to queue
[2022-09-02 18:27:10,909] {logging_mixin.py:115} INFO - [2022-09-02 18:27:10,908] {dagbag.py:508} INFO - Filling up the DagBag from /home/airflow/.local/lib/python3.7/site-packages/airflow/example_dags/example_task_group_decorator.py
[2022-09-02 18:27:11,556] {processor.py:651} INFO - DAG(s) dict_keys(['example_task_group_decorator']) retrieved from /home/airflow/.local/lib/python3.7/site-packages/airflow/example_dags/example_task_group_decorator.py
[2022-09-02 18:27:11,992] {logging_mixin.py:115} INFO - [2022-09-02 18:27:11,991] {dag.py:2420} INFO - Sync 1 DAGs
[2022-09-02 18:27:12,114] {logging_mixin.py:115} INFO - [2022-09-02 18:27:12,114] {dag.py:2972} INFO - Setting next_dagrun for example_task_group_decorator to 2022-09-01T18:27:12.113980+00:00, run_after=2022-09-02T18:27:12.113980+00:00
[2022-09-02 18:27:12,191] {processor.py:161} INFO - Processing /home/airflow/.local/lib/python3.7/site-packages/airflow/example_dags/example_task_group_decorator.py took 1.306 seconds
[2022-09-02 18:27:42,857] {processor.py:153} INFO - Started process (PID=259) to work on /home/airflow/.local/lib/python3.7/site-packages/airflow/example_dags/example_task_group_decorator.py
[2022-09-02 18:27:42,860] {processor.py:641} INFO - Processing file /home/airflow/.local/lib/python3.7/site-packages/airflow/example_dags/example_task_group_decorator.py for tasks to queue
[2022-09-02 18:27:42,862] {logging_mixin.py:115} INFO - [2022-09-02 18:27:42,862] {dagbag.py:508} INFO - Filling up the DagBag from /home/airflow/.local/lib/python3.7/site-packages/airflow/example_dags/example_task_group_decorator.py
[2022-09-02 18:27:43,165] {processor.py:651} INFO - DAG(s) dict_keys(['example_task_group_decorator']) retrieved from /home/airflow/.local/lib/python3.7/site-packages/airflow/example_dags/example_task_group_decorator.py
[2022-09-02 18:27:43,298] {logging_mixin.py:115} INFO - [2022-09-02 18:27:43,298] {dag.py:2420} INFO - Sync 1 DAGs
[2022-09-02 18:27:43,339] {logging_mixin.py:115} INFO - [2022-09-02 18:27:43,338] {dag.py:2972} INFO - Setting next_dagrun for example_task_group_decorator to 2022-09-01T18:27:43.338772+00:00, run_after=2022-09-02T18:27:43.338772+00:00
[2022-09-02 18:27:43,369] {processor.py:161} INFO - Processing /home/airflow/.local/lib/python3.7/site-packages/airflow/example_dags/example_task_group_decorator.py took 0.518 seconds
[2022-09-02 18:28:13,977] {processor.py:153} INFO - Started process (PID=313) to work on /home/airflow/.local/lib/python3.7/site-packages/airflow/example_dags/example_task_group_decorator.py
[2022-09-02 18:28:13,993] {processor.py:641} INFO - Processing file /home/airflow/.local/lib/python3.7/site-packages/airflow/example_dags/example_task_group_decorator.py for tasks to queue
[2022-09-02 18:28:14,005] {logging_mixin.py:115} INFO - [2022-09-02 18:28:14,003] {dagbag.py:508} INFO - Filling up the DagBag from /home/airflow/.local/lib/python3.7/site-packages/airflow/example_dags/example_task_group_decorator.py
[2022-09-02 18:28:14,425] {processor.py:651} INFO - DAG(s) dict_keys(['example_task_group_decorator']) retrieved from /home/airflow/.local/lib/python3.7/site-packages/airflow/example_dags/example_task_group_decorator.py
[2022-09-02 18:28:14,668] {logging_mixin.py:115} INFO - [2022-09-02 18:28:14,667] {dag.py:2420} INFO - Sync 1 DAGs
[2022-09-02 18:28:14,786] {logging_mixin.py:115} INFO - [2022-09-02 18:28:14,786] {dag.py:2972} INFO - Setting next_dagrun for example_task_group_decorator to 2022-09-01T18:28:14.784887+00:00, run_after=2022-09-02T18:28:14.784887+00:00
[2022-09-02 18:28:14,837] {processor.py:161} INFO - Processing /home/airflow/.local/lib/python3.7/site-packages/airflow/example_dags/example_task_group_decorator.py took 0.893 seconds
[2022-09-02 18:28:46,479] {processor.py:153} INFO - Started process (PID=381) to work on /home/airflow/.local/lib/python3.7/site-packages/airflow/example_dags/example_task_group_decorator.py
[2022-09-02 18:28:46,502] {processor.py:641} INFO - Processing file /home/airflow/.local/lib/python3.7/site-packages/airflow/example_dags/example_task_group_decorator.py for tasks to queue
[2022-09-02 18:28:46,651] {logging_mixin.py:115} INFO - [2022-09-02 18:28:46,650] {dagbag.py:508} INFO - Filling up the DagBag from /home/airflow/.local/lib/python3.7/site-packages/airflow/example_dags/example_task_group_decorator.py
[2022-09-02 18:28:48,519] {processor.py:651} INFO - DAG(s) dict_keys(['example_task_group_decorator']) retrieved from /home/airflow/.local/lib/python3.7/site-packages/airflow/example_dags/example_task_group_decorator.py
[2022-09-02 18:28:48,966] {logging_mixin.py:115} INFO - [2022-09-02 18:28:48,965] {dag.py:2420} INFO - Sync 1 DAGs
[2022-09-02 18:28:49,345] {logging_mixin.py:115} INFO - [2022-09-02 18:28:49,344] {dag.py:2972} INFO - Setting next_dagrun for example_task_group_decorator to 2022-09-01T18:28:49.344446+00:00, run_after=2022-09-02T18:28:49.344446+00:00
[2022-09-02 18:28:49,554] {processor.py:161} INFO - Processing /home/airflow/.local/lib/python3.7/site-packages/airflow/example_dags/example_task_group_decorator.py took 3.176 seconds
[2022-09-02 18:29:20,078] {processor.py:153} INFO - Started process (PID=432) to work on /home/airflow/.local/lib/python3.7/site-packages/airflow/example_dags/example_task_group_decorator.py
[2022-09-02 18:29:20,089] {processor.py:641} INFO - Processing file /home/airflow/.local/lib/python3.7/site-packages/airflow/example_dags/example_task_group_decorator.py for tasks to queue
[2022-09-02 18:29:20,110] {logging_mixin.py:115} INFO - [2022-09-02 18:29:20,109] {dagbag.py:508} INFO - Filling up the DagBag from /home/airflow/.local/lib/python3.7/site-packages/airflow/example_dags/example_task_group_decorator.py
[2022-09-02 18:29:20,815] {processor.py:651} INFO - DAG(s) dict_keys(['example_task_group_decorator']) retrieved from /home/airflow/.local/lib/python3.7/site-packages/airflow/example_dags/example_task_group_decorator.py
[2022-09-02 18:29:20,914] {logging_mixin.py:115} INFO - [2022-09-02 18:29:20,913] {dag.py:2420} INFO - Sync 1 DAGs
[2022-09-02 18:29:20,979] {logging_mixin.py:115} INFO - [2022-09-02 18:29:20,979] {dag.py:2972} INFO - Setting next_dagrun for example_task_group_decorator to 2022-09-01T18:29:20.979203+00:00, run_after=2022-09-02T18:29:20.979203+00:00
[2022-09-02 18:29:21,013] {processor.py:161} INFO - Processing /home/airflow/.local/lib/python3.7/site-packages/airflow/example_dags/example_task_group_decorator.py took 0.954 seconds
[2022-09-02 18:29:51,262] {processor.py:153} INFO - Started process (PID=478) to work on /home/airflow/.local/lib/python3.7/site-packages/airflow/example_dags/example_task_group_decorator.py
[2022-09-02 18:29:51,266] {processor.py:641} INFO - Processing file /home/airflow/.local/lib/python3.7/site-packages/airflow/example_dags/example_task_group_decorator.py for tasks to queue
[2022-09-02 18:29:51,269] {logging_mixin.py:115} INFO - [2022-09-02 18:29:51,269] {dagbag.py:508} INFO - Filling up the DagBag from /home/airflow/.local/lib/python3.7/site-packages/airflow/example_dags/example_task_group_decorator.py
[2022-09-02 18:29:51,670] {processor.py:651} INFO - DAG(s) dict_keys(['example_task_group_decorator']) retrieved from /home/airflow/.local/lib/python3.7/site-packages/airflow/example_dags/example_task_group_decorator.py
[2022-09-02 18:29:51,805] {logging_mixin.py:115} INFO - [2022-09-02 18:29:51,804] {dag.py:2420} INFO - Sync 1 DAGs
[2022-09-02 18:29:51,855] {logging_mixin.py:115} INFO - [2022-09-02 18:29:51,855] {dag.py:2972} INFO - Setting next_dagrun for example_task_group_decorator to 2022-09-01T18:29:51.854985+00:00, run_after=2022-09-02T18:29:51.854985+00:00
[2022-09-02 18:29:51,889] {processor.py:161} INFO - Processing /home/airflow/.local/lib/python3.7/site-packages/airflow/example_dags/example_task_group_decorator.py took 0.643 seconds
[2022-09-02 18:30:22,152] {processor.py:153} INFO - Started process (PID=532) to work on /home/airflow/.local/lib/python3.7/site-packages/airflow/example_dags/example_task_group_decorator.py
[2022-09-02 18:30:22,158] {processor.py:641} INFO - Processing file /home/airflow/.local/lib/python3.7/site-packages/airflow/example_dags/example_task_group_decorator.py for tasks to queue
[2022-09-02 18:30:22,162] {logging_mixin.py:115} INFO - [2022-09-02 18:30:22,162] {dagbag.py:508} INFO - Filling up the DagBag from /home/airflow/.local/lib/python3.7/site-packages/airflow/example_dags/example_task_group_decorator.py
[2022-09-02 18:30:22,464] {processor.py:651} INFO - DAG(s) dict_keys(['example_task_group_decorator']) retrieved from /home/airflow/.local/lib/python3.7/site-packages/airflow/example_dags/example_task_group_decorator.py
[2022-09-02 18:30:22,609] {logging_mixin.py:115} INFO - [2022-09-02 18:30:22,609] {dag.py:2420} INFO - Sync 1 DAGs
[2022-09-02 18:30:22,670] {logging_mixin.py:115} INFO - [2022-09-02 18:30:22,670] {dag.py:2972} INFO - Setting next_dagrun for example_task_group_decorator to 2022-09-01T18:30:22.669956+00:00, run_after=2022-09-02T18:30:22.669956+00:00
[2022-09-02 18:30:22,697] {processor.py:161} INFO - Processing /home/airflow/.local/lib/python3.7/site-packages/airflow/example_dags/example_task_group_decorator.py took 0.561 seconds
[2022-09-02 18:30:53,224] {processor.py:153} INFO - Started process (PID=588) to work on /home/airflow/.local/lib/python3.7/site-packages/airflow/example_dags/example_task_group_decorator.py
[2022-09-02 18:30:53,229] {processor.py:641} INFO - Processing file /home/airflow/.local/lib/python3.7/site-packages/airflow/example_dags/example_task_group_decorator.py for tasks to queue
[2022-09-02 18:30:53,232] {logging_mixin.py:115} INFO - [2022-09-02 18:30:53,232] {dagbag.py:508} INFO - Filling up the DagBag from /home/airflow/.local/lib/python3.7/site-packages/airflow/example_dags/example_task_group_decorator.py
[2022-09-02 18:30:53,687] {processor.py:651} INFO - DAG(s) dict_keys(['example_task_group_decorator']) retrieved from /home/airflow/.local/lib/python3.7/site-packages/airflow/example_dags/example_task_group_decorator.py
[2022-09-02 18:30:53,905] {logging_mixin.py:115} INFO - [2022-09-02 18:30:53,904] {dag.py:2420} INFO - Sync 1 DAGs
[2022-09-02 18:30:53,967] {logging_mixin.py:115} INFO - [2022-09-02 18:30:53,967] {dag.py:2972} INFO - Setting next_dagrun for example_task_group_decorator to 2022-09-01T18:30:53.966886+00:00, run_after=2022-09-02T18:30:53.966886+00:00
[2022-09-02 18:30:54,012] {processor.py:161} INFO - Processing /home/airflow/.local/lib/python3.7/site-packages/airflow/example_dags/example_task_group_decorator.py took 0.798 seconds
[2022-09-02 18:31:24,308] {processor.py:153} INFO - Started process (PID=642) to work on /home/airflow/.local/lib/python3.7/site-packages/airflow/example_dags/example_task_group_decorator.py
[2022-09-02 18:31:24,313] {processor.py:641} INFO - Processing file /home/airflow/.local/lib/python3.7/site-packages/airflow/example_dags/example_task_group_decorator.py for tasks to queue
[2022-09-02 18:31:24,319] {logging_mixin.py:115} INFO - [2022-09-02 18:31:24,319] {dagbag.py:508} INFO - Filling up the DagBag from /home/airflow/.local/lib/python3.7/site-packages/airflow/example_dags/example_task_group_decorator.py
[2022-09-02 18:31:24,418] {processor.py:651} INFO - DAG(s) dict_keys(['example_task_group_decorator']) retrieved from /home/airflow/.local/lib/python3.7/site-packages/airflow/example_dags/example_task_group_decorator.py
[2022-09-02 18:31:24,708] {logging_mixin.py:115} INFO - [2022-09-02 18:31:24,708] {dag.py:2420} INFO - Sync 1 DAGs
[2022-09-02 18:31:24,772] {logging_mixin.py:115} INFO - [2022-09-02 18:31:24,771] {dag.py:2972} INFO - Setting next_dagrun for example_task_group_decorator to 2022-09-01T18:31:24.771613+00:00, run_after=2022-09-02T18:31:24.771613+00:00
[2022-09-02 18:31:24,808] {processor.py:161} INFO - Processing /home/airflow/.local/lib/python3.7/site-packages/airflow/example_dags/example_task_group_decorator.py took 0.520 seconds
[2022-09-02 18:31:55,434] {processor.py:153} INFO - Started process (PID=707) to work on /home/airflow/.local/lib/python3.7/site-packages/airflow/example_dags/example_task_group_decorator.py
[2022-09-02 18:31:55,439] {processor.py:641} INFO - Processing file /home/airflow/.local/lib/python3.7/site-packages/airflow/example_dags/example_task_group_decorator.py for tasks to queue
[2022-09-02 18:31:55,444] {logging_mixin.py:115} INFO - [2022-09-02 18:31:55,444] {dagbag.py:508} INFO - Filling up the DagBag from /home/airflow/.local/lib/python3.7/site-packages/airflow/example_dags/example_task_group_decorator.py
[2022-09-02 18:31:55,533] {processor.py:651} INFO - DAG(s) dict_keys(['example_task_group_decorator']) retrieved from /home/airflow/.local/lib/python3.7/site-packages/airflow/example_dags/example_task_group_decorator.py
[2022-09-02 18:31:55,858] {logging_mixin.py:115} INFO - [2022-09-02 18:31:55,858] {dag.py:2420} INFO - Sync 1 DAGs
[2022-09-02 18:31:55,909] {logging_mixin.py:115} INFO - [2022-09-02 18:31:55,909] {dag.py:2972} INFO - Setting next_dagrun for example_task_group_decorator to 2022-09-01T18:31:55.908908+00:00, run_after=2022-09-02T18:31:55.908908+00:00
[2022-09-02 18:31:55,952] {processor.py:161} INFO - Processing /home/airflow/.local/lib/python3.7/site-packages/airflow/example_dags/example_task_group_decorator.py took 0.533 seconds
[2022-09-02 18:32:26,068] {processor.py:153} INFO - Started process (PID=753) to work on /home/airflow/.local/lib/python3.7/site-packages/airflow/example_dags/example_task_group_decorator.py
[2022-09-02 18:32:26,076] {processor.py:641} INFO - Processing file /home/airflow/.local/lib/python3.7/site-packages/airflow/example_dags/example_task_group_decorator.py for tasks to queue
[2022-09-02 18:32:26,079] {logging_mixin.py:115} INFO - [2022-09-02 18:32:26,079] {dagbag.py:508} INFO - Filling up the DagBag from /home/airflow/.local/lib/python3.7/site-packages/airflow/example_dags/example_task_group_decorator.py
[2022-09-02 18:32:26,183] {processor.py:651} INFO - DAG(s) dict_keys(['example_task_group_decorator']) retrieved from /home/airflow/.local/lib/python3.7/site-packages/airflow/example_dags/example_task_group_decorator.py
[2022-09-02 18:32:26,339] {logging_mixin.py:115} INFO - [2022-09-02 18:32:26,338] {dag.py:2420} INFO - Sync 1 DAGs
[2022-09-02 18:32:26,400] {logging_mixin.py:115} INFO - [2022-09-02 18:32:26,399] {dag.py:2972} INFO - Setting next_dagrun for example_task_group_decorator to 2022-09-01T18:32:26.399204+00:00, run_after=2022-09-02T18:32:26.399204+00:00
[2022-09-02 18:32:26,448] {processor.py:161} INFO - Processing /home/airflow/.local/lib/python3.7/site-packages/airflow/example_dags/example_task_group_decorator.py took 0.388 seconds
[2022-09-02 18:32:58,488] {processor.py:153} INFO - Started process (PID=819) to work on /home/airflow/.local/lib/python3.7/site-packages/airflow/example_dags/example_task_group_decorator.py
[2022-09-02 18:32:58,504] {processor.py:641} INFO - Processing file /home/airflow/.local/lib/python3.7/site-packages/airflow/example_dags/example_task_group_decorator.py for tasks to queue
[2022-09-02 18:32:58,507] {logging_mixin.py:115} INFO - [2022-09-02 18:32:58,507] {dagbag.py:508} INFO - Filling up the DagBag from /home/airflow/.local/lib/python3.7/site-packages/airflow/example_dags/example_task_group_decorator.py
[2022-09-02 18:32:58,788] {processor.py:651} INFO - DAG(s) dict_keys(['example_task_group_decorator']) retrieved from /home/airflow/.local/lib/python3.7/site-packages/airflow/example_dags/example_task_group_decorator.py
[2022-09-02 18:32:59,473] {logging_mixin.py:115} INFO - [2022-09-02 18:32:59,473] {dag.py:2420} INFO - Sync 1 DAGs
[2022-09-02 18:32:59,619] {logging_mixin.py:115} INFO - [2022-09-02 18:32:59,619] {dag.py:2972} INFO - Setting next_dagrun for example_task_group_decorator to 2022-09-01T18:32:59.618815+00:00, run_after=2022-09-02T18:32:59.618815+00:00
[2022-09-02 18:32:59,671] {processor.py:161} INFO - Processing /home/airflow/.local/lib/python3.7/site-packages/airflow/example_dags/example_task_group_decorator.py took 1.202 seconds
[2022-09-02 18:33:32,168] {processor.py:153} INFO - Started process (PID=872) to work on /home/airflow/.local/lib/python3.7/site-packages/airflow/example_dags/example_task_group_decorator.py
[2022-09-02 18:33:32,172] {processor.py:641} INFO - Processing file /home/airflow/.local/lib/python3.7/site-packages/airflow/example_dags/example_task_group_decorator.py for tasks to queue
[2022-09-02 18:33:32,178] {logging_mixin.py:115} INFO - [2022-09-02 18:33:32,177] {dagbag.py:508} INFO - Filling up the DagBag from /home/airflow/.local/lib/python3.7/site-packages/airflow/example_dags/example_task_group_decorator.py
[2022-09-02 18:33:32,585] {processor.py:651} INFO - DAG(s) dict_keys(['example_task_group_decorator']) retrieved from /home/airflow/.local/lib/python3.7/site-packages/airflow/example_dags/example_task_group_decorator.py
[2022-09-02 18:33:34,213] {logging_mixin.py:115} INFO - [2022-09-02 18:33:34,212] {dag.py:2420} INFO - Sync 1 DAGs
[2022-09-02 18:33:34,380] {logging_mixin.py:115} INFO - [2022-09-02 18:33:34,380] {dag.py:2972} INFO - Setting next_dagrun for example_task_group_decorator to 2022-09-01T18:33:34.379504+00:00, run_after=2022-09-02T18:33:34.379504+00:00
[2022-09-02 18:33:34,438] {processor.py:161} INFO - Processing /home/airflow/.local/lib/python3.7/site-packages/airflow/example_dags/example_task_group_decorator.py took 2.309 seconds
[2022-09-02 18:34:04,739] {processor.py:153} INFO - Started process (PID=921) to work on /home/airflow/.local/lib/python3.7/site-packages/airflow/example_dags/example_task_group_decorator.py
[2022-09-02 18:34:04,745] {processor.py:641} INFO - Processing file /home/airflow/.local/lib/python3.7/site-packages/airflow/example_dags/example_task_group_decorator.py for tasks to queue
[2022-09-02 18:34:04,755] {logging_mixin.py:115} INFO - [2022-09-02 18:34:04,754] {dagbag.py:508} INFO - Filling up the DagBag from /home/airflow/.local/lib/python3.7/site-packages/airflow/example_dags/example_task_group_decorator.py
[2022-09-02 18:34:04,841] {processor.py:651} INFO - DAG(s) dict_keys(['example_task_group_decorator']) retrieved from /home/airflow/.local/lib/python3.7/site-packages/airflow/example_dags/example_task_group_decorator.py
[2022-09-02 18:34:04,945] {logging_mixin.py:115} INFO - [2022-09-02 18:34:04,945] {dag.py:2420} INFO - Sync 1 DAGs
[2022-09-02 18:34:05,055] {logging_mixin.py:115} INFO - [2022-09-02 18:34:05,054] {dag.py:2972} INFO - Setting next_dagrun for example_task_group_decorator to 2022-09-01T18:34:05.053615+00:00, run_after=2022-09-02T18:34:05.053615+00:00
[2022-09-02 18:34:05,156] {processor.py:161} INFO - Processing /home/airflow/.local/lib/python3.7/site-packages/airflow/example_dags/example_task_group_decorator.py took 0.427 seconds
[2022-09-02 18:34:35,449] {processor.py:153} INFO - Started process (PID=984) to work on /home/airflow/.local/lib/python3.7/site-packages/airflow/example_dags/example_task_group_decorator.py
[2022-09-02 18:34:35,453] {processor.py:641} INFO - Processing file /home/airflow/.local/lib/python3.7/site-packages/airflow/example_dags/example_task_group_decorator.py for tasks to queue
[2022-09-02 18:34:35,485] {logging_mixin.py:115} INFO - [2022-09-02 18:34:35,484] {dagbag.py:508} INFO - Filling up the DagBag from /home/airflow/.local/lib/python3.7/site-packages/airflow/example_dags/example_task_group_decorator.py
[2022-09-02 18:34:35,573] {processor.py:651} INFO - DAG(s) dict_keys(['example_task_group_decorator']) retrieved from /home/airflow/.local/lib/python3.7/site-packages/airflow/example_dags/example_task_group_decorator.py
[2022-09-02 18:34:35,849] {logging_mixin.py:115} INFO - [2022-09-02 18:34:35,848] {dag.py:2420} INFO - Sync 1 DAGs
[2022-09-02 18:34:35,957] {logging_mixin.py:115} INFO - [2022-09-02 18:34:35,956] {dag.py:2972} INFO - Setting next_dagrun for example_task_group_decorator to 2022-09-01T18:34:35.955879+00:00, run_after=2022-09-02T18:34:35.955879+00:00
[2022-09-02 18:34:36,034] {processor.py:161} INFO - Processing /home/airflow/.local/lib/python3.7/site-packages/airflow/example_dags/example_task_group_decorator.py took 0.600 seconds
[2022-09-02 18:35:29,125] {processor.py:153} INFO - Started process (PID=1044) to work on /home/airflow/.local/lib/python3.7/site-packages/airflow/example_dags/example_task_group_decorator.py
[2022-09-02 18:35:29,137] {processor.py:641} INFO - Processing file /home/airflow/.local/lib/python3.7/site-packages/airflow/example_dags/example_task_group_decorator.py for tasks to queue
[2022-09-02 18:35:29,144] {logging_mixin.py:115} INFO - [2022-09-02 18:35:29,143] {dagbag.py:508} INFO - Filling up the DagBag from /home/airflow/.local/lib/python3.7/site-packages/airflow/example_dags/example_task_group_decorator.py
[2022-09-02 18:35:29,360] {processor.py:651} INFO - DAG(s) dict_keys(['example_task_group_decorator']) retrieved from /home/airflow/.local/lib/python3.7/site-packages/airflow/example_dags/example_task_group_decorator.py
[2022-09-02 18:35:30,049] {logging_mixin.py:115} INFO - [2022-09-02 18:35:30,049] {dag.py:2420} INFO - Sync 1 DAGs
[2022-09-02 18:35:30,252] {logging_mixin.py:115} INFO - [2022-09-02 18:35:30,252] {dag.py:2972} INFO - Setting next_dagrun for example_task_group_decorator to 2022-09-01T18:35:30.250803+00:00, run_after=2022-09-02T18:35:30.250803+00:00
[2022-09-02 18:35:30,430] {processor.py:161} INFO - Processing /home/airflow/.local/lib/python3.7/site-packages/airflow/example_dags/example_task_group_decorator.py took 1.331 seconds
[2022-09-02 18:36:01,725] {processor.py:153} INFO - Started process (PID=1096) to work on /home/airflow/.local/lib/python3.7/site-packages/airflow/example_dags/example_task_group_decorator.py
[2022-09-02 18:36:01,731] {processor.py:641} INFO - Processing file /home/airflow/.local/lib/python3.7/site-packages/airflow/example_dags/example_task_group_decorator.py for tasks to queue
[2022-09-02 18:36:01,737] {logging_mixin.py:115} INFO - [2022-09-02 18:36:01,737] {dagbag.py:508} INFO - Filling up the DagBag from /home/airflow/.local/lib/python3.7/site-packages/airflow/example_dags/example_task_group_decorator.py
[2022-09-02 18:36:01,926] {processor.py:651} INFO - DAG(s) dict_keys(['example_task_group_decorator']) retrieved from /home/airflow/.local/lib/python3.7/site-packages/airflow/example_dags/example_task_group_decorator.py
[2022-09-02 18:36:02,375] {logging_mixin.py:115} INFO - [2022-09-02 18:36:02,375] {dag.py:2420} INFO - Sync 1 DAGs
[2022-09-02 18:36:02,463] {logging_mixin.py:115} INFO - [2022-09-02 18:36:02,463] {dag.py:2972} INFO - Setting next_dagrun for example_task_group_decorator to 2022-09-01T18:36:02.462506+00:00, run_after=2022-09-02T18:36:02.462506+00:00
[2022-09-02 18:36:02,540] {processor.py:161} INFO - Processing /home/airflow/.local/lib/python3.7/site-packages/airflow/example_dags/example_task_group_decorator.py took 0.840 seconds
[2022-09-02 18:36:33,177] {processor.py:153} INFO - Started process (PID=1144) to work on /home/airflow/.local/lib/python3.7/site-packages/airflow/example_dags/example_task_group_decorator.py
[2022-09-02 18:36:33,181] {processor.py:641} INFO - Processing file /home/airflow/.local/lib/python3.7/site-packages/airflow/example_dags/example_task_group_decorator.py for tasks to queue
[2022-09-02 18:36:33,185] {logging_mixin.py:115} INFO - [2022-09-02 18:36:33,185] {dagbag.py:508} INFO - Filling up the DagBag from /home/airflow/.local/lib/python3.7/site-packages/airflow/example_dags/example_task_group_decorator.py
[2022-09-02 18:36:33,293] {processor.py:651} INFO - DAG(s) dict_keys(['example_task_group_decorator']) retrieved from /home/airflow/.local/lib/python3.7/site-packages/airflow/example_dags/example_task_group_decorator.py
[2022-09-02 18:36:33,538] {logging_mixin.py:115} INFO - [2022-09-02 18:36:33,538] {dag.py:2420} INFO - Sync 1 DAGs
[2022-09-02 18:36:33,612] {logging_mixin.py:115} INFO - [2022-09-02 18:36:33,611] {dag.py:2972} INFO - Setting next_dagrun for example_task_group_decorator to 2022-09-01T18:36:33.609801+00:00, run_after=2022-09-02T18:36:33.609801+00:00
[2022-09-02 18:36:33,827] {processor.py:161} INFO - Processing /home/airflow/.local/lib/python3.7/site-packages/airflow/example_dags/example_task_group_decorator.py took 0.661 seconds
[2022-09-02 18:37:10,311] {processor.py:153} INFO - Started process (PID=1198) to work on /home/airflow/.local/lib/python3.7/site-packages/airflow/example_dags/example_task_group_decorator.py
[2022-09-02 18:37:10,428] {processor.py:641} INFO - Processing file /home/airflow/.local/lib/python3.7/site-packages/airflow/example_dags/example_task_group_decorator.py for tasks to queue
[2022-09-02 18:37:10,455] {logging_mixin.py:115} INFO - [2022-09-02 18:37:10,454] {dagbag.py:508} INFO - Filling up the DagBag from /home/airflow/.local/lib/python3.7/site-packages/airflow/example_dags/example_task_group_decorator.py
[2022-09-02 18:37:11,294] {processor.py:651} INFO - DAG(s) dict_keys(['example_task_group_decorator']) retrieved from /home/airflow/.local/lib/python3.7/site-packages/airflow/example_dags/example_task_group_decorator.py
[2022-09-02 18:37:11,695] {logging_mixin.py:115} INFO - [2022-09-02 18:37:11,694] {dag.py:2420} INFO - Sync 1 DAGs
[2022-09-02 18:37:11,825] {logging_mixin.py:115} INFO - [2022-09-02 18:37:11,825] {dag.py:2972} INFO - Setting next_dagrun for example_task_group_decorator to 2022-09-01T18:37:11.824556+00:00, run_after=2022-09-02T18:37:11.824556+00:00
[2022-09-02 18:37:11,920] {processor.py:161} INFO - Processing /home/airflow/.local/lib/python3.7/site-packages/airflow/example_dags/example_task_group_decorator.py took 1.759 seconds
[2022-09-02 18:37:42,440] {processor.py:153} INFO - Started process (PID=1253) to work on /home/airflow/.local/lib/python3.7/site-packages/airflow/example_dags/example_task_group_decorator.py
[2022-09-02 18:37:42,444] {processor.py:641} INFO - Processing file /home/airflow/.local/lib/python3.7/site-packages/airflow/example_dags/example_task_group_decorator.py for tasks to queue
[2022-09-02 18:37:42,448] {logging_mixin.py:115} INFO - [2022-09-02 18:37:42,448] {dagbag.py:508} INFO - Filling up the DagBag from /home/airflow/.local/lib/python3.7/site-packages/airflow/example_dags/example_task_group_decorator.py
[2022-09-02 18:37:42,588] {processor.py:651} INFO - DAG(s) dict_keys(['example_task_group_decorator']) retrieved from /home/airflow/.local/lib/python3.7/site-packages/airflow/example_dags/example_task_group_decorator.py
[2022-09-02 18:37:42,875] {logging_mixin.py:115} INFO - [2022-09-02 18:37:42,875] {dag.py:2420} INFO - Sync 1 DAGs
[2022-09-02 18:37:42,937] {logging_mixin.py:115} INFO - [2022-09-02 18:37:42,937] {dag.py:2972} INFO - Setting next_dagrun for example_task_group_decorator to 2022-09-01T18:37:42.936713+00:00, run_after=2022-09-02T18:37:42.936713+00:00
[2022-09-02 18:37:42,974] {processor.py:161} INFO - Processing /home/airflow/.local/lib/python3.7/site-packages/airflow/example_dags/example_task_group_decorator.py took 0.550 seconds
[2022-09-02 18:38:13,297] {processor.py:153} INFO - Started process (PID=1308) to work on /home/airflow/.local/lib/python3.7/site-packages/airflow/example_dags/example_task_group_decorator.py
[2022-09-02 18:38:13,298] {processor.py:641} INFO - Processing file /home/airflow/.local/lib/python3.7/site-packages/airflow/example_dags/example_task_group_decorator.py for tasks to queue
[2022-09-02 18:38:13,301] {logging_mixin.py:115} INFO - [2022-09-02 18:38:13,301] {dagbag.py:508} INFO - Filling up the DagBag from /home/airflow/.local/lib/python3.7/site-packages/airflow/example_dags/example_task_group_decorator.py
[2022-09-02 18:38:13,365] {processor.py:651} INFO - DAG(s) dict_keys(['example_task_group_decorator']) retrieved from /home/airflow/.local/lib/python3.7/site-packages/airflow/example_dags/example_task_group_decorator.py
[2022-09-02 18:38:13,565] {logging_mixin.py:115} INFO - [2022-09-02 18:38:13,564] {dag.py:2420} INFO - Sync 1 DAGs
[2022-09-02 18:38:13,623] {logging_mixin.py:115} INFO - [2022-09-02 18:38:13,623] {dag.py:2972} INFO - Setting next_dagrun for example_task_group_decorator to 2022-09-01T18:38:13.622459+00:00, run_after=2022-09-02T18:38:13.622459+00:00
[2022-09-02 18:38:13,694] {processor.py:161} INFO - Processing /home/airflow/.local/lib/python3.7/site-packages/airflow/example_dags/example_task_group_decorator.py took 0.403 seconds
[2022-09-02 18:38:43,835] {processor.py:153} INFO - Started process (PID=1373) to work on /home/airflow/.local/lib/python3.7/site-packages/airflow/example_dags/example_task_group_decorator.py
[2022-09-02 18:38:43,838] {processor.py:641} INFO - Processing file /home/airflow/.local/lib/python3.7/site-packages/airflow/example_dags/example_task_group_decorator.py for tasks to queue
[2022-09-02 18:38:43,843] {logging_mixin.py:115} INFO - [2022-09-02 18:38:43,842] {dagbag.py:508} INFO - Filling up the DagBag from /home/airflow/.local/lib/python3.7/site-packages/airflow/example_dags/example_task_group_decorator.py
[2022-09-02 18:38:43,937] {processor.py:651} INFO - DAG(s) dict_keys(['example_task_group_decorator']) retrieved from /home/airflow/.local/lib/python3.7/site-packages/airflow/example_dags/example_task_group_decorator.py
[2022-09-02 18:38:44,026] {logging_mixin.py:115} INFO - [2022-09-02 18:38:44,025] {dag.py:2420} INFO - Sync 1 DAGs
[2022-09-02 18:38:44,091] {logging_mixin.py:115} INFO - [2022-09-02 18:38:44,091] {dag.py:2972} INFO - Setting next_dagrun for example_task_group_decorator to 2022-09-01T18:38:44.091110+00:00, run_after=2022-09-02T18:38:44.091110+00:00
[2022-09-02 18:38:44,139] {processor.py:161} INFO - Processing /home/airflow/.local/lib/python3.7/site-packages/airflow/example_dags/example_task_group_decorator.py took 0.318 seconds
[2022-09-02 18:39:15,721] {processor.py:153} INFO - Started process (PID=1426) to work on /home/airflow/.local/lib/python3.7/site-packages/airflow/example_dags/example_task_group_decorator.py
[2022-09-02 18:39:15,735] {processor.py:641} INFO - Processing file /home/airflow/.local/lib/python3.7/site-packages/airflow/example_dags/example_task_group_decorator.py for tasks to queue
[2022-09-02 18:39:15,742] {logging_mixin.py:115} INFO - [2022-09-02 18:39:15,742] {dagbag.py:508} INFO - Filling up the DagBag from /home/airflow/.local/lib/python3.7/site-packages/airflow/example_dags/example_task_group_decorator.py
[2022-09-02 18:39:16,160] {processor.py:651} INFO - DAG(s) dict_keys(['example_task_group_decorator']) retrieved from /home/airflow/.local/lib/python3.7/site-packages/airflow/example_dags/example_task_group_decorator.py
[2022-09-02 18:39:16,743] {logging_mixin.py:115} INFO - [2022-09-02 18:39:16,742] {dag.py:2420} INFO - Sync 1 DAGs
[2022-09-02 18:39:16,980] {logging_mixin.py:115} INFO - [2022-09-02 18:39:16,979] {dag.py:2972} INFO - Setting next_dagrun for example_task_group_decorator to 2022-09-01T18:39:16.975515+00:00, run_after=2022-09-02T18:39:16.975515+00:00
[2022-09-02 18:39:17,230] {processor.py:161} INFO - Processing /home/airflow/.local/lib/python3.7/site-packages/airflow/example_dags/example_task_group_decorator.py took 1.610 seconds
