[2022-09-02 18:26:26,280] {processor.py:153} INFO - Started process (PID=131) to work on /home/airflow/.local/lib/python3.7/site-packages/airflow/example_dags/example_nested_branch_dag.py
[2022-09-02 18:26:26,294] {processor.py:641} INFO - Processing file /home/airflow/.local/lib/python3.7/site-packages/airflow/example_dags/example_nested_branch_dag.py for tasks to queue
[2022-09-02 18:26:26,298] {logging_mixin.py:115} INFO - [2022-09-02 18:26:26,298] {dagbag.py:508} INFO - Filling up the DagBag from /home/airflow/.local/lib/python3.7/site-packages/airflow/example_dags/example_nested_branch_dag.py
[2022-09-02 18:26:26,394] {processor.py:651} INFO - DAG(s) dict_keys(['example_nested_branch_dag']) retrieved from /home/airflow/.local/lib/python3.7/site-packages/airflow/example_dags/example_nested_branch_dag.py
[2022-09-02 18:26:26,948] {logging_mixin.py:115} INFO - [2022-09-02 18:26:26,948] {manager.py:508} INFO - Created Permission View: can delete on DAG:example_nested_branch_dag
[2022-09-02 18:26:26,993] {logging_mixin.py:115} INFO - [2022-09-02 18:26:26,992] {manager.py:508} INFO - Created Permission View: can edit on DAG:example_nested_branch_dag
[2022-09-02 18:26:27,031] {logging_mixin.py:115} INFO - [2022-09-02 18:26:27,031] {manager.py:508} INFO - Created Permission View: can read on DAG:example_nested_branch_dag
[2022-09-02 18:26:27,037] {logging_mixin.py:115} INFO - [2022-09-02 18:26:27,037] {dag.py:2420} INFO - Sync 1 DAGs
[2022-09-02 18:26:27,122] {logging_mixin.py:115} INFO - [2022-09-02 18:26:27,122] {dag.py:2439} INFO - Creating ORM DAG for example_nested_branch_dag
[2022-09-02 18:26:27,229] {logging_mixin.py:115} INFO - [2022-09-02 18:26:27,229] {dag.py:2972} INFO - Setting next_dagrun for example_nested_branch_dag to 2022-09-01T00:00:00+00:00, run_after=2022-09-02T00:00:00+00:00
[2022-09-02 18:26:27,289] {processor.py:161} INFO - Processing /home/airflow/.local/lib/python3.7/site-packages/airflow/example_dags/example_nested_branch_dag.py took 1.077 seconds
[2022-09-02 18:26:57,621] {processor.py:153} INFO - Started process (PID=186) to work on /home/airflow/.local/lib/python3.7/site-packages/airflow/example_dags/example_nested_branch_dag.py
[2022-09-02 18:26:57,623] {processor.py:641} INFO - Processing file /home/airflow/.local/lib/python3.7/site-packages/airflow/example_dags/example_nested_branch_dag.py for tasks to queue
[2022-09-02 18:26:57,626] {logging_mixin.py:115} INFO - [2022-09-02 18:26:57,626] {dagbag.py:508} INFO - Filling up the DagBag from /home/airflow/.local/lib/python3.7/site-packages/airflow/example_dags/example_nested_branch_dag.py
[2022-09-02 18:26:58,050] {processor.py:651} INFO - DAG(s) dict_keys(['example_nested_branch_dag']) retrieved from /home/airflow/.local/lib/python3.7/site-packages/airflow/example_dags/example_nested_branch_dag.py
[2022-09-02 18:26:58,222] {logging_mixin.py:115} INFO - [2022-09-02 18:26:58,222] {dag.py:2420} INFO - Sync 1 DAGs
[2022-09-02 18:26:58,334] {logging_mixin.py:115} INFO - [2022-09-02 18:26:58,333] {dag.py:2972} INFO - Setting next_dagrun for example_nested_branch_dag to 2022-09-01T00:00:00+00:00, run_after=2022-09-02T00:00:00+00:00
[2022-09-02 18:26:58,516] {processor.py:161} INFO - Processing /home/airflow/.local/lib/python3.7/site-packages/airflow/example_dags/example_nested_branch_dag.py took 0.906 seconds
[2022-09-02 18:27:28,770] {processor.py:153} INFO - Started process (PID=239) to work on /home/airflow/.local/lib/python3.7/site-packages/airflow/example_dags/example_nested_branch_dag.py
[2022-09-02 18:27:28,773] {processor.py:641} INFO - Processing file /home/airflow/.local/lib/python3.7/site-packages/airflow/example_dags/example_nested_branch_dag.py for tasks to queue
[2022-09-02 18:27:28,777] {logging_mixin.py:115} INFO - [2022-09-02 18:27:28,777] {dagbag.py:508} INFO - Filling up the DagBag from /home/airflow/.local/lib/python3.7/site-packages/airflow/example_dags/example_nested_branch_dag.py
[2022-09-02 18:27:29,007] {processor.py:651} INFO - DAG(s) dict_keys(['example_nested_branch_dag']) retrieved from /home/airflow/.local/lib/python3.7/site-packages/airflow/example_dags/example_nested_branch_dag.py
[2022-09-02 18:27:29,049] {logging_mixin.py:115} INFO - [2022-09-02 18:27:29,049] {dag.py:2420} INFO - Sync 1 DAGs
[2022-09-02 18:27:29,084] {logging_mixin.py:115} INFO - [2022-09-02 18:27:29,084] {dag.py:2972} INFO - Setting next_dagrun for example_nested_branch_dag to 2022-09-01T00:00:00+00:00, run_after=2022-09-02T00:00:00+00:00
[2022-09-02 18:27:29,106] {processor.py:161} INFO - Processing /home/airflow/.local/lib/python3.7/site-packages/airflow/example_dags/example_nested_branch_dag.py took 0.344 seconds
[2022-09-02 18:27:59,559] {processor.py:153} INFO - Started process (PID=292) to work on /home/airflow/.local/lib/python3.7/site-packages/airflow/example_dags/example_nested_branch_dag.py
[2022-09-02 18:27:59,561] {processor.py:641} INFO - Processing file /home/airflow/.local/lib/python3.7/site-packages/airflow/example_dags/example_nested_branch_dag.py for tasks to queue
[2022-09-02 18:27:59,564] {logging_mixin.py:115} INFO - [2022-09-02 18:27:59,563] {dagbag.py:508} INFO - Filling up the DagBag from /home/airflow/.local/lib/python3.7/site-packages/airflow/example_dags/example_nested_branch_dag.py
[2022-09-02 18:27:59,887] {processor.py:651} INFO - DAG(s) dict_keys(['example_nested_branch_dag']) retrieved from /home/airflow/.local/lib/python3.7/site-packages/airflow/example_dags/example_nested_branch_dag.py
[2022-09-02 18:27:59,960] {logging_mixin.py:115} INFO - [2022-09-02 18:27:59,959] {dag.py:2420} INFO - Sync 1 DAGs
[2022-09-02 18:28:00,043] {logging_mixin.py:115} INFO - [2022-09-02 18:28:00,042] {dag.py:2972} INFO - Setting next_dagrun for example_nested_branch_dag to 2022-09-01T00:00:00+00:00, run_after=2022-09-02T00:00:00+00:00
[2022-09-02 18:28:00,082] {processor.py:161} INFO - Processing /home/airflow/.local/lib/python3.7/site-packages/airflow/example_dags/example_nested_branch_dag.py took 0.528 seconds
[2022-09-02 18:28:30,505] {processor.py:153} INFO - Started process (PID=348) to work on /home/airflow/.local/lib/python3.7/site-packages/airflow/example_dags/example_nested_branch_dag.py
[2022-09-02 18:28:30,509] {processor.py:641} INFO - Processing file /home/airflow/.local/lib/python3.7/site-packages/airflow/example_dags/example_nested_branch_dag.py for tasks to queue
[2022-09-02 18:28:30,511] {logging_mixin.py:115} INFO - [2022-09-02 18:28:30,511] {dagbag.py:508} INFO - Filling up the DagBag from /home/airflow/.local/lib/python3.7/site-packages/airflow/example_dags/example_nested_branch_dag.py
[2022-09-02 18:28:30,863] {processor.py:651} INFO - DAG(s) dict_keys(['example_nested_branch_dag']) retrieved from /home/airflow/.local/lib/python3.7/site-packages/airflow/example_dags/example_nested_branch_dag.py
[2022-09-02 18:28:30,917] {logging_mixin.py:115} INFO - [2022-09-02 18:28:30,917] {dag.py:2420} INFO - Sync 1 DAGs
[2022-09-02 18:28:30,990] {logging_mixin.py:115} INFO - [2022-09-02 18:28:30,988] {dag.py:2972} INFO - Setting next_dagrun for example_nested_branch_dag to 2022-09-01T00:00:00+00:00, run_after=2022-09-02T00:00:00+00:00
[2022-09-02 18:28:31,015] {processor.py:161} INFO - Processing /home/airflow/.local/lib/python3.7/site-packages/airflow/example_dags/example_nested_branch_dag.py took 0.536 seconds
[2022-09-02 18:29:01,778] {processor.py:153} INFO - Started process (PID=403) to work on /home/airflow/.local/lib/python3.7/site-packages/airflow/example_dags/example_nested_branch_dag.py
[2022-09-02 18:29:01,781] {processor.py:641} INFO - Processing file /home/airflow/.local/lib/python3.7/site-packages/airflow/example_dags/example_nested_branch_dag.py for tasks to queue
[2022-09-02 18:29:01,785] {logging_mixin.py:115} INFO - [2022-09-02 18:29:01,784] {dagbag.py:508} INFO - Filling up the DagBag from /home/airflow/.local/lib/python3.7/site-packages/airflow/example_dags/example_nested_branch_dag.py
[2022-09-02 18:29:02,048] {processor.py:651} INFO - DAG(s) dict_keys(['example_nested_branch_dag']) retrieved from /home/airflow/.local/lib/python3.7/site-packages/airflow/example_dags/example_nested_branch_dag.py
[2022-09-02 18:29:02,096] {logging_mixin.py:115} INFO - [2022-09-02 18:29:02,096] {dag.py:2420} INFO - Sync 1 DAGs
[2022-09-02 18:29:02,137] {logging_mixin.py:115} INFO - [2022-09-02 18:29:02,137] {dag.py:2972} INFO - Setting next_dagrun for example_nested_branch_dag to 2022-09-01T00:00:00+00:00, run_after=2022-09-02T00:00:00+00:00
[2022-09-02 18:29:02,166] {processor.py:161} INFO - Processing /home/airflow/.local/lib/python3.7/site-packages/airflow/example_dags/example_nested_branch_dag.py took 0.399 seconds
[2022-09-02 18:29:32,603] {processor.py:153} INFO - Started process (PID=457) to work on /home/airflow/.local/lib/python3.7/site-packages/airflow/example_dags/example_nested_branch_dag.py
[2022-09-02 18:29:32,610] {processor.py:641} INFO - Processing file /home/airflow/.local/lib/python3.7/site-packages/airflow/example_dags/example_nested_branch_dag.py for tasks to queue
[2022-09-02 18:29:32,614] {logging_mixin.py:115} INFO - [2022-09-02 18:29:32,614] {dagbag.py:508} INFO - Filling up the DagBag from /home/airflow/.local/lib/python3.7/site-packages/airflow/example_dags/example_nested_branch_dag.py
[2022-09-02 18:29:32,934] {processor.py:651} INFO - DAG(s) dict_keys(['example_nested_branch_dag']) retrieved from /home/airflow/.local/lib/python3.7/site-packages/airflow/example_dags/example_nested_branch_dag.py
[2022-09-02 18:29:32,986] {logging_mixin.py:115} INFO - [2022-09-02 18:29:32,986] {dag.py:2420} INFO - Sync 1 DAGs
[2022-09-02 18:29:33,043] {logging_mixin.py:115} INFO - [2022-09-02 18:29:33,043] {dag.py:2972} INFO - Setting next_dagrun for example_nested_branch_dag to 2022-09-01T00:00:00+00:00, run_after=2022-09-02T00:00:00+00:00
[2022-09-02 18:29:33,073] {processor.py:161} INFO - Processing /home/airflow/.local/lib/python3.7/site-packages/airflow/example_dags/example_nested_branch_dag.py took 0.482 seconds
[2022-09-02 18:30:03,411] {processor.py:153} INFO - Started process (PID=510) to work on /home/airflow/.local/lib/python3.7/site-packages/airflow/example_dags/example_nested_branch_dag.py
[2022-09-02 18:30:03,414] {processor.py:641} INFO - Processing file /home/airflow/.local/lib/python3.7/site-packages/airflow/example_dags/example_nested_branch_dag.py for tasks to queue
[2022-09-02 18:30:03,418] {logging_mixin.py:115} INFO - [2022-09-02 18:30:03,418] {dagbag.py:508} INFO - Filling up the DagBag from /home/airflow/.local/lib/python3.7/site-packages/airflow/example_dags/example_nested_branch_dag.py
[2022-09-02 18:30:04,268] {processor.py:651} INFO - DAG(s) dict_keys(['example_nested_branch_dag']) retrieved from /home/airflow/.local/lib/python3.7/site-packages/airflow/example_dags/example_nested_branch_dag.py
[2022-09-02 18:30:04,358] {logging_mixin.py:115} INFO - [2022-09-02 18:30:04,358] {dag.py:2420} INFO - Sync 1 DAGs
[2022-09-02 18:30:04,429] {logging_mixin.py:115} INFO - [2022-09-02 18:30:04,429] {dag.py:2972} INFO - Setting next_dagrun for example_nested_branch_dag to 2022-09-01T00:00:00+00:00, run_after=2022-09-02T00:00:00+00:00
[2022-09-02 18:30:04,457] {processor.py:161} INFO - Processing /home/airflow/.local/lib/python3.7/site-packages/airflow/example_dags/example_nested_branch_dag.py took 1.061 seconds
[2022-09-02 18:30:36,434] {processor.py:153} INFO - Started process (PID=566) to work on /home/airflow/.local/lib/python3.7/site-packages/airflow/example_dags/example_nested_branch_dag.py
[2022-09-02 18:30:36,469] {processor.py:641} INFO - Processing file /home/airflow/.local/lib/python3.7/site-packages/airflow/example_dags/example_nested_branch_dag.py for tasks to queue
[2022-09-02 18:30:36,509] {logging_mixin.py:115} INFO - [2022-09-02 18:30:36,490] {dagbag.py:508} INFO - Filling up the DagBag from /home/airflow/.local/lib/python3.7/site-packages/airflow/example_dags/example_nested_branch_dag.py
[2022-09-02 18:30:37,135] {processor.py:651} INFO - DAG(s) dict_keys(['example_nested_branch_dag']) retrieved from /home/airflow/.local/lib/python3.7/site-packages/airflow/example_dags/example_nested_branch_dag.py
[2022-09-02 18:30:37,528] {logging_mixin.py:115} INFO - [2022-09-02 18:30:37,527] {dag.py:2420} INFO - Sync 1 DAGs
[2022-09-02 18:30:38,200] {logging_mixin.py:115} INFO - [2022-09-02 18:30:38,197] {dag.py:2972} INFO - Setting next_dagrun for example_nested_branch_dag to 2022-09-01T00:00:00+00:00, run_after=2022-09-02T00:00:00+00:00
[2022-09-02 18:30:38,378] {processor.py:161} INFO - Processing /home/airflow/.local/lib/python3.7/site-packages/airflow/example_dags/example_nested_branch_dag.py took 1.970 seconds
[2022-09-02 18:31:08,860] {processor.py:153} INFO - Started process (PID=628) to work on /home/airflow/.local/lib/python3.7/site-packages/airflow/example_dags/example_nested_branch_dag.py
[2022-09-02 18:31:08,865] {processor.py:641} INFO - Processing file /home/airflow/.local/lib/python3.7/site-packages/airflow/example_dags/example_nested_branch_dag.py for tasks to queue
[2022-09-02 18:31:08,869] {logging_mixin.py:115} INFO - [2022-09-02 18:31:08,869] {dagbag.py:508} INFO - Filling up the DagBag from /home/airflow/.local/lib/python3.7/site-packages/airflow/example_dags/example_nested_branch_dag.py
[2022-09-02 18:31:09,275] {processor.py:651} INFO - DAG(s) dict_keys(['example_nested_branch_dag']) retrieved from /home/airflow/.local/lib/python3.7/site-packages/airflow/example_dags/example_nested_branch_dag.py
[2022-09-02 18:31:09,328] {logging_mixin.py:115} INFO - [2022-09-02 18:31:09,328] {dag.py:2420} INFO - Sync 1 DAGs
[2022-09-02 18:31:09,403] {logging_mixin.py:115} INFO - [2022-09-02 18:31:09,403] {dag.py:2972} INFO - Setting next_dagrun for example_nested_branch_dag to 2022-09-01T00:00:00+00:00, run_after=2022-09-02T00:00:00+00:00
[2022-09-02 18:31:09,443] {processor.py:161} INFO - Processing /home/airflow/.local/lib/python3.7/site-packages/airflow/example_dags/example_nested_branch_dag.py took 0.599 seconds
[2022-09-02 18:31:39,797] {processor.py:153} INFO - Started process (PID=677) to work on /home/airflow/.local/lib/python3.7/site-packages/airflow/example_dags/example_nested_branch_dag.py
[2022-09-02 18:31:39,800] {processor.py:641} INFO - Processing file /home/airflow/.local/lib/python3.7/site-packages/airflow/example_dags/example_nested_branch_dag.py for tasks to queue
[2022-09-02 18:31:39,808] {logging_mixin.py:115} INFO - [2022-09-02 18:31:39,807] {dagbag.py:508} INFO - Filling up the DagBag from /home/airflow/.local/lib/python3.7/site-packages/airflow/example_dags/example_nested_branch_dag.py
[2022-09-02 18:31:39,875] {processor.py:651} INFO - DAG(s) dict_keys(['example_nested_branch_dag']) retrieved from /home/airflow/.local/lib/python3.7/site-packages/airflow/example_dags/example_nested_branch_dag.py
[2022-09-02 18:31:39,970] {logging_mixin.py:115} INFO - [2022-09-02 18:31:39,970] {dag.py:2420} INFO - Sync 1 DAGs
[2022-09-02 18:31:40,048] {logging_mixin.py:115} INFO - [2022-09-02 18:31:40,048] {dag.py:2972} INFO - Setting next_dagrun for example_nested_branch_dag to 2022-09-01T00:00:00+00:00, run_after=2022-09-02T00:00:00+00:00
[2022-09-02 18:31:40,104] {processor.py:161} INFO - Processing /home/airflow/.local/lib/python3.7/site-packages/airflow/example_dags/example_nested_branch_dag.py took 0.318 seconds
[2022-09-02 18:32:14,666] {processor.py:153} INFO - Started process (PID=740) to work on /home/airflow/.local/lib/python3.7/site-packages/airflow/example_dags/example_nested_branch_dag.py
[2022-09-02 18:32:14,672] {processor.py:641} INFO - Processing file /home/airflow/.local/lib/python3.7/site-packages/airflow/example_dags/example_nested_branch_dag.py for tasks to queue
[2022-09-02 18:32:14,873] {logging_mixin.py:115} INFO - [2022-09-02 18:32:14,872] {dagbag.py:508} INFO - Filling up the DagBag from /home/airflow/.local/lib/python3.7/site-packages/airflow/example_dags/example_nested_branch_dag.py
[2022-09-02 18:32:15,075] {processor.py:651} INFO - DAG(s) dict_keys(['example_nested_branch_dag']) retrieved from /home/airflow/.local/lib/python3.7/site-packages/airflow/example_dags/example_nested_branch_dag.py
[2022-09-02 18:32:15,533] {logging_mixin.py:115} INFO - [2022-09-02 18:32:15,533] {dag.py:2420} INFO - Sync 1 DAGs
[2022-09-02 18:32:16,654] {logging_mixin.py:115} INFO - [2022-09-02 18:32:16,653] {dag.py:2972} INFO - Setting next_dagrun for example_nested_branch_dag to 2022-09-01T00:00:00+00:00, run_after=2022-09-02T00:00:00+00:00
[2022-09-02 18:32:17,384] {processor.py:161} INFO - Processing /home/airflow/.local/lib/python3.7/site-packages/airflow/example_dags/example_nested_branch_dag.py took 2.774 seconds
[2022-09-02 18:32:47,985] {processor.py:153} INFO - Started process (PID=798) to work on /home/airflow/.local/lib/python3.7/site-packages/airflow/example_dags/example_nested_branch_dag.py
[2022-09-02 18:32:47,989] {processor.py:641} INFO - Processing file /home/airflow/.local/lib/python3.7/site-packages/airflow/example_dags/example_nested_branch_dag.py for tasks to queue
[2022-09-02 18:32:47,993] {logging_mixin.py:115} INFO - [2022-09-02 18:32:47,993] {dagbag.py:508} INFO - Filling up the DagBag from /home/airflow/.local/lib/python3.7/site-packages/airflow/example_dags/example_nested_branch_dag.py
[2022-09-02 18:32:48,027] {processor.py:651} INFO - DAG(s) dict_keys(['example_nested_branch_dag']) retrieved from /home/airflow/.local/lib/python3.7/site-packages/airflow/example_dags/example_nested_branch_dag.py
[2022-09-02 18:32:48,148] {logging_mixin.py:115} INFO - [2022-09-02 18:32:48,147] {dag.py:2420} INFO - Sync 1 DAGs
[2022-09-02 18:32:48,303] {logging_mixin.py:115} INFO - [2022-09-02 18:32:48,303] {dag.py:2972} INFO - Setting next_dagrun for example_nested_branch_dag to 2022-09-01T00:00:00+00:00, run_after=2022-09-02T00:00:00+00:00
[2022-09-02 18:32:48,421] {processor.py:161} INFO - Processing /home/airflow/.local/lib/python3.7/site-packages/airflow/example_dags/example_nested_branch_dag.py took 0.445 seconds
[2022-09-02 18:33:18,695] {processor.py:153} INFO - Started process (PID=853) to work on /home/airflow/.local/lib/python3.7/site-packages/airflow/example_dags/example_nested_branch_dag.py
[2022-09-02 18:33:18,698] {processor.py:641} INFO - Processing file /home/airflow/.local/lib/python3.7/site-packages/airflow/example_dags/example_nested_branch_dag.py for tasks to queue
[2022-09-02 18:33:18,705] {logging_mixin.py:115} INFO - [2022-09-02 18:33:18,705] {dagbag.py:508} INFO - Filling up the DagBag from /home/airflow/.local/lib/python3.7/site-packages/airflow/example_dags/example_nested_branch_dag.py
[2022-09-02 18:33:18,747] {processor.py:651} INFO - DAG(s) dict_keys(['example_nested_branch_dag']) retrieved from /home/airflow/.local/lib/python3.7/site-packages/airflow/example_dags/example_nested_branch_dag.py
[2022-09-02 18:33:18,830] {logging_mixin.py:115} INFO - [2022-09-02 18:33:18,830] {dag.py:2420} INFO - Sync 1 DAGs
[2022-09-02 18:33:18,886] {logging_mixin.py:115} INFO - [2022-09-02 18:33:18,886] {dag.py:2972} INFO - Setting next_dagrun for example_nested_branch_dag to 2022-09-01T00:00:00+00:00, run_after=2022-09-02T00:00:00+00:00
[2022-09-02 18:33:18,913] {processor.py:161} INFO - Processing /home/airflow/.local/lib/python3.7/site-packages/airflow/example_dags/example_nested_branch_dag.py took 0.225 seconds
[2022-09-02 18:33:51,894] {processor.py:153} INFO - Started process (PID=904) to work on /home/airflow/.local/lib/python3.7/site-packages/airflow/example_dags/example_nested_branch_dag.py
[2022-09-02 18:33:51,899] {processor.py:641} INFO - Processing file /home/airflow/.local/lib/python3.7/site-packages/airflow/example_dags/example_nested_branch_dag.py for tasks to queue
[2022-09-02 18:33:51,904] {logging_mixin.py:115} INFO - [2022-09-02 18:33:51,903] {dagbag.py:508} INFO - Filling up the DagBag from /home/airflow/.local/lib/python3.7/site-packages/airflow/example_dags/example_nested_branch_dag.py
[2022-09-02 18:33:51,965] {processor.py:651} INFO - DAG(s) dict_keys(['example_nested_branch_dag']) retrieved from /home/airflow/.local/lib/python3.7/site-packages/airflow/example_dags/example_nested_branch_dag.py
[2022-09-02 18:33:52,134] {logging_mixin.py:115} INFO - [2022-09-02 18:33:52,134] {dag.py:2420} INFO - Sync 1 DAGs
[2022-09-02 18:33:52,233] {logging_mixin.py:115} INFO - [2022-09-02 18:33:52,232] {dag.py:2972} INFO - Setting next_dagrun for example_nested_branch_dag to 2022-09-01T00:00:00+00:00, run_after=2022-09-02T00:00:00+00:00
[2022-09-02 18:33:52,302] {processor.py:161} INFO - Processing /home/airflow/.local/lib/python3.7/site-packages/airflow/example_dags/example_nested_branch_dag.py took 0.424 seconds
[2022-09-02 18:34:22,940] {processor.py:153} INFO - Started process (PID=959) to work on /home/airflow/.local/lib/python3.7/site-packages/airflow/example_dags/example_nested_branch_dag.py
[2022-09-02 18:34:22,943] {processor.py:641} INFO - Processing file /home/airflow/.local/lib/python3.7/site-packages/airflow/example_dags/example_nested_branch_dag.py for tasks to queue
[2022-09-02 18:34:22,946] {logging_mixin.py:115} INFO - [2022-09-02 18:34:22,946] {dagbag.py:508} INFO - Filling up the DagBag from /home/airflow/.local/lib/python3.7/site-packages/airflow/example_dags/example_nested_branch_dag.py
[2022-09-02 18:34:22,972] {processor.py:651} INFO - DAG(s) dict_keys(['example_nested_branch_dag']) retrieved from /home/airflow/.local/lib/python3.7/site-packages/airflow/example_dags/example_nested_branch_dag.py
[2022-09-02 18:34:23,029] {logging_mixin.py:115} INFO - [2022-09-02 18:34:23,028] {dag.py:2420} INFO - Sync 1 DAGs
[2022-09-02 18:34:23,102] {logging_mixin.py:115} INFO - [2022-09-02 18:34:23,102] {dag.py:2972} INFO - Setting next_dagrun for example_nested_branch_dag to 2022-09-01T00:00:00+00:00, run_after=2022-09-02T00:00:00+00:00
[2022-09-02 18:34:23,139] {processor.py:161} INFO - Processing /home/airflow/.local/lib/python3.7/site-packages/airflow/example_dags/example_nested_branch_dag.py took 0.213 seconds
[2022-09-02 18:35:21,879] {processor.py:153} INFO - Started process (PID=1023) to work on /home/airflow/.local/lib/python3.7/site-packages/airflow/example_dags/example_nested_branch_dag.py
[2022-09-02 18:35:21,883] {processor.py:641} INFO - Processing file /home/airflow/.local/lib/python3.7/site-packages/airflow/example_dags/example_nested_branch_dag.py for tasks to queue
[2022-09-02 18:35:21,890] {logging_mixin.py:115} INFO - [2022-09-02 18:35:21,889] {dagbag.py:508} INFO - Filling up the DagBag from /home/airflow/.local/lib/python3.7/site-packages/airflow/example_dags/example_nested_branch_dag.py
[2022-09-02 18:35:21,982] {processor.py:651} INFO - DAG(s) dict_keys(['example_nested_branch_dag']) retrieved from /home/airflow/.local/lib/python3.7/site-packages/airflow/example_dags/example_nested_branch_dag.py
[2022-09-02 18:35:22,181] {logging_mixin.py:115} INFO - [2022-09-02 18:35:22,181] {dag.py:2420} INFO - Sync 1 DAGs
[2022-09-02 18:35:22,308] {logging_mixin.py:115} INFO - [2022-09-02 18:35:22,307] {dag.py:2972} INFO - Setting next_dagrun for example_nested_branch_dag to 2022-09-01T00:00:00+00:00, run_after=2022-09-02T00:00:00+00:00
[2022-09-02 18:35:22,408] {processor.py:161} INFO - Processing /home/airflow/.local/lib/python3.7/site-packages/airflow/example_dags/example_nested_branch_dag.py took 0.555 seconds
[2022-09-02 18:35:52,644] {processor.py:153} INFO - Started process (PID=1077) to work on /home/airflow/.local/lib/python3.7/site-packages/airflow/example_dags/example_nested_branch_dag.py
[2022-09-02 18:35:52,651] {processor.py:641} INFO - Processing file /home/airflow/.local/lib/python3.7/site-packages/airflow/example_dags/example_nested_branch_dag.py for tasks to queue
[2022-09-02 18:35:52,654] {logging_mixin.py:115} INFO - [2022-09-02 18:35:52,654] {dagbag.py:508} INFO - Filling up the DagBag from /home/airflow/.local/lib/python3.7/site-packages/airflow/example_dags/example_nested_branch_dag.py
[2022-09-02 18:35:52,684] {processor.py:651} INFO - DAG(s) dict_keys(['example_nested_branch_dag']) retrieved from /home/airflow/.local/lib/python3.7/site-packages/airflow/example_dags/example_nested_branch_dag.py
[2022-09-02 18:35:52,783] {logging_mixin.py:115} INFO - [2022-09-02 18:35:52,782] {dag.py:2420} INFO - Sync 1 DAGs
[2022-09-02 18:35:52,925] {logging_mixin.py:115} INFO - [2022-09-02 18:35:52,925] {dag.py:2972} INFO - Setting next_dagrun for example_nested_branch_dag to 2022-09-01T00:00:00+00:00, run_after=2022-09-02T00:00:00+00:00
[2022-09-02 18:35:52,970] {processor.py:161} INFO - Processing /home/airflow/.local/lib/python3.7/site-packages/airflow/example_dags/example_nested_branch_dag.py took 0.334 seconds
[2022-09-02 18:36:23,166] {processor.py:153} INFO - Started process (PID=1132) to work on /home/airflow/.local/lib/python3.7/site-packages/airflow/example_dags/example_nested_branch_dag.py
[2022-09-02 18:36:23,170] {processor.py:641} INFO - Processing file /home/airflow/.local/lib/python3.7/site-packages/airflow/example_dags/example_nested_branch_dag.py for tasks to queue
[2022-09-02 18:36:23,173] {logging_mixin.py:115} INFO - [2022-09-02 18:36:23,173] {dagbag.py:508} INFO - Filling up the DagBag from /home/airflow/.local/lib/python3.7/site-packages/airflow/example_dags/example_nested_branch_dag.py
[2022-09-02 18:36:23,224] {processor.py:651} INFO - DAG(s) dict_keys(['example_nested_branch_dag']) retrieved from /home/airflow/.local/lib/python3.7/site-packages/airflow/example_dags/example_nested_branch_dag.py
[2022-09-02 18:36:23,329] {logging_mixin.py:115} INFO - [2022-09-02 18:36:23,329] {dag.py:2420} INFO - Sync 1 DAGs
[2022-09-02 18:36:23,425] {logging_mixin.py:115} INFO - [2022-09-02 18:36:23,425] {dag.py:2972} INFO - Setting next_dagrun for example_nested_branch_dag to 2022-09-01T00:00:00+00:00, run_after=2022-09-02T00:00:00+00:00
[2022-09-02 18:36:23,505] {processor.py:161} INFO - Processing /home/airflow/.local/lib/python3.7/site-packages/airflow/example_dags/example_nested_branch_dag.py took 0.406 seconds
[2022-09-02 18:36:53,856] {processor.py:153} INFO - Started process (PID=1174) to work on /home/airflow/.local/lib/python3.7/site-packages/airflow/example_dags/example_nested_branch_dag.py
[2022-09-02 18:36:53,864] {processor.py:641} INFO - Processing file /home/airflow/.local/lib/python3.7/site-packages/airflow/example_dags/example_nested_branch_dag.py for tasks to queue
[2022-09-02 18:36:53,869] {logging_mixin.py:115} INFO - [2022-09-02 18:36:53,869] {dagbag.py:508} INFO - Filling up the DagBag from /home/airflow/.local/lib/python3.7/site-packages/airflow/example_dags/example_nested_branch_dag.py
[2022-09-02 18:36:53,928] {processor.py:651} INFO - DAG(s) dict_keys(['example_nested_branch_dag']) retrieved from /home/airflow/.local/lib/python3.7/site-packages/airflow/example_dags/example_nested_branch_dag.py
[2022-09-02 18:36:54,308] {logging_mixin.py:115} INFO - [2022-09-02 18:36:54,308] {dag.py:2420} INFO - Sync 1 DAGs
[2022-09-02 18:36:54,453] {logging_mixin.py:115} INFO - [2022-09-02 18:36:54,453] {dag.py:2972} INFO - Setting next_dagrun for example_nested_branch_dag to 2022-09-01T00:00:00+00:00, run_after=2022-09-02T00:00:00+00:00
[2022-09-02 18:36:54,579] {processor.py:161} INFO - Processing /home/airflow/.local/lib/python3.7/site-packages/airflow/example_dags/example_nested_branch_dag.py took 0.732 seconds
[2022-09-02 18:37:25,222] {processor.py:153} INFO - Started process (PID=1229) to work on /home/airflow/.local/lib/python3.7/site-packages/airflow/example_dags/example_nested_branch_dag.py
[2022-09-02 18:37:25,231] {processor.py:641} INFO - Processing file /home/airflow/.local/lib/python3.7/site-packages/airflow/example_dags/example_nested_branch_dag.py for tasks to queue
[2022-09-02 18:37:25,235] {logging_mixin.py:115} INFO - [2022-09-02 18:37:25,234] {dagbag.py:508} INFO - Filling up the DagBag from /home/airflow/.local/lib/python3.7/site-packages/airflow/example_dags/example_nested_branch_dag.py
[2022-09-02 18:37:25,297] {processor.py:651} INFO - DAG(s) dict_keys(['example_nested_branch_dag']) retrieved from /home/airflow/.local/lib/python3.7/site-packages/airflow/example_dags/example_nested_branch_dag.py
[2022-09-02 18:37:25,558] {logging_mixin.py:115} INFO - [2022-09-02 18:37:25,555] {dag.py:2420} INFO - Sync 1 DAGs
[2022-09-02 18:37:25,749] {logging_mixin.py:115} INFO - [2022-09-02 18:37:25,747] {dag.py:2972} INFO - Setting next_dagrun for example_nested_branch_dag to 2022-09-01T00:00:00+00:00, run_after=2022-09-02T00:00:00+00:00
[2022-09-02 18:37:26,048] {processor.py:161} INFO - Processing /home/airflow/.local/lib/python3.7/site-packages/airflow/example_dags/example_nested_branch_dag.py took 0.873 seconds
[2022-09-02 18:37:56,605] {processor.py:153} INFO - Started process (PID=1283) to work on /home/airflow/.local/lib/python3.7/site-packages/airflow/example_dags/example_nested_branch_dag.py
[2022-09-02 18:37:56,612] {processor.py:641} INFO - Processing file /home/airflow/.local/lib/python3.7/site-packages/airflow/example_dags/example_nested_branch_dag.py for tasks to queue
[2022-09-02 18:37:56,621] {logging_mixin.py:115} INFO - [2022-09-02 18:37:56,621] {dagbag.py:508} INFO - Filling up the DagBag from /home/airflow/.local/lib/python3.7/site-packages/airflow/example_dags/example_nested_branch_dag.py
[2022-09-02 18:37:56,690] {processor.py:651} INFO - DAG(s) dict_keys(['example_nested_branch_dag']) retrieved from /home/airflow/.local/lib/python3.7/site-packages/airflow/example_dags/example_nested_branch_dag.py
[2022-09-02 18:37:56,935] {logging_mixin.py:115} INFO - [2022-09-02 18:37:56,935] {dag.py:2420} INFO - Sync 1 DAGs
[2022-09-02 18:37:57,236] {logging_mixin.py:115} INFO - [2022-09-02 18:37:57,235] {dag.py:2972} INFO - Setting next_dagrun for example_nested_branch_dag to 2022-09-01T00:00:00+00:00, run_after=2022-09-02T00:00:00+00:00
[2022-09-02 18:37:57,421] {processor.py:161} INFO - Processing /home/airflow/.local/lib/python3.7/site-packages/airflow/example_dags/example_nested_branch_dag.py took 0.836 seconds
[2022-09-02 18:38:28,169] {processor.py:153} INFO - Started process (PID=1339) to work on /home/airflow/.local/lib/python3.7/site-packages/airflow/example_dags/example_nested_branch_dag.py
[2022-09-02 18:38:28,174] {processor.py:641} INFO - Processing file /home/airflow/.local/lib/python3.7/site-packages/airflow/example_dags/example_nested_branch_dag.py for tasks to queue
[2022-09-02 18:38:28,179] {logging_mixin.py:115} INFO - [2022-09-02 18:38:28,178] {dagbag.py:508} INFO - Filling up the DagBag from /home/airflow/.local/lib/python3.7/site-packages/airflow/example_dags/example_nested_branch_dag.py
[2022-09-02 18:38:28,246] {processor.py:651} INFO - DAG(s) dict_keys(['example_nested_branch_dag']) retrieved from /home/airflow/.local/lib/python3.7/site-packages/airflow/example_dags/example_nested_branch_dag.py
[2022-09-02 18:38:28,340] {logging_mixin.py:115} INFO - [2022-09-02 18:38:28,339] {dag.py:2420} INFO - Sync 1 DAGs
[2022-09-02 18:38:28,469] {logging_mixin.py:115} INFO - [2022-09-02 18:38:28,468] {dag.py:2972} INFO - Setting next_dagrun for example_nested_branch_dag to 2022-09-01T00:00:00+00:00, run_after=2022-09-02T00:00:00+00:00
[2022-09-02 18:38:28,520] {processor.py:161} INFO - Processing /home/airflow/.local/lib/python3.7/site-packages/airflow/example_dags/example_nested_branch_dag.py took 0.361 seconds
[2022-09-02 18:38:59,039] {processor.py:153} INFO - Started process (PID=1402) to work on /home/airflow/.local/lib/python3.7/site-packages/airflow/example_dags/example_nested_branch_dag.py
[2022-09-02 18:38:59,042] {processor.py:641} INFO - Processing file /home/airflow/.local/lib/python3.7/site-packages/airflow/example_dags/example_nested_branch_dag.py for tasks to queue
[2022-09-02 18:38:59,045] {logging_mixin.py:115} INFO - [2022-09-02 18:38:59,045] {dagbag.py:508} INFO - Filling up the DagBag from /home/airflow/.local/lib/python3.7/site-packages/airflow/example_dags/example_nested_branch_dag.py
[2022-09-02 18:38:59,081] {processor.py:651} INFO - DAG(s) dict_keys(['example_nested_branch_dag']) retrieved from /home/airflow/.local/lib/python3.7/site-packages/airflow/example_dags/example_nested_branch_dag.py
[2022-09-02 18:38:59,157] {logging_mixin.py:115} INFO - [2022-09-02 18:38:59,156] {dag.py:2420} INFO - Sync 1 DAGs
[2022-09-02 18:38:59,238] {logging_mixin.py:115} INFO - [2022-09-02 18:38:59,237] {dag.py:2972} INFO - Setting next_dagrun for example_nested_branch_dag to 2022-09-01T00:00:00+00:00, run_after=2022-09-02T00:00:00+00:00
[2022-09-02 18:38:59,295] {processor.py:161} INFO - Processing /home/airflow/.local/lib/python3.7/site-packages/airflow/example_dags/example_nested_branch_dag.py took 0.263 seconds
[2022-09-02 18:39:29,440] {processor.py:153} INFO - Started process (PID=1453) to work on /home/airflow/.local/lib/python3.7/site-packages/airflow/example_dags/example_nested_branch_dag.py
[2022-09-02 18:39:29,447] {processor.py:641} INFO - Processing file /home/airflow/.local/lib/python3.7/site-packages/airflow/example_dags/example_nested_branch_dag.py for tasks to queue
[2022-09-02 18:39:29,451] {logging_mixin.py:115} INFO - [2022-09-02 18:39:29,451] {dagbag.py:508} INFO - Filling up the DagBag from /home/airflow/.local/lib/python3.7/site-packages/airflow/example_dags/example_nested_branch_dag.py
[2022-09-02 18:39:29,489] {processor.py:651} INFO - DAG(s) dict_keys(['example_nested_branch_dag']) retrieved from /home/airflow/.local/lib/python3.7/site-packages/airflow/example_dags/example_nested_branch_dag.py
[2022-09-02 18:39:29,645] {logging_mixin.py:115} INFO - [2022-09-02 18:39:29,644] {dag.py:2420} INFO - Sync 1 DAGs
[2022-09-02 18:39:29,744] {logging_mixin.py:115} INFO - [2022-09-02 18:39:29,744] {dag.py:2972} INFO - Setting next_dagrun for example_nested_branch_dag to 2022-09-01T00:00:00+00:00, run_after=2022-09-02T00:00:00+00:00
[2022-09-02 18:39:29,790] {processor.py:161} INFO - Processing /home/airflow/.local/lib/python3.7/site-packages/airflow/example_dags/example_nested_branch_dag.py took 0.360 seconds
