[2022-09-02 18:26:35,180] {processor.py:153} INFO - Started process (PID=148) to work on /home/airflow/.local/lib/python3.7/site-packages/airflow/example_dags/example_dag_decorator.py
[2022-09-02 18:26:35,184] {processor.py:641} INFO - Processing file /home/airflow/.local/lib/python3.7/site-packages/airflow/example_dags/example_dag_decorator.py for tasks to queue
[2022-09-02 18:26:35,190] {logging_mixin.py:115} INFO - [2022-09-02 18:26:35,190] {dagbag.py:508} INFO - Filling up the DagBag from /home/airflow/.local/lib/python3.7/site-packages/airflow/example_dags/example_dag_decorator.py
[2022-09-02 18:26:36,129] {processor.py:651} INFO - DAG(s) dict_keys(['example_dag_decorator']) retrieved from /home/airflow/.local/lib/python3.7/site-packages/airflow/example_dags/example_dag_decorator.py
[2022-09-02 18:26:36,966] {logging_mixin.py:115} INFO - [2022-09-02 18:26:36,945] {manager.py:508} INFO - Created Permission View: can delete on DAG:example_dag_decorator
[2022-09-02 18:26:37,098] {logging_mixin.py:115} INFO - [2022-09-02 18:26:37,098] {manager.py:508} INFO - Created Permission View: can edit on DAG:example_dag_decorator
[2022-09-02 18:26:37,161] {logging_mixin.py:115} INFO - [2022-09-02 18:26:37,160] {manager.py:508} INFO - Created Permission View: can read on DAG:example_dag_decorator
[2022-09-02 18:26:37,162] {logging_mixin.py:115} INFO - [2022-09-02 18:26:37,162] {dag.py:2420} INFO - Sync 1 DAGs
[2022-09-02 18:26:37,236] {logging_mixin.py:115} INFO - [2022-09-02 18:26:37,235] {dag.py:2439} INFO - Creating ORM DAG for example_dag_decorator
[2022-09-02 18:26:37,394] {logging_mixin.py:115} INFO - [2022-09-02 18:26:37,393] {dag.py:2972} INFO - Setting next_dagrun for example_dag_decorator to None, run_after=None
[2022-09-02 18:26:37,448] {processor.py:161} INFO - Processing /home/airflow/.local/lib/python3.7/site-packages/airflow/example_dags/example_dag_decorator.py took 2.288 seconds
[2022-09-02 18:27:08,371] {processor.py:153} INFO - Started process (PID=202) to work on /home/airflow/.local/lib/python3.7/site-packages/airflow/example_dags/example_dag_decorator.py
[2022-09-02 18:27:08,379] {processor.py:641} INFO - Processing file /home/airflow/.local/lib/python3.7/site-packages/airflow/example_dags/example_dag_decorator.py for tasks to queue
[2022-09-02 18:27:08,392] {logging_mixin.py:115} INFO - [2022-09-02 18:27:08,389] {dagbag.py:508} INFO - Filling up the DagBag from /home/airflow/.local/lib/python3.7/site-packages/airflow/example_dags/example_dag_decorator.py
[2022-09-02 18:27:08,818] {processor.py:651} INFO - DAG(s) dict_keys(['example_dag_decorator']) retrieved from /home/airflow/.local/lib/python3.7/site-packages/airflow/example_dags/example_dag_decorator.py
[2022-09-02 18:27:09,030] {logging_mixin.py:115} INFO - [2022-09-02 18:27:09,029] {dag.py:2420} INFO - Sync 1 DAGs
[2022-09-02 18:27:09,078] {logging_mixin.py:115} INFO - [2022-09-02 18:27:09,078] {dag.py:2972} INFO - Setting next_dagrun for example_dag_decorator to None, run_after=None
[2022-09-02 18:27:09,132] {processor.py:161} INFO - Processing /home/airflow/.local/lib/python3.7/site-packages/airflow/example_dags/example_dag_decorator.py took 0.815 seconds
[2022-09-02 18:27:39,804] {processor.py:153} INFO - Started process (PID=255) to work on /home/airflow/.local/lib/python3.7/site-packages/airflow/example_dags/example_dag_decorator.py
[2022-09-02 18:27:39,806] {processor.py:641} INFO - Processing file /home/airflow/.local/lib/python3.7/site-packages/airflow/example_dags/example_dag_decorator.py for tasks to queue
[2022-09-02 18:27:39,811] {logging_mixin.py:115} INFO - [2022-09-02 18:27:39,810] {dagbag.py:508} INFO - Filling up the DagBag from /home/airflow/.local/lib/python3.7/site-packages/airflow/example_dags/example_dag_decorator.py
[2022-09-02 18:27:40,053] {processor.py:651} INFO - DAG(s) dict_keys(['example_dag_decorator']) retrieved from /home/airflow/.local/lib/python3.7/site-packages/airflow/example_dags/example_dag_decorator.py
[2022-09-02 18:27:40,200] {logging_mixin.py:115} INFO - [2022-09-02 18:27:40,199] {dag.py:2420} INFO - Sync 1 DAGs
[2022-09-02 18:27:40,239] {logging_mixin.py:115} INFO - [2022-09-02 18:27:40,239] {dag.py:2972} INFO - Setting next_dagrun for example_dag_decorator to None, run_after=None
[2022-09-02 18:27:40,279] {processor.py:161} INFO - Processing /home/airflow/.local/lib/python3.7/site-packages/airflow/example_dags/example_dag_decorator.py took 0.488 seconds
[2022-09-02 18:28:10,879] {processor.py:153} INFO - Started process (PID=309) to work on /home/airflow/.local/lib/python3.7/site-packages/airflow/example_dags/example_dag_decorator.py
[2022-09-02 18:28:10,882] {processor.py:641} INFO - Processing file /home/airflow/.local/lib/python3.7/site-packages/airflow/example_dags/example_dag_decorator.py for tasks to queue
[2022-09-02 18:28:10,885] {logging_mixin.py:115} INFO - [2022-09-02 18:28:10,885] {dagbag.py:508} INFO - Filling up the DagBag from /home/airflow/.local/lib/python3.7/site-packages/airflow/example_dags/example_dag_decorator.py
[2022-09-02 18:28:11,144] {processor.py:651} INFO - DAG(s) dict_keys(['example_dag_decorator']) retrieved from /home/airflow/.local/lib/python3.7/site-packages/airflow/example_dags/example_dag_decorator.py
[2022-09-02 18:28:11,285] {logging_mixin.py:115} INFO - [2022-09-02 18:28:11,284] {dag.py:2420} INFO - Sync 1 DAGs
[2022-09-02 18:28:11,322] {logging_mixin.py:115} INFO - [2022-09-02 18:28:11,322] {dag.py:2972} INFO - Setting next_dagrun for example_dag_decorator to None, run_after=None
[2022-09-02 18:28:11,348] {processor.py:161} INFO - Processing /home/airflow/.local/lib/python3.7/site-packages/airflow/example_dags/example_dag_decorator.py took 0.476 seconds
[2022-09-02 18:28:41,630] {processor.py:153} INFO - Started process (PID=366) to work on /home/airflow/.local/lib/python3.7/site-packages/airflow/example_dags/example_dag_decorator.py
[2022-09-02 18:28:41,634] {processor.py:641} INFO - Processing file /home/airflow/.local/lib/python3.7/site-packages/airflow/example_dags/example_dag_decorator.py for tasks to queue
[2022-09-02 18:28:41,637] {logging_mixin.py:115} INFO - [2022-09-02 18:28:41,637] {dagbag.py:508} INFO - Filling up the DagBag from /home/airflow/.local/lib/python3.7/site-packages/airflow/example_dags/example_dag_decorator.py
[2022-09-02 18:28:41,881] {processor.py:651} INFO - DAG(s) dict_keys(['example_dag_decorator']) retrieved from /home/airflow/.local/lib/python3.7/site-packages/airflow/example_dags/example_dag_decorator.py
[2022-09-02 18:28:42,024] {logging_mixin.py:115} INFO - [2022-09-02 18:28:42,024] {dag.py:2420} INFO - Sync 1 DAGs
[2022-09-02 18:28:42,084] {logging_mixin.py:115} INFO - [2022-09-02 18:28:42,084] {dag.py:2972} INFO - Setting next_dagrun for example_dag_decorator to None, run_after=None
[2022-09-02 18:28:42,130] {processor.py:161} INFO - Processing /home/airflow/.local/lib/python3.7/site-packages/airflow/example_dags/example_dag_decorator.py took 0.513 seconds
[2022-09-02 18:29:13,115] {processor.py:153} INFO - Started process (PID=422) to work on /home/airflow/.local/lib/python3.7/site-packages/airflow/example_dags/example_dag_decorator.py
[2022-09-02 18:29:13,124] {processor.py:641} INFO - Processing file /home/airflow/.local/lib/python3.7/site-packages/airflow/example_dags/example_dag_decorator.py for tasks to queue
[2022-09-02 18:29:13,128] {logging_mixin.py:115} INFO - [2022-09-02 18:29:13,127] {dagbag.py:508} INFO - Filling up the DagBag from /home/airflow/.local/lib/python3.7/site-packages/airflow/example_dags/example_dag_decorator.py
[2022-09-02 18:29:13,710] {processor.py:651} INFO - DAG(s) dict_keys(['example_dag_decorator']) retrieved from /home/airflow/.local/lib/python3.7/site-packages/airflow/example_dags/example_dag_decorator.py
[2022-09-02 18:29:14,160] {logging_mixin.py:115} INFO - [2022-09-02 18:29:14,159] {dag.py:2420} INFO - Sync 1 DAGs
[2022-09-02 18:29:14,267] {logging_mixin.py:115} INFO - [2022-09-02 18:29:14,267] {dag.py:2972} INFO - Setting next_dagrun for example_dag_decorator to None, run_after=None
[2022-09-02 18:29:14,411] {processor.py:161} INFO - Processing /home/airflow/.local/lib/python3.7/site-packages/airflow/example_dags/example_dag_decorator.py took 1.326 seconds
[2022-09-02 18:29:44,630] {processor.py:153} INFO - Started process (PID=474) to work on /home/airflow/.local/lib/python3.7/site-packages/airflow/example_dags/example_dag_decorator.py
[2022-09-02 18:29:44,633] {processor.py:641} INFO - Processing file /home/airflow/.local/lib/python3.7/site-packages/airflow/example_dags/example_dag_decorator.py for tasks to queue
[2022-09-02 18:29:44,635] {logging_mixin.py:115} INFO - [2022-09-02 18:29:44,635] {dagbag.py:508} INFO - Filling up the DagBag from /home/airflow/.local/lib/python3.7/site-packages/airflow/example_dags/example_dag_decorator.py
[2022-09-02 18:29:44,849] {processor.py:651} INFO - DAG(s) dict_keys(['example_dag_decorator']) retrieved from /home/airflow/.local/lib/python3.7/site-packages/airflow/example_dags/example_dag_decorator.py
[2022-09-02 18:29:44,960] {logging_mixin.py:115} INFO - [2022-09-02 18:29:44,960] {dag.py:2420} INFO - Sync 1 DAGs
[2022-09-02 18:29:44,993] {logging_mixin.py:115} INFO - [2022-09-02 18:29:44,993] {dag.py:2972} INFO - Setting next_dagrun for example_dag_decorator to None, run_after=None
[2022-09-02 18:29:45,019] {processor.py:161} INFO - Processing /home/airflow/.local/lib/python3.7/site-packages/airflow/example_dags/example_dag_decorator.py took 0.395 seconds
[2022-09-02 18:30:15,228] {processor.py:153} INFO - Started process (PID=528) to work on /home/airflow/.local/lib/python3.7/site-packages/airflow/example_dags/example_dag_decorator.py
[2022-09-02 18:30:15,232] {processor.py:641} INFO - Processing file /home/airflow/.local/lib/python3.7/site-packages/airflow/example_dags/example_dag_decorator.py for tasks to queue
[2022-09-02 18:30:15,241] {logging_mixin.py:115} INFO - [2022-09-02 18:30:15,240] {dagbag.py:508} INFO - Filling up the DagBag from /home/airflow/.local/lib/python3.7/site-packages/airflow/example_dags/example_dag_decorator.py
[2022-09-02 18:30:15,730] {processor.py:651} INFO - DAG(s) dict_keys(['example_dag_decorator']) retrieved from /home/airflow/.local/lib/python3.7/site-packages/airflow/example_dags/example_dag_decorator.py
[2022-09-02 18:30:15,860] {logging_mixin.py:115} INFO - [2022-09-02 18:30:15,859] {dag.py:2420} INFO - Sync 1 DAGs
[2022-09-02 18:30:15,954] {logging_mixin.py:115} INFO - [2022-09-02 18:30:15,954] {dag.py:2972} INFO - Setting next_dagrun for example_dag_decorator to None, run_after=None
[2022-09-02 18:30:15,988] {processor.py:161} INFO - Processing /home/airflow/.local/lib/python3.7/site-packages/airflow/example_dags/example_dag_decorator.py took 0.770 seconds
[2022-09-02 18:30:46,257] {processor.py:153} INFO - Started process (PID=584) to work on /home/airflow/.local/lib/python3.7/site-packages/airflow/example_dags/example_dag_decorator.py
[2022-09-02 18:30:46,264] {processor.py:641} INFO - Processing file /home/airflow/.local/lib/python3.7/site-packages/airflow/example_dags/example_dag_decorator.py for tasks to queue
[2022-09-02 18:30:46,268] {logging_mixin.py:115} INFO - [2022-09-02 18:30:46,268] {dagbag.py:508} INFO - Filling up the DagBag from /home/airflow/.local/lib/python3.7/site-packages/airflow/example_dags/example_dag_decorator.py
[2022-09-02 18:30:46,877] {processor.py:651} INFO - DAG(s) dict_keys(['example_dag_decorator']) retrieved from /home/airflow/.local/lib/python3.7/site-packages/airflow/example_dags/example_dag_decorator.py
[2022-09-02 18:30:46,963] {logging_mixin.py:115} INFO - [2022-09-02 18:30:46,963] {dag.py:2420} INFO - Sync 1 DAGs
[2022-09-02 18:30:47,029] {logging_mixin.py:115} INFO - [2022-09-02 18:30:47,029] {dag.py:2972} INFO - Setting next_dagrun for example_dag_decorator to None, run_after=None
[2022-09-02 18:30:47,065] {processor.py:161} INFO - Processing /home/airflow/.local/lib/python3.7/site-packages/airflow/example_dags/example_dag_decorator.py took 0.830 seconds
[2022-09-02 18:31:17,963] {processor.py:153} INFO - Started process (PID=637) to work on /home/airflow/.local/lib/python3.7/site-packages/airflow/example_dags/example_dag_decorator.py
[2022-09-02 18:31:17,969] {processor.py:641} INFO - Processing file /home/airflow/.local/lib/python3.7/site-packages/airflow/example_dags/example_dag_decorator.py for tasks to queue
[2022-09-02 18:31:17,986] {logging_mixin.py:115} INFO - [2022-09-02 18:31:17,983] {dagbag.py:508} INFO - Filling up the DagBag from /home/airflow/.local/lib/python3.7/site-packages/airflow/example_dags/example_dag_decorator.py
[2022-09-02 18:31:18,851] {processor.py:651} INFO - DAG(s) dict_keys(['example_dag_decorator']) retrieved from /home/airflow/.local/lib/python3.7/site-packages/airflow/example_dags/example_dag_decorator.py
[2022-09-02 18:31:18,921] {logging_mixin.py:115} INFO - [2022-09-02 18:31:18,920] {dag.py:2420} INFO - Sync 1 DAGs
[2022-09-02 18:31:19,010] {logging_mixin.py:115} INFO - [2022-09-02 18:31:19,010] {dag.py:2972} INFO - Setting next_dagrun for example_dag_decorator to None, run_after=None
[2022-09-02 18:31:19,063] {processor.py:161} INFO - Processing /home/airflow/.local/lib/python3.7/site-packages/airflow/example_dags/example_dag_decorator.py took 1.129 seconds
[2022-09-02 18:31:49,216] {processor.py:153} INFO - Started process (PID=693) to work on /home/airflow/.local/lib/python3.7/site-packages/airflow/example_dags/example_dag_decorator.py
[2022-09-02 18:31:49,219] {processor.py:641} INFO - Processing file /home/airflow/.local/lib/python3.7/site-packages/airflow/example_dags/example_dag_decorator.py for tasks to queue
[2022-09-02 18:31:49,225] {logging_mixin.py:115} INFO - [2022-09-02 18:31:49,224] {dagbag.py:508} INFO - Filling up the DagBag from /home/airflow/.local/lib/python3.7/site-packages/airflow/example_dags/example_dag_decorator.py
[2022-09-02 18:31:49,276] {processor.py:651} INFO - DAG(s) dict_keys(['example_dag_decorator']) retrieved from /home/airflow/.local/lib/python3.7/site-packages/airflow/example_dags/example_dag_decorator.py
[2022-09-02 18:31:49,457] {logging_mixin.py:115} INFO - [2022-09-02 18:31:49,456] {dag.py:2420} INFO - Sync 1 DAGs
[2022-09-02 18:31:49,524] {logging_mixin.py:115} INFO - [2022-09-02 18:31:49,523] {dag.py:2972} INFO - Setting next_dagrun for example_dag_decorator to None, run_after=None
[2022-09-02 18:31:49,572] {processor.py:161} INFO - Processing /home/airflow/.local/lib/python3.7/site-packages/airflow/example_dags/example_dag_decorator.py took 0.362 seconds
[2022-09-02 18:32:23,487] {processor.py:153} INFO - Started process (PID=747) to work on /home/airflow/.local/lib/python3.7/site-packages/airflow/example_dags/example_dag_decorator.py
[2022-09-02 18:32:23,507] {processor.py:641} INFO - Processing file /home/airflow/.local/lib/python3.7/site-packages/airflow/example_dags/example_dag_decorator.py for tasks to queue
[2022-09-02 18:32:23,514] {logging_mixin.py:115} INFO - [2022-09-02 18:32:23,514] {dagbag.py:508} INFO - Filling up the DagBag from /home/airflow/.local/lib/python3.7/site-packages/airflow/example_dags/example_dag_decorator.py
[2022-09-02 18:32:23,675] {processor.py:651} INFO - DAG(s) dict_keys(['example_dag_decorator']) retrieved from /home/airflow/.local/lib/python3.7/site-packages/airflow/example_dags/example_dag_decorator.py
[2022-09-02 18:32:24,146] {logging_mixin.py:115} INFO - [2022-09-02 18:32:24,146] {dag.py:2420} INFO - Sync 1 DAGs
[2022-09-02 18:32:24,259] {logging_mixin.py:115} INFO - [2022-09-02 18:32:24,258] {dag.py:2972} INFO - Setting next_dagrun for example_dag_decorator to None, run_after=None
[2022-09-02 18:32:24,325] {processor.py:161} INFO - Processing /home/airflow/.local/lib/python3.7/site-packages/airflow/example_dags/example_dag_decorator.py took 0.847 seconds
[2022-09-02 18:32:55,517] {processor.py:153} INFO - Started process (PID=812) to work on /home/airflow/.local/lib/python3.7/site-packages/airflow/example_dags/example_dag_decorator.py
[2022-09-02 18:32:55,519] {processor.py:641} INFO - Processing file /home/airflow/.local/lib/python3.7/site-packages/airflow/example_dags/example_dag_decorator.py for tasks to queue
[2022-09-02 18:32:55,522] {logging_mixin.py:115} INFO - [2022-09-02 18:32:55,522] {dagbag.py:508} INFO - Filling up the DagBag from /home/airflow/.local/lib/python3.7/site-packages/airflow/example_dags/example_dag_decorator.py
[2022-09-02 18:32:55,708] {processor.py:651} INFO - DAG(s) dict_keys(['example_dag_decorator']) retrieved from /home/airflow/.local/lib/python3.7/site-packages/airflow/example_dags/example_dag_decorator.py
[2022-09-02 18:32:55,857] {logging_mixin.py:115} INFO - [2022-09-02 18:32:55,857] {dag.py:2420} INFO - Sync 1 DAGs
[2022-09-02 18:32:55,957] {logging_mixin.py:115} INFO - [2022-09-02 18:32:55,956] {dag.py:2972} INFO - Setting next_dagrun for example_dag_decorator to None, run_after=None
[2022-09-02 18:32:56,326] {processor.py:161} INFO - Processing /home/airflow/.local/lib/python3.7/site-packages/airflow/example_dags/example_dag_decorator.py took 0.855 seconds
[2022-09-02 18:33:26,982] {processor.py:153} INFO - Started process (PID=860) to work on /home/airflow/.local/lib/python3.7/site-packages/airflow/example_dags/example_dag_decorator.py
[2022-09-02 18:33:26,984] {processor.py:641} INFO - Processing file /home/airflow/.local/lib/python3.7/site-packages/airflow/example_dags/example_dag_decorator.py for tasks to queue
[2022-09-02 18:33:26,986] {logging_mixin.py:115} INFO - [2022-09-02 18:33:26,986] {dagbag.py:508} INFO - Filling up the DagBag from /home/airflow/.local/lib/python3.7/site-packages/airflow/example_dags/example_dag_decorator.py
[2022-09-02 18:33:27,079] {processor.py:651} INFO - DAG(s) dict_keys(['example_dag_decorator']) retrieved from /home/airflow/.local/lib/python3.7/site-packages/airflow/example_dags/example_dag_decorator.py
[2022-09-02 18:33:27,328] {logging_mixin.py:115} INFO - [2022-09-02 18:33:27,327] {dag.py:2420} INFO - Sync 1 DAGs
[2022-09-02 18:33:27,432] {logging_mixin.py:115} INFO - [2022-09-02 18:33:27,432] {dag.py:2972} INFO - Setting next_dagrun for example_dag_decorator to None, run_after=None
[2022-09-02 18:33:27,473] {processor.py:161} INFO - Processing /home/airflow/.local/lib/python3.7/site-packages/airflow/example_dags/example_dag_decorator.py took 0.499 seconds
[2022-09-02 18:33:57,734] {processor.py:153} INFO - Started process (PID=914) to work on /home/airflow/.local/lib/python3.7/site-packages/airflow/example_dags/example_dag_decorator.py
[2022-09-02 18:33:57,737] {processor.py:641} INFO - Processing file /home/airflow/.local/lib/python3.7/site-packages/airflow/example_dags/example_dag_decorator.py for tasks to queue
[2022-09-02 18:33:57,740] {logging_mixin.py:115} INFO - [2022-09-02 18:33:57,739] {dagbag.py:508} INFO - Filling up the DagBag from /home/airflow/.local/lib/python3.7/site-packages/airflow/example_dags/example_dag_decorator.py
[2022-09-02 18:33:57,785] {processor.py:651} INFO - DAG(s) dict_keys(['example_dag_decorator']) retrieved from /home/airflow/.local/lib/python3.7/site-packages/airflow/example_dags/example_dag_decorator.py
[2022-09-02 18:33:57,894] {logging_mixin.py:115} INFO - [2022-09-02 18:33:57,894] {dag.py:2420} INFO - Sync 1 DAGs
[2022-09-02 18:33:57,930] {logging_mixin.py:115} INFO - [2022-09-02 18:33:57,930] {dag.py:2972} INFO - Setting next_dagrun for example_dag_decorator to None, run_after=None
[2022-09-02 18:33:57,956] {processor.py:161} INFO - Processing /home/airflow/.local/lib/python3.7/site-packages/airflow/example_dags/example_dag_decorator.py took 0.226 seconds
[2022-09-02 18:34:28,104] {processor.py:153} INFO - Started process (PID=969) to work on /home/airflow/.local/lib/python3.7/site-packages/airflow/example_dags/example_dag_decorator.py
[2022-09-02 18:34:28,108] {processor.py:641} INFO - Processing file /home/airflow/.local/lib/python3.7/site-packages/airflow/example_dags/example_dag_decorator.py for tasks to queue
[2022-09-02 18:34:28,114] {logging_mixin.py:115} INFO - [2022-09-02 18:34:28,114] {dagbag.py:508} INFO - Filling up the DagBag from /home/airflow/.local/lib/python3.7/site-packages/airflow/example_dags/example_dag_decorator.py
[2022-09-02 18:34:28,212] {processor.py:651} INFO - DAG(s) dict_keys(['example_dag_decorator']) retrieved from /home/airflow/.local/lib/python3.7/site-packages/airflow/example_dags/example_dag_decorator.py
[2022-09-02 18:34:28,557] {logging_mixin.py:115} INFO - [2022-09-02 18:34:28,556] {dag.py:2420} INFO - Sync 1 DAGs
[2022-09-02 18:34:28,609] {logging_mixin.py:115} INFO - [2022-09-02 18:34:28,609] {dag.py:2972} INFO - Setting next_dagrun for example_dag_decorator to None, run_after=None
[2022-09-02 18:34:28,644] {processor.py:161} INFO - Processing /home/airflow/.local/lib/python3.7/site-packages/airflow/example_dags/example_dag_decorator.py took 0.552 seconds
[2022-09-02 18:35:27,779] {processor.py:153} INFO - Started process (PID=1038) to work on /home/airflow/.local/lib/python3.7/site-packages/airflow/example_dags/example_dag_decorator.py
[2022-09-02 18:35:27,790] {processor.py:641} INFO - Processing file /home/airflow/.local/lib/python3.7/site-packages/airflow/example_dags/example_dag_decorator.py for tasks to queue
[2022-09-02 18:35:27,796] {logging_mixin.py:115} INFO - [2022-09-02 18:35:27,795] {dagbag.py:508} INFO - Filling up the DagBag from /home/airflow/.local/lib/python3.7/site-packages/airflow/example_dags/example_dag_decorator.py
[2022-09-02 18:35:27,907] {processor.py:651} INFO - DAG(s) dict_keys(['example_dag_decorator']) retrieved from /home/airflow/.local/lib/python3.7/site-packages/airflow/example_dags/example_dag_decorator.py
[2022-09-02 18:35:28,179] {logging_mixin.py:115} INFO - [2022-09-02 18:35:28,179] {dag.py:2420} INFO - Sync 1 DAGs
[2022-09-02 18:35:28,443] {logging_mixin.py:115} INFO - [2022-09-02 18:35:28,442] {dag.py:2972} INFO - Setting next_dagrun for example_dag_decorator to None, run_after=None
[2022-09-02 18:35:28,520] {processor.py:161} INFO - Processing /home/airflow/.local/lib/python3.7/site-packages/airflow/example_dags/example_dag_decorator.py took 0.755 seconds
[2022-09-02 18:35:59,847] {processor.py:153} INFO - Started process (PID=1086) to work on /home/airflow/.local/lib/python3.7/site-packages/airflow/example_dags/example_dag_decorator.py
[2022-09-02 18:35:59,865] {processor.py:641} INFO - Processing file /home/airflow/.local/lib/python3.7/site-packages/airflow/example_dags/example_dag_decorator.py for tasks to queue
[2022-09-02 18:35:59,879] {logging_mixin.py:115} INFO - [2022-09-02 18:35:59,878] {dagbag.py:508} INFO - Filling up the DagBag from /home/airflow/.local/lib/python3.7/site-packages/airflow/example_dags/example_dag_decorator.py
[2022-09-02 18:36:00,006] {processor.py:651} INFO - DAG(s) dict_keys(['example_dag_decorator']) retrieved from /home/airflow/.local/lib/python3.7/site-packages/airflow/example_dags/example_dag_decorator.py
[2022-09-02 18:36:00,622] {logging_mixin.py:115} INFO - [2022-09-02 18:36:00,621] {dag.py:2420} INFO - Sync 1 DAGs
[2022-09-02 18:36:01,004] {logging_mixin.py:115} INFO - [2022-09-02 18:36:01,001] {dag.py:2972} INFO - Setting next_dagrun for example_dag_decorator to None, run_after=None
[2022-09-02 18:36:01,349] {processor.py:161} INFO - Processing /home/airflow/.local/lib/python3.7/site-packages/airflow/example_dags/example_dag_decorator.py took 1.535 seconds
[2022-09-02 18:36:31,825] {processor.py:153} INFO - Started process (PID=1141) to work on /home/airflow/.local/lib/python3.7/site-packages/airflow/example_dags/example_dag_decorator.py
[2022-09-02 18:36:31,827] {processor.py:641} INFO - Processing file /home/airflow/.local/lib/python3.7/site-packages/airflow/example_dags/example_dag_decorator.py for tasks to queue
[2022-09-02 18:36:31,832] {logging_mixin.py:115} INFO - [2022-09-02 18:36:31,832] {dagbag.py:508} INFO - Filling up the DagBag from /home/airflow/.local/lib/python3.7/site-packages/airflow/example_dags/example_dag_decorator.py
[2022-09-02 18:36:31,921] {processor.py:651} INFO - DAG(s) dict_keys(['example_dag_decorator']) retrieved from /home/airflow/.local/lib/python3.7/site-packages/airflow/example_dags/example_dag_decorator.py
[2022-09-02 18:36:32,142] {logging_mixin.py:115} INFO - [2022-09-02 18:36:32,142] {dag.py:2420} INFO - Sync 1 DAGs
[2022-09-02 18:36:32,237] {logging_mixin.py:115} INFO - [2022-09-02 18:36:32,237] {dag.py:2972} INFO - Setting next_dagrun for example_dag_decorator to None, run_after=None
[2022-09-02 18:36:32,375] {processor.py:161} INFO - Processing /home/airflow/.local/lib/python3.7/site-packages/airflow/example_dags/example_dag_decorator.py took 0.561 seconds
[2022-09-02 18:37:03,169] {processor.py:153} INFO - Started process (PID=1194) to work on /home/airflow/.local/lib/python3.7/site-packages/airflow/example_dags/example_dag_decorator.py
[2022-09-02 18:37:03,172] {processor.py:641} INFO - Processing file /home/airflow/.local/lib/python3.7/site-packages/airflow/example_dags/example_dag_decorator.py for tasks to queue
[2022-09-02 18:37:03,177] {logging_mixin.py:115} INFO - [2022-09-02 18:37:03,177] {dagbag.py:508} INFO - Filling up the DagBag from /home/airflow/.local/lib/python3.7/site-packages/airflow/example_dags/example_dag_decorator.py
[2022-09-02 18:37:03,636] {processor.py:651} INFO - DAG(s) dict_keys(['example_dag_decorator']) retrieved from /home/airflow/.local/lib/python3.7/site-packages/airflow/example_dags/example_dag_decorator.py
[2022-09-02 18:37:05,624] {logging_mixin.py:115} INFO - [2022-09-02 18:37:05,624] {dag.py:2420} INFO - Sync 1 DAGs
[2022-09-02 18:37:06,122] {logging_mixin.py:115} INFO - [2022-09-02 18:37:06,122] {dag.py:2972} INFO - Setting next_dagrun for example_dag_decorator to None, run_after=None
[2022-09-02 18:37:06,711] {processor.py:161} INFO - Processing /home/airflow/.local/lib/python3.7/site-packages/airflow/example_dags/example_dag_decorator.py took 3.566 seconds
[2022-09-02 18:37:37,302] {processor.py:153} INFO - Started process (PID=1249) to work on /home/airflow/.local/lib/python3.7/site-packages/airflow/example_dags/example_dag_decorator.py
[2022-09-02 18:37:37,308] {processor.py:641} INFO - Processing file /home/airflow/.local/lib/python3.7/site-packages/airflow/example_dags/example_dag_decorator.py for tasks to queue
[2022-09-02 18:37:37,312] {logging_mixin.py:115} INFO - [2022-09-02 18:37:37,311] {dagbag.py:508} INFO - Filling up the DagBag from /home/airflow/.local/lib/python3.7/site-packages/airflow/example_dags/example_dag_decorator.py
[2022-09-02 18:37:37,404] {processor.py:651} INFO - DAG(s) dict_keys(['example_dag_decorator']) retrieved from /home/airflow/.local/lib/python3.7/site-packages/airflow/example_dags/example_dag_decorator.py
[2022-09-02 18:37:37,680] {logging_mixin.py:115} INFO - [2022-09-02 18:37:37,679] {dag.py:2420} INFO - Sync 1 DAGs
[2022-09-02 18:37:37,734] {logging_mixin.py:115} INFO - [2022-09-02 18:37:37,734] {dag.py:2972} INFO - Setting next_dagrun for example_dag_decorator to None, run_after=None
[2022-09-02 18:37:37,786] {processor.py:161} INFO - Processing /home/airflow/.local/lib/python3.7/site-packages/airflow/example_dags/example_dag_decorator.py took 0.493 seconds
[2022-09-02 18:38:08,000] {processor.py:153} INFO - Started process (PID=1304) to work on /home/airflow/.local/lib/python3.7/site-packages/airflow/example_dags/example_dag_decorator.py
[2022-09-02 18:38:08,006] {processor.py:641} INFO - Processing file /home/airflow/.local/lib/python3.7/site-packages/airflow/example_dags/example_dag_decorator.py for tasks to queue
[2022-09-02 18:38:08,010] {logging_mixin.py:115} INFO - [2022-09-02 18:38:08,010] {dagbag.py:508} INFO - Filling up the DagBag from /home/airflow/.local/lib/python3.7/site-packages/airflow/example_dags/example_dag_decorator.py
[2022-09-02 18:38:08,063] {processor.py:651} INFO - DAG(s) dict_keys(['example_dag_decorator']) retrieved from /home/airflow/.local/lib/python3.7/site-packages/airflow/example_dags/example_dag_decorator.py
[2022-09-02 18:38:08,129] {logging_mixin.py:115} INFO - [2022-09-02 18:38:08,129] {dag.py:2420} INFO - Sync 1 DAGs
[2022-09-02 18:38:08,182] {logging_mixin.py:115} INFO - [2022-09-02 18:38:08,182] {dag.py:2972} INFO - Setting next_dagrun for example_dag_decorator to None, run_after=None
[2022-09-02 18:38:08,215] {processor.py:161} INFO - Processing /home/airflow/.local/lib/python3.7/site-packages/airflow/example_dags/example_dag_decorator.py took 0.220 seconds
[2022-09-02 18:38:38,514] {processor.py:153} INFO - Started process (PID=1360) to work on /home/airflow/.local/lib/python3.7/site-packages/airflow/example_dags/example_dag_decorator.py
[2022-09-02 18:38:38,516] {processor.py:641} INFO - Processing file /home/airflow/.local/lib/python3.7/site-packages/airflow/example_dags/example_dag_decorator.py for tasks to queue
[2022-09-02 18:38:38,520] {logging_mixin.py:115} INFO - [2022-09-02 18:38:38,519] {dagbag.py:508} INFO - Filling up the DagBag from /home/airflow/.local/lib/python3.7/site-packages/airflow/example_dags/example_dag_decorator.py
[2022-09-02 18:38:38,569] {processor.py:651} INFO - DAG(s) dict_keys(['example_dag_decorator']) retrieved from /home/airflow/.local/lib/python3.7/site-packages/airflow/example_dags/example_dag_decorator.py
[2022-09-02 18:38:38,648] {logging_mixin.py:115} INFO - [2022-09-02 18:38:38,648] {dag.py:2420} INFO - Sync 1 DAGs
[2022-09-02 18:38:38,702] {logging_mixin.py:115} INFO - [2022-09-02 18:38:38,702] {dag.py:2972} INFO - Setting next_dagrun for example_dag_decorator to None, run_after=None
[2022-09-02 18:38:38,736] {processor.py:161} INFO - Processing /home/airflow/.local/lib/python3.7/site-packages/airflow/example_dags/example_dag_decorator.py took 0.233 seconds
[2022-09-02 18:39:09,441] {processor.py:153} INFO - Started process (PID=1413) to work on /home/airflow/.local/lib/python3.7/site-packages/airflow/example_dags/example_dag_decorator.py
[2022-09-02 18:39:09,445] {processor.py:641} INFO - Processing file /home/airflow/.local/lib/python3.7/site-packages/airflow/example_dags/example_dag_decorator.py for tasks to queue
[2022-09-02 18:39:09,448] {logging_mixin.py:115} INFO - [2022-09-02 18:39:09,448] {dagbag.py:508} INFO - Filling up the DagBag from /home/airflow/.local/lib/python3.7/site-packages/airflow/example_dags/example_dag_decorator.py
[2022-09-02 18:39:09,565] {processor.py:651} INFO - DAG(s) dict_keys(['example_dag_decorator']) retrieved from /home/airflow/.local/lib/python3.7/site-packages/airflow/example_dags/example_dag_decorator.py
[2022-09-02 18:39:09,952] {logging_mixin.py:115} INFO - [2022-09-02 18:39:09,952] {dag.py:2420} INFO - Sync 1 DAGs
[2022-09-02 18:39:10,080] {logging_mixin.py:115} INFO - [2022-09-02 18:39:10,080] {dag.py:2972} INFO - Setting next_dagrun for example_dag_decorator to None, run_after=None
[2022-09-02 18:39:10,171] {processor.py:161} INFO - Processing /home/airflow/.local/lib/python3.7/site-packages/airflow/example_dags/example_dag_decorator.py took 0.743 seconds
