[2022-09-02 18:26:35,426] {processor.py:153} INFO - Started process (PID=149) to work on /home/airflow/.local/lib/python3.7/site-packages/airflow/example_dags/example_skip_dag.py
[2022-09-02 18:26:35,429] {processor.py:641} INFO - Processing file /home/airflow/.local/lib/python3.7/site-packages/airflow/example_dags/example_skip_dag.py for tasks to queue
[2022-09-02 18:26:35,431] {logging_mixin.py:115} INFO - [2022-09-02 18:26:35,431] {dagbag.py:508} INFO - Filling up the DagBag from /home/airflow/.local/lib/python3.7/site-packages/airflow/example_dags/example_skip_dag.py
[2022-09-02 18:26:35,513] {processor.py:651} INFO - DAG(s) dict_keys(['example_skip_dag']) retrieved from /home/airflow/.local/lib/python3.7/site-packages/airflow/example_dags/example_skip_dag.py
[2022-09-02 18:26:37,424] {logging_mixin.py:115} INFO - [2022-09-02 18:26:37,423] {manager.py:508} INFO - Created Permission View: can delete on DAG:example_skip_dag
[2022-09-02 18:26:37,501] {logging_mixin.py:115} INFO - [2022-09-02 18:26:37,501] {manager.py:508} INFO - Created Permission View: can edit on DAG:example_skip_dag
[2022-09-02 18:26:37,569] {logging_mixin.py:115} INFO - [2022-09-02 18:26:37,569] {manager.py:508} INFO - Created Permission View: can read on DAG:example_skip_dag
[2022-09-02 18:26:37,575] {logging_mixin.py:115} INFO - [2022-09-02 18:26:37,574] {dag.py:2420} INFO - Sync 1 DAGs
[2022-09-02 18:26:37,654] {logging_mixin.py:115} INFO - [2022-09-02 18:26:37,654] {dag.py:2439} INFO - Creating ORM DAG for example_skip_dag
[2022-09-02 18:26:37,795] {logging_mixin.py:115} INFO - [2022-09-02 18:26:37,795] {dag.py:2972} INFO - Setting next_dagrun for example_skip_dag to 2022-09-01T18:26:37.792063+00:00, run_after=2022-09-02T18:26:37.792063+00:00
[2022-09-02 18:26:37,874] {processor.py:161} INFO - Processing /home/airflow/.local/lib/python3.7/site-packages/airflow/example_dags/example_skip_dag.py took 2.477 seconds
[2022-09-02 18:27:08,389] {processor.py:153} INFO - Started process (PID=203) to work on /home/airflow/.local/lib/python3.7/site-packages/airflow/example_dags/example_skip_dag.py
[2022-09-02 18:27:08,392] {processor.py:641} INFO - Processing file /home/airflow/.local/lib/python3.7/site-packages/airflow/example_dags/example_skip_dag.py for tasks to queue
[2022-09-02 18:27:08,397] {logging_mixin.py:115} INFO - [2022-09-02 18:27:08,397] {dagbag.py:508} INFO - Filling up the DagBag from /home/airflow/.local/lib/python3.7/site-packages/airflow/example_dags/example_skip_dag.py
[2022-09-02 18:27:08,416] {processor.py:651} INFO - DAG(s) dict_keys(['example_skip_dag']) retrieved from /home/airflow/.local/lib/python3.7/site-packages/airflow/example_dags/example_skip_dag.py
[2022-09-02 18:27:08,851] {logging_mixin.py:115} INFO - [2022-09-02 18:27:08,851] {dag.py:2420} INFO - Sync 1 DAGs
[2022-09-02 18:27:08,923] {logging_mixin.py:115} INFO - [2022-09-02 18:27:08,922] {dag.py:2972} INFO - Setting next_dagrun for example_skip_dag to 2022-09-01T18:27:08.922258+00:00, run_after=2022-09-02T18:27:08.922258+00:00
[2022-09-02 18:27:08,963] {processor.py:161} INFO - Processing /home/airflow/.local/lib/python3.7/site-packages/airflow/example_dags/example_skip_dag.py took 0.593 seconds
[2022-09-02 18:27:39,814] {processor.py:153} INFO - Started process (PID=256) to work on /home/airflow/.local/lib/python3.7/site-packages/airflow/example_dags/example_skip_dag.py
[2022-09-02 18:27:39,816] {processor.py:641} INFO - Processing file /home/airflow/.local/lib/python3.7/site-packages/airflow/example_dags/example_skip_dag.py for tasks to queue
[2022-09-02 18:27:39,819] {logging_mixin.py:115} INFO - [2022-09-02 18:27:39,818] {dagbag.py:508} INFO - Filling up the DagBag from /home/airflow/.local/lib/python3.7/site-packages/airflow/example_dags/example_skip_dag.py
[2022-09-02 18:27:39,833] {processor.py:651} INFO - DAG(s) dict_keys(['example_skip_dag']) retrieved from /home/airflow/.local/lib/python3.7/site-packages/airflow/example_dags/example_skip_dag.py
[2022-09-02 18:27:40,091] {logging_mixin.py:115} INFO - [2022-09-02 18:27:40,090] {dag.py:2420} INFO - Sync 1 DAGs
[2022-09-02 18:27:40,145] {logging_mixin.py:115} INFO - [2022-09-02 18:27:40,144] {dag.py:2972} INFO - Setting next_dagrun for example_skip_dag to 2022-09-01T18:27:40.143615+00:00, run_after=2022-09-02T18:27:40.143615+00:00
[2022-09-02 18:27:40,178] {processor.py:161} INFO - Processing /home/airflow/.local/lib/python3.7/site-packages/airflow/example_dags/example_skip_dag.py took 0.376 seconds
[2022-09-02 18:28:10,902] {processor.py:153} INFO - Started process (PID=310) to work on /home/airflow/.local/lib/python3.7/site-packages/airflow/example_dags/example_skip_dag.py
[2022-09-02 18:28:10,904] {processor.py:641} INFO - Processing file /home/airflow/.local/lib/python3.7/site-packages/airflow/example_dags/example_skip_dag.py for tasks to queue
[2022-09-02 18:28:10,906] {logging_mixin.py:115} INFO - [2022-09-02 18:28:10,906] {dagbag.py:508} INFO - Filling up the DagBag from /home/airflow/.local/lib/python3.7/site-packages/airflow/example_dags/example_skip_dag.py
[2022-09-02 18:28:10,920] {processor.py:651} INFO - DAG(s) dict_keys(['example_skip_dag']) retrieved from /home/airflow/.local/lib/python3.7/site-packages/airflow/example_dags/example_skip_dag.py
[2022-09-02 18:28:11,203] {logging_mixin.py:115} INFO - [2022-09-02 18:28:11,203] {dag.py:2420} INFO - Sync 1 DAGs
[2022-09-02 18:28:11,248] {logging_mixin.py:115} INFO - [2022-09-02 18:28:11,248] {dag.py:2972} INFO - Setting next_dagrun for example_skip_dag to 2022-09-01T18:28:11.248078+00:00, run_after=2022-09-02T18:28:11.248078+00:00
[2022-09-02 18:28:11,275] {processor.py:161} INFO - Processing /home/airflow/.local/lib/python3.7/site-packages/airflow/example_dags/example_skip_dag.py took 0.380 seconds
[2022-09-02 18:28:41,637] {processor.py:153} INFO - Started process (PID=367) to work on /home/airflow/.local/lib/python3.7/site-packages/airflow/example_dags/example_skip_dag.py
[2022-09-02 18:28:41,639] {processor.py:641} INFO - Processing file /home/airflow/.local/lib/python3.7/site-packages/airflow/example_dags/example_skip_dag.py for tasks to queue
[2022-09-02 18:28:41,642] {logging_mixin.py:115} INFO - [2022-09-02 18:28:41,642] {dagbag.py:508} INFO - Filling up the DagBag from /home/airflow/.local/lib/python3.7/site-packages/airflow/example_dags/example_skip_dag.py
[2022-09-02 18:28:41,658] {processor.py:651} INFO - DAG(s) dict_keys(['example_skip_dag']) retrieved from /home/airflow/.local/lib/python3.7/site-packages/airflow/example_dags/example_skip_dag.py
[2022-09-02 18:28:41,906] {logging_mixin.py:115} INFO - [2022-09-02 18:28:41,906] {dag.py:2420} INFO - Sync 1 DAGs
[2022-09-02 18:28:41,949] {logging_mixin.py:115} INFO - [2022-09-02 18:28:41,949] {dag.py:2972} INFO - Setting next_dagrun for example_skip_dag to 2022-09-01T18:28:41.949352+00:00, run_after=2022-09-02T18:28:41.949352+00:00
[2022-09-02 18:28:41,978] {processor.py:161} INFO - Processing /home/airflow/.local/lib/python3.7/site-packages/airflow/example_dags/example_skip_dag.py took 0.352 seconds
[2022-09-02 18:29:12,262] {processor.py:153} INFO - Started process (PID=421) to work on /home/airflow/.local/lib/python3.7/site-packages/airflow/example_dags/example_skip_dag.py
[2022-09-02 18:29:12,269] {processor.py:641} INFO - Processing file /home/airflow/.local/lib/python3.7/site-packages/airflow/example_dags/example_skip_dag.py for tasks to queue
[2022-09-02 18:29:12,281] {logging_mixin.py:115} INFO - [2022-09-02 18:29:12,280] {dagbag.py:508} INFO - Filling up the DagBag from /home/airflow/.local/lib/python3.7/site-packages/airflow/example_dags/example_skip_dag.py
[2022-09-02 18:29:12,322] {processor.py:651} INFO - DAG(s) dict_keys(['example_skip_dag']) retrieved from /home/airflow/.local/lib/python3.7/site-packages/airflow/example_dags/example_skip_dag.py
[2022-09-02 18:29:13,047] {logging_mixin.py:115} INFO - [2022-09-02 18:29:13,046] {dag.py:2420} INFO - Sync 1 DAGs
[2022-09-02 18:29:13,209] {logging_mixin.py:115} INFO - [2022-09-02 18:29:13,205] {dag.py:2972} INFO - Setting next_dagrun for example_skip_dag to 2022-09-01T18:29:13.204953+00:00, run_after=2022-09-02T18:29:13.204953+00:00
[2022-09-02 18:29:13,314] {processor.py:161} INFO - Processing /home/airflow/.local/lib/python3.7/site-packages/airflow/example_dags/example_skip_dag.py took 1.062 seconds
[2022-09-02 18:29:44,282] {processor.py:153} INFO - Started process (PID=473) to work on /home/airflow/.local/lib/python3.7/site-packages/airflow/example_dags/example_skip_dag.py
[2022-09-02 18:29:44,285] {processor.py:641} INFO - Processing file /home/airflow/.local/lib/python3.7/site-packages/airflow/example_dags/example_skip_dag.py for tasks to queue
[2022-09-02 18:29:44,287] {logging_mixin.py:115} INFO - [2022-09-02 18:29:44,287] {dagbag.py:508} INFO - Filling up the DagBag from /home/airflow/.local/lib/python3.7/site-packages/airflow/example_dags/example_skip_dag.py
[2022-09-02 18:29:44,298] {processor.py:651} INFO - DAG(s) dict_keys(['example_skip_dag']) retrieved from /home/airflow/.local/lib/python3.7/site-packages/airflow/example_dags/example_skip_dag.py
[2022-09-02 18:29:44,517] {logging_mixin.py:115} INFO - [2022-09-02 18:29:44,517] {dag.py:2420} INFO - Sync 1 DAGs
[2022-09-02 18:29:44,548] {logging_mixin.py:115} INFO - [2022-09-02 18:29:44,548] {dag.py:2972} INFO - Setting next_dagrun for example_skip_dag to 2022-09-01T18:29:44.548336+00:00, run_after=2022-09-02T18:29:44.548336+00:00
[2022-09-02 18:29:44,576] {processor.py:161} INFO - Processing /home/airflow/.local/lib/python3.7/site-packages/airflow/example_dags/example_skip_dag.py took 0.301 seconds
[2022-09-02 18:30:15,241] {processor.py:153} INFO - Started process (PID=529) to work on /home/airflow/.local/lib/python3.7/site-packages/airflow/example_dags/example_skip_dag.py
[2022-09-02 18:30:15,245] {processor.py:641} INFO - Processing file /home/airflow/.local/lib/python3.7/site-packages/airflow/example_dags/example_skip_dag.py for tasks to queue
[2022-09-02 18:30:15,251] {logging_mixin.py:115} INFO - [2022-09-02 18:30:15,251] {dagbag.py:508} INFO - Filling up the DagBag from /home/airflow/.local/lib/python3.7/site-packages/airflow/example_dags/example_skip_dag.py
[2022-09-02 18:30:15,279] {processor.py:651} INFO - DAG(s) dict_keys(['example_skip_dag']) retrieved from /home/airflow/.local/lib/python3.7/site-packages/airflow/example_dags/example_skip_dag.py
[2022-09-02 18:30:15,783] {logging_mixin.py:115} INFO - [2022-09-02 18:30:15,783] {dag.py:2420} INFO - Sync 1 DAGs
[2022-09-02 18:30:15,918] {logging_mixin.py:115} INFO - [2022-09-02 18:30:15,918] {dag.py:2972} INFO - Setting next_dagrun for example_skip_dag to 2022-09-01T18:30:15.917756+00:00, run_after=2022-09-02T18:30:15.917756+00:00
[2022-09-02 18:30:15,974] {processor.py:161} INFO - Processing /home/airflow/.local/lib/python3.7/site-packages/airflow/example_dags/example_skip_dag.py took 0.750 seconds
[2022-09-02 18:30:46,319] {processor.py:153} INFO - Started process (PID=585) to work on /home/airflow/.local/lib/python3.7/site-packages/airflow/example_dags/example_skip_dag.py
[2022-09-02 18:30:46,322] {processor.py:641} INFO - Processing file /home/airflow/.local/lib/python3.7/site-packages/airflow/example_dags/example_skip_dag.py for tasks to queue
[2022-09-02 18:30:46,329] {logging_mixin.py:115} INFO - [2022-09-02 18:30:46,329] {dagbag.py:508} INFO - Filling up the DagBag from /home/airflow/.local/lib/python3.7/site-packages/airflow/example_dags/example_skip_dag.py
[2022-09-02 18:30:46,353] {processor.py:651} INFO - DAG(s) dict_keys(['example_skip_dag']) retrieved from /home/airflow/.local/lib/python3.7/site-packages/airflow/example_dags/example_skip_dag.py
[2022-09-02 18:30:46,917] {logging_mixin.py:115} INFO - [2022-09-02 18:30:46,917] {dag.py:2420} INFO - Sync 1 DAGs
[2022-09-02 18:30:46,977] {logging_mixin.py:115} INFO - [2022-09-02 18:30:46,977] {dag.py:2972} INFO - Setting next_dagrun for example_skip_dag to 2022-09-01T18:30:46.977259+00:00, run_after=2022-09-02T18:30:46.977259+00:00
[2022-09-02 18:30:47,017] {processor.py:161} INFO - Processing /home/airflow/.local/lib/python3.7/site-packages/airflow/example_dags/example_skip_dag.py took 0.749 seconds
[2022-09-02 18:31:17,954] {processor.py:153} INFO - Started process (PID=638) to work on /home/airflow/.local/lib/python3.7/site-packages/airflow/example_dags/example_skip_dag.py
[2022-09-02 18:31:17,961] {processor.py:641} INFO - Processing file /home/airflow/.local/lib/python3.7/site-packages/airflow/example_dags/example_skip_dag.py for tasks to queue
[2022-09-02 18:31:17,968] {logging_mixin.py:115} INFO - [2022-09-02 18:31:17,968] {dagbag.py:508} INFO - Filling up the DagBag from /home/airflow/.local/lib/python3.7/site-packages/airflow/example_dags/example_skip_dag.py
[2022-09-02 18:31:17,993] {processor.py:651} INFO - DAG(s) dict_keys(['example_skip_dag']) retrieved from /home/airflow/.local/lib/python3.7/site-packages/airflow/example_dags/example_skip_dag.py
[2022-09-02 18:31:18,849] {logging_mixin.py:115} INFO - [2022-09-02 18:31:18,849] {dag.py:2420} INFO - Sync 1 DAGs
[2022-09-02 18:31:18,918] {logging_mixin.py:115} INFO - [2022-09-02 18:31:18,917] {dag.py:2972} INFO - Setting next_dagrun for example_skip_dag to 2022-09-01T18:31:18.916908+00:00, run_after=2022-09-02T18:31:18.916908+00:00
[2022-09-02 18:31:19,002] {processor.py:161} INFO - Processing /home/airflow/.local/lib/python3.7/site-packages/airflow/example_dags/example_skip_dag.py took 1.057 seconds
[2022-09-02 18:31:49,219] {processor.py:153} INFO - Started process (PID=694) to work on /home/airflow/.local/lib/python3.7/site-packages/airflow/example_dags/example_skip_dag.py
[2022-09-02 18:31:49,223] {processor.py:641} INFO - Processing file /home/airflow/.local/lib/python3.7/site-packages/airflow/example_dags/example_skip_dag.py for tasks to queue
[2022-09-02 18:31:49,226] {logging_mixin.py:115} INFO - [2022-09-02 18:31:49,225] {dagbag.py:508} INFO - Filling up the DagBag from /home/airflow/.local/lib/python3.7/site-packages/airflow/example_dags/example_skip_dag.py
[2022-09-02 18:31:49,244] {processor.py:651} INFO - DAG(s) dict_keys(['example_skip_dag']) retrieved from /home/airflow/.local/lib/python3.7/site-packages/airflow/example_dags/example_skip_dag.py
[2022-09-02 18:31:49,320] {logging_mixin.py:115} INFO - [2022-09-02 18:31:49,319] {dag.py:2420} INFO - Sync 1 DAGs
[2022-09-02 18:31:49,371] {logging_mixin.py:115} INFO - [2022-09-02 18:31:49,370] {dag.py:2972} INFO - Setting next_dagrun for example_skip_dag to 2022-09-01T18:31:49.370417+00:00, run_after=2022-09-02T18:31:49.370417+00:00
[2022-09-02 18:31:49,413] {processor.py:161} INFO - Processing /home/airflow/.local/lib/python3.7/site-packages/airflow/example_dags/example_skip_dag.py took 0.202 seconds
[2022-09-02 18:32:23,746] {processor.py:153} INFO - Started process (PID=748) to work on /home/airflow/.local/lib/python3.7/site-packages/airflow/example_dags/example_skip_dag.py
[2022-09-02 18:32:23,758] {processor.py:641} INFO - Processing file /home/airflow/.local/lib/python3.7/site-packages/airflow/example_dags/example_skip_dag.py for tasks to queue
[2022-09-02 18:32:23,768] {logging_mixin.py:115} INFO - [2022-09-02 18:32:23,768] {dagbag.py:508} INFO - Filling up the DagBag from /home/airflow/.local/lib/python3.7/site-packages/airflow/example_dags/example_skip_dag.py
[2022-09-02 18:32:23,886] {processor.py:651} INFO - DAG(s) dict_keys(['example_skip_dag']) retrieved from /home/airflow/.local/lib/python3.7/site-packages/airflow/example_dags/example_skip_dag.py
[2022-09-02 18:32:23,985] {logging_mixin.py:115} INFO - [2022-09-02 18:32:23,985] {dag.py:2420} INFO - Sync 1 DAGs
[2022-09-02 18:32:24,063] {logging_mixin.py:115} INFO - [2022-09-02 18:32:24,063] {dag.py:2972} INFO - Setting next_dagrun for example_skip_dag to 2022-09-01T18:32:24.062338+00:00, run_after=2022-09-02T18:32:24.062338+00:00
[2022-09-02 18:32:24,129] {processor.py:161} INFO - Processing /home/airflow/.local/lib/python3.7/site-packages/airflow/example_dags/example_skip_dag.py took 0.414 seconds
[2022-09-02 18:32:56,239] {processor.py:153} INFO - Started process (PID=813) to work on /home/airflow/.local/lib/python3.7/site-packages/airflow/example_dags/example_skip_dag.py
[2022-09-02 18:32:56,251] {processor.py:641} INFO - Processing file /home/airflow/.local/lib/python3.7/site-packages/airflow/example_dags/example_skip_dag.py for tasks to queue
[2022-09-02 18:32:56,284] {logging_mixin.py:115} INFO - [2022-09-02 18:32:56,284] {dagbag.py:508} INFO - Filling up the DagBag from /home/airflow/.local/lib/python3.7/site-packages/airflow/example_dags/example_skip_dag.py
[2022-09-02 18:32:56,404] {processor.py:651} INFO - DAG(s) dict_keys(['example_skip_dag']) retrieved from /home/airflow/.local/lib/python3.7/site-packages/airflow/example_dags/example_skip_dag.py
[2022-09-02 18:32:56,916] {logging_mixin.py:115} INFO - [2022-09-02 18:32:56,915] {dag.py:2420} INFO - Sync 1 DAGs
[2022-09-02 18:32:57,057] {logging_mixin.py:115} INFO - [2022-09-02 18:32:57,057] {dag.py:2972} INFO - Setting next_dagrun for example_skip_dag to 2022-09-01T18:32:57.056670+00:00, run_after=2022-09-02T18:32:57.056670+00:00
[2022-09-02 18:32:57,173] {processor.py:161} INFO - Processing /home/airflow/.local/lib/python3.7/site-packages/airflow/example_dags/example_skip_dag.py took 1.035 seconds
[2022-09-02 18:33:27,566] {processor.py:153} INFO - Started process (PID=861) to work on /home/airflow/.local/lib/python3.7/site-packages/airflow/example_dags/example_skip_dag.py
[2022-09-02 18:33:27,568] {processor.py:641} INFO - Processing file /home/airflow/.local/lib/python3.7/site-packages/airflow/example_dags/example_skip_dag.py for tasks to queue
[2022-09-02 18:33:27,570] {logging_mixin.py:115} INFO - [2022-09-02 18:33:27,570] {dagbag.py:508} INFO - Filling up the DagBag from /home/airflow/.local/lib/python3.7/site-packages/airflow/example_dags/example_skip_dag.py
[2022-09-02 18:33:27,605] {processor.py:651} INFO - DAG(s) dict_keys(['example_skip_dag']) retrieved from /home/airflow/.local/lib/python3.7/site-packages/airflow/example_dags/example_skip_dag.py
[2022-09-02 18:33:27,682] {logging_mixin.py:115} INFO - [2022-09-02 18:33:27,681] {dag.py:2420} INFO - Sync 1 DAGs
[2022-09-02 18:33:27,737] {logging_mixin.py:115} INFO - [2022-09-02 18:33:27,737] {dag.py:2972} INFO - Setting next_dagrun for example_skip_dag to 2022-09-01T18:33:27.736749+00:00, run_after=2022-09-02T18:33:27.736749+00:00
[2022-09-02 18:33:27,777] {processor.py:161} INFO - Processing /home/airflow/.local/lib/python3.7/site-packages/airflow/example_dags/example_skip_dag.py took 0.221 seconds
[2022-09-02 18:33:57,920] {processor.py:153} INFO - Started process (PID=915) to work on /home/airflow/.local/lib/python3.7/site-packages/airflow/example_dags/example_skip_dag.py
[2022-09-02 18:33:57,923] {processor.py:641} INFO - Processing file /home/airflow/.local/lib/python3.7/site-packages/airflow/example_dags/example_skip_dag.py for tasks to queue
[2022-09-02 18:33:57,927] {logging_mixin.py:115} INFO - [2022-09-02 18:33:57,926] {dagbag.py:508} INFO - Filling up the DagBag from /home/airflow/.local/lib/python3.7/site-packages/airflow/example_dags/example_skip_dag.py
[2022-09-02 18:33:57,938] {processor.py:651} INFO - DAG(s) dict_keys(['example_skip_dag']) retrieved from /home/airflow/.local/lib/python3.7/site-packages/airflow/example_dags/example_skip_dag.py
[2022-09-02 18:33:58,010] {logging_mixin.py:115} INFO - [2022-09-02 18:33:58,009] {dag.py:2420} INFO - Sync 1 DAGs
[2022-09-02 18:33:58,047] {logging_mixin.py:115} INFO - [2022-09-02 18:33:58,047] {dag.py:2972} INFO - Setting next_dagrun for example_skip_dag to 2022-09-01T18:33:58.047032+00:00, run_after=2022-09-02T18:33:58.047032+00:00
[2022-09-02 18:33:58,075] {processor.py:161} INFO - Processing /home/airflow/.local/lib/python3.7/site-packages/airflow/example_dags/example_skip_dag.py took 0.165 seconds
[2022-09-02 18:34:28,708] {processor.py:153} INFO - Started process (PID=970) to work on /home/airflow/.local/lib/python3.7/site-packages/airflow/example_dags/example_skip_dag.py
[2022-09-02 18:34:28,711] {processor.py:641} INFO - Processing file /home/airflow/.local/lib/python3.7/site-packages/airflow/example_dags/example_skip_dag.py for tasks to queue
[2022-09-02 18:34:28,714] {logging_mixin.py:115} INFO - [2022-09-02 18:34:28,713] {dagbag.py:508} INFO - Filling up the DagBag from /home/airflow/.local/lib/python3.7/site-packages/airflow/example_dags/example_skip_dag.py
[2022-09-02 18:34:28,729] {processor.py:651} INFO - DAG(s) dict_keys(['example_skip_dag']) retrieved from /home/airflow/.local/lib/python3.7/site-packages/airflow/example_dags/example_skip_dag.py
[2022-09-02 18:34:28,808] {logging_mixin.py:115} INFO - [2022-09-02 18:34:28,808] {dag.py:2420} INFO - Sync 1 DAGs
[2022-09-02 18:34:28,861] {logging_mixin.py:115} INFO - [2022-09-02 18:34:28,860] {dag.py:2972} INFO - Setting next_dagrun for example_skip_dag to 2022-09-01T18:34:28.860128+00:00, run_after=2022-09-02T18:34:28.860128+00:00
[2022-09-02 18:34:28,899] {processor.py:161} INFO - Processing /home/airflow/.local/lib/python3.7/site-packages/airflow/example_dags/example_skip_dag.py took 0.200 seconds
[2022-09-02 18:35:27,969] {processor.py:153} INFO - Started process (PID=1039) to work on /home/airflow/.local/lib/python3.7/site-packages/airflow/example_dags/example_skip_dag.py
[2022-09-02 18:35:27,973] {processor.py:641} INFO - Processing file /home/airflow/.local/lib/python3.7/site-packages/airflow/example_dags/example_skip_dag.py for tasks to queue
[2022-09-02 18:35:27,981] {logging_mixin.py:115} INFO - [2022-09-02 18:35:27,980] {dagbag.py:508} INFO - Filling up the DagBag from /home/airflow/.local/lib/python3.7/site-packages/airflow/example_dags/example_skip_dag.py
[2022-09-02 18:35:28,060] {processor.py:651} INFO - DAG(s) dict_keys(['example_skip_dag']) retrieved from /home/airflow/.local/lib/python3.7/site-packages/airflow/example_dags/example_skip_dag.py
[2022-09-02 18:35:28,157] {logging_mixin.py:115} INFO - [2022-09-02 18:35:28,157] {dag.py:2420} INFO - Sync 1 DAGs
[2022-09-02 18:35:28,239] {logging_mixin.py:115} INFO - [2022-09-02 18:35:28,238] {dag.py:2972} INFO - Setting next_dagrun for example_skip_dag to 2022-09-01T18:35:28.237021+00:00, run_after=2022-09-02T18:35:28.237021+00:00
[2022-09-02 18:35:28,293] {processor.py:161} INFO - Processing /home/airflow/.local/lib/python3.7/site-packages/airflow/example_dags/example_skip_dag.py took 0.382 seconds
[2022-09-02 18:35:59,245] {processor.py:153} INFO - Started process (PID=1085) to work on /home/airflow/.local/lib/python3.7/site-packages/airflow/example_dags/example_skip_dag.py
[2022-09-02 18:35:59,250] {processor.py:641} INFO - Processing file /home/airflow/.local/lib/python3.7/site-packages/airflow/example_dags/example_skip_dag.py for tasks to queue
[2022-09-02 18:35:59,257] {logging_mixin.py:115} INFO - [2022-09-02 18:35:59,257] {dagbag.py:508} INFO - Filling up the DagBag from /home/airflow/.local/lib/python3.7/site-packages/airflow/example_dags/example_skip_dag.py
[2022-09-02 18:35:59,289] {processor.py:651} INFO - DAG(s) dict_keys(['example_skip_dag']) retrieved from /home/airflow/.local/lib/python3.7/site-packages/airflow/example_dags/example_skip_dag.py
[2022-09-02 18:35:59,477] {logging_mixin.py:115} INFO - [2022-09-02 18:35:59,476] {dag.py:2420} INFO - Sync 1 DAGs
[2022-09-02 18:35:59,855] {logging_mixin.py:115} INFO - [2022-09-02 18:35:59,854] {dag.py:2972} INFO - Setting next_dagrun for example_skip_dag to 2022-09-01T18:35:59.852060+00:00, run_after=2022-09-02T18:35:59.852060+00:00
[2022-09-02 18:36:00,056] {processor.py:161} INFO - Processing /home/airflow/.local/lib/python3.7/site-packages/airflow/example_dags/example_skip_dag.py took 0.828 seconds
[2022-09-02 18:36:30,799] {processor.py:153} INFO - Started process (PID=1140) to work on /home/airflow/.local/lib/python3.7/site-packages/airflow/example_dags/example_skip_dag.py
[2022-09-02 18:36:30,803] {processor.py:641} INFO - Processing file /home/airflow/.local/lib/python3.7/site-packages/airflow/example_dags/example_skip_dag.py for tasks to queue
[2022-09-02 18:36:30,806] {logging_mixin.py:115} INFO - [2022-09-02 18:36:30,805] {dagbag.py:508} INFO - Filling up the DagBag from /home/airflow/.local/lib/python3.7/site-packages/airflow/example_dags/example_skip_dag.py
[2022-09-02 18:36:30,820] {processor.py:651} INFO - DAG(s) dict_keys(['example_skip_dag']) retrieved from /home/airflow/.local/lib/python3.7/site-packages/airflow/example_dags/example_skip_dag.py
[2022-09-02 18:36:30,900] {logging_mixin.py:115} INFO - [2022-09-02 18:36:30,900] {dag.py:2420} INFO - Sync 1 DAGs
[2022-09-02 18:36:30,957] {logging_mixin.py:115} INFO - [2022-09-02 18:36:30,957] {dag.py:2972} INFO - Setting next_dagrun for example_skip_dag to 2022-09-01T18:36:30.957085+00:00, run_after=2022-09-02T18:36:30.957085+00:00
[2022-09-02 18:36:30,985] {processor.py:161} INFO - Processing /home/airflow/.local/lib/python3.7/site-packages/airflow/example_dags/example_skip_dag.py took 0.199 seconds
[2022-09-02 18:37:04,474] {processor.py:153} INFO - Started process (PID=1195) to work on /home/airflow/.local/lib/python3.7/site-packages/airflow/example_dags/example_skip_dag.py
[2022-09-02 18:37:04,481] {processor.py:641} INFO - Processing file /home/airflow/.local/lib/python3.7/site-packages/airflow/example_dags/example_skip_dag.py for tasks to queue
[2022-09-02 18:37:04,488] {logging_mixin.py:115} INFO - [2022-09-02 18:37:04,488] {dagbag.py:508} INFO - Filling up the DagBag from /home/airflow/.local/lib/python3.7/site-packages/airflow/example_dags/example_skip_dag.py
[2022-09-02 18:37:04,538] {processor.py:651} INFO - DAG(s) dict_keys(['example_skip_dag']) retrieved from /home/airflow/.local/lib/python3.7/site-packages/airflow/example_dags/example_skip_dag.py
[2022-09-02 18:37:05,557] {logging_mixin.py:115} INFO - [2022-09-02 18:37:05,556] {dag.py:2420} INFO - Sync 1 DAGs
[2022-09-02 18:37:06,159] {logging_mixin.py:115} INFO - [2022-09-02 18:37:06,159] {dag.py:2972} INFO - Setting next_dagrun for example_skip_dag to 2022-09-01T18:37:06.158358+00:00, run_after=2022-09-02T18:37:06.158358+00:00
[2022-09-02 18:37:06,922] {processor.py:161} INFO - Processing /home/airflow/.local/lib/python3.7/site-packages/airflow/example_dags/example_skip_dag.py took 2.498 seconds
[2022-09-02 18:37:37,319] {processor.py:153} INFO - Started process (PID=1250) to work on /home/airflow/.local/lib/python3.7/site-packages/airflow/example_dags/example_skip_dag.py
[2022-09-02 18:37:37,325] {processor.py:641} INFO - Processing file /home/airflow/.local/lib/python3.7/site-packages/airflow/example_dags/example_skip_dag.py for tasks to queue
[2022-09-02 18:37:37,329] {logging_mixin.py:115} INFO - [2022-09-02 18:37:37,328] {dagbag.py:508} INFO - Filling up the DagBag from /home/airflow/.local/lib/python3.7/site-packages/airflow/example_dags/example_skip_dag.py
[2022-09-02 18:37:37,345] {processor.py:651} INFO - DAG(s) dict_keys(['example_skip_dag']) retrieved from /home/airflow/.local/lib/python3.7/site-packages/airflow/example_dags/example_skip_dag.py
[2022-09-02 18:37:37,470] {logging_mixin.py:115} INFO - [2022-09-02 18:37:37,469] {dag.py:2420} INFO - Sync 1 DAGs
[2022-09-02 18:37:37,558] {logging_mixin.py:115} INFO - [2022-09-02 18:37:37,557] {dag.py:2972} INFO - Setting next_dagrun for example_skip_dag to 2022-09-01T18:37:37.557298+00:00, run_after=2022-09-02T18:37:37.557298+00:00
[2022-09-02 18:37:37,626] {processor.py:161} INFO - Processing /home/airflow/.local/lib/python3.7/site-packages/airflow/example_dags/example_skip_dag.py took 0.317 seconds
[2022-09-02 18:38:08,020] {processor.py:153} INFO - Started process (PID=1305) to work on /home/airflow/.local/lib/python3.7/site-packages/airflow/example_dags/example_skip_dag.py
[2022-09-02 18:38:08,023] {processor.py:641} INFO - Processing file /home/airflow/.local/lib/python3.7/site-packages/airflow/example_dags/example_skip_dag.py for tasks to queue
[2022-09-02 18:38:08,026] {logging_mixin.py:115} INFO - [2022-09-02 18:38:08,025] {dagbag.py:508} INFO - Filling up the DagBag from /home/airflow/.local/lib/python3.7/site-packages/airflow/example_dags/example_skip_dag.py
[2022-09-02 18:38:08,039] {processor.py:651} INFO - DAG(s) dict_keys(['example_skip_dag']) retrieved from /home/airflow/.local/lib/python3.7/site-packages/airflow/example_dags/example_skip_dag.py
[2022-09-02 18:38:08,131] {logging_mixin.py:115} INFO - [2022-09-02 18:38:08,131] {dag.py:2420} INFO - Sync 1 DAGs
[2022-09-02 18:38:08,183] {logging_mixin.py:115} INFO - [2022-09-02 18:38:08,183] {dag.py:2972} INFO - Setting next_dagrun for example_skip_dag to 2022-09-01T18:38:08.181661+00:00, run_after=2022-09-02T18:38:08.181661+00:00
[2022-09-02 18:38:08,215] {processor.py:161} INFO - Processing /home/airflow/.local/lib/python3.7/site-packages/airflow/example_dags/example_skip_dag.py took 0.202 seconds
[2022-09-02 18:38:38,536] {processor.py:153} INFO - Started process (PID=1361) to work on /home/airflow/.local/lib/python3.7/site-packages/airflow/example_dags/example_skip_dag.py
[2022-09-02 18:38:38,540] {processor.py:641} INFO - Processing file /home/airflow/.local/lib/python3.7/site-packages/airflow/example_dags/example_skip_dag.py for tasks to queue
[2022-09-02 18:38:38,544] {logging_mixin.py:115} INFO - [2022-09-02 18:38:38,543] {dagbag.py:508} INFO - Filling up the DagBag from /home/airflow/.local/lib/python3.7/site-packages/airflow/example_dags/example_skip_dag.py
[2022-09-02 18:38:38,564] {processor.py:651} INFO - DAG(s) dict_keys(['example_skip_dag']) retrieved from /home/airflow/.local/lib/python3.7/site-packages/airflow/example_dags/example_skip_dag.py
[2022-09-02 18:38:38,646] {logging_mixin.py:115} INFO - [2022-09-02 18:38:38,645] {dag.py:2420} INFO - Sync 1 DAGs
[2022-09-02 18:38:38,714] {logging_mixin.py:115} INFO - [2022-09-02 18:38:38,713] {dag.py:2972} INFO - Setting next_dagrun for example_skip_dag to 2022-09-01T18:38:38.712636+00:00, run_after=2022-09-02T18:38:38.712636+00:00
[2022-09-02 18:38:38,752] {processor.py:161} INFO - Processing /home/airflow/.local/lib/python3.7/site-packages/airflow/example_dags/example_skip_dag.py took 0.227 seconds
[2022-09-02 18:39:09,456] {processor.py:153} INFO - Started process (PID=1414) to work on /home/airflow/.local/lib/python3.7/site-packages/airflow/example_dags/example_skip_dag.py
[2022-09-02 18:39:09,459] {processor.py:641} INFO - Processing file /home/airflow/.local/lib/python3.7/site-packages/airflow/example_dags/example_skip_dag.py for tasks to queue
[2022-09-02 18:39:09,462] {logging_mixin.py:115} INFO - [2022-09-02 18:39:09,461] {dagbag.py:508} INFO - Filling up the DagBag from /home/airflow/.local/lib/python3.7/site-packages/airflow/example_dags/example_skip_dag.py
[2022-09-02 18:39:09,480] {processor.py:651} INFO - DAG(s) dict_keys(['example_skip_dag']) retrieved from /home/airflow/.local/lib/python3.7/site-packages/airflow/example_dags/example_skip_dag.py
[2022-09-02 18:39:09,598] {logging_mixin.py:115} INFO - [2022-09-02 18:39:09,598] {dag.py:2420} INFO - Sync 1 DAGs
[2022-09-02 18:39:09,688] {logging_mixin.py:115} INFO - [2022-09-02 18:39:09,687] {dag.py:2972} INFO - Setting next_dagrun for example_skip_dag to 2022-09-01T18:39:09.687221+00:00, run_after=2022-09-02T18:39:09.687221+00:00
[2022-09-02 18:39:09,810] {processor.py:161} INFO - Processing /home/airflow/.local/lib/python3.7/site-packages/airflow/example_dags/example_skip_dag.py took 0.369 seconds
