[2022-09-02 18:26:22,923] {processor.py:153} INFO - Started process (PID=125) to work on /home/airflow/.local/lib/python3.7/site-packages/airflow/example_dags/example_latest_only_with_trigger.py
[2022-09-02 18:26:22,926] {processor.py:641} INFO - Processing file /home/airflow/.local/lib/python3.7/site-packages/airflow/example_dags/example_latest_only_with_trigger.py for tasks to queue
[2022-09-02 18:26:22,930] {logging_mixin.py:115} INFO - [2022-09-02 18:26:22,929] {dagbag.py:508} INFO - Filling up the DagBag from /home/airflow/.local/lib/python3.7/site-packages/airflow/example_dags/example_latest_only_with_trigger.py
[2022-09-02 18:26:22,972] {processor.py:651} INFO - DAG(s) dict_keys(['latest_only_with_trigger']) retrieved from /home/airflow/.local/lib/python3.7/site-packages/airflow/example_dags/example_latest_only_with_trigger.py
[2022-09-02 18:26:23,783] {logging_mixin.py:115} INFO - [2022-09-02 18:26:23,783] {manager.py:508} INFO - Created Permission View: can delete on DAG:latest_only_with_trigger
[2022-09-02 18:26:23,820] {logging_mixin.py:115} INFO - [2022-09-02 18:26:23,820] {manager.py:508} INFO - Created Permission View: can edit on DAG:latest_only_with_trigger
[2022-09-02 18:26:23,864] {logging_mixin.py:115} INFO - [2022-09-02 18:26:23,864] {manager.py:508} INFO - Created Permission View: can read on DAG:latest_only_with_trigger
[2022-09-02 18:26:23,867] {logging_mixin.py:115} INFO - [2022-09-02 18:26:23,867] {dag.py:2420} INFO - Sync 1 DAGs
[2022-09-02 18:26:23,909] {logging_mixin.py:115} INFO - [2022-09-02 18:26:23,909] {dag.py:2439} INFO - Creating ORM DAG for latest_only_with_trigger
[2022-09-02 18:26:23,987] {logging_mixin.py:115} INFO - [2022-09-02 18:26:23,986] {dag.py:2972} INFO - Setting next_dagrun for latest_only_with_trigger to 2022-09-02T14:26:23.986651+00:00, run_after=2022-09-02T18:26:23.986651+00:00
[2022-09-02 18:26:24,052] {processor.py:161} INFO - Processing /home/airflow/.local/lib/python3.7/site-packages/airflow/example_dags/example_latest_only_with_trigger.py took 1.137 seconds
[2022-09-02 18:26:54,146] {processor.py:153} INFO - Started process (PID=180) to work on /home/airflow/.local/lib/python3.7/site-packages/airflow/example_dags/example_latest_only_with_trigger.py
[2022-09-02 18:26:54,149] {processor.py:641} INFO - Processing file /home/airflow/.local/lib/python3.7/site-packages/airflow/example_dags/example_latest_only_with_trigger.py for tasks to queue
[2022-09-02 18:26:54,160] {logging_mixin.py:115} INFO - [2022-09-02 18:26:54,160] {dagbag.py:508} INFO - Filling up the DagBag from /home/airflow/.local/lib/python3.7/site-packages/airflow/example_dags/example_latest_only_with_trigger.py
[2022-09-02 18:26:54,175] {processor.py:651} INFO - DAG(s) dict_keys(['latest_only_with_trigger']) retrieved from /home/airflow/.local/lib/python3.7/site-packages/airflow/example_dags/example_latest_only_with_trigger.py
[2022-09-02 18:26:54,421] {logging_mixin.py:115} INFO - [2022-09-02 18:26:54,420] {dag.py:2420} INFO - Sync 1 DAGs
[2022-09-02 18:26:54,479] {logging_mixin.py:115} INFO - [2022-09-02 18:26:54,479] {dag.py:2972} INFO - Setting next_dagrun for latest_only_with_trigger to 2022-09-02T14:26:54.479026+00:00, run_after=2022-09-02T18:26:54.479026+00:00
[2022-09-02 18:26:54,518] {processor.py:161} INFO - Processing /home/airflow/.local/lib/python3.7/site-packages/airflow/example_dags/example_latest_only_with_trigger.py took 0.385 seconds
[2022-09-02 18:27:25,071] {processor.py:153} INFO - Started process (PID=234) to work on /home/airflow/.local/lib/python3.7/site-packages/airflow/example_dags/example_latest_only_with_trigger.py
[2022-09-02 18:27:25,075] {processor.py:641} INFO - Processing file /home/airflow/.local/lib/python3.7/site-packages/airflow/example_dags/example_latest_only_with_trigger.py for tasks to queue
[2022-09-02 18:27:25,078] {logging_mixin.py:115} INFO - [2022-09-02 18:27:25,078] {dagbag.py:508} INFO - Filling up the DagBag from /home/airflow/.local/lib/python3.7/site-packages/airflow/example_dags/example_latest_only_with_trigger.py
[2022-09-02 18:27:25,093] {processor.py:651} INFO - DAG(s) dict_keys(['latest_only_with_trigger']) retrieved from /home/airflow/.local/lib/python3.7/site-packages/airflow/example_dags/example_latest_only_with_trigger.py
[2022-09-02 18:27:25,432] {logging_mixin.py:115} INFO - [2022-09-02 18:27:25,432] {dag.py:2420} INFO - Sync 1 DAGs
[2022-09-02 18:27:25,545] {logging_mixin.py:115} INFO - [2022-09-02 18:27:25,545] {dag.py:2972} INFO - Setting next_dagrun for latest_only_with_trigger to 2022-09-02T14:27:25.544762+00:00, run_after=2022-09-02T18:27:25.544762+00:00
[2022-09-02 18:27:25,622] {processor.py:161} INFO - Processing /home/airflow/.local/lib/python3.7/site-packages/airflow/example_dags/example_latest_only_with_trigger.py took 0.568 seconds
[2022-09-02 18:27:56,563] {processor.py:153} INFO - Started process (PID=287) to work on /home/airflow/.local/lib/python3.7/site-packages/airflow/example_dags/example_latest_only_with_trigger.py
[2022-09-02 18:27:56,566] {processor.py:641} INFO - Processing file /home/airflow/.local/lib/python3.7/site-packages/airflow/example_dags/example_latest_only_with_trigger.py for tasks to queue
[2022-09-02 18:27:56,569] {logging_mixin.py:115} INFO - [2022-09-02 18:27:56,569] {dagbag.py:508} INFO - Filling up the DagBag from /home/airflow/.local/lib/python3.7/site-packages/airflow/example_dags/example_latest_only_with_trigger.py
[2022-09-02 18:27:56,584] {processor.py:651} INFO - DAG(s) dict_keys(['latest_only_with_trigger']) retrieved from /home/airflow/.local/lib/python3.7/site-packages/airflow/example_dags/example_latest_only_with_trigger.py
[2022-09-02 18:27:56,884] {logging_mixin.py:115} INFO - [2022-09-02 18:27:56,884] {dag.py:2420} INFO - Sync 1 DAGs
[2022-09-02 18:27:56,974] {logging_mixin.py:115} INFO - [2022-09-02 18:27:56,973] {dag.py:2972} INFO - Setting next_dagrun for latest_only_with_trigger to 2022-09-02T14:27:56.972809+00:00, run_after=2022-09-02T18:27:56.972809+00:00
[2022-09-02 18:27:57,017] {processor.py:161} INFO - Processing /home/airflow/.local/lib/python3.7/site-packages/airflow/example_dags/example_latest_only_with_trigger.py took 0.464 seconds
[2022-09-02 18:28:27,258] {processor.py:153} INFO - Started process (PID=343) to work on /home/airflow/.local/lib/python3.7/site-packages/airflow/example_dags/example_latest_only_with_trigger.py
[2022-09-02 18:28:27,262] {processor.py:641} INFO - Processing file /home/airflow/.local/lib/python3.7/site-packages/airflow/example_dags/example_latest_only_with_trigger.py for tasks to queue
[2022-09-02 18:28:27,267] {logging_mixin.py:115} INFO - [2022-09-02 18:28:27,267] {dagbag.py:508} INFO - Filling up the DagBag from /home/airflow/.local/lib/python3.7/site-packages/airflow/example_dags/example_latest_only_with_trigger.py
[2022-09-02 18:28:27,288] {processor.py:651} INFO - DAG(s) dict_keys(['latest_only_with_trigger']) retrieved from /home/airflow/.local/lib/python3.7/site-packages/airflow/example_dags/example_latest_only_with_trigger.py
[2022-09-02 18:28:27,611] {logging_mixin.py:115} INFO - [2022-09-02 18:28:27,611] {dag.py:2420} INFO - Sync 1 DAGs
[2022-09-02 18:28:27,653] {logging_mixin.py:115} INFO - [2022-09-02 18:28:27,653] {dag.py:2972} INFO - Setting next_dagrun for latest_only_with_trigger to 2022-09-02T14:28:27.652488+00:00, run_after=2022-09-02T18:28:27.652488+00:00
[2022-09-02 18:28:27,684] {processor.py:161} INFO - Processing /home/airflow/.local/lib/python3.7/site-packages/airflow/example_dags/example_latest_only_with_trigger.py took 0.439 seconds
[2022-09-02 18:28:58,114] {processor.py:153} INFO - Started process (PID=398) to work on /home/airflow/.local/lib/python3.7/site-packages/airflow/example_dags/example_latest_only_with_trigger.py
[2022-09-02 18:28:58,122] {processor.py:641} INFO - Processing file /home/airflow/.local/lib/python3.7/site-packages/airflow/example_dags/example_latest_only_with_trigger.py for tasks to queue
[2022-09-02 18:28:58,129] {logging_mixin.py:115} INFO - [2022-09-02 18:28:58,128] {dagbag.py:508} INFO - Filling up the DagBag from /home/airflow/.local/lib/python3.7/site-packages/airflow/example_dags/example_latest_only_with_trigger.py
[2022-09-02 18:28:58,171] {processor.py:651} INFO - DAG(s) dict_keys(['latest_only_with_trigger']) retrieved from /home/airflow/.local/lib/python3.7/site-packages/airflow/example_dags/example_latest_only_with_trigger.py
[2022-09-02 18:28:58,555] {logging_mixin.py:115} INFO - [2022-09-02 18:28:58,555] {dag.py:2420} INFO - Sync 1 DAGs
[2022-09-02 18:28:58,685] {logging_mixin.py:115} INFO - [2022-09-02 18:28:58,684] {dag.py:2972} INFO - Setting next_dagrun for latest_only_with_trigger to 2022-09-02T14:28:58.683853+00:00, run_after=2022-09-02T18:28:58.683853+00:00
[2022-09-02 18:28:58,748] {processor.py:161} INFO - Processing /home/airflow/.local/lib/python3.7/site-packages/airflow/example_dags/example_latest_only_with_trigger.py took 0.662 seconds
[2022-09-02 18:29:30,261] {processor.py:153} INFO - Started process (PID=452) to work on /home/airflow/.local/lib/python3.7/site-packages/airflow/example_dags/example_latest_only_with_trigger.py
[2022-09-02 18:29:30,266] {processor.py:641} INFO - Processing file /home/airflow/.local/lib/python3.7/site-packages/airflow/example_dags/example_latest_only_with_trigger.py for tasks to queue
[2022-09-02 18:29:30,270] {logging_mixin.py:115} INFO - [2022-09-02 18:29:30,269] {dagbag.py:508} INFO - Filling up the DagBag from /home/airflow/.local/lib/python3.7/site-packages/airflow/example_dags/example_latest_only_with_trigger.py
[2022-09-02 18:29:30,291] {processor.py:651} INFO - DAG(s) dict_keys(['latest_only_with_trigger']) retrieved from /home/airflow/.local/lib/python3.7/site-packages/airflow/example_dags/example_latest_only_with_trigger.py
[2022-09-02 18:29:31,024] {logging_mixin.py:115} INFO - [2022-09-02 18:29:31,022] {dag.py:2420} INFO - Sync 1 DAGs
[2022-09-02 18:29:31,327] {logging_mixin.py:115} INFO - [2022-09-02 18:29:31,327] {dag.py:2972} INFO - Setting next_dagrun for latest_only_with_trigger to 2022-09-02T14:29:31.326864+00:00, run_after=2022-09-02T18:29:31.326864+00:00
[2022-09-02 18:29:31,589] {processor.py:161} INFO - Processing /home/airflow/.local/lib/python3.7/site-packages/airflow/example_dags/example_latest_only_with_trigger.py took 1.336 seconds
[2022-09-02 18:30:02,073] {processor.py:153} INFO - Started process (PID=505) to work on /home/airflow/.local/lib/python3.7/site-packages/airflow/example_dags/example_latest_only_with_trigger.py
[2022-09-02 18:30:02,076] {processor.py:641} INFO - Processing file /home/airflow/.local/lib/python3.7/site-packages/airflow/example_dags/example_latest_only_with_trigger.py for tasks to queue
[2022-09-02 18:30:02,078] {logging_mixin.py:115} INFO - [2022-09-02 18:30:02,078] {dagbag.py:508} INFO - Filling up the DagBag from /home/airflow/.local/lib/python3.7/site-packages/airflow/example_dags/example_latest_only_with_trigger.py
[2022-09-02 18:30:02,094] {processor.py:651} INFO - DAG(s) dict_keys(['latest_only_with_trigger']) retrieved from /home/airflow/.local/lib/python3.7/site-packages/airflow/example_dags/example_latest_only_with_trigger.py
[2022-09-02 18:30:02,484] {logging_mixin.py:115} INFO - [2022-09-02 18:30:02,484] {dag.py:2420} INFO - Sync 1 DAGs
[2022-09-02 18:30:02,575] {logging_mixin.py:115} INFO - [2022-09-02 18:30:02,575] {dag.py:2972} INFO - Setting next_dagrun for latest_only_with_trigger to 2022-09-02T14:30:02.573659+00:00, run_after=2022-09-02T18:30:02.573659+00:00
[2022-09-02 18:30:02,623] {processor.py:161} INFO - Processing /home/airflow/.local/lib/python3.7/site-packages/airflow/example_dags/example_latest_only_with_trigger.py took 0.556 seconds
[2022-09-02 18:30:32,825] {processor.py:153} INFO - Started process (PID=561) to work on /home/airflow/.local/lib/python3.7/site-packages/airflow/example_dags/example_latest_only_with_trigger.py
[2022-09-02 18:30:32,827] {processor.py:641} INFO - Processing file /home/airflow/.local/lib/python3.7/site-packages/airflow/example_dags/example_latest_only_with_trigger.py for tasks to queue
[2022-09-02 18:30:32,830] {logging_mixin.py:115} INFO - [2022-09-02 18:30:32,829] {dagbag.py:508} INFO - Filling up the DagBag from /home/airflow/.local/lib/python3.7/site-packages/airflow/example_dags/example_latest_only_with_trigger.py
[2022-09-02 18:30:32,849] {processor.py:651} INFO - DAG(s) dict_keys(['latest_only_with_trigger']) retrieved from /home/airflow/.local/lib/python3.7/site-packages/airflow/example_dags/example_latest_only_with_trigger.py
[2022-09-02 18:30:33,285] {logging_mixin.py:115} INFO - [2022-09-02 18:30:33,284] {dag.py:2420} INFO - Sync 1 DAGs
[2022-09-02 18:30:33,340] {logging_mixin.py:115} INFO - [2022-09-02 18:30:33,339] {dag.py:2972} INFO - Setting next_dagrun for latest_only_with_trigger to 2022-09-02T14:30:33.338472+00:00, run_after=2022-09-02T18:30:33.338472+00:00
[2022-09-02 18:30:33,382] {processor.py:161} INFO - Processing /home/airflow/.local/lib/python3.7/site-packages/airflow/example_dags/example_latest_only_with_trigger.py took 0.565 seconds
[2022-09-02 18:31:03,596] {processor.py:153} INFO - Started process (PID=614) to work on /home/airflow/.local/lib/python3.7/site-packages/airflow/example_dags/example_latest_only_with_trigger.py
[2022-09-02 18:31:03,601] {processor.py:641} INFO - Processing file /home/airflow/.local/lib/python3.7/site-packages/airflow/example_dags/example_latest_only_with_trigger.py for tasks to queue
[2022-09-02 18:31:03,609] {logging_mixin.py:115} INFO - [2022-09-02 18:31:03,609] {dagbag.py:508} INFO - Filling up the DagBag from /home/airflow/.local/lib/python3.7/site-packages/airflow/example_dags/example_latest_only_with_trigger.py
[2022-09-02 18:31:03,631] {processor.py:651} INFO - DAG(s) dict_keys(['latest_only_with_trigger']) retrieved from /home/airflow/.local/lib/python3.7/site-packages/airflow/example_dags/example_latest_only_with_trigger.py
[2022-09-02 18:31:04,057] {logging_mixin.py:115} INFO - [2022-09-02 18:31:04,057] {dag.py:2420} INFO - Sync 1 DAGs
[2022-09-02 18:31:04,126] {logging_mixin.py:115} INFO - [2022-09-02 18:31:04,126] {dag.py:2972} INFO - Setting next_dagrun for latest_only_with_trigger to 2022-09-02T14:31:04.125836+00:00, run_after=2022-09-02T18:31:04.125836+00:00
[2022-09-02 18:31:04,166] {processor.py:161} INFO - Processing /home/airflow/.local/lib/python3.7/site-packages/airflow/example_dags/example_latest_only_with_trigger.py took 0.583 seconds
[2022-09-02 18:31:34,600] {processor.py:153} INFO - Started process (PID=671) to work on /home/airflow/.local/lib/python3.7/site-packages/airflow/example_dags/example_latest_only_with_trigger.py
[2022-09-02 18:31:34,603] {processor.py:641} INFO - Processing file /home/airflow/.local/lib/python3.7/site-packages/airflow/example_dags/example_latest_only_with_trigger.py for tasks to queue
[2022-09-02 18:31:34,605] {logging_mixin.py:115} INFO - [2022-09-02 18:31:34,605] {dagbag.py:508} INFO - Filling up the DagBag from /home/airflow/.local/lib/python3.7/site-packages/airflow/example_dags/example_latest_only_with_trigger.py
[2022-09-02 18:31:34,622] {processor.py:651} INFO - DAG(s) dict_keys(['latest_only_with_trigger']) retrieved from /home/airflow/.local/lib/python3.7/site-packages/airflow/example_dags/example_latest_only_with_trigger.py
[2022-09-02 18:31:34,721] {logging_mixin.py:115} INFO - [2022-09-02 18:31:34,720] {dag.py:2420} INFO - Sync 1 DAGs
[2022-09-02 18:31:34,834] {logging_mixin.py:115} INFO - [2022-09-02 18:31:34,834] {dag.py:2972} INFO - Setting next_dagrun for latest_only_with_trigger to 2022-09-02T14:31:34.833623+00:00, run_after=2022-09-02T18:31:34.833623+00:00
[2022-09-02 18:31:34,870] {processor.py:161} INFO - Processing /home/airflow/.local/lib/python3.7/site-packages/airflow/example_dags/example_latest_only_with_trigger.py took 0.278 seconds
[2022-09-02 18:32:08,183] {processor.py:153} INFO - Started process (PID=721) to work on /home/airflow/.local/lib/python3.7/site-packages/airflow/example_dags/example_latest_only_with_trigger.py
[2022-09-02 18:32:08,198] {processor.py:641} INFO - Processing file /home/airflow/.local/lib/python3.7/site-packages/airflow/example_dags/example_latest_only_with_trigger.py for tasks to queue
[2022-09-02 18:32:08,215] {logging_mixin.py:115} INFO - [2022-09-02 18:32:08,210] {dagbag.py:508} INFO - Filling up the DagBag from /home/airflow/.local/lib/python3.7/site-packages/airflow/example_dags/example_latest_only_with_trigger.py
[2022-09-02 18:32:08,282] {processor.py:651} INFO - DAG(s) dict_keys(['latest_only_with_trigger']) retrieved from /home/airflow/.local/lib/python3.7/site-packages/airflow/example_dags/example_latest_only_with_trigger.py
[2022-09-02 18:32:09,108] {logging_mixin.py:115} INFO - [2022-09-02 18:32:09,108] {dag.py:2420} INFO - Sync 1 DAGs
[2022-09-02 18:32:09,771] {logging_mixin.py:115} INFO - [2022-09-02 18:32:09,770] {dag.py:2972} INFO - Setting next_dagrun for latest_only_with_trigger to 2022-09-02T14:32:09.769379+00:00, run_after=2022-09-02T18:32:09.769379+00:00
[2022-09-02 18:32:10,000] {processor.py:161} INFO - Processing /home/airflow/.local/lib/python3.7/site-packages/airflow/example_dags/example_latest_only_with_trigger.py took 1.871 seconds
[2022-09-02 18:32:40,735] {processor.py:153} INFO - Started process (PID=777) to work on /home/airflow/.local/lib/python3.7/site-packages/airflow/example_dags/example_latest_only_with_trigger.py
[2022-09-02 18:32:40,737] {processor.py:641} INFO - Processing file /home/airflow/.local/lib/python3.7/site-packages/airflow/example_dags/example_latest_only_with_trigger.py for tasks to queue
[2022-09-02 18:32:40,741] {logging_mixin.py:115} INFO - [2022-09-02 18:32:40,741] {dagbag.py:508} INFO - Filling up the DagBag from /home/airflow/.local/lib/python3.7/site-packages/airflow/example_dags/example_latest_only_with_trigger.py
[2022-09-02 18:32:40,756] {processor.py:651} INFO - DAG(s) dict_keys(['latest_only_with_trigger']) retrieved from /home/airflow/.local/lib/python3.7/site-packages/airflow/example_dags/example_latest_only_with_trigger.py
[2022-09-02 18:32:40,824] {logging_mixin.py:115} INFO - [2022-09-02 18:32:40,824] {dag.py:2420} INFO - Sync 1 DAGs
[2022-09-02 18:32:40,887] {logging_mixin.py:115} INFO - [2022-09-02 18:32:40,886] {dag.py:2972} INFO - Setting next_dagrun for latest_only_with_trigger to 2022-09-02T14:32:40.886334+00:00, run_after=2022-09-02T18:32:40.886334+00:00
[2022-09-02 18:32:40,925] {processor.py:161} INFO - Processing /home/airflow/.local/lib/python3.7/site-packages/airflow/example_dags/example_latest_only_with_trigger.py took 0.197 seconds
[2022-09-02 18:33:11,155] {processor.py:153} INFO - Started process (PID=832) to work on /home/airflow/.local/lib/python3.7/site-packages/airflow/example_dags/example_latest_only_with_trigger.py
[2022-09-02 18:33:11,164] {processor.py:641} INFO - Processing file /home/airflow/.local/lib/python3.7/site-packages/airflow/example_dags/example_latest_only_with_trigger.py for tasks to queue
[2022-09-02 18:33:11,172] {logging_mixin.py:115} INFO - [2022-09-02 18:33:11,170] {dagbag.py:508} INFO - Filling up the DagBag from /home/airflow/.local/lib/python3.7/site-packages/airflow/example_dags/example_latest_only_with_trigger.py
[2022-09-02 18:33:11,253] {processor.py:651} INFO - DAG(s) dict_keys(['latest_only_with_trigger']) retrieved from /home/airflow/.local/lib/python3.7/site-packages/airflow/example_dags/example_latest_only_with_trigger.py
[2022-09-02 18:33:11,371] {logging_mixin.py:115} INFO - [2022-09-02 18:33:11,371] {dag.py:2420} INFO - Sync 1 DAGs
[2022-09-02 18:33:11,478] {logging_mixin.py:115} INFO - [2022-09-02 18:33:11,477] {dag.py:2972} INFO - Setting next_dagrun for latest_only_with_trigger to 2022-09-02T14:33:11.476861+00:00, run_after=2022-09-02T18:33:11.476861+00:00
[2022-09-02 18:33:11,602] {processor.py:161} INFO - Processing /home/airflow/.local/lib/python3.7/site-packages/airflow/example_dags/example_latest_only_with_trigger.py took 0.484 seconds
[2022-09-02 18:33:42,387] {processor.py:153} INFO - Started process (PID=887) to work on /home/airflow/.local/lib/python3.7/site-packages/airflow/example_dags/example_latest_only_with_trigger.py
[2022-09-02 18:33:42,400] {processor.py:641} INFO - Processing file /home/airflow/.local/lib/python3.7/site-packages/airflow/example_dags/example_latest_only_with_trigger.py for tasks to queue
[2022-09-02 18:33:42,405] {logging_mixin.py:115} INFO - [2022-09-02 18:33:42,405] {dagbag.py:508} INFO - Filling up the DagBag from /home/airflow/.local/lib/python3.7/site-packages/airflow/example_dags/example_latest_only_with_trigger.py
[2022-09-02 18:33:42,453] {processor.py:651} INFO - DAG(s) dict_keys(['latest_only_with_trigger']) retrieved from /home/airflow/.local/lib/python3.7/site-packages/airflow/example_dags/example_latest_only_with_trigger.py
[2022-09-02 18:33:42,634] {logging_mixin.py:115} INFO - [2022-09-02 18:33:42,633] {dag.py:2420} INFO - Sync 1 DAGs
[2022-09-02 18:33:42,841] {logging_mixin.py:115} INFO - [2022-09-02 18:33:42,840] {dag.py:2972} INFO - Setting next_dagrun for latest_only_with_trigger to 2022-09-02T14:33:42.839721+00:00, run_after=2022-09-02T18:33:42.839721+00:00
[2022-09-02 18:33:42,967] {processor.py:161} INFO - Processing /home/airflow/.local/lib/python3.7/site-packages/airflow/example_dags/example_latest_only_with_trigger.py took 0.605 seconds
[2022-09-02 18:34:13,699] {processor.py:153} INFO - Started process (PID=940) to work on /home/airflow/.local/lib/python3.7/site-packages/airflow/example_dags/example_latest_only_with_trigger.py
[2022-09-02 18:34:13,702] {processor.py:641} INFO - Processing file /home/airflow/.local/lib/python3.7/site-packages/airflow/example_dags/example_latest_only_with_trigger.py for tasks to queue
[2022-09-02 18:34:13,704] {logging_mixin.py:115} INFO - [2022-09-02 18:34:13,704] {dagbag.py:508} INFO - Filling up the DagBag from /home/airflow/.local/lib/python3.7/site-packages/airflow/example_dags/example_latest_only_with_trigger.py
[2022-09-02 18:34:13,723] {processor.py:651} INFO - DAG(s) dict_keys(['latest_only_with_trigger']) retrieved from /home/airflow/.local/lib/python3.7/site-packages/airflow/example_dags/example_latest_only_with_trigger.py
[2022-09-02 18:34:13,787] {logging_mixin.py:115} INFO - [2022-09-02 18:34:13,787] {dag.py:2420} INFO - Sync 1 DAGs
[2022-09-02 18:34:13,836] {logging_mixin.py:115} INFO - [2022-09-02 18:34:13,836] {dag.py:2972} INFO - Setting next_dagrun for latest_only_with_trigger to 2022-09-02T14:34:13.836040+00:00, run_after=2022-09-02T18:34:13.836040+00:00
[2022-09-02 18:34:13,869] {processor.py:161} INFO - Processing /home/airflow/.local/lib/python3.7/site-packages/airflow/example_dags/example_latest_only_with_trigger.py took 0.179 seconds
[2022-09-02 18:34:58,654] {processor.py:153} INFO - Started process (PID=999) to work on /home/airflow/.local/lib/python3.7/site-packages/airflow/example_dags/example_latest_only_with_trigger.py
[2022-09-02 18:34:58,662] {processor.py:641} INFO - Processing file /home/airflow/.local/lib/python3.7/site-packages/airflow/example_dags/example_latest_only_with_trigger.py for tasks to queue
[2022-09-02 18:34:58,679] {logging_mixin.py:115} INFO - [2022-09-02 18:34:58,679] {dagbag.py:508} INFO - Filling up the DagBag from /home/airflow/.local/lib/python3.7/site-packages/airflow/example_dags/example_latest_only_with_trigger.py
[2022-09-02 18:34:58,822] {processor.py:651} INFO - DAG(s) dict_keys(['latest_only_with_trigger']) retrieved from /home/airflow/.local/lib/python3.7/site-packages/airflow/example_dags/example_latest_only_with_trigger.py
[2022-09-02 18:34:59,788] {logging_mixin.py:115} INFO - [2022-09-02 18:34:59,787] {dag.py:2420} INFO - Sync 1 DAGs
[2022-09-02 18:35:00,502] {logging_mixin.py:115} INFO - [2022-09-02 18:35:00,501] {dag.py:2972} INFO - Setting next_dagrun for latest_only_with_trigger to 2022-09-02T14:35:00.500570+00:00, run_after=2022-09-02T18:35:00.500570+00:00
[2022-09-02 18:35:00,703] {processor.py:161} INFO - Processing /home/airflow/.local/lib/python3.7/site-packages/airflow/example_dags/example_latest_only_with_trigger.py took 2.314 seconds
[2022-09-02 18:35:31,407] {processor.py:153} INFO - Started process (PID=1052) to work on /home/airflow/.local/lib/python3.7/site-packages/airflow/example_dags/example_latest_only_with_trigger.py
[2022-09-02 18:35:31,433] {processor.py:641} INFO - Processing file /home/airflow/.local/lib/python3.7/site-packages/airflow/example_dags/example_latest_only_with_trigger.py for tasks to queue
[2022-09-02 18:35:31,440] {logging_mixin.py:115} INFO - [2022-09-02 18:35:31,438] {dagbag.py:508} INFO - Filling up the DagBag from /home/airflow/.local/lib/python3.7/site-packages/airflow/example_dags/example_latest_only_with_trigger.py
[2022-09-02 18:35:31,510] {processor.py:651} INFO - DAG(s) dict_keys(['latest_only_with_trigger']) retrieved from /home/airflow/.local/lib/python3.7/site-packages/airflow/example_dags/example_latest_only_with_trigger.py
[2022-09-02 18:35:31,701] {logging_mixin.py:115} INFO - [2022-09-02 18:35:31,701] {dag.py:2420} INFO - Sync 1 DAGs
[2022-09-02 18:35:31,808] {logging_mixin.py:115} INFO - [2022-09-02 18:35:31,808] {dag.py:2972} INFO - Setting next_dagrun for latest_only_with_trigger to 2022-09-02T14:35:31.806975+00:00, run_after=2022-09-02T18:35:31.806975+00:00
[2022-09-02 18:35:31,881] {processor.py:161} INFO - Processing /home/airflow/.local/lib/python3.7/site-packages/airflow/example_dags/example_latest_only_with_trigger.py took 0.491 seconds
[2022-09-02 18:36:06,644] {processor.py:153} INFO - Started process (PID=1107) to work on /home/airflow/.local/lib/python3.7/site-packages/airflow/example_dags/example_latest_only_with_trigger.py
[2022-09-02 18:36:06,655] {processor.py:641} INFO - Processing file /home/airflow/.local/lib/python3.7/site-packages/airflow/example_dags/example_latest_only_with_trigger.py for tasks to queue
[2022-09-02 18:36:06,664] {logging_mixin.py:115} INFO - [2022-09-02 18:36:06,664] {dagbag.py:508} INFO - Filling up the DagBag from /home/airflow/.local/lib/python3.7/site-packages/airflow/example_dags/example_latest_only_with_trigger.py
[2022-09-02 18:36:06,774] {processor.py:651} INFO - DAG(s) dict_keys(['latest_only_with_trigger']) retrieved from /home/airflow/.local/lib/python3.7/site-packages/airflow/example_dags/example_latest_only_with_trigger.py
[2022-09-02 18:36:07,047] {logging_mixin.py:115} INFO - [2022-09-02 18:36:07,036] {dag.py:2420} INFO - Sync 1 DAGs
[2022-09-02 18:36:07,579] {logging_mixin.py:115} INFO - [2022-09-02 18:36:07,578] {dag.py:2972} INFO - Setting next_dagrun for latest_only_with_trigger to 2022-09-02T14:36:07.577978+00:00, run_after=2022-09-02T18:36:07.577978+00:00
[2022-09-02 18:36:07,743] {processor.py:161} INFO - Processing /home/airflow/.local/lib/python3.7/site-packages/airflow/example_dags/example_latest_only_with_trigger.py took 1.124 seconds
[2022-09-02 18:36:37,981] {processor.py:153} INFO - Started process (PID=1160) to work on /home/airflow/.local/lib/python3.7/site-packages/airflow/example_dags/example_latest_only_with_trigger.py
[2022-09-02 18:36:37,989] {processor.py:641} INFO - Processing file /home/airflow/.local/lib/python3.7/site-packages/airflow/example_dags/example_latest_only_with_trigger.py for tasks to queue
[2022-09-02 18:36:37,994] {logging_mixin.py:115} INFO - [2022-09-02 18:36:37,994] {dagbag.py:508} INFO - Filling up the DagBag from /home/airflow/.local/lib/python3.7/site-packages/airflow/example_dags/example_latest_only_with_trigger.py
[2022-09-02 18:36:38,017] {processor.py:651} INFO - DAG(s) dict_keys(['latest_only_with_trigger']) retrieved from /home/airflow/.local/lib/python3.7/site-packages/airflow/example_dags/example_latest_only_with_trigger.py
[2022-09-02 18:36:38,349] {logging_mixin.py:115} INFO - [2022-09-02 18:36:38,347] {dag.py:2420} INFO - Sync 1 DAGs
[2022-09-02 18:36:38,862] {logging_mixin.py:115} INFO - [2022-09-02 18:36:38,861] {dag.py:2972} INFO - Setting next_dagrun for latest_only_with_trigger to 2022-09-02T14:36:38.860545+00:00, run_after=2022-09-02T18:36:38.860545+00:00
[2022-09-02 18:36:38,968] {processor.py:161} INFO - Processing /home/airflow/.local/lib/python3.7/site-packages/airflow/example_dags/example_latest_only_with_trigger.py took 1.007 seconds
[2022-09-02 18:37:13,646] {processor.py:153} INFO - Started process (PID=1206) to work on /home/airflow/.local/lib/python3.7/site-packages/airflow/example_dags/example_latest_only_with_trigger.py
[2022-09-02 18:37:13,653] {processor.py:641} INFO - Processing file /home/airflow/.local/lib/python3.7/site-packages/airflow/example_dags/example_latest_only_with_trigger.py for tasks to queue
[2022-09-02 18:37:13,666] {logging_mixin.py:115} INFO - [2022-09-02 18:37:13,665] {dagbag.py:508} INFO - Filling up the DagBag from /home/airflow/.local/lib/python3.7/site-packages/airflow/example_dags/example_latest_only_with_trigger.py
[2022-09-02 18:37:13,777] {processor.py:651} INFO - DAG(s) dict_keys(['latest_only_with_trigger']) retrieved from /home/airflow/.local/lib/python3.7/site-packages/airflow/example_dags/example_latest_only_with_trigger.py
[2022-09-02 18:37:14,226] {logging_mixin.py:115} INFO - [2022-09-02 18:37:14,226] {dag.py:2420} INFO - Sync 1 DAGs
[2022-09-02 18:37:14,397] {logging_mixin.py:115} INFO - [2022-09-02 18:37:14,397] {dag.py:2972} INFO - Setting next_dagrun for latest_only_with_trigger to 2022-09-02T14:37:14.396400+00:00, run_after=2022-09-02T18:37:14.396400+00:00
[2022-09-02 18:37:14,563] {processor.py:161} INFO - Processing /home/airflow/.local/lib/python3.7/site-packages/airflow/example_dags/example_latest_only_with_trigger.py took 0.953 seconds
[2022-09-02 18:37:44,855] {processor.py:153} INFO - Started process (PID=1269) to work on /home/airflow/.local/lib/python3.7/site-packages/airflow/example_dags/example_latest_only_with_trigger.py
[2022-09-02 18:37:44,859] {processor.py:641} INFO - Processing file /home/airflow/.local/lib/python3.7/site-packages/airflow/example_dags/example_latest_only_with_trigger.py for tasks to queue
[2022-09-02 18:37:44,861] {logging_mixin.py:115} INFO - [2022-09-02 18:37:44,861] {dagbag.py:508} INFO - Filling up the DagBag from /home/airflow/.local/lib/python3.7/site-packages/airflow/example_dags/example_latest_only_with_trigger.py
[2022-09-02 18:37:44,886] {processor.py:651} INFO - DAG(s) dict_keys(['latest_only_with_trigger']) retrieved from /home/airflow/.local/lib/python3.7/site-packages/airflow/example_dags/example_latest_only_with_trigger.py
[2022-09-02 18:37:44,966] {logging_mixin.py:115} INFO - [2022-09-02 18:37:44,966] {dag.py:2420} INFO - Sync 1 DAGs
[2022-09-02 18:37:45,046] {logging_mixin.py:115} INFO - [2022-09-02 18:37:45,045] {dag.py:2972} INFO - Setting next_dagrun for latest_only_with_trigger to 2022-09-02T14:37:45.044821+00:00, run_after=2022-09-02T18:37:45.044821+00:00
[2022-09-02 18:37:45,075] {processor.py:161} INFO - Processing /home/airflow/.local/lib/python3.7/site-packages/airflow/example_dags/example_latest_only_with_trigger.py took 0.228 seconds
[2022-09-02 18:38:15,459] {processor.py:153} INFO - Started process (PID=1325) to work on /home/airflow/.local/lib/python3.7/site-packages/airflow/example_dags/example_latest_only_with_trigger.py
[2022-09-02 18:38:15,464] {processor.py:641} INFO - Processing file /home/airflow/.local/lib/python3.7/site-packages/airflow/example_dags/example_latest_only_with_trigger.py for tasks to queue
[2022-09-02 18:38:15,469] {logging_mixin.py:115} INFO - [2022-09-02 18:38:15,467] {dagbag.py:508} INFO - Filling up the DagBag from /home/airflow/.local/lib/python3.7/site-packages/airflow/example_dags/example_latest_only_with_trigger.py
[2022-09-02 18:38:15,492] {processor.py:651} INFO - DAG(s) dict_keys(['latest_only_with_trigger']) retrieved from /home/airflow/.local/lib/python3.7/site-packages/airflow/example_dags/example_latest_only_with_trigger.py
[2022-09-02 18:38:15,588] {logging_mixin.py:115} INFO - [2022-09-02 18:38:15,587] {dag.py:2420} INFO - Sync 1 DAGs
[2022-09-02 18:38:15,652] {logging_mixin.py:115} INFO - [2022-09-02 18:38:15,651] {dag.py:2972} INFO - Setting next_dagrun for latest_only_with_trigger to 2022-09-02T14:38:15.651360+00:00, run_after=2022-09-02T18:38:15.651360+00:00
[2022-09-02 18:38:15,704] {processor.py:161} INFO - Processing /home/airflow/.local/lib/python3.7/site-packages/airflow/example_dags/example_latest_only_with_trigger.py took 0.255 seconds
[2022-09-02 18:38:46,054] {processor.py:153} INFO - Started process (PID=1381) to work on /home/airflow/.local/lib/python3.7/site-packages/airflow/example_dags/example_latest_only_with_trigger.py
[2022-09-02 18:38:46,058] {processor.py:641} INFO - Processing file /home/airflow/.local/lib/python3.7/site-packages/airflow/example_dags/example_latest_only_with_trigger.py for tasks to queue
[2022-09-02 18:38:46,070] {logging_mixin.py:115} INFO - [2022-09-02 18:38:46,069] {dagbag.py:508} INFO - Filling up the DagBag from /home/airflow/.local/lib/python3.7/site-packages/airflow/example_dags/example_latest_only_with_trigger.py
[2022-09-02 18:38:46,103] {processor.py:651} INFO - DAG(s) dict_keys(['latest_only_with_trigger']) retrieved from /home/airflow/.local/lib/python3.7/site-packages/airflow/example_dags/example_latest_only_with_trigger.py
[2022-09-02 18:38:46,231] {logging_mixin.py:115} INFO - [2022-09-02 18:38:46,231] {dag.py:2420} INFO - Sync 1 DAGs
[2022-09-02 18:38:46,307] {logging_mixin.py:115} INFO - [2022-09-02 18:38:46,304] {dag.py:2972} INFO - Setting next_dagrun for latest_only_with_trigger to 2022-09-02T14:38:46.303765+00:00, run_after=2022-09-02T18:38:46.303765+00:00
[2022-09-02 18:38:46,492] {processor.py:161} INFO - Processing /home/airflow/.local/lib/python3.7/site-packages/airflow/example_dags/example_latest_only_with_trigger.py took 0.508 seconds
[2022-09-02 18:39:19,151] {processor.py:153} INFO - Started process (PID=1434) to work on /home/airflow/.local/lib/python3.7/site-packages/airflow/example_dags/example_latest_only_with_trigger.py
[2022-09-02 18:39:19,164] {processor.py:641} INFO - Processing file /home/airflow/.local/lib/python3.7/site-packages/airflow/example_dags/example_latest_only_with_trigger.py for tasks to queue
[2022-09-02 18:39:19,167] {logging_mixin.py:115} INFO - [2022-09-02 18:39:19,167] {dagbag.py:508} INFO - Filling up the DagBag from /home/airflow/.local/lib/python3.7/site-packages/airflow/example_dags/example_latest_only_with_trigger.py
[2022-09-02 18:39:19,193] {processor.py:651} INFO - DAG(s) dict_keys(['latest_only_with_trigger']) retrieved from /home/airflow/.local/lib/python3.7/site-packages/airflow/example_dags/example_latest_only_with_trigger.py
[2022-09-02 18:39:19,290] {logging_mixin.py:115} INFO - [2022-09-02 18:39:19,289] {dag.py:2420} INFO - Sync 1 DAGs
[2022-09-02 18:39:19,357] {logging_mixin.py:115} INFO - [2022-09-02 18:39:19,357] {dag.py:2972} INFO - Setting next_dagrun for latest_only_with_trigger to 2022-09-02T14:39:19.356289+00:00, run_after=2022-09-02T18:39:19.356289+00:00
[2022-09-02 18:39:19,401] {processor.py:161} INFO - Processing /home/airflow/.local/lib/python3.7/site-packages/airflow/example_dags/example_latest_only_with_trigger.py took 0.278 seconds
