[2022-09-02 18:26:43,086] {processor.py:153} INFO - Started process (PID=159) to work on /home/airflow/.local/lib/python3.7/site-packages/airflow/example_dags/example_branch_operator.py
[2022-09-02 18:26:43,098] {processor.py:641} INFO - Processing file /home/airflow/.local/lib/python3.7/site-packages/airflow/example_dags/example_branch_operator.py for tasks to queue
[2022-09-02 18:26:43,107] {logging_mixin.py:115} INFO - [2022-09-02 18:26:43,107] {dagbag.py:508} INFO - Filling up the DagBag from /home/airflow/.local/lib/python3.7/site-packages/airflow/example_dags/example_branch_operator.py
[2022-09-02 18:26:43,177] {processor.py:651} INFO - DAG(s) dict_keys(['example_branch_operator']) retrieved from /home/airflow/.local/lib/python3.7/site-packages/airflow/example_dags/example_branch_operator.py
[2022-09-02 18:26:43,742] {logging_mixin.py:115} INFO - [2022-09-02 18:26:43,742] {manager.py:508} INFO - Created Permission View: can delete on DAG:example_branch_operator
[2022-09-02 18:26:43,763] {logging_mixin.py:115} INFO - [2022-09-02 18:26:43,763] {manager.py:508} INFO - Created Permission View: can edit on DAG:example_branch_operator
[2022-09-02 18:26:43,785] {logging_mixin.py:115} INFO - [2022-09-02 18:26:43,784] {manager.py:508} INFO - Created Permission View: can read on DAG:example_branch_operator
[2022-09-02 18:26:43,787] {logging_mixin.py:115} INFO - [2022-09-02 18:26:43,787] {dag.py:2420} INFO - Sync 1 DAGs
[2022-09-02 18:26:43,808] {logging_mixin.py:115} INFO - [2022-09-02 18:26:43,808] {dag.py:2439} INFO - Creating ORM DAG for example_branch_operator
[2022-09-02 18:26:43,856] {logging_mixin.py:115} INFO - [2022-09-02 18:26:43,856] {dag.py:2972} INFO - Setting next_dagrun for example_branch_operator to 2022-09-01T00:00:00+00:00, run_after=2022-09-02T00:00:00+00:00
[2022-09-02 18:26:43,905] {processor.py:161} INFO - Processing /home/airflow/.local/lib/python3.7/site-packages/airflow/example_dags/example_branch_operator.py took 0.835 seconds
[2022-09-02 18:27:14,619] {processor.py:153} INFO - Started process (PID=213) to work on /home/airflow/.local/lib/python3.7/site-packages/airflow/example_dags/example_branch_operator.py
[2022-09-02 18:27:14,624] {processor.py:641} INFO - Processing file /home/airflow/.local/lib/python3.7/site-packages/airflow/example_dags/example_branch_operator.py for tasks to queue
[2022-09-02 18:27:14,631] {logging_mixin.py:115} INFO - [2022-09-02 18:27:14,631] {dagbag.py:508} INFO - Filling up the DagBag from /home/airflow/.local/lib/python3.7/site-packages/airflow/example_dags/example_branch_operator.py
[2022-09-02 18:27:15,129] {processor.py:651} INFO - DAG(s) dict_keys(['example_branch_operator']) retrieved from /home/airflow/.local/lib/python3.7/site-packages/airflow/example_dags/example_branch_operator.py
[2022-09-02 18:27:15,223] {logging_mixin.py:115} INFO - [2022-09-02 18:27:15,223] {dag.py:2420} INFO - Sync 1 DAGs
[2022-09-02 18:27:15,356] {logging_mixin.py:115} INFO - [2022-09-02 18:27:15,356] {dag.py:2972} INFO - Setting next_dagrun for example_branch_operator to 2022-09-01T00:00:00+00:00, run_after=2022-09-02T00:00:00+00:00
[2022-09-02 18:27:15,400] {processor.py:161} INFO - Processing /home/airflow/.local/lib/python3.7/site-packages/airflow/example_dags/example_branch_operator.py took 0.802 seconds
[2022-09-02 18:27:47,958] {processor.py:153} INFO - Started process (PID=275) to work on /home/airflow/.local/lib/python3.7/site-packages/airflow/example_dags/example_branch_operator.py
[2022-09-02 18:27:47,962] {processor.py:641} INFO - Processing file /home/airflow/.local/lib/python3.7/site-packages/airflow/example_dags/example_branch_operator.py for tasks to queue
[2022-09-02 18:27:47,967] {logging_mixin.py:115} INFO - [2022-09-02 18:27:47,966] {dagbag.py:508} INFO - Filling up the DagBag from /home/airflow/.local/lib/python3.7/site-packages/airflow/example_dags/example_branch_operator.py
[2022-09-02 18:27:48,840] {processor.py:651} INFO - DAG(s) dict_keys(['example_branch_operator']) retrieved from /home/airflow/.local/lib/python3.7/site-packages/airflow/example_dags/example_branch_operator.py
[2022-09-02 18:27:48,969] {logging_mixin.py:115} INFO - [2022-09-02 18:27:48,969] {dag.py:2420} INFO - Sync 1 DAGs
[2022-09-02 18:27:49,231] {logging_mixin.py:115} INFO - [2022-09-02 18:27:49,228] {dag.py:2972} INFO - Setting next_dagrun for example_branch_operator to 2022-09-01T00:00:00+00:00, run_after=2022-09-02T00:00:00+00:00
[2022-09-02 18:27:49,273] {processor.py:161} INFO - Processing /home/airflow/.local/lib/python3.7/site-packages/airflow/example_dags/example_branch_operator.py took 1.326 seconds
[2022-09-02 18:28:19,700] {processor.py:153} INFO - Started process (PID=332) to work on /home/airflow/.local/lib/python3.7/site-packages/airflow/example_dags/example_branch_operator.py
[2022-09-02 18:28:19,702] {processor.py:641} INFO - Processing file /home/airflow/.local/lib/python3.7/site-packages/airflow/example_dags/example_branch_operator.py for tasks to queue
[2022-09-02 18:28:19,705] {logging_mixin.py:115} INFO - [2022-09-02 18:28:19,704] {dagbag.py:508} INFO - Filling up the DagBag from /home/airflow/.local/lib/python3.7/site-packages/airflow/example_dags/example_branch_operator.py
[2022-09-02 18:28:19,939] {processor.py:651} INFO - DAG(s) dict_keys(['example_branch_operator']) retrieved from /home/airflow/.local/lib/python3.7/site-packages/airflow/example_dags/example_branch_operator.py
[2022-09-02 18:28:19,994] {logging_mixin.py:115} INFO - [2022-09-02 18:28:19,994] {dag.py:2420} INFO - Sync 1 DAGs
[2022-09-02 18:28:20,039] {logging_mixin.py:115} INFO - [2022-09-02 18:28:20,038] {dag.py:2972} INFO - Setting next_dagrun for example_branch_operator to 2022-09-01T00:00:00+00:00, run_after=2022-09-02T00:00:00+00:00
[2022-09-02 18:28:20,072] {processor.py:161} INFO - Processing /home/airflow/.local/lib/python3.7/site-packages/airflow/example_dags/example_branch_operator.py took 0.379 seconds
[2022-09-02 18:28:52,894] {processor.py:153} INFO - Started process (PID=387) to work on /home/airflow/.local/lib/python3.7/site-packages/airflow/example_dags/example_branch_operator.py
[2022-09-02 18:28:52,903] {processor.py:641} INFO - Processing file /home/airflow/.local/lib/python3.7/site-packages/airflow/example_dags/example_branch_operator.py for tasks to queue
[2022-09-02 18:28:52,908] {logging_mixin.py:115} INFO - [2022-09-02 18:28:52,908] {dagbag.py:508} INFO - Filling up the DagBag from /home/airflow/.local/lib/python3.7/site-packages/airflow/example_dags/example_branch_operator.py
[2022-09-02 18:28:53,285] {processor.py:651} INFO - DAG(s) dict_keys(['example_branch_operator']) retrieved from /home/airflow/.local/lib/python3.7/site-packages/airflow/example_dags/example_branch_operator.py
[2022-09-02 18:28:53,391] {logging_mixin.py:115} INFO - [2022-09-02 18:28:53,391] {dag.py:2420} INFO - Sync 1 DAGs
[2022-09-02 18:28:53,455] {logging_mixin.py:115} INFO - [2022-09-02 18:28:53,455] {dag.py:2972} INFO - Setting next_dagrun for example_branch_operator to 2022-09-01T00:00:00+00:00, run_after=2022-09-02T00:00:00+00:00
[2022-09-02 18:28:53,480] {processor.py:161} INFO - Processing /home/airflow/.local/lib/python3.7/site-packages/airflow/example_dags/example_branch_operator.py took 0.607 seconds
[2022-09-02 18:29:25,286] {processor.py:153} INFO - Started process (PID=441) to work on /home/airflow/.local/lib/python3.7/site-packages/airflow/example_dags/example_branch_operator.py
[2022-09-02 18:29:25,306] {processor.py:641} INFO - Processing file /home/airflow/.local/lib/python3.7/site-packages/airflow/example_dags/example_branch_operator.py for tasks to queue
[2022-09-02 18:29:25,313] {logging_mixin.py:115} INFO - [2022-09-02 18:29:25,312] {dagbag.py:508} INFO - Filling up the DagBag from /home/airflow/.local/lib/python3.7/site-packages/airflow/example_dags/example_branch_operator.py
[2022-09-02 18:29:26,475] {processor.py:651} INFO - DAG(s) dict_keys(['example_branch_operator']) retrieved from /home/airflow/.local/lib/python3.7/site-packages/airflow/example_dags/example_branch_operator.py
[2022-09-02 18:29:27,029] {logging_mixin.py:115} INFO - [2022-09-02 18:29:27,029] {dag.py:2420} INFO - Sync 1 DAGs
[2022-09-02 18:29:27,401] {logging_mixin.py:115} INFO - [2022-09-02 18:29:27,401] {dag.py:2972} INFO - Setting next_dagrun for example_branch_operator to 2022-09-01T00:00:00+00:00, run_after=2022-09-02T00:00:00+00:00
[2022-09-02 18:29:27,476] {processor.py:161} INFO - Processing /home/airflow/.local/lib/python3.7/site-packages/airflow/example_dags/example_branch_operator.py took 2.233 seconds
[2022-09-02 18:29:58,076] {processor.py:153} INFO - Started process (PID=494) to work on /home/airflow/.local/lib/python3.7/site-packages/airflow/example_dags/example_branch_operator.py
[2022-09-02 18:29:58,078] {processor.py:641} INFO - Processing file /home/airflow/.local/lib/python3.7/site-packages/airflow/example_dags/example_branch_operator.py for tasks to queue
[2022-09-02 18:29:58,081] {logging_mixin.py:115} INFO - [2022-09-02 18:29:58,081] {dagbag.py:508} INFO - Filling up the DagBag from /home/airflow/.local/lib/python3.7/site-packages/airflow/example_dags/example_branch_operator.py
[2022-09-02 18:29:58,405] {processor.py:651} INFO - DAG(s) dict_keys(['example_branch_operator']) retrieved from /home/airflow/.local/lib/python3.7/site-packages/airflow/example_dags/example_branch_operator.py
[2022-09-02 18:29:58,506] {logging_mixin.py:115} INFO - [2022-09-02 18:29:58,506] {dag.py:2420} INFO - Sync 1 DAGs
[2022-09-02 18:29:58,578] {logging_mixin.py:115} INFO - [2022-09-02 18:29:58,577] {dag.py:2972} INFO - Setting next_dagrun for example_branch_operator to 2022-09-01T00:00:00+00:00, run_after=2022-09-02T00:00:00+00:00
[2022-09-02 18:29:58,624] {processor.py:161} INFO - Processing /home/airflow/.local/lib/python3.7/site-packages/airflow/example_dags/example_branch_operator.py took 0.556 seconds
[2022-09-02 18:30:29,199] {processor.py:153} INFO - Started process (PID=550) to work on /home/airflow/.local/lib/python3.7/site-packages/airflow/example_dags/example_branch_operator.py
[2022-09-02 18:30:29,202] {processor.py:641} INFO - Processing file /home/airflow/.local/lib/python3.7/site-packages/airflow/example_dags/example_branch_operator.py for tasks to queue
[2022-09-02 18:30:29,205] {logging_mixin.py:115} INFO - [2022-09-02 18:30:29,205] {dagbag.py:508} INFO - Filling up the DagBag from /home/airflow/.local/lib/python3.7/site-packages/airflow/example_dags/example_branch_operator.py
[2022-09-02 18:30:29,428] {processor.py:651} INFO - DAG(s) dict_keys(['example_branch_operator']) retrieved from /home/airflow/.local/lib/python3.7/site-packages/airflow/example_dags/example_branch_operator.py
[2022-09-02 18:30:29,468] {logging_mixin.py:115} INFO - [2022-09-02 18:30:29,468] {dag.py:2420} INFO - Sync 1 DAGs
[2022-09-02 18:30:29,532] {logging_mixin.py:115} INFO - [2022-09-02 18:30:29,531] {dag.py:2972} INFO - Setting next_dagrun for example_branch_operator to 2022-09-01T00:00:00+00:00, run_after=2022-09-02T00:00:00+00:00
[2022-09-02 18:30:29,586] {processor.py:161} INFO - Processing /home/airflow/.local/lib/python3.7/site-packages/airflow/example_dags/example_branch_operator.py took 0.393 seconds
[2022-09-02 18:31:00,072] {processor.py:153} INFO - Started process (PID=604) to work on /home/airflow/.local/lib/python3.7/site-packages/airflow/example_dags/example_branch_operator.py
[2022-09-02 18:31:00,075] {processor.py:641} INFO - Processing file /home/airflow/.local/lib/python3.7/site-packages/airflow/example_dags/example_branch_operator.py for tasks to queue
[2022-09-02 18:31:00,079] {logging_mixin.py:115} INFO - [2022-09-02 18:31:00,078] {dagbag.py:508} INFO - Filling up the DagBag from /home/airflow/.local/lib/python3.7/site-packages/airflow/example_dags/example_branch_operator.py
[2022-09-02 18:31:00,286] {processor.py:651} INFO - DAG(s) dict_keys(['example_branch_operator']) retrieved from /home/airflow/.local/lib/python3.7/site-packages/airflow/example_dags/example_branch_operator.py
[2022-09-02 18:31:00,325] {logging_mixin.py:115} INFO - [2022-09-02 18:31:00,325] {dag.py:2420} INFO - Sync 1 DAGs
[2022-09-02 18:31:00,360] {logging_mixin.py:115} INFO - [2022-09-02 18:31:00,359] {dag.py:2972} INFO - Setting next_dagrun for example_branch_operator to 2022-09-01T00:00:00+00:00, run_after=2022-09-02T00:00:00+00:00
[2022-09-02 18:31:00,386] {processor.py:161} INFO - Processing /home/airflow/.local/lib/python3.7/site-packages/airflow/example_dags/example_branch_operator.py took 0.324 seconds
[2022-09-02 18:31:31,175] {processor.py:153} INFO - Started process (PID=661) to work on /home/airflow/.local/lib/python3.7/site-packages/airflow/example_dags/example_branch_operator.py
[2022-09-02 18:31:31,185] {processor.py:641} INFO - Processing file /home/airflow/.local/lib/python3.7/site-packages/airflow/example_dags/example_branch_operator.py for tasks to queue
[2022-09-02 18:31:31,191] {logging_mixin.py:115} INFO - [2022-09-02 18:31:31,191] {dagbag.py:508} INFO - Filling up the DagBag from /home/airflow/.local/lib/python3.7/site-packages/airflow/example_dags/example_branch_operator.py
[2022-09-02 18:31:31,234] {processor.py:651} INFO - DAG(s) dict_keys(['example_branch_operator']) retrieved from /home/airflow/.local/lib/python3.7/site-packages/airflow/example_dags/example_branch_operator.py
[2022-09-02 18:31:31,344] {logging_mixin.py:115} INFO - [2022-09-02 18:31:31,343] {dag.py:2420} INFO - Sync 1 DAGs
[2022-09-02 18:31:31,423] {logging_mixin.py:115} INFO - [2022-09-02 18:31:31,423] {dag.py:2972} INFO - Setting next_dagrun for example_branch_operator to 2022-09-01T00:00:00+00:00, run_after=2022-09-02T00:00:00+00:00
[2022-09-02 18:31:31,468] {processor.py:161} INFO - Processing /home/airflow/.local/lib/python3.7/site-packages/airflow/example_dags/example_branch_operator.py took 0.308 seconds
[2022-09-02 18:32:01,774] {processor.py:153} INFO - Started process (PID=715) to work on /home/airflow/.local/lib/python3.7/site-packages/airflow/example_dags/example_branch_operator.py
[2022-09-02 18:32:01,781] {processor.py:641} INFO - Processing file /home/airflow/.local/lib/python3.7/site-packages/airflow/example_dags/example_branch_operator.py for tasks to queue
[2022-09-02 18:32:01,794] {logging_mixin.py:115} INFO - [2022-09-02 18:32:01,793] {dagbag.py:508} INFO - Filling up the DagBag from /home/airflow/.local/lib/python3.7/site-packages/airflow/example_dags/example_branch_operator.py
[2022-09-02 18:32:01,872] {processor.py:651} INFO - DAG(s) dict_keys(['example_branch_operator']) retrieved from /home/airflow/.local/lib/python3.7/site-packages/airflow/example_dags/example_branch_operator.py
[2022-09-02 18:32:02,011] {logging_mixin.py:115} INFO - [2022-09-02 18:32:02,011] {dag.py:2420} INFO - Sync 1 DAGs
[2022-09-02 18:32:02,143] {logging_mixin.py:115} INFO - [2022-09-02 18:32:02,143] {dag.py:2972} INFO - Setting next_dagrun for example_branch_operator to 2022-09-01T00:00:00+00:00, run_after=2022-09-02T00:00:00+00:00
[2022-09-02 18:32:02,197] {processor.py:161} INFO - Processing /home/airflow/.local/lib/python3.7/site-packages/airflow/example_dags/example_branch_operator.py took 0.467 seconds
[2022-09-02 18:32:32,883] {processor.py:153} INFO - Started process (PID=771) to work on /home/airflow/.local/lib/python3.7/site-packages/airflow/example_dags/example_branch_operator.py
[2022-09-02 18:32:32,885] {processor.py:641} INFO - Processing file /home/airflow/.local/lib/python3.7/site-packages/airflow/example_dags/example_branch_operator.py for tasks to queue
[2022-09-02 18:32:32,888] {logging_mixin.py:115} INFO - [2022-09-02 18:32:32,888] {dagbag.py:508} INFO - Filling up the DagBag from /home/airflow/.local/lib/python3.7/site-packages/airflow/example_dags/example_branch_operator.py
[2022-09-02 18:32:32,916] {processor.py:651} INFO - DAG(s) dict_keys(['example_branch_operator']) retrieved from /home/airflow/.local/lib/python3.7/site-packages/airflow/example_dags/example_branch_operator.py
[2022-09-02 18:32:32,982] {logging_mixin.py:115} INFO - [2022-09-02 18:32:32,982] {dag.py:2420} INFO - Sync 1 DAGs
[2022-09-02 18:32:33,029] {logging_mixin.py:115} INFO - [2022-09-02 18:32:33,029] {dag.py:2972} INFO - Setting next_dagrun for example_branch_operator to 2022-09-01T00:00:00+00:00, run_after=2022-09-02T00:00:00+00:00
[2022-09-02 18:32:33,057] {processor.py:161} INFO - Processing /home/airflow/.local/lib/python3.7/site-packages/airflow/example_dags/example_branch_operator.py took 0.189 seconds
[2022-09-02 18:33:03,285] {processor.py:153} INFO - Started process (PID=826) to work on /home/airflow/.local/lib/python3.7/site-packages/airflow/example_dags/example_branch_operator.py
[2022-09-02 18:33:03,297] {processor.py:641} INFO - Processing file /home/airflow/.local/lib/python3.7/site-packages/airflow/example_dags/example_branch_operator.py for tasks to queue
[2022-09-02 18:33:03,301] {logging_mixin.py:115} INFO - [2022-09-02 18:33:03,301] {dagbag.py:508} INFO - Filling up the DagBag from /home/airflow/.local/lib/python3.7/site-packages/airflow/example_dags/example_branch_operator.py
[2022-09-02 18:33:03,331] {processor.py:651} INFO - DAG(s) dict_keys(['example_branch_operator']) retrieved from /home/airflow/.local/lib/python3.7/site-packages/airflow/example_dags/example_branch_operator.py
[2022-09-02 18:33:03,408] {logging_mixin.py:115} INFO - [2022-09-02 18:33:03,408] {dag.py:2420} INFO - Sync 1 DAGs
[2022-09-02 18:33:03,476] {logging_mixin.py:115} INFO - [2022-09-02 18:33:03,476] {dag.py:2972} INFO - Setting next_dagrun for example_branch_operator to 2022-09-01T00:00:00+00:00, run_after=2022-09-02T00:00:00+00:00
[2022-09-02 18:33:03,513] {processor.py:161} INFO - Processing /home/airflow/.local/lib/python3.7/site-packages/airflow/example_dags/example_branch_operator.py took 0.237 seconds
[2022-09-02 18:33:35,987] {processor.py:153} INFO - Started process (PID=881) to work on /home/airflow/.local/lib/python3.7/site-packages/airflow/example_dags/example_branch_operator.py
[2022-09-02 18:33:35,992] {processor.py:641} INFO - Processing file /home/airflow/.local/lib/python3.7/site-packages/airflow/example_dags/example_branch_operator.py for tasks to queue
[2022-09-02 18:33:36,000] {logging_mixin.py:115} INFO - [2022-09-02 18:33:36,000] {dagbag.py:508} INFO - Filling up the DagBag from /home/airflow/.local/lib/python3.7/site-packages/airflow/example_dags/example_branch_operator.py
[2022-09-02 18:33:36,047] {processor.py:651} INFO - DAG(s) dict_keys(['example_branch_operator']) retrieved from /home/airflow/.local/lib/python3.7/site-packages/airflow/example_dags/example_branch_operator.py
[2022-09-02 18:33:36,127] {logging_mixin.py:115} INFO - [2022-09-02 18:33:36,127] {dag.py:2420} INFO - Sync 1 DAGs
[2022-09-02 18:33:36,222] {logging_mixin.py:115} INFO - [2022-09-02 18:33:36,222] {dag.py:2972} INFO - Setting next_dagrun for example_branch_operator to 2022-09-01T00:00:00+00:00, run_after=2022-09-02T00:00:00+00:00
[2022-09-02 18:33:36,259] {processor.py:161} INFO - Processing /home/airflow/.local/lib/python3.7/site-packages/airflow/example_dags/example_branch_operator.py took 0.290 seconds
[2022-09-02 18:34:06,527] {processor.py:153} INFO - Started process (PID=934) to work on /home/airflow/.local/lib/python3.7/site-packages/airflow/example_dags/example_branch_operator.py
[2022-09-02 18:34:06,532] {processor.py:641} INFO - Processing file /home/airflow/.local/lib/python3.7/site-packages/airflow/example_dags/example_branch_operator.py for tasks to queue
[2022-09-02 18:34:06,537] {logging_mixin.py:115} INFO - [2022-09-02 18:34:06,536] {dagbag.py:508} INFO - Filling up the DagBag from /home/airflow/.local/lib/python3.7/site-packages/airflow/example_dags/example_branch_operator.py
[2022-09-02 18:34:06,599] {processor.py:651} INFO - DAG(s) dict_keys(['example_branch_operator']) retrieved from /home/airflow/.local/lib/python3.7/site-packages/airflow/example_dags/example_branch_operator.py
[2022-09-02 18:34:06,688] {logging_mixin.py:115} INFO - [2022-09-02 18:34:06,687] {dag.py:2420} INFO - Sync 1 DAGs
[2022-09-02 18:34:06,762] {logging_mixin.py:115} INFO - [2022-09-02 18:34:06,761] {dag.py:2972} INFO - Setting next_dagrun for example_branch_operator to 2022-09-01T00:00:00+00:00, run_after=2022-09-02T00:00:00+00:00
[2022-09-02 18:34:06,808] {processor.py:161} INFO - Processing /home/airflow/.local/lib/python3.7/site-packages/airflow/example_dags/example_branch_operator.py took 0.298 seconds
[2022-09-02 18:34:54,605] {processor.py:153} INFO - Started process (PID=996) to work on /home/airflow/.local/lib/python3.7/site-packages/airflow/example_dags/example_branch_operator.py
[2022-09-02 18:34:54,680] {processor.py:641} INFO - Processing file /home/airflow/.local/lib/python3.7/site-packages/airflow/example_dags/example_branch_operator.py for tasks to queue
[2022-09-02 18:34:54,920] {logging_mixin.py:115} INFO - [2022-09-02 18:34:54,912] {dagbag.py:508} INFO - Filling up the DagBag from /home/airflow/.local/lib/python3.7/site-packages/airflow/example_dags/example_branch_operator.py
[2022-09-02 18:34:55,558] {processor.py:651} INFO - DAG(s) dict_keys(['example_branch_operator']) retrieved from /home/airflow/.local/lib/python3.7/site-packages/airflow/example_dags/example_branch_operator.py
[2022-09-02 18:34:56,602] {logging_mixin.py:115} INFO - [2022-09-02 18:34:56,602] {dag.py:2420} INFO - Sync 1 DAGs
[2022-09-02 18:34:57,790] {logging_mixin.py:115} INFO - [2022-09-02 18:34:57,790] {dag.py:2972} INFO - Setting next_dagrun for example_branch_operator to 2022-09-01T00:00:00+00:00, run_after=2022-09-02T00:00:00+00:00
[2022-09-02 18:34:57,946] {processor.py:161} INFO - Processing /home/airflow/.local/lib/python3.7/site-packages/airflow/example_dags/example_branch_operator.py took 3.998 seconds
[2022-09-02 18:35:32,725] {processor.py:153} INFO - Started process (PID=1056) to work on /home/airflow/.local/lib/python3.7/site-packages/airflow/example_dags/example_branch_operator.py
[2022-09-02 18:35:32,728] {processor.py:641} INFO - Processing file /home/airflow/.local/lib/python3.7/site-packages/airflow/example_dags/example_branch_operator.py for tasks to queue
[2022-09-02 18:35:32,732] {logging_mixin.py:115} INFO - [2022-09-02 18:35:32,731] {dagbag.py:508} INFO - Filling up the DagBag from /home/airflow/.local/lib/python3.7/site-packages/airflow/example_dags/example_branch_operator.py
[2022-09-02 18:35:32,765] {processor.py:651} INFO - DAG(s) dict_keys(['example_branch_operator']) retrieved from /home/airflow/.local/lib/python3.7/site-packages/airflow/example_dags/example_branch_operator.py
[2022-09-02 18:35:32,873] {logging_mixin.py:115} INFO - [2022-09-02 18:35:32,873] {dag.py:2420} INFO - Sync 1 DAGs
[2022-09-02 18:35:32,948] {logging_mixin.py:115} INFO - [2022-09-02 18:35:32,948] {dag.py:2972} INFO - Setting next_dagrun for example_branch_operator to 2022-09-01T00:00:00+00:00, run_after=2022-09-02T00:00:00+00:00
[2022-09-02 18:35:33,009] {processor.py:161} INFO - Processing /home/airflow/.local/lib/python3.7/site-packages/airflow/example_dags/example_branch_operator.py took 0.294 seconds
[2022-09-02 18:36:09,052] {processor.py:153} INFO - Started process (PID=1113) to work on /home/airflow/.local/lib/python3.7/site-packages/airflow/example_dags/example_branch_operator.py
[2022-09-02 18:36:09,057] {processor.py:641} INFO - Processing file /home/airflow/.local/lib/python3.7/site-packages/airflow/example_dags/example_branch_operator.py for tasks to queue
[2022-09-02 18:36:09,064] {logging_mixin.py:115} INFO - [2022-09-02 18:36:09,063] {dagbag.py:508} INFO - Filling up the DagBag from /home/airflow/.local/lib/python3.7/site-packages/airflow/example_dags/example_branch_operator.py
[2022-09-02 18:36:09,111] {processor.py:651} INFO - DAG(s) dict_keys(['example_branch_operator']) retrieved from /home/airflow/.local/lib/python3.7/site-packages/airflow/example_dags/example_branch_operator.py
[2022-09-02 18:36:09,247] {logging_mixin.py:115} INFO - [2022-09-02 18:36:09,247] {dag.py:2420} INFO - Sync 1 DAGs
[2022-09-02 18:36:09,469] {logging_mixin.py:115} INFO - [2022-09-02 18:36:09,468] {dag.py:2972} INFO - Setting next_dagrun for example_branch_operator to 2022-09-01T00:00:00+00:00, run_after=2022-09-02T00:00:00+00:00
[2022-09-02 18:36:09,531] {processor.py:161} INFO - Processing /home/airflow/.local/lib/python3.7/site-packages/airflow/example_dags/example_branch_operator.py took 0.493 seconds
[2022-09-02 18:36:44,444] {processor.py:153} INFO - Started process (PID=1168) to work on /home/airflow/.local/lib/python3.7/site-packages/airflow/example_dags/example_branch_operator.py
[2022-09-02 18:36:44,460] {processor.py:641} INFO - Processing file /home/airflow/.local/lib/python3.7/site-packages/airflow/example_dags/example_branch_operator.py for tasks to queue
[2022-09-02 18:36:44,481] {logging_mixin.py:115} INFO - [2022-09-02 18:36:44,471] {dagbag.py:508} INFO - Filling up the DagBag from /home/airflow/.local/lib/python3.7/site-packages/airflow/example_dags/example_branch_operator.py
[2022-09-02 18:36:45,227] {processor.py:651} INFO - DAG(s) dict_keys(['example_branch_operator']) retrieved from /home/airflow/.local/lib/python3.7/site-packages/airflow/example_dags/example_branch_operator.py
[2022-09-02 18:36:49,592] {logging_mixin.py:115} INFO - [2022-09-02 18:36:49,592] {dag.py:2420} INFO - Sync 1 DAGs
[2022-09-02 18:36:51,128] {logging_mixin.py:115} INFO - [2022-09-02 18:36:51,128] {dag.py:2972} INFO - Setting next_dagrun for example_branch_operator to 2022-09-01T00:00:00+00:00, run_after=2022-09-02T00:00:00+00:00
[2022-09-02 18:36:51,288] {processor.py:161} INFO - Processing /home/airflow/.local/lib/python3.7/site-packages/airflow/example_dags/example_branch_operator.py took 6.876 seconds
[2022-09-02 18:37:22,184] {processor.py:153} INFO - Started process (PID=1224) to work on /home/airflow/.local/lib/python3.7/site-packages/airflow/example_dags/example_branch_operator.py
[2022-09-02 18:37:22,190] {processor.py:641} INFO - Processing file /home/airflow/.local/lib/python3.7/site-packages/airflow/example_dags/example_branch_operator.py for tasks to queue
[2022-09-02 18:37:22,198] {logging_mixin.py:115} INFO - [2022-09-02 18:37:22,198] {dagbag.py:508} INFO - Filling up the DagBag from /home/airflow/.local/lib/python3.7/site-packages/airflow/example_dags/example_branch_operator.py
[2022-09-02 18:37:22,281] {processor.py:651} INFO - DAG(s) dict_keys(['example_branch_operator']) retrieved from /home/airflow/.local/lib/python3.7/site-packages/airflow/example_dags/example_branch_operator.py
[2022-09-02 18:37:22,512] {logging_mixin.py:115} INFO - [2022-09-02 18:37:22,512] {dag.py:2420} INFO - Sync 1 DAGs
[2022-09-02 18:37:22,632] {logging_mixin.py:115} INFO - [2022-09-02 18:37:22,631] {dag.py:2972} INFO - Setting next_dagrun for example_branch_operator to 2022-09-01T00:00:00+00:00, run_after=2022-09-02T00:00:00+00:00
[2022-09-02 18:37:22,730] {processor.py:161} INFO - Processing /home/airflow/.local/lib/python3.7/site-packages/airflow/example_dags/example_branch_operator.py took 0.585 seconds
[2022-09-02 18:37:53,378] {processor.py:153} INFO - Started process (PID=1279) to work on /home/airflow/.local/lib/python3.7/site-packages/airflow/example_dags/example_branch_operator.py
[2022-09-02 18:37:53,397] {processor.py:641} INFO - Processing file /home/airflow/.local/lib/python3.7/site-packages/airflow/example_dags/example_branch_operator.py for tasks to queue
[2022-09-02 18:37:53,408] {logging_mixin.py:115} INFO - [2022-09-02 18:37:53,407] {dagbag.py:508} INFO - Filling up the DagBag from /home/airflow/.local/lib/python3.7/site-packages/airflow/example_dags/example_branch_operator.py
[2022-09-02 18:37:53,564] {processor.py:651} INFO - DAG(s) dict_keys(['example_branch_operator']) retrieved from /home/airflow/.local/lib/python3.7/site-packages/airflow/example_dags/example_branch_operator.py
[2022-09-02 18:37:53,872] {logging_mixin.py:115} INFO - [2022-09-02 18:37:53,872] {dag.py:2420} INFO - Sync 1 DAGs
[2022-09-02 18:37:54,018] {logging_mixin.py:115} INFO - [2022-09-02 18:37:54,017] {dag.py:2972} INFO - Setting next_dagrun for example_branch_operator to 2022-09-01T00:00:00+00:00, run_after=2022-09-02T00:00:00+00:00
[2022-09-02 18:37:54,068] {processor.py:161} INFO - Processing /home/airflow/.local/lib/python3.7/site-packages/airflow/example_dags/example_branch_operator.py took 0.736 seconds
[2022-09-02 18:38:24,620] {processor.py:153} INFO - Started process (PID=1335) to work on /home/airflow/.local/lib/python3.7/site-packages/airflow/example_dags/example_branch_operator.py
[2022-09-02 18:38:24,623] {processor.py:641} INFO - Processing file /home/airflow/.local/lib/python3.7/site-packages/airflow/example_dags/example_branch_operator.py for tasks to queue
[2022-09-02 18:38:24,628] {logging_mixin.py:115} INFO - [2022-09-02 18:38:24,627] {dagbag.py:508} INFO - Filling up the DagBag from /home/airflow/.local/lib/python3.7/site-packages/airflow/example_dags/example_branch_operator.py
[2022-09-02 18:38:24,663] {processor.py:651} INFO - DAG(s) dict_keys(['example_branch_operator']) retrieved from /home/airflow/.local/lib/python3.7/site-packages/airflow/example_dags/example_branch_operator.py
[2022-09-02 18:38:24,788] {logging_mixin.py:115} INFO - [2022-09-02 18:38:24,788] {dag.py:2420} INFO - Sync 1 DAGs
[2022-09-02 18:38:24,905] {logging_mixin.py:115} INFO - [2022-09-02 18:38:24,905] {dag.py:2972} INFO - Setting next_dagrun for example_branch_operator to 2022-09-01T00:00:00+00:00, run_after=2022-09-02T00:00:00+00:00
[2022-09-02 18:38:25,055] {processor.py:161} INFO - Processing /home/airflow/.local/lib/python3.7/site-packages/airflow/example_dags/example_branch_operator.py took 0.445 seconds
[2022-09-02 18:38:55,689] {processor.py:153} INFO - Started process (PID=1396) to work on /home/airflow/.local/lib/python3.7/site-packages/airflow/example_dags/example_branch_operator.py
[2022-09-02 18:38:55,702] {processor.py:641} INFO - Processing file /home/airflow/.local/lib/python3.7/site-packages/airflow/example_dags/example_branch_operator.py for tasks to queue
[2022-09-02 18:38:55,725] {logging_mixin.py:115} INFO - [2022-09-02 18:38:55,724] {dagbag.py:508} INFO - Filling up the DagBag from /home/airflow/.local/lib/python3.7/site-packages/airflow/example_dags/example_branch_operator.py
[2022-09-02 18:38:55,773] {processor.py:651} INFO - DAG(s) dict_keys(['example_branch_operator']) retrieved from /home/airflow/.local/lib/python3.7/site-packages/airflow/example_dags/example_branch_operator.py
[2022-09-02 18:38:55,859] {logging_mixin.py:115} INFO - [2022-09-02 18:38:55,859] {dag.py:2420} INFO - Sync 1 DAGs
[2022-09-02 18:38:55,937] {logging_mixin.py:115} INFO - [2022-09-02 18:38:55,936] {dag.py:2972} INFO - Setting next_dagrun for example_branch_operator to 2022-09-01T00:00:00+00:00, run_after=2022-09-02T00:00:00+00:00
[2022-09-02 18:38:55,979] {processor.py:161} INFO - Processing /home/airflow/.local/lib/python3.7/site-packages/airflow/example_dags/example_branch_operator.py took 0.313 seconds
[2022-09-02 18:39:26,151] {processor.py:153} INFO - Started process (PID=1442) to work on /home/airflow/.local/lib/python3.7/site-packages/airflow/example_dags/example_branch_operator.py
[2022-09-02 18:39:26,154] {processor.py:641} INFO - Processing file /home/airflow/.local/lib/python3.7/site-packages/airflow/example_dags/example_branch_operator.py for tasks to queue
[2022-09-02 18:39:26,156] {logging_mixin.py:115} INFO - [2022-09-02 18:39:26,156] {dagbag.py:508} INFO - Filling up the DagBag from /home/airflow/.local/lib/python3.7/site-packages/airflow/example_dags/example_branch_operator.py
[2022-09-02 18:39:26,182] {processor.py:651} INFO - DAG(s) dict_keys(['example_branch_operator']) retrieved from /home/airflow/.local/lib/python3.7/site-packages/airflow/example_dags/example_branch_operator.py
[2022-09-02 18:39:26,251] {logging_mixin.py:115} INFO - [2022-09-02 18:39:26,250] {dag.py:2420} INFO - Sync 1 DAGs
[2022-09-02 18:39:26,313] {logging_mixin.py:115} INFO - [2022-09-02 18:39:26,312] {dag.py:2972} INFO - Setting next_dagrun for example_branch_operator to 2022-09-01T00:00:00+00:00, run_after=2022-09-02T00:00:00+00:00
[2022-09-02 18:39:26,350] {processor.py:161} INFO - Processing /home/airflow/.local/lib/python3.7/site-packages/airflow/example_dags/example_branch_operator.py took 0.205 seconds
