[2022-09-02 18:26:23,865] {processor.py:153} INFO - Started process (PID=127) to work on /home/airflow/.local/lib/python3.7/site-packages/airflow/example_dags/example_sla_dag.py
[2022-09-02 18:26:23,869] {processor.py:641} INFO - Processing file /home/airflow/.local/lib/python3.7/site-packages/airflow/example_dags/example_sla_dag.py for tasks to queue
[2022-09-02 18:26:23,884] {logging_mixin.py:115} INFO - [2022-09-02 18:26:23,884] {dagbag.py:508} INFO - Filling up the DagBag from /home/airflow/.local/lib/python3.7/site-packages/airflow/example_dags/example_sla_dag.py
[2022-09-02 18:26:24,451] {processor.py:651} INFO - DAG(s) dict_keys(['example_sla_dag']) retrieved from /home/airflow/.local/lib/python3.7/site-packages/airflow/example_dags/example_sla_dag.py
[2022-09-02 18:26:24,626] {logging_mixin.py:115} INFO - [2022-09-02 18:26:24,625] {manager.py:508} INFO - Created Permission View: can delete on DAG:example_sla_dag
[2022-09-02 18:26:24,653] {logging_mixin.py:115} INFO - [2022-09-02 18:26:24,652] {manager.py:508} INFO - Created Permission View: can edit on DAG:example_sla_dag
[2022-09-02 18:26:24,674] {logging_mixin.py:115} INFO - [2022-09-02 18:26:24,674] {manager.py:508} INFO - Created Permission View: can read on DAG:example_sla_dag
[2022-09-02 18:26:24,677] {logging_mixin.py:115} INFO - [2022-09-02 18:26:24,676] {dag.py:2420} INFO - Sync 1 DAGs
[2022-09-02 18:26:24,694] {logging_mixin.py:115} INFO - [2022-09-02 18:26:24,694] {dag.py:2439} INFO - Creating ORM DAG for example_sla_dag
[2022-09-02 18:26:24,759] {logging_mixin.py:115} INFO - [2022-09-02 18:26:24,759] {dag.py:2972} INFO - Setting next_dagrun for example_sla_dag to 2022-09-02T18:24:00+00:00, run_after=2022-09-02T18:26:00+00:00
[2022-09-02 18:26:24,842] {processor.py:161} INFO - Processing /home/airflow/.local/lib/python3.7/site-packages/airflow/example_dags/example_sla_dag.py took 0.989 seconds
[2022-09-02 18:26:55,569] {processor.py:153} INFO - Started process (PID=182) to work on /home/airflow/.local/lib/python3.7/site-packages/airflow/example_dags/example_sla_dag.py
[2022-09-02 18:26:55,573] {processor.py:641} INFO - Processing file /home/airflow/.local/lib/python3.7/site-packages/airflow/example_dags/example_sla_dag.py for tasks to queue
[2022-09-02 18:26:55,577] {logging_mixin.py:115} INFO - [2022-09-02 18:26:55,576] {dagbag.py:508} INFO - Filling up the DagBag from /home/airflow/.local/lib/python3.7/site-packages/airflow/example_dags/example_sla_dag.py
[2022-09-02 18:26:55,908] {processor.py:651} INFO - DAG(s) dict_keys(['example_sla_dag']) retrieved from /home/airflow/.local/lib/python3.7/site-packages/airflow/example_dags/example_sla_dag.py
[2022-09-02 18:26:55,980] {logging_mixin.py:115} INFO - [2022-09-02 18:26:55,980] {dag.py:2420} INFO - Sync 1 DAGs
[2022-09-02 18:26:56,035] {logging_mixin.py:115} INFO - [2022-09-02 18:26:56,035] {dag.py:2972} INFO - Setting next_dagrun for example_sla_dag to 2022-09-02T18:24:00+00:00, run_after=2022-09-02T18:26:00+00:00
[2022-09-02 18:26:56,070] {processor.py:161} INFO - Processing /home/airflow/.local/lib/python3.7/site-packages/airflow/example_dags/example_sla_dag.py took 0.522 seconds
[2022-09-02 18:27:26,720] {processor.py:153} INFO - Started process (PID=235) to work on /home/airflow/.local/lib/python3.7/site-packages/airflow/example_dags/example_sla_dag.py
[2022-09-02 18:27:26,722] {processor.py:641} INFO - Processing file /home/airflow/.local/lib/python3.7/site-packages/airflow/example_dags/example_sla_dag.py for tasks to queue
[2022-09-02 18:27:26,727] {logging_mixin.py:115} INFO - [2022-09-02 18:27:26,726] {dagbag.py:508} INFO - Filling up the DagBag from /home/airflow/.local/lib/python3.7/site-packages/airflow/example_dags/example_sla_dag.py
[2022-09-02 18:27:27,013] {processor.py:651} INFO - DAG(s) dict_keys(['example_sla_dag']) retrieved from /home/airflow/.local/lib/python3.7/site-packages/airflow/example_dags/example_sla_dag.py
[2022-09-02 18:27:27,066] {logging_mixin.py:115} INFO - [2022-09-02 18:27:27,066] {dag.py:2420} INFO - Sync 1 DAGs
[2022-09-02 18:27:27,143] {logging_mixin.py:115} INFO - [2022-09-02 18:27:27,142] {dag.py:2972} INFO - Setting next_dagrun for example_sla_dag to 2022-09-02T18:24:00+00:00, run_after=2022-09-02T18:26:00+00:00
[2022-09-02 18:27:27,174] {processor.py:161} INFO - Processing /home/airflow/.local/lib/python3.7/site-packages/airflow/example_dags/example_sla_dag.py took 0.466 seconds
[2022-09-02 18:27:57,608] {processor.py:153} INFO - Started process (PID=288) to work on /home/airflow/.local/lib/python3.7/site-packages/airflow/example_dags/example_sla_dag.py
[2022-09-02 18:27:57,610] {processor.py:641} INFO - Processing file /home/airflow/.local/lib/python3.7/site-packages/airflow/example_dags/example_sla_dag.py for tasks to queue
[2022-09-02 18:27:57,612] {logging_mixin.py:115} INFO - [2022-09-02 18:27:57,612] {dagbag.py:508} INFO - Filling up the DagBag from /home/airflow/.local/lib/python3.7/site-packages/airflow/example_dags/example_sla_dag.py
[2022-09-02 18:27:57,916] {processor.py:651} INFO - DAG(s) dict_keys(['example_sla_dag']) retrieved from /home/airflow/.local/lib/python3.7/site-packages/airflow/example_dags/example_sla_dag.py
[2022-09-02 18:27:57,979] {logging_mixin.py:115} INFO - [2022-09-02 18:27:57,979] {dag.py:2420} INFO - Sync 1 DAGs
[2022-09-02 18:27:58,058] {logging_mixin.py:115} INFO - [2022-09-02 18:27:58,057] {dag.py:2972} INFO - Setting next_dagrun for example_sla_dag to 2022-09-02T18:24:00+00:00, run_after=2022-09-02T18:26:00+00:00
[2022-09-02 18:27:58,091] {processor.py:161} INFO - Processing /home/airflow/.local/lib/python3.7/site-packages/airflow/example_dags/example_sla_dag.py took 0.491 seconds
[2022-09-02 18:28:28,394] {processor.py:153} INFO - Started process (PID=344) to work on /home/airflow/.local/lib/python3.7/site-packages/airflow/example_dags/example_sla_dag.py
[2022-09-02 18:28:28,396] {processor.py:641} INFO - Processing file /home/airflow/.local/lib/python3.7/site-packages/airflow/example_dags/example_sla_dag.py for tasks to queue
[2022-09-02 18:28:28,399] {logging_mixin.py:115} INFO - [2022-09-02 18:28:28,399] {dagbag.py:508} INFO - Filling up the DagBag from /home/airflow/.local/lib/python3.7/site-packages/airflow/example_dags/example_sla_dag.py
[2022-09-02 18:28:28,802] {processor.py:651} INFO - DAG(s) dict_keys(['example_sla_dag']) retrieved from /home/airflow/.local/lib/python3.7/site-packages/airflow/example_dags/example_sla_dag.py
[2022-09-02 18:28:28,952] {logging_mixin.py:115} INFO - [2022-09-02 18:28:28,950] {dag.py:2420} INFO - Sync 1 DAGs
[2022-09-02 18:28:29,214] {logging_mixin.py:115} INFO - [2022-09-02 18:28:29,214] {dag.py:2972} INFO - Setting next_dagrun for example_sla_dag to 2022-09-02T18:26:00+00:00, run_after=2022-09-02T18:28:00+00:00
[2022-09-02 18:28:29,267] {processor.py:161} INFO - Processing /home/airflow/.local/lib/python3.7/site-packages/airflow/example_dags/example_sla_dag.py took 0.883 seconds
[2022-09-02 18:28:59,405] {processor.py:153} INFO - Started process (PID=399) to work on /home/airflow/.local/lib/python3.7/site-packages/airflow/example_dags/example_sla_dag.py
[2022-09-02 18:28:59,408] {processor.py:641} INFO - Processing file /home/airflow/.local/lib/python3.7/site-packages/airflow/example_dags/example_sla_dag.py for tasks to queue
[2022-09-02 18:28:59,419] {logging_mixin.py:115} INFO - [2022-09-02 18:28:59,419] {dagbag.py:508} INFO - Filling up the DagBag from /home/airflow/.local/lib/python3.7/site-packages/airflow/example_dags/example_sla_dag.py
[2022-09-02 18:28:59,874] {processor.py:651} INFO - DAG(s) dict_keys(['example_sla_dag']) retrieved from /home/airflow/.local/lib/python3.7/site-packages/airflow/example_dags/example_sla_dag.py
[2022-09-02 18:28:59,972] {logging_mixin.py:115} INFO - [2022-09-02 18:28:59,971] {dag.py:2420} INFO - Sync 1 DAGs
[2022-09-02 18:29:00,107] {logging_mixin.py:115} INFO - [2022-09-02 18:29:00,106] {dag.py:2972} INFO - Setting next_dagrun for example_sla_dag to 2022-09-02T18:26:00+00:00, run_after=2022-09-02T18:28:00+00:00
[2022-09-02 18:29:00,161] {processor.py:161} INFO - Processing /home/airflow/.local/lib/python3.7/site-packages/airflow/example_dags/example_sla_dag.py took 0.769 seconds
[2022-09-02 18:29:30,569] {processor.py:153} INFO - Started process (PID=453) to work on /home/airflow/.local/lib/python3.7/site-packages/airflow/example_dags/example_sla_dag.py
[2022-09-02 18:29:30,573] {processor.py:641} INFO - Processing file /home/airflow/.local/lib/python3.7/site-packages/airflow/example_dags/example_sla_dag.py for tasks to queue
[2022-09-02 18:29:30,581] {logging_mixin.py:115} INFO - [2022-09-02 18:29:30,581] {dagbag.py:508} INFO - Filling up the DagBag from /home/airflow/.local/lib/python3.7/site-packages/airflow/example_dags/example_sla_dag.py
[2022-09-02 18:29:31,421] {processor.py:651} INFO - DAG(s) dict_keys(['example_sla_dag']) retrieved from /home/airflow/.local/lib/python3.7/site-packages/airflow/example_dags/example_sla_dag.py
[2022-09-02 18:29:31,688] {logging_mixin.py:115} INFO - [2022-09-02 18:29:31,687] {dag.py:2420} INFO - Sync 1 DAGs
[2022-09-02 18:29:31,885] {logging_mixin.py:115} INFO - [2022-09-02 18:29:31,885] {dag.py:2972} INFO - Setting next_dagrun for example_sla_dag to 2022-09-02T18:26:00+00:00, run_after=2022-09-02T18:28:00+00:00
[2022-09-02 18:29:31,929] {processor.py:161} INFO - Processing /home/airflow/.local/lib/python3.7/site-packages/airflow/example_dags/example_sla_dag.py took 1.378 seconds
[2022-09-02 18:30:02,084] {processor.py:153} INFO - Started process (PID=506) to work on /home/airflow/.local/lib/python3.7/site-packages/airflow/example_dags/example_sla_dag.py
[2022-09-02 18:30:02,086] {processor.py:641} INFO - Processing file /home/airflow/.local/lib/python3.7/site-packages/airflow/example_dags/example_sla_dag.py for tasks to queue
[2022-09-02 18:30:02,089] {logging_mixin.py:115} INFO - [2022-09-02 18:30:02,088] {dagbag.py:508} INFO - Filling up the DagBag from /home/airflow/.local/lib/python3.7/site-packages/airflow/example_dags/example_sla_dag.py
[2022-09-02 18:30:02,466] {processor.py:651} INFO - DAG(s) dict_keys(['example_sla_dag']) retrieved from /home/airflow/.local/lib/python3.7/site-packages/airflow/example_dags/example_sla_dag.py
[2022-09-02 18:30:02,542] {logging_mixin.py:115} INFO - [2022-09-02 18:30:02,542] {dag.py:2420} INFO - Sync 1 DAGs
[2022-09-02 18:30:02,656] {logging_mixin.py:115} INFO - [2022-09-02 18:30:02,656] {dag.py:2972} INFO - Setting next_dagrun for example_sla_dag to 2022-09-02T18:28:00+00:00, run_after=2022-09-02T18:30:00+00:00
[2022-09-02 18:30:02,713] {processor.py:161} INFO - Processing /home/airflow/.local/lib/python3.7/site-packages/airflow/example_dags/example_sla_dag.py took 0.636 seconds
[2022-09-02 18:30:33,214] {processor.py:153} INFO - Started process (PID=562) to work on /home/airflow/.local/lib/python3.7/site-packages/airflow/example_dags/example_sla_dag.py
[2022-09-02 18:30:33,217] {processor.py:641} INFO - Processing file /home/airflow/.local/lib/python3.7/site-packages/airflow/example_dags/example_sla_dag.py for tasks to queue
[2022-09-02 18:30:33,219] {logging_mixin.py:115} INFO - [2022-09-02 18:30:33,219] {dagbag.py:508} INFO - Filling up the DagBag from /home/airflow/.local/lib/python3.7/site-packages/airflow/example_dags/example_sla_dag.py
[2022-09-02 18:30:33,571] {processor.py:651} INFO - DAG(s) dict_keys(['example_sla_dag']) retrieved from /home/airflow/.local/lib/python3.7/site-packages/airflow/example_dags/example_sla_dag.py
[2022-09-02 18:30:33,763] {logging_mixin.py:115} INFO - [2022-09-02 18:30:33,763] {dag.py:2420} INFO - Sync 1 DAGs
[2022-09-02 18:30:33,996] {logging_mixin.py:115} INFO - [2022-09-02 18:30:33,996] {dag.py:2972} INFO - Setting next_dagrun for example_sla_dag to 2022-09-02T18:28:00+00:00, run_after=2022-09-02T18:30:00+00:00
[2022-09-02 18:30:34,027] {processor.py:161} INFO - Processing /home/airflow/.local/lib/python3.7/site-packages/airflow/example_dags/example_sla_dag.py took 0.822 seconds
[2022-09-02 18:31:04,251] {processor.py:153} INFO - Started process (PID=616) to work on /home/airflow/.local/lib/python3.7/site-packages/airflow/example_dags/example_sla_dag.py
[2022-09-02 18:31:04,253] {processor.py:641} INFO - Processing file /home/airflow/.local/lib/python3.7/site-packages/airflow/example_dags/example_sla_dag.py for tasks to queue
[2022-09-02 18:31:04,260] {logging_mixin.py:115} INFO - [2022-09-02 18:31:04,259] {dagbag.py:508} INFO - Filling up the DagBag from /home/airflow/.local/lib/python3.7/site-packages/airflow/example_dags/example_sla_dag.py
[2022-09-02 18:31:04,547] {processor.py:651} INFO - DAG(s) dict_keys(['example_sla_dag']) retrieved from /home/airflow/.local/lib/python3.7/site-packages/airflow/example_dags/example_sla_dag.py
[2022-09-02 18:31:04,610] {logging_mixin.py:115} INFO - [2022-09-02 18:31:04,610] {dag.py:2420} INFO - Sync 1 DAGs
[2022-09-02 18:31:04,749] {logging_mixin.py:115} INFO - [2022-09-02 18:31:04,749] {dag.py:2972} INFO - Setting next_dagrun for example_sla_dag to 2022-09-02T18:28:00+00:00, run_after=2022-09-02T18:30:00+00:00
[2022-09-02 18:31:04,828] {processor.py:161} INFO - Processing /home/airflow/.local/lib/python3.7/site-packages/airflow/example_dags/example_sla_dag.py took 0.584 seconds
[2022-09-02 18:31:34,937] {processor.py:153} INFO - Started process (PID=673) to work on /home/airflow/.local/lib/python3.7/site-packages/airflow/example_dags/example_sla_dag.py
[2022-09-02 18:31:34,941] {processor.py:641} INFO - Processing file /home/airflow/.local/lib/python3.7/site-packages/airflow/example_dags/example_sla_dag.py for tasks to queue
[2022-09-02 18:31:34,945] {logging_mixin.py:115} INFO - [2022-09-02 18:31:34,945] {dagbag.py:508} INFO - Filling up the DagBag from /home/airflow/.local/lib/python3.7/site-packages/airflow/example_dags/example_sla_dag.py
[2022-09-02 18:31:35,003] {processor.py:651} INFO - DAG(s) dict_keys(['example_sla_dag']) retrieved from /home/airflow/.local/lib/python3.7/site-packages/airflow/example_dags/example_sla_dag.py
[2022-09-02 18:31:35,067] {logging_mixin.py:115} INFO - [2022-09-02 18:31:35,067] {dag.py:2420} INFO - Sync 1 DAGs
[2022-09-02 18:31:35,120] {logging_mixin.py:115} INFO - [2022-09-02 18:31:35,120] {dag.py:2972} INFO - Setting next_dagrun for example_sla_dag to 2022-09-02T18:28:00+00:00, run_after=2022-09-02T18:30:00+00:00
[2022-09-02 18:31:35,151] {processor.py:161} INFO - Processing /home/airflow/.local/lib/python3.7/site-packages/airflow/example_dags/example_sla_dag.py took 0.222 seconds
[2022-09-02 18:32:08,969] {processor.py:153} INFO - Started process (PID=722) to work on /home/airflow/.local/lib/python3.7/site-packages/airflow/example_dags/example_sla_dag.py
[2022-09-02 18:32:08,977] {processor.py:641} INFO - Processing file /home/airflow/.local/lib/python3.7/site-packages/airflow/example_dags/example_sla_dag.py for tasks to queue
[2022-09-02 18:32:08,989] {logging_mixin.py:115} INFO - [2022-09-02 18:32:08,984] {dagbag.py:508} INFO - Filling up the DagBag from /home/airflow/.local/lib/python3.7/site-packages/airflow/example_dags/example_sla_dag.py
[2022-09-02 18:32:09,533] {processor.py:651} INFO - DAG(s) dict_keys(['example_sla_dag']) retrieved from /home/airflow/.local/lib/python3.7/site-packages/airflow/example_dags/example_sla_dag.py
[2022-09-02 18:32:09,955] {logging_mixin.py:115} INFO - [2022-09-02 18:32:09,955] {dag.py:2420} INFO - Sync 1 DAGs
[2022-09-02 18:32:10,263] {logging_mixin.py:115} INFO - [2022-09-02 18:32:10,260] {dag.py:2972} INFO - Setting next_dagrun for example_sla_dag to 2022-09-02T18:30:00+00:00, run_after=2022-09-02T18:32:00+00:00
[2022-09-02 18:32:10,565] {processor.py:161} INFO - Processing /home/airflow/.local/lib/python3.7/site-packages/airflow/example_dags/example_sla_dag.py took 1.666 seconds
[2022-09-02 18:32:40,750] {processor.py:153} INFO - Started process (PID=778) to work on /home/airflow/.local/lib/python3.7/site-packages/airflow/example_dags/example_sla_dag.py
[2022-09-02 18:32:40,753] {processor.py:641} INFO - Processing file /home/airflow/.local/lib/python3.7/site-packages/airflow/example_dags/example_sla_dag.py for tasks to queue
[2022-09-02 18:32:40,756] {logging_mixin.py:115} INFO - [2022-09-02 18:32:40,756] {dagbag.py:508} INFO - Filling up the DagBag from /home/airflow/.local/lib/python3.7/site-packages/airflow/example_dags/example_sla_dag.py
[2022-09-02 18:32:40,797] {processor.py:651} INFO - DAG(s) dict_keys(['example_sla_dag']) retrieved from /home/airflow/.local/lib/python3.7/site-packages/airflow/example_dags/example_sla_dag.py
[2022-09-02 18:32:40,857] {logging_mixin.py:115} INFO - [2022-09-02 18:32:40,857] {dag.py:2420} INFO - Sync 1 DAGs
[2022-09-02 18:32:40,909] {logging_mixin.py:115} INFO - [2022-09-02 18:32:40,909] {dag.py:2972} INFO - Setting next_dagrun for example_sla_dag to 2022-09-02T18:30:00+00:00, run_after=2022-09-02T18:32:00+00:00
[2022-09-02 18:32:40,942] {processor.py:161} INFO - Processing /home/airflow/.local/lib/python3.7/site-packages/airflow/example_dags/example_sla_dag.py took 0.200 seconds
[2022-09-02 18:33:11,132] {processor.py:153} INFO - Started process (PID=833) to work on /home/airflow/.local/lib/python3.7/site-packages/airflow/example_dags/example_sla_dag.py
[2022-09-02 18:33:11,136] {processor.py:641} INFO - Processing file /home/airflow/.local/lib/python3.7/site-packages/airflow/example_dags/example_sla_dag.py for tasks to queue
[2022-09-02 18:33:11,141] {logging_mixin.py:115} INFO - [2022-09-02 18:33:11,141] {dagbag.py:508} INFO - Filling up the DagBag from /home/airflow/.local/lib/python3.7/site-packages/airflow/example_dags/example_sla_dag.py
[2022-09-02 18:33:11,270] {processor.py:651} INFO - DAG(s) dict_keys(['example_sla_dag']) retrieved from /home/airflow/.local/lib/python3.7/site-packages/airflow/example_dags/example_sla_dag.py
[2022-09-02 18:33:11,457] {logging_mixin.py:115} INFO - [2022-09-02 18:33:11,456] {dag.py:2420} INFO - Sync 1 DAGs
[2022-09-02 18:33:11,680] {logging_mixin.py:115} INFO - [2022-09-02 18:33:11,679] {dag.py:2972} INFO - Setting next_dagrun for example_sla_dag to 2022-09-02T18:30:00+00:00, run_after=2022-09-02T18:32:00+00:00
[2022-09-02 18:33:11,793] {processor.py:161} INFO - Processing /home/airflow/.local/lib/python3.7/site-packages/airflow/example_dags/example_sla_dag.py took 0.667 seconds
[2022-09-02 18:33:42,413] {processor.py:153} INFO - Started process (PID=888) to work on /home/airflow/.local/lib/python3.7/site-packages/airflow/example_dags/example_sla_dag.py
[2022-09-02 18:33:42,418] {processor.py:641} INFO - Processing file /home/airflow/.local/lib/python3.7/site-packages/airflow/example_dags/example_sla_dag.py for tasks to queue
[2022-09-02 18:33:42,422] {logging_mixin.py:115} INFO - [2022-09-02 18:33:42,422] {dagbag.py:508} INFO - Filling up the DagBag from /home/airflow/.local/lib/python3.7/site-packages/airflow/example_dags/example_sla_dag.py
[2022-09-02 18:33:42,545] {processor.py:651} INFO - DAG(s) dict_keys(['example_sla_dag']) retrieved from /home/airflow/.local/lib/python3.7/site-packages/airflow/example_dags/example_sla_dag.py
[2022-09-02 18:33:42,796] {logging_mixin.py:115} INFO - [2022-09-02 18:33:42,796] {dag.py:2420} INFO - Sync 1 DAGs
[2022-09-02 18:33:43,011] {logging_mixin.py:115} INFO - [2022-09-02 18:33:43,011] {dag.py:2972} INFO - Setting next_dagrun for example_sla_dag to 2022-09-02T18:30:00+00:00, run_after=2022-09-02T18:32:00+00:00
[2022-09-02 18:33:43,060] {processor.py:161} INFO - Processing /home/airflow/.local/lib/python3.7/site-packages/airflow/example_dags/example_sla_dag.py took 0.689 seconds
[2022-09-02 18:34:13,702] {processor.py:153} INFO - Started process (PID=941) to work on /home/airflow/.local/lib/python3.7/site-packages/airflow/example_dags/example_sla_dag.py
[2022-09-02 18:34:13,704] {processor.py:641} INFO - Processing file /home/airflow/.local/lib/python3.7/site-packages/airflow/example_dags/example_sla_dag.py for tasks to queue
[2022-09-02 18:34:13,707] {logging_mixin.py:115} INFO - [2022-09-02 18:34:13,707] {dagbag.py:508} INFO - Filling up the DagBag from /home/airflow/.local/lib/python3.7/site-packages/airflow/example_dags/example_sla_dag.py
[2022-09-02 18:34:13,752] {processor.py:651} INFO - DAG(s) dict_keys(['example_sla_dag']) retrieved from /home/airflow/.local/lib/python3.7/site-packages/airflow/example_dags/example_sla_dag.py
[2022-09-02 18:34:13,822] {logging_mixin.py:115} INFO - [2022-09-02 18:34:13,822] {dag.py:2420} INFO - Sync 1 DAGs
[2022-09-02 18:34:13,883] {logging_mixin.py:115} INFO - [2022-09-02 18:34:13,883] {dag.py:2972} INFO - Setting next_dagrun for example_sla_dag to 2022-09-02T18:32:00+00:00, run_after=2022-09-02T18:34:00+00:00
[2022-09-02 18:34:13,915] {processor.py:161} INFO - Processing /home/airflow/.local/lib/python3.7/site-packages/airflow/example_dags/example_sla_dag.py took 0.221 seconds
[2022-09-02 18:35:01,730] {processor.py:153} INFO - Started process (PID=1001) to work on /home/airflow/.local/lib/python3.7/site-packages/airflow/example_dags/example_sla_dag.py
[2022-09-02 18:35:01,789] {processor.py:641} INFO - Processing file /home/airflow/.local/lib/python3.7/site-packages/airflow/example_dags/example_sla_dag.py for tasks to queue
[2022-09-02 18:35:01,799] {logging_mixin.py:115} INFO - [2022-09-02 18:35:01,799] {dagbag.py:508} INFO - Filling up the DagBag from /home/airflow/.local/lib/python3.7/site-packages/airflow/example_dags/example_sla_dag.py
[2022-09-02 18:35:02,371] {processor.py:651} INFO - DAG(s) dict_keys(['example_sla_dag']) retrieved from /home/airflow/.local/lib/python3.7/site-packages/airflow/example_dags/example_sla_dag.py
[2022-09-02 18:35:03,350] {logging_mixin.py:115} INFO - [2022-09-02 18:35:03,349] {dag.py:2420} INFO - Sync 1 DAGs
[2022-09-02 18:35:03,704] {logging_mixin.py:115} INFO - [2022-09-02 18:35:03,704] {dag.py:2972} INFO - Setting next_dagrun for example_sla_dag to 2022-09-02T18:32:00+00:00, run_after=2022-09-02T18:34:00+00:00
[2022-09-02 18:35:03,790] {processor.py:161} INFO - Processing /home/airflow/.local/lib/python3.7/site-packages/airflow/example_dags/example_sla_dag.py took 2.436 seconds
[2022-09-02 18:35:34,101] {processor.py:153} INFO - Started process (PID=1058) to work on /home/airflow/.local/lib/python3.7/site-packages/airflow/example_dags/example_sla_dag.py
[2022-09-02 18:35:34,104] {processor.py:641} INFO - Processing file /home/airflow/.local/lib/python3.7/site-packages/airflow/example_dags/example_sla_dag.py for tasks to queue
[2022-09-02 18:35:34,107] {logging_mixin.py:115} INFO - [2022-09-02 18:35:34,106] {dagbag.py:508} INFO - Filling up the DagBag from /home/airflow/.local/lib/python3.7/site-packages/airflow/example_dags/example_sla_dag.py
[2022-09-02 18:35:34,161] {processor.py:651} INFO - DAG(s) dict_keys(['example_sla_dag']) retrieved from /home/airflow/.local/lib/python3.7/site-packages/airflow/example_dags/example_sla_dag.py
[2022-09-02 18:35:34,239] {logging_mixin.py:115} INFO - [2022-09-02 18:35:34,238] {dag.py:2420} INFO - Sync 1 DAGs
[2022-09-02 18:35:34,326] {logging_mixin.py:115} INFO - [2022-09-02 18:35:34,326] {dag.py:2972} INFO - Setting next_dagrun for example_sla_dag to 2022-09-02T18:32:00+00:00, run_after=2022-09-02T18:34:00+00:00
[2022-09-02 18:35:34,361] {processor.py:161} INFO - Processing /home/airflow/.local/lib/python3.7/site-packages/airflow/example_dags/example_sla_dag.py took 0.269 seconds
[2022-09-02 18:36:08,031] {processor.py:153} INFO - Started process (PID=1109) to work on /home/airflow/.local/lib/python3.7/site-packages/airflow/example_dags/example_sla_dag.py
[2022-09-02 18:36:08,035] {processor.py:641} INFO - Processing file /home/airflow/.local/lib/python3.7/site-packages/airflow/example_dags/example_sla_dag.py for tasks to queue
[2022-09-02 18:36:08,050] {logging_mixin.py:115} INFO - [2022-09-02 18:36:08,048] {dagbag.py:508} INFO - Filling up the DagBag from /home/airflow/.local/lib/python3.7/site-packages/airflow/example_dags/example_sla_dag.py
[2022-09-02 18:36:08,123] {processor.py:651} INFO - DAG(s) dict_keys(['example_sla_dag']) retrieved from /home/airflow/.local/lib/python3.7/site-packages/airflow/example_dags/example_sla_dag.py
[2022-09-02 18:36:08,237] {logging_mixin.py:115} INFO - [2022-09-02 18:36:08,237] {dag.py:2420} INFO - Sync 1 DAGs
[2022-09-02 18:36:08,333] {logging_mixin.py:115} INFO - [2022-09-02 18:36:08,332] {dag.py:2972} INFO - Setting next_dagrun for example_sla_dag to 2022-09-02T18:34:00+00:00, run_after=2022-09-02T18:36:00+00:00
[2022-09-02 18:36:08,376] {processor.py:161} INFO - Processing /home/airflow/.local/lib/python3.7/site-packages/airflow/example_dags/example_sla_dag.py took 0.354 seconds
[2022-09-02 18:36:40,304] {processor.py:153} INFO - Started process (PID=1163) to work on /home/airflow/.local/lib/python3.7/site-packages/airflow/example_dags/example_sla_dag.py
[2022-09-02 18:36:40,335] {processor.py:641} INFO - Processing file /home/airflow/.local/lib/python3.7/site-packages/airflow/example_dags/example_sla_dag.py for tasks to queue
[2022-09-02 18:36:40,341] {logging_mixin.py:115} INFO - [2022-09-02 18:36:40,341] {dagbag.py:508} INFO - Filling up the DagBag from /home/airflow/.local/lib/python3.7/site-packages/airflow/example_dags/example_sla_dag.py
[2022-09-02 18:36:40,528] {processor.py:651} INFO - DAG(s) dict_keys(['example_sla_dag']) retrieved from /home/airflow/.local/lib/python3.7/site-packages/airflow/example_dags/example_sla_dag.py
[2022-09-02 18:36:40,794] {logging_mixin.py:115} INFO - [2022-09-02 18:36:40,794] {dag.py:2420} INFO - Sync 1 DAGs
[2022-09-02 18:36:40,906] {logging_mixin.py:115} INFO - [2022-09-02 18:36:40,906] {dag.py:2972} INFO - Setting next_dagrun for example_sla_dag to 2022-09-02T18:34:00+00:00, run_after=2022-09-02T18:36:00+00:00
[2022-09-02 18:36:40,950] {processor.py:161} INFO - Processing /home/airflow/.local/lib/python3.7/site-packages/airflow/example_dags/example_sla_dag.py took 0.893 seconds
[2022-09-02 18:37:14,759] {processor.py:153} INFO - Started process (PID=1216) to work on /home/airflow/.local/lib/python3.7/site-packages/airflow/example_dags/example_sla_dag.py
[2022-09-02 18:37:14,769] {processor.py:641} INFO - Processing file /home/airflow/.local/lib/python3.7/site-packages/airflow/example_dags/example_sla_dag.py for tasks to queue
[2022-09-02 18:37:14,798] {logging_mixin.py:115} INFO - [2022-09-02 18:37:14,798] {dagbag.py:508} INFO - Filling up the DagBag from /home/airflow/.local/lib/python3.7/site-packages/airflow/example_dags/example_sla_dag.py
[2022-09-02 18:37:14,917] {processor.py:651} INFO - DAG(s) dict_keys(['example_sla_dag']) retrieved from /home/airflow/.local/lib/python3.7/site-packages/airflow/example_dags/example_sla_dag.py
[2022-09-02 18:37:15,086] {logging_mixin.py:115} INFO - [2022-09-02 18:37:15,086] {dag.py:2420} INFO - Sync 1 DAGs
[2022-09-02 18:37:15,378] {logging_mixin.py:115} INFO - [2022-09-02 18:37:15,377] {dag.py:2972} INFO - Setting next_dagrun for example_sla_dag to 2022-09-02T18:34:00+00:00, run_after=2022-09-02T18:36:00+00:00
[2022-09-02 18:37:15,511] {processor.py:161} INFO - Processing /home/airflow/.local/lib/python3.7/site-packages/airflow/example_dags/example_sla_dag.py took 0.787 seconds
[2022-09-02 18:37:46,031] {processor.py:153} INFO - Started process (PID=1273) to work on /home/airflow/.local/lib/python3.7/site-packages/airflow/example_dags/example_sla_dag.py
[2022-09-02 18:37:46,226] {processor.py:641} INFO - Processing file /home/airflow/.local/lib/python3.7/site-packages/airflow/example_dags/example_sla_dag.py for tasks to queue
[2022-09-02 18:37:46,312] {logging_mixin.py:115} INFO - [2022-09-02 18:37:46,310] {dagbag.py:508} INFO - Filling up the DagBag from /home/airflow/.local/lib/python3.7/site-packages/airflow/example_dags/example_sla_dag.py
[2022-09-02 18:37:46,551] {processor.py:651} INFO - DAG(s) dict_keys(['example_sla_dag']) retrieved from /home/airflow/.local/lib/python3.7/site-packages/airflow/example_dags/example_sla_dag.py
[2022-09-02 18:37:46,651] {logging_mixin.py:115} INFO - [2022-09-02 18:37:46,651] {dag.py:2420} INFO - Sync 1 DAGs
[2022-09-02 18:37:46,834] {logging_mixin.py:115} INFO - [2022-09-02 18:37:46,834] {dag.py:2972} INFO - Setting next_dagrun for example_sla_dag to 2022-09-02T18:34:00+00:00, run_after=2022-09-02T18:36:00+00:00
[2022-09-02 18:37:46,896] {processor.py:161} INFO - Processing /home/airflow/.local/lib/python3.7/site-packages/airflow/example_dags/example_sla_dag.py took 0.886 seconds
[2022-09-02 18:38:17,800] {processor.py:153} INFO - Started process (PID=1329) to work on /home/airflow/.local/lib/python3.7/site-packages/airflow/example_dags/example_sla_dag.py
[2022-09-02 18:38:17,802] {processor.py:641} INFO - Processing file /home/airflow/.local/lib/python3.7/site-packages/airflow/example_dags/example_sla_dag.py for tasks to queue
[2022-09-02 18:38:17,806] {logging_mixin.py:115} INFO - [2022-09-02 18:38:17,806] {dagbag.py:508} INFO - Filling up the DagBag from /home/airflow/.local/lib/python3.7/site-packages/airflow/example_dags/example_sla_dag.py
[2022-09-02 18:38:17,855] {processor.py:651} INFO - DAG(s) dict_keys(['example_sla_dag']) retrieved from /home/airflow/.local/lib/python3.7/site-packages/airflow/example_dags/example_sla_dag.py
[2022-09-02 18:38:17,931] {logging_mixin.py:115} INFO - [2022-09-02 18:38:17,930] {dag.py:2420} INFO - Sync 1 DAGs
[2022-09-02 18:38:18,003] {logging_mixin.py:115} INFO - [2022-09-02 18:38:18,002] {dag.py:2972} INFO - Setting next_dagrun for example_sla_dag to 2022-09-02T18:36:00+00:00, run_after=2022-09-02T18:38:00+00:00
[2022-09-02 18:38:18,045] {processor.py:161} INFO - Processing /home/airflow/.local/lib/python3.7/site-packages/airflow/example_dags/example_sla_dag.py took 0.255 seconds
[2022-09-02 18:38:48,546] {processor.py:153} INFO - Started process (PID=1383) to work on /home/airflow/.local/lib/python3.7/site-packages/airflow/example_dags/example_sla_dag.py
[2022-09-02 18:38:48,549] {processor.py:641} INFO - Processing file /home/airflow/.local/lib/python3.7/site-packages/airflow/example_dags/example_sla_dag.py for tasks to queue
[2022-09-02 18:38:48,558] {logging_mixin.py:115} INFO - [2022-09-02 18:38:48,556] {dagbag.py:508} INFO - Filling up the DagBag from /home/airflow/.local/lib/python3.7/site-packages/airflow/example_dags/example_sla_dag.py
[2022-09-02 18:38:48,638] {processor.py:651} INFO - DAG(s) dict_keys(['example_sla_dag']) retrieved from /home/airflow/.local/lib/python3.7/site-packages/airflow/example_dags/example_sla_dag.py
[2022-09-02 18:38:48,718] {logging_mixin.py:115} INFO - [2022-09-02 18:38:48,717] {dag.py:2420} INFO - Sync 1 DAGs
[2022-09-02 18:38:48,822] {logging_mixin.py:115} INFO - [2022-09-02 18:38:48,821] {dag.py:2972} INFO - Setting next_dagrun for example_sla_dag to 2022-09-02T18:36:00+00:00, run_after=2022-09-02T18:38:00+00:00
[2022-09-02 18:38:48,875] {processor.py:161} INFO - Processing /home/airflow/.local/lib/python3.7/site-packages/airflow/example_dags/example_sla_dag.py took 0.338 seconds
[2022-09-02 18:39:20,315] {processor.py:153} INFO - Started process (PID=1436) to work on /home/airflow/.local/lib/python3.7/site-packages/airflow/example_dags/example_sla_dag.py
[2022-09-02 18:39:20,330] {processor.py:641} INFO - Processing file /home/airflow/.local/lib/python3.7/site-packages/airflow/example_dags/example_sla_dag.py for tasks to queue
[2022-09-02 18:39:20,350] {logging_mixin.py:115} INFO - [2022-09-02 18:39:20,349] {dagbag.py:508} INFO - Filling up the DagBag from /home/airflow/.local/lib/python3.7/site-packages/airflow/example_dags/example_sla_dag.py
[2022-09-02 18:39:20,470] {processor.py:651} INFO - DAG(s) dict_keys(['example_sla_dag']) retrieved from /home/airflow/.local/lib/python3.7/site-packages/airflow/example_dags/example_sla_dag.py
[2022-09-02 18:39:20,822] {logging_mixin.py:115} INFO - [2022-09-02 18:39:20,822] {dag.py:2420} INFO - Sync 1 DAGs
[2022-09-02 18:39:21,184] {logging_mixin.py:115} INFO - [2022-09-02 18:39:21,183] {dag.py:2972} INFO - Setting next_dagrun for example_sla_dag to 2022-09-02T18:36:00+00:00, run_after=2022-09-02T18:38:00+00:00
[2022-09-02 18:39:21,275] {processor.py:161} INFO - Processing /home/airflow/.local/lib/python3.7/site-packages/airflow/example_dags/example_sla_dag.py took 0.977 seconds
