[2022-09-02 18:26:25,385] {processor.py:153} INFO - Started process (PID=130) to work on /home/airflow/.local/lib/python3.7/site-packages/airflow/example_dags/example_branch_datetime_operator.py
[2022-09-02 18:26:25,391] {processor.py:641} INFO - Processing file /home/airflow/.local/lib/python3.7/site-packages/airflow/example_dags/example_branch_datetime_operator.py for tasks to queue
[2022-09-02 18:26:25,397] {logging_mixin.py:115} INFO - [2022-09-02 18:26:25,397] {dagbag.py:508} INFO - Filling up the DagBag from /home/airflow/.local/lib/python3.7/site-packages/airflow/example_dags/example_branch_datetime_operator.py
[2022-09-02 18:26:25,446] {processor.py:651} INFO - DAG(s) dict_keys(['example_branch_datetime_operator', 'example_branch_datetime_operator_2']) retrieved from /home/airflow/.local/lib/python3.7/site-packages/airflow/example_dags/example_branch_datetime_operator.py
[2022-09-02 18:26:26,331] {logging_mixin.py:115} INFO - [2022-09-02 18:26:26,331] {manager.py:508} INFO - Created Permission View: can delete on DAG:example_branch_datetime_operator
[2022-09-02 18:26:26,385] {logging_mixin.py:115} INFO - [2022-09-02 18:26:26,385] {manager.py:508} INFO - Created Permission View: can edit on DAG:example_branch_datetime_operator
[2022-09-02 18:26:26,430] {logging_mixin.py:115} INFO - [2022-09-02 18:26:26,429] {manager.py:508} INFO - Created Permission View: can read on DAG:example_branch_datetime_operator
[2022-09-02 18:26:26,493] {logging_mixin.py:115} INFO - [2022-09-02 18:26:26,493] {manager.py:508} INFO - Created Permission View: can delete on DAG:example_branch_datetime_operator_2
[2022-09-02 18:26:26,520] {logging_mixin.py:115} INFO - [2022-09-02 18:26:26,520] {manager.py:508} INFO - Created Permission View: can edit on DAG:example_branch_datetime_operator_2
[2022-09-02 18:26:26,545] {logging_mixin.py:115} INFO - [2022-09-02 18:26:26,545] {manager.py:508} INFO - Created Permission View: can read on DAG:example_branch_datetime_operator_2
[2022-09-02 18:26:26,548] {logging_mixin.py:115} INFO - [2022-09-02 18:26:26,547] {dag.py:2420} INFO - Sync 2 DAGs
[2022-09-02 18:26:26,580] {logging_mixin.py:115} INFO - [2022-09-02 18:26:26,580] {dag.py:2439} INFO - Creating ORM DAG for example_branch_datetime_operator_2
[2022-09-02 18:26:26,583] {logging_mixin.py:115} INFO - [2022-09-02 18:26:26,582] {dag.py:2439} INFO - Creating ORM DAG for example_branch_datetime_operator
[2022-09-02 18:26:26,627] {logging_mixin.py:115} INFO - [2022-09-02 18:26:26,626] {dag.py:2972} INFO - Setting next_dagrun for example_branch_datetime_operator to 2022-09-01T00:00:00+00:00, run_after=2022-09-02T00:00:00+00:00
[2022-09-02 18:26:26,637] {logging_mixin.py:115} INFO - [2022-09-02 18:26:26,637] {dag.py:2972} INFO - Setting next_dagrun for example_branch_datetime_operator_2 to 2022-09-01T00:00:00+00:00, run_after=2022-09-02T00:00:00+00:00
[2022-09-02 18:26:26,715] {processor.py:161} INFO - Processing /home/airflow/.local/lib/python3.7/site-packages/airflow/example_dags/example_branch_datetime_operator.py took 1.340 seconds
[2022-09-02 18:26:57,150] {processor.py:153} INFO - Started process (PID=185) to work on /home/airflow/.local/lib/python3.7/site-packages/airflow/example_dags/example_branch_datetime_operator.py
[2022-09-02 18:26:57,152] {processor.py:641} INFO - Processing file /home/airflow/.local/lib/python3.7/site-packages/airflow/example_dags/example_branch_datetime_operator.py for tasks to queue
[2022-09-02 18:26:57,160] {logging_mixin.py:115} INFO - [2022-09-02 18:26:57,160] {dagbag.py:508} INFO - Filling up the DagBag from /home/airflow/.local/lib/python3.7/site-packages/airflow/example_dags/example_branch_datetime_operator.py
[2022-09-02 18:26:57,178] {processor.py:651} INFO - DAG(s) dict_keys(['example_branch_datetime_operator', 'example_branch_datetime_operator_2']) retrieved from /home/airflow/.local/lib/python3.7/site-packages/airflow/example_dags/example_branch_datetime_operator.py
[2022-09-02 18:26:57,465] {logging_mixin.py:115} INFO - [2022-09-02 18:26:57,465] {dag.py:2420} INFO - Sync 2 DAGs
[2022-09-02 18:26:57,515] {logging_mixin.py:115} INFO - [2022-09-02 18:26:57,514] {dag.py:2972} INFO - Setting next_dagrun for example_branch_datetime_operator to 2022-09-01T00:00:00+00:00, run_after=2022-09-02T00:00:00+00:00
[2022-09-02 18:26:57,519] {logging_mixin.py:115} INFO - [2022-09-02 18:26:57,519] {dag.py:2972} INFO - Setting next_dagrun for example_branch_datetime_operator_2 to 2022-09-01T00:00:00+00:00, run_after=2022-09-02T00:00:00+00:00
[2022-09-02 18:26:57,554] {processor.py:161} INFO - Processing /home/airflow/.local/lib/python3.7/site-packages/airflow/example_dags/example_branch_datetime_operator.py took 0.420 seconds
[2022-09-02 18:27:28,250] {processor.py:153} INFO - Started process (PID=238) to work on /home/airflow/.local/lib/python3.7/site-packages/airflow/example_dags/example_branch_datetime_operator.py
[2022-09-02 18:27:28,253] {processor.py:641} INFO - Processing file /home/airflow/.local/lib/python3.7/site-packages/airflow/example_dags/example_branch_datetime_operator.py for tasks to queue
[2022-09-02 18:27:28,255] {logging_mixin.py:115} INFO - [2022-09-02 18:27:28,255] {dagbag.py:508} INFO - Filling up the DagBag from /home/airflow/.local/lib/python3.7/site-packages/airflow/example_dags/example_branch_datetime_operator.py
[2022-09-02 18:27:28,283] {processor.py:651} INFO - DAG(s) dict_keys(['example_branch_datetime_operator', 'example_branch_datetime_operator_2']) retrieved from /home/airflow/.local/lib/python3.7/site-packages/airflow/example_dags/example_branch_datetime_operator.py
[2022-09-02 18:27:28,573] {logging_mixin.py:115} INFO - [2022-09-02 18:27:28,573] {dag.py:2420} INFO - Sync 2 DAGs
[2022-09-02 18:27:28,652] {logging_mixin.py:115} INFO - [2022-09-02 18:27:28,651] {dag.py:2972} INFO - Setting next_dagrun for example_branch_datetime_operator to 2022-09-01T00:00:00+00:00, run_after=2022-09-02T00:00:00+00:00
[2022-09-02 18:27:28,659] {logging_mixin.py:115} INFO - [2022-09-02 18:27:28,659] {dag.py:2972} INFO - Setting next_dagrun for example_branch_datetime_operator_2 to 2022-09-01T00:00:00+00:00, run_after=2022-09-02T00:00:00+00:00
[2022-09-02 18:27:28,689] {processor.py:161} INFO - Processing /home/airflow/.local/lib/python3.7/site-packages/airflow/example_dags/example_branch_datetime_operator.py took 0.447 seconds
[2022-09-02 18:27:59,156] {processor.py:153} INFO - Started process (PID=291) to work on /home/airflow/.local/lib/python3.7/site-packages/airflow/example_dags/example_branch_datetime_operator.py
[2022-09-02 18:27:59,159] {processor.py:641} INFO - Processing file /home/airflow/.local/lib/python3.7/site-packages/airflow/example_dags/example_branch_datetime_operator.py for tasks to queue
[2022-09-02 18:27:59,162] {logging_mixin.py:115} INFO - [2022-09-02 18:27:59,162] {dagbag.py:508} INFO - Filling up the DagBag from /home/airflow/.local/lib/python3.7/site-packages/airflow/example_dags/example_branch_datetime_operator.py
[2022-09-02 18:27:59,186] {processor.py:651} INFO - DAG(s) dict_keys(['example_branch_datetime_operator', 'example_branch_datetime_operator_2']) retrieved from /home/airflow/.local/lib/python3.7/site-packages/airflow/example_dags/example_branch_datetime_operator.py
[2022-09-02 18:27:59,458] {logging_mixin.py:115} INFO - [2022-09-02 18:27:59,458] {dag.py:2420} INFO - Sync 2 DAGs
[2022-09-02 18:27:59,503] {logging_mixin.py:115} INFO - [2022-09-02 18:27:59,503] {dag.py:2972} INFO - Setting next_dagrun for example_branch_datetime_operator to 2022-09-01T00:00:00+00:00, run_after=2022-09-02T00:00:00+00:00
[2022-09-02 18:27:59,507] {logging_mixin.py:115} INFO - [2022-09-02 18:27:59,506] {dag.py:2972} INFO - Setting next_dagrun for example_branch_datetime_operator_2 to 2022-09-01T00:00:00+00:00, run_after=2022-09-02T00:00:00+00:00
[2022-09-02 18:27:59,528] {processor.py:161} INFO - Processing /home/airflow/.local/lib/python3.7/site-packages/airflow/example_dags/example_branch_datetime_operator.py took 0.381 seconds
[2022-09-02 18:28:30,003] {processor.py:153} INFO - Started process (PID=347) to work on /home/airflow/.local/lib/python3.7/site-packages/airflow/example_dags/example_branch_datetime_operator.py
[2022-09-02 18:28:30,007] {processor.py:641} INFO - Processing file /home/airflow/.local/lib/python3.7/site-packages/airflow/example_dags/example_branch_datetime_operator.py for tasks to queue
[2022-09-02 18:28:30,012] {logging_mixin.py:115} INFO - [2022-09-02 18:28:30,011] {dagbag.py:508} INFO - Filling up the DagBag from /home/airflow/.local/lib/python3.7/site-packages/airflow/example_dags/example_branch_datetime_operator.py
[2022-09-02 18:28:30,039] {processor.py:651} INFO - DAG(s) dict_keys(['example_branch_datetime_operator', 'example_branch_datetime_operator_2']) retrieved from /home/airflow/.local/lib/python3.7/site-packages/airflow/example_dags/example_branch_datetime_operator.py
[2022-09-02 18:28:30,324] {logging_mixin.py:115} INFO - [2022-09-02 18:28:30,324] {dag.py:2420} INFO - Sync 2 DAGs
[2022-09-02 18:28:30,365] {logging_mixin.py:115} INFO - [2022-09-02 18:28:30,365] {dag.py:2972} INFO - Setting next_dagrun for example_branch_datetime_operator to 2022-09-01T00:00:00+00:00, run_after=2022-09-02T00:00:00+00:00
[2022-09-02 18:28:30,373] {logging_mixin.py:115} INFO - [2022-09-02 18:28:30,372] {dag.py:2972} INFO - Setting next_dagrun for example_branch_datetime_operator_2 to 2022-09-01T00:00:00+00:00, run_after=2022-09-02T00:00:00+00:00
[2022-09-02 18:28:30,396] {processor.py:161} INFO - Processing /home/airflow/.local/lib/python3.7/site-packages/airflow/example_dags/example_branch_datetime_operator.py took 0.407 seconds
[2022-09-02 18:29:01,158] {processor.py:153} INFO - Started process (PID=402) to work on /home/airflow/.local/lib/python3.7/site-packages/airflow/example_dags/example_branch_datetime_operator.py
[2022-09-02 18:29:01,162] {processor.py:641} INFO - Processing file /home/airflow/.local/lib/python3.7/site-packages/airflow/example_dags/example_branch_datetime_operator.py for tasks to queue
[2022-09-02 18:29:01,165] {logging_mixin.py:115} INFO - [2022-09-02 18:29:01,164] {dagbag.py:508} INFO - Filling up the DagBag from /home/airflow/.local/lib/python3.7/site-packages/airflow/example_dags/example_branch_datetime_operator.py
[2022-09-02 18:29:01,184] {processor.py:651} INFO - DAG(s) dict_keys(['example_branch_datetime_operator', 'example_branch_datetime_operator_2']) retrieved from /home/airflow/.local/lib/python3.7/site-packages/airflow/example_dags/example_branch_datetime_operator.py
[2022-09-02 18:29:01,480] {logging_mixin.py:115} INFO - [2022-09-02 18:29:01,478] {dag.py:2420} INFO - Sync 2 DAGs
[2022-09-02 18:29:01,633] {logging_mixin.py:115} INFO - [2022-09-02 18:29:01,633] {dag.py:2972} INFO - Setting next_dagrun for example_branch_datetime_operator to 2022-09-01T00:00:00+00:00, run_after=2022-09-02T00:00:00+00:00
[2022-09-02 18:29:01,640] {logging_mixin.py:115} INFO - [2022-09-02 18:29:01,639] {dag.py:2972} INFO - Setting next_dagrun for example_branch_datetime_operator_2 to 2022-09-01T00:00:00+00:00, run_after=2022-09-02T00:00:00+00:00
[2022-09-02 18:29:01,683] {processor.py:161} INFO - Processing /home/airflow/.local/lib/python3.7/site-packages/airflow/example_dags/example_branch_datetime_operator.py took 0.531 seconds
[2022-09-02 18:29:32,389] {processor.py:153} INFO - Started process (PID=456) to work on /home/airflow/.local/lib/python3.7/site-packages/airflow/example_dags/example_branch_datetime_operator.py
[2022-09-02 18:29:32,392] {processor.py:641} INFO - Processing file /home/airflow/.local/lib/python3.7/site-packages/airflow/example_dags/example_branch_datetime_operator.py for tasks to queue
[2022-09-02 18:29:32,396] {logging_mixin.py:115} INFO - [2022-09-02 18:29:32,396] {dagbag.py:508} INFO - Filling up the DagBag from /home/airflow/.local/lib/python3.7/site-packages/airflow/example_dags/example_branch_datetime_operator.py
[2022-09-02 18:29:32,430] {processor.py:651} INFO - DAG(s) dict_keys(['example_branch_datetime_operator', 'example_branch_datetime_operator_2']) retrieved from /home/airflow/.local/lib/python3.7/site-packages/airflow/example_dags/example_branch_datetime_operator.py
[2022-09-02 18:29:32,794] {logging_mixin.py:115} INFO - [2022-09-02 18:29:32,794] {dag.py:2420} INFO - Sync 2 DAGs
[2022-09-02 18:29:32,857] {logging_mixin.py:115} INFO - [2022-09-02 18:29:32,857] {dag.py:2972} INFO - Setting next_dagrun for example_branch_datetime_operator to 2022-09-01T00:00:00+00:00, run_after=2022-09-02T00:00:00+00:00
[2022-09-02 18:29:32,865] {logging_mixin.py:115} INFO - [2022-09-02 18:29:32,865] {dag.py:2972} INFO - Setting next_dagrun for example_branch_datetime_operator_2 to 2022-09-01T00:00:00+00:00, run_after=2022-09-02T00:00:00+00:00
[2022-09-02 18:29:32,903] {processor.py:161} INFO - Processing /home/airflow/.local/lib/python3.7/site-packages/airflow/example_dags/example_branch_datetime_operator.py took 0.525 seconds
[2022-09-02 18:30:03,328] {processor.py:153} INFO - Started process (PID=509) to work on /home/airflow/.local/lib/python3.7/site-packages/airflow/example_dags/example_branch_datetime_operator.py
[2022-09-02 18:30:03,340] {processor.py:641} INFO - Processing file /home/airflow/.local/lib/python3.7/site-packages/airflow/example_dags/example_branch_datetime_operator.py for tasks to queue
[2022-09-02 18:30:03,344] {logging_mixin.py:115} INFO - [2022-09-02 18:30:03,344] {dagbag.py:508} INFO - Filling up the DagBag from /home/airflow/.local/lib/python3.7/site-packages/airflow/example_dags/example_branch_datetime_operator.py
[2022-09-02 18:30:03,381] {processor.py:651} INFO - DAG(s) dict_keys(['example_branch_datetime_operator', 'example_branch_datetime_operator_2']) retrieved from /home/airflow/.local/lib/python3.7/site-packages/airflow/example_dags/example_branch_datetime_operator.py
[2022-09-02 18:30:04,201] {logging_mixin.py:115} INFO - [2022-09-02 18:30:04,201] {dag.py:2420} INFO - Sync 2 DAGs
[2022-09-02 18:30:04,307] {logging_mixin.py:115} INFO - [2022-09-02 18:30:04,307] {dag.py:2972} INFO - Setting next_dagrun for example_branch_datetime_operator to 2022-09-01T00:00:00+00:00, run_after=2022-09-02T00:00:00+00:00
[2022-09-02 18:30:04,321] {logging_mixin.py:115} INFO - [2022-09-02 18:30:04,321] {dag.py:2972} INFO - Setting next_dagrun for example_branch_datetime_operator_2 to 2022-09-01T00:00:00+00:00, run_after=2022-09-02T00:00:00+00:00
[2022-09-02 18:30:04,373] {processor.py:161} INFO - Processing /home/airflow/.local/lib/python3.7/site-packages/airflow/example_dags/example_branch_datetime_operator.py took 1.065 seconds
[2022-09-02 18:30:35,272] {processor.py:153} INFO - Started process (PID=565) to work on /home/airflow/.local/lib/python3.7/site-packages/airflow/example_dags/example_branch_datetime_operator.py
[2022-09-02 18:30:35,283] {processor.py:641} INFO - Processing file /home/airflow/.local/lib/python3.7/site-packages/airflow/example_dags/example_branch_datetime_operator.py for tasks to queue
[2022-09-02 18:30:35,300] {logging_mixin.py:115} INFO - [2022-09-02 18:30:35,299] {dagbag.py:508} INFO - Filling up the DagBag from /home/airflow/.local/lib/python3.7/site-packages/airflow/example_dags/example_branch_datetime_operator.py
[2022-09-02 18:30:35,373] {processor.py:651} INFO - DAG(s) dict_keys(['example_branch_datetime_operator', 'example_branch_datetime_operator_2']) retrieved from /home/airflow/.local/lib/python3.7/site-packages/airflow/example_dags/example_branch_datetime_operator.py
[2022-09-02 18:30:36,706] {logging_mixin.py:115} INFO - [2022-09-02 18:30:36,706] {dag.py:2420} INFO - Sync 2 DAGs
[2022-09-02 18:30:36,814] {logging_mixin.py:115} INFO - [2022-09-02 18:30:36,813] {dag.py:2972} INFO - Setting next_dagrun for example_branch_datetime_operator to 2022-09-01T00:00:00+00:00, run_after=2022-09-02T00:00:00+00:00
[2022-09-02 18:30:36,829] {logging_mixin.py:115} INFO - [2022-09-02 18:30:36,826] {dag.py:2972} INFO - Setting next_dagrun for example_branch_datetime_operator_2 to 2022-09-01T00:00:00+00:00, run_after=2022-09-02T00:00:00+00:00
[2022-09-02 18:30:36,897] {processor.py:161} INFO - Processing /home/airflow/.local/lib/python3.7/site-packages/airflow/example_dags/example_branch_datetime_operator.py took 1.658 seconds
[2022-09-02 18:31:07,363] {processor.py:153} INFO - Started process (PID=619) to work on /home/airflow/.local/lib/python3.7/site-packages/airflow/example_dags/example_branch_datetime_operator.py
[2022-09-02 18:31:07,368] {processor.py:641} INFO - Processing file /home/airflow/.local/lib/python3.7/site-packages/airflow/example_dags/example_branch_datetime_operator.py for tasks to queue
[2022-09-02 18:31:07,374] {logging_mixin.py:115} INFO - [2022-09-02 18:31:07,373] {dagbag.py:508} INFO - Filling up the DagBag from /home/airflow/.local/lib/python3.7/site-packages/airflow/example_dags/example_branch_datetime_operator.py
[2022-09-02 18:31:07,401] {processor.py:651} INFO - DAG(s) dict_keys(['example_branch_datetime_operator', 'example_branch_datetime_operator_2']) retrieved from /home/airflow/.local/lib/python3.7/site-packages/airflow/example_dags/example_branch_datetime_operator.py
[2022-09-02 18:31:07,693] {logging_mixin.py:115} INFO - [2022-09-02 18:31:07,692] {dag.py:2420} INFO - Sync 2 DAGs
[2022-09-02 18:31:07,775] {logging_mixin.py:115} INFO - [2022-09-02 18:31:07,775] {dag.py:2972} INFO - Setting next_dagrun for example_branch_datetime_operator to 2022-09-01T00:00:00+00:00, run_after=2022-09-02T00:00:00+00:00
[2022-09-02 18:31:07,780] {logging_mixin.py:115} INFO - [2022-09-02 18:31:07,780] {dag.py:2972} INFO - Setting next_dagrun for example_branch_datetime_operator_2 to 2022-09-01T00:00:00+00:00, run_after=2022-09-02T00:00:00+00:00
[2022-09-02 18:31:07,831] {processor.py:161} INFO - Processing /home/airflow/.local/lib/python3.7/site-packages/airflow/example_dags/example_branch_datetime_operator.py took 0.477 seconds
[2022-09-02 18:31:38,679] {processor.py:153} INFO - Started process (PID=676) to work on /home/airflow/.local/lib/python3.7/site-packages/airflow/example_dags/example_branch_datetime_operator.py
[2022-09-02 18:31:38,682] {processor.py:641} INFO - Processing file /home/airflow/.local/lib/python3.7/site-packages/airflow/example_dags/example_branch_datetime_operator.py for tasks to queue
[2022-09-02 18:31:38,686] {logging_mixin.py:115} INFO - [2022-09-02 18:31:38,686] {dagbag.py:508} INFO - Filling up the DagBag from /home/airflow/.local/lib/python3.7/site-packages/airflow/example_dags/example_branch_datetime_operator.py
[2022-09-02 18:31:38,722] {processor.py:651} INFO - DAG(s) dict_keys(['example_branch_datetime_operator', 'example_branch_datetime_operator_2']) retrieved from /home/airflow/.local/lib/python3.7/site-packages/airflow/example_dags/example_branch_datetime_operator.py
[2022-09-02 18:31:38,833] {logging_mixin.py:115} INFO - [2022-09-02 18:31:38,832] {dag.py:2420} INFO - Sync 2 DAGs
[2022-09-02 18:31:38,902] {logging_mixin.py:115} INFO - [2022-09-02 18:31:38,902] {dag.py:2972} INFO - Setting next_dagrun for example_branch_datetime_operator to 2022-09-01T00:00:00+00:00, run_after=2022-09-02T00:00:00+00:00
[2022-09-02 18:31:38,909] {logging_mixin.py:115} INFO - [2022-09-02 18:31:38,909] {dag.py:2972} INFO - Setting next_dagrun for example_branch_datetime_operator_2 to 2022-09-01T00:00:00+00:00, run_after=2022-09-02T00:00:00+00:00
[2022-09-02 18:31:38,950] {processor.py:161} INFO - Processing /home/airflow/.local/lib/python3.7/site-packages/airflow/example_dags/example_branch_datetime_operator.py took 0.277 seconds
[2022-09-02 18:32:14,378] {processor.py:153} INFO - Started process (PID=739) to work on /home/airflow/.local/lib/python3.7/site-packages/airflow/example_dags/example_branch_datetime_operator.py
[2022-09-02 18:32:14,407] {processor.py:641} INFO - Processing file /home/airflow/.local/lib/python3.7/site-packages/airflow/example_dags/example_branch_datetime_operator.py for tasks to queue
[2022-09-02 18:32:14,418] {logging_mixin.py:115} INFO - [2022-09-02 18:32:14,418] {dagbag.py:508} INFO - Filling up the DagBag from /home/airflow/.local/lib/python3.7/site-packages/airflow/example_dags/example_branch_datetime_operator.py
[2022-09-02 18:32:14,521] {processor.py:651} INFO - DAG(s) dict_keys(['example_branch_datetime_operator', 'example_branch_datetime_operator_2']) retrieved from /home/airflow/.local/lib/python3.7/site-packages/airflow/example_dags/example_branch_datetime_operator.py
[2022-09-02 18:32:15,209] {logging_mixin.py:115} INFO - [2022-09-02 18:32:15,208] {dag.py:2420} INFO - Sync 2 DAGs
[2022-09-02 18:32:16,291] {logging_mixin.py:115} INFO - [2022-09-02 18:32:16,291] {dag.py:2972} INFO - Setting next_dagrun for example_branch_datetime_operator to 2022-09-01T00:00:00+00:00, run_after=2022-09-02T00:00:00+00:00
[2022-09-02 18:32:16,360] {logging_mixin.py:115} INFO - [2022-09-02 18:32:16,360] {dag.py:2972} INFO - Setting next_dagrun for example_branch_datetime_operator_2 to 2022-09-01T00:00:00+00:00, run_after=2022-09-02T00:00:00+00:00
[2022-09-02 18:32:16,463] {processor.py:161} INFO - Processing /home/airflow/.local/lib/python3.7/site-packages/airflow/example_dags/example_branch_datetime_operator.py took 2.140 seconds
[2022-09-02 18:32:46,709] {processor.py:153} INFO - Started process (PID=797) to work on /home/airflow/.local/lib/python3.7/site-packages/airflow/example_dags/example_branch_datetime_operator.py
[2022-09-02 18:32:46,713] {processor.py:641} INFO - Processing file /home/airflow/.local/lib/python3.7/site-packages/airflow/example_dags/example_branch_datetime_operator.py for tasks to queue
[2022-09-02 18:32:46,716] {logging_mixin.py:115} INFO - [2022-09-02 18:32:46,716] {dagbag.py:508} INFO - Filling up the DagBag from /home/airflow/.local/lib/python3.7/site-packages/airflow/example_dags/example_branch_datetime_operator.py
[2022-09-02 18:32:46,747] {processor.py:651} INFO - DAG(s) dict_keys(['example_branch_datetime_operator', 'example_branch_datetime_operator_2']) retrieved from /home/airflow/.local/lib/python3.7/site-packages/airflow/example_dags/example_branch_datetime_operator.py
[2022-09-02 18:32:46,891] {logging_mixin.py:115} INFO - [2022-09-02 18:32:46,891] {dag.py:2420} INFO - Sync 2 DAGs
[2022-09-02 18:32:46,967] {logging_mixin.py:115} INFO - [2022-09-02 18:32:46,967] {dag.py:2972} INFO - Setting next_dagrun for example_branch_datetime_operator to 2022-09-01T00:00:00+00:00, run_after=2022-09-02T00:00:00+00:00
[2022-09-02 18:32:46,988] {logging_mixin.py:115} INFO - [2022-09-02 18:32:46,988] {dag.py:2972} INFO - Setting next_dagrun for example_branch_datetime_operator_2 to 2022-09-01T00:00:00+00:00, run_after=2022-09-02T00:00:00+00:00
[2022-09-02 18:32:47,097] {processor.py:161} INFO - Processing /home/airflow/.local/lib/python3.7/site-packages/airflow/example_dags/example_branch_datetime_operator.py took 0.398 seconds
[2022-09-02 18:33:17,589] {processor.py:153} INFO - Started process (PID=852) to work on /home/airflow/.local/lib/python3.7/site-packages/airflow/example_dags/example_branch_datetime_operator.py
[2022-09-02 18:33:17,592] {processor.py:641} INFO - Processing file /home/airflow/.local/lib/python3.7/site-packages/airflow/example_dags/example_branch_datetime_operator.py for tasks to queue
[2022-09-02 18:33:17,595] {logging_mixin.py:115} INFO - [2022-09-02 18:33:17,595] {dagbag.py:508} INFO - Filling up the DagBag from /home/airflow/.local/lib/python3.7/site-packages/airflow/example_dags/example_branch_datetime_operator.py
[2022-09-02 18:33:17,619] {processor.py:651} INFO - DAG(s) dict_keys(['example_branch_datetime_operator', 'example_branch_datetime_operator_2']) retrieved from /home/airflow/.local/lib/python3.7/site-packages/airflow/example_dags/example_branch_datetime_operator.py
[2022-09-02 18:33:17,694] {logging_mixin.py:115} INFO - [2022-09-02 18:33:17,693] {dag.py:2420} INFO - Sync 2 DAGs
[2022-09-02 18:33:17,743] {logging_mixin.py:115} INFO - [2022-09-02 18:33:17,743] {dag.py:2972} INFO - Setting next_dagrun for example_branch_datetime_operator to 2022-09-01T00:00:00+00:00, run_after=2022-09-02T00:00:00+00:00
[2022-09-02 18:33:17,754] {logging_mixin.py:115} INFO - [2022-09-02 18:33:17,754] {dag.py:2972} INFO - Setting next_dagrun for example_branch_datetime_operator_2 to 2022-09-01T00:00:00+00:00, run_after=2022-09-02T00:00:00+00:00
[2022-09-02 18:33:17,789] {processor.py:161} INFO - Processing /home/airflow/.local/lib/python3.7/site-packages/airflow/example_dags/example_branch_datetime_operator.py took 0.209 seconds
[2022-09-02 18:33:51,826] {processor.py:153} INFO - Started process (PID=903) to work on /home/airflow/.local/lib/python3.7/site-packages/airflow/example_dags/example_branch_datetime_operator.py
[2022-09-02 18:33:51,835] {processor.py:641} INFO - Processing file /home/airflow/.local/lib/python3.7/site-packages/airflow/example_dags/example_branch_datetime_operator.py for tasks to queue
[2022-09-02 18:33:51,842] {logging_mixin.py:115} INFO - [2022-09-02 18:33:51,841] {dagbag.py:508} INFO - Filling up the DagBag from /home/airflow/.local/lib/python3.7/site-packages/airflow/example_dags/example_branch_datetime_operator.py
[2022-09-02 18:33:51,888] {processor.py:651} INFO - DAG(s) dict_keys(['example_branch_datetime_operator', 'example_branch_datetime_operator_2']) retrieved from /home/airflow/.local/lib/python3.7/site-packages/airflow/example_dags/example_branch_datetime_operator.py
[2022-09-02 18:33:51,997] {logging_mixin.py:115} INFO - [2022-09-02 18:33:51,997] {dag.py:2420} INFO - Sync 2 DAGs
[2022-09-02 18:33:52,104] {logging_mixin.py:115} INFO - [2022-09-02 18:33:52,104] {dag.py:2972} INFO - Setting next_dagrun for example_branch_datetime_operator to 2022-09-01T00:00:00+00:00, run_after=2022-09-02T00:00:00+00:00
[2022-09-02 18:33:52,113] {logging_mixin.py:115} INFO - [2022-09-02 18:33:52,113] {dag.py:2972} INFO - Setting next_dagrun for example_branch_datetime_operator_2 to 2022-09-01T00:00:00+00:00, run_after=2022-09-02T00:00:00+00:00
[2022-09-02 18:33:52,150] {processor.py:161} INFO - Processing /home/airflow/.local/lib/python3.7/site-packages/airflow/example_dags/example_branch_datetime_operator.py took 0.336 seconds
[2022-09-02 18:34:22,892] {processor.py:153} INFO - Started process (PID=958) to work on /home/airflow/.local/lib/python3.7/site-packages/airflow/example_dags/example_branch_datetime_operator.py
[2022-09-02 18:34:22,895] {processor.py:641} INFO - Processing file /home/airflow/.local/lib/python3.7/site-packages/airflow/example_dags/example_branch_datetime_operator.py for tasks to queue
[2022-09-02 18:34:22,899] {logging_mixin.py:115} INFO - [2022-09-02 18:34:22,898] {dagbag.py:508} INFO - Filling up the DagBag from /home/airflow/.local/lib/python3.7/site-packages/airflow/example_dags/example_branch_datetime_operator.py
[2022-09-02 18:34:22,943] {processor.py:651} INFO - DAG(s) dict_keys(['example_branch_datetime_operator', 'example_branch_datetime_operator_2']) retrieved from /home/airflow/.local/lib/python3.7/site-packages/airflow/example_dags/example_branch_datetime_operator.py
[2022-09-02 18:34:23,033] {logging_mixin.py:115} INFO - [2022-09-02 18:34:23,026] {dag.py:2420} INFO - Sync 2 DAGs
[2022-09-02 18:34:23,107] {logging_mixin.py:115} INFO - [2022-09-02 18:34:23,107] {dag.py:2972} INFO - Setting next_dagrun for example_branch_datetime_operator to 2022-09-01T00:00:00+00:00, run_after=2022-09-02T00:00:00+00:00
[2022-09-02 18:34:23,113] {logging_mixin.py:115} INFO - [2022-09-02 18:34:23,113] {dag.py:2972} INFO - Setting next_dagrun for example_branch_datetime_operator_2 to 2022-09-01T00:00:00+00:00, run_after=2022-09-02T00:00:00+00:00
[2022-09-02 18:34:23,175] {processor.py:161} INFO - Processing /home/airflow/.local/lib/python3.7/site-packages/airflow/example_dags/example_branch_datetime_operator.py took 0.293 seconds
[2022-09-02 18:35:21,750] {processor.py:153} INFO - Started process (PID=1022) to work on /home/airflow/.local/lib/python3.7/site-packages/airflow/example_dags/example_branch_datetime_operator.py
[2022-09-02 18:35:21,756] {processor.py:641} INFO - Processing file /home/airflow/.local/lib/python3.7/site-packages/airflow/example_dags/example_branch_datetime_operator.py for tasks to queue
[2022-09-02 18:35:21,765] {logging_mixin.py:115} INFO - [2022-09-02 18:35:21,762] {dagbag.py:508} INFO - Filling up the DagBag from /home/airflow/.local/lib/python3.7/site-packages/airflow/example_dags/example_branch_datetime_operator.py
[2022-09-02 18:35:21,904] {processor.py:651} INFO - DAG(s) dict_keys(['example_branch_datetime_operator', 'example_branch_datetime_operator_2']) retrieved from /home/airflow/.local/lib/python3.7/site-packages/airflow/example_dags/example_branch_datetime_operator.py
[2022-09-02 18:35:22,195] {logging_mixin.py:115} INFO - [2022-09-02 18:35:22,195] {dag.py:2420} INFO - Sync 2 DAGs
[2022-09-02 18:35:22,330] {logging_mixin.py:115} INFO - [2022-09-02 18:35:22,330] {dag.py:2972} INFO - Setting next_dagrun for example_branch_datetime_operator to 2022-09-01T00:00:00+00:00, run_after=2022-09-02T00:00:00+00:00
[2022-09-02 18:35:22,356] {logging_mixin.py:115} INFO - [2022-09-02 18:35:22,353] {dag.py:2972} INFO - Setting next_dagrun for example_branch_datetime_operator_2 to 2022-09-01T00:00:00+00:00, run_after=2022-09-02T00:00:00+00:00
[2022-09-02 18:35:22,477] {processor.py:161} INFO - Processing /home/airflow/.local/lib/python3.7/site-packages/airflow/example_dags/example_branch_datetime_operator.py took 0.754 seconds
[2022-09-02 18:35:53,061] {processor.py:153} INFO - Started process (PID=1078) to work on /home/airflow/.local/lib/python3.7/site-packages/airflow/example_dags/example_branch_datetime_operator.py
[2022-09-02 18:35:53,066] {processor.py:641} INFO - Processing file /home/airflow/.local/lib/python3.7/site-packages/airflow/example_dags/example_branch_datetime_operator.py for tasks to queue
[2022-09-02 18:35:53,074] {logging_mixin.py:115} INFO - [2022-09-02 18:35:53,073] {dagbag.py:508} INFO - Filling up the DagBag from /home/airflow/.local/lib/python3.7/site-packages/airflow/example_dags/example_branch_datetime_operator.py
[2022-09-02 18:35:53,174] {processor.py:651} INFO - DAG(s) dict_keys(['example_branch_datetime_operator', 'example_branch_datetime_operator_2']) retrieved from /home/airflow/.local/lib/python3.7/site-packages/airflow/example_dags/example_branch_datetime_operator.py
[2022-09-02 18:35:53,286] {logging_mixin.py:115} INFO - [2022-09-02 18:35:53,286] {dag.py:2420} INFO - Sync 2 DAGs
[2022-09-02 18:35:53,506] {logging_mixin.py:115} INFO - [2022-09-02 18:35:53,505] {dag.py:2972} INFO - Setting next_dagrun for example_branch_datetime_operator to 2022-09-01T00:00:00+00:00, run_after=2022-09-02T00:00:00+00:00
[2022-09-02 18:35:53,528] {logging_mixin.py:115} INFO - [2022-09-02 18:35:53,528] {dag.py:2972} INFO - Setting next_dagrun for example_branch_datetime_operator_2 to 2022-09-01T00:00:00+00:00, run_after=2022-09-02T00:00:00+00:00
[2022-09-02 18:35:53,573] {processor.py:161} INFO - Processing /home/airflow/.local/lib/python3.7/site-packages/airflow/example_dags/example_branch_datetime_operator.py took 0.523 seconds
[2022-09-02 18:36:23,735] {processor.py:153} INFO - Started process (PID=1133) to work on /home/airflow/.local/lib/python3.7/site-packages/airflow/example_dags/example_branch_datetime_operator.py
[2022-09-02 18:36:23,738] {processor.py:641} INFO - Processing file /home/airflow/.local/lib/python3.7/site-packages/airflow/example_dags/example_branch_datetime_operator.py for tasks to queue
[2022-09-02 18:36:23,746] {logging_mixin.py:115} INFO - [2022-09-02 18:36:23,746] {dagbag.py:508} INFO - Filling up the DagBag from /home/airflow/.local/lib/python3.7/site-packages/airflow/example_dags/example_branch_datetime_operator.py
[2022-09-02 18:36:23,772] {processor.py:651} INFO - DAG(s) dict_keys(['example_branch_datetime_operator', 'example_branch_datetime_operator_2']) retrieved from /home/airflow/.local/lib/python3.7/site-packages/airflow/example_dags/example_branch_datetime_operator.py
[2022-09-02 18:36:23,897] {logging_mixin.py:115} INFO - [2022-09-02 18:36:23,897] {dag.py:2420} INFO - Sync 2 DAGs
[2022-09-02 18:36:23,973] {logging_mixin.py:115} INFO - [2022-09-02 18:36:23,973] {dag.py:2972} INFO - Setting next_dagrun for example_branch_datetime_operator to 2022-09-01T00:00:00+00:00, run_after=2022-09-02T00:00:00+00:00
[2022-09-02 18:36:23,981] {logging_mixin.py:115} INFO - [2022-09-02 18:36:23,981] {dag.py:2972} INFO - Setting next_dagrun for example_branch_datetime_operator_2 to 2022-09-01T00:00:00+00:00, run_after=2022-09-02T00:00:00+00:00
[2022-09-02 18:36:24,027] {processor.py:161} INFO - Processing /home/airflow/.local/lib/python3.7/site-packages/airflow/example_dags/example_branch_datetime_operator.py took 0.304 seconds
[2022-09-02 18:36:56,606] {processor.py:153} INFO - Started process (PID=1185) to work on /home/airflow/.local/lib/python3.7/site-packages/airflow/example_dags/example_branch_datetime_operator.py
[2022-09-02 18:36:56,612] {processor.py:641} INFO - Processing file /home/airflow/.local/lib/python3.7/site-packages/airflow/example_dags/example_branch_datetime_operator.py for tasks to queue
[2022-09-02 18:36:56,620] {logging_mixin.py:115} INFO - [2022-09-02 18:36:56,620] {dagbag.py:508} INFO - Filling up the DagBag from /home/airflow/.local/lib/python3.7/site-packages/airflow/example_dags/example_branch_datetime_operator.py
[2022-09-02 18:36:56,895] {processor.py:651} INFO - DAG(s) dict_keys(['example_branch_datetime_operator', 'example_branch_datetime_operator_2']) retrieved from /home/airflow/.local/lib/python3.7/site-packages/airflow/example_dags/example_branch_datetime_operator.py
[2022-09-02 18:36:57,050] {logging_mixin.py:115} INFO - [2022-09-02 18:36:57,050] {dag.py:2420} INFO - Sync 2 DAGs
[2022-09-02 18:36:57,205] {logging_mixin.py:115} INFO - [2022-09-02 18:36:57,204] {dag.py:2972} INFO - Setting next_dagrun for example_branch_datetime_operator to 2022-09-01T00:00:00+00:00, run_after=2022-09-02T00:00:00+00:00
[2022-09-02 18:36:57,256] {logging_mixin.py:115} INFO - [2022-09-02 18:36:57,256] {dag.py:2972} INFO - Setting next_dagrun for example_branch_datetime_operator_2 to 2022-09-01T00:00:00+00:00, run_after=2022-09-02T00:00:00+00:00
[2022-09-02 18:36:57,364] {processor.py:161} INFO - Processing /home/airflow/.local/lib/python3.7/site-packages/airflow/example_dags/example_branch_datetime_operator.py took 0.842 seconds
[2022-09-02 18:37:27,745] {processor.py:153} INFO - Started process (PID=1232) to work on /home/airflow/.local/lib/python3.7/site-packages/airflow/example_dags/example_branch_datetime_operator.py
[2022-09-02 18:37:27,760] {processor.py:641} INFO - Processing file /home/airflow/.local/lib/python3.7/site-packages/airflow/example_dags/example_branch_datetime_operator.py for tasks to queue
[2022-09-02 18:37:27,773] {logging_mixin.py:115} INFO - [2022-09-02 18:37:27,773] {dagbag.py:508} INFO - Filling up the DagBag from /home/airflow/.local/lib/python3.7/site-packages/airflow/example_dags/example_branch_datetime_operator.py
[2022-09-02 18:37:27,812] {processor.py:651} INFO - DAG(s) dict_keys(['example_branch_datetime_operator', 'example_branch_datetime_operator_2']) retrieved from /home/airflow/.local/lib/python3.7/site-packages/airflow/example_dags/example_branch_datetime_operator.py
[2022-09-02 18:37:27,918] {logging_mixin.py:115} INFO - [2022-09-02 18:37:27,917] {dag.py:2420} INFO - Sync 2 DAGs
[2022-09-02 18:37:28,015] {logging_mixin.py:115} INFO - [2022-09-02 18:37:28,014] {dag.py:2972} INFO - Setting next_dagrun for example_branch_datetime_operator to 2022-09-01T00:00:00+00:00, run_after=2022-09-02T00:00:00+00:00
[2022-09-02 18:37:28,023] {logging_mixin.py:115} INFO - [2022-09-02 18:37:28,023] {dag.py:2972} INFO - Setting next_dagrun for example_branch_datetime_operator_2 to 2022-09-01T00:00:00+00:00, run_after=2022-09-02T00:00:00+00:00
[2022-09-02 18:37:28,111] {processor.py:161} INFO - Processing /home/airflow/.local/lib/python3.7/site-packages/airflow/example_dags/example_branch_datetime_operator.py took 0.392 seconds
[2022-09-02 18:37:58,486] {processor.py:153} INFO - Started process (PID=1286) to work on /home/airflow/.local/lib/python3.7/site-packages/airflow/example_dags/example_branch_datetime_operator.py
[2022-09-02 18:37:58,500] {processor.py:641} INFO - Processing file /home/airflow/.local/lib/python3.7/site-packages/airflow/example_dags/example_branch_datetime_operator.py for tasks to queue
[2022-09-02 18:37:58,505] {logging_mixin.py:115} INFO - [2022-09-02 18:37:58,505] {dagbag.py:508} INFO - Filling up the DagBag from /home/airflow/.local/lib/python3.7/site-packages/airflow/example_dags/example_branch_datetime_operator.py
[2022-09-02 18:37:58,646] {processor.py:651} INFO - DAG(s) dict_keys(['example_branch_datetime_operator', 'example_branch_datetime_operator_2']) retrieved from /home/airflow/.local/lib/python3.7/site-packages/airflow/example_dags/example_branch_datetime_operator.py
[2022-09-02 18:37:59,073] {logging_mixin.py:115} INFO - [2022-09-02 18:37:59,073] {dag.py:2420} INFO - Sync 2 DAGs
[2022-09-02 18:37:59,258] {logging_mixin.py:115} INFO - [2022-09-02 18:37:59,257] {dag.py:2972} INFO - Setting next_dagrun for example_branch_datetime_operator to 2022-09-01T00:00:00+00:00, run_after=2022-09-02T00:00:00+00:00
[2022-09-02 18:37:59,268] {logging_mixin.py:115} INFO - [2022-09-02 18:37:59,267] {dag.py:2972} INFO - Setting next_dagrun for example_branch_datetime_operator_2 to 2022-09-01T00:00:00+00:00, run_after=2022-09-02T00:00:00+00:00
[2022-09-02 18:37:59,310] {processor.py:161} INFO - Processing /home/airflow/.local/lib/python3.7/site-packages/airflow/example_dags/example_branch_datetime_operator.py took 0.852 seconds
[2022-09-02 18:38:29,833] {processor.py:153} INFO - Started process (PID=1352) to work on /home/airflow/.local/lib/python3.7/site-packages/airflow/example_dags/example_branch_datetime_operator.py
[2022-09-02 18:38:29,837] {processor.py:641} INFO - Processing file /home/airflow/.local/lib/python3.7/site-packages/airflow/example_dags/example_branch_datetime_operator.py for tasks to queue
[2022-09-02 18:38:29,841] {logging_mixin.py:115} INFO - [2022-09-02 18:38:29,841] {dagbag.py:508} INFO - Filling up the DagBag from /home/airflow/.local/lib/python3.7/site-packages/airflow/example_dags/example_branch_datetime_operator.py
[2022-09-02 18:38:29,878] {processor.py:651} INFO - DAG(s) dict_keys(['example_branch_datetime_operator', 'example_branch_datetime_operator_2']) retrieved from /home/airflow/.local/lib/python3.7/site-packages/airflow/example_dags/example_branch_datetime_operator.py
[2022-09-02 18:38:29,944] {logging_mixin.py:115} INFO - [2022-09-02 18:38:29,944] {dag.py:2420} INFO - Sync 2 DAGs
[2022-09-02 18:38:30,007] {logging_mixin.py:115} INFO - [2022-09-02 18:38:30,006] {dag.py:2972} INFO - Setting next_dagrun for example_branch_datetime_operator to 2022-09-01T00:00:00+00:00, run_after=2022-09-02T00:00:00+00:00
[2022-09-02 18:38:30,015] {logging_mixin.py:115} INFO - [2022-09-02 18:38:30,014] {dag.py:2972} INFO - Setting next_dagrun for example_branch_datetime_operator_2 to 2022-09-01T00:00:00+00:00, run_after=2022-09-02T00:00:00+00:00
[2022-09-02 18:38:30,074] {processor.py:161} INFO - Processing /home/airflow/.local/lib/python3.7/site-packages/airflow/example_dags/example_branch_datetime_operator.py took 0.248 seconds
[2022-09-02 18:39:00,388] {processor.py:153} INFO - Started process (PID=1405) to work on /home/airflow/.local/lib/python3.7/site-packages/airflow/example_dags/example_branch_datetime_operator.py
[2022-09-02 18:39:00,391] {processor.py:641} INFO - Processing file /home/airflow/.local/lib/python3.7/site-packages/airflow/example_dags/example_branch_datetime_operator.py for tasks to queue
[2022-09-02 18:39:00,393] {logging_mixin.py:115} INFO - [2022-09-02 18:39:00,393] {dagbag.py:508} INFO - Filling up the DagBag from /home/airflow/.local/lib/python3.7/site-packages/airflow/example_dags/example_branch_datetime_operator.py
[2022-09-02 18:39:00,425] {processor.py:651} INFO - DAG(s) dict_keys(['example_branch_datetime_operator', 'example_branch_datetime_operator_2']) retrieved from /home/airflow/.local/lib/python3.7/site-packages/airflow/example_dags/example_branch_datetime_operator.py
[2022-09-02 18:39:00,509] {logging_mixin.py:115} INFO - [2022-09-02 18:39:00,509] {dag.py:2420} INFO - Sync 2 DAGs
[2022-09-02 18:39:00,599] {logging_mixin.py:115} INFO - [2022-09-02 18:39:00,599] {dag.py:2972} INFO - Setting next_dagrun for example_branch_datetime_operator to 2022-09-01T00:00:00+00:00, run_after=2022-09-02T00:00:00+00:00
[2022-09-02 18:39:00,704] {logging_mixin.py:115} INFO - [2022-09-02 18:39:00,703] {dag.py:2972} INFO - Setting next_dagrun for example_branch_datetime_operator_2 to 2022-09-01T00:00:00+00:00, run_after=2022-09-02T00:00:00+00:00
[2022-09-02 18:39:00,758] {processor.py:161} INFO - Processing /home/airflow/.local/lib/python3.7/site-packages/airflow/example_dags/example_branch_datetime_operator.py took 0.382 seconds
[2022-09-02 18:39:30,889] {processor.py:153} INFO - Started process (PID=1458) to work on /home/airflow/.local/lib/python3.7/site-packages/airflow/example_dags/example_branch_datetime_operator.py
[2022-09-02 18:39:30,891] {processor.py:641} INFO - Processing file /home/airflow/.local/lib/python3.7/site-packages/airflow/example_dags/example_branch_datetime_operator.py for tasks to queue
[2022-09-02 18:39:30,894] {logging_mixin.py:115} INFO - [2022-09-02 18:39:30,894] {dagbag.py:508} INFO - Filling up the DagBag from /home/airflow/.local/lib/python3.7/site-packages/airflow/example_dags/example_branch_datetime_operator.py
[2022-09-02 18:39:30,922] {processor.py:651} INFO - DAG(s) dict_keys(['example_branch_datetime_operator', 'example_branch_datetime_operator_2']) retrieved from /home/airflow/.local/lib/python3.7/site-packages/airflow/example_dags/example_branch_datetime_operator.py
[2022-09-02 18:39:30,984] {logging_mixin.py:115} INFO - [2022-09-02 18:39:30,983] {dag.py:2420} INFO - Sync 2 DAGs
[2022-09-02 18:39:31,030] {logging_mixin.py:115} INFO - [2022-09-02 18:39:31,030] {dag.py:2972} INFO - Setting next_dagrun for example_branch_datetime_operator to 2022-09-01T00:00:00+00:00, run_after=2022-09-02T00:00:00+00:00
[2022-09-02 18:39:31,039] {logging_mixin.py:115} INFO - [2022-09-02 18:39:31,039] {dag.py:2972} INFO - Setting next_dagrun for example_branch_datetime_operator_2 to 2022-09-01T00:00:00+00:00, run_after=2022-09-02T00:00:00+00:00
[2022-09-02 18:39:31,068] {processor.py:161} INFO - Processing /home/airflow/.local/lib/python3.7/site-packages/airflow/example_dags/example_branch_datetime_operator.py took 0.186 seconds
