[2022-09-02 18:26:37,628] {processor.py:153} INFO - Started process (PID=150) to work on /home/airflow/.local/lib/python3.7/site-packages/airflow/example_dags/example_short_circuit_operator.py
[2022-09-02 18:26:37,630] {processor.py:641} INFO - Processing file /home/airflow/.local/lib/python3.7/site-packages/airflow/example_dags/example_short_circuit_operator.py for tasks to queue
[2022-09-02 18:26:37,635] {logging_mixin.py:115} INFO - [2022-09-02 18:26:37,634] {dagbag.py:508} INFO - Filling up the DagBag from /home/airflow/.local/lib/python3.7/site-packages/airflow/example_dags/example_short_circuit_operator.py
[2022-09-02 18:26:37,944] {processor.py:651} INFO - DAG(s) dict_keys(['example_short_circuit_operator']) retrieved from /home/airflow/.local/lib/python3.7/site-packages/airflow/example_dags/example_short_circuit_operator.py
[2022-09-02 18:26:39,363] {logging_mixin.py:115} INFO - [2022-09-02 18:26:39,362] {manager.py:508} INFO - Created Permission View: can delete on DAG:example_short_circuit_operator
[2022-09-02 18:26:39,389] {logging_mixin.py:115} INFO - [2022-09-02 18:26:39,389] {manager.py:508} INFO - Created Permission View: can edit on DAG:example_short_circuit_operator
[2022-09-02 18:26:39,412] {logging_mixin.py:115} INFO - [2022-09-02 18:26:39,411] {manager.py:508} INFO - Created Permission View: can read on DAG:example_short_circuit_operator
[2022-09-02 18:26:39,415] {logging_mixin.py:115} INFO - [2022-09-02 18:26:39,415] {dag.py:2420} INFO - Sync 1 DAGs
[2022-09-02 18:26:39,453] {logging_mixin.py:115} INFO - [2022-09-02 18:26:39,452] {dag.py:2439} INFO - Creating ORM DAG for example_short_circuit_operator
[2022-09-02 18:26:39,502] {logging_mixin.py:115} INFO - [2022-09-02 18:26:39,502] {dag.py:2972} INFO - Setting next_dagrun for example_short_circuit_operator to 2022-09-01T18:26:39.502535+00:00, run_after=2022-09-02T18:26:39.502535+00:00
[2022-09-02 18:26:39,594] {processor.py:161} INFO - Processing /home/airflow/.local/lib/python3.7/site-packages/airflow/example_dags/example_short_circuit_operator.py took 1.988 seconds
[2022-09-02 18:27:10,070] {processor.py:153} INFO - Started process (PID=204) to work on /home/airflow/.local/lib/python3.7/site-packages/airflow/example_dags/example_short_circuit_operator.py
[2022-09-02 18:27:10,073] {processor.py:641} INFO - Processing file /home/airflow/.local/lib/python3.7/site-packages/airflow/example_dags/example_short_circuit_operator.py for tasks to queue
[2022-09-02 18:27:10,075] {logging_mixin.py:115} INFO - [2022-09-02 18:27:10,075] {dagbag.py:508} INFO - Filling up the DagBag from /home/airflow/.local/lib/python3.7/site-packages/airflow/example_dags/example_short_circuit_operator.py
[2022-09-02 18:27:10,519] {processor.py:651} INFO - DAG(s) dict_keys(['example_short_circuit_operator']) retrieved from /home/airflow/.local/lib/python3.7/site-packages/airflow/example_dags/example_short_circuit_operator.py
[2022-09-02 18:27:10,608] {logging_mixin.py:115} INFO - [2022-09-02 18:27:10,607] {dag.py:2420} INFO - Sync 1 DAGs
[2022-09-02 18:27:10,749] {logging_mixin.py:115} INFO - [2022-09-02 18:27:10,749] {dag.py:2972} INFO - Setting next_dagrun for example_short_circuit_operator to 2022-09-01T18:27:10.748777+00:00, run_after=2022-09-02T18:27:10.748777+00:00
[2022-09-02 18:27:10,783] {processor.py:161} INFO - Processing /home/airflow/.local/lib/python3.7/site-packages/airflow/example_dags/example_short_circuit_operator.py took 0.760 seconds
[2022-09-02 18:27:41,205] {processor.py:153} INFO - Started process (PID=257) to work on /home/airflow/.local/lib/python3.7/site-packages/airflow/example_dags/example_short_circuit_operator.py
[2022-09-02 18:27:41,207] {processor.py:641} INFO - Processing file /home/airflow/.local/lib/python3.7/site-packages/airflow/example_dags/example_short_circuit_operator.py for tasks to queue
[2022-09-02 18:27:41,210] {logging_mixin.py:115} INFO - [2022-09-02 18:27:41,210] {dagbag.py:508} INFO - Filling up the DagBag from /home/airflow/.local/lib/python3.7/site-packages/airflow/example_dags/example_short_circuit_operator.py
[2022-09-02 18:27:41,630] {processor.py:651} INFO - DAG(s) dict_keys(['example_short_circuit_operator']) retrieved from /home/airflow/.local/lib/python3.7/site-packages/airflow/example_dags/example_short_circuit_operator.py
[2022-09-02 18:27:41,706] {logging_mixin.py:115} INFO - [2022-09-02 18:27:41,706] {dag.py:2420} INFO - Sync 1 DAGs
[2022-09-02 18:27:41,763] {logging_mixin.py:115} INFO - [2022-09-02 18:27:41,763] {dag.py:2972} INFO - Setting next_dagrun for example_short_circuit_operator to 2022-09-01T18:27:41.763303+00:00, run_after=2022-09-02T18:27:41.763303+00:00
[2022-09-02 18:27:41,789] {processor.py:161} INFO - Processing /home/airflow/.local/lib/python3.7/site-packages/airflow/example_dags/example_short_circuit_operator.py took 0.593 seconds
[2022-09-02 18:28:12,338] {processor.py:153} INFO - Started process (PID=311) to work on /home/airflow/.local/lib/python3.7/site-packages/airflow/example_dags/example_short_circuit_operator.py
[2022-09-02 18:28:12,344] {processor.py:641} INFO - Processing file /home/airflow/.local/lib/python3.7/site-packages/airflow/example_dags/example_short_circuit_operator.py for tasks to queue
[2022-09-02 18:28:12,350] {logging_mixin.py:115} INFO - [2022-09-02 18:28:12,349] {dagbag.py:508} INFO - Filling up the DagBag from /home/airflow/.local/lib/python3.7/site-packages/airflow/example_dags/example_short_circuit_operator.py
[2022-09-02 18:28:12,648] {processor.py:651} INFO - DAG(s) dict_keys(['example_short_circuit_operator']) retrieved from /home/airflow/.local/lib/python3.7/site-packages/airflow/example_dags/example_short_circuit_operator.py
[2022-09-02 18:28:12,719] {logging_mixin.py:115} INFO - [2022-09-02 18:28:12,719] {dag.py:2420} INFO - Sync 1 DAGs
[2022-09-02 18:28:12,782] {logging_mixin.py:115} INFO - [2022-09-02 18:28:12,782] {dag.py:2972} INFO - Setting next_dagrun for example_short_circuit_operator to 2022-09-01T18:28:12.782044+00:00, run_after=2022-09-02T18:28:12.782044+00:00
[2022-09-02 18:28:12,827] {processor.py:161} INFO - Processing /home/airflow/.local/lib/python3.7/site-packages/airflow/example_dags/example_short_circuit_operator.py took 0.498 seconds
[2022-09-02 18:28:43,085] {processor.py:153} INFO - Started process (PID=368) to work on /home/airflow/.local/lib/python3.7/site-packages/airflow/example_dags/example_short_circuit_operator.py
[2022-09-02 18:28:43,087] {processor.py:641} INFO - Processing file /home/airflow/.local/lib/python3.7/site-packages/airflow/example_dags/example_short_circuit_operator.py for tasks to queue
[2022-09-02 18:28:43,090] {logging_mixin.py:115} INFO - [2022-09-02 18:28:43,090] {dagbag.py:508} INFO - Filling up the DagBag from /home/airflow/.local/lib/python3.7/site-packages/airflow/example_dags/example_short_circuit_operator.py
[2022-09-02 18:28:43,337] {processor.py:651} INFO - DAG(s) dict_keys(['example_short_circuit_operator']) retrieved from /home/airflow/.local/lib/python3.7/site-packages/airflow/example_dags/example_short_circuit_operator.py
[2022-09-02 18:28:43,439] {logging_mixin.py:115} INFO - [2022-09-02 18:28:43,439] {dag.py:2420} INFO - Sync 1 DAGs
[2022-09-02 18:28:43,513] {logging_mixin.py:115} INFO - [2022-09-02 18:28:43,513] {dag.py:2972} INFO - Setting next_dagrun for example_short_circuit_operator to 2022-09-01T18:28:43.513059+00:00, run_after=2022-09-02T18:28:43.513059+00:00
[2022-09-02 18:28:43,568] {processor.py:161} INFO - Processing /home/airflow/.local/lib/python3.7/site-packages/airflow/example_dags/example_short_circuit_operator.py took 0.497 seconds
[2022-09-02 18:29:14,331] {processor.py:153} INFO - Started process (PID=423) to work on /home/airflow/.local/lib/python3.7/site-packages/airflow/example_dags/example_short_circuit_operator.py
[2022-09-02 18:29:14,346] {processor.py:641} INFO - Processing file /home/airflow/.local/lib/python3.7/site-packages/airflow/example_dags/example_short_circuit_operator.py for tasks to queue
[2022-09-02 18:29:14,363] {logging_mixin.py:115} INFO - [2022-09-02 18:29:14,362] {dagbag.py:508} INFO - Filling up the DagBag from /home/airflow/.local/lib/python3.7/site-packages/airflow/example_dags/example_short_circuit_operator.py
[2022-09-02 18:29:15,147] {processor.py:651} INFO - DAG(s) dict_keys(['example_short_circuit_operator']) retrieved from /home/airflow/.local/lib/python3.7/site-packages/airflow/example_dags/example_short_circuit_operator.py
[2022-09-02 18:29:15,335] {logging_mixin.py:115} INFO - [2022-09-02 18:29:15,335] {dag.py:2420} INFO - Sync 1 DAGs
[2022-09-02 18:29:15,588] {logging_mixin.py:115} INFO - [2022-09-02 18:29:15,587] {dag.py:2972} INFO - Setting next_dagrun for example_short_circuit_operator to 2022-09-01T18:29:15.586487+00:00, run_after=2022-09-02T18:29:15.586487+00:00
[2022-09-02 18:29:15,744] {processor.py:161} INFO - Processing /home/airflow/.local/lib/python3.7/site-packages/airflow/example_dags/example_short_circuit_operator.py took 1.453 seconds
[2022-09-02 18:29:46,158] {processor.py:153} INFO - Started process (PID=475) to work on /home/airflow/.local/lib/python3.7/site-packages/airflow/example_dags/example_short_circuit_operator.py
[2022-09-02 18:29:46,176] {processor.py:641} INFO - Processing file /home/airflow/.local/lib/python3.7/site-packages/airflow/example_dags/example_short_circuit_operator.py for tasks to queue
[2022-09-02 18:29:46,190] {logging_mixin.py:115} INFO - [2022-09-02 18:29:46,190] {dagbag.py:508} INFO - Filling up the DagBag from /home/airflow/.local/lib/python3.7/site-packages/airflow/example_dags/example_short_circuit_operator.py
[2022-09-02 18:29:46,505] {processor.py:651} INFO - DAG(s) dict_keys(['example_short_circuit_operator']) retrieved from /home/airflow/.local/lib/python3.7/site-packages/airflow/example_dags/example_short_circuit_operator.py
[2022-09-02 18:29:46,610] {logging_mixin.py:115} INFO - [2022-09-02 18:29:46,610] {dag.py:2420} INFO - Sync 1 DAGs
[2022-09-02 18:29:46,678] {logging_mixin.py:115} INFO - [2022-09-02 18:29:46,677] {dag.py:2972} INFO - Setting next_dagrun for example_short_circuit_operator to 2022-09-01T18:29:46.677030+00:00, run_after=2022-09-02T18:29:46.677030+00:00
[2022-09-02 18:29:46,739] {processor.py:161} INFO - Processing /home/airflow/.local/lib/python3.7/site-packages/airflow/example_dags/example_short_circuit_operator.py took 0.603 seconds
[2022-09-02 18:30:17,049] {processor.py:153} INFO - Started process (PID=530) to work on /home/airflow/.local/lib/python3.7/site-packages/airflow/example_dags/example_short_circuit_operator.py
[2022-09-02 18:30:17,053] {processor.py:641} INFO - Processing file /home/airflow/.local/lib/python3.7/site-packages/airflow/example_dags/example_short_circuit_operator.py for tasks to queue
[2022-09-02 18:30:17,080] {logging_mixin.py:115} INFO - [2022-09-02 18:30:17,080] {dagbag.py:508} INFO - Filling up the DagBag from /home/airflow/.local/lib/python3.7/site-packages/airflow/example_dags/example_short_circuit_operator.py
[2022-09-02 18:30:17,329] {processor.py:651} INFO - DAG(s) dict_keys(['example_short_circuit_operator']) retrieved from /home/airflow/.local/lib/python3.7/site-packages/airflow/example_dags/example_short_circuit_operator.py
[2022-09-02 18:30:17,386] {logging_mixin.py:115} INFO - [2022-09-02 18:30:17,386] {dag.py:2420} INFO - Sync 1 DAGs
[2022-09-02 18:30:17,442] {logging_mixin.py:115} INFO - [2022-09-02 18:30:17,442] {dag.py:2972} INFO - Setting next_dagrun for example_short_circuit_operator to 2022-09-01T18:30:17.441560+00:00, run_after=2022-09-02T18:30:17.441560+00:00
[2022-09-02 18:30:17,467] {processor.py:161} INFO - Processing /home/airflow/.local/lib/python3.7/site-packages/airflow/example_dags/example_short_circuit_operator.py took 0.422 seconds
[2022-09-02 18:30:48,112] {processor.py:153} INFO - Started process (PID=586) to work on /home/airflow/.local/lib/python3.7/site-packages/airflow/example_dags/example_short_circuit_operator.py
[2022-09-02 18:30:48,116] {processor.py:641} INFO - Processing file /home/airflow/.local/lib/python3.7/site-packages/airflow/example_dags/example_short_circuit_operator.py for tasks to queue
[2022-09-02 18:30:48,124] {logging_mixin.py:115} INFO - [2022-09-02 18:30:48,123] {dagbag.py:508} INFO - Filling up the DagBag from /home/airflow/.local/lib/python3.7/site-packages/airflow/example_dags/example_short_circuit_operator.py
[2022-09-02 18:30:48,414] {processor.py:651} INFO - DAG(s) dict_keys(['example_short_circuit_operator']) retrieved from /home/airflow/.local/lib/python3.7/site-packages/airflow/example_dags/example_short_circuit_operator.py
[2022-09-02 18:30:48,531] {logging_mixin.py:115} INFO - [2022-09-02 18:30:48,530] {dag.py:2420} INFO - Sync 1 DAGs
[2022-09-02 18:30:48,641] {logging_mixin.py:115} INFO - [2022-09-02 18:30:48,639] {dag.py:2972} INFO - Setting next_dagrun for example_short_circuit_operator to 2022-09-01T18:30:48.632551+00:00, run_after=2022-09-02T18:30:48.632551+00:00
[2022-09-02 18:30:48,908] {processor.py:161} INFO - Processing /home/airflow/.local/lib/python3.7/site-packages/airflow/example_dags/example_short_circuit_operator.py took 0.818 seconds
[2022-09-02 18:31:19,133] {processor.py:153} INFO - Started process (PID=639) to work on /home/airflow/.local/lib/python3.7/site-packages/airflow/example_dags/example_short_circuit_operator.py
[2022-09-02 18:31:19,139] {processor.py:641} INFO - Processing file /home/airflow/.local/lib/python3.7/site-packages/airflow/example_dags/example_short_circuit_operator.py for tasks to queue
[2022-09-02 18:31:19,149] {logging_mixin.py:115} INFO - [2022-09-02 18:31:19,148] {dagbag.py:508} INFO - Filling up the DagBag from /home/airflow/.local/lib/python3.7/site-packages/airflow/example_dags/example_short_circuit_operator.py
[2022-09-02 18:31:20,201] {processor.py:651} INFO - DAG(s) dict_keys(['example_short_circuit_operator']) retrieved from /home/airflow/.local/lib/python3.7/site-packages/airflow/example_dags/example_short_circuit_operator.py
[2022-09-02 18:31:20,575] {logging_mixin.py:115} INFO - [2022-09-02 18:31:20,575] {dag.py:2420} INFO - Sync 1 DAGs
[2022-09-02 18:31:20,707] {logging_mixin.py:115} INFO - [2022-09-02 18:31:20,707] {dag.py:2972} INFO - Setting next_dagrun for example_short_circuit_operator to 2022-09-01T18:31:20.707026+00:00, run_after=2022-09-02T18:31:20.707026+00:00
[2022-09-02 18:31:20,742] {processor.py:161} INFO - Processing /home/airflow/.local/lib/python3.7/site-packages/airflow/example_dags/example_short_circuit_operator.py took 1.626 seconds
[2022-09-02 18:31:51,478] {processor.py:153} INFO - Started process (PID=695) to work on /home/airflow/.local/lib/python3.7/site-packages/airflow/example_dags/example_short_circuit_operator.py
[2022-09-02 18:31:51,481] {processor.py:641} INFO - Processing file /home/airflow/.local/lib/python3.7/site-packages/airflow/example_dags/example_short_circuit_operator.py for tasks to queue
[2022-09-02 18:31:51,484] {logging_mixin.py:115} INFO - [2022-09-02 18:31:51,483] {dagbag.py:508} INFO - Filling up the DagBag from /home/airflow/.local/lib/python3.7/site-packages/airflow/example_dags/example_short_circuit_operator.py
[2022-09-02 18:31:51,506] {processor.py:651} INFO - DAG(s) dict_keys(['example_short_circuit_operator']) retrieved from /home/airflow/.local/lib/python3.7/site-packages/airflow/example_dags/example_short_circuit_operator.py
[2022-09-02 18:31:51,575] {logging_mixin.py:115} INFO - [2022-09-02 18:31:51,575] {dag.py:2420} INFO - Sync 1 DAGs
[2022-09-02 18:31:51,618] {logging_mixin.py:115} INFO - [2022-09-02 18:31:51,618] {dag.py:2972} INFO - Setting next_dagrun for example_short_circuit_operator to 2022-09-01T18:31:51.618166+00:00, run_after=2022-09-02T18:31:51.618166+00:00
[2022-09-02 18:31:51,656] {processor.py:161} INFO - Processing /home/airflow/.local/lib/python3.7/site-packages/airflow/example_dags/example_short_circuit_operator.py took 0.186 seconds
[2022-09-02 18:32:24,253] {processor.py:153} INFO - Started process (PID=749) to work on /home/airflow/.local/lib/python3.7/site-packages/airflow/example_dags/example_short_circuit_operator.py
[2022-09-02 18:32:24,256] {processor.py:641} INFO - Processing file /home/airflow/.local/lib/python3.7/site-packages/airflow/example_dags/example_short_circuit_operator.py for tasks to queue
[2022-09-02 18:32:24,260] {logging_mixin.py:115} INFO - [2022-09-02 18:32:24,260] {dagbag.py:508} INFO - Filling up the DagBag from /home/airflow/.local/lib/python3.7/site-packages/airflow/example_dags/example_short_circuit_operator.py
[2022-09-02 18:32:24,337] {processor.py:651} INFO - DAG(s) dict_keys(['example_short_circuit_operator']) retrieved from /home/airflow/.local/lib/python3.7/site-packages/airflow/example_dags/example_short_circuit_operator.py
[2022-09-02 18:32:24,478] {logging_mixin.py:115} INFO - [2022-09-02 18:32:24,478] {dag.py:2420} INFO - Sync 1 DAGs
[2022-09-02 18:32:24,582] {logging_mixin.py:115} INFO - [2022-09-02 18:32:24,581] {dag.py:2972} INFO - Setting next_dagrun for example_short_circuit_operator to 2022-09-01T18:32:24.580917+00:00, run_after=2022-09-02T18:32:24.580917+00:00
[2022-09-02 18:32:24,670] {processor.py:161} INFO - Processing /home/airflow/.local/lib/python3.7/site-packages/airflow/example_dags/example_short_circuit_operator.py took 0.437 seconds
[2022-09-02 18:32:56,517] {processor.py:153} INFO - Started process (PID=814) to work on /home/airflow/.local/lib/python3.7/site-packages/airflow/example_dags/example_short_circuit_operator.py
[2022-09-02 18:32:56,553] {processor.py:641} INFO - Processing file /home/airflow/.local/lib/python3.7/site-packages/airflow/example_dags/example_short_circuit_operator.py for tasks to queue
[2022-09-02 18:32:56,559] {logging_mixin.py:115} INFO - [2022-09-02 18:32:56,558] {dagbag.py:508} INFO - Filling up the DagBag from /home/airflow/.local/lib/python3.7/site-packages/airflow/example_dags/example_short_circuit_operator.py
[2022-09-02 18:32:56,951] {processor.py:651} INFO - DAG(s) dict_keys(['example_short_circuit_operator']) retrieved from /home/airflow/.local/lib/python3.7/site-packages/airflow/example_dags/example_short_circuit_operator.py
[2022-09-02 18:32:57,197] {logging_mixin.py:115} INFO - [2022-09-02 18:32:57,196] {dag.py:2420} INFO - Sync 1 DAGs
[2022-09-02 18:32:57,556] {logging_mixin.py:115} INFO - [2022-09-02 18:32:57,555] {dag.py:2972} INFO - Setting next_dagrun for example_short_circuit_operator to 2022-09-01T18:32:57.549764+00:00, run_after=2022-09-02T18:32:57.549764+00:00
[2022-09-02 18:32:57,642] {processor.py:161} INFO - Processing /home/airflow/.local/lib/python3.7/site-packages/airflow/example_dags/example_short_circuit_operator.py took 1.148 seconds
[2022-09-02 18:33:27,878] {processor.py:153} INFO - Started process (PID=862) to work on /home/airflow/.local/lib/python3.7/site-packages/airflow/example_dags/example_short_circuit_operator.py
[2022-09-02 18:33:27,882] {processor.py:641} INFO - Processing file /home/airflow/.local/lib/python3.7/site-packages/airflow/example_dags/example_short_circuit_operator.py for tasks to queue
[2022-09-02 18:33:27,886] {logging_mixin.py:115} INFO - [2022-09-02 18:33:27,885] {dagbag.py:508} INFO - Filling up the DagBag from /home/airflow/.local/lib/python3.7/site-packages/airflow/example_dags/example_short_circuit_operator.py
[2022-09-02 18:33:27,915] {processor.py:651} INFO - DAG(s) dict_keys(['example_short_circuit_operator']) retrieved from /home/airflow/.local/lib/python3.7/site-packages/airflow/example_dags/example_short_circuit_operator.py
[2022-09-02 18:33:27,996] {logging_mixin.py:115} INFO - [2022-09-02 18:33:27,996] {dag.py:2420} INFO - Sync 1 DAGs
[2022-09-02 18:33:28,081] {logging_mixin.py:115} INFO - [2022-09-02 18:33:28,081] {dag.py:2972} INFO - Setting next_dagrun for example_short_circuit_operator to 2022-09-01T18:33:28.079985+00:00, run_after=2022-09-02T18:33:28.079985+00:00
[2022-09-02 18:33:28,129] {processor.py:161} INFO - Processing /home/airflow/.local/lib/python3.7/site-packages/airflow/example_dags/example_short_circuit_operator.py took 0.258 seconds
[2022-09-02 18:33:59,029] {processor.py:153} INFO - Started process (PID=916) to work on /home/airflow/.local/lib/python3.7/site-packages/airflow/example_dags/example_short_circuit_operator.py
[2022-09-02 18:33:59,031] {processor.py:641} INFO - Processing file /home/airflow/.local/lib/python3.7/site-packages/airflow/example_dags/example_short_circuit_operator.py for tasks to queue
[2022-09-02 18:33:59,038] {logging_mixin.py:115} INFO - [2022-09-02 18:33:59,037] {dagbag.py:508} INFO - Filling up the DagBag from /home/airflow/.local/lib/python3.7/site-packages/airflow/example_dags/example_short_circuit_operator.py
[2022-09-02 18:33:59,064] {processor.py:651} INFO - DAG(s) dict_keys(['example_short_circuit_operator']) retrieved from /home/airflow/.local/lib/python3.7/site-packages/airflow/example_dags/example_short_circuit_operator.py
[2022-09-02 18:33:59,145] {logging_mixin.py:115} INFO - [2022-09-02 18:33:59,144] {dag.py:2420} INFO - Sync 1 DAGs
[2022-09-02 18:33:59,219] {logging_mixin.py:115} INFO - [2022-09-02 18:33:59,219] {dag.py:2972} INFO - Setting next_dagrun for example_short_circuit_operator to 2022-09-01T18:33:59.218381+00:00, run_after=2022-09-02T18:33:59.218381+00:00
[2022-09-02 18:33:59,270] {processor.py:161} INFO - Processing /home/airflow/.local/lib/python3.7/site-packages/airflow/example_dags/example_short_circuit_operator.py took 0.257 seconds
[2022-09-02 18:34:29,738] {processor.py:153} INFO - Started process (PID=971) to work on /home/airflow/.local/lib/python3.7/site-packages/airflow/example_dags/example_short_circuit_operator.py
[2022-09-02 18:34:29,740] {processor.py:641} INFO - Processing file /home/airflow/.local/lib/python3.7/site-packages/airflow/example_dags/example_short_circuit_operator.py for tasks to queue
[2022-09-02 18:34:29,743] {logging_mixin.py:115} INFO - [2022-09-02 18:34:29,743] {dagbag.py:508} INFO - Filling up the DagBag from /home/airflow/.local/lib/python3.7/site-packages/airflow/example_dags/example_short_circuit_operator.py
[2022-09-02 18:34:29,815] {processor.py:651} INFO - DAG(s) dict_keys(['example_short_circuit_operator']) retrieved from /home/airflow/.local/lib/python3.7/site-packages/airflow/example_dags/example_short_circuit_operator.py
[2022-09-02 18:34:29,883] {logging_mixin.py:115} INFO - [2022-09-02 18:34:29,883] {dag.py:2420} INFO - Sync 1 DAGs
[2022-09-02 18:34:29,945] {logging_mixin.py:115} INFO - [2022-09-02 18:34:29,944] {dag.py:2972} INFO - Setting next_dagrun for example_short_circuit_operator to 2022-09-01T18:34:29.944051+00:00, run_after=2022-09-02T18:34:29.944051+00:00
[2022-09-02 18:34:29,986] {processor.py:161} INFO - Processing /home/airflow/.local/lib/python3.7/site-packages/airflow/example_dags/example_short_circuit_operator.py took 0.257 seconds
[2022-09-02 18:35:28,425] {processor.py:153} INFO - Started process (PID=1042) to work on /home/airflow/.local/lib/python3.7/site-packages/airflow/example_dags/example_short_circuit_operator.py
[2022-09-02 18:35:28,430] {processor.py:641} INFO - Processing file /home/airflow/.local/lib/python3.7/site-packages/airflow/example_dags/example_short_circuit_operator.py for tasks to queue
[2022-09-02 18:35:28,434] {logging_mixin.py:115} INFO - [2022-09-02 18:35:28,433] {dagbag.py:508} INFO - Filling up the DagBag from /home/airflow/.local/lib/python3.7/site-packages/airflow/example_dags/example_short_circuit_operator.py
[2022-09-02 18:35:28,518] {processor.py:651} INFO - DAG(s) dict_keys(['example_short_circuit_operator']) retrieved from /home/airflow/.local/lib/python3.7/site-packages/airflow/example_dags/example_short_circuit_operator.py
[2022-09-02 18:35:28,743] {logging_mixin.py:115} INFO - [2022-09-02 18:35:28,743] {dag.py:2420} INFO - Sync 1 DAGs
[2022-09-02 18:35:28,939] {logging_mixin.py:115} INFO - [2022-09-02 18:35:28,939] {dag.py:2972} INFO - Setting next_dagrun for example_short_circuit_operator to 2022-09-01T18:35:28.938880+00:00, run_after=2022-09-02T18:35:28.938880+00:00
[2022-09-02 18:35:29,000] {processor.py:161} INFO - Processing /home/airflow/.local/lib/python3.7/site-packages/airflow/example_dags/example_short_circuit_operator.py took 0.582 seconds
[2022-09-02 18:36:00,357] {processor.py:153} INFO - Started process (PID=1087) to work on /home/airflow/.local/lib/python3.7/site-packages/airflow/example_dags/example_short_circuit_operator.py
[2022-09-02 18:36:00,361] {processor.py:641} INFO - Processing file /home/airflow/.local/lib/python3.7/site-packages/airflow/example_dags/example_short_circuit_operator.py for tasks to queue
[2022-09-02 18:36:00,376] {logging_mixin.py:115} INFO - [2022-09-02 18:36:00,376] {dagbag.py:508} INFO - Filling up the DagBag from /home/airflow/.local/lib/python3.7/site-packages/airflow/example_dags/example_short_circuit_operator.py
[2022-09-02 18:36:00,446] {processor.py:651} INFO - DAG(s) dict_keys(['example_short_circuit_operator']) retrieved from /home/airflow/.local/lib/python3.7/site-packages/airflow/example_dags/example_short_circuit_operator.py
[2022-09-02 18:36:00,617] {logging_mixin.py:115} INFO - [2022-09-02 18:36:00,616] {dag.py:2420} INFO - Sync 1 DAGs
[2022-09-02 18:36:01,118] {logging_mixin.py:115} INFO - [2022-09-02 18:36:01,113] {dag.py:2972} INFO - Setting next_dagrun for example_short_circuit_operator to 2022-09-01T18:36:01.110518+00:00, run_after=2022-09-02T18:36:01.110518+00:00
[2022-09-02 18:36:01,440] {processor.py:161} INFO - Processing /home/airflow/.local/lib/python3.7/site-packages/airflow/example_dags/example_short_circuit_operator.py took 1.108 seconds
[2022-09-02 18:36:31,835] {processor.py:153} INFO - Started process (PID=1142) to work on /home/airflow/.local/lib/python3.7/site-packages/airflow/example_dags/example_short_circuit_operator.py
[2022-09-02 18:36:31,854] {processor.py:641} INFO - Processing file /home/airflow/.local/lib/python3.7/site-packages/airflow/example_dags/example_short_circuit_operator.py for tasks to queue
[2022-09-02 18:36:31,857] {logging_mixin.py:115} INFO - [2022-09-02 18:36:31,856] {dagbag.py:508} INFO - Filling up the DagBag from /home/airflow/.local/lib/python3.7/site-packages/airflow/example_dags/example_short_circuit_operator.py
[2022-09-02 18:36:31,890] {processor.py:651} INFO - DAG(s) dict_keys(['example_short_circuit_operator']) retrieved from /home/airflow/.local/lib/python3.7/site-packages/airflow/example_dags/example_short_circuit_operator.py
[2022-09-02 18:36:31,989] {logging_mixin.py:115} INFO - [2022-09-02 18:36:31,988] {dag.py:2420} INFO - Sync 1 DAGs
[2022-09-02 18:36:32,061] {logging_mixin.py:115} INFO - [2022-09-02 18:36:32,061] {dag.py:2972} INFO - Setting next_dagrun for example_short_circuit_operator to 2022-09-01T18:36:32.060666+00:00, run_after=2022-09-02T18:36:32.060666+00:00
[2022-09-02 18:36:32,100] {processor.py:161} INFO - Processing /home/airflow/.local/lib/python3.7/site-packages/airflow/example_dags/example_short_circuit_operator.py took 0.279 seconds
[2022-09-02 18:37:07,238] {processor.py:153} INFO - Started process (PID=1196) to work on /home/airflow/.local/lib/python3.7/site-packages/airflow/example_dags/example_short_circuit_operator.py
[2022-09-02 18:37:07,254] {processor.py:641} INFO - Processing file /home/airflow/.local/lib/python3.7/site-packages/airflow/example_dags/example_short_circuit_operator.py for tasks to queue
[2022-09-02 18:37:07,261] {logging_mixin.py:115} INFO - [2022-09-02 18:37:07,261] {dagbag.py:508} INFO - Filling up the DagBag from /home/airflow/.local/lib/python3.7/site-packages/airflow/example_dags/example_short_circuit_operator.py
[2022-09-02 18:37:07,478] {processor.py:651} INFO - DAG(s) dict_keys(['example_short_circuit_operator']) retrieved from /home/airflow/.local/lib/python3.7/site-packages/airflow/example_dags/example_short_circuit_operator.py
[2022-09-02 18:37:07,883] {logging_mixin.py:115} INFO - [2022-09-02 18:37:07,883] {dag.py:2420} INFO - Sync 1 DAGs
[2022-09-02 18:37:09,243] {logging_mixin.py:115} INFO - [2022-09-02 18:37:09,242] {dag.py:2972} INFO - Setting next_dagrun for example_short_circuit_operator to 2022-09-01T18:37:09.241557+00:00, run_after=2022-09-02T18:37:09.241557+00:00
[2022-09-02 18:37:09,962] {processor.py:161} INFO - Processing /home/airflow/.local/lib/python3.7/site-packages/airflow/example_dags/example_short_circuit_operator.py took 2.752 seconds
[2022-09-02 18:37:40,669] {processor.py:153} INFO - Started process (PID=1251) to work on /home/airflow/.local/lib/python3.7/site-packages/airflow/example_dags/example_short_circuit_operator.py
[2022-09-02 18:37:40,671] {processor.py:641} INFO - Processing file /home/airflow/.local/lib/python3.7/site-packages/airflow/example_dags/example_short_circuit_operator.py for tasks to queue
[2022-09-02 18:37:40,678] {logging_mixin.py:115} INFO - [2022-09-02 18:37:40,677] {dagbag.py:508} INFO - Filling up the DagBag from /home/airflow/.local/lib/python3.7/site-packages/airflow/example_dags/example_short_circuit_operator.py
[2022-09-02 18:37:40,703] {processor.py:651} INFO - DAG(s) dict_keys(['example_short_circuit_operator']) retrieved from /home/airflow/.local/lib/python3.7/site-packages/airflow/example_dags/example_short_circuit_operator.py
[2022-09-02 18:37:40,794] {logging_mixin.py:115} INFO - [2022-09-02 18:37:40,794] {dag.py:2420} INFO - Sync 1 DAGs
[2022-09-02 18:37:40,855] {logging_mixin.py:115} INFO - [2022-09-02 18:37:40,855] {dag.py:2972} INFO - Setting next_dagrun for example_short_circuit_operator to 2022-09-01T18:37:40.855051+00:00, run_after=2022-09-02T18:37:40.855051+00:00
[2022-09-02 18:37:40,892] {processor.py:161} INFO - Processing /home/airflow/.local/lib/python3.7/site-packages/airflow/example_dags/example_short_circuit_operator.py took 0.234 seconds
[2022-09-02 18:38:11,013] {processor.py:153} INFO - Started process (PID=1306) to work on /home/airflow/.local/lib/python3.7/site-packages/airflow/example_dags/example_short_circuit_operator.py
[2022-09-02 18:38:11,014] {processor.py:641} INFO - Processing file /home/airflow/.local/lib/python3.7/site-packages/airflow/example_dags/example_short_circuit_operator.py for tasks to queue
[2022-09-02 18:38:11,018] {logging_mixin.py:115} INFO - [2022-09-02 18:38:11,018] {dagbag.py:508} INFO - Filling up the DagBag from /home/airflow/.local/lib/python3.7/site-packages/airflow/example_dags/example_short_circuit_operator.py
[2022-09-02 18:38:11,046] {processor.py:651} INFO - DAG(s) dict_keys(['example_short_circuit_operator']) retrieved from /home/airflow/.local/lib/python3.7/site-packages/airflow/example_dags/example_short_circuit_operator.py
[2022-09-02 18:38:11,114] {logging_mixin.py:115} INFO - [2022-09-02 18:38:11,113] {dag.py:2420} INFO - Sync 1 DAGs
[2022-09-02 18:38:11,187] {logging_mixin.py:115} INFO - [2022-09-02 18:38:11,186] {dag.py:2972} INFO - Setting next_dagrun for example_short_circuit_operator to 2022-09-01T18:38:11.186211+00:00, run_after=2022-09-02T18:38:11.186211+00:00
[2022-09-02 18:38:11,278] {processor.py:161} INFO - Processing /home/airflow/.local/lib/python3.7/site-packages/airflow/example_dags/example_short_circuit_operator.py took 0.272 seconds
[2022-09-02 18:38:41,780] {processor.py:153} INFO - Started process (PID=1362) to work on /home/airflow/.local/lib/python3.7/site-packages/airflow/example_dags/example_short_circuit_operator.py
[2022-09-02 18:38:41,783] {processor.py:641} INFO - Processing file /home/airflow/.local/lib/python3.7/site-packages/airflow/example_dags/example_short_circuit_operator.py for tasks to queue
[2022-09-02 18:38:41,786] {logging_mixin.py:115} INFO - [2022-09-02 18:38:41,786] {dagbag.py:508} INFO - Filling up the DagBag from /home/airflow/.local/lib/python3.7/site-packages/airflow/example_dags/example_short_circuit_operator.py
[2022-09-02 18:38:41,806] {processor.py:651} INFO - DAG(s) dict_keys(['example_short_circuit_operator']) retrieved from /home/airflow/.local/lib/python3.7/site-packages/airflow/example_dags/example_short_circuit_operator.py
[2022-09-02 18:38:41,868] {logging_mixin.py:115} INFO - [2022-09-02 18:38:41,867] {dag.py:2420} INFO - Sync 1 DAGs
[2022-09-02 18:38:41,913] {logging_mixin.py:115} INFO - [2022-09-02 18:38:41,913] {dag.py:2972} INFO - Setting next_dagrun for example_short_circuit_operator to 2022-09-01T18:38:41.912853+00:00, run_after=2022-09-02T18:38:41.912853+00:00
[2022-09-02 18:38:41,951] {processor.py:161} INFO - Processing /home/airflow/.local/lib/python3.7/site-packages/airflow/example_dags/example_short_circuit_operator.py took 0.177 seconds
[2022-09-02 18:39:12,423] {processor.py:153} INFO - Started process (PID=1424) to work on /home/airflow/.local/lib/python3.7/site-packages/airflow/example_dags/example_short_circuit_operator.py
[2022-09-02 18:39:12,429] {processor.py:641} INFO - Processing file /home/airflow/.local/lib/python3.7/site-packages/airflow/example_dags/example_short_circuit_operator.py for tasks to queue
[2022-09-02 18:39:12,438] {logging_mixin.py:115} INFO - [2022-09-02 18:39:12,437] {dagbag.py:508} INFO - Filling up the DagBag from /home/airflow/.local/lib/python3.7/site-packages/airflow/example_dags/example_short_circuit_operator.py
[2022-09-02 18:39:12,491] {processor.py:651} INFO - DAG(s) dict_keys(['example_short_circuit_operator']) retrieved from /home/airflow/.local/lib/python3.7/site-packages/airflow/example_dags/example_short_circuit_operator.py
[2022-09-02 18:39:12,665] {logging_mixin.py:115} INFO - [2022-09-02 18:39:12,665] {dag.py:2420} INFO - Sync 1 DAGs
[2022-09-02 18:39:12,787] {logging_mixin.py:115} INFO - [2022-09-02 18:39:12,786] {dag.py:2972} INFO - Setting next_dagrun for example_short_circuit_operator to 2022-09-01T18:39:12.785822+00:00, run_after=2022-09-02T18:39:12.785822+00:00
[2022-09-02 18:39:12,857] {processor.py:161} INFO - Processing /home/airflow/.local/lib/python3.7/site-packages/airflow/example_dags/example_short_circuit_operator.py took 0.449 seconds
