[2022-09-02 18:26:27,387] {processor.py:153} INFO - Started process (PID=133) to work on /home/airflow/.local/lib/python3.7/site-packages/airflow/example_dags/example_external_task_marker_dag.py
[2022-09-02 18:26:27,389] {processor.py:641} INFO - Processing file /home/airflow/.local/lib/python3.7/site-packages/airflow/example_dags/example_external_task_marker_dag.py for tasks to queue
[2022-09-02 18:26:27,396] {logging_mixin.py:115} INFO - [2022-09-02 18:26:27,395] {dagbag.py:508} INFO - Filling up the DagBag from /home/airflow/.local/lib/python3.7/site-packages/airflow/example_dags/example_external_task_marker_dag.py
[2022-09-02 18:26:27,420] {processor.py:651} INFO - DAG(s) dict_keys(['example_external_task_marker_parent', 'example_external_task_marker_child']) retrieved from /home/airflow/.local/lib/python3.7/site-packages/airflow/example_dags/example_external_task_marker_dag.py
[2022-09-02 18:26:28,139] {logging_mixin.py:115} INFO - [2022-09-02 18:26:28,138] {manager.py:508} INFO - Created Permission View: can delete on DAG:example_external_task_marker_parent
[2022-09-02 18:26:28,170] {logging_mixin.py:115} INFO - [2022-09-02 18:26:28,170] {manager.py:508} INFO - Created Permission View: can edit on DAG:example_external_task_marker_parent
[2022-09-02 18:26:28,207] {logging_mixin.py:115} INFO - [2022-09-02 18:26:28,206] {manager.py:508} INFO - Created Permission View: can read on DAG:example_external_task_marker_parent
[2022-09-02 18:26:28,316] {logging_mixin.py:115} INFO - [2022-09-02 18:26:28,316] {manager.py:508} INFO - Created Permission View: can delete on DAG:example_external_task_marker_child
[2022-09-02 18:26:28,348] {logging_mixin.py:115} INFO - [2022-09-02 18:26:28,347] {manager.py:508} INFO - Created Permission View: can edit on DAG:example_external_task_marker_child
[2022-09-02 18:26:28,378] {logging_mixin.py:115} INFO - [2022-09-02 18:26:28,378] {manager.py:508} INFO - Created Permission View: can read on DAG:example_external_task_marker_child
[2022-09-02 18:26:28,381] {logging_mixin.py:115} INFO - [2022-09-02 18:26:28,380] {dag.py:2420} INFO - Sync 2 DAGs
[2022-09-02 18:26:28,415] {logging_mixin.py:115} INFO - [2022-09-02 18:26:28,414] {dag.py:2439} INFO - Creating ORM DAG for example_external_task_marker_parent
[2022-09-02 18:26:28,417] {logging_mixin.py:115} INFO - [2022-09-02 18:26:28,417] {dag.py:2439} INFO - Creating ORM DAG for example_external_task_marker_child
[2022-09-02 18:26:28,475] {logging_mixin.py:115} INFO - [2022-09-02 18:26:28,464] {dag.py:2972} INFO - Setting next_dagrun for example_external_task_marker_child to None, run_after=None
[2022-09-02 18:26:28,479] {logging_mixin.py:115} INFO - [2022-09-02 18:26:28,478] {dag.py:2972} INFO - Setting next_dagrun for example_external_task_marker_parent to None, run_after=None
[2022-09-02 18:26:28,700] {processor.py:161} INFO - Processing /home/airflow/.local/lib/python3.7/site-packages/airflow/example_dags/example_external_task_marker_dag.py took 1.321 seconds
[2022-09-02 18:26:59,853] {processor.py:153} INFO - Started process (PID=188) to work on /home/airflow/.local/lib/python3.7/site-packages/airflow/example_dags/example_external_task_marker_dag.py
[2022-09-02 18:26:59,864] {processor.py:641} INFO - Processing file /home/airflow/.local/lib/python3.7/site-packages/airflow/example_dags/example_external_task_marker_dag.py for tasks to queue
[2022-09-02 18:26:59,867] {logging_mixin.py:115} INFO - [2022-09-02 18:26:59,867] {dagbag.py:508} INFO - Filling up the DagBag from /home/airflow/.local/lib/python3.7/site-packages/airflow/example_dags/example_external_task_marker_dag.py
[2022-09-02 18:26:59,898] {processor.py:651} INFO - DAG(s) dict_keys(['example_external_task_marker_parent', 'example_external_task_marker_child']) retrieved from /home/airflow/.local/lib/python3.7/site-packages/airflow/example_dags/example_external_task_marker_dag.py
[2022-09-02 18:27:00,651] {logging_mixin.py:115} INFO - [2022-09-02 18:27:00,651] {dag.py:2420} INFO - Sync 2 DAGs
[2022-09-02 18:27:00,706] {logging_mixin.py:115} INFO - [2022-09-02 18:27:00,706] {dag.py:2972} INFO - Setting next_dagrun for example_external_task_marker_child to None, run_after=None
[2022-09-02 18:27:00,710] {logging_mixin.py:115} INFO - [2022-09-02 18:27:00,710] {dag.py:2972} INFO - Setting next_dagrun for example_external_task_marker_parent to None, run_after=None
[2022-09-02 18:27:00,753] {processor.py:161} INFO - Processing /home/airflow/.local/lib/python3.7/site-packages/airflow/example_dags/example_external_task_marker_dag.py took 0.980 seconds
[2022-09-02 18:27:31,189] {processor.py:153} INFO - Started process (PID=241) to work on /home/airflow/.local/lib/python3.7/site-packages/airflow/example_dags/example_external_task_marker_dag.py
[2022-09-02 18:27:31,207] {processor.py:641} INFO - Processing file /home/airflow/.local/lib/python3.7/site-packages/airflow/example_dags/example_external_task_marker_dag.py for tasks to queue
[2022-09-02 18:27:31,214] {logging_mixin.py:115} INFO - [2022-09-02 18:27:31,213] {dagbag.py:508} INFO - Filling up the DagBag from /home/airflow/.local/lib/python3.7/site-packages/airflow/example_dags/example_external_task_marker_dag.py
[2022-09-02 18:27:31,239] {processor.py:651} INFO - DAG(s) dict_keys(['example_external_task_marker_parent', 'example_external_task_marker_child']) retrieved from /home/airflow/.local/lib/python3.7/site-packages/airflow/example_dags/example_external_task_marker_dag.py
[2022-09-02 18:27:31,711] {logging_mixin.py:115} INFO - [2022-09-02 18:27:31,711] {dag.py:2420} INFO - Sync 2 DAGs
[2022-09-02 18:27:31,762] {logging_mixin.py:115} INFO - [2022-09-02 18:27:31,762] {dag.py:2972} INFO - Setting next_dagrun for example_external_task_marker_child to None, run_after=None
[2022-09-02 18:27:31,764] {logging_mixin.py:115} INFO - [2022-09-02 18:27:31,764] {dag.py:2972} INFO - Setting next_dagrun for example_external_task_marker_parent to None, run_after=None
[2022-09-02 18:27:31,788] {processor.py:161} INFO - Processing /home/airflow/.local/lib/python3.7/site-packages/airflow/example_dags/example_external_task_marker_dag.py took 0.607 seconds
[2022-09-02 18:28:02,180] {processor.py:153} INFO - Started process (PID=294) to work on /home/airflow/.local/lib/python3.7/site-packages/airflow/example_dags/example_external_task_marker_dag.py
[2022-09-02 18:28:02,187] {processor.py:641} INFO - Processing file /home/airflow/.local/lib/python3.7/site-packages/airflow/example_dags/example_external_task_marker_dag.py for tasks to queue
[2022-09-02 18:28:02,190] {logging_mixin.py:115} INFO - [2022-09-02 18:28:02,189] {dagbag.py:508} INFO - Filling up the DagBag from /home/airflow/.local/lib/python3.7/site-packages/airflow/example_dags/example_external_task_marker_dag.py
[2022-09-02 18:28:02,218] {processor.py:651} INFO - DAG(s) dict_keys(['example_external_task_marker_parent', 'example_external_task_marker_child']) retrieved from /home/airflow/.local/lib/python3.7/site-packages/airflow/example_dags/example_external_task_marker_dag.py
[2022-09-02 18:28:02,745] {logging_mixin.py:115} INFO - [2022-09-02 18:28:02,745] {dag.py:2420} INFO - Sync 2 DAGs
[2022-09-02 18:28:02,807] {logging_mixin.py:115} INFO - [2022-09-02 18:28:02,806] {dag.py:2972} INFO - Setting next_dagrun for example_external_task_marker_child to None, run_after=None
[2022-09-02 18:28:02,811] {logging_mixin.py:115} INFO - [2022-09-02 18:28:02,810] {dag.py:2972} INFO - Setting next_dagrun for example_external_task_marker_parent to None, run_after=None
[2022-09-02 18:28:02,843] {processor.py:161} INFO - Processing /home/airflow/.local/lib/python3.7/site-packages/airflow/example_dags/example_external_task_marker_dag.py took 0.670 seconds
[2022-09-02 18:28:33,105] {processor.py:153} INFO - Started process (PID=361) to work on /home/airflow/.local/lib/python3.7/site-packages/airflow/example_dags/example_external_task_marker_dag.py
[2022-09-02 18:28:33,107] {processor.py:641} INFO - Processing file /home/airflow/.local/lib/python3.7/site-packages/airflow/example_dags/example_external_task_marker_dag.py for tasks to queue
[2022-09-02 18:28:33,109] {logging_mixin.py:115} INFO - [2022-09-02 18:28:33,109] {dagbag.py:508} INFO - Filling up the DagBag from /home/airflow/.local/lib/python3.7/site-packages/airflow/example_dags/example_external_task_marker_dag.py
[2022-09-02 18:28:33,123] {processor.py:651} INFO - DAG(s) dict_keys(['example_external_task_marker_parent', 'example_external_task_marker_child']) retrieved from /home/airflow/.local/lib/python3.7/site-packages/airflow/example_dags/example_external_task_marker_dag.py
[2022-09-02 18:28:33,453] {logging_mixin.py:115} INFO - [2022-09-02 18:28:33,453] {dag.py:2420} INFO - Sync 2 DAGs
[2022-09-02 18:28:33,494] {logging_mixin.py:115} INFO - [2022-09-02 18:28:33,494] {dag.py:2972} INFO - Setting next_dagrun for example_external_task_marker_child to None, run_after=None
[2022-09-02 18:28:33,500] {logging_mixin.py:115} INFO - [2022-09-02 18:28:33,500] {dag.py:2972} INFO - Setting next_dagrun for example_external_task_marker_parent to None, run_after=None
[2022-09-02 18:28:33,531] {processor.py:161} INFO - Processing /home/airflow/.local/lib/python3.7/site-packages/airflow/example_dags/example_external_task_marker_dag.py took 0.435 seconds
[2022-09-02 18:29:03,956] {processor.py:153} INFO - Started process (PID=414) to work on /home/airflow/.local/lib/python3.7/site-packages/airflow/example_dags/example_external_task_marker_dag.py
[2022-09-02 18:29:03,966] {processor.py:641} INFO - Processing file /home/airflow/.local/lib/python3.7/site-packages/airflow/example_dags/example_external_task_marker_dag.py for tasks to queue
[2022-09-02 18:29:03,972] {logging_mixin.py:115} INFO - [2022-09-02 18:29:03,972] {dagbag.py:508} INFO - Filling up the DagBag from /home/airflow/.local/lib/python3.7/site-packages/airflow/example_dags/example_external_task_marker_dag.py
[2022-09-02 18:29:04,038] {processor.py:651} INFO - DAG(s) dict_keys(['example_external_task_marker_parent', 'example_external_task_marker_child']) retrieved from /home/airflow/.local/lib/python3.7/site-packages/airflow/example_dags/example_external_task_marker_dag.py
[2022-09-02 18:29:05,366] {logging_mixin.py:115} INFO - [2022-09-02 18:29:05,366] {dag.py:2420} INFO - Sync 2 DAGs
[2022-09-02 18:29:05,483] {logging_mixin.py:115} INFO - [2022-09-02 18:29:05,481] {dag.py:2972} INFO - Setting next_dagrun for example_external_task_marker_child to None, run_after=None
[2022-09-02 18:29:05,491] {logging_mixin.py:115} INFO - [2022-09-02 18:29:05,490] {dag.py:2972} INFO - Setting next_dagrun for example_external_task_marker_parent to None, run_after=None
[2022-09-02 18:29:05,542] {processor.py:161} INFO - Processing /home/airflow/.local/lib/python3.7/site-packages/airflow/example_dags/example_external_task_marker_dag.py took 1.610 seconds
[2022-09-02 18:29:36,015] {processor.py:153} INFO - Started process (PID=459) to work on /home/airflow/.local/lib/python3.7/site-packages/airflow/example_dags/example_external_task_marker_dag.py
[2022-09-02 18:29:36,017] {processor.py:641} INFO - Processing file /home/airflow/.local/lib/python3.7/site-packages/airflow/example_dags/example_external_task_marker_dag.py for tasks to queue
[2022-09-02 18:29:36,020] {logging_mixin.py:115} INFO - [2022-09-02 18:29:36,019] {dagbag.py:508} INFO - Filling up the DagBag from /home/airflow/.local/lib/python3.7/site-packages/airflow/example_dags/example_external_task_marker_dag.py
[2022-09-02 18:29:36,034] {processor.py:651} INFO - DAG(s) dict_keys(['example_external_task_marker_parent', 'example_external_task_marker_child']) retrieved from /home/airflow/.local/lib/python3.7/site-packages/airflow/example_dags/example_external_task_marker_dag.py
[2022-09-02 18:29:36,449] {logging_mixin.py:115} INFO - [2022-09-02 18:29:36,448] {dag.py:2420} INFO - Sync 2 DAGs
[2022-09-02 18:29:36,505] {logging_mixin.py:115} INFO - [2022-09-02 18:29:36,505] {dag.py:2972} INFO - Setting next_dagrun for example_external_task_marker_child to None, run_after=None
[2022-09-02 18:29:36,508] {logging_mixin.py:115} INFO - [2022-09-02 18:29:36,508] {dag.py:2972} INFO - Setting next_dagrun for example_external_task_marker_parent to None, run_after=None
[2022-09-02 18:29:36,589] {processor.py:161} INFO - Processing /home/airflow/.local/lib/python3.7/site-packages/airflow/example_dags/example_external_task_marker_dag.py took 0.581 seconds
[2022-09-02 18:30:07,518] {processor.py:153} INFO - Started process (PID=521) to work on /home/airflow/.local/lib/python3.7/site-packages/airflow/example_dags/example_external_task_marker_dag.py
[2022-09-02 18:30:07,520] {processor.py:641} INFO - Processing file /home/airflow/.local/lib/python3.7/site-packages/airflow/example_dags/example_external_task_marker_dag.py for tasks to queue
[2022-09-02 18:30:07,527] {logging_mixin.py:115} INFO - [2022-09-02 18:30:07,526] {dagbag.py:508} INFO - Filling up the DagBag from /home/airflow/.local/lib/python3.7/site-packages/airflow/example_dags/example_external_task_marker_dag.py
[2022-09-02 18:30:07,557] {processor.py:651} INFO - DAG(s) dict_keys(['example_external_task_marker_parent', 'example_external_task_marker_child']) retrieved from /home/airflow/.local/lib/python3.7/site-packages/airflow/example_dags/example_external_task_marker_dag.py
[2022-09-02 18:30:08,198] {logging_mixin.py:115} INFO - [2022-09-02 18:30:08,198] {dag.py:2420} INFO - Sync 2 DAGs
[2022-09-02 18:30:08,296] {logging_mixin.py:115} INFO - [2022-09-02 18:30:08,295] {dag.py:2972} INFO - Setting next_dagrun for example_external_task_marker_child to None, run_after=None
[2022-09-02 18:30:08,300] {logging_mixin.py:115} INFO - [2022-09-02 18:30:08,300] {dag.py:2972} INFO - Setting next_dagrun for example_external_task_marker_parent to None, run_after=None
[2022-09-02 18:30:08,408] {processor.py:161} INFO - Processing /home/airflow/.local/lib/python3.7/site-packages/airflow/example_dags/example_external_task_marker_dag.py took 0.904 seconds
[2022-09-02 18:30:39,523] {processor.py:153} INFO - Started process (PID=577) to work on /home/airflow/.local/lib/python3.7/site-packages/airflow/example_dags/example_external_task_marker_dag.py
[2022-09-02 18:30:39,583] {processor.py:641} INFO - Processing file /home/airflow/.local/lib/python3.7/site-packages/airflow/example_dags/example_external_task_marker_dag.py for tasks to queue
[2022-09-02 18:30:39,645] {logging_mixin.py:115} INFO - [2022-09-02 18:30:39,645] {dagbag.py:508} INFO - Filling up the DagBag from /home/airflow/.local/lib/python3.7/site-packages/airflow/example_dags/example_external_task_marker_dag.py
[2022-09-02 18:30:39,966] {processor.py:651} INFO - DAG(s) dict_keys(['example_external_task_marker_parent', 'example_external_task_marker_child']) retrieved from /home/airflow/.local/lib/python3.7/site-packages/airflow/example_dags/example_external_task_marker_dag.py
[2022-09-02 18:30:40,986] {logging_mixin.py:115} INFO - [2022-09-02 18:30:40,986] {dag.py:2420} INFO - Sync 2 DAGs
[2022-09-02 18:30:41,132] {logging_mixin.py:115} INFO - [2022-09-02 18:30:41,132] {dag.py:2972} INFO - Setting next_dagrun for example_external_task_marker_child to None, run_after=None
[2022-09-02 18:30:41,138] {logging_mixin.py:115} INFO - [2022-09-02 18:30:41,138] {dag.py:2972} INFO - Setting next_dagrun for example_external_task_marker_parent to None, run_after=None
[2022-09-02 18:30:41,195] {processor.py:161} INFO - Processing /home/airflow/.local/lib/python3.7/site-packages/airflow/example_dags/example_external_task_marker_dag.py took 1.718 seconds
[2022-09-02 18:31:13,328] {processor.py:153} INFO - Started process (PID=632) to work on /home/airflow/.local/lib/python3.7/site-packages/airflow/example_dags/example_external_task_marker_dag.py
[2022-09-02 18:31:13,360] {processor.py:641} INFO - Processing file /home/airflow/.local/lib/python3.7/site-packages/airflow/example_dags/example_external_task_marker_dag.py for tasks to queue
[2022-09-02 18:31:13,397] {logging_mixin.py:115} INFO - [2022-09-02 18:31:13,397] {dagbag.py:508} INFO - Filling up the DagBag from /home/airflow/.local/lib/python3.7/site-packages/airflow/example_dags/example_external_task_marker_dag.py
[2022-09-02 18:31:13,537] {processor.py:651} INFO - DAG(s) dict_keys(['example_external_task_marker_parent', 'example_external_task_marker_child']) retrieved from /home/airflow/.local/lib/python3.7/site-packages/airflow/example_dags/example_external_task_marker_dag.py
[2022-09-02 18:31:14,757] {logging_mixin.py:115} INFO - [2022-09-02 18:31:14,756] {dag.py:2420} INFO - Sync 2 DAGs
[2022-09-02 18:31:14,835] {logging_mixin.py:115} INFO - [2022-09-02 18:31:14,834] {dag.py:2972} INFO - Setting next_dagrun for example_external_task_marker_child to None, run_after=None
[2022-09-02 18:31:14,836] {logging_mixin.py:115} INFO - [2022-09-02 18:31:14,836] {dag.py:2972} INFO - Setting next_dagrun for example_external_task_marker_parent to None, run_after=None
[2022-09-02 18:31:14,874] {processor.py:161} INFO - Processing /home/airflow/.local/lib/python3.7/site-packages/airflow/example_dags/example_external_task_marker_dag.py took 1.563 seconds
[2022-09-02 18:31:45,033] {processor.py:153} INFO - Started process (PID=687) to work on /home/airflow/.local/lib/python3.7/site-packages/airflow/example_dags/example_external_task_marker_dag.py
[2022-09-02 18:31:45,051] {processor.py:641} INFO - Processing file /home/airflow/.local/lib/python3.7/site-packages/airflow/example_dags/example_external_task_marker_dag.py for tasks to queue
[2022-09-02 18:31:45,069] {logging_mixin.py:115} INFO - [2022-09-02 18:31:45,068] {dagbag.py:508} INFO - Filling up the DagBag from /home/airflow/.local/lib/python3.7/site-packages/airflow/example_dags/example_external_task_marker_dag.py
[2022-09-02 18:31:45,127] {processor.py:651} INFO - DAG(s) dict_keys(['example_external_task_marker_parent', 'example_external_task_marker_child']) retrieved from /home/airflow/.local/lib/python3.7/site-packages/airflow/example_dags/example_external_task_marker_dag.py
[2022-09-02 18:31:45,428] {logging_mixin.py:115} INFO - [2022-09-02 18:31:45,428] {dag.py:2420} INFO - Sync 2 DAGs
[2022-09-02 18:31:46,347] {logging_mixin.py:115} INFO - [2022-09-02 18:31:46,346] {dag.py:2972} INFO - Setting next_dagrun for example_external_task_marker_child to None, run_after=None
[2022-09-02 18:31:46,356] {logging_mixin.py:115} INFO - [2022-09-02 18:31:46,356] {dag.py:2972} INFO - Setting next_dagrun for example_external_task_marker_parent to None, run_after=None
[2022-09-02 18:31:46,466] {processor.py:161} INFO - Processing /home/airflow/.local/lib/python3.7/site-packages/airflow/example_dags/example_external_task_marker_dag.py took 1.451 seconds
[2022-09-02 18:32:16,997] {processor.py:153} INFO - Started process (PID=741) to work on /home/airflow/.local/lib/python3.7/site-packages/airflow/example_dags/example_external_task_marker_dag.py
[2022-09-02 18:32:17,004] {processor.py:641} INFO - Processing file /home/airflow/.local/lib/python3.7/site-packages/airflow/example_dags/example_external_task_marker_dag.py for tasks to queue
[2022-09-02 18:32:17,010] {logging_mixin.py:115} INFO - [2022-09-02 18:32:17,010] {dagbag.py:508} INFO - Filling up the DagBag from /home/airflow/.local/lib/python3.7/site-packages/airflow/example_dags/example_external_task_marker_dag.py
[2022-09-02 18:32:17,226] {processor.py:651} INFO - DAG(s) dict_keys(['example_external_task_marker_parent', 'example_external_task_marker_child']) retrieved from /home/airflow/.local/lib/python3.7/site-packages/airflow/example_dags/example_external_task_marker_dag.py
[2022-09-02 18:32:18,908] {logging_mixin.py:115} INFO - [2022-09-02 18:32:18,908] {dag.py:2420} INFO - Sync 2 DAGs
[2022-09-02 18:32:19,285] {logging_mixin.py:115} INFO - [2022-09-02 18:32:19,284] {dag.py:2972} INFO - Setting next_dagrun for example_external_task_marker_child to None, run_after=None
[2022-09-02 18:32:19,289] {logging_mixin.py:115} INFO - [2022-09-02 18:32:19,289] {dag.py:2972} INFO - Setting next_dagrun for example_external_task_marker_parent to None, run_after=None
[2022-09-02 18:32:19,410] {processor.py:161} INFO - Processing /home/airflow/.local/lib/python3.7/site-packages/airflow/example_dags/example_external_task_marker_dag.py took 2.457 seconds
[2022-09-02 18:32:50,282] {processor.py:153} INFO - Started process (PID=799) to work on /home/airflow/.local/lib/python3.7/site-packages/airflow/example_dags/example_external_task_marker_dag.py
[2022-09-02 18:32:50,287] {processor.py:641} INFO - Processing file /home/airflow/.local/lib/python3.7/site-packages/airflow/example_dags/example_external_task_marker_dag.py for tasks to queue
[2022-09-02 18:32:50,301] {logging_mixin.py:115} INFO - [2022-09-02 18:32:50,301] {dagbag.py:508} INFO - Filling up the DagBag from /home/airflow/.local/lib/python3.7/site-packages/airflow/example_dags/example_external_task_marker_dag.py
[2022-09-02 18:32:50,333] {processor.py:651} INFO - DAG(s) dict_keys(['example_external_task_marker_parent', 'example_external_task_marker_child']) retrieved from /home/airflow/.local/lib/python3.7/site-packages/airflow/example_dags/example_external_task_marker_dag.py
[2022-09-02 18:32:50,622] {logging_mixin.py:115} INFO - [2022-09-02 18:32:50,621] {dag.py:2420} INFO - Sync 2 DAGs
[2022-09-02 18:32:50,709] {logging_mixin.py:115} INFO - [2022-09-02 18:32:50,709] {dag.py:2972} INFO - Setting next_dagrun for example_external_task_marker_child to None, run_after=None
[2022-09-02 18:32:50,713] {logging_mixin.py:115} INFO - [2022-09-02 18:32:50,713] {dag.py:2972} INFO - Setting next_dagrun for example_external_task_marker_parent to None, run_after=None
[2022-09-02 18:32:50,760] {processor.py:161} INFO - Processing /home/airflow/.local/lib/python3.7/site-packages/airflow/example_dags/example_external_task_marker_dag.py took 0.496 seconds
[2022-09-02 18:33:20,893] {processor.py:153} INFO - Started process (PID=854) to work on /home/airflow/.local/lib/python3.7/site-packages/airflow/example_dags/example_external_task_marker_dag.py
[2022-09-02 18:33:20,905] {processor.py:641} INFO - Processing file /home/airflow/.local/lib/python3.7/site-packages/airflow/example_dags/example_external_task_marker_dag.py for tasks to queue
[2022-09-02 18:33:20,916] {logging_mixin.py:115} INFO - [2022-09-02 18:33:20,915] {dagbag.py:508} INFO - Filling up the DagBag from /home/airflow/.local/lib/python3.7/site-packages/airflow/example_dags/example_external_task_marker_dag.py
[2022-09-02 18:33:20,939] {processor.py:651} INFO - DAG(s) dict_keys(['example_external_task_marker_parent', 'example_external_task_marker_child']) retrieved from /home/airflow/.local/lib/python3.7/site-packages/airflow/example_dags/example_external_task_marker_dag.py
[2022-09-02 18:33:21,083] {logging_mixin.py:115} INFO - [2022-09-02 18:33:21,082] {dag.py:2420} INFO - Sync 2 DAGs
[2022-09-02 18:33:21,161] {logging_mixin.py:115} INFO - [2022-09-02 18:33:21,161] {dag.py:2972} INFO - Setting next_dagrun for example_external_task_marker_child to None, run_after=None
[2022-09-02 18:33:21,165] {logging_mixin.py:115} INFO - [2022-09-02 18:33:21,165] {dag.py:2972} INFO - Setting next_dagrun for example_external_task_marker_parent to None, run_after=None
[2022-09-02 18:33:21,198] {processor.py:161} INFO - Processing /home/airflow/.local/lib/python3.7/site-packages/airflow/example_dags/example_external_task_marker_dag.py took 0.325 seconds
[2022-09-02 18:33:52,772] {processor.py:153} INFO - Started process (PID=909) to work on /home/airflow/.local/lib/python3.7/site-packages/airflow/example_dags/example_external_task_marker_dag.py
[2022-09-02 18:33:52,775] {processor.py:641} INFO - Processing file /home/airflow/.local/lib/python3.7/site-packages/airflow/example_dags/example_external_task_marker_dag.py for tasks to queue
[2022-09-02 18:33:52,780] {logging_mixin.py:115} INFO - [2022-09-02 18:33:52,779] {dagbag.py:508} INFO - Filling up the DagBag from /home/airflow/.local/lib/python3.7/site-packages/airflow/example_dags/example_external_task_marker_dag.py
[2022-09-02 18:33:52,800] {processor.py:651} INFO - DAG(s) dict_keys(['example_external_task_marker_parent', 'example_external_task_marker_child']) retrieved from /home/airflow/.local/lib/python3.7/site-packages/airflow/example_dags/example_external_task_marker_dag.py
[2022-09-02 18:33:52,961] {logging_mixin.py:115} INFO - [2022-09-02 18:33:52,961] {dag.py:2420} INFO - Sync 2 DAGs
[2022-09-02 18:33:53,139] {logging_mixin.py:115} INFO - [2022-09-02 18:33:53,138] {dag.py:2972} INFO - Setting next_dagrun for example_external_task_marker_child to None, run_after=None
[2022-09-02 18:33:53,146] {logging_mixin.py:115} INFO - [2022-09-02 18:33:53,145] {dag.py:2972} INFO - Setting next_dagrun for example_external_task_marker_parent to None, run_after=None
[2022-09-02 18:33:53,182] {processor.py:161} INFO - Processing /home/airflow/.local/lib/python3.7/site-packages/airflow/example_dags/example_external_task_marker_dag.py took 0.422 seconds
[2022-09-02 18:34:23,608] {processor.py:153} INFO - Started process (PID=963) to work on /home/airflow/.local/lib/python3.7/site-packages/airflow/example_dags/example_external_task_marker_dag.py
[2022-09-02 18:34:23,610] {processor.py:641} INFO - Processing file /home/airflow/.local/lib/python3.7/site-packages/airflow/example_dags/example_external_task_marker_dag.py for tasks to queue
[2022-09-02 18:34:23,613] {logging_mixin.py:115} INFO - [2022-09-02 18:34:23,613] {dagbag.py:508} INFO - Filling up the DagBag from /home/airflow/.local/lib/python3.7/site-packages/airflow/example_dags/example_external_task_marker_dag.py
[2022-09-02 18:34:23,626] {processor.py:651} INFO - DAG(s) dict_keys(['example_external_task_marker_parent', 'example_external_task_marker_child']) retrieved from /home/airflow/.local/lib/python3.7/site-packages/airflow/example_dags/example_external_task_marker_dag.py
[2022-09-02 18:34:23,748] {logging_mixin.py:115} INFO - [2022-09-02 18:34:23,748] {dag.py:2420} INFO - Sync 2 DAGs
[2022-09-02 18:34:23,822] {logging_mixin.py:115} INFO - [2022-09-02 18:34:23,822] {dag.py:2972} INFO - Setting next_dagrun for example_external_task_marker_child to None, run_after=None
[2022-09-02 18:34:23,825] {logging_mixin.py:115} INFO - [2022-09-02 18:34:23,825] {dag.py:2972} INFO - Setting next_dagrun for example_external_task_marker_parent to None, run_after=None
[2022-09-02 18:34:23,861] {processor.py:161} INFO - Processing /home/airflow/.local/lib/python3.7/site-packages/airflow/example_dags/example_external_task_marker_dag.py took 0.259 seconds
[2022-09-02 18:35:23,014] {processor.py:153} INFO - Started process (PID=1025) to work on /home/airflow/.local/lib/python3.7/site-packages/airflow/example_dags/example_external_task_marker_dag.py
[2022-09-02 18:35:23,024] {processor.py:641} INFO - Processing file /home/airflow/.local/lib/python3.7/site-packages/airflow/example_dags/example_external_task_marker_dag.py for tasks to queue
[2022-09-02 18:35:23,038] {logging_mixin.py:115} INFO - [2022-09-02 18:35:23,038] {dagbag.py:508} INFO - Filling up the DagBag from /home/airflow/.local/lib/python3.7/site-packages/airflow/example_dags/example_external_task_marker_dag.py
[2022-09-02 18:35:23,117] {processor.py:651} INFO - DAG(s) dict_keys(['example_external_task_marker_parent', 'example_external_task_marker_child']) retrieved from /home/airflow/.local/lib/python3.7/site-packages/airflow/example_dags/example_external_task_marker_dag.py
[2022-09-02 18:35:25,627] {logging_mixin.py:115} INFO - [2022-09-02 18:35:25,627] {dag.py:2420} INFO - Sync 2 DAGs
[2022-09-02 18:35:25,821] {logging_mixin.py:115} INFO - [2022-09-02 18:35:25,821] {dag.py:2972} INFO - Setting next_dagrun for example_external_task_marker_child to None, run_after=None
[2022-09-02 18:35:25,831] {logging_mixin.py:115} INFO - [2022-09-02 18:35:25,831] {dag.py:2972} INFO - Setting next_dagrun for example_external_task_marker_parent to None, run_after=None
[2022-09-02 18:35:25,964] {processor.py:161} INFO - Processing /home/airflow/.local/lib/python3.7/site-packages/airflow/example_dags/example_external_task_marker_dag.py took 2.980 seconds
[2022-09-02 18:35:56,098] {processor.py:153} INFO - Started process (PID=1080) to work on /home/airflow/.local/lib/python3.7/site-packages/airflow/example_dags/example_external_task_marker_dag.py
[2022-09-02 18:35:56,107] {processor.py:641} INFO - Processing file /home/airflow/.local/lib/python3.7/site-packages/airflow/example_dags/example_external_task_marker_dag.py for tasks to queue
[2022-09-02 18:35:56,113] {logging_mixin.py:115} INFO - [2022-09-02 18:35:56,111] {dagbag.py:508} INFO - Filling up the DagBag from /home/airflow/.local/lib/python3.7/site-packages/airflow/example_dags/example_external_task_marker_dag.py
[2022-09-02 18:35:56,132] {processor.py:651} INFO - DAG(s) dict_keys(['example_external_task_marker_parent', 'example_external_task_marker_child']) retrieved from /home/airflow/.local/lib/python3.7/site-packages/airflow/example_dags/example_external_task_marker_dag.py
[2022-09-02 18:35:56,295] {logging_mixin.py:115} INFO - [2022-09-02 18:35:56,294] {dag.py:2420} INFO - Sync 2 DAGs
[2022-09-02 18:35:56,346] {logging_mixin.py:115} INFO - [2022-09-02 18:35:56,346] {dag.py:2972} INFO - Setting next_dagrun for example_external_task_marker_child to None, run_after=None
[2022-09-02 18:35:56,349] {logging_mixin.py:115} INFO - [2022-09-02 18:35:56,349] {dag.py:2972} INFO - Setting next_dagrun for example_external_task_marker_parent to None, run_after=None
[2022-09-02 18:35:56,416] {processor.py:161} INFO - Processing /home/airflow/.local/lib/python3.7/site-packages/airflow/example_dags/example_external_task_marker_dag.py took 0.335 seconds
[2022-09-02 18:36:26,786] {processor.py:153} INFO - Started process (PID=1135) to work on /home/airflow/.local/lib/python3.7/site-packages/airflow/example_dags/example_external_task_marker_dag.py
[2022-09-02 18:36:26,788] {processor.py:641} INFO - Processing file /home/airflow/.local/lib/python3.7/site-packages/airflow/example_dags/example_external_task_marker_dag.py for tasks to queue
[2022-09-02 18:36:26,794] {logging_mixin.py:115} INFO - [2022-09-02 18:36:26,794] {dagbag.py:508} INFO - Filling up the DagBag from /home/airflow/.local/lib/python3.7/site-packages/airflow/example_dags/example_external_task_marker_dag.py
[2022-09-02 18:36:26,815] {processor.py:651} INFO - DAG(s) dict_keys(['example_external_task_marker_parent', 'example_external_task_marker_child']) retrieved from /home/airflow/.local/lib/python3.7/site-packages/airflow/example_dags/example_external_task_marker_dag.py
[2022-09-02 18:36:26,965] {logging_mixin.py:115} INFO - [2022-09-02 18:36:26,964] {dag.py:2420} INFO - Sync 2 DAGs
[2022-09-02 18:36:27,033] {logging_mixin.py:115} INFO - [2022-09-02 18:36:27,033] {dag.py:2972} INFO - Setting next_dagrun for example_external_task_marker_child to None, run_after=None
[2022-09-02 18:36:27,035] {logging_mixin.py:115} INFO - [2022-09-02 18:36:27,035] {dag.py:2972} INFO - Setting next_dagrun for example_external_task_marker_parent to None, run_after=None
[2022-09-02 18:36:27,071] {processor.py:161} INFO - Processing /home/airflow/.local/lib/python3.7/site-packages/airflow/example_dags/example_external_task_marker_dag.py took 0.294 seconds
[2022-09-02 18:36:57,204] {processor.py:153} INFO - Started process (PID=1186) to work on /home/airflow/.local/lib/python3.7/site-packages/airflow/example_dags/example_external_task_marker_dag.py
[2022-09-02 18:36:57,210] {processor.py:641} INFO - Processing file /home/airflow/.local/lib/python3.7/site-packages/airflow/example_dags/example_external_task_marker_dag.py for tasks to queue
[2022-09-02 18:36:57,218] {logging_mixin.py:115} INFO - [2022-09-02 18:36:57,217] {dagbag.py:508} INFO - Filling up the DagBag from /home/airflow/.local/lib/python3.7/site-packages/airflow/example_dags/example_external_task_marker_dag.py
[2022-09-02 18:36:57,247] {processor.py:651} INFO - DAG(s) dict_keys(['example_external_task_marker_parent', 'example_external_task_marker_child']) retrieved from /home/airflow/.local/lib/python3.7/site-packages/airflow/example_dags/example_external_task_marker_dag.py
[2022-09-02 18:36:57,820] {logging_mixin.py:115} INFO - [2022-09-02 18:36:57,819] {dag.py:2420} INFO - Sync 2 DAGs
[2022-09-02 18:36:57,910] {logging_mixin.py:115} INFO - [2022-09-02 18:36:57,910] {dag.py:2972} INFO - Setting next_dagrun for example_external_task_marker_child to None, run_after=None
[2022-09-02 18:36:57,913] {logging_mixin.py:115} INFO - [2022-09-02 18:36:57,912] {dag.py:2972} INFO - Setting next_dagrun for example_external_task_marker_parent to None, run_after=None
[2022-09-02 18:36:57,986] {processor.py:161} INFO - Processing /home/airflow/.local/lib/python3.7/site-packages/airflow/example_dags/example_external_task_marker_dag.py took 0.803 seconds
[2022-09-02 18:37:28,214] {processor.py:153} INFO - Started process (PID=1233) to work on /home/airflow/.local/lib/python3.7/site-packages/airflow/example_dags/example_external_task_marker_dag.py
[2022-09-02 18:37:28,222] {processor.py:641} INFO - Processing file /home/airflow/.local/lib/python3.7/site-packages/airflow/example_dags/example_external_task_marker_dag.py for tasks to queue
[2022-09-02 18:37:28,234] {logging_mixin.py:115} INFO - [2022-09-02 18:37:28,234] {dagbag.py:508} INFO - Filling up the DagBag from /home/airflow/.local/lib/python3.7/site-packages/airflow/example_dags/example_external_task_marker_dag.py
[2022-09-02 18:37:28,260] {processor.py:651} INFO - DAG(s) dict_keys(['example_external_task_marker_parent', 'example_external_task_marker_child']) retrieved from /home/airflow/.local/lib/python3.7/site-packages/airflow/example_dags/example_external_task_marker_dag.py
[2022-09-02 18:37:28,585] {logging_mixin.py:115} INFO - [2022-09-02 18:37:28,585] {dag.py:2420} INFO - Sync 2 DAGs
[2022-09-02 18:37:28,678] {logging_mixin.py:115} INFO - [2022-09-02 18:37:28,677] {dag.py:2972} INFO - Setting next_dagrun for example_external_task_marker_child to None, run_after=None
[2022-09-02 18:37:28,684] {logging_mixin.py:115} INFO - [2022-09-02 18:37:28,683] {dag.py:2972} INFO - Setting next_dagrun for example_external_task_marker_parent to None, run_after=None
[2022-09-02 18:37:28,743] {processor.py:161} INFO - Processing /home/airflow/.local/lib/python3.7/site-packages/airflow/example_dags/example_external_task_marker_dag.py took 0.550 seconds
[2022-09-02 18:37:59,458] {processor.py:153} INFO - Started process (PID=1288) to work on /home/airflow/.local/lib/python3.7/site-packages/airflow/example_dags/example_external_task_marker_dag.py
[2022-09-02 18:37:59,464] {processor.py:641} INFO - Processing file /home/airflow/.local/lib/python3.7/site-packages/airflow/example_dags/example_external_task_marker_dag.py for tasks to queue
[2022-09-02 18:37:59,468] {logging_mixin.py:115} INFO - [2022-09-02 18:37:59,467] {dagbag.py:508} INFO - Filling up the DagBag from /home/airflow/.local/lib/python3.7/site-packages/airflow/example_dags/example_external_task_marker_dag.py
[2022-09-02 18:37:59,485] {processor.py:651} INFO - DAG(s) dict_keys(['example_external_task_marker_parent', 'example_external_task_marker_child']) retrieved from /home/airflow/.local/lib/python3.7/site-packages/airflow/example_dags/example_external_task_marker_dag.py
[2022-09-02 18:37:59,706] {logging_mixin.py:115} INFO - [2022-09-02 18:37:59,706] {dag.py:2420} INFO - Sync 2 DAGs
[2022-09-02 18:37:59,807] {logging_mixin.py:115} INFO - [2022-09-02 18:37:59,807] {dag.py:2972} INFO - Setting next_dagrun for example_external_task_marker_child to None, run_after=None
[2022-09-02 18:37:59,810] {logging_mixin.py:115} INFO - [2022-09-02 18:37:59,810] {dag.py:2972} INFO - Setting next_dagrun for example_external_task_marker_parent to None, run_after=None
[2022-09-02 18:37:59,852] {processor.py:161} INFO - Processing /home/airflow/.local/lib/python3.7/site-packages/airflow/example_dags/example_external_task_marker_dag.py took 0.441 seconds
[2022-09-02 18:38:30,150] {processor.py:153} INFO - Started process (PID=1354) to work on /home/airflow/.local/lib/python3.7/site-packages/airflow/example_dags/example_external_task_marker_dag.py
[2022-09-02 18:38:30,156] {processor.py:641} INFO - Processing file /home/airflow/.local/lib/python3.7/site-packages/airflow/example_dags/example_external_task_marker_dag.py for tasks to queue
[2022-09-02 18:38:30,160] {logging_mixin.py:115} INFO - [2022-09-02 18:38:30,159] {dagbag.py:508} INFO - Filling up the DagBag from /home/airflow/.local/lib/python3.7/site-packages/airflow/example_dags/example_external_task_marker_dag.py
[2022-09-02 18:38:30,174] {processor.py:651} INFO - DAG(s) dict_keys(['example_external_task_marker_parent', 'example_external_task_marker_child']) retrieved from /home/airflow/.local/lib/python3.7/site-packages/airflow/example_dags/example_external_task_marker_dag.py
[2022-09-02 18:38:30,340] {logging_mixin.py:115} INFO - [2022-09-02 18:38:30,340] {dag.py:2420} INFO - Sync 2 DAGs
[2022-09-02 18:38:30,411] {logging_mixin.py:115} INFO - [2022-09-02 18:38:30,411] {dag.py:2972} INFO - Setting next_dagrun for example_external_task_marker_child to None, run_after=None
[2022-09-02 18:38:30,426] {logging_mixin.py:115} INFO - [2022-09-02 18:38:30,426] {dag.py:2972} INFO - Setting next_dagrun for example_external_task_marker_parent to None, run_after=None
[2022-09-02 18:38:30,465] {processor.py:161} INFO - Processing /home/airflow/.local/lib/python3.7/site-packages/airflow/example_dags/example_external_task_marker_dag.py took 0.324 seconds
[2022-09-02 18:39:00,840] {processor.py:153} INFO - Started process (PID=1407) to work on /home/airflow/.local/lib/python3.7/site-packages/airflow/example_dags/example_external_task_marker_dag.py
[2022-09-02 18:39:00,845] {processor.py:641} INFO - Processing file /home/airflow/.local/lib/python3.7/site-packages/airflow/example_dags/example_external_task_marker_dag.py for tasks to queue
[2022-09-02 18:39:00,851] {logging_mixin.py:115} INFO - [2022-09-02 18:39:00,850] {dagbag.py:508} INFO - Filling up the DagBag from /home/airflow/.local/lib/python3.7/site-packages/airflow/example_dags/example_external_task_marker_dag.py
[2022-09-02 18:39:00,870] {processor.py:651} INFO - DAG(s) dict_keys(['example_external_task_marker_parent', 'example_external_task_marker_child']) retrieved from /home/airflow/.local/lib/python3.7/site-packages/airflow/example_dags/example_external_task_marker_dag.py
[2022-09-02 18:39:00,978] {logging_mixin.py:115} INFO - [2022-09-02 18:39:00,978] {dag.py:2420} INFO - Sync 2 DAGs
[2022-09-02 18:39:01,031] {logging_mixin.py:115} INFO - [2022-09-02 18:39:01,031] {dag.py:2972} INFO - Setting next_dagrun for example_external_task_marker_child to None, run_after=None
[2022-09-02 18:39:01,033] {logging_mixin.py:115} INFO - [2022-09-02 18:39:01,033] {dag.py:2972} INFO - Setting next_dagrun for example_external_task_marker_parent to None, run_after=None
[2022-09-02 18:39:01,071] {processor.py:161} INFO - Processing /home/airflow/.local/lib/python3.7/site-packages/airflow/example_dags/example_external_task_marker_dag.py took 0.247 seconds
[2022-09-02 18:39:31,552] {processor.py:153} INFO - Started process (PID=1460) to work on /home/airflow/.local/lib/python3.7/site-packages/airflow/example_dags/example_external_task_marker_dag.py
[2022-09-02 18:39:31,557] {processor.py:641} INFO - Processing file /home/airflow/.local/lib/python3.7/site-packages/airflow/example_dags/example_external_task_marker_dag.py for tasks to queue
[2022-09-02 18:39:31,560] {logging_mixin.py:115} INFO - [2022-09-02 18:39:31,560] {dagbag.py:508} INFO - Filling up the DagBag from /home/airflow/.local/lib/python3.7/site-packages/airflow/example_dags/example_external_task_marker_dag.py
[2022-09-02 18:39:31,578] {processor.py:651} INFO - DAG(s) dict_keys(['example_external_task_marker_parent', 'example_external_task_marker_child']) retrieved from /home/airflow/.local/lib/python3.7/site-packages/airflow/example_dags/example_external_task_marker_dag.py
[2022-09-02 18:39:31,816] {logging_mixin.py:115} INFO - [2022-09-02 18:39:31,815] {dag.py:2420} INFO - Sync 2 DAGs
[2022-09-02 18:39:31,910] {logging_mixin.py:115} INFO - [2022-09-02 18:39:31,910] {dag.py:2972} INFO - Setting next_dagrun for example_external_task_marker_child to None, run_after=None
[2022-09-02 18:39:31,914] {logging_mixin.py:115} INFO - [2022-09-02 18:39:31,914] {dag.py:2972} INFO - Setting next_dagrun for example_external_task_marker_parent to None, run_after=None
[2022-09-02 18:39:31,959] {processor.py:161} INFO - Processing /home/airflow/.local/lib/python3.7/site-packages/airflow/example_dags/example_external_task_marker_dag.py took 0.418 seconds
