[2022-09-02 18:26:24,131] {processor.py:153} INFO - Started process (PID=128) to work on /home/airflow/.local/lib/python3.7/site-packages/airflow/example_dags/tutorial.py
[2022-09-02 18:26:24,139] {processor.py:641} INFO - Processing file /home/airflow/.local/lib/python3.7/site-packages/airflow/example_dags/tutorial.py for tasks to queue
[2022-09-02 18:26:24,142] {logging_mixin.py:115} INFO - [2022-09-02 18:26:24,142] {dagbag.py:508} INFO - Filling up the DagBag from /home/airflow/.local/lib/python3.7/site-packages/airflow/example_dags/tutorial.py
[2022-09-02 18:26:24,252] {processor.py:651} INFO - DAG(s) dict_keys(['tutorial']) retrieved from /home/airflow/.local/lib/python3.7/site-packages/airflow/example_dags/tutorial.py
[2022-09-02 18:26:24,876] {logging_mixin.py:115} INFO - [2022-09-02 18:26:24,875] {manager.py:508} INFO - Created Permission View: can delete on DAG:tutorial
[2022-09-02 18:26:24,951] {logging_mixin.py:115} INFO - [2022-09-02 18:26:24,951] {manager.py:508} INFO - Created Permission View: can edit on DAG:tutorial
[2022-09-02 18:26:25,033] {logging_mixin.py:115} INFO - [2022-09-02 18:26:25,033] {manager.py:508} INFO - Created Permission View: can read on DAG:tutorial
[2022-09-02 18:26:25,037] {logging_mixin.py:115} INFO - [2022-09-02 18:26:25,037] {dag.py:2420} INFO - Sync 1 DAGs
[2022-09-02 18:26:25,073] {logging_mixin.py:115} INFO - [2022-09-02 18:26:25,073] {dag.py:2439} INFO - Creating ORM DAG for tutorial
[2022-09-02 18:26:25,151] {logging_mixin.py:115} INFO - [2022-09-02 18:26:25,150] {dag.py:2972} INFO - Setting next_dagrun for tutorial to 2022-09-01T18:26:25.150568+00:00, run_after=2022-09-02T18:26:25.150568+00:00
[2022-09-02 18:26:25,221] {processor.py:161} INFO - Processing /home/airflow/.local/lib/python3.7/site-packages/airflow/example_dags/tutorial.py took 1.097 seconds
[2022-09-02 18:26:55,591] {processor.py:153} INFO - Started process (PID=183) to work on /home/airflow/.local/lib/python3.7/site-packages/airflow/example_dags/tutorial.py
[2022-09-02 18:26:55,596] {processor.py:641} INFO - Processing file /home/airflow/.local/lib/python3.7/site-packages/airflow/example_dags/tutorial.py for tasks to queue
[2022-09-02 18:26:55,600] {logging_mixin.py:115} INFO - [2022-09-02 18:26:55,600] {dagbag.py:508} INFO - Filling up the DagBag from /home/airflow/.local/lib/python3.7/site-packages/airflow/example_dags/tutorial.py
[2022-09-02 18:26:55,627] {processor.py:651} INFO - DAG(s) dict_keys(['tutorial']) retrieved from /home/airflow/.local/lib/python3.7/site-packages/airflow/example_dags/tutorial.py
[2022-09-02 18:26:55,933] {logging_mixin.py:115} INFO - [2022-09-02 18:26:55,933] {dag.py:2420} INFO - Sync 1 DAGs
[2022-09-02 18:26:56,012] {logging_mixin.py:115} INFO - [2022-09-02 18:26:56,012] {dag.py:2972} INFO - Setting next_dagrun for tutorial to 2022-09-01T18:26:56.011704+00:00, run_after=2022-09-02T18:26:56.011704+00:00
[2022-09-02 18:26:56,041] {processor.py:161} INFO - Processing /home/airflow/.local/lib/python3.7/site-packages/airflow/example_dags/tutorial.py took 0.466 seconds
[2022-09-02 18:27:26,739] {processor.py:153} INFO - Started process (PID=236) to work on /home/airflow/.local/lib/python3.7/site-packages/airflow/example_dags/tutorial.py
[2022-09-02 18:27:26,742] {processor.py:641} INFO - Processing file /home/airflow/.local/lib/python3.7/site-packages/airflow/example_dags/tutorial.py for tasks to queue
[2022-09-02 18:27:26,745] {logging_mixin.py:115} INFO - [2022-09-02 18:27:26,745] {dagbag.py:508} INFO - Filling up the DagBag from /home/airflow/.local/lib/python3.7/site-packages/airflow/example_dags/tutorial.py
[2022-09-02 18:27:26,764] {processor.py:651} INFO - DAG(s) dict_keys(['tutorial']) retrieved from /home/airflow/.local/lib/python3.7/site-packages/airflow/example_dags/tutorial.py
[2022-09-02 18:27:27,070] {logging_mixin.py:115} INFO - [2022-09-02 18:27:27,070] {dag.py:2420} INFO - Sync 1 DAGs
[2022-09-02 18:27:27,153] {logging_mixin.py:115} INFO - [2022-09-02 18:27:27,152] {dag.py:2972} INFO - Setting next_dagrun for tutorial to 2022-09-01T18:27:27.152466+00:00, run_after=2022-09-02T18:27:27.152466+00:00
[2022-09-02 18:27:27,185] {processor.py:161} INFO - Processing /home/airflow/.local/lib/python3.7/site-packages/airflow/example_dags/tutorial.py took 0.465 seconds
[2022-09-02 18:27:57,615] {processor.py:153} INFO - Started process (PID=289) to work on /home/airflow/.local/lib/python3.7/site-packages/airflow/example_dags/tutorial.py
[2022-09-02 18:27:57,619] {processor.py:641} INFO - Processing file /home/airflow/.local/lib/python3.7/site-packages/airflow/example_dags/tutorial.py for tasks to queue
[2022-09-02 18:27:57,623] {logging_mixin.py:115} INFO - [2022-09-02 18:27:57,622] {dagbag.py:508} INFO - Filling up the DagBag from /home/airflow/.local/lib/python3.7/site-packages/airflow/example_dags/tutorial.py
[2022-09-02 18:27:57,637] {processor.py:651} INFO - DAG(s) dict_keys(['tutorial']) retrieved from /home/airflow/.local/lib/python3.7/site-packages/airflow/example_dags/tutorial.py
[2022-09-02 18:27:57,964] {logging_mixin.py:115} INFO - [2022-09-02 18:27:57,964] {dag.py:2420} INFO - Sync 1 DAGs
[2022-09-02 18:27:58,005] {logging_mixin.py:115} INFO - [2022-09-02 18:27:58,004] {dag.py:2972} INFO - Setting next_dagrun for tutorial to 2022-09-01T18:27:58.004724+00:00, run_after=2022-09-02T18:27:58.004724+00:00
[2022-09-02 18:27:58,065] {processor.py:161} INFO - Processing /home/airflow/.local/lib/python3.7/site-packages/airflow/example_dags/tutorial.py took 0.458 seconds
[2022-09-02 18:28:28,407] {processor.py:153} INFO - Started process (PID=345) to work on /home/airflow/.local/lib/python3.7/site-packages/airflow/example_dags/tutorial.py
[2022-09-02 18:28:28,410] {processor.py:641} INFO - Processing file /home/airflow/.local/lib/python3.7/site-packages/airflow/example_dags/tutorial.py for tasks to queue
[2022-09-02 18:28:28,413] {logging_mixin.py:115} INFO - [2022-09-02 18:28:28,412] {dagbag.py:508} INFO - Filling up the DagBag from /home/airflow/.local/lib/python3.7/site-packages/airflow/example_dags/tutorial.py
[2022-09-02 18:28:28,426] {processor.py:651} INFO - DAG(s) dict_keys(['tutorial']) retrieved from /home/airflow/.local/lib/python3.7/site-packages/airflow/example_dags/tutorial.py
[2022-09-02 18:28:28,723] {logging_mixin.py:115} INFO - [2022-09-02 18:28:28,723] {dag.py:2420} INFO - Sync 1 DAGs
[2022-09-02 18:28:28,799] {logging_mixin.py:115} INFO - [2022-09-02 18:28:28,799] {dag.py:2972} INFO - Setting next_dagrun for tutorial to 2022-09-01T18:28:28.798331+00:00, run_after=2022-09-02T18:28:28.798331+00:00
[2022-09-02 18:28:28,891] {processor.py:161} INFO - Processing /home/airflow/.local/lib/python3.7/site-packages/airflow/example_dags/tutorial.py took 0.495 seconds
[2022-09-02 18:28:59,411] {processor.py:153} INFO - Started process (PID=400) to work on /home/airflow/.local/lib/python3.7/site-packages/airflow/example_dags/tutorial.py
[2022-09-02 18:28:59,416] {processor.py:641} INFO - Processing file /home/airflow/.local/lib/python3.7/site-packages/airflow/example_dags/tutorial.py for tasks to queue
[2022-09-02 18:28:59,423] {logging_mixin.py:115} INFO - [2022-09-02 18:28:59,422] {dagbag.py:508} INFO - Filling up the DagBag from /home/airflow/.local/lib/python3.7/site-packages/airflow/example_dags/tutorial.py
[2022-09-02 18:28:59,449] {processor.py:651} INFO - DAG(s) dict_keys(['tutorial']) retrieved from /home/airflow/.local/lib/python3.7/site-packages/airflow/example_dags/tutorial.py
[2022-09-02 18:28:59,902] {logging_mixin.py:115} INFO - [2022-09-02 18:28:59,902] {dag.py:2420} INFO - Sync 1 DAGs
[2022-09-02 18:28:59,992] {logging_mixin.py:115} INFO - [2022-09-02 18:28:59,992] {dag.py:2972} INFO - Setting next_dagrun for tutorial to 2022-09-01T18:28:59.991441+00:00, run_after=2022-09-02T18:28:59.991441+00:00
[2022-09-02 18:29:00,061] {processor.py:161} INFO - Processing /home/airflow/.local/lib/python3.7/site-packages/airflow/example_dags/tutorial.py took 0.660 seconds
[2022-09-02 18:29:31,826] {processor.py:153} INFO - Started process (PID=454) to work on /home/airflow/.local/lib/python3.7/site-packages/airflow/example_dags/tutorial.py
[2022-09-02 18:29:31,833] {processor.py:641} INFO - Processing file /home/airflow/.local/lib/python3.7/site-packages/airflow/example_dags/tutorial.py for tasks to queue
[2022-09-02 18:29:31,841] {logging_mixin.py:115} INFO - [2022-09-02 18:29:31,840] {dagbag.py:508} INFO - Filling up the DagBag from /home/airflow/.local/lib/python3.7/site-packages/airflow/example_dags/tutorial.py
[2022-09-02 18:29:31,862] {processor.py:651} INFO - DAG(s) dict_keys(['tutorial']) retrieved from /home/airflow/.local/lib/python3.7/site-packages/airflow/example_dags/tutorial.py
[2022-09-02 18:29:32,170] {logging_mixin.py:115} INFO - [2022-09-02 18:29:32,170] {dag.py:2420} INFO - Sync 1 DAGs
[2022-09-02 18:29:32,267] {logging_mixin.py:115} INFO - [2022-09-02 18:29:32,267] {dag.py:2972} INFO - Setting next_dagrun for tutorial to 2022-09-01T18:29:32.266148+00:00, run_after=2022-09-02T18:29:32.266148+00:00
[2022-09-02 18:29:32,307] {processor.py:161} INFO - Processing /home/airflow/.local/lib/python3.7/site-packages/airflow/example_dags/tutorial.py took 0.497 seconds
[2022-09-02 18:30:02,716] {processor.py:153} INFO - Started process (PID=507) to work on /home/airflow/.local/lib/python3.7/site-packages/airflow/example_dags/tutorial.py
[2022-09-02 18:30:02,719] {processor.py:641} INFO - Processing file /home/airflow/.local/lib/python3.7/site-packages/airflow/example_dags/tutorial.py for tasks to queue
[2022-09-02 18:30:02,723] {logging_mixin.py:115} INFO - [2022-09-02 18:30:02,723] {dagbag.py:508} INFO - Filling up the DagBag from /home/airflow/.local/lib/python3.7/site-packages/airflow/example_dags/tutorial.py
[2022-09-02 18:30:02,748] {processor.py:651} INFO - DAG(s) dict_keys(['tutorial']) retrieved from /home/airflow/.local/lib/python3.7/site-packages/airflow/example_dags/tutorial.py
[2022-09-02 18:30:03,127] {logging_mixin.py:115} INFO - [2022-09-02 18:30:03,127] {dag.py:2420} INFO - Sync 1 DAGs
[2022-09-02 18:30:03,180] {logging_mixin.py:115} INFO - [2022-09-02 18:30:03,180] {dag.py:2972} INFO - Setting next_dagrun for tutorial to 2022-09-01T18:30:03.179537+00:00, run_after=2022-09-02T18:30:03.179537+00:00
[2022-09-02 18:30:03,224] {processor.py:161} INFO - Processing /home/airflow/.local/lib/python3.7/site-packages/airflow/example_dags/tutorial.py took 0.518 seconds
[2022-09-02 18:30:33,468] {processor.py:153} INFO - Started process (PID=563) to work on /home/airflow/.local/lib/python3.7/site-packages/airflow/example_dags/tutorial.py
[2022-09-02 18:30:33,476] {processor.py:641} INFO - Processing file /home/airflow/.local/lib/python3.7/site-packages/airflow/example_dags/tutorial.py for tasks to queue
[2022-09-02 18:30:33,483] {logging_mixin.py:115} INFO - [2022-09-02 18:30:33,483] {dagbag.py:508} INFO - Filling up the DagBag from /home/airflow/.local/lib/python3.7/site-packages/airflow/example_dags/tutorial.py
[2022-09-02 18:30:33,515] {processor.py:651} INFO - DAG(s) dict_keys(['tutorial']) retrieved from /home/airflow/.local/lib/python3.7/site-packages/airflow/example_dags/tutorial.py
[2022-09-02 18:30:34,494] {logging_mixin.py:115} INFO - [2022-09-02 18:30:34,494] {dag.py:2420} INFO - Sync 1 DAGs
[2022-09-02 18:30:34,681] {logging_mixin.py:115} INFO - [2022-09-02 18:30:34,681] {dag.py:2972} INFO - Setting next_dagrun for tutorial to 2022-09-01T18:30:34.675044+00:00, run_after=2022-09-02T18:30:34.675044+00:00
[2022-09-02 18:30:34,963] {processor.py:161} INFO - Processing /home/airflow/.local/lib/python3.7/site-packages/airflow/example_dags/tutorial.py took 1.502 seconds
[2022-09-02 18:31:05,341] {processor.py:153} INFO - Started process (PID=617) to work on /home/airflow/.local/lib/python3.7/site-packages/airflow/example_dags/tutorial.py
[2022-09-02 18:31:05,346] {processor.py:641} INFO - Processing file /home/airflow/.local/lib/python3.7/site-packages/airflow/example_dags/tutorial.py for tasks to queue
[2022-09-02 18:31:05,351] {logging_mixin.py:115} INFO - [2022-09-02 18:31:05,350] {dagbag.py:508} INFO - Filling up the DagBag from /home/airflow/.local/lib/python3.7/site-packages/airflow/example_dags/tutorial.py
[2022-09-02 18:31:05,378] {processor.py:651} INFO - DAG(s) dict_keys(['tutorial']) retrieved from /home/airflow/.local/lib/python3.7/site-packages/airflow/example_dags/tutorial.py
[2022-09-02 18:31:05,635] {logging_mixin.py:115} INFO - [2022-09-02 18:31:05,635] {dag.py:2420} INFO - Sync 1 DAGs
[2022-09-02 18:31:05,682] {logging_mixin.py:115} INFO - [2022-09-02 18:31:05,682] {dag.py:2972} INFO - Setting next_dagrun for tutorial to 2022-09-01T18:31:05.681791+00:00, run_after=2022-09-02T18:31:05.681791+00:00
[2022-09-02 18:31:05,726] {processor.py:161} INFO - Processing /home/airflow/.local/lib/python3.7/site-packages/airflow/example_dags/tutorial.py took 0.393 seconds
[2022-09-02 18:31:36,781] {processor.py:153} INFO - Started process (PID=674) to work on /home/airflow/.local/lib/python3.7/site-packages/airflow/example_dags/tutorial.py
[2022-09-02 18:31:36,783] {processor.py:641} INFO - Processing file /home/airflow/.local/lib/python3.7/site-packages/airflow/example_dags/tutorial.py for tasks to queue
[2022-09-02 18:31:36,787] {logging_mixin.py:115} INFO - [2022-09-02 18:31:36,786] {dagbag.py:508} INFO - Filling up the DagBag from /home/airflow/.local/lib/python3.7/site-packages/airflow/example_dags/tutorial.py
[2022-09-02 18:31:36,887] {processor.py:651} INFO - DAG(s) dict_keys(['tutorial']) retrieved from /home/airflow/.local/lib/python3.7/site-packages/airflow/example_dags/tutorial.py
[2022-09-02 18:31:37,124] {logging_mixin.py:115} INFO - [2022-09-02 18:31:37,124] {dag.py:2420} INFO - Sync 1 DAGs
[2022-09-02 18:31:37,221] {logging_mixin.py:115} INFO - [2022-09-02 18:31:37,220] {dag.py:2972} INFO - Setting next_dagrun for tutorial to 2022-09-01T18:31:37.220329+00:00, run_after=2022-09-02T18:31:37.220329+00:00
[2022-09-02 18:31:37,264] {processor.py:161} INFO - Processing /home/airflow/.local/lib/python3.7/site-packages/airflow/example_dags/tutorial.py took 0.593 seconds
[2022-09-02 18:32:13,137] {processor.py:153} INFO - Started process (PID=735) to work on /home/airflow/.local/lib/python3.7/site-packages/airflow/example_dags/tutorial.py
[2022-09-02 18:32:13,144] {processor.py:641} INFO - Processing file /home/airflow/.local/lib/python3.7/site-packages/airflow/example_dags/tutorial.py for tasks to queue
[2022-09-02 18:32:13,152] {logging_mixin.py:115} INFO - [2022-09-02 18:32:13,151] {dagbag.py:508} INFO - Filling up the DagBag from /home/airflow/.local/lib/python3.7/site-packages/airflow/example_dags/tutorial.py
[2022-09-02 18:32:13,178] {processor.py:651} INFO - DAG(s) dict_keys(['tutorial']) retrieved from /home/airflow/.local/lib/python3.7/site-packages/airflow/example_dags/tutorial.py
[2022-09-02 18:32:13,494] {logging_mixin.py:115} INFO - [2022-09-02 18:32:13,493] {dag.py:2420} INFO - Sync 1 DAGs
[2022-09-02 18:32:13,795] {logging_mixin.py:115} INFO - [2022-09-02 18:32:13,794] {dag.py:2972} INFO - Setting next_dagrun for tutorial to 2022-09-01T18:32:13.781038+00:00, run_after=2022-09-02T18:32:13.781038+00:00
[2022-09-02 18:32:14,037] {processor.py:161} INFO - Processing /home/airflow/.local/lib/python3.7/site-packages/airflow/example_dags/tutorial.py took 0.925 seconds
[2022-09-02 18:32:44,434] {processor.py:153} INFO - Started process (PID=795) to work on /home/airflow/.local/lib/python3.7/site-packages/airflow/example_dags/tutorial.py
[2022-09-02 18:32:44,437] {processor.py:641} INFO - Processing file /home/airflow/.local/lib/python3.7/site-packages/airflow/example_dags/tutorial.py for tasks to queue
[2022-09-02 18:32:44,440] {logging_mixin.py:115} INFO - [2022-09-02 18:32:44,440] {dagbag.py:508} INFO - Filling up the DagBag from /home/airflow/.local/lib/python3.7/site-packages/airflow/example_dags/tutorial.py
[2022-09-02 18:32:44,455] {processor.py:651} INFO - DAG(s) dict_keys(['tutorial']) retrieved from /home/airflow/.local/lib/python3.7/site-packages/airflow/example_dags/tutorial.py
[2022-09-02 18:32:44,522] {logging_mixin.py:115} INFO - [2022-09-02 18:32:44,522] {dag.py:2420} INFO - Sync 1 DAGs
[2022-09-02 18:32:44,567] {logging_mixin.py:115} INFO - [2022-09-02 18:32:44,567] {dag.py:2972} INFO - Setting next_dagrun for tutorial to 2022-09-01T18:32:44.566823+00:00, run_after=2022-09-02T18:32:44.566823+00:00
[2022-09-02 18:32:44,615] {processor.py:161} INFO - Processing /home/airflow/.local/lib/python3.7/site-packages/airflow/example_dags/tutorial.py took 0.187 seconds
[2022-09-02 18:33:15,592] {processor.py:153} INFO - Started process (PID=850) to work on /home/airflow/.local/lib/python3.7/site-packages/airflow/example_dags/tutorial.py
[2022-09-02 18:33:15,595] {processor.py:641} INFO - Processing file /home/airflow/.local/lib/python3.7/site-packages/airflow/example_dags/tutorial.py for tasks to queue
[2022-09-02 18:33:15,597] {logging_mixin.py:115} INFO - [2022-09-02 18:33:15,597] {dagbag.py:508} INFO - Filling up the DagBag from /home/airflow/.local/lib/python3.7/site-packages/airflow/example_dags/tutorial.py
[2022-09-02 18:33:15,614] {processor.py:651} INFO - DAG(s) dict_keys(['tutorial']) retrieved from /home/airflow/.local/lib/python3.7/site-packages/airflow/example_dags/tutorial.py
[2022-09-02 18:33:15,693] {logging_mixin.py:115} INFO - [2022-09-02 18:33:15,693] {dag.py:2420} INFO - Sync 1 DAGs
[2022-09-02 18:33:16,010] {logging_mixin.py:115} INFO - [2022-09-02 18:33:15,996] {dag.py:2972} INFO - Setting next_dagrun for tutorial to 2022-09-01T18:33:15.995390+00:00, run_after=2022-09-02T18:33:15.995390+00:00
[2022-09-02 18:33:16,185] {processor.py:161} INFO - Processing /home/airflow/.local/lib/python3.7/site-packages/airflow/example_dags/tutorial.py took 0.606 seconds
[2022-09-02 18:33:51,261] {processor.py:153} INFO - Started process (PID=899) to work on /home/airflow/.local/lib/python3.7/site-packages/airflow/example_dags/tutorial.py
[2022-09-02 18:33:51,265] {processor.py:641} INFO - Processing file /home/airflow/.local/lib/python3.7/site-packages/airflow/example_dags/tutorial.py for tasks to queue
[2022-09-02 18:33:51,271] {logging_mixin.py:115} INFO - [2022-09-02 18:33:51,271] {dagbag.py:508} INFO - Filling up the DagBag from /home/airflow/.local/lib/python3.7/site-packages/airflow/example_dags/tutorial.py
[2022-09-02 18:33:51,304] {processor.py:651} INFO - DAG(s) dict_keys(['tutorial']) retrieved from /home/airflow/.local/lib/python3.7/site-packages/airflow/example_dags/tutorial.py
[2022-09-02 18:33:51,486] {logging_mixin.py:115} INFO - [2022-09-02 18:33:51,486] {dag.py:2420} INFO - Sync 1 DAGs
[2022-09-02 18:33:51,622] {logging_mixin.py:115} INFO - [2022-09-02 18:33:51,622] {dag.py:2972} INFO - Setting next_dagrun for tutorial to 2022-09-01T18:33:51.621831+00:00, run_after=2022-09-02T18:33:51.621831+00:00
[2022-09-02 18:33:51,706] {processor.py:161} INFO - Processing /home/airflow/.local/lib/python3.7/site-packages/airflow/example_dags/tutorial.py took 0.452 seconds
[2022-09-02 18:34:22,624] {processor.py:153} INFO - Started process (PID=956) to work on /home/airflow/.local/lib/python3.7/site-packages/airflow/example_dags/tutorial.py
[2022-09-02 18:34:22,626] {processor.py:641} INFO - Processing file /home/airflow/.local/lib/python3.7/site-packages/airflow/example_dags/tutorial.py for tasks to queue
[2022-09-02 18:34:22,629] {logging_mixin.py:115} INFO - [2022-09-02 18:34:22,629] {dagbag.py:508} INFO - Filling up the DagBag from /home/airflow/.local/lib/python3.7/site-packages/airflow/example_dags/tutorial.py
[2022-09-02 18:34:22,646] {processor.py:651} INFO - DAG(s) dict_keys(['tutorial']) retrieved from /home/airflow/.local/lib/python3.7/site-packages/airflow/example_dags/tutorial.py
[2022-09-02 18:34:22,731] {logging_mixin.py:115} INFO - [2022-09-02 18:34:22,731] {dag.py:2420} INFO - Sync 1 DAGs
[2022-09-02 18:34:22,799] {logging_mixin.py:115} INFO - [2022-09-02 18:34:22,799] {dag.py:2972} INFO - Setting next_dagrun for tutorial to 2022-09-01T18:34:22.798046+00:00, run_after=2022-09-02T18:34:22.798046+00:00
[2022-09-02 18:34:22,839] {processor.py:161} INFO - Processing /home/airflow/.local/lib/python3.7/site-packages/airflow/example_dags/tutorial.py took 0.223 seconds
[2022-09-02 18:35:03,953] {processor.py:153} INFO - Started process (PID=1004) to work on /home/airflow/.local/lib/python3.7/site-packages/airflow/example_dags/tutorial.py
[2022-09-02 18:35:03,975] {processor.py:641} INFO - Processing file /home/airflow/.local/lib/python3.7/site-packages/airflow/example_dags/tutorial.py for tasks to queue
[2022-09-02 18:35:04,004] {logging_mixin.py:115} INFO - [2022-09-02 18:35:04,003] {dagbag.py:508} INFO - Filling up the DagBag from /home/airflow/.local/lib/python3.7/site-packages/airflow/example_dags/tutorial.py
[2022-09-02 18:35:04,054] {processor.py:651} INFO - DAG(s) dict_keys(['tutorial']) retrieved from /home/airflow/.local/lib/python3.7/site-packages/airflow/example_dags/tutorial.py
[2022-09-02 18:35:04,250] {logging_mixin.py:115} INFO - [2022-09-02 18:35:04,250] {dag.py:2420} INFO - Sync 1 DAGs
[2022-09-02 18:35:04,376] {logging_mixin.py:115} INFO - [2022-09-02 18:35:04,375] {dag.py:2972} INFO - Setting next_dagrun for tutorial to 2022-09-01T18:35:04.375107+00:00, run_after=2022-09-02T18:35:04.375107+00:00
[2022-09-02 18:35:04,665] {processor.py:161} INFO - Processing /home/airflow/.local/lib/python3.7/site-packages/airflow/example_dags/tutorial.py took 0.731 seconds
[2022-09-02 18:35:35,368] {processor.py:153} INFO - Started process (PID=1059) to work on /home/airflow/.local/lib/python3.7/site-packages/airflow/example_dags/tutorial.py
[2022-09-02 18:35:35,370] {processor.py:641} INFO - Processing file /home/airflow/.local/lib/python3.7/site-packages/airflow/example_dags/tutorial.py for tasks to queue
[2022-09-02 18:35:35,373] {logging_mixin.py:115} INFO - [2022-09-02 18:35:35,373] {dagbag.py:508} INFO - Filling up the DagBag from /home/airflow/.local/lib/python3.7/site-packages/airflow/example_dags/tutorial.py
[2022-09-02 18:35:35,387] {processor.py:651} INFO - DAG(s) dict_keys(['tutorial']) retrieved from /home/airflow/.local/lib/python3.7/site-packages/airflow/example_dags/tutorial.py
[2022-09-02 18:35:35,477] {logging_mixin.py:115} INFO - [2022-09-02 18:35:35,477] {dag.py:2420} INFO - Sync 1 DAGs
[2022-09-02 18:35:35,563] {logging_mixin.py:115} INFO - [2022-09-02 18:35:35,562] {dag.py:2972} INFO - Setting next_dagrun for tutorial to 2022-09-01T18:35:35.548760+00:00, run_after=2022-09-02T18:35:35.548760+00:00
[2022-09-02 18:35:35,628] {processor.py:161} INFO - Processing /home/airflow/.local/lib/python3.7/site-packages/airflow/example_dags/tutorial.py took 0.268 seconds
[2022-09-02 18:36:09,403] {processor.py:153} INFO - Started process (PID=1114) to work on /home/airflow/.local/lib/python3.7/site-packages/airflow/example_dags/tutorial.py
[2022-09-02 18:36:09,410] {processor.py:641} INFO - Processing file /home/airflow/.local/lib/python3.7/site-packages/airflow/example_dags/tutorial.py for tasks to queue
[2022-09-02 18:36:09,422] {logging_mixin.py:115} INFO - [2022-09-02 18:36:09,421] {dagbag.py:508} INFO - Filling up the DagBag from /home/airflow/.local/lib/python3.7/site-packages/airflow/example_dags/tutorial.py
[2022-09-02 18:36:09,455] {processor.py:651} INFO - DAG(s) dict_keys(['tutorial']) retrieved from /home/airflow/.local/lib/python3.7/site-packages/airflow/example_dags/tutorial.py
[2022-09-02 18:36:09,586] {logging_mixin.py:115} INFO - [2022-09-02 18:36:09,586] {dag.py:2420} INFO - Sync 1 DAGs
[2022-09-02 18:36:09,698] {logging_mixin.py:115} INFO - [2022-09-02 18:36:09,697] {dag.py:2972} INFO - Setting next_dagrun for tutorial to 2022-09-01T18:36:09.697046+00:00, run_after=2022-09-02T18:36:09.697046+00:00
[2022-09-02 18:36:09,738] {processor.py:161} INFO - Processing /home/airflow/.local/lib/python3.7/site-packages/airflow/example_dags/tutorial.py took 0.378 seconds
[2022-09-02 18:36:41,366] {processor.py:153} INFO - Started process (PID=1165) to work on /home/airflow/.local/lib/python3.7/site-packages/airflow/example_dags/tutorial.py
[2022-09-02 18:36:41,376] {processor.py:641} INFO - Processing file /home/airflow/.local/lib/python3.7/site-packages/airflow/example_dags/tutorial.py for tasks to queue
[2022-09-02 18:36:41,438] {logging_mixin.py:115} INFO - [2022-09-02 18:36:41,430] {dagbag.py:508} INFO - Filling up the DagBag from /home/airflow/.local/lib/python3.7/site-packages/airflow/example_dags/tutorial.py
[2022-09-02 18:36:41,506] {processor.py:651} INFO - DAG(s) dict_keys(['tutorial']) retrieved from /home/airflow/.local/lib/python3.7/site-packages/airflow/example_dags/tutorial.py
[2022-09-02 18:36:41,623] {logging_mixin.py:115} INFO - [2022-09-02 18:36:41,623] {dag.py:2420} INFO - Sync 1 DAGs
[2022-09-02 18:36:42,627] {logging_mixin.py:115} INFO - [2022-09-02 18:36:42,626] {dag.py:2972} INFO - Setting next_dagrun for tutorial to 2022-09-01T18:36:42.591220+00:00, run_after=2022-09-02T18:36:42.591220+00:00
[2022-09-02 18:36:42,951] {processor.py:161} INFO - Processing /home/airflow/.local/lib/python3.7/site-packages/airflow/example_dags/tutorial.py took 1.657 seconds
[2022-09-02 18:37:15,230] {processor.py:153} INFO - Started process (PID=1217) to work on /home/airflow/.local/lib/python3.7/site-packages/airflow/example_dags/tutorial.py
[2022-09-02 18:37:15,243] {processor.py:641} INFO - Processing file /home/airflow/.local/lib/python3.7/site-packages/airflow/example_dags/tutorial.py for tasks to queue
[2022-09-02 18:37:15,248] {logging_mixin.py:115} INFO - [2022-09-02 18:37:15,248] {dagbag.py:508} INFO - Filling up the DagBag from /home/airflow/.local/lib/python3.7/site-packages/airflow/example_dags/tutorial.py
[2022-09-02 18:37:15,287] {processor.py:651} INFO - DAG(s) dict_keys(['tutorial']) retrieved from /home/airflow/.local/lib/python3.7/site-packages/airflow/example_dags/tutorial.py
[2022-09-02 18:37:15,466] {logging_mixin.py:115} INFO - [2022-09-02 18:37:15,466] {dag.py:2420} INFO - Sync 1 DAGs
[2022-09-02 18:37:15,541] {logging_mixin.py:115} INFO - [2022-09-02 18:37:15,540] {dag.py:2972} INFO - Setting next_dagrun for tutorial to 2022-09-01T18:37:15.540078+00:00, run_after=2022-09-02T18:37:15.540078+00:00
[2022-09-02 18:37:15,579] {processor.py:161} INFO - Processing /home/airflow/.local/lib/python3.7/site-packages/airflow/example_dags/tutorial.py took 0.361 seconds
[2022-09-02 18:37:46,952] {processor.py:153} INFO - Started process (PID=1274) to work on /home/airflow/.local/lib/python3.7/site-packages/airflow/example_dags/tutorial.py
[2022-09-02 18:37:46,954] {processor.py:641} INFO - Processing file /home/airflow/.local/lib/python3.7/site-packages/airflow/example_dags/tutorial.py for tasks to queue
[2022-09-02 18:37:46,958] {logging_mixin.py:115} INFO - [2022-09-02 18:37:46,958] {dagbag.py:508} INFO - Filling up the DagBag from /home/airflow/.local/lib/python3.7/site-packages/airflow/example_dags/tutorial.py
[2022-09-02 18:37:46,977] {processor.py:651} INFO - DAG(s) dict_keys(['tutorial']) retrieved from /home/airflow/.local/lib/python3.7/site-packages/airflow/example_dags/tutorial.py
[2022-09-02 18:37:47,103] {logging_mixin.py:115} INFO - [2022-09-02 18:37:47,103] {dag.py:2420} INFO - Sync 1 DAGs
[2022-09-02 18:37:47,486] {logging_mixin.py:115} INFO - [2022-09-02 18:37:47,486] {dag.py:2972} INFO - Setting next_dagrun for tutorial to 2022-09-01T18:37:47.485254+00:00, run_after=2022-09-02T18:37:47.485254+00:00
[2022-09-02 18:37:47,548] {processor.py:161} INFO - Processing /home/airflow/.local/lib/python3.7/site-packages/airflow/example_dags/tutorial.py took 0.607 seconds
[2022-09-02 18:38:18,053] {processor.py:153} INFO - Started process (PID=1330) to work on /home/airflow/.local/lib/python3.7/site-packages/airflow/example_dags/tutorial.py
[2022-09-02 18:38:18,055] {processor.py:641} INFO - Processing file /home/airflow/.local/lib/python3.7/site-packages/airflow/example_dags/tutorial.py for tasks to queue
[2022-09-02 18:38:18,058] {logging_mixin.py:115} INFO - [2022-09-02 18:38:18,058] {dagbag.py:508} INFO - Filling up the DagBag from /home/airflow/.local/lib/python3.7/site-packages/airflow/example_dags/tutorial.py
[2022-09-02 18:38:18,073] {processor.py:651} INFO - DAG(s) dict_keys(['tutorial']) retrieved from /home/airflow/.local/lib/python3.7/site-packages/airflow/example_dags/tutorial.py
[2022-09-02 18:38:18,129] {logging_mixin.py:115} INFO - [2022-09-02 18:38:18,129] {dag.py:2420} INFO - Sync 1 DAGs
[2022-09-02 18:38:18,179] {logging_mixin.py:115} INFO - [2022-09-02 18:38:18,178] {dag.py:2972} INFO - Setting next_dagrun for tutorial to 2022-09-01T18:38:18.178590+00:00, run_after=2022-09-02T18:38:18.178590+00:00
[2022-09-02 18:38:18,228] {processor.py:161} INFO - Processing /home/airflow/.local/lib/python3.7/site-packages/airflow/example_dags/tutorial.py took 0.183 seconds
[2022-09-02 18:38:48,867] {processor.py:153} INFO - Started process (PID=1384) to work on /home/airflow/.local/lib/python3.7/site-packages/airflow/example_dags/tutorial.py
[2022-09-02 18:38:48,870] {processor.py:641} INFO - Processing file /home/airflow/.local/lib/python3.7/site-packages/airflow/example_dags/tutorial.py for tasks to queue
[2022-09-02 18:38:48,873] {logging_mixin.py:115} INFO - [2022-09-02 18:38:48,873] {dagbag.py:508} INFO - Filling up the DagBag from /home/airflow/.local/lib/python3.7/site-packages/airflow/example_dags/tutorial.py
[2022-09-02 18:38:48,889] {processor.py:651} INFO - DAG(s) dict_keys(['tutorial']) retrieved from /home/airflow/.local/lib/python3.7/site-packages/airflow/example_dags/tutorial.py
[2022-09-02 18:38:48,999] {logging_mixin.py:115} INFO - [2022-09-02 18:38:48,998] {dag.py:2420} INFO - Sync 1 DAGs
[2022-09-02 18:38:49,083] {logging_mixin.py:115} INFO - [2022-09-02 18:38:49,083] {dag.py:2972} INFO - Setting next_dagrun for tutorial to 2022-09-01T18:38:49.083068+00:00, run_after=2022-09-02T18:38:49.083068+00:00
[2022-09-02 18:38:49,113] {processor.py:161} INFO - Processing /home/airflow/.local/lib/python3.7/site-packages/airflow/example_dags/tutorial.py took 0.254 seconds
[2022-09-02 18:39:20,569] {processor.py:153} INFO - Started process (PID=1437) to work on /home/airflow/.local/lib/python3.7/site-packages/airflow/example_dags/tutorial.py
[2022-09-02 18:39:20,602] {processor.py:641} INFO - Processing file /home/airflow/.local/lib/python3.7/site-packages/airflow/example_dags/tutorial.py for tasks to queue
[2022-09-02 18:39:20,620] {logging_mixin.py:115} INFO - [2022-09-02 18:39:20,619] {dagbag.py:508} INFO - Filling up the DagBag from /home/airflow/.local/lib/python3.7/site-packages/airflow/example_dags/tutorial.py
[2022-09-02 18:39:20,721] {processor.py:651} INFO - DAG(s) dict_keys(['tutorial']) retrieved from /home/airflow/.local/lib/python3.7/site-packages/airflow/example_dags/tutorial.py
[2022-09-02 18:39:20,890] {logging_mixin.py:115} INFO - [2022-09-02 18:39:20,890] {dag.py:2420} INFO - Sync 1 DAGs
[2022-09-02 18:39:21,186] {logging_mixin.py:115} INFO - [2022-09-02 18:39:21,185] {dag.py:2972} INFO - Setting next_dagrun for tutorial to 2022-09-01T18:39:21.184570+00:00, run_after=2022-09-02T18:39:21.184570+00:00
[2022-09-02 18:39:21,279] {processor.py:161} INFO - Processing /home/airflow/.local/lib/python3.7/site-packages/airflow/example_dags/tutorial.py took 0.743 seconds
