[2022-09-01 00:09:10,197] {processor.py:153} INFO - Started process (PID=7382) to work on /home/airflow/.local/lib/python3.7/site-packages/airflow/example_dags/example_skip_dag.py
[2022-09-01 00:09:10,212] {processor.py:641} INFO - Processing file /home/airflow/.local/lib/python3.7/site-packages/airflow/example_dags/example_skip_dag.py for tasks to queue
[2022-09-01 00:09:10,234] {logging_mixin.py:115} INFO - [2022-09-01 00:09:10,233] {dagbag.py:508} INFO - Filling up the DagBag from /home/airflow/.local/lib/python3.7/site-packages/airflow/example_dags/example_skip_dag.py
[2022-09-01 00:09:10,512] {processor.py:651} INFO - DAG(s) dict_keys(['example_skip_dag']) retrieved from /home/airflow/.local/lib/python3.7/site-packages/airflow/example_dags/example_skip_dag.py
[2022-09-01 00:09:11,536] {logging_mixin.py:115} INFO - [2022-09-01 00:09:11,533] {dag.py:2420} INFO - Sync 1 DAGs
[2022-09-01 00:09:12,100] {logging_mixin.py:115} INFO - [2022-09-01 00:09:12,099] {dag.py:2972} INFO - Setting next_dagrun for example_skip_dag to 2022-08-31T00:09:12.075961+00:00, run_after=2022-09-01T00:09:12.075961+00:00
[2022-09-01 00:09:12,478] {processor.py:161} INFO - Processing /home/airflow/.local/lib/python3.7/site-packages/airflow/example_dags/example_skip_dag.py took 2.401 seconds
[2022-09-01 00:27:24,846] {processor.py:153} INFO - Started process (PID=7422) to work on /home/airflow/.local/lib/python3.7/site-packages/airflow/example_dags/example_skip_dag.py
[2022-09-01 00:27:24,849] {processor.py:641} INFO - Processing file /home/airflow/.local/lib/python3.7/site-packages/airflow/example_dags/example_skip_dag.py for tasks to queue
[2022-09-01 00:27:24,852] {logging_mixin.py:115} INFO - [2022-09-01 00:27:24,851] {dagbag.py:508} INFO - Filling up the DagBag from /home/airflow/.local/lib/python3.7/site-packages/airflow/example_dags/example_skip_dag.py
[2022-09-01 00:27:24,876] {processor.py:651} INFO - DAG(s) dict_keys(['example_skip_dag']) retrieved from /home/airflow/.local/lib/python3.7/site-packages/airflow/example_dags/example_skip_dag.py
[2022-09-01 00:28:06,469] {logging_mixin.py:115} INFO - [2022-09-01 00:28:06,291] {dag.py:2420} INFO - Sync 1 DAGs
[2022-09-01 00:28:32,750] {logging_mixin.py:115} INFO - [2022-09-01 00:28:32,750] {dag.py:2972} INFO - Setting next_dagrun for example_skip_dag to 2022-08-31T00:28:32.739012+00:00, run_after=2022-09-01T00:28:32.739012+00:00
[2022-09-01 00:28:50,585] {processor.py:153} INFO - Started process (PID=7458) to work on /home/airflow/.local/lib/python3.7/site-packages/airflow/example_dags/example_skip_dag.py
[2022-09-01 00:28:50,595] {processor.py:641} INFO - Processing file /home/airflow/.local/lib/python3.7/site-packages/airflow/example_dags/example_skip_dag.py for tasks to queue
[2022-09-01 00:28:50,605] {logging_mixin.py:115} INFO - [2022-09-01 00:28:50,601] {dagbag.py:508} INFO - Filling up the DagBag from /home/airflow/.local/lib/python3.7/site-packages/airflow/example_dags/example_skip_dag.py
[2022-09-01 00:28:50,661] {processor.py:651} INFO - DAG(s) dict_keys(['example_skip_dag']) retrieved from /home/airflow/.local/lib/python3.7/site-packages/airflow/example_dags/example_skip_dag.py
[2022-09-01 00:28:50,844] {logging_mixin.py:115} INFO - [2022-09-01 00:28:50,844] {dag.py:2420} INFO - Sync 1 DAGs
[2022-09-01 00:28:51,006] {logging_mixin.py:115} INFO - [2022-09-01 00:28:51,005] {dag.py:2972} INFO - Setting next_dagrun for example_skip_dag to 2022-08-31T00:28:51.004288+00:00, run_after=2022-09-01T00:28:51.004288+00:00
[2022-09-01 00:28:51,133] {processor.py:161} INFO - Processing /home/airflow/.local/lib/python3.7/site-packages/airflow/example_dags/example_skip_dag.py took 0.561 seconds
[2022-09-01 01:07:21,406] {processor.py:153} INFO - Started process (PID=7501) to work on /home/airflow/.local/lib/python3.7/site-packages/airflow/example_dags/example_skip_dag.py
[2022-09-01 01:07:21,419] {processor.py:641} INFO - Processing file /home/airflow/.local/lib/python3.7/site-packages/airflow/example_dags/example_skip_dag.py for tasks to queue
[2022-09-01 01:07:21,422] {logging_mixin.py:115} INFO - [2022-09-01 01:07:21,422] {dagbag.py:508} INFO - Filling up the DagBag from /home/airflow/.local/lib/python3.7/site-packages/airflow/example_dags/example_skip_dag.py
[2022-09-01 01:07:21,548] {processor.py:651} INFO - DAG(s) dict_keys(['example_skip_dag']) retrieved from /home/airflow/.local/lib/python3.7/site-packages/airflow/example_dags/example_skip_dag.py
[2022-09-01 01:07:22,060] {logging_mixin.py:115} INFO - [2022-09-01 01:07:22,060] {dag.py:2420} INFO - Sync 1 DAGs
[2022-09-01 01:07:22,506] {logging_mixin.py:115} INFO - [2022-09-01 01:07:22,506] {dag.py:2972} INFO - Setting next_dagrun for example_skip_dag to 2022-08-31T01:07:22.502795+00:00, run_after=2022-09-01T01:07:22.502795+00:00
[2022-09-01 01:07:22,639] {processor.py:161} INFO - Processing /home/airflow/.local/lib/python3.7/site-packages/airflow/example_dags/example_skip_dag.py took 1.256 seconds
[2022-09-01 01:29:28,134] {processor.py:153} INFO - Started process (PID=7554) to work on /home/airflow/.local/lib/python3.7/site-packages/airflow/example_dags/example_skip_dag.py
[2022-09-01 01:29:28,140] {processor.py:641} INFO - Processing file /home/airflow/.local/lib/python3.7/site-packages/airflow/example_dags/example_skip_dag.py for tasks to queue
[2022-09-01 01:29:28,143] {logging_mixin.py:115} INFO - [2022-09-01 01:29:28,143] {dagbag.py:508} INFO - Filling up the DagBag from /home/airflow/.local/lib/python3.7/site-packages/airflow/example_dags/example_skip_dag.py
[2022-09-01 01:29:28,242] {processor.py:651} INFO - DAG(s) dict_keys(['example_skip_dag']) retrieved from /home/airflow/.local/lib/python3.7/site-packages/airflow/example_dags/example_skip_dag.py
[2022-09-01 01:29:28,680] {logging_mixin.py:115} INFO - [2022-09-01 01:29:28,679] {dag.py:2420} INFO - Sync 1 DAGs
[2022-09-01 01:29:28,867] {logging_mixin.py:115} INFO - [2022-09-01 01:29:28,867] {dag.py:2972} INFO - Setting next_dagrun for example_skip_dag to 2022-08-31T01:29:28.866436+00:00, run_after=2022-09-01T01:29:28.866436+00:00
[2022-09-01 01:29:28,995] {processor.py:161} INFO - Processing /home/airflow/.local/lib/python3.7/site-packages/airflow/example_dags/example_skip_dag.py took 0.878 seconds
[2022-09-01 08:42:03,823] {processor.py:153} INFO - Started process (PID=7641) to work on /home/airflow/.local/lib/python3.7/site-packages/airflow/example_dags/example_skip_dag.py
[2022-09-01 08:42:03,830] {processor.py:641} INFO - Processing file /home/airflow/.local/lib/python3.7/site-packages/airflow/example_dags/example_skip_dag.py for tasks to queue
[2022-09-01 08:42:03,839] {logging_mixin.py:115} INFO - [2022-09-01 08:42:03,839] {dagbag.py:508} INFO - Filling up the DagBag from /home/airflow/.local/lib/python3.7/site-packages/airflow/example_dags/example_skip_dag.py
[2022-09-01 08:42:03,940] {processor.py:651} INFO - DAG(s) dict_keys(['example_skip_dag']) retrieved from /home/airflow/.local/lib/python3.7/site-packages/airflow/example_dags/example_skip_dag.py
[2022-09-01 08:42:04,301] {logging_mixin.py:115} INFO - [2022-09-01 08:42:04,300] {dag.py:2420} INFO - Sync 1 DAGs
[2022-09-01 08:42:04,487] {logging_mixin.py:115} INFO - [2022-09-01 08:42:04,487] {dag.py:2972} INFO - Setting next_dagrun for example_skip_dag to 2022-08-31T08:42:04.486401+00:00, run_after=2022-09-01T08:42:04.486401+00:00
[2022-09-01 08:42:04,570] {processor.py:161} INFO - Processing /home/airflow/.local/lib/python3.7/site-packages/airflow/example_dags/example_skip_dag.py took 0.786 seconds
[2022-09-01 12:37:08,681] {processor.py:153} INFO - Started process (PID=7719) to work on /home/airflow/.local/lib/python3.7/site-packages/airflow/example_dags/example_skip_dag.py
[2022-09-01 12:37:08,703] {processor.py:641} INFO - Processing file /home/airflow/.local/lib/python3.7/site-packages/airflow/example_dags/example_skip_dag.py for tasks to queue
[2022-09-01 12:37:08,709] {logging_mixin.py:115} INFO - [2022-09-01 12:37:08,708] {dagbag.py:508} INFO - Filling up the DagBag from /home/airflow/.local/lib/python3.7/site-packages/airflow/example_dags/example_skip_dag.py
[2022-09-01 12:37:08,746] {processor.py:651} INFO - DAG(s) dict_keys(['example_skip_dag']) retrieved from /home/airflow/.local/lib/python3.7/site-packages/airflow/example_dags/example_skip_dag.py
[2022-09-01 12:37:08,993] {logging_mixin.py:115} INFO - [2022-09-01 12:37:08,993] {dag.py:2420} INFO - Sync 1 DAGs
[2022-09-01 12:37:09,178] {logging_mixin.py:115} INFO - [2022-09-01 12:37:09,178] {dag.py:2972} INFO - Setting next_dagrun for example_skip_dag to 2022-08-31T12:37:09.178139+00:00, run_after=2022-09-01T12:37:09.178139+00:00
[2022-09-01 12:37:09,302] {processor.py:161} INFO - Processing /home/airflow/.local/lib/python3.7/site-packages/airflow/example_dags/example_skip_dag.py took 0.636 seconds
[2022-09-01 14:01:11,553] {processor.py:153} INFO - Started process (PID=7769) to work on /home/airflow/.local/lib/python3.7/site-packages/airflow/example_dags/example_skip_dag.py
[2022-09-01 14:01:11,592] {processor.py:641} INFO - Processing file /home/airflow/.local/lib/python3.7/site-packages/airflow/example_dags/example_skip_dag.py for tasks to queue
[2022-09-01 14:01:11,643] {logging_mixin.py:115} INFO - [2022-09-01 14:01:11,643] {dagbag.py:508} INFO - Filling up the DagBag from /home/airflow/.local/lib/python3.7/site-packages/airflow/example_dags/example_skip_dag.py
[2022-09-01 14:01:12,082] {processor.py:651} INFO - DAG(s) dict_keys(['example_skip_dag']) retrieved from /home/airflow/.local/lib/python3.7/site-packages/airflow/example_dags/example_skip_dag.py
[2022-09-01 14:01:13,275] {logging_mixin.py:115} INFO - [2022-09-01 14:01:13,274] {dag.py:2420} INFO - Sync 1 DAGs
[2022-09-01 14:01:14,547] {logging_mixin.py:115} INFO - [2022-09-01 14:01:14,547] {dag.py:2972} INFO - Setting next_dagrun for example_skip_dag to 2022-08-31T14:01:14.546124+00:00, run_after=2022-09-01T14:01:14.546124+00:00
[2022-09-01 14:01:14,845] {processor.py:161} INFO - Processing /home/airflow/.local/lib/python3.7/site-packages/airflow/example_dags/example_skip_dag.py took 3.385 seconds
[2022-09-01 14:02:04,105] {processor.py:153} INFO - Started process (PID=7834) to work on /home/airflow/.local/lib/python3.7/site-packages/airflow/example_dags/example_skip_dag.py
[2022-09-01 14:02:04,108] {processor.py:641} INFO - Processing file /home/airflow/.local/lib/python3.7/site-packages/airflow/example_dags/example_skip_dag.py for tasks to queue
[2022-09-01 14:02:04,112] {logging_mixin.py:115} INFO - [2022-09-01 14:02:04,112] {dagbag.py:508} INFO - Filling up the DagBag from /home/airflow/.local/lib/python3.7/site-packages/airflow/example_dags/example_skip_dag.py
[2022-09-01 14:02:04,172] {processor.py:651} INFO - DAG(s) dict_keys(['example_skip_dag']) retrieved from /home/airflow/.local/lib/python3.7/site-packages/airflow/example_dags/example_skip_dag.py
[2022-09-01 14:02:04,350] {logging_mixin.py:115} INFO - [2022-09-01 14:02:04,350] {dag.py:2420} INFO - Sync 1 DAGs
[2022-09-01 14:02:04,770] {logging_mixin.py:115} INFO - [2022-09-01 14:02:04,769] {dag.py:2972} INFO - Setting next_dagrun for example_skip_dag to 2022-08-31T14:02:04.765319+00:00, run_after=2022-09-01T14:02:04.765319+00:00
[2022-09-01 14:02:04,820] {processor.py:161} INFO - Processing /home/airflow/.local/lib/python3.7/site-packages/airflow/example_dags/example_skip_dag.py took 0.739 seconds
