[2022-09-01 00:27:20,703] {processor.py:153} INFO - Started process (PID=7410) to work on /home/airflow/.local/lib/python3.7/site-packages/airflow/example_dags/example_sla_dag.py
[2022-09-01 00:27:20,705] {processor.py:641} INFO - Processing file /home/airflow/.local/lib/python3.7/site-packages/airflow/example_dags/example_sla_dag.py for tasks to queue
[2022-09-01 00:27:20,709] {logging_mixin.py:115} INFO - [2022-09-01 00:27:20,708] {dagbag.py:508} INFO - Filling up the DagBag from /home/airflow/.local/lib/python3.7/site-packages/airflow/example_dags/example_sla_dag.py
[2022-09-01 00:27:20,809] {processor.py:651} INFO - DAG(s) dict_keys(['example_sla_dag']) retrieved from /home/airflow/.local/lib/python3.7/site-packages/airflow/example_dags/example_sla_dag.py
[2022-09-01 00:27:20,909] {logging_mixin.py:115} INFO - [2022-09-01 00:27:20,908] {dag.py:2420} INFO - Sync 1 DAGs
[2022-09-01 00:27:20,967] {logging_mixin.py:115} INFO - [2022-09-01 00:27:20,967] {dag.py:2972} INFO - Setting next_dagrun for example_sla_dag to 2022-09-01T00:24:00+00:00, run_after=2022-09-01T00:26:00+00:00
[2022-09-01 00:27:20,999] {processor.py:161} INFO - Processing /home/airflow/.local/lib/python3.7/site-packages/airflow/example_dags/example_sla_dag.py took 0.307 seconds
[2022-09-01 00:28:46,587] {processor.py:153} INFO - Started process (PID=7446) to work on /home/airflow/.local/lib/python3.7/site-packages/airflow/example_dags/example_sla_dag.py
[2022-09-01 00:28:46,592] {processor.py:641} INFO - Processing file /home/airflow/.local/lib/python3.7/site-packages/airflow/example_dags/example_sla_dag.py for tasks to queue
[2022-09-01 00:28:46,597] {logging_mixin.py:115} INFO - [2022-09-01 00:28:46,597] {dagbag.py:508} INFO - Filling up the DagBag from /home/airflow/.local/lib/python3.7/site-packages/airflow/example_dags/example_sla_dag.py
[2022-09-01 00:28:46,763] {processor.py:651} INFO - DAG(s) dict_keys(['example_sla_dag']) retrieved from /home/airflow/.local/lib/python3.7/site-packages/airflow/example_dags/example_sla_dag.py
[2022-09-01 00:28:46,931] {logging_mixin.py:115} INFO - [2022-09-01 00:28:46,930] {dag.py:2420} INFO - Sync 1 DAGs
[2022-09-01 00:28:47,151] {logging_mixin.py:115} INFO - [2022-09-01 00:28:47,151] {dag.py:2972} INFO - Setting next_dagrun for example_sla_dag to 2022-09-01T00:26:00+00:00, run_after=2022-09-01T00:28:00+00:00
[2022-09-01 00:28:47,192] {processor.py:161} INFO - Processing /home/airflow/.local/lib/python3.7/site-packages/airflow/example_dags/example_sla_dag.py took 0.633 seconds
[2022-09-01 00:36:15,532] {processor.py:153} INFO - Started process (PID=7480) to work on /home/airflow/.local/lib/python3.7/site-packages/airflow/example_dags/example_sla_dag.py
[2022-09-01 00:36:15,753] {processor.py:641} INFO - Processing file /home/airflow/.local/lib/python3.7/site-packages/airflow/example_dags/example_sla_dag.py for tasks to queue
[2022-09-01 00:36:15,767] {logging_mixin.py:115} INFO - [2022-09-01 00:36:15,767] {dagbag.py:508} INFO - Filling up the DagBag from /home/airflow/.local/lib/python3.7/site-packages/airflow/example_dags/example_sla_dag.py
[2022-09-01 00:36:15,924] {processor.py:651} INFO - DAG(s) dict_keys(['example_sla_dag']) retrieved from /home/airflow/.local/lib/python3.7/site-packages/airflow/example_dags/example_sla_dag.py
[2022-09-01 00:36:16,494] {logging_mixin.py:115} INFO - [2022-09-01 00:36:16,494] {dag.py:2420} INFO - Sync 1 DAGs
[2022-09-01 00:36:17,202] {logging_mixin.py:115} INFO - [2022-09-01 00:36:17,202] {dag.py:2972} INFO - Setting next_dagrun for example_sla_dag to 2022-09-01T00:34:00+00:00, run_after=2022-09-01T00:36:00+00:00
[2022-09-01 00:36:17,392] {processor.py:161} INFO - Processing /home/airflow/.local/lib/python3.7/site-packages/airflow/example_dags/example_sla_dag.py took 2.162 seconds
[2022-09-01 01:28:59,946] {processor.py:153} INFO - Started process (PID=7532) to work on /home/airflow/.local/lib/python3.7/site-packages/airflow/example_dags/example_sla_dag.py
[2022-09-01 01:28:59,985] {processor.py:641} INFO - Processing file /home/airflow/.local/lib/python3.7/site-packages/airflow/example_dags/example_sla_dag.py for tasks to queue
[2022-09-01 01:28:59,997] {logging_mixin.py:115} INFO - [2022-09-01 01:28:59,997] {dagbag.py:508} INFO - Filling up the DagBag from /home/airflow/.local/lib/python3.7/site-packages/airflow/example_dags/example_sla_dag.py
[2022-09-01 01:29:00,178] {processor.py:651} INFO - DAG(s) dict_keys(['example_sla_dag']) retrieved from /home/airflow/.local/lib/python3.7/site-packages/airflow/example_dags/example_sla_dag.py
[2022-09-01 01:29:00,399] {logging_mixin.py:115} INFO - [2022-09-01 01:29:00,393] {dag.py:2420} INFO - Sync 1 DAGs
[2022-09-01 01:29:00,726] {logging_mixin.py:115} INFO - [2022-09-01 01:29:00,725] {dag.py:2972} INFO - Setting next_dagrun for example_sla_dag to 2022-09-01T01:26:00+00:00, run_after=2022-09-01T01:28:00+00:00
[2022-09-01 01:29:00,833] {processor.py:161} INFO - Processing /home/airflow/.local/lib/python3.7/site-packages/airflow/example_dags/example_sla_dag.py took 0.910 seconds
[2022-09-01 05:05:41,087] {processor.py:153} INFO - Started process (PID=7598) to work on /home/airflow/.local/lib/python3.7/site-packages/airflow/example_dags/example_sla_dag.py
[2022-09-01 05:05:41,100] {processor.py:641} INFO - Processing file /home/airflow/.local/lib/python3.7/site-packages/airflow/example_dags/example_sla_dag.py for tasks to queue
[2022-09-01 05:05:41,117] {logging_mixin.py:115} INFO - [2022-09-01 05:05:41,117] {dagbag.py:508} INFO - Filling up the DagBag from /home/airflow/.local/lib/python3.7/site-packages/airflow/example_dags/example_sla_dag.py
[2022-09-01 05:05:41,886] {processor.py:651} INFO - DAG(s) dict_keys(['example_sla_dag']) retrieved from /home/airflow/.local/lib/python3.7/site-packages/airflow/example_dags/example_sla_dag.py
[2022-09-01 06:53:33,749] {logging_mixin.py:115} INFO - [2022-09-01 06:53:33,745] {dag.py:2420} INFO - Sync 1 DAGs
[2022-09-01 12:37:02,447] {processor.py:153} INFO - Started process (PID=7705) to work on /home/airflow/.local/lib/python3.7/site-packages/airflow/example_dags/example_sla_dag.py
[2022-09-01 12:37:02,472] {processor.py:641} INFO - Processing file /home/airflow/.local/lib/python3.7/site-packages/airflow/example_dags/example_sla_dag.py for tasks to queue
[2022-09-01 12:37:02,478] {logging_mixin.py:115} INFO - [2022-09-01 12:37:02,477] {dagbag.py:508} INFO - Filling up the DagBag from /home/airflow/.local/lib/python3.7/site-packages/airflow/example_dags/example_sla_dag.py
[2022-09-01 12:37:03,036] {processor.py:651} INFO - DAG(s) dict_keys(['example_sla_dag']) retrieved from /home/airflow/.local/lib/python3.7/site-packages/airflow/example_dags/example_sla_dag.py
[2022-09-01 12:37:03,477] {logging_mixin.py:115} INFO - [2022-09-01 12:37:03,477] {dag.py:2420} INFO - Sync 1 DAGs
[2022-09-01 12:37:03,913] {logging_mixin.py:115} INFO - [2022-09-01 12:37:03,912] {dag.py:2972} INFO - Setting next_dagrun for example_sla_dag to 2022-09-01T12:34:00+00:00, run_after=2022-09-01T12:36:00+00:00
[2022-09-01 12:37:04,125] {processor.py:161} INFO - Processing /home/airflow/.local/lib/python3.7/site-packages/airflow/example_dags/example_sla_dag.py took 1.736 seconds
[2022-09-01 13:59:24,535] {processor.py:153} INFO - Started process (PID=7757) to work on /home/airflow/.local/lib/python3.7/site-packages/airflow/example_dags/example_sla_dag.py
[2022-09-01 13:59:24,540] {processor.py:641} INFO - Processing file /home/airflow/.local/lib/python3.7/site-packages/airflow/example_dags/example_sla_dag.py for tasks to queue
[2022-09-01 13:59:24,554] {logging_mixin.py:115} INFO - [2022-09-01 13:59:24,553] {dagbag.py:508} INFO - Filling up the DagBag from /home/airflow/.local/lib/python3.7/site-packages/airflow/example_dags/example_sla_dag.py
[2022-09-01 13:59:25,004] {processor.py:651} INFO - DAG(s) dict_keys(['example_sla_dag']) retrieved from /home/airflow/.local/lib/python3.7/site-packages/airflow/example_dags/example_sla_dag.py
[2022-09-01 13:59:25,355] {logging_mixin.py:115} INFO - [2022-09-01 13:59:25,354] {dag.py:2420} INFO - Sync 1 DAGs
[2022-09-01 13:59:25,774] {logging_mixin.py:115} INFO - [2022-09-01 13:59:25,767] {dag.py:2972} INFO - Setting next_dagrun for example_sla_dag to 2022-09-01T13:56:00+00:00, run_after=2022-09-01T13:58:00+00:00
[2022-09-01 13:59:26,129] {processor.py:161} INFO - Processing /home/airflow/.local/lib/python3.7/site-packages/airflow/example_dags/example_sla_dag.py took 1.682 seconds
[2022-09-01 14:01:41,861] {processor.py:153} INFO - Started process (PID=7800) to work on /home/airflow/.local/lib/python3.7/site-packages/airflow/example_dags/example_sla_dag.py
[2022-09-01 14:01:41,886] {processor.py:641} INFO - Processing file /home/airflow/.local/lib/python3.7/site-packages/airflow/example_dags/example_sla_dag.py for tasks to queue
[2022-09-01 14:01:41,891] {logging_mixin.py:115} INFO - [2022-09-01 14:01:41,891] {dagbag.py:508} INFO - Filling up the DagBag from /home/airflow/.local/lib/python3.7/site-packages/airflow/example_dags/example_sla_dag.py
[2022-09-01 14:01:42,327] {processor.py:651} INFO - DAG(s) dict_keys(['example_sla_dag']) retrieved from /home/airflow/.local/lib/python3.7/site-packages/airflow/example_dags/example_sla_dag.py
[2022-09-01 14:01:42,711] {logging_mixin.py:115} INFO - [2022-09-01 14:01:42,711] {dag.py:2420} INFO - Sync 1 DAGs
[2022-09-01 14:01:43,182] {logging_mixin.py:115} INFO - [2022-09-01 14:01:43,182] {dag.py:2972} INFO - Setting next_dagrun for example_sla_dag to 2022-09-01T13:58:00+00:00, run_after=2022-09-01T14:00:00+00:00
[2022-09-01 14:01:43,448] {processor.py:161} INFO - Processing /home/airflow/.local/lib/python3.7/site-packages/airflow/example_dags/example_sla_dag.py took 1.786 seconds
[2022-09-01 14:02:14,027] {processor.py:153} INFO - Started process (PID=7848) to work on /home/airflow/.local/lib/python3.7/site-packages/airflow/example_dags/example_sla_dag.py
[2022-09-01 14:02:14,034] {processor.py:641} INFO - Processing file /home/airflow/.local/lib/python3.7/site-packages/airflow/example_dags/example_sla_dag.py for tasks to queue
[2022-09-01 14:02:14,049] {logging_mixin.py:115} INFO - [2022-09-01 14:02:14,049] {dagbag.py:508} INFO - Filling up the DagBag from /home/airflow/.local/lib/python3.7/site-packages/airflow/example_dags/example_sla_dag.py
[2022-09-01 14:02:14,238] {processor.py:651} INFO - DAG(s) dict_keys(['example_sla_dag']) retrieved from /home/airflow/.local/lib/python3.7/site-packages/airflow/example_dags/example_sla_dag.py
[2022-09-01 14:02:14,457] {logging_mixin.py:115} INFO - [2022-09-01 14:02:14,457] {dag.py:2420} INFO - Sync 1 DAGs
[2022-09-01 14:02:14,583] {logging_mixin.py:115} INFO - [2022-09-01 14:02:14,582] {dag.py:2972} INFO - Setting next_dagrun for example_sla_dag to 2022-09-01T14:00:00+00:00, run_after=2022-09-01T14:02:00+00:00
[2022-09-01 14:02:14,656] {processor.py:161} INFO - Processing /home/airflow/.local/lib/python3.7/site-packages/airflow/example_dags/example_sla_dag.py took 0.665 seconds
