[2022-09-01 00:27:18,648] {processor.py:153} INFO - Started process (PID=7402) to work on /home/airflow/.local/lib/python3.7/site-packages/airflow/example_dags/example_latest_only.py
[2022-09-01 00:27:18,651] {processor.py:641} INFO - Processing file /home/airflow/.local/lib/python3.7/site-packages/airflow/example_dags/example_latest_only.py for tasks to queue
[2022-09-01 00:27:18,653] {logging_mixin.py:115} INFO - [2022-09-01 00:27:18,653] {dagbag.py:508} INFO - Filling up the DagBag from /home/airflow/.local/lib/python3.7/site-packages/airflow/example_dags/example_latest_only.py
[2022-09-01 00:27:18,693] {processor.py:651} INFO - DAG(s) dict_keys(['latest_only']) retrieved from /home/airflow/.local/lib/python3.7/site-packages/airflow/example_dags/example_latest_only.py
[2022-09-01 00:27:18,847] {logging_mixin.py:115} INFO - [2022-09-01 00:27:18,847] {dag.py:2420} INFO - Sync 1 DAGs
[2022-09-01 00:27:18,992] {logging_mixin.py:115} INFO - [2022-09-01 00:27:18,991] {dag.py:2972} INFO - Setting next_dagrun for latest_only to 2022-08-31T20:27:18.991430+00:00, run_after=2022-09-01T00:27:18.991430+00:00
[2022-09-01 00:27:19,056] {processor.py:161} INFO - Processing /home/airflow/.local/lib/python3.7/site-packages/airflow/example_dags/example_latest_only.py took 0.423 seconds
[2022-09-01 00:35:34,248] {processor.py:153} INFO - Started process (PID=7464) to work on /home/airflow/.local/lib/python3.7/site-packages/airflow/example_dags/example_latest_only.py
[2022-09-01 00:35:34,251] {processor.py:641} INFO - Processing file /home/airflow/.local/lib/python3.7/site-packages/airflow/example_dags/example_latest_only.py for tasks to queue
[2022-09-01 00:35:34,253] {logging_mixin.py:115} INFO - [2022-09-01 00:35:34,253] {dagbag.py:508} INFO - Filling up the DagBag from /home/airflow/.local/lib/python3.7/site-packages/airflow/example_dags/example_latest_only.py
[2022-09-01 00:35:34,267] {processor.py:651} INFO - DAG(s) dict_keys(['latest_only']) retrieved from /home/airflow/.local/lib/python3.7/site-packages/airflow/example_dags/example_latest_only.py
[2022-09-01 00:35:34,334] {logging_mixin.py:115} INFO - [2022-09-01 00:35:34,334] {dag.py:2420} INFO - Sync 1 DAGs
[2022-09-01 00:35:34,395] {logging_mixin.py:115} INFO - [2022-09-01 00:35:34,395] {dag.py:2972} INFO - Setting next_dagrun for latest_only to 2022-08-31T20:35:34.394766+00:00, run_after=2022-09-01T00:35:34.394766+00:00
[2022-09-01 00:35:34,427] {processor.py:161} INFO - Processing /home/airflow/.local/lib/python3.7/site-packages/airflow/example_dags/example_latest_only.py took 0.188 seconds
[2022-09-01 04:11:26,588] {processor.py:153} INFO - Started process (PID=7580) to work on /home/airflow/.local/lib/python3.7/site-packages/airflow/example_dags/example_latest_only.py
[2022-09-01 04:11:26,616] {processor.py:641} INFO - Processing file /home/airflow/.local/lib/python3.7/site-packages/airflow/example_dags/example_latest_only.py for tasks to queue
[2022-09-01 04:11:26,621] {logging_mixin.py:115} INFO - [2022-09-01 04:11:26,621] {dagbag.py:508} INFO - Filling up the DagBag from /home/airflow/.local/lib/python3.7/site-packages/airflow/example_dags/example_latest_only.py
[2022-09-01 04:11:26,821] {processor.py:651} INFO - DAG(s) dict_keys(['latest_only']) retrieved from /home/airflow/.local/lib/python3.7/site-packages/airflow/example_dags/example_latest_only.py
[2022-09-01 04:11:27,457] {logging_mixin.py:115} INFO - [2022-09-01 04:11:27,457] {dag.py:2420} INFO - Sync 1 DAGs
[2022-09-01 04:11:27,701] {logging_mixin.py:115} INFO - [2022-09-01 04:11:27,701] {dag.py:2972} INFO - Setting next_dagrun for latest_only to 2022-09-01T00:11:27.700537+00:00, run_after=2022-09-01T04:11:27.700537+00:00
[2022-09-01 04:11:27,827] {processor.py:161} INFO - Processing /home/airflow/.local/lib/python3.7/site-packages/airflow/example_dags/example_latest_only.py took 1.303 seconds
[2022-09-01 13:59:12,380] {processor.py:153} INFO - Started process (PID=7749) to work on /home/airflow/.local/lib/python3.7/site-packages/airflow/example_dags/example_latest_only.py
[2022-09-01 13:59:12,394] {processor.py:641} INFO - Processing file /home/airflow/.local/lib/python3.7/site-packages/airflow/example_dags/example_latest_only.py for tasks to queue
[2022-09-01 13:59:12,415] {logging_mixin.py:115} INFO - [2022-09-01 13:59:12,415] {dagbag.py:508} INFO - Filling up the DagBag from /home/airflow/.local/lib/python3.7/site-packages/airflow/example_dags/example_latest_only.py
[2022-09-01 13:59:12,774] {processor.py:651} INFO - DAG(s) dict_keys(['latest_only']) retrieved from /home/airflow/.local/lib/python3.7/site-packages/airflow/example_dags/example_latest_only.py
[2022-09-01 13:59:13,618] {logging_mixin.py:115} INFO - [2022-09-01 13:59:13,618] {dag.py:2420} INFO - Sync 1 DAGs
[2022-09-01 13:59:14,402] {logging_mixin.py:115} INFO - [2022-09-01 13:59:14,402] {dag.py:2972} INFO - Setting next_dagrun for latest_only to 2022-09-01T09:59:14.401365+00:00, run_after=2022-09-01T13:59:14.401365+00:00
[2022-09-01 13:59:14,975] {processor.py:161} INFO - Processing /home/airflow/.local/lib/python3.7/site-packages/airflow/example_dags/example_latest_only.py took 2.642 seconds
[2022-09-01 14:01:53,973] {processor.py:153} INFO - Started process (PID=7813) to work on /home/airflow/.local/lib/python3.7/site-packages/airflow/example_dags/example_latest_only.py
[2022-09-01 14:01:53,981] {processor.py:641} INFO - Processing file /home/airflow/.local/lib/python3.7/site-packages/airflow/example_dags/example_latest_only.py for tasks to queue
[2022-09-01 14:01:53,987] {logging_mixin.py:115} INFO - [2022-09-01 14:01:53,987] {dagbag.py:508} INFO - Filling up the DagBag from /home/airflow/.local/lib/python3.7/site-packages/airflow/example_dags/example_latest_only.py
[2022-09-01 14:01:54,133] {processor.py:651} INFO - DAG(s) dict_keys(['latest_only']) retrieved from /home/airflow/.local/lib/python3.7/site-packages/airflow/example_dags/example_latest_only.py
[2022-09-01 14:01:55,489] {logging_mixin.py:115} INFO - [2022-09-01 14:01:55,489] {dag.py:2420} INFO - Sync 1 DAGs
[2022-09-01 14:01:56,191] {logging_mixin.py:115} INFO - [2022-09-01 14:01:56,174] {dag.py:2972} INFO - Setting next_dagrun for latest_only to 2022-09-01T10:01:56.173016+00:00, run_after=2022-09-01T14:01:56.173016+00:00
[2022-09-01 14:01:56,472] {processor.py:161} INFO - Processing /home/airflow/.local/lib/python3.7/site-packages/airflow/example_dags/example_latest_only.py took 2.583 seconds
[2022-09-01 14:02:26,699] {processor.py:153} INFO - Started process (PID=7869) to work on /home/airflow/.local/lib/python3.7/site-packages/airflow/example_dags/example_latest_only.py
[2022-09-01 14:02:26,704] {processor.py:641} INFO - Processing file /home/airflow/.local/lib/python3.7/site-packages/airflow/example_dags/example_latest_only.py for tasks to queue
[2022-09-01 14:02:26,708] {logging_mixin.py:115} INFO - [2022-09-01 14:02:26,707] {dagbag.py:508} INFO - Filling up the DagBag from /home/airflow/.local/lib/python3.7/site-packages/airflow/example_dags/example_latest_only.py
[2022-09-01 14:02:26,730] {processor.py:651} INFO - DAG(s) dict_keys(['latest_only']) retrieved from /home/airflow/.local/lib/python3.7/site-packages/airflow/example_dags/example_latest_only.py
[2022-09-01 14:02:26,835] {logging_mixin.py:115} INFO - [2022-09-01 14:02:26,835] {dag.py:2420} INFO - Sync 1 DAGs
[2022-09-01 14:02:26,930] {logging_mixin.py:115} INFO - [2022-09-01 14:02:26,930] {dag.py:2972} INFO - Setting next_dagrun for latest_only to 2022-09-01T10:02:26.929037+00:00, run_after=2022-09-01T14:02:26.929037+00:00
[2022-09-01 14:02:26,986] {processor.py:161} INFO - Processing /home/airflow/.local/lib/python3.7/site-packages/airflow/example_dags/example_latest_only.py took 0.300 seconds
