[2022-09-01 00:27:21,581] {processor.py:153} INFO - Started process (PID=7414) to work on /home/airflow/.local/lib/python3.7/site-packages/airflow/example_dags/example_nested_branch_dag.py
[2022-09-01 00:27:21,590] {processor.py:641} INFO - Processing file /home/airflow/.local/lib/python3.7/site-packages/airflow/example_dags/example_nested_branch_dag.py for tasks to queue
[2022-09-01 00:27:21,592] {logging_mixin.py:115} INFO - [2022-09-01 00:27:21,592] {dagbag.py:508} INFO - Filling up the DagBag from /home/airflow/.local/lib/python3.7/site-packages/airflow/example_dags/example_nested_branch_dag.py
[2022-09-01 00:27:21,643] {processor.py:651} INFO - DAG(s) dict_keys(['example_nested_branch_dag']) retrieved from /home/airflow/.local/lib/python3.7/site-packages/airflow/example_dags/example_nested_branch_dag.py
[2022-09-01 00:27:21,749] {logging_mixin.py:115} INFO - [2022-09-01 00:27:21,749] {dag.py:2420} INFO - Sync 1 DAGs
[2022-09-01 00:27:21,809] {logging_mixin.py:115} INFO - [2022-09-01 00:27:21,808] {dag.py:2972} INFO - Setting next_dagrun for example_nested_branch_dag to 2022-08-31T00:00:00+00:00, run_after=2022-09-01T00:00:00+00:00
[2022-09-01 00:27:21,843] {processor.py:161} INFO - Processing /home/airflow/.local/lib/python3.7/site-packages/airflow/example_dags/example_nested_branch_dag.py took 0.268 seconds
[2022-09-01 00:28:47,792] {processor.py:153} INFO - Started process (PID=7450) to work on /home/airflow/.local/lib/python3.7/site-packages/airflow/example_dags/example_nested_branch_dag.py
[2022-09-01 00:28:47,797] {processor.py:641} INFO - Processing file /home/airflow/.local/lib/python3.7/site-packages/airflow/example_dags/example_nested_branch_dag.py for tasks to queue
[2022-09-01 00:28:47,817] {logging_mixin.py:115} INFO - [2022-09-01 00:28:47,817] {dagbag.py:508} INFO - Filling up the DagBag from /home/airflow/.local/lib/python3.7/site-packages/airflow/example_dags/example_nested_branch_dag.py
[2022-09-01 00:28:47,931] {processor.py:651} INFO - DAG(s) dict_keys(['example_nested_branch_dag']) retrieved from /home/airflow/.local/lib/python3.7/site-packages/airflow/example_dags/example_nested_branch_dag.py
[2022-09-01 00:28:48,145] {logging_mixin.py:115} INFO - [2022-09-01 00:28:48,145] {dag.py:2420} INFO - Sync 1 DAGs
[2022-09-01 00:28:48,258] {logging_mixin.py:115} INFO - [2022-09-01 00:28:48,258] {dag.py:2972} INFO - Setting next_dagrun for example_nested_branch_dag to 2022-08-31T00:00:00+00:00, run_after=2022-09-01T00:00:00+00:00
[2022-09-01 00:28:48,315] {processor.py:161} INFO - Processing /home/airflow/.local/lib/python3.7/site-packages/airflow/example_dags/example_nested_branch_dag.py took 0.543 seconds
[2022-09-01 01:07:15,387] {processor.py:153} INFO - Started process (PID=7486) to work on /home/airflow/.local/lib/python3.7/site-packages/airflow/example_dags/example_nested_branch_dag.py
[2022-09-01 01:07:15,392] {processor.py:641} INFO - Processing file /home/airflow/.local/lib/python3.7/site-packages/airflow/example_dags/example_nested_branch_dag.py for tasks to queue
[2022-09-01 01:07:15,395] {logging_mixin.py:115} INFO - [2022-09-01 01:07:15,395] {dagbag.py:508} INFO - Filling up the DagBag from /home/airflow/.local/lib/python3.7/site-packages/airflow/example_dags/example_nested_branch_dag.py
[2022-09-01 01:07:15,503] {processor.py:651} INFO - DAG(s) dict_keys(['example_nested_branch_dag']) retrieved from /home/airflow/.local/lib/python3.7/site-packages/airflow/example_dags/example_nested_branch_dag.py
[2022-09-01 01:07:15,839] {logging_mixin.py:115} INFO - [2022-09-01 01:07:15,839] {dag.py:2420} INFO - Sync 1 DAGs
[2022-09-01 01:07:16,066] {logging_mixin.py:115} INFO - [2022-09-01 01:07:16,066] {dag.py:2972} INFO - Setting next_dagrun for example_nested_branch_dag to 2022-08-31T00:00:00+00:00, run_after=2022-09-01T00:00:00+00:00
[2022-09-01 01:07:16,180] {processor.py:161} INFO - Processing /home/airflow/.local/lib/python3.7/site-packages/airflow/example_dags/example_nested_branch_dag.py took 0.831 seconds
[2022-09-01 01:29:19,131] {processor.py:153} INFO - Started process (PID=7544) to work on /home/airflow/.local/lib/python3.7/site-packages/airflow/example_dags/example_nested_branch_dag.py
[2022-09-01 01:29:19,141] {processor.py:641} INFO - Processing file /home/airflow/.local/lib/python3.7/site-packages/airflow/example_dags/example_nested_branch_dag.py for tasks to queue
[2022-09-01 01:29:19,160] {logging_mixin.py:115} INFO - [2022-09-01 01:29:19,151] {dagbag.py:508} INFO - Filling up the DagBag from /home/airflow/.local/lib/python3.7/site-packages/airflow/example_dags/example_nested_branch_dag.py
[2022-09-01 01:29:19,653] {processor.py:651} INFO - DAG(s) dict_keys(['example_nested_branch_dag']) retrieved from /home/airflow/.local/lib/python3.7/site-packages/airflow/example_dags/example_nested_branch_dag.py
[2022-09-01 01:29:20,940] {logging_mixin.py:115} INFO - [2022-09-01 01:29:20,937] {dag.py:2420} INFO - Sync 1 DAGs
[2022-09-01 01:29:21,847] {logging_mixin.py:115} INFO - [2022-09-01 01:29:21,847] {dag.py:2972} INFO - Setting next_dagrun for example_nested_branch_dag to 2022-08-31T00:00:00+00:00, run_after=2022-09-01T00:00:00+00:00
[2022-09-01 01:29:22,153] {processor.py:161} INFO - Processing /home/airflow/.local/lib/python3.7/site-packages/airflow/example_dags/example_nested_branch_dag.py took 3.171 seconds
[2022-09-01 06:53:45,177] {processor.py:153} INFO - Started process (PID=7610) to work on /home/airflow/.local/lib/python3.7/site-packages/airflow/example_dags/example_nested_branch_dag.py
[2022-09-01 06:53:45,638] {processor.py:641} INFO - Processing file /home/airflow/.local/lib/python3.7/site-packages/airflow/example_dags/example_nested_branch_dag.py for tasks to queue
[2022-09-01 06:53:45,784] {logging_mixin.py:115} INFO - [2022-09-01 06:53:45,784] {dagbag.py:508} INFO - Filling up the DagBag from /home/airflow/.local/lib/python3.7/site-packages/airflow/example_dags/example_nested_branch_dag.py
[2022-09-01 06:53:45,898] {processor.py:651} INFO - DAG(s) dict_keys(['example_nested_branch_dag']) retrieved from /home/airflow/.local/lib/python3.7/site-packages/airflow/example_dags/example_nested_branch_dag.py
[2022-09-01 06:53:46,848] {logging_mixin.py:115} INFO - [2022-09-01 06:53:46,848] {dag.py:2420} INFO - Sync 1 DAGs
[2022-09-01 06:53:47,085] {logging_mixin.py:115} INFO - [2022-09-01 06:53:47,084] {dag.py:2972} INFO - Setting next_dagrun for example_nested_branch_dag to 2022-08-31T00:00:00+00:00, run_after=2022-09-01T00:00:00+00:00
[2022-09-01 06:53:47,813] {processor.py:161} INFO - Processing /home/airflow/.local/lib/python3.7/site-packages/airflow/example_dags/example_nested_branch_dag.py took 2.947 seconds
[2022-09-01 12:37:05,607] {processor.py:153} INFO - Started process (PID=7711) to work on /home/airflow/.local/lib/python3.7/site-packages/airflow/example_dags/example_nested_branch_dag.py
[2022-09-01 12:37:05,626] {processor.py:641} INFO - Processing file /home/airflow/.local/lib/python3.7/site-packages/airflow/example_dags/example_nested_branch_dag.py for tasks to queue
[2022-09-01 12:37:05,632] {logging_mixin.py:115} INFO - [2022-09-01 12:37:05,631] {dagbag.py:508} INFO - Filling up the DagBag from /home/airflow/.local/lib/python3.7/site-packages/airflow/example_dags/example_nested_branch_dag.py
[2022-09-01 12:37:05,828] {processor.py:651} INFO - DAG(s) dict_keys(['example_nested_branch_dag']) retrieved from /home/airflow/.local/lib/python3.7/site-packages/airflow/example_dags/example_nested_branch_dag.py
[2022-09-01 12:37:06,071] {logging_mixin.py:115} INFO - [2022-09-01 12:37:06,071] {dag.py:2420} INFO - Sync 1 DAGs
[2022-09-01 12:37:06,204] {logging_mixin.py:115} INFO - [2022-09-01 12:37:06,204] {dag.py:2972} INFO - Setting next_dagrun for example_nested_branch_dag to 2022-08-31T00:00:00+00:00, run_after=2022-09-01T00:00:00+00:00
[2022-09-01 12:37:06,263] {processor.py:161} INFO - Processing /home/airflow/.local/lib/python3.7/site-packages/airflow/example_dags/example_nested_branch_dag.py took 0.672 seconds
[2022-09-01 14:00:52,557] {processor.py:153} INFO - Started process (PID=7761) to work on /home/airflow/.local/lib/python3.7/site-packages/airflow/example_dags/example_nested_branch_dag.py
[2022-09-01 14:00:52,624] {processor.py:641} INFO - Processing file /home/airflow/.local/lib/python3.7/site-packages/airflow/example_dags/example_nested_branch_dag.py for tasks to queue
[2022-09-01 14:00:53,071] {logging_mixin.py:115} INFO - [2022-09-01 14:00:53,071] {dagbag.py:508} INFO - Filling up the DagBag from /home/airflow/.local/lib/python3.7/site-packages/airflow/example_dags/example_nested_branch_dag.py
[2022-09-01 14:00:53,442] {processor.py:651} INFO - DAG(s) dict_keys(['example_nested_branch_dag']) retrieved from /home/airflow/.local/lib/python3.7/site-packages/airflow/example_dags/example_nested_branch_dag.py
[2022-09-01 14:00:54,193] {logging_mixin.py:115} INFO - [2022-09-01 14:00:54,192] {dag.py:2420} INFO - Sync 1 DAGs
[2022-09-01 14:00:57,107] {logging_mixin.py:115} INFO - [2022-09-01 14:00:57,101] {dag.py:2972} INFO - Setting next_dagrun for example_nested_branch_dag to 2022-08-31T00:00:00+00:00, run_after=2022-09-01T00:00:00+00:00
[2022-09-01 14:00:58,564] {processor.py:161} INFO - Processing /home/airflow/.local/lib/python3.7/site-packages/airflow/example_dags/example_nested_branch_dag.py took 6.120 seconds
[2022-09-01 14:01:57,914] {processor.py:153} INFO - Started process (PID=7817) to work on /home/airflow/.local/lib/python3.7/site-packages/airflow/example_dags/example_nested_branch_dag.py
[2022-09-01 14:01:57,919] {processor.py:641} INFO - Processing file /home/airflow/.local/lib/python3.7/site-packages/airflow/example_dags/example_nested_branch_dag.py for tasks to queue
[2022-09-01 14:01:57,929] {logging_mixin.py:115} INFO - [2022-09-01 14:01:57,926] {dagbag.py:508} INFO - Filling up the DagBag from /home/airflow/.local/lib/python3.7/site-packages/airflow/example_dags/example_nested_branch_dag.py
[2022-09-01 14:01:57,998] {processor.py:651} INFO - DAG(s) dict_keys(['example_nested_branch_dag']) retrieved from /home/airflow/.local/lib/python3.7/site-packages/airflow/example_dags/example_nested_branch_dag.py
[2022-09-01 14:01:58,104] {logging_mixin.py:115} INFO - [2022-09-01 14:01:58,103] {dag.py:2420} INFO - Sync 1 DAGs
[2022-09-01 14:01:58,181] {logging_mixin.py:115} INFO - [2022-09-01 14:01:58,181] {dag.py:2972} INFO - Setting next_dagrun for example_nested_branch_dag to 2022-08-31T00:00:00+00:00, run_after=2022-09-01T00:00:00+00:00
[2022-09-01 14:01:58,269] {processor.py:161} INFO - Processing /home/airflow/.local/lib/python3.7/site-packages/airflow/example_dags/example_nested_branch_dag.py took 0.403 seconds
