[2022-09-01 00:09:20,304] {processor.py:153} INFO - Started process (PID=7393) to work on /home/airflow/.local/lib/python3.7/site-packages/airflow/example_dags/example_python_operator.py
[2022-09-01 00:09:20,316] {processor.py:641} INFO - Processing file /home/airflow/.local/lib/python3.7/site-packages/airflow/example_dags/example_python_operator.py for tasks to queue
[2022-09-01 00:09:20,355] {logging_mixin.py:115} INFO - [2022-09-01 00:09:20,335] {dagbag.py:508} INFO - Filling up the DagBag from /home/airflow/.local/lib/python3.7/site-packages/airflow/example_dags/example_python_operator.py
[2022-09-01 00:09:21,150] {processor.py:651} INFO - DAG(s) dict_keys(['example_python_operator']) retrieved from /home/airflow/.local/lib/python3.7/site-packages/airflow/example_dags/example_python_operator.py
[2022-09-01 00:09:22,168] {logging_mixin.py:115} INFO - [2022-09-01 00:09:22,167] {dag.py:2420} INFO - Sync 1 DAGs
[2022-09-01 00:09:23,558] {logging_mixin.py:115} INFO - [2022-09-01 00:09:23,557] {dag.py:2972} INFO - Setting next_dagrun for example_python_operator to None, run_after=None
[2022-09-01 00:27:15,971] {processor.py:161} INFO - Processing /home/airflow/.local/lib/python3.7/site-packages/airflow/example_dags/example_python_operator.py took 6.419 seconds
[2022-09-01 00:28:40,128] {processor.py:153} INFO - Started process (PID=7431) to work on /home/airflow/.local/lib/python3.7/site-packages/airflow/example_dags/example_python_operator.py
[2022-09-01 00:28:40,142] {processor.py:641} INFO - Processing file /home/airflow/.local/lib/python3.7/site-packages/airflow/example_dags/example_python_operator.py for tasks to queue
[2022-09-01 00:28:40,159] {logging_mixin.py:115} INFO - [2022-09-01 00:28:40,158] {dagbag.py:508} INFO - Filling up the DagBag from /home/airflow/.local/lib/python3.7/site-packages/airflow/example_dags/example_python_operator.py
[2022-09-01 00:28:40,602] {processor.py:651} INFO - DAG(s) dict_keys(['example_python_operator']) retrieved from /home/airflow/.local/lib/python3.7/site-packages/airflow/example_dags/example_python_operator.py
[2022-09-01 00:28:41,015] {logging_mixin.py:115} INFO - [2022-09-01 00:28:41,014] {dag.py:2420} INFO - Sync 1 DAGs
[2022-09-01 00:28:41,293] {logging_mixin.py:115} INFO - [2022-09-01 00:28:41,292] {dag.py:2972} INFO - Setting next_dagrun for example_python_operator to None, run_after=None
[2022-09-01 00:28:41,450] {processor.py:161} INFO - Processing /home/airflow/.local/lib/python3.7/site-packages/airflow/example_dags/example_python_operator.py took 1.425 seconds
[2022-09-01 01:28:37,264] {processor.py:153} INFO - Started process (PID=7512) to work on /home/airflow/.local/lib/python3.7/site-packages/airflow/example_dags/example_python_operator.py
[2022-09-01 01:28:37,289] {processor.py:641} INFO - Processing file /home/airflow/.local/lib/python3.7/site-packages/airflow/example_dags/example_python_operator.py for tasks to queue
[2022-09-01 01:28:37,297] {logging_mixin.py:115} INFO - [2022-09-01 01:28:37,296] {dagbag.py:508} INFO - Filling up the DagBag from /home/airflow/.local/lib/python3.7/site-packages/airflow/example_dags/example_python_operator.py
[2022-09-01 01:28:38,596] {processor.py:651} INFO - DAG(s) dict_keys(['example_python_operator']) retrieved from /home/airflow/.local/lib/python3.7/site-packages/airflow/example_dags/example_python_operator.py
[2022-09-01 01:28:40,754] {logging_mixin.py:115} INFO - [2022-09-01 01:28:40,754] {dag.py:2420} INFO - Sync 1 DAGs
[2022-09-01 01:28:42,275] {logging_mixin.py:115} INFO - [2022-09-01 01:28:42,262] {dag.py:2972} INFO - Setting next_dagrun for example_python_operator to None, run_after=None
[2022-09-01 01:28:44,252] {processor.py:161} INFO - Processing /home/airflow/.local/lib/python3.7/site-packages/airflow/example_dags/example_python_operator.py took 7.003 seconds
[2022-09-01 11:24:16,452] {processor.py:153} INFO - Started process (PID=7678) to work on /home/airflow/.local/lib/python3.7/site-packages/airflow/example_dags/example_python_operator.py
[2022-09-01 11:24:16,456] {processor.py:641} INFO - Processing file /home/airflow/.local/lib/python3.7/site-packages/airflow/example_dags/example_python_operator.py for tasks to queue
[2022-09-01 11:24:16,479] {logging_mixin.py:115} INFO - [2022-09-01 11:24:16,479] {dagbag.py:508} INFO - Filling up the DagBag from /home/airflow/.local/lib/python3.7/site-packages/airflow/example_dags/example_python_operator.py
[2022-09-01 11:24:17,234] {processor.py:651} INFO - DAG(s) dict_keys(['example_python_operator']) retrieved from /home/airflow/.local/lib/python3.7/site-packages/airflow/example_dags/example_python_operator.py
[2022-09-01 11:24:17,875] {logging_mixin.py:115} INFO - [2022-09-01 11:24:17,874] {dag.py:2420} INFO - Sync 1 DAGs
[2022-09-01 11:24:18,366] {logging_mixin.py:115} INFO - [2022-09-01 11:24:18,366] {dag.py:2972} INFO - Setting next_dagrun for example_python_operator to None, run_after=None
[2022-09-01 11:24:18,488] {processor.py:161} INFO - Processing /home/airflow/.local/lib/python3.7/site-packages/airflow/example_dags/example_python_operator.py took 2.223 seconds
[2022-09-01 14:01:18,752] {processor.py:153} INFO - Started process (PID=7773) to work on /home/airflow/.local/lib/python3.7/site-packages/airflow/example_dags/example_python_operator.py
[2022-09-01 14:01:18,757] {processor.py:641} INFO - Processing file /home/airflow/.local/lib/python3.7/site-packages/airflow/example_dags/example_python_operator.py for tasks to queue
[2022-09-01 14:01:18,782] {logging_mixin.py:115} INFO - [2022-09-01 14:01:18,780] {dagbag.py:508} INFO - Filling up the DagBag from /home/airflow/.local/lib/python3.7/site-packages/airflow/example_dags/example_python_operator.py
[2022-09-01 14:01:19,026] {processor.py:651} INFO - DAG(s) dict_keys(['example_python_operator']) retrieved from /home/airflow/.local/lib/python3.7/site-packages/airflow/example_dags/example_python_operator.py
[2022-09-01 14:01:19,548] {logging_mixin.py:115} INFO - [2022-09-01 14:01:19,548] {dag.py:2420} INFO - Sync 1 DAGs
[2022-09-01 14:01:19,966] {logging_mixin.py:115} INFO - [2022-09-01 14:01:19,965] {dag.py:2972} INFO - Setting next_dagrun for example_python_operator to None, run_after=None
[2022-09-01 14:01:20,220] {processor.py:161} INFO - Processing /home/airflow/.local/lib/python3.7/site-packages/airflow/example_dags/example_python_operator.py took 1.610 seconds
[2022-09-01 14:02:06,976] {processor.py:153} INFO - Started process (PID=7838) to work on /home/airflow/.local/lib/python3.7/site-packages/airflow/example_dags/example_python_operator.py
[2022-09-01 14:02:06,983] {processor.py:641} INFO - Processing file /home/airflow/.local/lib/python3.7/site-packages/airflow/example_dags/example_python_operator.py for tasks to queue
[2022-09-01 14:02:06,993] {logging_mixin.py:115} INFO - [2022-09-01 14:02:06,991] {dagbag.py:508} INFO - Filling up the DagBag from /home/airflow/.local/lib/python3.7/site-packages/airflow/example_dags/example_python_operator.py
[2022-09-01 14:02:07,086] {processor.py:651} INFO - DAG(s) dict_keys(['example_python_operator']) retrieved from /home/airflow/.local/lib/python3.7/site-packages/airflow/example_dags/example_python_operator.py
[2022-09-01 14:02:07,205] {logging_mixin.py:115} INFO - [2022-09-01 14:02:07,205] {dag.py:2420} INFO - Sync 1 DAGs
[2022-09-01 14:02:07,319] {logging_mixin.py:115} INFO - [2022-09-01 14:02:07,319] {dag.py:2972} INFO - Setting next_dagrun for example_python_operator to None, run_after=None
[2022-09-01 14:02:07,369] {processor.py:161} INFO - Processing /home/airflow/.local/lib/python3.7/site-packages/airflow/example_dags/example_python_operator.py took 0.425 seconds
