[2022-09-01 00:27:21,071] {processor.py:153} INFO - Started process (PID=7412) to work on /home/airflow/.local/lib/python3.7/site-packages/airflow/example_dags/example_trigger_target_dag.py
[2022-09-01 00:27:21,075] {processor.py:641} INFO - Processing file /home/airflow/.local/lib/python3.7/site-packages/airflow/example_dags/example_trigger_target_dag.py for tasks to queue
[2022-09-01 00:27:21,079] {logging_mixin.py:115} INFO - [2022-09-01 00:27:21,079] {dagbag.py:508} INFO - Filling up the DagBag from /home/airflow/.local/lib/python3.7/site-packages/airflow/example_dags/example_trigger_target_dag.py
[2022-09-01 00:27:21,240] {processor.py:651} INFO - DAG(s) dict_keys(['example_trigger_target_dag']) retrieved from /home/airflow/.local/lib/python3.7/site-packages/airflow/example_dags/example_trigger_target_dag.py
[2022-09-01 00:27:21,356] {logging_mixin.py:115} INFO - [2022-09-01 00:27:21,356] {dag.py:2420} INFO - Sync 1 DAGs
[2022-09-01 00:27:21,442] {logging_mixin.py:115} INFO - [2022-09-01 00:27:21,442] {dag.py:2972} INFO - Setting next_dagrun for example_trigger_target_dag to None, run_after=None
[2022-09-01 00:27:21,504] {processor.py:161} INFO - Processing /home/airflow/.local/lib/python3.7/site-packages/airflow/example_dags/example_trigger_target_dag.py took 0.443 seconds
[2022-09-01 00:28:47,069] {processor.py:153} INFO - Started process (PID=7448) to work on /home/airflow/.local/lib/python3.7/site-packages/airflow/example_dags/example_trigger_target_dag.py
[2022-09-01 00:28:47,083] {processor.py:641} INFO - Processing file /home/airflow/.local/lib/python3.7/site-packages/airflow/example_dags/example_trigger_target_dag.py for tasks to queue
[2022-09-01 00:28:47,093] {logging_mixin.py:115} INFO - [2022-09-01 00:28:47,091] {dagbag.py:508} INFO - Filling up the DagBag from /home/airflow/.local/lib/python3.7/site-packages/airflow/example_dags/example_trigger_target_dag.py
[2022-09-01 00:28:47,233] {processor.py:651} INFO - DAG(s) dict_keys(['example_trigger_target_dag']) retrieved from /home/airflow/.local/lib/python3.7/site-packages/airflow/example_dags/example_trigger_target_dag.py
[2022-09-01 00:28:47,486] {logging_mixin.py:115} INFO - [2022-09-01 00:28:47,486] {dag.py:2420} INFO - Sync 1 DAGs
[2022-09-01 00:28:47,606] {logging_mixin.py:115} INFO - [2022-09-01 00:28:47,606] {dag.py:2972} INFO - Setting next_dagrun for example_trigger_target_dag to None, run_after=None
[2022-09-01 00:28:47,678] {processor.py:161} INFO - Processing /home/airflow/.local/lib/python3.7/site-packages/airflow/example_dags/example_trigger_target_dag.py took 0.624 seconds
[2022-09-01 00:36:17,188] {processor.py:153} INFO - Started process (PID=7482) to work on /home/airflow/.local/lib/python3.7/site-packages/airflow/example_dags/example_trigger_target_dag.py
[2022-09-01 00:36:17,216] {processor.py:641} INFO - Processing file /home/airflow/.local/lib/python3.7/site-packages/airflow/example_dags/example_trigger_target_dag.py for tasks to queue
[2022-09-01 00:36:17,249] {logging_mixin.py:115} INFO - [2022-09-01 00:36:17,248] {dagbag.py:508} INFO - Filling up the DagBag from /home/airflow/.local/lib/python3.7/site-packages/airflow/example_dags/example_trigger_target_dag.py
[2022-09-01 00:36:17,381] {processor.py:651} INFO - DAG(s) dict_keys(['example_trigger_target_dag']) retrieved from /home/airflow/.local/lib/python3.7/site-packages/airflow/example_dags/example_trigger_target_dag.py
[2022-09-01 01:07:14,768] {logging_mixin.py:115} INFO - [2022-09-01 01:07:14,767] {dag.py:2420} INFO - Sync 1 DAGs
[2022-09-01 01:29:00,906] {processor.py:153} INFO - Started process (PID=7534) to work on /home/airflow/.local/lib/python3.7/site-packages/airflow/example_dags/example_trigger_target_dag.py
[2022-09-01 01:29:00,910] {processor.py:641} INFO - Processing file /home/airflow/.local/lib/python3.7/site-packages/airflow/example_dags/example_trigger_target_dag.py for tasks to queue
[2022-09-01 01:29:00,917] {logging_mixin.py:115} INFO - [2022-09-01 01:29:00,916] {dagbag.py:508} INFO - Filling up the DagBag from /home/airflow/.local/lib/python3.7/site-packages/airflow/example_dags/example_trigger_target_dag.py
[2022-09-01 01:29:01,004] {processor.py:651} INFO - DAG(s) dict_keys(['example_trigger_target_dag']) retrieved from /home/airflow/.local/lib/python3.7/site-packages/airflow/example_dags/example_trigger_target_dag.py
[2022-09-01 01:29:01,182] {logging_mixin.py:115} INFO - [2022-09-01 01:29:01,182] {dag.py:2420} INFO - Sync 1 DAGs
[2022-09-01 01:29:01,381] {logging_mixin.py:115} INFO - [2022-09-01 01:29:01,380] {dag.py:2972} INFO - Setting next_dagrun for example_trigger_target_dag to None, run_after=None
[2022-09-01 01:29:01,534] {processor.py:161} INFO - Processing /home/airflow/.local/lib/python3.7/site-packages/airflow/example_dags/example_trigger_target_dag.py took 0.654 seconds
[2022-09-01 06:53:41,778] {processor.py:153} INFO - Started process (PID=7608) to work on /home/airflow/.local/lib/python3.7/site-packages/airflow/example_dags/example_trigger_target_dag.py
[2022-09-01 06:53:41,786] {processor.py:641} INFO - Processing file /home/airflow/.local/lib/python3.7/site-packages/airflow/example_dags/example_trigger_target_dag.py for tasks to queue
[2022-09-01 06:53:41,807] {logging_mixin.py:115} INFO - [2022-09-01 06:53:41,807] {dagbag.py:508} INFO - Filling up the DagBag from /home/airflow/.local/lib/python3.7/site-packages/airflow/example_dags/example_trigger_target_dag.py
[2022-09-01 06:53:42,427] {processor.py:651} INFO - DAG(s) dict_keys(['example_trigger_target_dag']) retrieved from /home/airflow/.local/lib/python3.7/site-packages/airflow/example_dags/example_trigger_target_dag.py
[2022-09-01 06:53:42,960] {logging_mixin.py:115} INFO - [2022-09-01 06:53:42,960] {dag.py:2420} INFO - Sync 1 DAGs
[2022-09-01 06:53:44,104] {logging_mixin.py:115} INFO - [2022-09-01 06:53:44,104] {dag.py:2972} INFO - Setting next_dagrun for example_trigger_target_dag to None, run_after=None
[2022-09-01 06:53:45,795] {processor.py:161} INFO - Processing /home/airflow/.local/lib/python3.7/site-packages/airflow/example_dags/example_trigger_target_dag.py took 4.233 seconds
[2022-09-01 12:37:04,608] {processor.py:153} INFO - Started process (PID=7707) to work on /home/airflow/.local/lib/python3.7/site-packages/airflow/example_dags/example_trigger_target_dag.py
[2022-09-01 12:37:04,640] {processor.py:641} INFO - Processing file /home/airflow/.local/lib/python3.7/site-packages/airflow/example_dags/example_trigger_target_dag.py for tasks to queue
[2022-09-01 12:37:04,659] {logging_mixin.py:115} INFO - [2022-09-01 12:37:04,658] {dagbag.py:508} INFO - Filling up the DagBag from /home/airflow/.local/lib/python3.7/site-packages/airflow/example_dags/example_trigger_target_dag.py
[2022-09-01 12:37:04,944] {processor.py:651} INFO - DAG(s) dict_keys(['example_trigger_target_dag']) retrieved from /home/airflow/.local/lib/python3.7/site-packages/airflow/example_dags/example_trigger_target_dag.py
[2022-09-01 12:37:05,161] {logging_mixin.py:115} INFO - [2022-09-01 12:37:05,160] {dag.py:2420} INFO - Sync 1 DAGs
[2022-09-01 12:37:05,428] {logging_mixin.py:115} INFO - [2022-09-01 12:37:05,428] {dag.py:2972} INFO - Setting next_dagrun for example_trigger_target_dag to None, run_after=None
[2022-09-01 12:37:05,487] {processor.py:161} INFO - Processing /home/airflow/.local/lib/python3.7/site-packages/airflow/example_dags/example_trigger_target_dag.py took 1.049 seconds
[2022-09-01 13:59:26,424] {processor.py:153} INFO - Started process (PID=7759) to work on /home/airflow/.local/lib/python3.7/site-packages/airflow/example_dags/example_trigger_target_dag.py
[2022-09-01 13:59:26,437] {processor.py:641} INFO - Processing file /home/airflow/.local/lib/python3.7/site-packages/airflow/example_dags/example_trigger_target_dag.py for tasks to queue
[2022-09-01 13:59:26,471] {logging_mixin.py:115} INFO - [2022-09-01 13:59:26,468] {dagbag.py:508} INFO - Filling up the DagBag from /home/airflow/.local/lib/python3.7/site-packages/airflow/example_dags/example_trigger_target_dag.py
[2022-09-01 13:59:27,773] {processor.py:651} INFO - DAG(s) dict_keys(['example_trigger_target_dag']) retrieved from /home/airflow/.local/lib/python3.7/site-packages/airflow/example_dags/example_trigger_target_dag.py
[2022-09-01 14:01:44,005] {processor.py:153} INFO - Started process (PID=7803) to work on /home/airflow/.local/lib/python3.7/site-packages/airflow/example_dags/example_trigger_target_dag.py
[2022-09-01 14:01:44,020] {processor.py:641} INFO - Processing file /home/airflow/.local/lib/python3.7/site-packages/airflow/example_dags/example_trigger_target_dag.py for tasks to queue
[2022-09-01 14:01:44,028] {logging_mixin.py:115} INFO - [2022-09-01 14:01:44,027] {dagbag.py:508} INFO - Filling up the DagBag from /home/airflow/.local/lib/python3.7/site-packages/airflow/example_dags/example_trigger_target_dag.py
[2022-09-01 14:01:44,312] {processor.py:651} INFO - DAG(s) dict_keys(['example_trigger_target_dag']) retrieved from /home/airflow/.local/lib/python3.7/site-packages/airflow/example_dags/example_trigger_target_dag.py
[2022-09-01 14:01:44,771] {logging_mixin.py:115} INFO - [2022-09-01 14:01:44,771] {dag.py:2420} INFO - Sync 1 DAGs
[2022-09-01 14:01:44,887] {logging_mixin.py:115} INFO - [2022-09-01 14:01:44,887] {dag.py:2972} INFO - Setting next_dagrun for example_trigger_target_dag to None, run_after=None
[2022-09-01 14:01:45,097] {processor.py:161} INFO - Processing /home/airflow/.local/lib/python3.7/site-packages/airflow/example_dags/example_trigger_target_dag.py took 1.122 seconds
[2022-09-01 14:02:15,784] {processor.py:153} INFO - Started process (PID=7850) to work on /home/airflow/.local/lib/python3.7/site-packages/airflow/example_dags/example_trigger_target_dag.py
[2022-09-01 14:02:15,789] {processor.py:641} INFO - Processing file /home/airflow/.local/lib/python3.7/site-packages/airflow/example_dags/example_trigger_target_dag.py for tasks to queue
[2022-09-01 14:02:15,792] {logging_mixin.py:115} INFO - [2022-09-01 14:02:15,792] {dagbag.py:508} INFO - Filling up the DagBag from /home/airflow/.local/lib/python3.7/site-packages/airflow/example_dags/example_trigger_target_dag.py
[2022-09-01 14:02:15,853] {processor.py:651} INFO - DAG(s) dict_keys(['example_trigger_target_dag']) retrieved from /home/airflow/.local/lib/python3.7/site-packages/airflow/example_dags/example_trigger_target_dag.py
[2022-09-01 14:02:15,963] {logging_mixin.py:115} INFO - [2022-09-01 14:02:15,962] {dag.py:2420} INFO - Sync 1 DAGs
[2022-09-01 14:02:16,038] {logging_mixin.py:115} INFO - [2022-09-01 14:02:16,038] {dag.py:2972} INFO - Setting next_dagrun for example_trigger_target_dag to None, run_after=None
[2022-09-01 14:02:16,079] {processor.py:161} INFO - Processing /home/airflow/.local/lib/python3.7/site-packages/airflow/example_dags/example_trigger_target_dag.py took 0.309 seconds
