[2022-09-01 00:27:20,189] {processor.py:153} INFO - Started process (PID=7408) to work on /home/airflow/.local/lib/python3.7/site-packages/airflow/example_dags/example_latest_only_with_trigger.py
[2022-09-01 00:27:20,213] {processor.py:641} INFO - Processing file /home/airflow/.local/lib/python3.7/site-packages/airflow/example_dags/example_latest_only_with_trigger.py for tasks to queue
[2022-09-01 00:27:20,217] {logging_mixin.py:115} INFO - [2022-09-01 00:27:20,216] {dagbag.py:508} INFO - Filling up the DagBag from /home/airflow/.local/lib/python3.7/site-packages/airflow/example_dags/example_latest_only_with_trigger.py
[2022-09-01 00:27:20,250] {processor.py:651} INFO - DAG(s) dict_keys(['latest_only_with_trigger']) retrieved from /home/airflow/.local/lib/python3.7/site-packages/airflow/example_dags/example_latest_only_with_trigger.py
[2022-09-01 00:27:20,406] {logging_mixin.py:115} INFO - [2022-09-01 00:27:20,406] {dag.py:2420} INFO - Sync 1 DAGs
[2022-09-01 00:27:20,545] {logging_mixin.py:115} INFO - [2022-09-01 00:27:20,544] {dag.py:2972} INFO - Setting next_dagrun for latest_only_with_trigger to 2022-08-31T20:27:20.544277+00:00, run_after=2022-09-01T00:27:20.544277+00:00
[2022-09-01 00:27:20,604] {processor.py:161} INFO - Processing /home/airflow/.local/lib/python3.7/site-packages/airflow/example_dags/example_latest_only_with_trigger.py took 0.429 seconds
[2022-09-01 00:28:45,568] {processor.py:153} INFO - Started process (PID=7444) to work on /home/airflow/.local/lib/python3.7/site-packages/airflow/example_dags/example_latest_only_with_trigger.py
[2022-09-01 00:28:45,571] {processor.py:641} INFO - Processing file /home/airflow/.local/lib/python3.7/site-packages/airflow/example_dags/example_latest_only_with_trigger.py for tasks to queue
[2022-09-01 00:28:45,573] {logging_mixin.py:115} INFO - [2022-09-01 00:28:45,573] {dagbag.py:508} INFO - Filling up the DagBag from /home/airflow/.local/lib/python3.7/site-packages/airflow/example_dags/example_latest_only_with_trigger.py
[2022-09-01 00:28:45,596] {processor.py:651} INFO - DAG(s) dict_keys(['latest_only_with_trigger']) retrieved from /home/airflow/.local/lib/python3.7/site-packages/airflow/example_dags/example_latest_only_with_trigger.py
[2022-09-01 00:28:46,102] {logging_mixin.py:115} INFO - [2022-09-01 00:28:46,102] {dag.py:2420} INFO - Sync 1 DAGs
[2022-09-01 00:28:46,478] {logging_mixin.py:115} INFO - [2022-09-01 00:28:46,478] {dag.py:2972} INFO - Setting next_dagrun for latest_only_with_trigger to 2022-08-31T20:28:46.477248+00:00, run_after=2022-09-01T00:28:46.477248+00:00
[2022-09-01 00:28:46,572] {processor.py:161} INFO - Processing /home/airflow/.local/lib/python3.7/site-packages/airflow/example_dags/example_latest_only_with_trigger.py took 1.019 seconds
[2022-09-01 00:36:03,024] {processor.py:153} INFO - Started process (PID=7470) to work on /home/airflow/.local/lib/python3.7/site-packages/airflow/example_dags/example_latest_only_with_trigger.py
[2022-09-01 00:36:04,002] {processor.py:641} INFO - Processing file /home/airflow/.local/lib/python3.7/site-packages/airflow/example_dags/example_latest_only_with_trigger.py for tasks to queue
[2022-09-01 00:36:07,505] {logging_mixin.py:115} INFO - [2022-09-01 00:36:07,505] {dagbag.py:508} INFO - Filling up the DagBag from /home/airflow/.local/lib/python3.7/site-packages/airflow/example_dags/example_latest_only_with_trigger.py
[2022-09-01 00:36:08,954] {processor.py:651} INFO - DAG(s) dict_keys(['latest_only_with_trigger']) retrieved from /home/airflow/.local/lib/python3.7/site-packages/airflow/example_dags/example_latest_only_with_trigger.py
[2022-09-01 00:36:10,446] {logging_mixin.py:115} INFO - [2022-09-01 00:36:10,445] {dag.py:2420} INFO - Sync 1 DAGs
[2022-09-01 00:36:11,258] {logging_mixin.py:115} INFO - [2022-09-01 00:36:11,256] {dag.py:2972} INFO - Setting next_dagrun for latest_only_with_trigger to 2022-08-31T20:36:11.254511+00:00, run_after=2022-09-01T00:36:11.254511+00:00
[2022-09-01 00:36:12,882] {processor.py:161} INFO - Processing /home/airflow/.local/lib/python3.7/site-packages/airflow/example_dags/example_latest_only_with_trigger.py took 12.134 seconds
[2022-09-01 01:28:59,220] {processor.py:153} INFO - Started process (PID=7530) to work on /home/airflow/.local/lib/python3.7/site-packages/airflow/example_dags/example_latest_only_with_trigger.py
[2022-09-01 01:28:59,231] {processor.py:641} INFO - Processing file /home/airflow/.local/lib/python3.7/site-packages/airflow/example_dags/example_latest_only_with_trigger.py for tasks to queue
[2022-09-01 01:28:59,234] {logging_mixin.py:115} INFO - [2022-09-01 01:28:59,234] {dagbag.py:508} INFO - Filling up the DagBag from /home/airflow/.local/lib/python3.7/site-packages/airflow/example_dags/example_latest_only_with_trigger.py
[2022-09-01 01:28:59,308] {processor.py:651} INFO - DAG(s) dict_keys(['latest_only_with_trigger']) retrieved from /home/airflow/.local/lib/python3.7/site-packages/airflow/example_dags/example_latest_only_with_trigger.py
[2022-09-01 01:28:59,509] {logging_mixin.py:115} INFO - [2022-09-01 01:28:59,509] {dag.py:2420} INFO - Sync 1 DAGs
[2022-09-01 01:28:59,729] {logging_mixin.py:115} INFO - [2022-09-01 01:28:59,729] {dag.py:2972} INFO - Setting next_dagrun for latest_only_with_trigger to 2022-08-31T21:28:59.728809+00:00, run_after=2022-09-01T01:28:59.728809+00:00
[2022-09-01 01:28:59,837] {processor.py:161} INFO - Processing /home/airflow/.local/lib/python3.7/site-packages/airflow/example_dags/example_latest_only_with_trigger.py took 0.657 seconds
[2022-09-01 05:05:22,707] {processor.py:153} INFO - Started process (PID=7594) to work on /home/airflow/.local/lib/python3.7/site-packages/airflow/example_dags/example_latest_only_with_trigger.py
[2022-09-01 05:05:22,726] {processor.py:641} INFO - Processing file /home/airflow/.local/lib/python3.7/site-packages/airflow/example_dags/example_latest_only_with_trigger.py for tasks to queue
[2022-09-01 05:05:22,745] {logging_mixin.py:115} INFO - [2022-09-01 05:05:22,744] {dagbag.py:508} INFO - Filling up the DagBag from /home/airflow/.local/lib/python3.7/site-packages/airflow/example_dags/example_latest_only_with_trigger.py
[2022-09-01 05:05:22,929] {processor.py:651} INFO - DAG(s) dict_keys(['latest_only_with_trigger']) retrieved from /home/airflow/.local/lib/python3.7/site-packages/airflow/example_dags/example_latest_only_with_trigger.py
[2022-09-01 05:05:23,307] {logging_mixin.py:115} INFO - [2022-09-01 05:05:23,306] {dag.py:2420} INFO - Sync 1 DAGs
[2022-09-01 05:05:38,556] {logging_mixin.py:115} INFO - [2022-09-01 05:05:38,515] {dag.py:2972} INFO - Setting next_dagrun for latest_only_with_trigger to 2022-09-01T01:05:38.451895+00:00, run_after=2022-09-01T05:05:38.451895+00:00
[2022-09-01 05:05:39,654] {processor.py:161} INFO - Processing /home/airflow/.local/lib/python3.7/site-packages/airflow/example_dags/example_latest_only_with_trigger.py took 16.950 seconds
[2022-09-01 12:36:58,573] {processor.py:153} INFO - Started process (PID=7701) to work on /home/airflow/.local/lib/python3.7/site-packages/airflow/example_dags/example_latest_only_with_trigger.py
[2022-09-01 12:36:58,742] {processor.py:641} INFO - Processing file /home/airflow/.local/lib/python3.7/site-packages/airflow/example_dags/example_latest_only_with_trigger.py for tasks to queue
[2022-09-01 12:36:58,752] {logging_mixin.py:115} INFO - [2022-09-01 12:36:58,748] {dagbag.py:508} INFO - Filling up the DagBag from /home/airflow/.local/lib/python3.7/site-packages/airflow/example_dags/example_latest_only_with_trigger.py
[2022-09-01 12:36:59,154] {processor.py:651} INFO - DAG(s) dict_keys(['latest_only_with_trigger']) retrieved from /home/airflow/.local/lib/python3.7/site-packages/airflow/example_dags/example_latest_only_with_trigger.py
[2022-09-01 12:37:01,566] {logging_mixin.py:115} INFO - [2022-09-01 12:37:01,548] {dag.py:2420} INFO - Sync 1 DAGs
[2022-09-01 12:37:01,900] {logging_mixin.py:115} INFO - [2022-09-01 12:37:01,899] {dag.py:2972} INFO - Setting next_dagrun for latest_only_with_trigger to 2022-09-01T08:37:01.898198+00:00, run_after=2022-09-01T12:37:01.898198+00:00
[2022-09-01 12:37:02,094] {processor.py:161} INFO - Processing /home/airflow/.local/lib/python3.7/site-packages/airflow/example_dags/example_latest_only_with_trigger.py took 3.649 seconds
[2022-09-01 13:59:22,042] {processor.py:153} INFO - Started process (PID=7755) to work on /home/airflow/.local/lib/python3.7/site-packages/airflow/example_dags/example_latest_only_with_trigger.py
[2022-09-01 13:59:22,081] {processor.py:641} INFO - Processing file /home/airflow/.local/lib/python3.7/site-packages/airflow/example_dags/example_latest_only_with_trigger.py for tasks to queue
[2022-09-01 13:59:22,095] {logging_mixin.py:115} INFO - [2022-09-01 13:59:22,087] {dagbag.py:508} INFO - Filling up the DagBag from /home/airflow/.local/lib/python3.7/site-packages/airflow/example_dags/example_latest_only_with_trigger.py
[2022-09-01 13:59:22,226] {processor.py:651} INFO - DAG(s) dict_keys(['latest_only_with_trigger']) retrieved from /home/airflow/.local/lib/python3.7/site-packages/airflow/example_dags/example_latest_only_with_trigger.py
[2022-09-01 13:59:23,086] {logging_mixin.py:115} INFO - [2022-09-01 13:59:23,086] {dag.py:2420} INFO - Sync 1 DAGs
[2022-09-01 13:59:23,503] {logging_mixin.py:115} INFO - [2022-09-01 13:59:23,502] {dag.py:2972} INFO - Setting next_dagrun for latest_only_with_trigger to 2022-09-01T09:59:23.501735+00:00, run_after=2022-09-01T13:59:23.501735+00:00
[2022-09-01 13:59:23,970] {processor.py:161} INFO - Processing /home/airflow/.local/lib/python3.7/site-packages/airflow/example_dags/example_latest_only_with_trigger.py took 2.051 seconds
[2022-09-01 14:01:39,535] {processor.py:153} INFO - Started process (PID=7791) to work on /home/airflow/.local/lib/python3.7/site-packages/airflow/example_dags/example_latest_only_with_trigger.py
[2022-09-01 14:01:39,554] {processor.py:641} INFO - Processing file /home/airflow/.local/lib/python3.7/site-packages/airflow/example_dags/example_latest_only_with_trigger.py for tasks to queue
[2022-09-01 14:01:39,581] {logging_mixin.py:115} INFO - [2022-09-01 14:01:39,565] {dagbag.py:508} INFO - Filling up the DagBag from /home/airflow/.local/lib/python3.7/site-packages/airflow/example_dags/example_latest_only_with_trigger.py
[2022-09-01 14:01:39,641] {processor.py:651} INFO - DAG(s) dict_keys(['latest_only_with_trigger']) retrieved from /home/airflow/.local/lib/python3.7/site-packages/airflow/example_dags/example_latest_only_with_trigger.py
[2022-09-01 14:01:40,064] {logging_mixin.py:115} INFO - [2022-09-01 14:01:40,064] {dag.py:2420} INFO - Sync 1 DAGs
[2022-09-01 14:01:40,449] {logging_mixin.py:115} INFO - [2022-09-01 14:01:40,434] {dag.py:2972} INFO - Setting next_dagrun for latest_only_with_trigger to 2022-09-01T10:01:40.433549+00:00, run_after=2022-09-01T14:01:40.433549+00:00
[2022-09-01 14:01:40,983] {processor.py:161} INFO - Processing /home/airflow/.local/lib/python3.7/site-packages/airflow/example_dags/example_latest_only_with_trigger.py took 1.483 seconds
[2022-09-01 14:02:11,278] {processor.py:153} INFO - Started process (PID=7845) to work on /home/airflow/.local/lib/python3.7/site-packages/airflow/example_dags/example_latest_only_with_trigger.py
[2022-09-01 14:02:11,289] {processor.py:641} INFO - Processing file /home/airflow/.local/lib/python3.7/site-packages/airflow/example_dags/example_latest_only_with_trigger.py for tasks to queue
[2022-09-01 14:02:11,300] {logging_mixin.py:115} INFO - [2022-09-01 14:02:11,300] {dagbag.py:508} INFO - Filling up the DagBag from /home/airflow/.local/lib/python3.7/site-packages/airflow/example_dags/example_latest_only_with_trigger.py
[2022-09-01 14:02:11,330] {processor.py:651} INFO - DAG(s) dict_keys(['latest_only_with_trigger']) retrieved from /home/airflow/.local/lib/python3.7/site-packages/airflow/example_dags/example_latest_only_with_trigger.py
[2022-09-01 14:02:11,485] {logging_mixin.py:115} INFO - [2022-09-01 14:02:11,485] {dag.py:2420} INFO - Sync 1 DAGs
[2022-09-01 14:02:11,866] {logging_mixin.py:115} INFO - [2022-09-01 14:02:11,866] {dag.py:2972} INFO - Setting next_dagrun for latest_only_with_trigger to 2022-09-01T10:02:11.864511+00:00, run_after=2022-09-01T14:02:11.864511+00:00
[2022-09-01 14:02:12,233] {processor.py:161} INFO - Processing /home/airflow/.local/lib/python3.7/site-packages/airflow/example_dags/example_latest_only_with_trigger.py took 0.974 seconds
