[2022-09-01 00:09:07,807] {processor.py:153} INFO - Started process (PID=7380) to work on /home/airflow/.local/lib/python3.7/site-packages/airflow/example_dags/example_task_group.py
[2022-09-01 00:09:07,823] {processor.py:641} INFO - Processing file /home/airflow/.local/lib/python3.7/site-packages/airflow/example_dags/example_task_group.py for tasks to queue
[2022-09-01 00:09:07,849] {logging_mixin.py:115} INFO - [2022-09-01 00:09:07,848] {dagbag.py:508} INFO - Filling up the DagBag from /home/airflow/.local/lib/python3.7/site-packages/airflow/example_dags/example_task_group.py
[2022-09-01 00:09:08,020] {processor.py:651} INFO - DAG(s) dict_keys(['example_task_group']) retrieved from /home/airflow/.local/lib/python3.7/site-packages/airflow/example_dags/example_task_group.py
[2022-09-01 00:09:08,835] {logging_mixin.py:115} INFO - [2022-09-01 00:09:08,834] {dag.py:2420} INFO - Sync 1 DAGs
[2022-09-01 00:09:09,334] {logging_mixin.py:115} INFO - [2022-09-01 00:09:09,334] {dag.py:2972} INFO - Setting next_dagrun for example_task_group to 2022-08-31T00:09:09.333799+00:00, run_after=2022-09-01T00:09:09.333799+00:00
[2022-09-01 00:09:09,662] {processor.py:161} INFO - Processing /home/airflow/.local/lib/python3.7/site-packages/airflow/example_dags/example_task_group.py took 1.924 seconds
[2022-09-01 00:27:24,202] {processor.py:153} INFO - Started process (PID=7420) to work on /home/airflow/.local/lib/python3.7/site-packages/airflow/example_dags/example_task_group.py
[2022-09-01 00:27:24,207] {processor.py:641} INFO - Processing file /home/airflow/.local/lib/python3.7/site-packages/airflow/example_dags/example_task_group.py for tasks to queue
[2022-09-01 00:27:24,213] {logging_mixin.py:115} INFO - [2022-09-01 00:27:24,213] {dagbag.py:508} INFO - Filling up the DagBag from /home/airflow/.local/lib/python3.7/site-packages/airflow/example_dags/example_task_group.py
[2022-09-01 00:27:24,276] {processor.py:651} INFO - DAG(s) dict_keys(['example_task_group']) retrieved from /home/airflow/.local/lib/python3.7/site-packages/airflow/example_dags/example_task_group.py
[2022-09-01 00:27:24,574] {logging_mixin.py:115} INFO - [2022-09-01 00:27:24,573] {dag.py:2420} INFO - Sync 1 DAGs
[2022-09-01 00:27:24,689] {logging_mixin.py:115} INFO - [2022-09-01 00:27:24,688] {dag.py:2972} INFO - Setting next_dagrun for example_task_group to 2022-08-31T00:27:24.688151+00:00, run_after=2022-09-01T00:27:24.688151+00:00
[2022-09-01 00:27:24,742] {processor.py:161} INFO - Processing /home/airflow/.local/lib/python3.7/site-packages/airflow/example_dags/example_task_group.py took 0.555 seconds
[2022-09-01 00:28:50,165] {processor.py:153} INFO - Started process (PID=7456) to work on /home/airflow/.local/lib/python3.7/site-packages/airflow/example_dags/example_task_group.py
[2022-09-01 00:28:50,168] {processor.py:641} INFO - Processing file /home/airflow/.local/lib/python3.7/site-packages/airflow/example_dags/example_task_group.py for tasks to queue
[2022-09-01 00:28:50,171] {logging_mixin.py:115} INFO - [2022-09-01 00:28:50,171] {dagbag.py:508} INFO - Filling up the DagBag from /home/airflow/.local/lib/python3.7/site-packages/airflow/example_dags/example_task_group.py
[2022-09-01 00:28:50,220] {processor.py:651} INFO - DAG(s) dict_keys(['example_task_group']) retrieved from /home/airflow/.local/lib/python3.7/site-packages/airflow/example_dags/example_task_group.py
[2022-09-01 00:28:50,335] {logging_mixin.py:115} INFO - [2022-09-01 00:28:50,335] {dag.py:2420} INFO - Sync 1 DAGs
[2022-09-01 00:28:50,434] {logging_mixin.py:115} INFO - [2022-09-01 00:28:50,434] {dag.py:2972} INFO - Setting next_dagrun for example_task_group to 2022-08-31T00:28:50.433927+00:00, run_after=2022-09-01T00:28:50.433927+00:00
[2022-09-01 00:28:50,496] {processor.py:161} INFO - Processing /home/airflow/.local/lib/python3.7/site-packages/airflow/example_dags/example_task_group.py took 0.355 seconds
[2022-09-01 01:07:19,914] {processor.py:153} INFO - Started process (PID=7499) to work on /home/airflow/.local/lib/python3.7/site-packages/airflow/example_dags/example_task_group.py
[2022-09-01 01:07:19,927] {processor.py:641} INFO - Processing file /home/airflow/.local/lib/python3.7/site-packages/airflow/example_dags/example_task_group.py for tasks to queue
[2022-09-01 01:07:19,943] {logging_mixin.py:115} INFO - [2022-09-01 01:07:19,943] {dagbag.py:508} INFO - Filling up the DagBag from /home/airflow/.local/lib/python3.7/site-packages/airflow/example_dags/example_task_group.py
[2022-09-01 01:07:20,224] {processor.py:651} INFO - DAG(s) dict_keys(['example_task_group']) retrieved from /home/airflow/.local/lib/python3.7/site-packages/airflow/example_dags/example_task_group.py
[2022-09-01 01:07:20,814] {logging_mixin.py:115} INFO - [2022-09-01 01:07:20,813] {dag.py:2420} INFO - Sync 1 DAGs
[2022-09-01 01:07:21,082] {logging_mixin.py:115} INFO - [2022-09-01 01:07:21,082] {dag.py:2972} INFO - Setting next_dagrun for example_task_group to 2022-08-31T01:07:21.081381+00:00, run_after=2022-09-01T01:07:21.081381+00:00
[2022-09-01 01:07:21,170] {processor.py:161} INFO - Processing /home/airflow/.local/lib/python3.7/site-packages/airflow/example_dags/example_task_group.py took 1.317 seconds
[2022-09-01 01:29:26,918] {processor.py:153} INFO - Started process (PID=7552) to work on /home/airflow/.local/lib/python3.7/site-packages/airflow/example_dags/example_task_group.py
[2022-09-01 01:29:26,936] {processor.py:641} INFO - Processing file /home/airflow/.local/lib/python3.7/site-packages/airflow/example_dags/example_task_group.py for tasks to queue
[2022-09-01 01:29:26,945] {logging_mixin.py:115} INFO - [2022-09-01 01:29:26,944] {dagbag.py:508} INFO - Filling up the DagBag from /home/airflow/.local/lib/python3.7/site-packages/airflow/example_dags/example_task_group.py
[2022-09-01 01:29:27,027] {processor.py:651} INFO - DAG(s) dict_keys(['example_task_group']) retrieved from /home/airflow/.local/lib/python3.7/site-packages/airflow/example_dags/example_task_group.py
[2022-09-01 01:29:27,257] {logging_mixin.py:115} INFO - [2022-09-01 01:29:27,257] {dag.py:2420} INFO - Sync 1 DAGs
[2022-09-01 01:29:27,606] {logging_mixin.py:115} INFO - [2022-09-01 01:29:27,606] {dag.py:2972} INFO - Setting next_dagrun for example_task_group to 2022-08-31T01:29:27.600055+00:00, run_after=2022-09-01T01:29:27.600055+00:00
[2022-09-01 01:29:27,777] {processor.py:161} INFO - Processing /home/airflow/.local/lib/python3.7/site-packages/airflow/example_dags/example_task_group.py took 0.878 seconds
[2022-09-01 08:42:02,168] {processor.py:153} INFO - Started process (PID=7639) to work on /home/airflow/.local/lib/python3.7/site-packages/airflow/example_dags/example_task_group.py
[2022-09-01 08:42:02,203] {processor.py:641} INFO - Processing file /home/airflow/.local/lib/python3.7/site-packages/airflow/example_dags/example_task_group.py for tasks to queue
[2022-09-01 08:42:02,224] {logging_mixin.py:115} INFO - [2022-09-01 08:42:02,224] {dagbag.py:508} INFO - Filling up the DagBag from /home/airflow/.local/lib/python3.7/site-packages/airflow/example_dags/example_task_group.py
[2022-09-01 08:42:02,338] {processor.py:651} INFO - DAG(s) dict_keys(['example_task_group']) retrieved from /home/airflow/.local/lib/python3.7/site-packages/airflow/example_dags/example_task_group.py
[2022-09-01 08:42:02,882] {logging_mixin.py:115} INFO - [2022-09-01 08:42:02,881] {dag.py:2420} INFO - Sync 1 DAGs
[2022-09-01 08:42:03,361] {logging_mixin.py:115} INFO - [2022-09-01 08:42:03,361] {dag.py:2972} INFO - Setting next_dagrun for example_task_group to 2022-08-31T08:42:03.346476+00:00, run_after=2022-09-01T08:42:03.346476+00:00
[2022-09-01 08:42:03,554] {processor.py:161} INFO - Processing /home/airflow/.local/lib/python3.7/site-packages/airflow/example_dags/example_task_group.py took 1.402 seconds
[2022-09-01 12:37:08,213] {processor.py:153} INFO - Started process (PID=7717) to work on /home/airflow/.local/lib/python3.7/site-packages/airflow/example_dags/example_task_group.py
[2022-09-01 12:37:08,217] {processor.py:641} INFO - Processing file /home/airflow/.local/lib/python3.7/site-packages/airflow/example_dags/example_task_group.py for tasks to queue
[2022-09-01 12:37:08,232] {logging_mixin.py:115} INFO - [2022-09-01 12:37:08,230] {dagbag.py:508} INFO - Filling up the DagBag from /home/airflow/.local/lib/python3.7/site-packages/airflow/example_dags/example_task_group.py
[2022-09-01 12:37:08,270] {processor.py:651} INFO - DAG(s) dict_keys(['example_task_group']) retrieved from /home/airflow/.local/lib/python3.7/site-packages/airflow/example_dags/example_task_group.py
[2022-09-01 12:37:08,363] {logging_mixin.py:115} INFO - [2022-09-01 12:37:08,363] {dag.py:2420} INFO - Sync 1 DAGs
[2022-09-01 12:37:08,468] {logging_mixin.py:115} INFO - [2022-09-01 12:37:08,468] {dag.py:2972} INFO - Setting next_dagrun for example_task_group to 2022-08-31T12:37:08.467241+00:00, run_after=2022-09-01T12:37:08.467241+00:00
[2022-09-01 12:37:08,538] {processor.py:161} INFO - Processing /home/airflow/.local/lib/python3.7/site-packages/airflow/example_dags/example_task_group.py took 0.345 seconds
[2022-09-01 14:01:08,779] {processor.py:153} INFO - Started process (PID=7767) to work on /home/airflow/.local/lib/python3.7/site-packages/airflow/example_dags/example_task_group.py
[2022-09-01 14:01:08,784] {processor.py:641} INFO - Processing file /home/airflow/.local/lib/python3.7/site-packages/airflow/example_dags/example_task_group.py for tasks to queue
[2022-09-01 14:01:08,862] {logging_mixin.py:115} INFO - [2022-09-01 14:01:08,860] {dagbag.py:508} INFO - Filling up the DagBag from /home/airflow/.local/lib/python3.7/site-packages/airflow/example_dags/example_task_group.py
[2022-09-01 14:01:08,972] {processor.py:651} INFO - DAG(s) dict_keys(['example_task_group']) retrieved from /home/airflow/.local/lib/python3.7/site-packages/airflow/example_dags/example_task_group.py
[2022-09-01 14:01:09,556] {logging_mixin.py:115} INFO - [2022-09-01 14:01:09,555] {dag.py:2420} INFO - Sync 1 DAGs
[2022-09-01 14:01:09,940] {logging_mixin.py:115} INFO - [2022-09-01 14:01:09,940] {dag.py:2972} INFO - Setting next_dagrun for example_task_group to 2022-08-31T14:01:09.938714+00:00, run_after=2022-09-01T14:01:09.938714+00:00
[2022-09-01 14:01:10,363] {processor.py:161} INFO - Processing /home/airflow/.local/lib/python3.7/site-packages/airflow/example_dags/example_task_group.py took 1.622 seconds
[2022-09-01 14:02:03,101] {processor.py:153} INFO - Started process (PID=7830) to work on /home/airflow/.local/lib/python3.7/site-packages/airflow/example_dags/example_task_group.py
[2022-09-01 14:02:03,104] {processor.py:641} INFO - Processing file /home/airflow/.local/lib/python3.7/site-packages/airflow/example_dags/example_task_group.py for tasks to queue
[2022-09-01 14:02:03,108] {logging_mixin.py:115} INFO - [2022-09-01 14:02:03,108] {dagbag.py:508} INFO - Filling up the DagBag from /home/airflow/.local/lib/python3.7/site-packages/airflow/example_dags/example_task_group.py
[2022-09-01 14:02:03,178] {processor.py:651} INFO - DAG(s) dict_keys(['example_task_group']) retrieved from /home/airflow/.local/lib/python3.7/site-packages/airflow/example_dags/example_task_group.py
[2022-09-01 14:02:03,404] {logging_mixin.py:115} INFO - [2022-09-01 14:02:03,404] {dag.py:2420} INFO - Sync 1 DAGs
[2022-09-01 14:02:03,555] {logging_mixin.py:115} INFO - [2022-09-01 14:02:03,555] {dag.py:2972} INFO - Setting next_dagrun for example_task_group to 2022-08-31T14:02:03.554119+00:00, run_after=2022-09-01T14:02:03.554119+00:00
[2022-09-01 14:02:03,837] {processor.py:161} INFO - Processing /home/airflow/.local/lib/python3.7/site-packages/airflow/example_dags/example_task_group.py took 0.788 seconds
