[2022-09-01 00:28:37,607] {processor.py:153} INFO - Started process (PID=7428) to work on /home/airflow/.local/lib/python3.7/site-packages/airflow/example_dags/example_kubernetes_executor.py
[2022-09-01 00:28:37,624] {processor.py:641} INFO - Processing file /home/airflow/.local/lib/python3.7/site-packages/airflow/example_dags/example_kubernetes_executor.py for tasks to queue
[2022-09-01 00:28:37,647] {logging_mixin.py:115} INFO - [2022-09-01 00:28:37,646] {dagbag.py:508} INFO - Filling up the DagBag from /home/airflow/.local/lib/python3.7/site-packages/airflow/example_dags/example_kubernetes_executor.py
[2022-09-01 00:28:37,895] {processor.py:651} INFO - DAG(s) dict_keys(['example_kubernetes_executor']) retrieved from /home/airflow/.local/lib/python3.7/site-packages/airflow/example_dags/example_kubernetes_executor.py
[2022-09-01 00:28:38,425] {logging_mixin.py:115} INFO - [2022-09-01 00:28:38,425] {dag.py:2420} INFO - Sync 1 DAGs
[2022-09-01 00:28:38,830] {logging_mixin.py:115} INFO - [2022-09-01 00:28:38,829] {dag.py:2972} INFO - Setting next_dagrun for example_kubernetes_executor to None, run_after=None
[2022-09-01 00:28:38,926] {processor.py:161} INFO - Processing /home/airflow/.local/lib/python3.7/site-packages/airflow/example_dags/example_kubernetes_executor.py took 1.375 seconds
[2022-09-01 01:28:34,200] {processor.py:153} INFO - Started process (PID=7509) to work on /home/airflow/.local/lib/python3.7/site-packages/airflow/example_dags/example_kubernetes_executor.py
[2022-09-01 01:28:34,215] {processor.py:641} INFO - Processing file /home/airflow/.local/lib/python3.7/site-packages/airflow/example_dags/example_kubernetes_executor.py for tasks to queue
[2022-09-01 01:28:34,222] {logging_mixin.py:115} INFO - [2022-09-01 01:28:34,222] {dagbag.py:508} INFO - Filling up the DagBag from /home/airflow/.local/lib/python3.7/site-packages/airflow/example_dags/example_kubernetes_executor.py
[2022-09-01 01:28:34,564] {processor.py:651} INFO - DAG(s) dict_keys(['example_kubernetes_executor']) retrieved from /home/airflow/.local/lib/python3.7/site-packages/airflow/example_dags/example_kubernetes_executor.py
[2022-09-01 01:28:34,722] {logging_mixin.py:115} INFO - [2022-09-01 01:28:34,722] {dag.py:2420} INFO - Sync 1 DAGs
[2022-09-01 01:28:34,821] {logging_mixin.py:115} INFO - [2022-09-01 01:28:34,821] {dag.py:2972} INFO - Setting next_dagrun for example_kubernetes_executor to None, run_after=None
[2022-09-01 01:28:35,604] {processor.py:161} INFO - Processing /home/airflow/.local/lib/python3.7/site-packages/airflow/example_dags/example_kubernetes_executor.py took 1.412 seconds
[2022-09-01 09:36:19,332] {processor.py:153} INFO - Started process (PID=7666) to work on /home/airflow/.local/lib/python3.7/site-packages/airflow/example_dags/example_kubernetes_executor.py
[2022-09-01 09:36:19,358] {processor.py:641} INFO - Processing file /home/airflow/.local/lib/python3.7/site-packages/airflow/example_dags/example_kubernetes_executor.py for tasks to queue
[2022-09-01 09:36:19,366] {logging_mixin.py:115} INFO - [2022-09-01 09:36:19,366] {dagbag.py:508} INFO - Filling up the DagBag from /home/airflow/.local/lib/python3.7/site-packages/airflow/example_dags/example_kubernetes_executor.py
[2022-09-01 09:36:20,358] {processor.py:651} INFO - DAG(s) dict_keys(['example_kubernetes_executor']) retrieved from /home/airflow/.local/lib/python3.7/site-packages/airflow/example_dags/example_kubernetes_executor.py
[2022-09-01 09:36:22,468] {logging_mixin.py:115} INFO - [2022-09-01 09:36:22,467] {dag.py:2420} INFO - Sync 1 DAGs
[2022-09-01 11:24:13,863] {logging_mixin.py:115} INFO - [2022-09-01 11:24:13,843] {dag.py:2972} INFO - Setting next_dagrun for example_kubernetes_executor to None, run_after=None
[2022-09-01 11:24:14,752] {processor.py:161} INFO - Processing /home/airflow/.local/lib/python3.7/site-packages/airflow/example_dags/example_kubernetes_executor.py took 15.383 seconds
[2022-09-01 13:59:03,776] {processor.py:153} INFO - Started process (PID=7742) to work on /home/airflow/.local/lib/python3.7/site-packages/airflow/example_dags/example_kubernetes_executor.py
[2022-09-01 13:59:03,801] {processor.py:641} INFO - Processing file /home/airflow/.local/lib/python3.7/site-packages/airflow/example_dags/example_kubernetes_executor.py for tasks to queue
[2022-09-01 13:59:03,814] {logging_mixin.py:115} INFO - [2022-09-01 13:59:03,814] {dagbag.py:508} INFO - Filling up the DagBag from /home/airflow/.local/lib/python3.7/site-packages/airflow/example_dags/example_kubernetes_executor.py
[2022-09-01 13:59:05,901] {processor.py:651} INFO - DAG(s) dict_keys(['example_kubernetes_executor']) retrieved from /home/airflow/.local/lib/python3.7/site-packages/airflow/example_dags/example_kubernetes_executor.py
[2022-09-01 13:59:06,831] {logging_mixin.py:115} INFO - [2022-09-01 13:59:06,830] {dag.py:2420} INFO - Sync 1 DAGs
[2022-09-01 13:59:07,621] {logging_mixin.py:115} INFO - [2022-09-01 13:59:07,621] {dag.py:2972} INFO - Setting next_dagrun for example_kubernetes_executor to None, run_after=None
[2022-09-01 13:59:07,872] {processor.py:161} INFO - Processing /home/airflow/.local/lib/python3.7/site-packages/airflow/example_dags/example_kubernetes_executor.py took 4.233 seconds
[2022-09-01 14:01:47,207] {processor.py:153} INFO - Started process (PID=7807) to work on /home/airflow/.local/lib/python3.7/site-packages/airflow/example_dags/example_kubernetes_executor.py
[2022-09-01 14:01:47,213] {processor.py:641} INFO - Processing file /home/airflow/.local/lib/python3.7/site-packages/airflow/example_dags/example_kubernetes_executor.py for tasks to queue
[2022-09-01 14:01:47,224] {logging_mixin.py:115} INFO - [2022-09-01 14:01:47,219] {dagbag.py:508} INFO - Filling up the DagBag from /home/airflow/.local/lib/python3.7/site-packages/airflow/example_dags/example_kubernetes_executor.py
[2022-09-01 14:01:48,027] {processor.py:651} INFO - DAG(s) dict_keys(['example_kubernetes_executor']) retrieved from /home/airflow/.local/lib/python3.7/site-packages/airflow/example_dags/example_kubernetes_executor.py
[2022-09-01 14:01:48,684] {logging_mixin.py:115} INFO - [2022-09-01 14:01:48,683] {dag.py:2420} INFO - Sync 1 DAGs
[2022-09-01 14:01:49,430] {logging_mixin.py:115} INFO - [2022-09-01 14:01:49,429] {dag.py:2972} INFO - Setting next_dagrun for example_kubernetes_executor to None, run_after=None
[2022-09-01 14:01:50,278] {processor.py:161} INFO - Processing /home/airflow/.local/lib/python3.7/site-packages/airflow/example_dags/example_kubernetes_executor.py took 3.182 seconds
[2022-09-01 14:02:21,530] {processor.py:153} INFO - Started process (PID=7863) to work on /home/airflow/.local/lib/python3.7/site-packages/airflow/example_dags/example_kubernetes_executor.py
[2022-09-01 14:02:21,534] {processor.py:641} INFO - Processing file /home/airflow/.local/lib/python3.7/site-packages/airflow/example_dags/example_kubernetes_executor.py for tasks to queue
[2022-09-01 14:02:21,537] {logging_mixin.py:115} INFO - [2022-09-01 14:02:21,537] {dagbag.py:508} INFO - Filling up the DagBag from /home/airflow/.local/lib/python3.7/site-packages/airflow/example_dags/example_kubernetes_executor.py
[2022-09-01 14:02:21,643] {processor.py:651} INFO - DAG(s) dict_keys(['example_kubernetes_executor']) retrieved from /home/airflow/.local/lib/python3.7/site-packages/airflow/example_dags/example_kubernetes_executor.py
[2022-09-01 14:02:21,766] {logging_mixin.py:115} INFO - [2022-09-01 14:02:21,766] {dag.py:2420} INFO - Sync 1 DAGs
[2022-09-01 14:02:21,878] {logging_mixin.py:115} INFO - [2022-09-01 14:02:21,878] {dag.py:2972} INFO - Setting next_dagrun for example_kubernetes_executor to None, run_after=None
[2022-09-01 14:02:21,972] {processor.py:161} INFO - Processing /home/airflow/.local/lib/python3.7/site-packages/airflow/example_dags/example_kubernetes_executor.py took 0.455 seconds
