[2022-09-01 00:27:19,169] {processor.py:153} INFO - Started process (PID=7403) to work on /home/airflow/.local/lib/python3.7/site-packages/airflow/example_dags/example_branch_python_dop_operator_3.py
[2022-09-01 00:27:19,181] {processor.py:641} INFO - Processing file /home/airflow/.local/lib/python3.7/site-packages/airflow/example_dags/example_branch_python_dop_operator_3.py for tasks to queue
[2022-09-01 00:27:19,183] {logging_mixin.py:115} INFO - [2022-09-01 00:27:19,183] {dagbag.py:508} INFO - Filling up the DagBag from /home/airflow/.local/lib/python3.7/site-packages/airflow/example_dags/example_branch_python_dop_operator_3.py
[2022-09-01 00:27:19,219] {processor.py:651} INFO - DAG(s) dict_keys(['example_branch_dop_operator_v3']) retrieved from /home/airflow/.local/lib/python3.7/site-packages/airflow/example_dags/example_branch_python_dop_operator_3.py
[2022-09-01 00:27:19,366] {logging_mixin.py:115} INFO - [2022-09-01 00:27:19,366] {dag.py:2420} INFO - Sync 1 DAGs
[2022-09-01 00:27:19,507] {logging_mixin.py:115} INFO - [2022-09-01 00:27:19,507] {dag.py:2972} INFO - Setting next_dagrun for example_branch_dop_operator_v3 to 2022-09-01T00:26:00+00:00, run_after=2022-09-01T00:27:00+00:00
[2022-09-01 00:27:19,566] {processor.py:161} INFO - Processing /home/airflow/.local/lib/python3.7/site-packages/airflow/example_dags/example_branch_python_dop_operator_3.py took 0.406 seconds
[2022-09-01 00:35:34,508] {processor.py:153} INFO - Started process (PID=7465) to work on /home/airflow/.local/lib/python3.7/site-packages/airflow/example_dags/example_branch_python_dop_operator_3.py
[2022-09-01 00:35:34,511] {processor.py:641} INFO - Processing file /home/airflow/.local/lib/python3.7/site-packages/airflow/example_dags/example_branch_python_dop_operator_3.py for tasks to queue
[2022-09-01 00:35:34,562] {logging_mixin.py:115} INFO - [2022-09-01 00:35:34,562] {dagbag.py:508} INFO - Filling up the DagBag from /home/airflow/.local/lib/python3.7/site-packages/airflow/example_dags/example_branch_python_dop_operator_3.py
[2022-09-01 00:35:34,610] {processor.py:651} INFO - DAG(s) dict_keys(['example_branch_dop_operator_v3']) retrieved from /home/airflow/.local/lib/python3.7/site-packages/airflow/example_dags/example_branch_python_dop_operator_3.py
[2022-09-01 00:35:34,710] {logging_mixin.py:115} INFO - [2022-09-01 00:35:34,710] {dag.py:2420} INFO - Sync 1 DAGs
[2022-09-01 00:35:34,796] {logging_mixin.py:115} INFO - [2022-09-01 00:35:34,796] {dag.py:2972} INFO - Setting next_dagrun for example_branch_dop_operator_v3 to 2022-09-01T00:34:00+00:00, run_after=2022-09-01T00:35:00+00:00
[2022-09-01 00:35:34,854] {processor.py:161} INFO - Processing /home/airflow/.local/lib/python3.7/site-packages/airflow/example_dags/example_branch_python_dop_operator_3.py took 0.361 seconds
[2022-09-01 04:11:28,050] {processor.py:153} INFO - Started process (PID=7583) to work on /home/airflow/.local/lib/python3.7/site-packages/airflow/example_dags/example_branch_python_dop_operator_3.py
[2022-09-01 04:11:28,059] {processor.py:641} INFO - Processing file /home/airflow/.local/lib/python3.7/site-packages/airflow/example_dags/example_branch_python_dop_operator_3.py for tasks to queue
[2022-09-01 04:11:28,066] {logging_mixin.py:115} INFO - [2022-09-01 04:11:28,065] {dagbag.py:508} INFO - Filling up the DagBag from /home/airflow/.local/lib/python3.7/site-packages/airflow/example_dags/example_branch_python_dop_operator_3.py
[2022-09-01 04:11:28,257] {processor.py:651} INFO - DAG(s) dict_keys(['example_branch_dop_operator_v3']) retrieved from /home/airflow/.local/lib/python3.7/site-packages/airflow/example_dags/example_branch_python_dop_operator_3.py
[2022-09-01 04:11:28,759] {logging_mixin.py:115} INFO - [2022-09-01 04:11:28,758] {dag.py:2420} INFO - Sync 1 DAGs
[2022-09-01 04:11:29,192] {logging_mixin.py:115} INFO - [2022-09-01 04:11:29,192] {dag.py:2972} INFO - Setting next_dagrun for example_branch_dop_operator_v3 to 2022-09-01T04:10:00+00:00, run_after=2022-09-01T04:11:00+00:00
[2022-09-01 04:11:29,443] {processor.py:161} INFO - Processing /home/airflow/.local/lib/python3.7/site-packages/airflow/example_dags/example_branch_python_dop_operator_3.py took 1.445 seconds
[2022-09-01 13:59:15,638] {processor.py:153} INFO - Started process (PID=7750) to work on /home/airflow/.local/lib/python3.7/site-packages/airflow/example_dags/example_branch_python_dop_operator_3.py
[2022-09-01 13:59:15,658] {processor.py:641} INFO - Processing file /home/airflow/.local/lib/python3.7/site-packages/airflow/example_dags/example_branch_python_dop_operator_3.py for tasks to queue
[2022-09-01 13:59:15,668] {logging_mixin.py:115} INFO - [2022-09-01 13:59:15,667] {dagbag.py:508} INFO - Filling up the DagBag from /home/airflow/.local/lib/python3.7/site-packages/airflow/example_dags/example_branch_python_dop_operator_3.py
[2022-09-01 13:59:15,845] {processor.py:651} INFO - DAG(s) dict_keys(['example_branch_dop_operator_v3']) retrieved from /home/airflow/.local/lib/python3.7/site-packages/airflow/example_dags/example_branch_python_dop_operator_3.py
[2022-09-01 13:59:16,579] {logging_mixin.py:115} INFO - [2022-09-01 13:59:16,579] {dag.py:2420} INFO - Sync 1 DAGs
[2022-09-01 13:59:17,140] {logging_mixin.py:115} INFO - [2022-09-01 13:59:17,139] {dag.py:2972} INFO - Setting next_dagrun for example_branch_dop_operator_v3 to 2022-09-01T13:58:00+00:00, run_after=2022-09-01T13:59:00+00:00
[2022-09-01 13:59:17,282] {processor.py:161} INFO - Processing /home/airflow/.local/lib/python3.7/site-packages/airflow/example_dags/example_branch_python_dop_operator_3.py took 1.790 seconds
[2022-09-01 14:01:55,277] {processor.py:153} INFO - Started process (PID=7814) to work on /home/airflow/.local/lib/python3.7/site-packages/airflow/example_dags/example_branch_python_dop_operator_3.py
[2022-09-01 14:01:55,307] {processor.py:641} INFO - Processing file /home/airflow/.local/lib/python3.7/site-packages/airflow/example_dags/example_branch_python_dop_operator_3.py for tasks to queue
[2022-09-01 14:01:55,326] {logging_mixin.py:115} INFO - [2022-09-01 14:01:55,326] {dagbag.py:508} INFO - Filling up the DagBag from /home/airflow/.local/lib/python3.7/site-packages/airflow/example_dags/example_branch_python_dop_operator_3.py
[2022-09-01 14:01:55,733] {processor.py:651} INFO - DAG(s) dict_keys(['example_branch_dop_operator_v3']) retrieved from /home/airflow/.local/lib/python3.7/site-packages/airflow/example_dags/example_branch_python_dop_operator_3.py
[2022-09-01 14:01:56,362] {logging_mixin.py:115} INFO - [2022-09-01 14:01:56,362] {dag.py:2420} INFO - Sync 1 DAGs
[2022-09-01 14:01:56,864] {logging_mixin.py:115} INFO - [2022-09-01 14:01:56,864] {dag.py:2972} INFO - Setting next_dagrun for example_branch_dop_operator_v3 to 2022-09-01T14:00:00+00:00, run_after=2022-09-01T14:01:00+00:00
[2022-09-01 14:01:57,006] {processor.py:161} INFO - Processing /home/airflow/.local/lib/python3.7/site-packages/airflow/example_dags/example_branch_python_dop_operator_3.py took 1.814 seconds
[2022-09-01 14:02:27,836] {processor.py:153} INFO - Started process (PID=7870) to work on /home/airflow/.local/lib/python3.7/site-packages/airflow/example_dags/example_branch_python_dop_operator_3.py
[2022-09-01 14:02:27,851] {processor.py:641} INFO - Processing file /home/airflow/.local/lib/python3.7/site-packages/airflow/example_dags/example_branch_python_dop_operator_3.py for tasks to queue
[2022-09-01 14:02:27,879] {logging_mixin.py:115} INFO - [2022-09-01 14:02:27,879] {dagbag.py:508} INFO - Filling up the DagBag from /home/airflow/.local/lib/python3.7/site-packages/airflow/example_dags/example_branch_python_dop_operator_3.py
[2022-09-01 14:02:28,020] {processor.py:651} INFO - DAG(s) dict_keys(['example_branch_dop_operator_v3']) retrieved from /home/airflow/.local/lib/python3.7/site-packages/airflow/example_dags/example_branch_python_dop_operator_3.py
[2022-09-01 14:02:28,283] {logging_mixin.py:115} INFO - [2022-09-01 14:02:28,282] {dag.py:2420} INFO - Sync 1 DAGs
