[2022-09-01 00:27:21,222] {processor.py:153} INFO - Started process (PID=7413) to work on /home/airflow/.local/lib/python3.7/site-packages/airflow/example_dags/example_branch_datetime_operator.py
[2022-09-01 00:27:21,229] {processor.py:641} INFO - Processing file /home/airflow/.local/lib/python3.7/site-packages/airflow/example_dags/example_branch_datetime_operator.py for tasks to queue
[2022-09-01 00:27:21,241] {logging_mixin.py:115} INFO - [2022-09-01 00:27:21,238] {dagbag.py:508} INFO - Filling up the DagBag from /home/airflow/.local/lib/python3.7/site-packages/airflow/example_dags/example_branch_datetime_operator.py
[2022-09-01 00:27:21,287] {processor.py:651} INFO - DAG(s) dict_keys(['example_branch_datetime_operator', 'example_branch_datetime_operator_2']) retrieved from /home/airflow/.local/lib/python3.7/site-packages/airflow/example_dags/example_branch_datetime_operator.py
[2022-09-01 00:27:21,432] {logging_mixin.py:115} INFO - [2022-09-01 00:27:21,432] {dag.py:2420} INFO - Sync 2 DAGs
[2022-09-01 00:27:21,551] {logging_mixin.py:115} INFO - [2022-09-01 00:27:21,551] {dag.py:2972} INFO - Setting next_dagrun for example_branch_datetime_operator to 2022-08-31T00:00:00+00:00, run_after=2022-09-01T00:00:00+00:00
[2022-09-01 00:27:21,557] {logging_mixin.py:115} INFO - [2022-09-01 00:27:21,556] {dag.py:2972} INFO - Setting next_dagrun for example_branch_datetime_operator_2 to 2022-08-31T00:00:00+00:00, run_after=2022-09-01T00:00:00+00:00
[2022-09-01 00:27:21,610] {processor.py:161} INFO - Processing /home/airflow/.local/lib/python3.7/site-packages/airflow/example_dags/example_branch_datetime_operator.py took 0.403 seconds
[2022-09-01 00:28:47,280] {processor.py:153} INFO - Started process (PID=7449) to work on /home/airflow/.local/lib/python3.7/site-packages/airflow/example_dags/example_branch_datetime_operator.py
[2022-09-01 00:28:47,283] {processor.py:641} INFO - Processing file /home/airflow/.local/lib/python3.7/site-packages/airflow/example_dags/example_branch_datetime_operator.py for tasks to queue
[2022-09-01 00:28:47,288] {logging_mixin.py:115} INFO - [2022-09-01 00:28:47,287] {dagbag.py:508} INFO - Filling up the DagBag from /home/airflow/.local/lib/python3.7/site-packages/airflow/example_dags/example_branch_datetime_operator.py
[2022-09-01 00:28:47,337] {processor.py:651} INFO - DAG(s) dict_keys(['example_branch_datetime_operator', 'example_branch_datetime_operator_2']) retrieved from /home/airflow/.local/lib/python3.7/site-packages/airflow/example_dags/example_branch_datetime_operator.py
[2022-09-01 00:28:47,484] {logging_mixin.py:115} INFO - [2022-09-01 00:28:47,484] {dag.py:2420} INFO - Sync 2 DAGs
[2022-09-01 00:28:47,629] {logging_mixin.py:115} INFO - [2022-09-01 00:28:47,629] {dag.py:2972} INFO - Setting next_dagrun for example_branch_datetime_operator to 2022-08-31T00:00:00+00:00, run_after=2022-09-01T00:00:00+00:00
[2022-09-01 00:28:47,644] {logging_mixin.py:115} INFO - [2022-09-01 00:28:47,644] {dag.py:2972} INFO - Setting next_dagrun for example_branch_datetime_operator_2 to 2022-08-31T00:00:00+00:00, run_after=2022-09-01T00:00:00+00:00
[2022-09-01 00:28:47,721] {processor.py:161} INFO - Processing /home/airflow/.local/lib/python3.7/site-packages/airflow/example_dags/example_branch_datetime_operator.py took 0.462 seconds
[2022-09-01 01:07:15,374] {processor.py:153} INFO - Started process (PID=7485) to work on /home/airflow/.local/lib/python3.7/site-packages/airflow/example_dags/example_branch_datetime_operator.py
[2022-09-01 01:07:15,391] {processor.py:641} INFO - Processing file /home/airflow/.local/lib/python3.7/site-packages/airflow/example_dags/example_branch_datetime_operator.py for tasks to queue
[2022-09-01 01:07:15,398] {logging_mixin.py:115} INFO - [2022-09-01 01:07:15,395] {dagbag.py:508} INFO - Filling up the DagBag from /home/airflow/.local/lib/python3.7/site-packages/airflow/example_dags/example_branch_datetime_operator.py
[2022-09-01 01:07:15,479] {processor.py:651} INFO - DAG(s) dict_keys(['example_branch_datetime_operator', 'example_branch_datetime_operator_2']) retrieved from /home/airflow/.local/lib/python3.7/site-packages/airflow/example_dags/example_branch_datetime_operator.py
[2022-09-01 01:07:15,836] {logging_mixin.py:115} INFO - [2022-09-01 01:07:15,836] {dag.py:2420} INFO - Sync 2 DAGs
[2022-09-01 01:07:16,122] {logging_mixin.py:115} INFO - [2022-09-01 01:07:16,121] {dag.py:2972} INFO - Setting next_dagrun for example_branch_datetime_operator to 2022-08-31T00:00:00+00:00, run_after=2022-09-01T00:00:00+00:00
[2022-09-01 01:07:16,146] {logging_mixin.py:115} INFO - [2022-09-01 01:07:16,145] {dag.py:2972} INFO - Setting next_dagrun for example_branch_datetime_operator_2 to 2022-08-31T00:00:00+00:00, run_after=2022-09-01T00:00:00+00:00
[2022-09-01 01:07:16,273] {processor.py:161} INFO - Processing /home/airflow/.local/lib/python3.7/site-packages/airflow/example_dags/example_branch_datetime_operator.py took 1.072 seconds
[2022-09-01 01:29:01,036] {processor.py:153} INFO - Started process (PID=7535) to work on /home/airflow/.local/lib/python3.7/site-packages/airflow/example_dags/example_branch_datetime_operator.py
[2022-09-01 01:29:01,043] {processor.py:641} INFO - Processing file /home/airflow/.local/lib/python3.7/site-packages/airflow/example_dags/example_branch_datetime_operator.py for tasks to queue
[2022-09-01 01:29:01,055] {logging_mixin.py:115} INFO - [2022-09-01 01:29:01,050] {dagbag.py:508} INFO - Filling up the DagBag from /home/airflow/.local/lib/python3.7/site-packages/airflow/example_dags/example_branch_datetime_operator.py
[2022-09-01 01:29:01,144] {processor.py:651} INFO - DAG(s) dict_keys(['example_branch_datetime_operator', 'example_branch_datetime_operator_2']) retrieved from /home/airflow/.local/lib/python3.7/site-packages/airflow/example_dags/example_branch_datetime_operator.py
[2022-09-01 01:29:01,474] {logging_mixin.py:115} INFO - [2022-09-01 01:29:01,473] {dag.py:2420} INFO - Sync 2 DAGs
[2022-09-01 01:29:17,646] {logging_mixin.py:115} INFO - [2022-09-01 01:29:17,374] {dag.py:2972} INFO - Setting next_dagrun for example_branch_datetime_operator to 2022-08-31T00:00:00+00:00, run_after=2022-09-01T00:00:00+00:00
[2022-09-01 01:29:17,846] {logging_mixin.py:115} INFO - [2022-09-01 01:29:17,783] {dag.py:2972} INFO - Setting next_dagrun for example_branch_datetime_operator_2 to 2022-08-31T00:00:00+00:00, run_after=2022-09-01T00:00:00+00:00
[2022-09-01 01:29:18,815] {processor.py:161} INFO - Processing /home/airflow/.local/lib/python3.7/site-packages/airflow/example_dags/example_branch_datetime_operator.py took 17.808 seconds
[2022-09-01 06:53:41,757] {processor.py:153} INFO - Started process (PID=7609) to work on /home/airflow/.local/lib/python3.7/site-packages/airflow/example_dags/example_branch_datetime_operator.py
[2022-09-01 06:53:41,768] {processor.py:641} INFO - Processing file /home/airflow/.local/lib/python3.7/site-packages/airflow/example_dags/example_branch_datetime_operator.py for tasks to queue
[2022-09-01 06:53:41,842] {logging_mixin.py:115} INFO - [2022-09-01 06:53:41,842] {dagbag.py:508} INFO - Filling up the DagBag from /home/airflow/.local/lib/python3.7/site-packages/airflow/example_dags/example_branch_datetime_operator.py
[2022-09-01 06:53:42,332] {processor.py:651} INFO - DAG(s) dict_keys(['example_branch_datetime_operator', 'example_branch_datetime_operator_2']) retrieved from /home/airflow/.local/lib/python3.7/site-packages/airflow/example_dags/example_branch_datetime_operator.py
[2022-09-01 06:53:42,930] {logging_mixin.py:115} INFO - [2022-09-01 06:53:42,929] {dag.py:2420} INFO - Sync 2 DAGs
[2022-09-01 06:53:43,773] {logging_mixin.py:115} INFO - [2022-09-01 06:53:43,772] {dag.py:2972} INFO - Setting next_dagrun for example_branch_datetime_operator to 2022-08-31T00:00:00+00:00, run_after=2022-09-01T00:00:00+00:00
[2022-09-01 06:53:43,790] {logging_mixin.py:115} INFO - [2022-09-01 06:53:43,789] {dag.py:2972} INFO - Setting next_dagrun for example_branch_datetime_operator_2 to 2022-08-31T00:00:00+00:00, run_after=2022-09-01T00:00:00+00:00
[2022-09-01 06:53:43,995] {processor.py:161} INFO - Processing /home/airflow/.local/lib/python3.7/site-packages/airflow/example_dags/example_branch_datetime_operator.py took 2.357 seconds
[2022-09-01 12:37:04,682] {processor.py:153} INFO - Started process (PID=7708) to work on /home/airflow/.local/lib/python3.7/site-packages/airflow/example_dags/example_branch_datetime_operator.py
[2022-09-01 12:37:04,685] {processor.py:641} INFO - Processing file /home/airflow/.local/lib/python3.7/site-packages/airflow/example_dags/example_branch_datetime_operator.py for tasks to queue
[2022-09-01 12:37:04,700] {logging_mixin.py:115} INFO - [2022-09-01 12:37:04,700] {dagbag.py:508} INFO - Filling up the DagBag from /home/airflow/.local/lib/python3.7/site-packages/airflow/example_dags/example_branch_datetime_operator.py
[2022-09-01 12:37:04,872] {processor.py:651} INFO - DAG(s) dict_keys(['example_branch_datetime_operator', 'example_branch_datetime_operator_2']) retrieved from /home/airflow/.local/lib/python3.7/site-packages/airflow/example_dags/example_branch_datetime_operator.py
[2022-09-01 12:37:05,068] {logging_mixin.py:115} INFO - [2022-09-01 12:37:05,067] {dag.py:2420} INFO - Sync 2 DAGs
[2022-09-01 12:37:05,266] {logging_mixin.py:115} INFO - [2022-09-01 12:37:05,266] {dag.py:2972} INFO - Setting next_dagrun for example_branch_datetime_operator to 2022-08-31T00:00:00+00:00, run_after=2022-09-01T00:00:00+00:00
[2022-09-01 12:37:05,306] {logging_mixin.py:115} INFO - [2022-09-01 12:37:05,306] {dag.py:2972} INFO - Setting next_dagrun for example_branch_datetime_operator_2 to 2022-08-31T00:00:00+00:00, run_after=2022-09-01T00:00:00+00:00
[2022-09-01 12:37:05,472] {processor.py:161} INFO - Processing /home/airflow/.local/lib/python3.7/site-packages/airflow/example_dags/example_branch_datetime_operator.py took 0.820 seconds
[2022-09-01 13:59:47,426] {processor.py:153} INFO - Started process (PID=7760) to work on /home/airflow/.local/lib/python3.7/site-packages/airflow/example_dags/example_branch_datetime_operator.py
[2022-09-01 13:59:47,591] {processor.py:641} INFO - Processing file /home/airflow/.local/lib/python3.7/site-packages/airflow/example_dags/example_branch_datetime_operator.py for tasks to queue
[2022-09-01 13:59:47,615] {logging_mixin.py:115} INFO - [2022-09-01 13:59:47,615] {dagbag.py:508} INFO - Filling up the DagBag from /home/airflow/.local/lib/python3.7/site-packages/airflow/example_dags/example_branch_datetime_operator.py
[2022-09-01 14:00:48,318] {processor.py:651} INFO - DAG(s) dict_keys(['example_branch_datetime_operator', 'example_branch_datetime_operator_2']) retrieved from /home/airflow/.local/lib/python3.7/site-packages/airflow/example_dags/example_branch_datetime_operator.py
[2022-09-01 14:01:44,295] {processor.py:153} INFO - Started process (PID=7804) to work on /home/airflow/.local/lib/python3.7/site-packages/airflow/example_dags/example_branch_datetime_operator.py
[2022-09-01 14:01:44,320] {processor.py:641} INFO - Processing file /home/airflow/.local/lib/python3.7/site-packages/airflow/example_dags/example_branch_datetime_operator.py for tasks to queue
[2022-09-01 14:01:44,333] {logging_mixin.py:115} INFO - [2022-09-01 14:01:44,333] {dagbag.py:508} INFO - Filling up the DagBag from /home/airflow/.local/lib/python3.7/site-packages/airflow/example_dags/example_branch_datetime_operator.py
[2022-09-01 14:01:44,656] {processor.py:651} INFO - DAG(s) dict_keys(['example_branch_datetime_operator', 'example_branch_datetime_operator_2']) retrieved from /home/airflow/.local/lib/python3.7/site-packages/airflow/example_dags/example_branch_datetime_operator.py
[2022-09-01 14:01:45,225] {logging_mixin.py:115} INFO - [2022-09-01 14:01:45,225] {dag.py:2420} INFO - Sync 2 DAGs
[2022-09-01 14:01:45,472] {logging_mixin.py:115} INFO - [2022-09-01 14:01:45,471] {dag.py:2972} INFO - Setting next_dagrun for example_branch_datetime_operator to 2022-08-31T00:00:00+00:00, run_after=2022-09-01T00:00:00+00:00
[2022-09-01 14:01:45,515] {logging_mixin.py:115} INFO - [2022-09-01 14:01:45,514] {dag.py:2972} INFO - Setting next_dagrun for example_branch_datetime_operator_2 to 2022-08-31T00:00:00+00:00, run_after=2022-09-01T00:00:00+00:00
[2022-09-01 14:01:45,613] {processor.py:161} INFO - Processing /home/airflow/.local/lib/python3.7/site-packages/airflow/example_dags/example_branch_datetime_operator.py took 1.403 seconds
[2022-09-01 14:02:15,809] {processor.py:153} INFO - Started process (PID=7851) to work on /home/airflow/.local/lib/python3.7/site-packages/airflow/example_dags/example_branch_datetime_operator.py
[2022-09-01 14:02:15,813] {processor.py:641} INFO - Processing file /home/airflow/.local/lib/python3.7/site-packages/airflow/example_dags/example_branch_datetime_operator.py for tasks to queue
[2022-09-01 14:02:15,822] {logging_mixin.py:115} INFO - [2022-09-01 14:02:15,821] {dagbag.py:508} INFO - Filling up the DagBag from /home/airflow/.local/lib/python3.7/site-packages/airflow/example_dags/example_branch_datetime_operator.py
[2022-09-01 14:02:15,875] {processor.py:651} INFO - DAG(s) dict_keys(['example_branch_datetime_operator', 'example_branch_datetime_operator_2']) retrieved from /home/airflow/.local/lib/python3.7/site-packages/airflow/example_dags/example_branch_datetime_operator.py
[2022-09-01 14:02:16,010] {logging_mixin.py:115} INFO - [2022-09-01 14:02:16,010] {dag.py:2420} INFO - Sync 2 DAGs
[2022-09-01 14:02:16,124] {logging_mixin.py:115} INFO - [2022-09-01 14:02:16,123] {dag.py:2972} INFO - Setting next_dagrun for example_branch_datetime_operator to 2022-08-31T00:00:00+00:00, run_after=2022-09-01T00:00:00+00:00
[2022-09-01 14:02:16,141] {logging_mixin.py:115} INFO - [2022-09-01 14:02:16,140] {dag.py:2972} INFO - Setting next_dagrun for example_branch_datetime_operator_2 to 2022-08-31T00:00:00+00:00, run_after=2022-09-01T00:00:00+00:00
[2022-09-01 14:02:16,188] {processor.py:161} INFO - Processing /home/airflow/.local/lib/python3.7/site-packages/airflow/example_dags/example_branch_datetime_operator.py took 0.402 seconds
