[2022-09-01 00:27:20,406] {processor.py:153} INFO - Started process (PID=7409) to work on /home/airflow/.local/lib/python3.7/site-packages/airflow/example_dags/example_trigger_controller_dag.py
[2022-09-01 00:27:20,409] {processor.py:641} INFO - Processing file /home/airflow/.local/lib/python3.7/site-packages/airflow/example_dags/example_trigger_controller_dag.py for tasks to queue
[2022-09-01 00:27:20,412] {logging_mixin.py:115} INFO - [2022-09-01 00:27:20,411] {dagbag.py:508} INFO - Filling up the DagBag from /home/airflow/.local/lib/python3.7/site-packages/airflow/example_dags/example_trigger_controller_dag.py
[2022-09-01 00:27:20,423] {processor.py:651} INFO - DAG(s) dict_keys(['example_trigger_controller_dag']) retrieved from /home/airflow/.local/lib/python3.7/site-packages/airflow/example_dags/example_trigger_controller_dag.py
[2022-09-01 00:27:20,566] {logging_mixin.py:115} INFO - [2022-09-01 00:27:20,566] {dag.py:2420} INFO - Sync 1 DAGs
[2022-09-01 00:27:20,669] {logging_mixin.py:115} INFO - [2022-09-01 00:27:20,668] {dag.py:2972} INFO - Setting next_dagrun for example_trigger_controller_dag to 2021-01-01T00:00:00+00:00, run_after=2021-01-01T00:00:00+00:00
[2022-09-01 00:27:20,723] {processor.py:161} INFO - Processing /home/airflow/.local/lib/python3.7/site-packages/airflow/example_dags/example_trigger_controller_dag.py took 0.323 seconds
[2022-09-01 00:28:45,944] {processor.py:153} INFO - Started process (PID=7445) to work on /home/airflow/.local/lib/python3.7/site-packages/airflow/example_dags/example_trigger_controller_dag.py
[2022-09-01 00:28:45,948] {processor.py:641} INFO - Processing file /home/airflow/.local/lib/python3.7/site-packages/airflow/example_dags/example_trigger_controller_dag.py for tasks to queue
[2022-09-01 00:28:45,961] {logging_mixin.py:115} INFO - [2022-09-01 00:28:45,959] {dagbag.py:508} INFO - Filling up the DagBag from /home/airflow/.local/lib/python3.7/site-packages/airflow/example_dags/example_trigger_controller_dag.py
[2022-09-01 00:28:46,012] {processor.py:651} INFO - DAG(s) dict_keys(['example_trigger_controller_dag']) retrieved from /home/airflow/.local/lib/python3.7/site-packages/airflow/example_dags/example_trigger_controller_dag.py
[2022-09-01 00:28:46,204] {logging_mixin.py:115} INFO - [2022-09-01 00:28:46,204] {dag.py:2420} INFO - Sync 1 DAGs
[2022-09-01 00:28:46,266] {logging_mixin.py:115} INFO - [2022-09-01 00:28:46,266] {dag.py:2972} INFO - Setting next_dagrun for example_trigger_controller_dag to 2021-01-01T00:00:00+00:00, run_after=2021-01-01T00:00:00+00:00
[2022-09-01 00:28:46,326] {processor.py:161} INFO - Processing /home/airflow/.local/lib/python3.7/site-packages/airflow/example_dags/example_trigger_controller_dag.py took 0.667 seconds
[2022-09-01 00:36:06,782] {processor.py:153} INFO - Started process (PID=7471) to work on /home/airflow/.local/lib/python3.7/site-packages/airflow/example_dags/example_trigger_controller_dag.py
[2022-09-01 00:36:06,803] {processor.py:641} INFO - Processing file /home/airflow/.local/lib/python3.7/site-packages/airflow/example_dags/example_trigger_controller_dag.py for tasks to queue
[2022-09-01 00:36:07,507] {logging_mixin.py:115} INFO - [2022-09-01 00:36:07,507] {dagbag.py:508} INFO - Filling up the DagBag from /home/airflow/.local/lib/python3.7/site-packages/airflow/example_dags/example_trigger_controller_dag.py
[2022-09-01 00:36:08,990] {processor.py:651} INFO - DAG(s) dict_keys(['example_trigger_controller_dag']) retrieved from /home/airflow/.local/lib/python3.7/site-packages/airflow/example_dags/example_trigger_controller_dag.py
[2022-09-01 00:36:10,612] {logging_mixin.py:115} INFO - [2022-09-01 00:36:10,595] {dag.py:2420} INFO - Sync 1 DAGs
[2022-09-01 00:36:12,891] {logging_mixin.py:115} INFO - [2022-09-01 00:36:12,891] {dag.py:2972} INFO - Setting next_dagrun for example_trigger_controller_dag to 2021-01-01T00:00:00+00:00, run_after=2021-01-01T00:00:00+00:00
[2022-09-01 00:36:14,954] {processor.py:161} INFO - Processing /home/airflow/.local/lib/python3.7/site-packages/airflow/example_dags/example_trigger_controller_dag.py took 13.007 seconds
[2022-09-01 01:28:59,347] {processor.py:153} INFO - Started process (PID=7531) to work on /home/airflow/.local/lib/python3.7/site-packages/airflow/example_dags/example_trigger_controller_dag.py
[2022-09-01 01:28:59,356] {processor.py:641} INFO - Processing file /home/airflow/.local/lib/python3.7/site-packages/airflow/example_dags/example_trigger_controller_dag.py for tasks to queue
[2022-09-01 01:28:59,360] {logging_mixin.py:115} INFO - [2022-09-01 01:28:59,360] {dagbag.py:508} INFO - Filling up the DagBag from /home/airflow/.local/lib/python3.7/site-packages/airflow/example_dags/example_trigger_controller_dag.py
[2022-09-01 01:28:59,387] {processor.py:651} INFO - DAG(s) dict_keys(['example_trigger_controller_dag']) retrieved from /home/airflow/.local/lib/python3.7/site-packages/airflow/example_dags/example_trigger_controller_dag.py
[2022-09-01 01:28:59,606] {logging_mixin.py:115} INFO - [2022-09-01 01:28:59,605] {dag.py:2420} INFO - Sync 1 DAGs
[2022-09-01 01:28:59,800] {logging_mixin.py:115} INFO - [2022-09-01 01:28:59,800] {dag.py:2972} INFO - Setting next_dagrun for example_trigger_controller_dag to 2021-01-01T00:00:00+00:00, run_after=2021-01-01T00:00:00+00:00
[2022-09-01 01:28:59,909] {processor.py:161} INFO - Processing /home/airflow/.local/lib/python3.7/site-packages/airflow/example_dags/example_trigger_controller_dag.py took 0.589 seconds
[2022-09-01 05:05:22,910] {processor.py:153} INFO - Started process (PID=7595) to work on /home/airflow/.local/lib/python3.7/site-packages/airflow/example_dags/example_trigger_controller_dag.py
[2022-09-01 05:05:22,929] {processor.py:641} INFO - Processing file /home/airflow/.local/lib/python3.7/site-packages/airflow/example_dags/example_trigger_controller_dag.py for tasks to queue
[2022-09-01 05:05:22,938] {logging_mixin.py:115} INFO - [2022-09-01 05:05:22,937] {dagbag.py:508} INFO - Filling up the DagBag from /home/airflow/.local/lib/python3.7/site-packages/airflow/example_dags/example_trigger_controller_dag.py
[2022-09-01 05:05:23,027] {processor.py:651} INFO - DAG(s) dict_keys(['example_trigger_controller_dag']) retrieved from /home/airflow/.local/lib/python3.7/site-packages/airflow/example_dags/example_trigger_controller_dag.py
[2022-09-01 05:05:23,493] {logging_mixin.py:115} INFO - [2022-09-01 05:05:23,493] {dag.py:2420} INFO - Sync 1 DAGs
[2022-09-01 05:05:40,250] {logging_mixin.py:115} INFO - [2022-09-01 05:05:40,247] {dag.py:2972} INFO - Setting next_dagrun for example_trigger_controller_dag to 2021-01-01T00:00:00+00:00, run_after=2021-01-01T00:00:00+00:00
[2022-09-01 05:05:40,675] {processor.py:161} INFO - Processing /home/airflow/.local/lib/python3.7/site-packages/airflow/example_dags/example_trigger_controller_dag.py took 17.806 seconds
[2022-09-01 12:36:59,003] {processor.py:153} INFO - Started process (PID=7702) to work on /home/airflow/.local/lib/python3.7/site-packages/airflow/example_dags/example_trigger_controller_dag.py
[2022-09-01 12:36:59,041] {processor.py:641} INFO - Processing file /home/airflow/.local/lib/python3.7/site-packages/airflow/example_dags/example_trigger_controller_dag.py for tasks to queue
[2022-09-01 12:36:59,045] {logging_mixin.py:115} INFO - [2022-09-01 12:36:59,045] {dagbag.py:508} INFO - Filling up the DagBag from /home/airflow/.local/lib/python3.7/site-packages/airflow/example_dags/example_trigger_controller_dag.py
[2022-09-01 12:36:59,110] {processor.py:651} INFO - DAG(s) dict_keys(['example_trigger_controller_dag']) retrieved from /home/airflow/.local/lib/python3.7/site-packages/airflow/example_dags/example_trigger_controller_dag.py
[2022-09-01 12:37:01,200] {logging_mixin.py:115} INFO - [2022-09-01 12:37:01,200] {dag.py:2420} INFO - Sync 1 DAGs
[2022-09-01 12:37:01,937] {logging_mixin.py:115} INFO - [2022-09-01 12:37:01,905] {dag.py:2972} INFO - Setting next_dagrun for example_trigger_controller_dag to 2021-01-01T00:00:00+00:00, run_after=2021-01-01T00:00:00+00:00
[2022-09-01 12:37:02,426] {processor.py:161} INFO - Processing /home/airflow/.local/lib/python3.7/site-packages/airflow/example_dags/example_trigger_controller_dag.py took 3.546 seconds
[2022-09-01 13:59:22,938] {processor.py:153} INFO - Started process (PID=7756) to work on /home/airflow/.local/lib/python3.7/site-packages/airflow/example_dags/example_trigger_controller_dag.py
[2022-09-01 13:59:22,941] {processor.py:641} INFO - Processing file /home/airflow/.local/lib/python3.7/site-packages/airflow/example_dags/example_trigger_controller_dag.py for tasks to queue
[2022-09-01 13:59:22,946] {logging_mixin.py:115} INFO - [2022-09-01 13:59:22,945] {dagbag.py:508} INFO - Filling up the DagBag from /home/airflow/.local/lib/python3.7/site-packages/airflow/example_dags/example_trigger_controller_dag.py
[2022-09-01 13:59:23,065] {processor.py:651} INFO - DAG(s) dict_keys(['example_trigger_controller_dag']) retrieved from /home/airflow/.local/lib/python3.7/site-packages/airflow/example_dags/example_trigger_controller_dag.py
[2022-09-01 13:59:23,579] {logging_mixin.py:115} INFO - [2022-09-01 13:59:23,570] {dag.py:2420} INFO - Sync 1 DAGs
[2022-09-01 13:59:24,793] {logging_mixin.py:115} INFO - [2022-09-01 13:59:24,764] {dag.py:2972} INFO - Setting next_dagrun for example_trigger_controller_dag to 2021-01-01T00:00:00+00:00, run_after=2021-01-01T00:00:00+00:00
[2022-09-01 13:59:25,060] {processor.py:161} INFO - Processing /home/airflow/.local/lib/python3.7/site-packages/airflow/example_dags/example_trigger_controller_dag.py took 2.556 seconds
[2022-09-01 14:01:41,263] {processor.py:153} INFO - Started process (PID=7792) to work on /home/airflow/.local/lib/python3.7/site-packages/airflow/example_dags/example_trigger_controller_dag.py
[2022-09-01 14:01:41,296] {processor.py:641} INFO - Processing file /home/airflow/.local/lib/python3.7/site-packages/airflow/example_dags/example_trigger_controller_dag.py for tasks to queue
[2022-09-01 14:01:41,306] {logging_mixin.py:115} INFO - [2022-09-01 14:01:41,306] {dagbag.py:508} INFO - Filling up the DagBag from /home/airflow/.local/lib/python3.7/site-packages/airflow/example_dags/example_trigger_controller_dag.py
[2022-09-01 14:01:41,346] {processor.py:651} INFO - DAG(s) dict_keys(['example_trigger_controller_dag']) retrieved from /home/airflow/.local/lib/python3.7/site-packages/airflow/example_dags/example_trigger_controller_dag.py
[2022-09-01 14:01:41,664] {logging_mixin.py:115} INFO - [2022-09-01 14:01:41,622] {dag.py:2420} INFO - Sync 1 DAGs
[2022-09-01 14:01:42,112] {logging_mixin.py:115} INFO - [2022-09-01 14:01:42,112] {dag.py:2972} INFO - Setting next_dagrun for example_trigger_controller_dag to 2021-01-01T00:00:00+00:00, run_after=2021-01-01T00:00:00+00:00
[2022-09-01 14:01:42,294] {processor.py:161} INFO - Processing /home/airflow/.local/lib/python3.7/site-packages/airflow/example_dags/example_trigger_controller_dag.py took 1.069 seconds
[2022-09-01 14:02:12,551] {processor.py:153} INFO - Started process (PID=7847) to work on /home/airflow/.local/lib/python3.7/site-packages/airflow/example_dags/example_trigger_controller_dag.py
[2022-09-01 14:02:12,563] {processor.py:641} INFO - Processing file /home/airflow/.local/lib/python3.7/site-packages/airflow/example_dags/example_trigger_controller_dag.py for tasks to queue
[2022-09-01 14:02:12,567] {logging_mixin.py:115} INFO - [2022-09-01 14:02:12,566] {dagbag.py:508} INFO - Filling up the DagBag from /home/airflow/.local/lib/python3.7/site-packages/airflow/example_dags/example_trigger_controller_dag.py
[2022-09-01 14:02:12,577] {processor.py:651} INFO - DAG(s) dict_keys(['example_trigger_controller_dag']) retrieved from /home/airflow/.local/lib/python3.7/site-packages/airflow/example_dags/example_trigger_controller_dag.py
[2022-09-01 14:02:12,743] {logging_mixin.py:115} INFO - [2022-09-01 14:02:12,742] {dag.py:2420} INFO - Sync 1 DAGs
[2022-09-01 14:02:12,817] {logging_mixin.py:115} INFO - [2022-09-01 14:02:12,816] {dag.py:2972} INFO - Setting next_dagrun for example_trigger_controller_dag to 2021-01-01T00:00:00+00:00, run_after=2021-01-01T00:00:00+00:00
[2022-09-01 14:02:12,865] {processor.py:161} INFO - Processing /home/airflow/.local/lib/python3.7/site-packages/airflow/example_dags/example_trigger_controller_dag.py took 0.328 seconds
