[2022-09-01 00:09:04,139] {processor.py:153} INFO - Started process (PID=7375) to work on /home/airflow/.local/lib/python3.7/site-packages/airflow/example_dags/example_branch_operator_decorator.py
[2022-09-01 00:09:04,180] {processor.py:641} INFO - Processing file /home/airflow/.local/lib/python3.7/site-packages/airflow/example_dags/example_branch_operator_decorator.py for tasks to queue
[2022-09-01 00:09:04,192] {logging_mixin.py:115} INFO - [2022-09-01 00:09:04,192] {dagbag.py:508} INFO - Filling up the DagBag from /home/airflow/.local/lib/python3.7/site-packages/airflow/example_dags/example_branch_operator_decorator.py
[2022-09-01 00:09:04,748] {processor.py:651} INFO - DAG(s) dict_keys(['example_branch_python_operator_decorator']) retrieved from /home/airflow/.local/lib/python3.7/site-packages/airflow/example_dags/example_branch_operator_decorator.py
[2022-09-01 00:09:04,996] {logging_mixin.py:115} INFO - [2022-09-01 00:09:04,996] {dag.py:2420} INFO - Sync 1 DAGs
[2022-09-01 00:09:05,540] {logging_mixin.py:115} INFO - [2022-09-01 00:09:05,539] {dag.py:2972} INFO - Setting next_dagrun for example_branch_python_operator_decorator to 2022-08-31T00:00:00+00:00, run_after=2022-09-01T00:00:00+00:00
[2022-09-01 00:09:05,972] {processor.py:161} INFO - Processing /home/airflow/.local/lib/python3.7/site-packages/airflow/example_dags/example_branch_operator_decorator.py took 1.949 seconds
[2022-09-01 00:27:22,725] {processor.py:153} INFO - Started process (PID=7417) to work on /home/airflow/.local/lib/python3.7/site-packages/airflow/example_dags/example_branch_operator_decorator.py
[2022-09-01 00:27:22,734] {processor.py:641} INFO - Processing file /home/airflow/.local/lib/python3.7/site-packages/airflow/example_dags/example_branch_operator_decorator.py for tasks to queue
[2022-09-01 00:27:22,736] {logging_mixin.py:115} INFO - [2022-09-01 00:27:22,736] {dagbag.py:508} INFO - Filling up the DagBag from /home/airflow/.local/lib/python3.7/site-packages/airflow/example_dags/example_branch_operator_decorator.py
[2022-09-01 00:27:22,951] {processor.py:651} INFO - DAG(s) dict_keys(['example_branch_python_operator_decorator']) retrieved from /home/airflow/.local/lib/python3.7/site-packages/airflow/example_dags/example_branch_operator_decorator.py
[2022-09-01 00:27:23,105] {logging_mixin.py:115} INFO - [2022-09-01 00:27:23,099] {dag.py:2420} INFO - Sync 1 DAGs
[2022-09-01 00:27:23,260] {logging_mixin.py:115} INFO - [2022-09-01 00:27:23,260] {dag.py:2972} INFO - Setting next_dagrun for example_branch_python_operator_decorator to 2022-08-31T00:00:00+00:00, run_after=2022-09-01T00:00:00+00:00
[2022-09-01 00:27:23,303] {processor.py:161} INFO - Processing /home/airflow/.local/lib/python3.7/site-packages/airflow/example_dags/example_branch_operator_decorator.py took 0.786 seconds
[2022-09-01 00:28:48,753] {processor.py:153} INFO - Started process (PID=7453) to work on /home/airflow/.local/lib/python3.7/site-packages/airflow/example_dags/example_branch_operator_decorator.py
[2022-09-01 00:28:48,761] {processor.py:641} INFO - Processing file /home/airflow/.local/lib/python3.7/site-packages/airflow/example_dags/example_branch_operator_decorator.py for tasks to queue
[2022-09-01 00:28:48,765] {logging_mixin.py:115} INFO - [2022-09-01 00:28:48,764] {dagbag.py:508} INFO - Filling up the DagBag from /home/airflow/.local/lib/python3.7/site-packages/airflow/example_dags/example_branch_operator_decorator.py
[2022-09-01 00:28:49,007] {processor.py:651} INFO - DAG(s) dict_keys(['example_branch_python_operator_decorator']) retrieved from /home/airflow/.local/lib/python3.7/site-packages/airflow/example_dags/example_branch_operator_decorator.py
[2022-09-01 00:28:49,178] {logging_mixin.py:115} INFO - [2022-09-01 00:28:49,178] {dag.py:2420} INFO - Sync 1 DAGs
[2022-09-01 00:28:49,255] {logging_mixin.py:115} INFO - [2022-09-01 00:28:49,255] {dag.py:2972} INFO - Setting next_dagrun for example_branch_python_operator_decorator to 2022-08-31T00:00:00+00:00, run_after=2022-09-01T00:00:00+00:00
[2022-09-01 00:28:49,303] {processor.py:161} INFO - Processing /home/airflow/.local/lib/python3.7/site-packages/airflow/example_dags/example_branch_operator_decorator.py took 0.580 seconds
[2022-09-01 01:07:17,606] {processor.py:153} INFO - Started process (PID=7489) to work on /home/airflow/.local/lib/python3.7/site-packages/airflow/example_dags/example_branch_operator_decorator.py
[2022-09-01 01:07:17,621] {processor.py:641} INFO - Processing file /home/airflow/.local/lib/python3.7/site-packages/airflow/example_dags/example_branch_operator_decorator.py for tasks to queue
[2022-09-01 01:07:17,638] {logging_mixin.py:115} INFO - [2022-09-01 01:07:17,637] {dagbag.py:508} INFO - Filling up the DagBag from /home/airflow/.local/lib/python3.7/site-packages/airflow/example_dags/example_branch_operator_decorator.py
[2022-09-01 01:07:17,875] {processor.py:651} INFO - DAG(s) dict_keys(['example_branch_python_operator_decorator']) retrieved from /home/airflow/.local/lib/python3.7/site-packages/airflow/example_dags/example_branch_operator_decorator.py
[2022-09-01 01:07:18,293] {logging_mixin.py:115} INFO - [2022-09-01 01:07:18,293] {dag.py:2420} INFO - Sync 1 DAGs
[2022-09-01 01:07:18,653] {logging_mixin.py:115} INFO - [2022-09-01 01:07:18,653] {dag.py:2972} INFO - Setting next_dagrun for example_branch_python_operator_decorator to 2022-08-31T00:00:00+00:00, run_after=2022-09-01T00:00:00+00:00
[2022-09-01 01:07:18,790] {processor.py:161} INFO - Processing /home/airflow/.local/lib/python3.7/site-packages/airflow/example_dags/example_branch_operator_decorator.py took 1.205 seconds
[2022-09-01 01:29:22,903] {processor.py:153} INFO - Started process (PID=7547) to work on /home/airflow/.local/lib/python3.7/site-packages/airflow/example_dags/example_branch_operator_decorator.py
[2022-09-01 01:29:22,912] {processor.py:641} INFO - Processing file /home/airflow/.local/lib/python3.7/site-packages/airflow/example_dags/example_branch_operator_decorator.py for tasks to queue
[2022-09-01 01:29:22,920] {logging_mixin.py:115} INFO - [2022-09-01 01:29:22,920] {dagbag.py:508} INFO - Filling up the DagBag from /home/airflow/.local/lib/python3.7/site-packages/airflow/example_dags/example_branch_operator_decorator.py
[2022-09-01 01:29:23,232] {processor.py:651} INFO - DAG(s) dict_keys(['example_branch_python_operator_decorator']) retrieved from /home/airflow/.local/lib/python3.7/site-packages/airflow/example_dags/example_branch_operator_decorator.py
[2022-09-01 01:29:23,458] {logging_mixin.py:115} INFO - [2022-09-01 01:29:23,457] {dag.py:2420} INFO - Sync 1 DAGs
[2022-09-01 01:29:23,661] {logging_mixin.py:115} INFO - [2022-09-01 01:29:23,660] {dag.py:2972} INFO - Setting next_dagrun for example_branch_python_operator_decorator to 2022-08-31T00:00:00+00:00, run_after=2022-09-01T00:00:00+00:00
[2022-09-01 01:29:23,795] {processor.py:161} INFO - Processing /home/airflow/.local/lib/python3.7/site-packages/airflow/example_dags/example_branch_operator_decorator.py took 0.924 seconds
[2022-09-01 08:41:57,848] {processor.py:153} INFO - Started process (PID=7632) to work on /home/airflow/.local/lib/python3.7/site-packages/airflow/example_dags/example_branch_operator_decorator.py
[2022-09-01 08:41:57,887] {processor.py:641} INFO - Processing file /home/airflow/.local/lib/python3.7/site-packages/airflow/example_dags/example_branch_operator_decorator.py for tasks to queue
[2022-09-01 08:41:57,932] {logging_mixin.py:115} INFO - [2022-09-01 08:41:57,931] {dagbag.py:508} INFO - Filling up the DagBag from /home/airflow/.local/lib/python3.7/site-packages/airflow/example_dags/example_branch_operator_decorator.py
[2022-09-01 08:41:59,017] {processor.py:651} INFO - DAG(s) dict_keys(['example_branch_python_operator_decorator']) retrieved from /home/airflow/.local/lib/python3.7/site-packages/airflow/example_dags/example_branch_operator_decorator.py
[2022-09-01 08:42:00,052] {logging_mixin.py:115} INFO - [2022-09-01 08:42:00,051] {dag.py:2420} INFO - Sync 1 DAGs
[2022-09-01 08:42:00,683] {logging_mixin.py:115} INFO - [2022-09-01 08:42:00,683] {dag.py:2972} INFO - Setting next_dagrun for example_branch_python_operator_decorator to 2022-08-31T00:00:00+00:00, run_after=2022-09-01T00:00:00+00:00
[2022-09-01 08:42:00,930] {processor.py:161} INFO - Processing /home/airflow/.local/lib/python3.7/site-packages/airflow/example_dags/example_branch_operator_decorator.py took 3.164 seconds
[2022-09-01 12:37:06,873] {processor.py:153} INFO - Started process (PID=7714) to work on /home/airflow/.local/lib/python3.7/site-packages/airflow/example_dags/example_branch_operator_decorator.py
[2022-09-01 12:37:06,884] {processor.py:641} INFO - Processing file /home/airflow/.local/lib/python3.7/site-packages/airflow/example_dags/example_branch_operator_decorator.py for tasks to queue
[2022-09-01 12:37:06,896] {logging_mixin.py:115} INFO - [2022-09-01 12:37:06,896] {dagbag.py:508} INFO - Filling up the DagBag from /home/airflow/.local/lib/python3.7/site-packages/airflow/example_dags/example_branch_operator_decorator.py
[2022-09-01 12:37:07,102] {processor.py:651} INFO - DAG(s) dict_keys(['example_branch_python_operator_decorator']) retrieved from /home/airflow/.local/lib/python3.7/site-packages/airflow/example_dags/example_branch_operator_decorator.py
[2022-09-01 12:37:07,278] {logging_mixin.py:115} INFO - [2022-09-01 12:37:07,278] {dag.py:2420} INFO - Sync 1 DAGs
[2022-09-01 12:37:07,370] {logging_mixin.py:115} INFO - [2022-09-01 12:37:07,369] {dag.py:2972} INFO - Setting next_dagrun for example_branch_python_operator_decorator to 2022-08-31T00:00:00+00:00, run_after=2022-09-01T00:00:00+00:00
[2022-09-01 12:37:07,431] {processor.py:161} INFO - Processing /home/airflow/.local/lib/python3.7/site-packages/airflow/example_dags/example_branch_operator_decorator.py took 0.638 seconds
[2022-09-01 14:01:01,439] {processor.py:153} INFO - Started process (PID=7764) to work on /home/airflow/.local/lib/python3.7/site-packages/airflow/example_dags/example_branch_operator_decorator.py
[2022-09-01 14:01:01,511] {processor.py:641} INFO - Processing file /home/airflow/.local/lib/python3.7/site-packages/airflow/example_dags/example_branch_operator_decorator.py for tasks to queue
[2022-09-01 14:01:01,613] {logging_mixin.py:115} INFO - [2022-09-01 14:01:01,612] {dagbag.py:508} INFO - Filling up the DagBag from /home/airflow/.local/lib/python3.7/site-packages/airflow/example_dags/example_branch_operator_decorator.py
[2022-09-01 14:01:02,667] {processor.py:651} INFO - DAG(s) dict_keys(['example_branch_python_operator_decorator']) retrieved from /home/airflow/.local/lib/python3.7/site-packages/airflow/example_dags/example_branch_operator_decorator.py
[2022-09-01 14:01:03,533] {logging_mixin.py:115} INFO - [2022-09-01 14:01:03,532] {dag.py:2420} INFO - Sync 1 DAGs
[2022-09-01 14:01:04,064] {logging_mixin.py:115} INFO - [2022-09-01 14:01:04,063] {dag.py:2972} INFO - Setting next_dagrun for example_branch_python_operator_decorator to 2022-08-31T00:00:00+00:00, run_after=2022-09-01T00:00:00+00:00
[2022-09-01 14:01:04,170] {processor.py:161} INFO - Processing /home/airflow/.local/lib/python3.7/site-packages/airflow/example_dags/example_branch_operator_decorator.py took 2.812 seconds
[2022-09-01 14:01:59,777] {processor.py:153} INFO - Started process (PID=7820) to work on /home/airflow/.local/lib/python3.7/site-packages/airflow/example_dags/example_branch_operator_decorator.py
[2022-09-01 14:01:59,781] {processor.py:641} INFO - Processing file /home/airflow/.local/lib/python3.7/site-packages/airflow/example_dags/example_branch_operator_decorator.py for tasks to queue
[2022-09-01 14:01:59,800] {logging_mixin.py:115} INFO - [2022-09-01 14:01:59,799] {dagbag.py:508} INFO - Filling up the DagBag from /home/airflow/.local/lib/python3.7/site-packages/airflow/example_dags/example_branch_operator_decorator.py
[2022-09-01 14:02:00,079] {processor.py:651} INFO - DAG(s) dict_keys(['example_branch_python_operator_decorator']) retrieved from /home/airflow/.local/lib/python3.7/site-packages/airflow/example_dags/example_branch_operator_decorator.py
[2022-09-01 14:02:00,384] {logging_mixin.py:115} INFO - [2022-09-01 14:02:00,382] {dag.py:2420} INFO - Sync 1 DAGs
[2022-09-01 14:02:00,859] {logging_mixin.py:115} INFO - [2022-09-01 14:02:00,859] {dag.py:2972} INFO - Setting next_dagrun for example_branch_python_operator_decorator to 2022-08-31T00:00:00+00:00, run_after=2022-09-01T00:00:00+00:00
[2022-09-01 14:02:01,034] {processor.py:161} INFO - Processing /home/airflow/.local/lib/python3.7/site-packages/airflow/example_dags/example_branch_operator_decorator.py took 1.289 seconds
