[2022-09-01 00:09:16,050] {processor.py:153} INFO - Started process (PID=7385) to work on /home/airflow/.local/lib/python3.7/site-packages/airflow/example_dags/example_local_kubernetes_executor.py
[2022-09-01 00:09:16,078] {processor.py:641} INFO - Processing file /home/airflow/.local/lib/python3.7/site-packages/airflow/example_dags/example_local_kubernetes_executor.py for tasks to queue
[2022-09-01 00:09:16,093] {logging_mixin.py:115} INFO - [2022-09-01 00:09:16,090] {dagbag.py:508} INFO - Filling up the DagBag from /home/airflow/.local/lib/python3.7/site-packages/airflow/example_dags/example_local_kubernetes_executor.py
[2022-09-01 00:09:17,509] {processor.py:651} INFO - DAG(s) dict_keys(['example_local_kubernetes_executor']) retrieved from /home/airflow/.local/lib/python3.7/site-packages/airflow/example_dags/example_local_kubernetes_executor.py
[2022-09-01 00:09:18,664] {logging_mixin.py:115} INFO - [2022-09-01 00:09:18,664] {dag.py:2420} INFO - Sync 1 DAGs
[2022-09-01 00:09:19,363] {logging_mixin.py:115} INFO - [2022-09-01 00:09:19,362] {dag.py:2972} INFO - Setting next_dagrun for example_local_kubernetes_executor to None, run_after=None
[2022-09-01 00:09:19,581] {processor.py:161} INFO - Processing /home/airflow/.local/lib/python3.7/site-packages/airflow/example_dags/example_local_kubernetes_executor.py took 3.687 seconds
[2022-09-01 00:28:38,467] {processor.py:153} INFO - Started process (PID=7429) to work on /home/airflow/.local/lib/python3.7/site-packages/airflow/example_dags/example_local_kubernetes_executor.py
[2022-09-01 00:28:38,475] {processor.py:641} INFO - Processing file /home/airflow/.local/lib/python3.7/site-packages/airflow/example_dags/example_local_kubernetes_executor.py for tasks to queue
[2022-09-01 00:28:38,484] {logging_mixin.py:115} INFO - [2022-09-01 00:28:38,483] {dagbag.py:508} INFO - Filling up the DagBag from /home/airflow/.local/lib/python3.7/site-packages/airflow/example_dags/example_local_kubernetes_executor.py
[2022-09-01 00:28:38,883] {processor.py:651} INFO - DAG(s) dict_keys(['example_local_kubernetes_executor']) retrieved from /home/airflow/.local/lib/python3.7/site-packages/airflow/example_dags/example_local_kubernetes_executor.py
[2022-09-01 00:28:39,322] {logging_mixin.py:115} INFO - [2022-09-01 00:28:39,321] {dag.py:2420} INFO - Sync 1 DAGs
[2022-09-01 00:28:39,648] {logging_mixin.py:115} INFO - [2022-09-01 00:28:39,648] {dag.py:2972} INFO - Setting next_dagrun for example_local_kubernetes_executor to None, run_after=None
[2022-09-01 00:28:39,786] {processor.py:161} INFO - Processing /home/airflow/.local/lib/python3.7/site-packages/airflow/example_dags/example_local_kubernetes_executor.py took 1.383 seconds
[2022-09-01 01:28:34,355] {processor.py:153} INFO - Started process (PID=7510) to work on /home/airflow/.local/lib/python3.7/site-packages/airflow/example_dags/example_local_kubernetes_executor.py
[2022-09-01 01:28:34,361] {processor.py:641} INFO - Processing file /home/airflow/.local/lib/python3.7/site-packages/airflow/example_dags/example_local_kubernetes_executor.py for tasks to queue
[2022-09-01 01:28:34,368] {logging_mixin.py:115} INFO - [2022-09-01 01:28:34,367] {dagbag.py:508} INFO - Filling up the DagBag from /home/airflow/.local/lib/python3.7/site-packages/airflow/example_dags/example_local_kubernetes_executor.py
[2022-09-01 01:28:34,559] {processor.py:651} INFO - DAG(s) dict_keys(['example_local_kubernetes_executor']) retrieved from /home/airflow/.local/lib/python3.7/site-packages/airflow/example_dags/example_local_kubernetes_executor.py
[2022-09-01 01:28:34,718] {logging_mixin.py:115} INFO - [2022-09-01 01:28:34,718] {dag.py:2420} INFO - Sync 1 DAGs
[2022-09-01 01:28:34,778] {logging_mixin.py:115} INFO - [2022-09-01 01:28:34,778] {dag.py:2972} INFO - Setting next_dagrun for example_local_kubernetes_executor to None, run_after=None
[2022-09-01 01:28:34,807] {processor.py:161} INFO - Processing /home/airflow/.local/lib/python3.7/site-packages/airflow/example_dags/example_local_kubernetes_executor.py took 0.475 seconds
[2022-09-01 09:36:19,327] {processor.py:153} INFO - Started process (PID=7667) to work on /home/airflow/.local/lib/python3.7/site-packages/airflow/example_dags/example_local_kubernetes_executor.py
[2022-09-01 09:36:19,375] {processor.py:641} INFO - Processing file /home/airflow/.local/lib/python3.7/site-packages/airflow/example_dags/example_local_kubernetes_executor.py for tasks to queue
[2022-09-01 09:36:19,378] {logging_mixin.py:115} INFO - [2022-09-01 09:36:19,378] {dagbag.py:508} INFO - Filling up the DagBag from /home/airflow/.local/lib/python3.7/site-packages/airflow/example_dags/example_local_kubernetes_executor.py
[2022-09-01 09:36:19,999] {processor.py:651} INFO - DAG(s) dict_keys(['example_local_kubernetes_executor']) retrieved from /home/airflow/.local/lib/python3.7/site-packages/airflow/example_dags/example_local_kubernetes_executor.py
[2022-09-01 09:36:20,558] {logging_mixin.py:115} INFO - [2022-09-01 09:36:20,558] {dag.py:2420} INFO - Sync 1 DAGs
[2022-09-01 09:36:21,036] {logging_mixin.py:115} INFO - [2022-09-01 09:36:21,036] {dag.py:2972} INFO - Setting next_dagrun for example_local_kubernetes_executor to None, run_after=None
[2022-09-01 09:36:21,377] {processor.py:161} INFO - Processing /home/airflow/.local/lib/python3.7/site-packages/airflow/example_dags/example_local_kubernetes_executor.py took 2.195 seconds
[2022-09-01 13:59:05,839] {processor.py:153} INFO - Started process (PID=7744) to work on /home/airflow/.local/lib/python3.7/site-packages/airflow/example_dags/example_local_kubernetes_executor.py
[2022-09-01 13:59:05,868] {processor.py:641} INFO - Processing file /home/airflow/.local/lib/python3.7/site-packages/airflow/example_dags/example_local_kubernetes_executor.py for tasks to queue
[2022-09-01 13:59:05,871] {logging_mixin.py:115} INFO - [2022-09-01 13:59:05,870] {dagbag.py:508} INFO - Filling up the DagBag from /home/airflow/.local/lib/python3.7/site-packages/airflow/example_dags/example_local_kubernetes_executor.py
[2022-09-01 13:59:06,292] {processor.py:651} INFO - DAG(s) dict_keys(['example_local_kubernetes_executor']) retrieved from /home/airflow/.local/lib/python3.7/site-packages/airflow/example_dags/example_local_kubernetes_executor.py
[2022-09-01 13:59:07,039] {logging_mixin.py:115} INFO - [2022-09-01 13:59:07,039] {dag.py:2420} INFO - Sync 1 DAGs
[2022-09-01 13:59:07,683] {logging_mixin.py:115} INFO - [2022-09-01 13:59:07,683] {dag.py:2972} INFO - Setting next_dagrun for example_local_kubernetes_executor to None, run_after=None
[2022-09-01 13:59:07,746] {processor.py:161} INFO - Processing /home/airflow/.local/lib/python3.7/site-packages/airflow/example_dags/example_local_kubernetes_executor.py took 2.245 seconds
[2022-09-01 14:01:48,265] {processor.py:153} INFO - Started process (PID=7810) to work on /home/airflow/.local/lib/python3.7/site-packages/airflow/example_dags/example_local_kubernetes_executor.py
[2022-09-01 14:01:48,280] {processor.py:641} INFO - Processing file /home/airflow/.local/lib/python3.7/site-packages/airflow/example_dags/example_local_kubernetes_executor.py for tasks to queue
[2022-09-01 14:01:48,289] {logging_mixin.py:115} INFO - [2022-09-01 14:01:48,289] {dagbag.py:508} INFO - Filling up the DagBag from /home/airflow/.local/lib/python3.7/site-packages/airflow/example_dags/example_local_kubernetes_executor.py
[2022-09-01 14:01:48,543] {processor.py:651} INFO - DAG(s) dict_keys(['example_local_kubernetes_executor']) retrieved from /home/airflow/.local/lib/python3.7/site-packages/airflow/example_dags/example_local_kubernetes_executor.py
[2022-09-01 14:01:49,047] {logging_mixin.py:115} INFO - [2022-09-01 14:01:49,047] {dag.py:2420} INFO - Sync 1 DAGs
[2022-09-01 14:01:50,194] {logging_mixin.py:115} INFO - [2022-09-01 14:01:50,194] {dag.py:2972} INFO - Setting next_dagrun for example_local_kubernetes_executor to None, run_after=None
[2022-09-01 14:01:50,481] {processor.py:161} INFO - Processing /home/airflow/.local/lib/python3.7/site-packages/airflow/example_dags/example_local_kubernetes_executor.py took 2.273 seconds
[2022-09-01 14:02:21,550] {processor.py:153} INFO - Started process (PID=7864) to work on /home/airflow/.local/lib/python3.7/site-packages/airflow/example_dags/example_local_kubernetes_executor.py
[2022-09-01 14:02:21,557] {processor.py:641} INFO - Processing file /home/airflow/.local/lib/python3.7/site-packages/airflow/example_dags/example_local_kubernetes_executor.py for tasks to queue
[2022-09-01 14:02:21,560] {logging_mixin.py:115} INFO - [2022-09-01 14:02:21,560] {dagbag.py:508} INFO - Filling up the DagBag from /home/airflow/.local/lib/python3.7/site-packages/airflow/example_dags/example_local_kubernetes_executor.py
[2022-09-01 14:02:21,619] {processor.py:651} INFO - DAG(s) dict_keys(['example_local_kubernetes_executor']) retrieved from /home/airflow/.local/lib/python3.7/site-packages/airflow/example_dags/example_local_kubernetes_executor.py
[2022-09-01 14:02:21,727] {logging_mixin.py:115} INFO - [2022-09-01 14:02:21,727] {dag.py:2420} INFO - Sync 1 DAGs
[2022-09-01 14:02:21,805] {logging_mixin.py:115} INFO - [2022-09-01 14:02:21,805] {dag.py:2972} INFO - Setting next_dagrun for example_local_kubernetes_executor to None, run_after=None
[2022-09-01 14:02:21,890] {processor.py:161} INFO - Processing /home/airflow/.local/lib/python3.7/site-packages/airflow/example_dags/example_local_kubernetes_executor.py took 0.348 seconds
