[2022-09-01 00:09:06,445] {processor.py:153} INFO - Started process (PID=7377) to work on /home/airflow/.local/lib/python3.7/site-packages/airflow/example_dags/example_complex.py
[2022-09-01 00:09:06,463] {processor.py:641} INFO - Processing file /home/airflow/.local/lib/python3.7/site-packages/airflow/example_dags/example_complex.py for tasks to queue
[2022-09-01 00:09:06,481] {logging_mixin.py:115} INFO - [2022-09-01 00:09:06,480] {dagbag.py:508} INFO - Filling up the DagBag from /home/airflow/.local/lib/python3.7/site-packages/airflow/example_dags/example_complex.py
[2022-09-01 00:09:07,058] {processor.py:651} INFO - DAG(s) dict_keys(['example_complex']) retrieved from /home/airflow/.local/lib/python3.7/site-packages/airflow/example_dags/example_complex.py
[2022-09-01 00:09:07,721] {logging_mixin.py:115} INFO - [2022-09-01 00:09:07,721] {dag.py:2420} INFO - Sync 1 DAGs
[2022-09-01 00:09:08,539] {logging_mixin.py:115} INFO - [2022-09-01 00:09:08,525] {dag.py:2972} INFO - Setting next_dagrun for example_complex to None, run_after=None
[2022-09-01 00:09:09,120] {processor.py:161} INFO - Processing /home/airflow/.local/lib/python3.7/site-packages/airflow/example_dags/example_complex.py took 2.795 seconds
[2022-09-01 00:27:23,834] {processor.py:153} INFO - Started process (PID=7419) to work on /home/airflow/.local/lib/python3.7/site-packages/airflow/example_dags/example_complex.py
[2022-09-01 00:27:23,839] {processor.py:641} INFO - Processing file /home/airflow/.local/lib/python3.7/site-packages/airflow/example_dags/example_complex.py for tasks to queue
[2022-09-01 00:27:23,843] {logging_mixin.py:115} INFO - [2022-09-01 00:27:23,842] {dagbag.py:508} INFO - Filling up the DagBag from /home/airflow/.local/lib/python3.7/site-packages/airflow/example_dags/example_complex.py
[2022-09-01 00:27:23,958] {processor.py:651} INFO - DAG(s) dict_keys(['example_complex']) retrieved from /home/airflow/.local/lib/python3.7/site-packages/airflow/example_dags/example_complex.py
[2022-09-01 00:27:24,150] {logging_mixin.py:115} INFO - [2022-09-01 00:27:24,150] {dag.py:2420} INFO - Sync 1 DAGs
[2022-09-01 00:27:24,465] {logging_mixin.py:115} INFO - [2022-09-01 00:27:24,465] {dag.py:2972} INFO - Setting next_dagrun for example_complex to None, run_after=None
[2022-09-01 00:27:24,568] {processor.py:161} INFO - Processing /home/airflow/.local/lib/python3.7/site-packages/airflow/example_dags/example_complex.py took 0.740 seconds
[2022-09-01 00:28:49,566] {processor.py:153} INFO - Started process (PID=7455) to work on /home/airflow/.local/lib/python3.7/site-packages/airflow/example_dags/example_complex.py
[2022-09-01 00:28:49,580] {processor.py:641} INFO - Processing file /home/airflow/.local/lib/python3.7/site-packages/airflow/example_dags/example_complex.py for tasks to queue
[2022-09-01 00:28:49,582] {logging_mixin.py:115} INFO - [2022-09-01 00:28:49,582] {dagbag.py:508} INFO - Filling up the DagBag from /home/airflow/.local/lib/python3.7/site-packages/airflow/example_dags/example_complex.py
[2022-09-01 00:28:49,710] {processor.py:651} INFO - DAG(s) dict_keys(['example_complex']) retrieved from /home/airflow/.local/lib/python3.7/site-packages/airflow/example_dags/example_complex.py
[2022-09-01 00:28:49,872] {logging_mixin.py:115} INFO - [2022-09-01 00:28:49,871] {dag.py:2420} INFO - Sync 1 DAGs
[2022-09-01 00:28:49,967] {logging_mixin.py:115} INFO - [2022-09-01 00:28:49,966] {dag.py:2972} INFO - Setting next_dagrun for example_complex to None, run_after=None
[2022-09-01 00:28:50,028] {processor.py:161} INFO - Processing /home/airflow/.local/lib/python3.7/site-packages/airflow/example_dags/example_complex.py took 0.482 seconds
[2022-09-01 01:07:19,091] {processor.py:153} INFO - Started process (PID=7498) to work on /home/airflow/.local/lib/python3.7/site-packages/airflow/example_dags/example_complex.py
[2022-09-01 01:07:19,106] {processor.py:641} INFO - Processing file /home/airflow/.local/lib/python3.7/site-packages/airflow/example_dags/example_complex.py for tasks to queue
[2022-09-01 01:07:19,115] {logging_mixin.py:115} INFO - [2022-09-01 01:07:19,114] {dagbag.py:508} INFO - Filling up the DagBag from /home/airflow/.local/lib/python3.7/site-packages/airflow/example_dags/example_complex.py
[2022-09-01 01:07:19,375] {processor.py:651} INFO - DAG(s) dict_keys(['example_complex']) retrieved from /home/airflow/.local/lib/python3.7/site-packages/airflow/example_dags/example_complex.py
[2022-09-01 01:07:19,591] {logging_mixin.py:115} INFO - [2022-09-01 01:07:19,590] {dag.py:2420} INFO - Sync 1 DAGs
[2022-09-01 01:07:19,846] {logging_mixin.py:115} INFO - [2022-09-01 01:07:19,846] {dag.py:2972} INFO - Setting next_dagrun for example_complex to None, run_after=None
[2022-09-01 01:07:19,959] {processor.py:161} INFO - Processing /home/airflow/.local/lib/python3.7/site-packages/airflow/example_dags/example_complex.py took 0.932 seconds
[2022-09-01 01:29:24,311] {processor.py:153} INFO - Started process (PID=7551) to work on /home/airflow/.local/lib/python3.7/site-packages/airflow/example_dags/example_complex.py
[2022-09-01 01:29:24,322] {processor.py:641} INFO - Processing file /home/airflow/.local/lib/python3.7/site-packages/airflow/example_dags/example_complex.py for tasks to queue
[2022-09-01 01:29:24,377] {logging_mixin.py:115} INFO - [2022-09-01 01:29:24,365] {dagbag.py:508} INFO - Filling up the DagBag from /home/airflow/.local/lib/python3.7/site-packages/airflow/example_dags/example_complex.py
[2022-09-01 01:29:24,751] {processor.py:651} INFO - DAG(s) dict_keys(['example_complex']) retrieved from /home/airflow/.local/lib/python3.7/site-packages/airflow/example_dags/example_complex.py
[2022-09-01 01:29:25,751] {logging_mixin.py:115} INFO - [2022-09-01 01:29:25,751] {dag.py:2420} INFO - Sync 1 DAGs
[2022-09-01 01:29:26,221] {logging_mixin.py:115} INFO - [2022-09-01 01:29:26,221] {dag.py:2972} INFO - Setting next_dagrun for example_complex to None, run_after=None
[2022-09-01 01:29:26,388] {processor.py:161} INFO - Processing /home/airflow/.local/lib/python3.7/site-packages/airflow/example_dags/example_complex.py took 2.126 seconds
[2022-09-01 08:42:01,489] {processor.py:153} INFO - Started process (PID=7636) to work on /home/airflow/.local/lib/python3.7/site-packages/airflow/example_dags/example_complex.py
[2022-09-01 08:42:01,515] {processor.py:641} INFO - Processing file /home/airflow/.local/lib/python3.7/site-packages/airflow/example_dags/example_complex.py for tasks to queue
[2022-09-01 08:42:01,526] {logging_mixin.py:115} INFO - [2022-09-01 08:42:01,526] {dagbag.py:508} INFO - Filling up the DagBag from /home/airflow/.local/lib/python3.7/site-packages/airflow/example_dags/example_complex.py
[2022-09-01 08:42:01,960] {processor.py:651} INFO - DAG(s) dict_keys(['example_complex']) retrieved from /home/airflow/.local/lib/python3.7/site-packages/airflow/example_dags/example_complex.py
[2022-09-01 08:42:02,531] {logging_mixin.py:115} INFO - [2022-09-01 08:42:02,531] {dag.py:2420} INFO - Sync 1 DAGs
[2022-09-01 08:42:03,113] {logging_mixin.py:115} INFO - [2022-09-01 08:42:03,113] {dag.py:2972} INFO - Setting next_dagrun for example_complex to None, run_after=None
[2022-09-01 08:42:03,377] {processor.py:161} INFO - Processing /home/airflow/.local/lib/python3.7/site-packages/airflow/example_dags/example_complex.py took 2.054 seconds
[2022-09-01 12:37:07,589] {processor.py:153} INFO - Started process (PID=7716) to work on /home/airflow/.local/lib/python3.7/site-packages/airflow/example_dags/example_complex.py
[2022-09-01 12:37:07,598] {processor.py:641} INFO - Processing file /home/airflow/.local/lib/python3.7/site-packages/airflow/example_dags/example_complex.py for tasks to queue
[2022-09-01 12:37:07,615] {logging_mixin.py:115} INFO - [2022-09-01 12:37:07,609] {dagbag.py:508} INFO - Filling up the DagBag from /home/airflow/.local/lib/python3.7/site-packages/airflow/example_dags/example_complex.py
[2022-09-01 12:37:07,699] {processor.py:651} INFO - DAG(s) dict_keys(['example_complex']) retrieved from /home/airflow/.local/lib/python3.7/site-packages/airflow/example_dags/example_complex.py
[2022-09-01 12:37:07,908] {logging_mixin.py:115} INFO - [2022-09-01 12:37:07,908] {dag.py:2420} INFO - Sync 1 DAGs
[2022-09-01 12:37:08,012] {logging_mixin.py:115} INFO - [2022-09-01 12:37:08,012] {dag.py:2972} INFO - Setting next_dagrun for example_complex to None, run_after=None
[2022-09-01 12:37:08,088] {processor.py:161} INFO - Processing /home/airflow/.local/lib/python3.7/site-packages/airflow/example_dags/example_complex.py took 0.518 seconds
[2022-09-01 14:01:05,265] {processor.py:153} INFO - Started process (PID=7766) to work on /home/airflow/.local/lib/python3.7/site-packages/airflow/example_dags/example_complex.py
[2022-09-01 14:01:05,336] {processor.py:641} INFO - Processing file /home/airflow/.local/lib/python3.7/site-packages/airflow/example_dags/example_complex.py for tasks to queue
[2022-09-01 14:01:05,381] {logging_mixin.py:115} INFO - [2022-09-01 14:01:05,380] {dagbag.py:508} INFO - Filling up the DagBag from /home/airflow/.local/lib/python3.7/site-packages/airflow/example_dags/example_complex.py
[2022-09-01 14:01:06,408] {processor.py:651} INFO - DAG(s) dict_keys(['example_complex']) retrieved from /home/airflow/.local/lib/python3.7/site-packages/airflow/example_dags/example_complex.py
[2022-09-01 14:01:07,491] {logging_mixin.py:115} INFO - [2022-09-01 14:01:07,491] {dag.py:2420} INFO - Sync 1 DAGs
[2022-09-01 14:01:08,425] {logging_mixin.py:115} INFO - [2022-09-01 14:01:08,375] {dag.py:2972} INFO - Setting next_dagrun for example_complex to None, run_after=None
[2022-09-01 14:01:08,746] {processor.py:161} INFO - Processing /home/airflow/.local/lib/python3.7/site-packages/airflow/example_dags/example_complex.py took 3.738 seconds
[2022-09-01 14:02:01,409] {processor.py:153} INFO - Started process (PID=7822) to work on /home/airflow/.local/lib/python3.7/site-packages/airflow/example_dags/example_complex.py
[2022-09-01 14:02:01,471] {processor.py:641} INFO - Processing file /home/airflow/.local/lib/python3.7/site-packages/airflow/example_dags/example_complex.py for tasks to queue
[2022-09-01 14:02:01,475] {logging_mixin.py:115} INFO - [2022-09-01 14:02:01,474] {dagbag.py:508} INFO - Filling up the DagBag from /home/airflow/.local/lib/python3.7/site-packages/airflow/example_dags/example_complex.py
[2022-09-01 14:02:01,827] {processor.py:651} INFO - DAG(s) dict_keys(['example_complex']) retrieved from /home/airflow/.local/lib/python3.7/site-packages/airflow/example_dags/example_complex.py
[2022-09-01 14:02:02,443] {logging_mixin.py:115} INFO - [2022-09-01 14:02:02,443] {dag.py:2420} INFO - Sync 1 DAGs
[2022-09-01 14:02:02,684] {logging_mixin.py:115} INFO - [2022-09-01 14:02:02,684] {dag.py:2972} INFO - Setting next_dagrun for example_complex to None, run_after=None
[2022-09-01 14:02:02,874] {processor.py:161} INFO - Processing /home/airflow/.local/lib/python3.7/site-packages/airflow/example_dags/example_complex.py took 1.511 seconds
