[2022-09-01 00:27:20,803] {processor.py:153} INFO - Started process (PID=7411) to work on /home/airflow/.local/lib/python3.7/site-packages/airflow/example_dags/tutorial.py
[2022-09-01 00:27:20,805] {processor.py:641} INFO - Processing file /home/airflow/.local/lib/python3.7/site-packages/airflow/example_dags/tutorial.py for tasks to queue
[2022-09-01 00:27:20,808] {logging_mixin.py:115} INFO - [2022-09-01 00:27:20,808] {dagbag.py:508} INFO - Filling up the DagBag from /home/airflow/.local/lib/python3.7/site-packages/airflow/example_dags/tutorial.py
[2022-09-01 00:27:20,829] {processor.py:651} INFO - DAG(s) dict_keys(['tutorial']) retrieved from /home/airflow/.local/lib/python3.7/site-packages/airflow/example_dags/tutorial.py
[2022-09-01 00:27:20,945] {logging_mixin.py:115} INFO - [2022-09-01 00:27:20,944] {dag.py:2420} INFO - Sync 1 DAGs
[2022-09-01 00:27:21,021] {logging_mixin.py:115} INFO - [2022-09-01 00:27:21,021] {dag.py:2972} INFO - Setting next_dagrun for tutorial to 2022-08-31T00:27:21.020715+00:00, run_after=2022-09-01T00:27:21.020715+00:00
[2022-09-01 00:27:21,069] {processor.py:161} INFO - Processing /home/airflow/.local/lib/python3.7/site-packages/airflow/example_dags/tutorial.py took 0.273 seconds
[2022-09-01 00:28:46,688] {processor.py:153} INFO - Started process (PID=7447) to work on /home/airflow/.local/lib/python3.7/site-packages/airflow/example_dags/tutorial.py
[2022-09-01 00:28:46,693] {processor.py:641} INFO - Processing file /home/airflow/.local/lib/python3.7/site-packages/airflow/example_dags/tutorial.py for tasks to queue
[2022-09-01 00:28:46,698] {logging_mixin.py:115} INFO - [2022-09-01 00:28:46,697] {dagbag.py:508} INFO - Filling up the DagBag from /home/airflow/.local/lib/python3.7/site-packages/airflow/example_dags/tutorial.py
[2022-09-01 00:28:46,723] {processor.py:651} INFO - DAG(s) dict_keys(['tutorial']) retrieved from /home/airflow/.local/lib/python3.7/site-packages/airflow/example_dags/tutorial.py
[2022-09-01 00:28:46,795] {logging_mixin.py:115} INFO - [2022-09-01 00:28:46,795] {dag.py:2420} INFO - Sync 1 DAGs
[2022-09-01 00:28:46,863] {logging_mixin.py:115} INFO - [2022-09-01 00:28:46,862] {dag.py:2972} INFO - Setting next_dagrun for tutorial to 2022-08-31T00:28:46.862407+00:00, run_after=2022-09-01T00:28:46.862407+00:00
[2022-09-01 00:28:46,903] {processor.py:161} INFO - Processing /home/airflow/.local/lib/python3.7/site-packages/airflow/example_dags/tutorial.py took 0.231 seconds
[2022-09-01 00:36:15,624] {processor.py:153} INFO - Started process (PID=7481) to work on /home/airflow/.local/lib/python3.7/site-packages/airflow/example_dags/tutorial.py
[2022-09-01 00:36:15,748] {processor.py:641} INFO - Processing file /home/airflow/.local/lib/python3.7/site-packages/airflow/example_dags/tutorial.py for tasks to queue
[2022-09-01 00:36:15,788] {logging_mixin.py:115} INFO - [2022-09-01 00:36:15,786] {dagbag.py:508} INFO - Filling up the DagBag from /home/airflow/.local/lib/python3.7/site-packages/airflow/example_dags/tutorial.py
[2022-09-01 00:36:15,892] {processor.py:651} INFO - DAG(s) dict_keys(['tutorial']) retrieved from /home/airflow/.local/lib/python3.7/site-packages/airflow/example_dags/tutorial.py
[2022-09-01 00:36:16,290] {logging_mixin.py:115} INFO - [2022-09-01 00:36:16,289] {dag.py:2420} INFO - Sync 1 DAGs
[2022-09-01 00:36:16,829] {logging_mixin.py:115} INFO - [2022-09-01 00:36:16,829] {dag.py:2972} INFO - Setting next_dagrun for tutorial to 2022-08-31T00:36:16.828321+00:00, run_after=2022-09-01T00:36:16.828321+00:00
[2022-09-01 00:36:17,008] {processor.py:161} INFO - Processing /home/airflow/.local/lib/python3.7/site-packages/airflow/example_dags/tutorial.py took 1.490 seconds
[2022-09-01 01:29:00,058] {processor.py:153} INFO - Started process (PID=7533) to work on /home/airflow/.local/lib/python3.7/site-packages/airflow/example_dags/tutorial.py
[2022-09-01 01:29:00,062] {processor.py:641} INFO - Processing file /home/airflow/.local/lib/python3.7/site-packages/airflow/example_dags/tutorial.py for tasks to queue
[2022-09-01 01:29:00,068] {logging_mixin.py:115} INFO - [2022-09-01 01:29:00,068] {dagbag.py:508} INFO - Filling up the DagBag from /home/airflow/.local/lib/python3.7/site-packages/airflow/example_dags/tutorial.py
[2022-09-01 01:29:00,134] {processor.py:651} INFO - DAG(s) dict_keys(['tutorial']) retrieved from /home/airflow/.local/lib/python3.7/site-packages/airflow/example_dags/tutorial.py
[2022-09-01 01:29:00,400] {logging_mixin.py:115} INFO - [2022-09-01 01:29:00,395] {dag.py:2420} INFO - Sync 1 DAGs
[2022-09-01 01:29:00,628] {logging_mixin.py:115} INFO - [2022-09-01 01:29:00,627] {dag.py:2972} INFO - Setting next_dagrun for tutorial to 2022-08-31T01:29:00.626034+00:00, run_after=2022-09-01T01:29:00.626034+00:00
[2022-09-01 01:29:00,749] {processor.py:161} INFO - Processing /home/airflow/.local/lib/python3.7/site-packages/airflow/example_dags/tutorial.py took 0.708 seconds
[2022-09-01 05:05:41,108] {processor.py:153} INFO - Started process (PID=7599) to work on /home/airflow/.local/lib/python3.7/site-packages/airflow/example_dags/tutorial.py
[2022-09-01 05:05:41,111] {processor.py:641} INFO - Processing file /home/airflow/.local/lib/python3.7/site-packages/airflow/example_dags/tutorial.py for tasks to queue
[2022-09-01 05:05:41,128] {logging_mixin.py:115} INFO - [2022-09-01 05:05:41,128] {dagbag.py:508} INFO - Filling up the DagBag from /home/airflow/.local/lib/python3.7/site-packages/airflow/example_dags/tutorial.py
[2022-09-01 05:05:41,446] {processor.py:651} INFO - DAG(s) dict_keys(['tutorial']) retrieved from /home/airflow/.local/lib/python3.7/site-packages/airflow/example_dags/tutorial.py
[2022-09-01 06:53:33,894] {logging_mixin.py:115} INFO - [2022-09-01 06:53:33,852] {dag.py:2420} INFO - Sync 1 DAGs
[2022-09-01 06:53:36,743] {logging_mixin.py:115} INFO - [2022-09-01 06:53:36,742] {dag.py:2972} INFO - Setting next_dagrun for tutorial to 2022-08-31T06:53:36.707659+00:00, run_after=2022-09-01T06:53:36.707659+00:00
[2022-09-01 12:37:02,781] {processor.py:153} INFO - Started process (PID=7706) to work on /home/airflow/.local/lib/python3.7/site-packages/airflow/example_dags/tutorial.py
[2022-09-01 12:37:02,807] {processor.py:641} INFO - Processing file /home/airflow/.local/lib/python3.7/site-packages/airflow/example_dags/tutorial.py for tasks to queue
[2022-09-01 12:37:02,854] {logging_mixin.py:115} INFO - [2022-09-01 12:37:02,854] {dagbag.py:508} INFO - Filling up the DagBag from /home/airflow/.local/lib/python3.7/site-packages/airflow/example_dags/tutorial.py
[2022-09-01 12:37:03,024] {processor.py:651} INFO - DAG(s) dict_keys(['tutorial']) retrieved from /home/airflow/.local/lib/python3.7/site-packages/airflow/example_dags/tutorial.py
[2022-09-01 12:37:03,635] {logging_mixin.py:115} INFO - [2022-09-01 12:37:03,635] {dag.py:2420} INFO - Sync 1 DAGs
[2022-09-01 12:37:04,308] {logging_mixin.py:115} INFO - [2022-09-01 12:37:04,307] {dag.py:2972} INFO - Setting next_dagrun for tutorial to 2022-08-31T12:37:04.307513+00:00, run_after=2022-09-01T12:37:04.307513+00:00
[2022-09-01 12:37:04,503] {processor.py:161} INFO - Processing /home/airflow/.local/lib/python3.7/site-packages/airflow/example_dags/tutorial.py took 1.769 seconds
[2022-09-01 13:59:25,359] {processor.py:153} INFO - Started process (PID=7758) to work on /home/airflow/.local/lib/python3.7/site-packages/airflow/example_dags/tutorial.py
[2022-09-01 13:59:25,382] {processor.py:641} INFO - Processing file /home/airflow/.local/lib/python3.7/site-packages/airflow/example_dags/tutorial.py for tasks to queue
[2022-09-01 13:59:25,411] {logging_mixin.py:115} INFO - [2022-09-01 13:59:25,411] {dagbag.py:508} INFO - Filling up the DagBag from /home/airflow/.local/lib/python3.7/site-packages/airflow/example_dags/tutorial.py
[2022-09-01 13:59:25,491] {processor.py:651} INFO - DAG(s) dict_keys(['tutorial']) retrieved from /home/airflow/.local/lib/python3.7/site-packages/airflow/example_dags/tutorial.py
[2022-09-01 13:59:26,157] {logging_mixin.py:115} INFO - [2022-09-01 13:59:26,157] {dag.py:2420} INFO - Sync 1 DAGs
[2022-09-01 13:59:26,640] {logging_mixin.py:115} INFO - [2022-09-01 13:59:26,640] {dag.py:2972} INFO - Setting next_dagrun for tutorial to 2022-08-31T13:59:26.638934+00:00, run_after=2022-09-01T13:59:26.638934+00:00
[2022-09-01 13:59:27,425] {processor.py:161} INFO - Processing /home/airflow/.local/lib/python3.7/site-packages/airflow/example_dags/tutorial.py took 2.105 seconds
[2022-09-01 14:01:42,784] {processor.py:153} INFO - Started process (PID=7802) to work on /home/airflow/.local/lib/python3.7/site-packages/airflow/example_dags/tutorial.py
[2022-09-01 14:01:42,790] {processor.py:641} INFO - Processing file /home/airflow/.local/lib/python3.7/site-packages/airflow/example_dags/tutorial.py for tasks to queue
[2022-09-01 14:01:42,816] {logging_mixin.py:115} INFO - [2022-09-01 14:01:42,816] {dagbag.py:508} INFO - Filling up the DagBag from /home/airflow/.local/lib/python3.7/site-packages/airflow/example_dags/tutorial.py
[2022-09-01 14:01:42,891] {processor.py:651} INFO - DAG(s) dict_keys(['tutorial']) retrieved from /home/airflow/.local/lib/python3.7/site-packages/airflow/example_dags/tutorial.py
[2022-09-01 14:01:43,180] {logging_mixin.py:115} INFO - [2022-09-01 14:01:43,179] {dag.py:2420} INFO - Sync 1 DAGs
[2022-09-01 14:01:43,714] {logging_mixin.py:115} INFO - [2022-09-01 14:01:43,714] {dag.py:2972} INFO - Setting next_dagrun for tutorial to 2022-08-31T14:01:43.713092+00:00, run_after=2022-09-01T14:01:43.713092+00:00
[2022-09-01 14:01:43,879] {processor.py:161} INFO - Processing /home/airflow/.local/lib/python3.7/site-packages/airflow/example_dags/tutorial.py took 1.154 seconds
[2022-09-01 14:02:14,583] {processor.py:153} INFO - Started process (PID=7849) to work on /home/airflow/.local/lib/python3.7/site-packages/airflow/example_dags/tutorial.py
[2022-09-01 14:02:14,598] {processor.py:641} INFO - Processing file /home/airflow/.local/lib/python3.7/site-packages/airflow/example_dags/tutorial.py for tasks to queue
[2022-09-01 14:02:14,604] {logging_mixin.py:115} INFO - [2022-09-01 14:02:14,604] {dagbag.py:508} INFO - Filling up the DagBag from /home/airflow/.local/lib/python3.7/site-packages/airflow/example_dags/tutorial.py
[2022-09-01 14:02:14,653] {processor.py:651} INFO - DAG(s) dict_keys(['tutorial']) retrieved from /home/airflow/.local/lib/python3.7/site-packages/airflow/example_dags/tutorial.py
[2022-09-01 14:02:14,767] {logging_mixin.py:115} INFO - [2022-09-01 14:02:14,766] {dag.py:2420} INFO - Sync 1 DAGs
[2022-09-01 14:02:14,862] {logging_mixin.py:115} INFO - [2022-09-01 14:02:14,862] {dag.py:2972} INFO - Setting next_dagrun for tutorial to 2022-08-31T14:02:14.861083+00:00, run_after=2022-09-01T14:02:14.861083+00:00
[2022-09-01 14:02:14,916] {processor.py:161} INFO - Processing /home/airflow/.local/lib/python3.7/site-packages/airflow/example_dags/tutorial.py took 0.344 seconds
