[2022-08-31 17:36:09,828] {taskinstance.py:1179} INFO - Dependencies all met for <TaskInstance: 2_daily_transformation_analysis.daily_transform scheduled__2020-08-01T00:00:00+00:00 [queued]>
[2022-08-31 17:36:09,857] {taskinstance.py:1179} INFO - Dependencies all met for <TaskInstance: 2_daily_transformation_analysis.daily_transform scheduled__2020-08-01T00:00:00+00:00 [queued]>
[2022-08-31 17:36:09,859] {taskinstance.py:1376} INFO - 
--------------------------------------------------------------------------------
[2022-08-31 17:36:09,861] {taskinstance.py:1377} INFO - Starting attempt 1 of 1
[2022-08-31 17:36:09,863] {taskinstance.py:1378} INFO - 
--------------------------------------------------------------------------------
[2022-08-31 17:36:09,903] {taskinstance.py:1397} INFO - Executing <Task(BashOperator): daily_transform> on 2020-08-01 00:00:00+00:00
[2022-08-31 17:36:09,918] {standard_task_runner.py:52} INFO - Started process 371 to run task
[2022-08-31 17:36:09,929] {standard_task_runner.py:79} INFO - Running: ['***', 'tasks', 'run', '2_daily_transformation_analysis', 'daily_transform', 'scheduled__2020-08-01T00:00:00+00:00', '--job-id', '5', '--raw', '--subdir', 'DAGS_FOLDER/transform_and_analysis.py', '--cfg-path', '/tmp/tmp05ioi0v1', '--error-file', '/tmp/tmp_1nwq2hs']
[2022-08-31 17:36:09,932] {standard_task_runner.py:80} INFO - Job 5: Subtask daily_transform
[2022-08-31 17:36:10,288] {task_command.py:371} INFO - Running <TaskInstance: 2_daily_transformation_analysis.daily_transform scheduled__2020-08-01T00:00:00+00:00 [running]> on host 4a8ffecbc2e6
[2022-08-31 17:36:11,694] {taskinstance.py:1591} INFO - Exporting the following env vars:
AIRFLOW_CTX_DAG_OWNER=***
AIRFLOW_CTX_DAG_ID=2_daily_transformation_analysis
AIRFLOW_CTX_TASK_ID=daily_transform
AIRFLOW_CTX_EXECUTION_DATE=2020-08-01T00:00:00+00:00
AIRFLOW_CTX_TRY_NUMBER=1
AIRFLOW_CTX_DAG_RUN_ID=scheduled__2020-08-01T00:00:00+00:00
[2022-08-31 17:36:11,715] {subprocess.py:62} INFO - Tmp dir root location: 
 /tmp
[2022-08-31 17:36:11,719] {subprocess.py:74} INFO - Running command: ['bash', '-c', 'cd /dbt && dbt run --models transform --profiles-dir .']
[2022-08-31 17:36:11,761] {subprocess.py:85} INFO - Output:
[2022-08-31 17:36:21,253] {subprocess.py:92} INFO - [0m17:36:21  Running with dbt=1.2.1
[2022-08-31 17:36:21,809] {subprocess.py:92} INFO - [0m17:36:21  Found 5 models, 0 tests, 0 snapshots, 0 analyses, 506 macros, 0 operations, 3 seed files, 0 sources, 0 exposures, 0 metrics
[2022-08-31 17:36:21,818] {subprocess.py:92} INFO - [0m17:36:21
[2022-08-31 17:36:28,644] {subprocess.py:92} INFO - [0m17:36:28  Concurrency: 1 threads (target='dev')
[2022-08-31 17:36:28,652] {subprocess.py:92} INFO - [0m17:36:28
[2022-08-31 17:36:28,677] {subprocess.py:92} INFO - [0m17:36:28  1 of 3 START view model transform.combined_bookings ............................ [RUN]
[2022-08-31 17:36:30,981] {subprocess.py:92} INFO - [0m17:36:30  1 of 3 OK created view model transform.combined_bookings ....................... [[32mSUCCESS 1[0m in 2.28s]
[2022-08-31 17:36:31,009] {subprocess.py:92} INFO - [0m17:36:31  2 of 3 START view model transform.customer ..................................... [RUN]
[2022-08-31 17:36:32,790] {subprocess.py:92} INFO - [0m17:36:32  2 of 3 OK created view model transform.customer ................................ [[32mSUCCESS 1[0m in 1.77s]
[2022-08-31 17:36:32,804] {subprocess.py:92} INFO - [0m17:36:32  3 of 3 START view model transform.prepped_data ................................. [RUN]
[2022-08-31 17:36:34,860] {subprocess.py:92} INFO - [0m17:36:34  3 of 3 OK created view model transform.prepped_data ............................ [[32mSUCCESS 1[0m in 2.04s]
[2022-08-31 17:36:34,911] {subprocess.py:92} INFO - [0m17:36:34
[2022-08-31 17:36:34,915] {subprocess.py:92} INFO - [0m17:36:34  Finished running 3 view models in 0 hours 0 minutes and 13.09 seconds (13.09s).
[2022-08-31 17:36:35,016] {subprocess.py:92} INFO - [0m17:36:35
[2022-08-31 17:36:35,020] {subprocess.py:92} INFO - [0m17:36:35  [32mCompleted successfully[0m
[2022-08-31 17:36:35,024] {subprocess.py:92} INFO - [0m17:36:35
[2022-08-31 17:36:35,028] {subprocess.py:92} INFO - [0m17:36:35  Done. PASS=3 WARN=0 ERROR=0 SKIP=0 TOTAL=3
[2022-08-31 17:36:35,864] {subprocess.py:96} INFO - Command exited with return code 0
[2022-08-31 17:36:35,917] {taskinstance.py:1420} INFO - Marking task as SUCCESS. dag_id=2_daily_transformation_analysis, task_id=daily_transform, execution_date=20200801T000000, start_date=20220831T173609, end_date=20220831T173635
[2022-08-31 17:36:35,997] {local_task_job.py:156} INFO - Task exited with return code 0
[2022-08-31 17:36:36,065] {local_task_job.py:273} INFO - 1 downstream tasks scheduled from follow-on schedule check
[2022-08-31 22:53:47,674] {taskinstance.py:1179} INFO - Dependencies all met for <TaskInstance: 2_daily_transformation_analysis.daily_transform scheduled__2020-08-01T00:00:00+00:00 [queued]>
[2022-08-31 22:53:47,722] {taskinstance.py:1179} INFO - Dependencies all met for <TaskInstance: 2_daily_transformation_analysis.daily_transform scheduled__2020-08-01T00:00:00+00:00 [queued]>
[2022-08-31 22:53:47,725] {taskinstance.py:1376} INFO - 
--------------------------------------------------------------------------------
[2022-08-31 22:53:47,728] {taskinstance.py:1377} INFO - Starting attempt 1 of 1
[2022-08-31 22:53:47,734] {taskinstance.py:1378} INFO - 
--------------------------------------------------------------------------------
[2022-08-31 22:53:47,785] {taskinstance.py:1397} INFO - Executing <Task(BashOperator): daily_transform> on 2020-08-01 00:00:00+00:00
[2022-08-31 22:53:47,801] {standard_task_runner.py:52} INFO - Started process 2469 to run task
[2022-08-31 22:53:47,828] {standard_task_runner.py:79} INFO - Running: ['***', 'tasks', 'run', '2_daily_transformation_analysis', 'daily_transform', 'scheduled__2020-08-01T00:00:00+00:00', '--job-id', '5', '--raw', '--subdir', 'DAGS_FOLDER/transform_and_analysis.py', '--cfg-path', '/tmp/tmpytymgkti', '--error-file', '/tmp/tmpmrfpms79']
[2022-08-31 22:53:47,831] {standard_task_runner.py:80} INFO - Job 5: Subtask daily_transform
[2022-08-31 22:53:47,979] {task_command.py:371} INFO - Running <TaskInstance: 2_daily_transformation_analysis.daily_transform scheduled__2020-08-01T00:00:00+00:00 [running]> on host 1b3d1bb2039d
[2022-08-31 22:53:48,352] {taskinstance.py:1591} INFO - Exporting the following env vars:
AIRFLOW_CTX_DAG_OWNER=***
AIRFLOW_CTX_DAG_ID=2_daily_transformation_analysis
AIRFLOW_CTX_TASK_ID=daily_transform
AIRFLOW_CTX_EXECUTION_DATE=2020-08-01T00:00:00+00:00
AIRFLOW_CTX_TRY_NUMBER=1
AIRFLOW_CTX_DAG_RUN_ID=scheduled__2020-08-01T00:00:00+00:00
[2022-08-31 22:53:48,358] {subprocess.py:62} INFO - Tmp dir root location: 
 /tmp
[2022-08-31 22:53:48,362] {subprocess.py:74} INFO - Running command: ['bash', '-c', 'cd /dbt && dbt run --models transform --profiles-dir .']
[2022-08-31 22:53:48,404] {subprocess.py:85} INFO - Output:
[2022-08-31 22:53:59,119] {subprocess.py:92} INFO - [0m22:53:59  Running with dbt=1.2.1
[2022-08-31 22:53:59,900] {subprocess.py:92} INFO - [0m22:53:59  Found 5 models, 0 tests, 0 snapshots, 0 analyses, 506 macros, 0 operations, 3 seed files, 0 sources, 0 exposures, 0 metrics
[2022-08-31 22:53:59,908] {subprocess.py:92} INFO - [0m22:53:59
[2022-08-31 22:54:08,437] {subprocess.py:92} INFO - [0m22:54:08  Concurrency: 1 threads (target='dev')
[2022-08-31 22:54:08,440] {subprocess.py:92} INFO - [0m22:54:08
[2022-08-31 22:54:08,460] {subprocess.py:92} INFO - [0m22:54:08  1 of 3 START view model transform.combined_bookings ............................ [RUN]
[2022-08-31 22:54:10,887] {subprocess.py:92} INFO - [0m22:54:10  1 of 3 OK created view model transform.combined_bookings ....................... [[32mSUCCESS 1[0m in 2.42s]
[2022-08-31 22:54:10,903] {subprocess.py:92} INFO - [0m22:54:10  2 of 3 START view model transform.customer ..................................... [RUN]
[2022-08-31 22:54:13,196] {subprocess.py:92} INFO - [0m22:54:13  2 of 3 OK created view model transform.customer ................................ [[32mSUCCESS 1[0m in 2.28s]
[2022-08-31 22:54:13,217] {subprocess.py:92} INFO - [0m22:54:13  3 of 3 START view model transform.prepped_data ................................. [RUN]
[2022-08-31 22:54:15,308] {subprocess.py:92} INFO - [0m22:54:15  3 of 3 OK created view model transform.prepped_data ............................ [[32mSUCCESS 1[0m in 2.06s]
[2022-08-31 22:54:15,431] {subprocess.py:92} INFO - [0m22:54:15
[2022-08-31 22:54:15,437] {subprocess.py:92} INFO - [0m22:54:15  Finished running 3 view models in 0 hours 0 minutes and 15.51 seconds (15.51s).
[2022-08-31 22:54:15,716] {subprocess.py:92} INFO - [0m22:54:15
[2022-08-31 22:54:15,724] {subprocess.py:92} INFO - [0m22:54:15  [32mCompleted successfully[0m
[2022-08-31 22:54:15,732] {subprocess.py:92} INFO - [0m22:54:15
[2022-08-31 22:54:15,737] {subprocess.py:92} INFO - [0m22:54:15  Done. PASS=3 WARN=0 ERROR=0 SKIP=0 TOTAL=3
[2022-08-31 22:54:17,179] {subprocess.py:96} INFO - Command exited with return code 0
[2022-08-31 22:54:17,351] {taskinstance.py:1420} INFO - Marking task as SUCCESS. dag_id=2_daily_transformation_analysis, task_id=daily_transform, execution_date=20200801T000000, start_date=20220831T225347, end_date=20220831T225417
[2022-08-31 22:54:17,432] {local_task_job.py:156} INFO - Task exited with return code 0
[2022-08-31 22:54:17,617] {local_task_job.py:273} INFO - 1 downstream tasks scheduled from follow-on schedule check
[2022-09-02 18:14:56,472] {taskinstance.py:1179} INFO - Dependencies all met for <TaskInstance: 2_daily_transformation_analysis.daily_transform scheduled__2020-08-01T00:00:00+00:00 [queued]>
[2022-09-02 18:14:56,517] {taskinstance.py:1179} INFO - Dependencies all met for <TaskInstance: 2_daily_transformation_analysis.daily_transform scheduled__2020-08-01T00:00:00+00:00 [queued]>
[2022-09-02 18:14:56,520] {taskinstance.py:1376} INFO - 
--------------------------------------------------------------------------------
[2022-09-02 18:14:56,522] {taskinstance.py:1377} INFO - Starting attempt 1 of 1
[2022-09-02 18:14:56,526] {taskinstance.py:1378} INFO - 
--------------------------------------------------------------------------------
[2022-09-02 18:14:56,560] {taskinstance.py:1397} INFO - Executing <Task(BashOperator): daily_transform> on 2020-08-01 00:00:00+00:00
[2022-09-02 18:14:56,576] {standard_task_runner.py:52} INFO - Started process 369 to run task
[2022-09-02 18:14:56,585] {standard_task_runner.py:79} INFO - Running: ['***', 'tasks', 'run', '2_daily_transformation_analysis', 'daily_transform', 'scheduled__2020-08-01T00:00:00+00:00', '--job-id', '4', '--raw', '--subdir', 'DAGS_FOLDER/transform_and_analysis.py', '--cfg-path', '/tmp/tmpm1ehqxr6', '--error-file', '/tmp/tmp3uvxkhry']
[2022-09-02 18:14:56,587] {standard_task_runner.py:80} INFO - Job 4: Subtask daily_transform
[2022-09-02 18:14:56,812] {task_command.py:371} INFO - Running <TaskInstance: 2_daily_transformation_analysis.daily_transform scheduled__2020-08-01T00:00:00+00:00 [running]> on host 26ff35fadbf5
[2022-09-02 18:14:57,107] {taskinstance.py:1591} INFO - Exporting the following env vars:
AIRFLOW_CTX_DAG_OWNER=***
AIRFLOW_CTX_DAG_ID=2_daily_transformation_analysis
AIRFLOW_CTX_TASK_ID=daily_transform
AIRFLOW_CTX_EXECUTION_DATE=2020-08-01T00:00:00+00:00
AIRFLOW_CTX_TRY_NUMBER=1
AIRFLOW_CTX_DAG_RUN_ID=scheduled__2020-08-01T00:00:00+00:00
[2022-09-02 18:14:57,111] {subprocess.py:62} INFO - Tmp dir root location: 
 /tmp
[2022-09-02 18:14:57,114] {subprocess.py:74} INFO - Running command: ['bash', '-c', 'cd /dbt && dbt run --models transform --profiles-dir .']
[2022-09-02 18:14:57,141] {subprocess.py:85} INFO - Output:
[2022-09-02 18:15:06,563] {subprocess.py:92} INFO - [0m18:15:06  Running with dbt=1.2.1
[2022-09-02 18:15:07,449] {subprocess.py:92} INFO - [0m18:15:07  Found 5 models, 0 tests, 0 snapshots, 0 analyses, 506 macros, 0 operations, 3 seed files, 0 sources, 0 exposures, 0 metrics
[2022-09-02 18:15:07,462] {subprocess.py:92} INFO - [0m18:15:07
[2022-09-02 18:15:14,346] {subprocess.py:92} INFO - [0m18:15:14  Concurrency: 1 threads (target='dev')
[2022-09-02 18:15:14,350] {subprocess.py:92} INFO - [0m18:15:14
[2022-09-02 18:15:14,389] {subprocess.py:92} INFO - [0m18:15:14  1 of 3 START view model transform.combined_bookings ............................ [RUN]
[2022-09-02 18:15:17,796] {subprocess.py:92} INFO - [0m18:15:17  1 of 3 OK created view model transform.combined_bookings ....................... [[32mSUCCESS 1[0m in 3.40s]
[2022-09-02 18:15:17,807] {subprocess.py:92} INFO - [0m18:15:17  2 of 3 START view model transform.customer ..................................... [RUN]
[2022-09-02 18:15:20,101] {subprocess.py:92} INFO - [0m18:15:20  2 of 3 OK created view model transform.customer ................................ [[32mSUCCESS 1[0m in 2.28s]
[2022-09-02 18:15:20,118] {subprocess.py:92} INFO - [0m18:15:20  3 of 3 START view model transform.prepped_data ................................. [RUN]
[2022-09-02 18:15:22,728] {subprocess.py:92} INFO - [0m18:15:22  3 of 3 OK created view model transform.prepped_data ............................ [[32mSUCCESS 1[0m in 2.58s]
[2022-09-02 18:15:22,782] {subprocess.py:92} INFO - [0m18:15:22
[2022-09-02 18:15:22,789] {subprocess.py:92} INFO - [0m18:15:22  Finished running 3 view models in 0 hours 0 minutes and 15.31 seconds (15.31s).
[2022-09-02 18:15:22,992] {subprocess.py:92} INFO - [0m18:15:22
[2022-09-02 18:15:23,013] {subprocess.py:92} INFO - [0m18:15:23  [32mCompleted successfully[0m
[2022-09-02 18:15:23,025] {subprocess.py:92} INFO - [0m18:15:23
[2022-09-02 18:15:23,038] {subprocess.py:92} INFO - [0m18:15:23  Done. PASS=3 WARN=0 ERROR=0 SKIP=0 TOTAL=3
[2022-09-02 18:15:24,451] {subprocess.py:96} INFO - Command exited with return code 0
[2022-09-02 18:15:24,581] {taskinstance.py:1420} INFO - Marking task as SUCCESS. dag_id=2_daily_transformation_analysis, task_id=daily_transform, execution_date=20200801T000000, start_date=20220902T181456, end_date=20220902T181524
[2022-09-02 18:15:24,684] {local_task_job.py:156} INFO - Task exited with return code 0
[2022-09-02 18:15:24,798] {local_task_job.py:273} INFO - 1 downstream tasks scheduled from follow-on schedule check
[2022-09-02 20:19:52,967] {taskinstance.py:1179} INFO - Dependencies all met for <TaskInstance: 2_daily_transformation_analysis.daily_transform scheduled__2020-08-01T00:00:00+00:00 [queued]>
[2022-09-02 20:19:53,022] {taskinstance.py:1179} INFO - Dependencies all met for <TaskInstance: 2_daily_transformation_analysis.daily_transform scheduled__2020-08-01T00:00:00+00:00 [queued]>
[2022-09-02 20:19:53,028] {taskinstance.py:1376} INFO - 
--------------------------------------------------------------------------------
[2022-09-02 20:19:53,031] {taskinstance.py:1377} INFO - Starting attempt 1 of 1
[2022-09-02 20:19:53,035] {taskinstance.py:1378} INFO - 
--------------------------------------------------------------------------------
[2022-09-02 20:19:53,107] {taskinstance.py:1397} INFO - Executing <Task(BashOperator): daily_transform> on 2020-08-01 00:00:00+00:00
[2022-09-02 20:19:53,129] {standard_task_runner.py:52} INFO - Started process 737 to run task
[2022-09-02 20:19:53,158] {standard_task_runner.py:79} INFO - Running: ['***', 'tasks', 'run', '2_daily_transformation_analysis', 'daily_transform', 'scheduled__2020-08-01T00:00:00+00:00', '--job-id', '4', '--raw', '--subdir', 'DAGS_FOLDER/transform_and_analysis.py', '--cfg-path', '/tmp/tmp1h31aa_0', '--error-file', '/tmp/tmp_2lfhfkv']
[2022-09-02 20:19:53,165] {standard_task_runner.py:80} INFO - Job 4: Subtask daily_transform
[2022-09-02 20:19:53,636] {task_command.py:371} INFO - Running <TaskInstance: 2_daily_transformation_analysis.daily_transform scheduled__2020-08-01T00:00:00+00:00 [running]> on host 46684d13e18c
[2022-09-02 20:19:54,282] {taskinstance.py:1591} INFO - Exporting the following env vars:
AIRFLOW_CTX_DAG_OWNER=***
AIRFLOW_CTX_DAG_ID=2_daily_transformation_analysis
AIRFLOW_CTX_TASK_ID=daily_transform
AIRFLOW_CTX_EXECUTION_DATE=2020-08-01T00:00:00+00:00
AIRFLOW_CTX_TRY_NUMBER=1
AIRFLOW_CTX_DAG_RUN_ID=scheduled__2020-08-01T00:00:00+00:00
[2022-09-02 20:19:54,292] {subprocess.py:62} INFO - Tmp dir root location: 
 /tmp
[2022-09-02 20:19:54,302] {subprocess.py:74} INFO - Running command: ['bash', '-c', 'cd /dbt && dbt run --models transform --profiles-dir .']
[2022-09-02 20:19:54,467] {subprocess.py:85} INFO - Output:
[2022-09-02 20:20:10,603] {subprocess.py:92} INFO - [0m20:20:10  Running with dbt=1.2.1
[2022-09-02 20:20:11,789] {subprocess.py:92} INFO - [0m20:20:11  Found 5 models, 0 tests, 0 snapshots, 0 analyses, 506 macros, 0 operations, 3 seed files, 0 sources, 0 exposures, 0 metrics
[2022-09-02 20:20:11,806] {subprocess.py:92} INFO - [0m20:20:11
[2022-09-02 20:20:38,166] {subprocess.py:92} INFO - [0m20:20:38  Concurrency: 1 threads (target='dev')
[2022-09-02 20:20:38,175] {subprocess.py:92} INFO - [0m20:20:38
[2022-09-02 20:20:38,236] {subprocess.py:92} INFO - [0m20:20:38  1 of 3 START view model transform.combined_bookings ............................ [RUN]
[2022-09-02 20:20:47,592] {subprocess.py:92} INFO - [0m20:20:47  1 of 3 OK created view model transform.combined_bookings ....................... [[32mSUCCESS 1[0m in 9.30s]
[2022-09-02 20:20:47,622] {subprocess.py:92} INFO - [0m20:20:47  2 of 3 START view model transform.customer ..................................... [RUN]
[2022-09-02 20:20:51,700] {subprocess.py:92} INFO - [0m20:20:51  2 of 3 OK created view model transform.customer ................................ [[32mSUCCESS 1[0m in 4.04s]
[2022-09-02 20:20:51,795] {subprocess.py:92} INFO - [0m20:20:51  3 of 3 START view model transform.prepped_data ................................. [RUN]
[2022-09-02 20:20:55,697] {subprocess.py:92} INFO - [0m20:20:55  3 of 3 OK created view model transform.prepped_data ............................ [[32mSUCCESS 1[0m in 3.89s]
[2022-09-02 20:20:55,756] {subprocess.py:92} INFO - [0m20:20:55
[2022-09-02 20:20:55,762] {subprocess.py:92} INFO - [0m20:20:55  Finished running 3 view models in 0 hours 0 minutes and 43.94 seconds (43.94s).
[2022-09-02 20:20:55,863] {subprocess.py:92} INFO - [0m20:20:55
[2022-09-02 20:20:55,870] {subprocess.py:92} INFO - [0m20:20:55  [32mCompleted successfully[0m
[2022-09-02 20:20:55,883] {subprocess.py:92} INFO - [0m20:20:55
[2022-09-02 20:20:55,896] {subprocess.py:92} INFO - [0m20:20:55  Done. PASS=3 WARN=0 ERROR=0 SKIP=0 TOTAL=3
[2022-09-02 20:20:58,655] {subprocess.py:96} INFO - Command exited with return code 0
[2022-09-02 20:20:59,553] {taskinstance.py:1420} INFO - Marking task as SUCCESS. dag_id=2_daily_transformation_analysis, task_id=daily_transform, execution_date=20200801T000000, start_date=20220902T201952, end_date=20220902T202059
[2022-09-02 20:21:00,510] {local_task_job.py:156} INFO - Task exited with return code 0
[2022-09-02 20:21:01,519] {local_task_job.py:273} INFO - 1 downstream tasks scheduled from follow-on schedule check
