[2022-09-28 16:53:23,872] {processor.py:153} INFO - Started process (PID=123) to work on /opt/airflow/dags/init.py
[2022-09-28 16:53:23,883] {processor.py:641} INFO - Processing file /opt/airflow/dags/init.py for tasks to queue
[2022-09-28 16:53:23,886] {logging_mixin.py:115} INFO - [2022-09-28 16:53:23,886] {dagbag.py:508} INFO - Filling up the DagBag from /opt/airflow/dags/init.py
[2022-09-28 16:53:24,310] {processor.py:651} INFO - DAG(s) dict_keys(['1_init_once_seed_data']) retrieved from /opt/airflow/dags/init.py
[2022-09-28 16:53:25,448] {logging_mixin.py:115} INFO - [2022-09-28 16:53:25,448] {dag.py:2420} INFO - Sync 1 DAGs
[2022-09-28 16:53:25,521] {logging_mixin.py:115} INFO - [2022-09-28 16:53:25,520] {dag.py:2972} INFO - Setting next_dagrun for 1_init_once_seed_data to None, run_after=None
[2022-09-28 16:53:25,659] {processor.py:161} INFO - Processing /opt/airflow/dags/init.py took 1.826 seconds
[2022-09-28 16:54:14,587] {processor.py:153} INFO - Started process (PID=178) to work on /opt/airflow/dags/init.py
[2022-09-28 16:54:14,600] {processor.py:641} INFO - Processing file /opt/airflow/dags/init.py for tasks to queue
[2022-09-28 16:54:14,602] {logging_mixin.py:115} INFO - [2022-09-28 16:54:14,602] {dagbag.py:508} INFO - Filling up the DagBag from /opt/airflow/dags/init.py
[2022-09-28 16:54:15,082] {processor.py:651} INFO - DAG(s) dict_keys(['1_init_once_seed_data']) retrieved from /opt/airflow/dags/init.py
[2022-09-28 16:54:15,133] {logging_mixin.py:115} INFO - [2022-09-28 16:54:15,132] {dag.py:2420} INFO - Sync 1 DAGs
[2022-09-28 16:54:15,179] {logging_mixin.py:115} INFO - [2022-09-28 16:54:15,179] {dag.py:2972} INFO - Setting next_dagrun for 1_init_once_seed_data to None, run_after=None
[2022-09-28 16:54:15,226] {processor.py:161} INFO - Processing /opt/airflow/dags/init.py took 0.646 seconds
[2022-09-28 16:54:45,455] {processor.py:153} INFO - Started process (PID=245) to work on /opt/airflow/dags/init.py
[2022-09-28 16:54:45,456] {processor.py:641} INFO - Processing file /opt/airflow/dags/init.py for tasks to queue
[2022-09-28 16:54:45,458] {logging_mixin.py:115} INFO - [2022-09-28 16:54:45,458] {dagbag.py:508} INFO - Filling up the DagBag from /opt/airflow/dags/init.py
[2022-09-28 16:54:45,786] {processor.py:651} INFO - DAG(s) dict_keys(['1_init_once_seed_data']) retrieved from /opt/airflow/dags/init.py
[2022-09-28 16:54:45,840] {logging_mixin.py:115} INFO - [2022-09-28 16:54:45,840] {dag.py:2420} INFO - Sync 1 DAGs
[2022-09-28 16:54:45,929] {logging_mixin.py:115} INFO - [2022-09-28 16:54:45,929] {dag.py:2972} INFO - Setting next_dagrun for 1_init_once_seed_data to None, run_after=None
[2022-09-28 16:54:45,967] {processor.py:161} INFO - Processing /opt/airflow/dags/init.py took 0.517 seconds
[2022-09-28 16:55:17,571] {processor.py:153} INFO - Started process (PID=300) to work on /opt/airflow/dags/init.py
[2022-09-28 16:55:17,575] {processor.py:641} INFO - Processing file /opt/airflow/dags/init.py for tasks to queue
[2022-09-28 16:55:17,578] {logging_mixin.py:115} INFO - [2022-09-28 16:55:17,577] {dagbag.py:508} INFO - Filling up the DagBag from /opt/airflow/dags/init.py
[2022-09-28 16:55:18,017] {processor.py:651} INFO - DAG(s) dict_keys(['1_init_once_seed_data']) retrieved from /opt/airflow/dags/init.py
[2022-09-28 16:55:18,080] {logging_mixin.py:115} INFO - [2022-09-28 16:55:18,080] {dag.py:2420} INFO - Sync 1 DAGs
[2022-09-28 16:55:18,132] {logging_mixin.py:115} INFO - [2022-09-28 16:55:18,132] {dag.py:2972} INFO - Setting next_dagrun for 1_init_once_seed_data to None, run_after=None
[2022-09-28 16:55:18,159] {processor.py:161} INFO - Processing /opt/airflow/dags/init.py took 0.593 seconds
[2022-09-28 16:55:48,564] {processor.py:153} INFO - Started process (PID=359) to work on /opt/airflow/dags/init.py
[2022-09-28 16:55:48,572] {processor.py:641} INFO - Processing file /opt/airflow/dags/init.py for tasks to queue
[2022-09-28 16:55:48,575] {logging_mixin.py:115} INFO - [2022-09-28 16:55:48,575] {dagbag.py:508} INFO - Filling up the DagBag from /opt/airflow/dags/init.py
[2022-09-28 16:55:48,876] {processor.py:651} INFO - DAG(s) dict_keys(['1_init_once_seed_data']) retrieved from /opt/airflow/dags/init.py
[2022-09-28 16:55:48,904] {logging_mixin.py:115} INFO - [2022-09-28 16:55:48,903] {dag.py:2420} INFO - Sync 1 DAGs
[2022-09-28 16:55:48,936] {logging_mixin.py:115} INFO - [2022-09-28 16:55:48,936] {dag.py:2972} INFO - Setting next_dagrun for 1_init_once_seed_data to None, run_after=None
[2022-09-28 16:55:48,950] {processor.py:161} INFO - Processing /opt/airflow/dags/init.py took 0.393 seconds
[2022-09-28 16:56:20,079] {processor.py:153} INFO - Started process (PID=423) to work on /opt/airflow/dags/init.py
[2022-09-28 16:56:20,083] {processor.py:641} INFO - Processing file /opt/airflow/dags/init.py for tasks to queue
[2022-09-28 16:56:20,087] {logging_mixin.py:115} INFO - [2022-09-28 16:56:20,086] {dagbag.py:508} INFO - Filling up the DagBag from /opt/airflow/dags/init.py
[2022-09-28 16:56:21,088] {processor.py:651} INFO - DAG(s) dict_keys(['1_init_once_seed_data']) retrieved from /opt/airflow/dags/init.py
[2022-09-28 16:56:21,164] {logging_mixin.py:115} INFO - [2022-09-28 16:56:21,163] {dag.py:2420} INFO - Sync 1 DAGs
[2022-09-28 16:56:21,230] {logging_mixin.py:115} INFO - [2022-09-28 16:56:21,229] {dag.py:2972} INFO - Setting next_dagrun for 1_init_once_seed_data to None, run_after=None
[2022-09-28 16:56:21,292] {processor.py:161} INFO - Processing /opt/airflow/dags/init.py took 1.223 seconds
[2022-09-28 16:57:01,010] {processor.py:153} INFO - Started process (PID=485) to work on /opt/airflow/dags/init.py
[2022-09-28 16:57:01,038] {processor.py:641} INFO - Processing file /opt/airflow/dags/init.py for tasks to queue
[2022-09-28 16:57:01,092] {logging_mixin.py:115} INFO - [2022-09-28 16:57:01,082] {dagbag.py:508} INFO - Filling up the DagBag from /opt/airflow/dags/init.py
[2022-09-28 16:57:12,564] {processor.py:651} INFO - DAG(s) dict_keys(['1_init_once_seed_data']) retrieved from /opt/airflow/dags/init.py
[2022-09-28 16:57:13,411] {logging_mixin.py:115} INFO - [2022-09-28 16:57:13,411] {dag.py:2420} INFO - Sync 1 DAGs
[2022-09-28 16:57:13,523] {logging_mixin.py:115} INFO - [2022-09-28 16:57:13,523] {dag.py:2972} INFO - Setting next_dagrun for 1_init_once_seed_data to None, run_after=None
[2022-09-28 16:57:13,643] {processor.py:161} INFO - Processing /opt/airflow/dags/init.py took 12.772 seconds
[2022-09-28 16:57:44,673] {processor.py:153} INFO - Started process (PID=545) to work on /opt/airflow/dags/init.py
[2022-09-28 16:57:44,674] {processor.py:641} INFO - Processing file /opt/airflow/dags/init.py for tasks to queue
[2022-09-28 16:57:44,676] {logging_mixin.py:115} INFO - [2022-09-28 16:57:44,676] {dagbag.py:508} INFO - Filling up the DagBag from /opt/airflow/dags/init.py
[2022-09-28 16:57:44,917] {processor.py:651} INFO - DAG(s) dict_keys(['1_init_once_seed_data']) retrieved from /opt/airflow/dags/init.py
[2022-09-28 16:57:44,962] {logging_mixin.py:115} INFO - [2022-09-28 16:57:44,962] {dag.py:2420} INFO - Sync 1 DAGs
[2022-09-28 16:57:45,003] {logging_mixin.py:115} INFO - [2022-09-28 16:57:45,003] {dag.py:2972} INFO - Setting next_dagrun for 1_init_once_seed_data to None, run_after=None
[2022-09-28 16:57:45,021] {processor.py:161} INFO - Processing /opt/airflow/dags/init.py took 0.354 seconds
[2022-09-28 16:58:15,669] {processor.py:153} INFO - Started process (PID=609) to work on /opt/airflow/dags/init.py
[2022-09-28 16:58:15,685] {processor.py:641} INFO - Processing file /opt/airflow/dags/init.py for tasks to queue
[2022-09-28 16:58:15,690] {logging_mixin.py:115} INFO - [2022-09-28 16:58:15,690] {dagbag.py:508} INFO - Filling up the DagBag from /opt/airflow/dags/init.py
[2022-09-28 16:58:16,747] {processor.py:651} INFO - DAG(s) dict_keys(['1_init_once_seed_data']) retrieved from /opt/airflow/dags/init.py
[2022-09-28 16:58:16,925] {logging_mixin.py:115} INFO - [2022-09-28 16:58:16,925] {dag.py:2420} INFO - Sync 1 DAGs
[2022-09-28 16:58:17,232] {logging_mixin.py:115} INFO - [2022-09-28 16:58:17,232] {dag.py:2972} INFO - Setting next_dagrun for 1_init_once_seed_data to None, run_after=None
[2022-09-28 16:58:17,395] {processor.py:161} INFO - Processing /opt/airflow/dags/init.py took 1.758 seconds
[2022-09-28 16:58:47,980] {processor.py:153} INFO - Started process (PID=655) to work on /opt/airflow/dags/init.py
[2022-09-28 16:58:47,996] {processor.py:641} INFO - Processing file /opt/airflow/dags/init.py for tasks to queue
[2022-09-28 16:58:47,997] {logging_mixin.py:115} INFO - [2022-09-28 16:58:47,997] {dagbag.py:508} INFO - Filling up the DagBag from /opt/airflow/dags/init.py
[2022-09-28 16:58:48,031] {processor.py:651} INFO - DAG(s) dict_keys(['1_init_once_seed_data']) retrieved from /opt/airflow/dags/init.py
[2022-09-28 16:58:48,117] {logging_mixin.py:115} INFO - [2022-09-28 16:58:48,117] {dag.py:2420} INFO - Sync 1 DAGs
[2022-09-28 16:58:48,177] {logging_mixin.py:115} INFO - [2022-09-28 16:58:48,177] {dag.py:2972} INFO - Setting next_dagrun for 1_init_once_seed_data to None, run_after=None
[2022-09-28 16:58:48,213] {processor.py:161} INFO - Processing /opt/airflow/dags/init.py took 0.239 seconds
[2022-09-28 17:08:22,709] {processor.py:153} INFO - Started process (PID=111) to work on /opt/airflow/dags/init.py
[2022-09-28 17:08:22,711] {processor.py:641} INFO - Processing file /opt/airflow/dags/init.py for tasks to queue
[2022-09-28 17:08:22,713] {logging_mixin.py:115} INFO - [2022-09-28 17:08:22,713] {dagbag.py:508} INFO - Filling up the DagBag from /opt/airflow/dags/init.py
[2022-09-28 17:08:22,754] {processor.py:651} INFO - DAG(s) dict_keys(['1_init_once_seed_data']) retrieved from /opt/airflow/dags/init.py
[2022-09-28 17:08:23,041] {logging_mixin.py:115} INFO - [2022-09-28 17:08:23,041] {manager.py:508} INFO - Created Permission View: can read on DAG:1_init_once_seed_data
[2022-09-28 17:08:23,059] {logging_mixin.py:115} INFO - [2022-09-28 17:08:23,059] {manager.py:508} INFO - Created Permission View: can delete on DAG:1_init_once_seed_data
[2022-09-28 17:08:23,096] {logging_mixin.py:115} INFO - [2022-09-28 17:08:23,095] {manager.py:508} INFO - Created Permission View: can edit on DAG:1_init_once_seed_data
[2022-09-28 17:08:23,097] {logging_mixin.py:115} INFO - [2022-09-28 17:08:23,097] {dag.py:2420} INFO - Sync 1 DAGs
[2022-09-28 17:08:23,109] {logging_mixin.py:115} INFO - [2022-09-28 17:08:23,108] {dag.py:2439} INFO - Creating ORM DAG for 1_init_once_seed_data
[2022-09-28 17:08:23,178] {logging_mixin.py:115} INFO - [2022-09-28 17:08:23,177] {dag.py:2972} INFO - Setting next_dagrun for 1_init_once_seed_data to 2020-07-01T00:00:00+00:00, run_after=2020-07-01T00:00:00+00:00
[2022-09-28 17:08:23,411] {processor.py:161} INFO - Processing /opt/airflow/dags/init.py took 0.714 seconds
[2022-09-28 17:08:53,799] {processor.py:153} INFO - Started process (PID=167) to work on /opt/airflow/dags/init.py
[2022-09-28 17:08:53,800] {processor.py:641} INFO - Processing file /opt/airflow/dags/init.py for tasks to queue
[2022-09-28 17:08:53,802] {logging_mixin.py:115} INFO - [2022-09-28 17:08:53,802] {dagbag.py:508} INFO - Filling up the DagBag from /opt/airflow/dags/init.py
[2022-09-28 17:08:53,959] {processor.py:651} INFO - DAG(s) dict_keys(['1_init_once_seed_data']) retrieved from /opt/airflow/dags/init.py
[2022-09-28 17:08:53,987] {logging_mixin.py:115} INFO - [2022-09-28 17:08:53,987] {dag.py:2420} INFO - Sync 1 DAGs
[2022-09-28 17:08:54,009] {logging_mixin.py:115} INFO - [2022-09-28 17:08:54,009] {dag.py:2972} INFO - Setting next_dagrun for 1_init_once_seed_data to 2020-07-01T00:00:00+00:00, run_after=2020-07-01T00:00:00+00:00
[2022-09-28 17:08:54,022] {processor.py:161} INFO - Processing /opt/airflow/dags/init.py took 0.236 seconds
[2022-09-28 17:09:24,132] {processor.py:153} INFO - Started process (PID=235) to work on /opt/airflow/dags/init.py
[2022-09-28 17:09:24,134] {processor.py:641} INFO - Processing file /opt/airflow/dags/init.py for tasks to queue
[2022-09-28 17:09:24,136] {logging_mixin.py:115} INFO - [2022-09-28 17:09:24,136] {dagbag.py:508} INFO - Filling up the DagBag from /opt/airflow/dags/init.py
[2022-09-28 17:09:24,289] {processor.py:651} INFO - DAG(s) dict_keys(['1_init_once_seed_data']) retrieved from /opt/airflow/dags/init.py
[2022-09-28 17:09:24,322] {logging_mixin.py:115} INFO - [2022-09-28 17:09:24,322] {dag.py:2420} INFO - Sync 1 DAGs
[2022-09-28 17:09:24,346] {logging_mixin.py:115} INFO - [2022-09-28 17:09:24,346] {dag.py:2972} INFO - Setting next_dagrun for 1_init_once_seed_data to 2020-07-01T00:00:00+00:00, run_after=2020-07-01T00:00:00+00:00
[2022-09-28 17:09:24,360] {processor.py:161} INFO - Processing /opt/airflow/dags/init.py took 0.232 seconds
[2022-09-28 17:09:54,601] {processor.py:153} INFO - Started process (PID=290) to work on /opt/airflow/dags/init.py
[2022-09-28 17:09:54,602] {processor.py:641} INFO - Processing file /opt/airflow/dags/init.py for tasks to queue
[2022-09-28 17:09:54,604] {logging_mixin.py:115} INFO - [2022-09-28 17:09:54,604] {dagbag.py:508} INFO - Filling up the DagBag from /opt/airflow/dags/init.py
[2022-09-28 17:09:54,806] {processor.py:651} INFO - DAG(s) dict_keys(['1_init_once_seed_data']) retrieved from /opt/airflow/dags/init.py
[2022-09-28 17:09:54,833] {logging_mixin.py:115} INFO - [2022-09-28 17:09:54,833] {dag.py:2420} INFO - Sync 1 DAGs
[2022-09-28 17:09:54,868] {logging_mixin.py:115} INFO - [2022-09-28 17:09:54,868] {dag.py:2972} INFO - Setting next_dagrun for 1_init_once_seed_data to 2020-07-01T00:00:00+00:00, run_after=2020-07-01T00:00:00+00:00
[2022-09-28 17:09:54,886] {processor.py:161} INFO - Processing /opt/airflow/dags/init.py took 0.289 seconds
[2022-09-28 17:10:24,983] {processor.py:153} INFO - Started process (PID=355) to work on /opt/airflow/dags/init.py
[2022-09-28 17:10:24,984] {processor.py:641} INFO - Processing file /opt/airflow/dags/init.py for tasks to queue
[2022-09-28 17:10:24,987] {logging_mixin.py:115} INFO - [2022-09-28 17:10:24,987] {dagbag.py:508} INFO - Filling up the DagBag from /opt/airflow/dags/init.py
[2022-09-28 17:10:25,139] {processor.py:651} INFO - DAG(s) dict_keys(['1_init_once_seed_data']) retrieved from /opt/airflow/dags/init.py
[2022-09-28 17:10:25,162] {logging_mixin.py:115} INFO - [2022-09-28 17:10:25,162] {dag.py:2420} INFO - Sync 1 DAGs
[2022-09-28 17:10:25,187] {logging_mixin.py:115} INFO - [2022-09-28 17:10:25,187] {dag.py:2972} INFO - Setting next_dagrun for 1_init_once_seed_data to 2020-07-01T00:00:00+00:00, run_after=2020-07-01T00:00:00+00:00
[2022-09-28 17:10:25,205] {processor.py:161} INFO - Processing /opt/airflow/dags/init.py took 0.228 seconds
[2022-09-28 17:10:55,821] {processor.py:153} INFO - Started process (PID=421) to work on /opt/airflow/dags/init.py
[2022-09-28 17:10:55,823] {processor.py:641} INFO - Processing file /opt/airflow/dags/init.py for tasks to queue
[2022-09-28 17:10:55,825] {logging_mixin.py:115} INFO - [2022-09-28 17:10:55,825] {dagbag.py:508} INFO - Filling up the DagBag from /opt/airflow/dags/init.py
[2022-09-28 17:10:55,974] {processor.py:651} INFO - DAG(s) dict_keys(['1_init_once_seed_data']) retrieved from /opt/airflow/dags/init.py
[2022-09-28 17:10:55,999] {logging_mixin.py:115} INFO - [2022-09-28 17:10:55,999] {dag.py:2420} INFO - Sync 1 DAGs
[2022-09-28 17:10:56,043] {logging_mixin.py:115} INFO - [2022-09-28 17:10:56,043] {dag.py:2972} INFO - Setting next_dagrun for 1_init_once_seed_data to 2020-07-01T00:00:00+00:00, run_after=2020-07-01T00:00:00+00:00
[2022-09-28 17:10:56,064] {processor.py:161} INFO - Processing /opt/airflow/dags/init.py took 0.249 seconds
[2022-09-28 17:11:26,950] {processor.py:153} INFO - Started process (PID=477) to work on /opt/airflow/dags/init.py
[2022-09-28 17:11:26,951] {processor.py:641} INFO - Processing file /opt/airflow/dags/init.py for tasks to queue
[2022-09-28 17:11:26,953] {logging_mixin.py:115} INFO - [2022-09-28 17:11:26,953] {dagbag.py:508} INFO - Filling up the DagBag from /opt/airflow/dags/init.py
[2022-09-28 17:11:27,102] {processor.py:651} INFO - DAG(s) dict_keys(['1_init_once_seed_data']) retrieved from /opt/airflow/dags/init.py
[2022-09-28 17:11:27,131] {logging_mixin.py:115} INFO - [2022-09-28 17:11:27,131] {dag.py:2420} INFO - Sync 1 DAGs
[2022-09-28 17:11:27,155] {logging_mixin.py:115} INFO - [2022-09-28 17:11:27,154] {dag.py:2972} INFO - Setting next_dagrun for 1_init_once_seed_data to 2020-07-01T00:00:00+00:00, run_after=2020-07-01T00:00:00+00:00
[2022-09-28 17:11:27,170] {processor.py:161} INFO - Processing /opt/airflow/dags/init.py took 0.225 seconds
[2022-09-28 17:11:57,238] {processor.py:153} INFO - Started process (PID=542) to work on /opt/airflow/dags/init.py
[2022-09-28 17:11:57,240] {processor.py:641} INFO - Processing file /opt/airflow/dags/init.py for tasks to queue
[2022-09-28 17:11:57,242] {logging_mixin.py:115} INFO - [2022-09-28 17:11:57,242] {dagbag.py:508} INFO - Filling up the DagBag from /opt/airflow/dags/init.py
[2022-09-28 17:11:57,392] {processor.py:651} INFO - DAG(s) dict_keys(['1_init_once_seed_data']) retrieved from /opt/airflow/dags/init.py
[2022-09-28 17:11:57,417] {logging_mixin.py:115} INFO - [2022-09-28 17:11:57,417] {dag.py:2420} INFO - Sync 1 DAGs
[2022-09-28 17:11:57,441] {logging_mixin.py:115} INFO - [2022-09-28 17:11:57,440] {dag.py:2972} INFO - Setting next_dagrun for 1_init_once_seed_data to 2020-07-01T00:00:00+00:00, run_after=2020-07-01T00:00:00+00:00
[2022-09-28 17:11:57,457] {processor.py:161} INFO - Processing /opt/airflow/dags/init.py took 0.227 seconds
[2022-09-28 17:12:27,557] {processor.py:153} INFO - Started process (PID=608) to work on /opt/airflow/dags/init.py
[2022-09-28 17:12:27,560] {processor.py:641} INFO - Processing file /opt/airflow/dags/init.py for tasks to queue
[2022-09-28 17:12:27,562] {logging_mixin.py:115} INFO - [2022-09-28 17:12:27,562] {dagbag.py:508} INFO - Filling up the DagBag from /opt/airflow/dags/init.py
[2022-09-28 17:12:27,835] {processor.py:651} INFO - DAG(s) dict_keys(['1_init_once_seed_data']) retrieved from /opt/airflow/dags/init.py
[2022-09-28 17:12:27,878] {logging_mixin.py:115} INFO - [2022-09-28 17:12:27,878] {dag.py:2420} INFO - Sync 1 DAGs
[2022-09-28 17:12:27,922] {logging_mixin.py:115} INFO - [2022-09-28 17:12:27,922] {dag.py:2972} INFO - Setting next_dagrun for 1_init_once_seed_data to 2020-07-01T00:00:00+00:00, run_after=2020-07-01T00:00:00+00:00
[2022-09-28 17:12:27,945] {processor.py:161} INFO - Processing /opt/airflow/dags/init.py took 0.397 seconds
[2022-09-28 17:12:58,295] {processor.py:153} INFO - Started process (PID=664) to work on /opt/airflow/dags/init.py
[2022-09-28 17:12:58,297] {processor.py:641} INFO - Processing file /opt/airflow/dags/init.py for tasks to queue
[2022-09-28 17:12:58,299] {logging_mixin.py:115} INFO - [2022-09-28 17:12:58,299] {dagbag.py:508} INFO - Filling up the DagBag from /opt/airflow/dags/init.py
[2022-09-28 17:12:58,473] {processor.py:651} INFO - DAG(s) dict_keys(['1_init_once_seed_data']) retrieved from /opt/airflow/dags/init.py
[2022-09-28 17:12:58,522] {logging_mixin.py:115} INFO - [2022-09-28 17:12:58,522] {dag.py:2420} INFO - Sync 1 DAGs
[2022-09-28 17:12:58,560] {logging_mixin.py:115} INFO - [2022-09-28 17:12:58,560] {dag.py:2972} INFO - Setting next_dagrun for 1_init_once_seed_data to 2020-07-01T00:00:00+00:00, run_after=2020-07-01T00:00:00+00:00
[2022-09-28 17:12:58,583] {processor.py:161} INFO - Processing /opt/airflow/dags/init.py took 0.304 seconds
[2022-09-28 17:13:28,985] {processor.py:153} INFO - Started process (PID=727) to work on /opt/airflow/dags/init.py
[2022-09-28 17:13:28,987] {processor.py:641} INFO - Processing file /opt/airflow/dags/init.py for tasks to queue
[2022-09-28 17:13:28,989] {logging_mixin.py:115} INFO - [2022-09-28 17:13:28,989] {dagbag.py:508} INFO - Filling up the DagBag from /opt/airflow/dags/init.py
[2022-09-28 17:13:29,008] {processor.py:651} INFO - DAG(s) dict_keys(['1_init_once_seed_data']) retrieved from /opt/airflow/dags/init.py
[2022-09-28 17:13:29,045] {logging_mixin.py:115} INFO - [2022-09-28 17:13:29,045] {dag.py:2420} INFO - Sync 1 DAGs
[2022-09-28 17:13:29,074] {logging_mixin.py:115} INFO - [2022-09-28 17:13:29,074] {dag.py:2972} INFO - Setting next_dagrun for 1_init_once_seed_data to 2020-07-01T00:00:00+00:00, run_after=2020-07-01T00:00:00+00:00
[2022-09-28 17:13:29,109] {processor.py:161} INFO - Processing /opt/airflow/dags/init.py took 0.130 seconds
[2022-09-28 17:13:59,183] {processor.py:153} INFO - Started process (PID=793) to work on /opt/airflow/dags/init.py
[2022-09-28 17:13:59,186] {processor.py:641} INFO - Processing file /opt/airflow/dags/init.py for tasks to queue
[2022-09-28 17:13:59,188] {logging_mixin.py:115} INFO - [2022-09-28 17:13:59,188] {dagbag.py:508} INFO - Filling up the DagBag from /opt/airflow/dags/init.py
[2022-09-28 17:13:59,205] {processor.py:651} INFO - DAG(s) dict_keys(['1_init_once_seed_data']) retrieved from /opt/airflow/dags/init.py
[2022-09-28 17:13:59,241] {logging_mixin.py:115} INFO - [2022-09-28 17:13:59,241] {dag.py:2420} INFO - Sync 1 DAGs
[2022-09-28 17:13:59,269] {logging_mixin.py:115} INFO - [2022-09-28 17:13:59,269] {dag.py:2972} INFO - Setting next_dagrun for 1_init_once_seed_data to 2020-07-01T00:00:00+00:00, run_after=2020-07-01T00:00:00+00:00
[2022-09-28 17:13:59,287] {processor.py:161} INFO - Processing /opt/airflow/dags/init.py took 0.109 seconds
[2022-09-28 17:14:30,221] {processor.py:153} INFO - Started process (PID=848) to work on /opt/airflow/dags/init.py
[2022-09-28 17:14:30,223] {processor.py:641} INFO - Processing file /opt/airflow/dags/init.py for tasks to queue
[2022-09-28 17:14:30,225] {logging_mixin.py:115} INFO - [2022-09-28 17:14:30,225] {dagbag.py:508} INFO - Filling up the DagBag from /opt/airflow/dags/init.py
[2022-09-28 17:14:30,240] {processor.py:651} INFO - DAG(s) dict_keys(['1_init_once_seed_data']) retrieved from /opt/airflow/dags/init.py
[2022-09-28 17:14:30,271] {logging_mixin.py:115} INFO - [2022-09-28 17:14:30,271] {dag.py:2420} INFO - Sync 1 DAGs
[2022-09-28 17:14:30,298] {logging_mixin.py:115} INFO - [2022-09-28 17:14:30,298] {dag.py:2972} INFO - Setting next_dagrun for 1_init_once_seed_data to 2020-07-01T00:00:00+00:00, run_after=2020-07-01T00:00:00+00:00
[2022-09-28 17:14:30,313] {processor.py:161} INFO - Processing /opt/airflow/dags/init.py took 0.097 seconds
[2022-09-28 17:15:00,898] {processor.py:153} INFO - Started process (PID=914) to work on /opt/airflow/dags/init.py
[2022-09-28 17:15:00,899] {processor.py:641} INFO - Processing file /opt/airflow/dags/init.py for tasks to queue
[2022-09-28 17:15:00,901] {logging_mixin.py:115} INFO - [2022-09-28 17:15:00,901] {dagbag.py:508} INFO - Filling up the DagBag from /opt/airflow/dags/init.py
[2022-09-28 17:15:00,915] {processor.py:651} INFO - DAG(s) dict_keys(['1_init_once_seed_data']) retrieved from /opt/airflow/dags/init.py
[2022-09-28 17:15:00,946] {logging_mixin.py:115} INFO - [2022-09-28 17:15:00,946] {dag.py:2420} INFO - Sync 1 DAGs
[2022-09-28 17:15:00,977] {logging_mixin.py:115} INFO - [2022-09-28 17:15:00,977] {dag.py:2972} INFO - Setting next_dagrun for 1_init_once_seed_data to 2020-07-01T00:00:00+00:00, run_after=2020-07-01T00:00:00+00:00
[2022-09-28 17:15:00,993] {processor.py:161} INFO - Processing /opt/airflow/dags/init.py took 0.100 seconds
[2022-09-28 17:15:31,411] {processor.py:153} INFO - Started process (PID=978) to work on /opt/airflow/dags/init.py
[2022-09-28 17:15:31,421] {processor.py:641} INFO - Processing file /opt/airflow/dags/init.py for tasks to queue
[2022-09-28 17:15:31,423] {logging_mixin.py:115} INFO - [2022-09-28 17:15:31,423] {dagbag.py:508} INFO - Filling up the DagBag from /opt/airflow/dags/init.py
[2022-09-28 17:15:31,439] {processor.py:651} INFO - DAG(s) dict_keys(['1_init_once_seed_data']) retrieved from /opt/airflow/dags/init.py
[2022-09-28 17:15:31,473] {logging_mixin.py:115} INFO - [2022-09-28 17:15:31,473] {dag.py:2420} INFO - Sync 1 DAGs
[2022-09-28 17:15:31,500] {logging_mixin.py:115} INFO - [2022-09-28 17:15:31,500] {dag.py:2972} INFO - Setting next_dagrun for 1_init_once_seed_data to 2020-07-01T00:00:00+00:00, run_after=2020-07-01T00:00:00+00:00
[2022-09-28 17:15:31,517] {processor.py:161} INFO - Processing /opt/airflow/dags/init.py took 0.111 seconds
[2022-09-28 17:16:01,898] {processor.py:153} INFO - Started process (PID=1035) to work on /opt/airflow/dags/init.py
[2022-09-28 17:16:01,900] {processor.py:641} INFO - Processing file /opt/airflow/dags/init.py for tasks to queue
[2022-09-28 17:16:01,901] {logging_mixin.py:115} INFO - [2022-09-28 17:16:01,901] {dagbag.py:508} INFO - Filling up the DagBag from /opt/airflow/dags/init.py
[2022-09-28 17:16:01,916] {processor.py:651} INFO - DAG(s) dict_keys(['1_init_once_seed_data']) retrieved from /opt/airflow/dags/init.py
[2022-09-28 17:16:01,954] {logging_mixin.py:115} INFO - [2022-09-28 17:16:01,954] {dag.py:2420} INFO - Sync 1 DAGs
[2022-09-28 17:16:01,985] {logging_mixin.py:115} INFO - [2022-09-28 17:16:01,985] {dag.py:2972} INFO - Setting next_dagrun for 1_init_once_seed_data to 2020-07-01T00:00:00+00:00, run_after=2020-07-01T00:00:00+00:00
[2022-09-28 17:16:02,003] {processor.py:161} INFO - Processing /opt/airflow/dags/init.py took 0.109 seconds
[2022-09-28 17:16:32,104] {processor.py:153} INFO - Started process (PID=1099) to work on /opt/airflow/dags/init.py
[2022-09-28 17:16:32,106] {processor.py:641} INFO - Processing file /opt/airflow/dags/init.py for tasks to queue
[2022-09-28 17:16:32,107] {logging_mixin.py:115} INFO - [2022-09-28 17:16:32,107] {dagbag.py:508} INFO - Filling up the DagBag from /opt/airflow/dags/init.py
[2022-09-28 17:16:32,122] {processor.py:651} INFO - DAG(s) dict_keys(['1_init_once_seed_data']) retrieved from /opt/airflow/dags/init.py
[2022-09-28 17:16:32,162] {logging_mixin.py:115} INFO - [2022-09-28 17:16:32,161] {dag.py:2420} INFO - Sync 1 DAGs
[2022-09-28 17:16:32,188] {logging_mixin.py:115} INFO - [2022-09-28 17:16:32,188] {dag.py:2972} INFO - Setting next_dagrun for 1_init_once_seed_data to 2020-07-01T00:00:00+00:00, run_after=2020-07-01T00:00:00+00:00
[2022-09-28 17:16:32,210] {processor.py:161} INFO - Processing /opt/airflow/dags/init.py took 0.114 seconds
[2022-09-28 17:17:02,465] {processor.py:153} INFO - Started process (PID=1156) to work on /opt/airflow/dags/init.py
[2022-09-28 17:17:02,467] {processor.py:641} INFO - Processing file /opt/airflow/dags/init.py for tasks to queue
[2022-09-28 17:17:02,469] {logging_mixin.py:115} INFO - [2022-09-28 17:17:02,469] {dagbag.py:508} INFO - Filling up the DagBag from /opt/airflow/dags/init.py
[2022-09-28 17:17:02,485] {processor.py:651} INFO - DAG(s) dict_keys(['1_init_once_seed_data']) retrieved from /opt/airflow/dags/init.py
[2022-09-28 17:17:02,521] {logging_mixin.py:115} INFO - [2022-09-28 17:17:02,521] {dag.py:2420} INFO - Sync 1 DAGs
[2022-09-28 17:17:02,548] {logging_mixin.py:115} INFO - [2022-09-28 17:17:02,548] {dag.py:2972} INFO - Setting next_dagrun for 1_init_once_seed_data to 2020-07-01T00:00:00+00:00, run_after=2020-07-01T00:00:00+00:00
[2022-09-28 17:17:02,566] {processor.py:161} INFO - Processing /opt/airflow/dags/init.py took 0.106 seconds
[2022-09-28 17:17:33,313] {processor.py:153} INFO - Started process (PID=1223) to work on /opt/airflow/dags/init.py
[2022-09-28 17:17:33,315] {processor.py:641} INFO - Processing file /opt/airflow/dags/init.py for tasks to queue
[2022-09-28 17:17:33,317] {logging_mixin.py:115} INFO - [2022-09-28 17:17:33,317] {dagbag.py:508} INFO - Filling up the DagBag from /opt/airflow/dags/init.py
[2022-09-28 17:17:33,331] {processor.py:651} INFO - DAG(s) dict_keys(['1_init_once_seed_data']) retrieved from /opt/airflow/dags/init.py
[2022-09-28 17:17:33,370] {logging_mixin.py:115} INFO - [2022-09-28 17:17:33,370] {dag.py:2420} INFO - Sync 1 DAGs
[2022-09-28 17:17:33,397] {logging_mixin.py:115} INFO - [2022-09-28 17:17:33,397] {dag.py:2972} INFO - Setting next_dagrun for 1_init_once_seed_data to 2020-07-01T00:00:00+00:00, run_after=2020-07-01T00:00:00+00:00
[2022-09-28 17:17:33,413] {processor.py:161} INFO - Processing /opt/airflow/dags/init.py took 0.104 seconds
[2022-09-28 17:18:04,110] {processor.py:153} INFO - Started process (PID=1288) to work on /opt/airflow/dags/init.py
[2022-09-28 17:18:04,111] {processor.py:641} INFO - Processing file /opt/airflow/dags/init.py for tasks to queue
[2022-09-28 17:18:04,113] {logging_mixin.py:115} INFO - [2022-09-28 17:18:04,113] {dagbag.py:508} INFO - Filling up the DagBag from /opt/airflow/dags/init.py
[2022-09-28 17:18:04,128] {processor.py:651} INFO - DAG(s) dict_keys(['1_init_once_seed_data']) retrieved from /opt/airflow/dags/init.py
[2022-09-28 17:18:04,160] {logging_mixin.py:115} INFO - [2022-09-28 17:18:04,160] {dag.py:2420} INFO - Sync 1 DAGs
[2022-09-28 17:18:04,194] {logging_mixin.py:115} INFO - [2022-09-28 17:18:04,194] {dag.py:2972} INFO - Setting next_dagrun for 1_init_once_seed_data to 2020-07-01T00:00:00+00:00, run_after=2020-07-01T00:00:00+00:00
[2022-09-28 17:18:04,207] {processor.py:161} INFO - Processing /opt/airflow/dags/init.py took 0.102 seconds
[2022-09-28 17:18:34,744] {processor.py:153} INFO - Started process (PID=1344) to work on /opt/airflow/dags/init.py
[2022-09-28 17:18:34,748] {processor.py:641} INFO - Processing file /opt/airflow/dags/init.py for tasks to queue
[2022-09-28 17:18:34,753] {logging_mixin.py:115} INFO - [2022-09-28 17:18:34,752] {dagbag.py:508} INFO - Filling up the DagBag from /opt/airflow/dags/init.py
[2022-09-28 17:18:34,798] {processor.py:651} INFO - DAG(s) dict_keys(['1_init_once_seed_data']) retrieved from /opt/airflow/dags/init.py
[2022-09-28 17:18:34,854] {logging_mixin.py:115} INFO - [2022-09-28 17:18:34,854] {dag.py:2420} INFO - Sync 1 DAGs
[2022-09-28 17:18:34,905] {logging_mixin.py:115} INFO - [2022-09-28 17:18:34,905] {dag.py:2972} INFO - Setting next_dagrun for 1_init_once_seed_data to 2020-07-01T00:00:00+00:00, run_after=2020-07-01T00:00:00+00:00
[2022-09-28 17:18:34,928] {processor.py:161} INFO - Processing /opt/airflow/dags/init.py took 0.199 seconds
[2022-09-28 17:19:05,107] {processor.py:153} INFO - Started process (PID=1399) to work on /opt/airflow/dags/init.py
[2022-09-28 17:19:05,108] {processor.py:641} INFO - Processing file /opt/airflow/dags/init.py for tasks to queue
[2022-09-28 17:19:05,110] {logging_mixin.py:115} INFO - [2022-09-28 17:19:05,110] {dagbag.py:508} INFO - Filling up the DagBag from /opt/airflow/dags/init.py
[2022-09-28 17:19:05,132] {processor.py:651} INFO - DAG(s) dict_keys(['1_init_once_seed_data']) retrieved from /opt/airflow/dags/init.py
[2022-09-28 17:19:05,175] {logging_mixin.py:115} INFO - [2022-09-28 17:19:05,175] {dag.py:2420} INFO - Sync 1 DAGs
[2022-09-28 17:19:05,222] {logging_mixin.py:115} INFO - [2022-09-28 17:19:05,222] {dag.py:2972} INFO - Setting next_dagrun for 1_init_once_seed_data to 2020-07-01T00:00:00+00:00, run_after=2020-07-01T00:00:00+00:00
[2022-09-28 17:19:05,246] {processor.py:161} INFO - Processing /opt/airflow/dags/init.py took 0.145 seconds
[2022-09-28 17:19:35,770] {processor.py:153} INFO - Started process (PID=1465) to work on /opt/airflow/dags/init.py
[2022-09-28 17:19:35,773] {processor.py:641} INFO - Processing file /opt/airflow/dags/init.py for tasks to queue
[2022-09-28 17:19:35,775] {logging_mixin.py:115} INFO - [2022-09-28 17:19:35,775] {dagbag.py:508} INFO - Filling up the DagBag from /opt/airflow/dags/init.py
[2022-09-28 17:19:35,804] {processor.py:651} INFO - DAG(s) dict_keys(['1_init_once_seed_data']) retrieved from /opt/airflow/dags/init.py
[2022-09-28 17:19:35,853] {logging_mixin.py:115} INFO - [2022-09-28 17:19:35,853] {dag.py:2420} INFO - Sync 1 DAGs
[2022-09-28 17:19:35,962] {logging_mixin.py:115} INFO - [2022-09-28 17:19:35,961] {dag.py:2972} INFO - Setting next_dagrun for 1_init_once_seed_data to 2020-07-01T00:00:00+00:00, run_after=2020-07-01T00:00:00+00:00
[2022-09-28 17:19:35,995] {processor.py:161} INFO - Processing /opt/airflow/dags/init.py took 0.238 seconds
[2022-09-28 17:20:06,102] {processor.py:153} INFO - Started process (PID=1520) to work on /opt/airflow/dags/init.py
[2022-09-28 17:20:06,104] {processor.py:641} INFO - Processing file /opt/airflow/dags/init.py for tasks to queue
[2022-09-28 17:20:06,105] {logging_mixin.py:115} INFO - [2022-09-28 17:20:06,105] {dagbag.py:508} INFO - Filling up the DagBag from /opt/airflow/dags/init.py
[2022-09-28 17:20:06,125] {processor.py:651} INFO - DAG(s) dict_keys(['1_init_once_seed_data']) retrieved from /opt/airflow/dags/init.py
[2022-09-28 17:20:06,166] {logging_mixin.py:115} INFO - [2022-09-28 17:20:06,165] {dag.py:2420} INFO - Sync 1 DAGs
[2022-09-28 17:20:06,217] {logging_mixin.py:115} INFO - [2022-09-28 17:20:06,216] {dag.py:2972} INFO - Setting next_dagrun for 1_init_once_seed_data to 2020-07-01T00:00:00+00:00, run_after=2020-07-01T00:00:00+00:00
[2022-09-28 17:20:06,237] {processor.py:161} INFO - Processing /opt/airflow/dags/init.py took 0.140 seconds
[2022-09-28 17:20:36,329] {processor.py:153} INFO - Started process (PID=1586) to work on /opt/airflow/dags/init.py
[2022-09-28 17:20:36,332] {processor.py:641} INFO - Processing file /opt/airflow/dags/init.py for tasks to queue
[2022-09-28 17:20:36,335] {logging_mixin.py:115} INFO - [2022-09-28 17:20:36,334] {dagbag.py:508} INFO - Filling up the DagBag from /opt/airflow/dags/init.py
[2022-09-28 17:20:36,374] {processor.py:651} INFO - DAG(s) dict_keys(['1_init_once_seed_data']) retrieved from /opt/airflow/dags/init.py
[2022-09-28 17:20:36,461] {logging_mixin.py:115} INFO - [2022-09-28 17:20:36,461] {dag.py:2420} INFO - Sync 1 DAGs
[2022-09-28 17:20:36,548] {logging_mixin.py:115} INFO - [2022-09-28 17:20:36,547] {dag.py:2972} INFO - Setting next_dagrun for 1_init_once_seed_data to 2020-07-01T00:00:00+00:00, run_after=2020-07-01T00:00:00+00:00
[2022-09-28 17:20:36,586] {processor.py:161} INFO - Processing /opt/airflow/dags/init.py took 0.265 seconds
[2022-09-28 17:21:07,408] {processor.py:153} INFO - Started process (PID=1651) to work on /opt/airflow/dags/init.py
[2022-09-28 17:21:07,412] {processor.py:641} INFO - Processing file /opt/airflow/dags/init.py for tasks to queue
[2022-09-28 17:21:07,437] {logging_mixin.py:115} INFO - [2022-09-28 17:21:07,437] {dagbag.py:508} INFO - Filling up the DagBag from /opt/airflow/dags/init.py
[2022-09-28 17:21:07,500] {processor.py:651} INFO - DAG(s) dict_keys(['1_init_once_seed_data']) retrieved from /opt/airflow/dags/init.py
[2022-09-28 17:21:07,575] {logging_mixin.py:115} INFO - [2022-09-28 17:21:07,574] {dag.py:2420} INFO - Sync 1 DAGs
[2022-09-28 17:21:07,649] {logging_mixin.py:115} INFO - [2022-09-28 17:21:07,649] {dag.py:2972} INFO - Setting next_dagrun for 1_init_once_seed_data to None, run_after=None
[2022-09-28 17:21:07,686] {processor.py:161} INFO - Processing /opt/airflow/dags/init.py took 0.286 seconds
[2022-09-28 17:21:37,809] {processor.py:153} INFO - Started process (PID=1708) to work on /opt/airflow/dags/init.py
[2022-09-28 17:21:37,811] {processor.py:641} INFO - Processing file /opt/airflow/dags/init.py for tasks to queue
[2022-09-28 17:21:37,813] {logging_mixin.py:115} INFO - [2022-09-28 17:21:37,813] {dagbag.py:508} INFO - Filling up the DagBag from /opt/airflow/dags/init.py
[2022-09-28 17:21:37,834] {processor.py:651} INFO - DAG(s) dict_keys(['1_init_once_seed_data']) retrieved from /opt/airflow/dags/init.py
[2022-09-28 17:21:37,889] {logging_mixin.py:115} INFO - [2022-09-28 17:21:37,888] {dag.py:2420} INFO - Sync 1 DAGs
[2022-09-28 17:21:37,920] {logging_mixin.py:115} INFO - [2022-09-28 17:21:37,920] {dag.py:2972} INFO - Setting next_dagrun for 1_init_once_seed_data to None, run_after=None
[2022-09-28 17:21:37,942] {processor.py:161} INFO - Processing /opt/airflow/dags/init.py took 0.138 seconds
[2022-09-28 17:22:08,044] {processor.py:153} INFO - Started process (PID=1773) to work on /opt/airflow/dags/init.py
[2022-09-28 17:22:08,046] {processor.py:641} INFO - Processing file /opt/airflow/dags/init.py for tasks to queue
[2022-09-28 17:22:08,047] {logging_mixin.py:115} INFO - [2022-09-28 17:22:08,047] {dagbag.py:508} INFO - Filling up the DagBag from /opt/airflow/dags/init.py
[2022-09-28 17:22:08,068] {processor.py:651} INFO - DAG(s) dict_keys(['1_init_once_seed_data']) retrieved from /opt/airflow/dags/init.py
[2022-09-28 17:22:08,119] {logging_mixin.py:115} INFO - [2022-09-28 17:22:08,119] {dag.py:2420} INFO - Sync 1 DAGs
[2022-09-28 17:22:08,153] {logging_mixin.py:115} INFO - [2022-09-28 17:22:08,152] {dag.py:2972} INFO - Setting next_dagrun for 1_init_once_seed_data to None, run_after=None
[2022-09-28 17:22:08,171] {processor.py:161} INFO - Processing /opt/airflow/dags/init.py took 0.132 seconds
[2022-09-28 17:22:39,178] {processor.py:153} INFO - Started process (PID=1829) to work on /opt/airflow/dags/init.py
[2022-09-28 17:22:39,180] {processor.py:641} INFO - Processing file /opt/airflow/dags/init.py for tasks to queue
[2022-09-28 17:22:39,182] {logging_mixin.py:115} INFO - [2022-09-28 17:22:39,182] {dagbag.py:508} INFO - Filling up the DagBag from /opt/airflow/dags/init.py
[2022-09-28 17:22:39,197] {processor.py:651} INFO - DAG(s) dict_keys(['1_init_once_seed_data']) retrieved from /opt/airflow/dags/init.py
[2022-09-28 17:22:39,237] {logging_mixin.py:115} INFO - [2022-09-28 17:22:39,237] {dag.py:2420} INFO - Sync 1 DAGs
[2022-09-28 17:22:39,277] {logging_mixin.py:115} INFO - [2022-09-28 17:22:39,277] {dag.py:2972} INFO - Setting next_dagrun for 1_init_once_seed_data to None, run_after=None
[2022-09-28 17:22:39,300] {processor.py:161} INFO - Processing /opt/airflow/dags/init.py took 0.130 seconds
[2022-09-28 17:23:09,683] {processor.py:153} INFO - Started process (PID=1896) to work on /opt/airflow/dags/init.py
[2022-09-28 17:23:09,685] {processor.py:641} INFO - Processing file /opt/airflow/dags/init.py for tasks to queue
[2022-09-28 17:23:09,689] {logging_mixin.py:115} INFO - [2022-09-28 17:23:09,689] {dagbag.py:508} INFO - Filling up the DagBag from /opt/airflow/dags/init.py
[2022-09-28 17:23:09,727] {processor.py:651} INFO - DAG(s) dict_keys(['1_init_once_seed_data']) retrieved from /opt/airflow/dags/init.py
[2022-09-28 17:23:09,776] {logging_mixin.py:115} INFO - [2022-09-28 17:23:09,776] {dag.py:2420} INFO - Sync 1 DAGs
[2022-09-28 17:23:09,846] {logging_mixin.py:115} INFO - [2022-09-28 17:23:09,845] {dag.py:2972} INFO - Setting next_dagrun for 1_init_once_seed_data to None, run_after=None
[2022-09-28 17:23:09,900] {processor.py:161} INFO - Processing /opt/airflow/dags/init.py took 0.231 seconds
[2022-09-28 17:23:40,062] {processor.py:153} INFO - Started process (PID=1952) to work on /opt/airflow/dags/init.py
[2022-09-28 17:23:40,064] {processor.py:641} INFO - Processing file /opt/airflow/dags/init.py for tasks to queue
[2022-09-28 17:23:40,066] {logging_mixin.py:115} INFO - [2022-09-28 17:23:40,066] {dagbag.py:508} INFO - Filling up the DagBag from /opt/airflow/dags/init.py
[2022-09-28 17:23:40,087] {processor.py:651} INFO - DAG(s) dict_keys(['1_init_once_seed_data']) retrieved from /opt/airflow/dags/init.py
[2022-09-28 17:23:40,121] {logging_mixin.py:115} INFO - [2022-09-28 17:23:40,121] {dag.py:2420} INFO - Sync 1 DAGs
[2022-09-28 17:23:40,146] {logging_mixin.py:115} INFO - [2022-09-28 17:23:40,146] {dag.py:2972} INFO - Setting next_dagrun for 1_init_once_seed_data to None, run_after=None
[2022-09-28 17:23:40,160] {processor.py:161} INFO - Processing /opt/airflow/dags/init.py took 0.107 seconds
[2022-09-28 17:24:10,281] {processor.py:153} INFO - Started process (PID=2017) to work on /opt/airflow/dags/init.py
[2022-09-28 17:24:10,283] {processor.py:641} INFO - Processing file /opt/airflow/dags/init.py for tasks to queue
[2022-09-28 17:24:10,285] {logging_mixin.py:115} INFO - [2022-09-28 17:24:10,284] {dagbag.py:508} INFO - Filling up the DagBag from /opt/airflow/dags/init.py
[2022-09-28 17:24:10,298] {processor.py:651} INFO - DAG(s) dict_keys(['1_init_once_seed_data']) retrieved from /opt/airflow/dags/init.py
[2022-09-28 17:24:10,339] {logging_mixin.py:115} INFO - [2022-09-28 17:24:10,339] {dag.py:2420} INFO - Sync 1 DAGs
[2022-09-28 17:24:10,368] {logging_mixin.py:115} INFO - [2022-09-28 17:24:10,367] {dag.py:2972} INFO - Setting next_dagrun for 1_init_once_seed_data to None, run_after=None
[2022-09-28 17:24:10,384] {processor.py:161} INFO - Processing /opt/airflow/dags/init.py took 0.109 seconds
[2022-09-28 17:24:40,589] {processor.py:153} INFO - Started process (PID=2074) to work on /opt/airflow/dags/init.py
[2022-09-28 17:24:40,590] {processor.py:641} INFO - Processing file /opt/airflow/dags/init.py for tasks to queue
[2022-09-28 17:24:40,592] {logging_mixin.py:115} INFO - [2022-09-28 17:24:40,592] {dagbag.py:508} INFO - Filling up the DagBag from /opt/airflow/dags/init.py
[2022-09-28 17:24:40,619] {processor.py:651} INFO - DAG(s) dict_keys(['1_init_once_seed_data']) retrieved from /opt/airflow/dags/init.py
[2022-09-28 17:24:40,663] {logging_mixin.py:115} INFO - [2022-09-28 17:24:40,663] {dag.py:2420} INFO - Sync 1 DAGs
[2022-09-28 17:24:40,723] {logging_mixin.py:115} INFO - [2022-09-28 17:24:40,723] {dag.py:2972} INFO - Setting next_dagrun for 1_init_once_seed_data to None, run_after=None
[2022-09-28 17:24:40,747] {processor.py:161} INFO - Processing /opt/airflow/dags/init.py took 0.163 seconds
[2022-09-28 17:25:11,678] {processor.py:153} INFO - Started process (PID=2139) to work on /opt/airflow/dags/init.py
[2022-09-28 17:25:11,680] {processor.py:641} INFO - Processing file /opt/airflow/dags/init.py for tasks to queue
[2022-09-28 17:25:11,682] {logging_mixin.py:115} INFO - [2022-09-28 17:25:11,682] {dagbag.py:508} INFO - Filling up the DagBag from /opt/airflow/dags/init.py
[2022-09-28 17:25:11,698] {processor.py:651} INFO - DAG(s) dict_keys(['1_init_once_seed_data']) retrieved from /opt/airflow/dags/init.py
[2022-09-28 17:25:11,734] {logging_mixin.py:115} INFO - [2022-09-28 17:25:11,734] {dag.py:2420} INFO - Sync 1 DAGs
[2022-09-28 17:25:11,764] {logging_mixin.py:115} INFO - [2022-09-28 17:25:11,764] {dag.py:2972} INFO - Setting next_dagrun for 1_init_once_seed_data to None, run_after=None
[2022-09-28 17:25:11,787] {processor.py:161} INFO - Processing /opt/airflow/dags/init.py took 0.112 seconds
[2022-09-28 17:25:41,844] {processor.py:153} INFO - Started process (PID=2205) to work on /opt/airflow/dags/init.py
[2022-09-28 17:25:41,845] {processor.py:641} INFO - Processing file /opt/airflow/dags/init.py for tasks to queue
[2022-09-28 17:25:41,847] {logging_mixin.py:115} INFO - [2022-09-28 17:25:41,846] {dagbag.py:508} INFO - Filling up the DagBag from /opt/airflow/dags/init.py
[2022-09-28 17:25:41,860] {processor.py:651} INFO - DAG(s) dict_keys(['1_init_once_seed_data']) retrieved from /opt/airflow/dags/init.py
[2022-09-28 17:25:41,894] {logging_mixin.py:115} INFO - [2022-09-28 17:25:41,894] {dag.py:2420} INFO - Sync 1 DAGs
[2022-09-28 17:25:41,930] {logging_mixin.py:115} INFO - [2022-09-28 17:25:41,930] {dag.py:2972} INFO - Setting next_dagrun for 1_init_once_seed_data to None, run_after=None
[2022-09-28 17:25:41,946] {processor.py:161} INFO - Processing /opt/airflow/dags/init.py took 0.106 seconds
[2022-09-28 17:26:12,191] {processor.py:153} INFO - Started process (PID=2263) to work on /opt/airflow/dags/init.py
[2022-09-28 17:26:12,192] {processor.py:641} INFO - Processing file /opt/airflow/dags/init.py for tasks to queue
[2022-09-28 17:26:12,193] {logging_mixin.py:115} INFO - [2022-09-28 17:26:12,193] {dagbag.py:508} INFO - Filling up the DagBag from /opt/airflow/dags/init.py
[2022-09-28 17:26:12,210] {processor.py:651} INFO - DAG(s) dict_keys(['1_init_once_seed_data']) retrieved from /opt/airflow/dags/init.py
[2022-09-28 17:26:12,247] {logging_mixin.py:115} INFO - [2022-09-28 17:26:12,247] {dag.py:2420} INFO - Sync 1 DAGs
[2022-09-28 17:26:12,274] {logging_mixin.py:115} INFO - [2022-09-28 17:26:12,274] {dag.py:2972} INFO - Setting next_dagrun for 1_init_once_seed_data to None, run_after=None
[2022-09-28 17:26:12,291] {processor.py:161} INFO - Processing /opt/airflow/dags/init.py took 0.105 seconds
[2022-09-28 17:26:42,748] {processor.py:153} INFO - Started process (PID=2328) to work on /opt/airflow/dags/init.py
[2022-09-28 17:26:42,749] {processor.py:641} INFO - Processing file /opt/airflow/dags/init.py for tasks to queue
[2022-09-28 17:26:42,751] {logging_mixin.py:115} INFO - [2022-09-28 17:26:42,750] {dagbag.py:508} INFO - Filling up the DagBag from /opt/airflow/dags/init.py
[2022-09-28 17:26:42,766] {processor.py:651} INFO - DAG(s) dict_keys(['1_init_once_seed_data']) retrieved from /opt/airflow/dags/init.py
[2022-09-28 17:26:42,799] {logging_mixin.py:115} INFO - [2022-09-28 17:26:42,799] {dag.py:2420} INFO - Sync 1 DAGs
[2022-09-28 17:26:42,834] {logging_mixin.py:115} INFO - [2022-09-28 17:26:42,834] {dag.py:2972} INFO - Setting next_dagrun for 1_init_once_seed_data to None, run_after=None
[2022-09-28 17:26:42,852] {processor.py:161} INFO - Processing /opt/airflow/dags/init.py took 0.110 seconds
[2022-09-28 17:27:13,348] {processor.py:153} INFO - Started process (PID=2383) to work on /opt/airflow/dags/init.py
[2022-09-28 17:27:13,350] {processor.py:641} INFO - Processing file /opt/airflow/dags/init.py for tasks to queue
[2022-09-28 17:27:13,353] {logging_mixin.py:115} INFO - [2022-09-28 17:27:13,353] {dagbag.py:508} INFO - Filling up the DagBag from /opt/airflow/dags/init.py
[2022-09-28 17:27:13,372] {processor.py:651} INFO - DAG(s) dict_keys(['1_init_once_seed_data']) retrieved from /opt/airflow/dags/init.py
[2022-09-28 17:27:13,411] {logging_mixin.py:115} INFO - [2022-09-28 17:27:13,411] {dag.py:2420} INFO - Sync 1 DAGs
[2022-09-28 17:27:13,453] {logging_mixin.py:115} INFO - [2022-09-28 17:27:13,453] {dag.py:2972} INFO - Setting next_dagrun for 1_init_once_seed_data to None, run_after=None
[2022-09-28 17:27:13,472] {processor.py:161} INFO - Processing /opt/airflow/dags/init.py took 0.132 seconds
[2022-09-28 17:27:44,459] {processor.py:153} INFO - Started process (PID=2449) to work on /opt/airflow/dags/init.py
[2022-09-28 17:27:44,464] {processor.py:641} INFO - Processing file /opt/airflow/dags/init.py for tasks to queue
[2022-09-28 17:27:44,468] {logging_mixin.py:115} INFO - [2022-09-28 17:27:44,466] {dagbag.py:508} INFO - Filling up the DagBag from /opt/airflow/dags/init.py
[2022-09-28 17:27:44,501] {processor.py:651} INFO - DAG(s) dict_keys(['1_init_once_seed_data']) retrieved from /opt/airflow/dags/init.py
[2022-09-28 17:27:44,564] {logging_mixin.py:115} INFO - [2022-09-28 17:27:44,563] {dag.py:2420} INFO - Sync 1 DAGs
[2022-09-28 17:27:44,647] {logging_mixin.py:115} INFO - [2022-09-28 17:27:44,647] {dag.py:2972} INFO - Setting next_dagrun for 1_init_once_seed_data to None, run_after=None
[2022-09-28 17:27:44,670] {processor.py:161} INFO - Processing /opt/airflow/dags/init.py took 0.222 seconds
[2022-09-28 17:28:15,638] {processor.py:153} INFO - Started process (PID=2516) to work on /opt/airflow/dags/init.py
[2022-09-28 17:28:15,641] {processor.py:641} INFO - Processing file /opt/airflow/dags/init.py for tasks to queue
[2022-09-28 17:28:15,643] {logging_mixin.py:115} INFO - [2022-09-28 17:28:15,643] {dagbag.py:508} INFO - Filling up the DagBag from /opt/airflow/dags/init.py
[2022-09-28 17:28:15,668] {processor.py:651} INFO - DAG(s) dict_keys(['1_init_once_seed_data']) retrieved from /opt/airflow/dags/init.py
[2022-09-28 17:28:15,721] {logging_mixin.py:115} INFO - [2022-09-28 17:28:15,721] {dag.py:2420} INFO - Sync 1 DAGs
[2022-09-28 17:28:15,794] {logging_mixin.py:115} INFO - [2022-09-28 17:28:15,793] {dag.py:2972} INFO - Setting next_dagrun for 1_init_once_seed_data to 2020-07-01T00:00:00+00:00, run_after=2020-07-01T00:00:00+00:00
[2022-09-28 17:28:15,942] {processor.py:161} INFO - Processing /opt/airflow/dags/init.py took 0.309 seconds
[2022-09-28 17:28:46,128] {processor.py:153} INFO - Started process (PID=2575) to work on /opt/airflow/dags/init.py
[2022-09-28 17:28:46,129] {processor.py:641} INFO - Processing file /opt/airflow/dags/init.py for tasks to queue
[2022-09-28 17:28:46,131] {logging_mixin.py:115} INFO - [2022-09-28 17:28:46,131] {dagbag.py:508} INFO - Filling up the DagBag from /opt/airflow/dags/init.py
[2022-09-28 17:28:46,144] {processor.py:651} INFO - DAG(s) dict_keys(['1_init_once_seed_data']) retrieved from /opt/airflow/dags/init.py
[2022-09-28 17:28:46,175] {logging_mixin.py:115} INFO - [2022-09-28 17:28:46,174] {dag.py:2420} INFO - Sync 1 DAGs
[2022-09-28 17:28:46,205] {logging_mixin.py:115} INFO - [2022-09-28 17:28:46,204] {dag.py:2972} INFO - Setting next_dagrun for 1_init_once_seed_data to None, run_after=None
[2022-09-28 17:28:46,223] {processor.py:161} INFO - Processing /opt/airflow/dags/init.py took 0.101 seconds
[2022-09-28 17:29:16,384] {processor.py:153} INFO - Started process (PID=2640) to work on /opt/airflow/dags/init.py
[2022-09-28 17:29:16,388] {processor.py:641} INFO - Processing file /opt/airflow/dags/init.py for tasks to queue
[2022-09-28 17:29:16,396] {logging_mixin.py:115} INFO - [2022-09-28 17:29:16,395] {dagbag.py:508} INFO - Filling up the DagBag from /opt/airflow/dags/init.py
[2022-09-28 17:29:16,418] {processor.py:651} INFO - DAG(s) dict_keys(['1_init_once_seed_data']) retrieved from /opt/airflow/dags/init.py
[2022-09-28 17:29:16,468] {logging_mixin.py:115} INFO - [2022-09-28 17:29:16,468] {dag.py:2420} INFO - Sync 1 DAGs
[2022-09-28 17:29:16,506] {logging_mixin.py:115} INFO - [2022-09-28 17:29:16,506] {dag.py:2972} INFO - Setting next_dagrun for 1_init_once_seed_data to None, run_after=None
[2022-09-28 17:29:16,527] {processor.py:161} INFO - Processing /opt/airflow/dags/init.py took 0.150 seconds
[2022-09-28 17:29:47,104] {processor.py:153} INFO - Started process (PID=2701) to work on /opt/airflow/dags/init.py
[2022-09-28 17:29:47,106] {processor.py:641} INFO - Processing file /opt/airflow/dags/init.py for tasks to queue
[2022-09-28 17:29:47,108] {logging_mixin.py:115} INFO - [2022-09-28 17:29:47,108] {dagbag.py:508} INFO - Filling up the DagBag from /opt/airflow/dags/init.py
[2022-09-28 17:29:47,129] {processor.py:651} INFO - DAG(s) dict_keys(['1_init_once_seed_data']) retrieved from /opt/airflow/dags/init.py
[2022-09-28 17:29:47,169] {logging_mixin.py:115} INFO - [2022-09-28 17:29:47,169] {dag.py:2420} INFO - Sync 1 DAGs
[2022-09-28 17:29:47,204] {logging_mixin.py:115} INFO - [2022-09-28 17:29:47,204] {dag.py:2972} INFO - Setting next_dagrun for 1_init_once_seed_data to None, run_after=None
[2022-09-28 17:29:47,229] {processor.py:161} INFO - Processing /opt/airflow/dags/init.py took 0.133 seconds
[2022-09-28 17:30:17,975] {processor.py:153} INFO - Started process (PID=2769) to work on /opt/airflow/dags/init.py
[2022-09-28 17:30:17,976] {processor.py:641} INFO - Processing file /opt/airflow/dags/init.py for tasks to queue
[2022-09-28 17:30:17,978] {logging_mixin.py:115} INFO - [2022-09-28 17:30:17,977] {dagbag.py:508} INFO - Filling up the DagBag from /opt/airflow/dags/init.py
[2022-09-28 17:30:17,993] {processor.py:651} INFO - DAG(s) dict_keys(['1_init_once_seed_data']) retrieved from /opt/airflow/dags/init.py
[2022-09-28 17:30:18,027] {logging_mixin.py:115} INFO - [2022-09-28 17:30:18,027] {dag.py:2420} INFO - Sync 1 DAGs
[2022-09-28 17:30:18,057] {logging_mixin.py:115} INFO - [2022-09-28 17:30:18,057] {dag.py:2972} INFO - Setting next_dagrun for 1_init_once_seed_data to None, run_after=None
[2022-09-28 17:30:18,075] {processor.py:161} INFO - Processing /opt/airflow/dags/init.py took 0.105 seconds
[2022-09-28 17:30:48,380] {processor.py:153} INFO - Started process (PID=2826) to work on /opt/airflow/dags/init.py
[2022-09-28 17:30:48,383] {processor.py:641} INFO - Processing file /opt/airflow/dags/init.py for tasks to queue
[2022-09-28 17:30:48,385] {logging_mixin.py:115} INFO - [2022-09-28 17:30:48,385] {dagbag.py:508} INFO - Filling up the DagBag from /opt/airflow/dags/init.py
[2022-09-28 17:30:48,408] {processor.py:651} INFO - DAG(s) dict_keys(['1_init_once_seed_data']) retrieved from /opt/airflow/dags/init.py
[2022-09-28 17:30:48,447] {logging_mixin.py:115} INFO - [2022-09-28 17:30:48,446] {dag.py:2420} INFO - Sync 1 DAGs
[2022-09-28 17:30:48,484] {logging_mixin.py:115} INFO - [2022-09-28 17:30:48,484] {dag.py:2972} INFO - Setting next_dagrun for 1_init_once_seed_data to None, run_after=None
[2022-09-28 17:30:48,504] {processor.py:161} INFO - Processing /opt/airflow/dags/init.py took 0.132 seconds
[2022-09-28 17:31:18,632] {processor.py:153} INFO - Started process (PID=2891) to work on /opt/airflow/dags/init.py
[2022-09-28 17:31:18,634] {processor.py:641} INFO - Processing file /opt/airflow/dags/init.py for tasks to queue
[2022-09-28 17:31:18,635] {logging_mixin.py:115} INFO - [2022-09-28 17:31:18,635] {dagbag.py:508} INFO - Filling up the DagBag from /opt/airflow/dags/init.py
[2022-09-28 17:31:18,652] {processor.py:651} INFO - DAG(s) dict_keys(['1_init_once_seed_data']) retrieved from /opt/airflow/dags/init.py
[2022-09-28 17:31:18,693] {logging_mixin.py:115} INFO - [2022-09-28 17:31:18,693] {dag.py:2420} INFO - Sync 1 DAGs
[2022-09-28 17:31:18,720] {logging_mixin.py:115} INFO - [2022-09-28 17:31:18,719] {dag.py:2972} INFO - Setting next_dagrun for 1_init_once_seed_data to None, run_after=None
[2022-09-28 17:31:18,733] {processor.py:161} INFO - Processing /opt/airflow/dags/init.py took 0.105 seconds
[2022-09-28 17:36:39,929] {processor.py:153} INFO - Started process (PID=112) to work on /opt/airflow/dags/init.py
[2022-09-28 17:36:39,935] {processor.py:641} INFO - Processing file /opt/airflow/dags/init.py for tasks to queue
[2022-09-28 17:36:39,938] {logging_mixin.py:115} INFO - [2022-09-28 17:36:39,938] {dagbag.py:508} INFO - Filling up the DagBag from /opt/airflow/dags/init.py
[2022-09-28 17:36:40,023] {processor.py:651} INFO - DAG(s) dict_keys(['1_init_once_seed_data']) retrieved from /opt/airflow/dags/init.py
[2022-09-28 17:36:40,636] {logging_mixin.py:115} INFO - [2022-09-28 17:36:40,636] {manager.py:508} INFO - Created Permission View: can read on DAG:1_init_once_seed_data
[2022-09-28 17:36:40,732] {logging_mixin.py:115} INFO - [2022-09-28 17:36:40,732] {manager.py:508} INFO - Created Permission View: can delete on DAG:1_init_once_seed_data
[2022-09-28 17:36:40,765] {logging_mixin.py:115} INFO - [2022-09-28 17:36:40,765] {manager.py:508} INFO - Created Permission View: can edit on DAG:1_init_once_seed_data
[2022-09-28 17:36:40,767] {logging_mixin.py:115} INFO - [2022-09-28 17:36:40,766] {dag.py:2420} INFO - Sync 1 DAGs
[2022-09-28 17:36:40,781] {logging_mixin.py:115} INFO - [2022-09-28 17:36:40,781] {dag.py:2439} INFO - Creating ORM DAG for 1_init_once_seed_data
[2022-09-28 17:36:40,798] {logging_mixin.py:115} INFO - [2022-09-28 17:36:40,798] {dag.py:2972} INFO - Setting next_dagrun for 1_init_once_seed_data to 2020-07-01T00:00:00+00:00, run_after=2020-07-01T00:00:00+00:00
[2022-09-28 17:36:40,820] {processor.py:161} INFO - Processing /opt/airflow/dags/init.py took 0.905 seconds
[2022-09-28 17:37:11,257] {processor.py:153} INFO - Started process (PID=168) to work on /opt/airflow/dags/init.py
[2022-09-28 17:37:11,259] {processor.py:641} INFO - Processing file /opt/airflow/dags/init.py for tasks to queue
[2022-09-28 17:37:11,261] {logging_mixin.py:115} INFO - [2022-09-28 17:37:11,261] {dagbag.py:508} INFO - Filling up the DagBag from /opt/airflow/dags/init.py
[2022-09-28 17:37:11,471] {processor.py:651} INFO - DAG(s) dict_keys(['1_init_once_seed_data']) retrieved from /opt/airflow/dags/init.py
[2022-09-28 17:37:11,508] {logging_mixin.py:115} INFO - [2022-09-28 17:37:11,508] {dag.py:2420} INFO - Sync 1 DAGs
[2022-09-28 17:37:11,544] {logging_mixin.py:115} INFO - [2022-09-28 17:37:11,544] {dag.py:2972} INFO - Setting next_dagrun for 1_init_once_seed_data to 2020-07-01T00:00:00+00:00, run_after=2020-07-01T00:00:00+00:00
[2022-09-28 17:37:11,571] {processor.py:161} INFO - Processing /opt/airflow/dags/init.py took 0.325 seconds
[2022-09-28 17:37:41,961] {processor.py:153} INFO - Started process (PID=234) to work on /opt/airflow/dags/init.py
[2022-09-28 17:37:41,963] {processor.py:641} INFO - Processing file /opt/airflow/dags/init.py for tasks to queue
[2022-09-28 17:37:41,967] {logging_mixin.py:115} INFO - [2022-09-28 17:37:41,967] {dagbag.py:508} INFO - Filling up the DagBag from /opt/airflow/dags/init.py
[2022-09-28 17:37:42,230] {processor.py:651} INFO - DAG(s) dict_keys(['1_init_once_seed_data']) retrieved from /opt/airflow/dags/init.py
[2022-09-28 17:37:42,276] {logging_mixin.py:115} INFO - [2022-09-28 17:37:42,276] {dag.py:2420} INFO - Sync 1 DAGs
[2022-09-28 17:37:42,315] {logging_mixin.py:115} INFO - [2022-09-28 17:37:42,315] {dag.py:2972} INFO - Setting next_dagrun for 1_init_once_seed_data to 2020-07-01T00:00:00+00:00, run_after=2020-07-01T00:00:00+00:00
[2022-09-28 17:37:42,339] {processor.py:161} INFO - Processing /opt/airflow/dags/init.py took 0.385 seconds
[2022-09-28 17:38:12,673] {processor.py:153} INFO - Started process (PID=296) to work on /opt/airflow/dags/init.py
[2022-09-28 17:38:12,675] {processor.py:641} INFO - Processing file /opt/airflow/dags/init.py for tasks to queue
[2022-09-28 17:38:12,676] {logging_mixin.py:115} INFO - [2022-09-28 17:38:12,676] {dagbag.py:508} INFO - Filling up the DagBag from /opt/airflow/dags/init.py
[2022-09-28 17:38:12,933] {processor.py:651} INFO - DAG(s) dict_keys(['1_init_once_seed_data']) retrieved from /opt/airflow/dags/init.py
[2022-09-28 17:38:12,966] {logging_mixin.py:115} INFO - [2022-09-28 17:38:12,966] {dag.py:2420} INFO - Sync 1 DAGs
[2022-09-28 17:38:13,017] {logging_mixin.py:115} INFO - [2022-09-28 17:38:13,017] {dag.py:2972} INFO - Setting next_dagrun for 1_init_once_seed_data to None, run_after=None
[2022-09-28 17:38:13,083] {processor.py:161} INFO - Processing /opt/airflow/dags/init.py took 0.413 seconds
[2022-09-28 17:38:43,413] {processor.py:153} INFO - Started process (PID=353) to work on /opt/airflow/dags/init.py
[2022-09-28 17:38:43,415] {processor.py:641} INFO - Processing file /opt/airflow/dags/init.py for tasks to queue
[2022-09-28 17:38:43,417] {logging_mixin.py:115} INFO - [2022-09-28 17:38:43,416] {dagbag.py:508} INFO - Filling up the DagBag from /opt/airflow/dags/init.py
[2022-09-28 17:38:43,640] {processor.py:651} INFO - DAG(s) dict_keys(['1_init_once_seed_data']) retrieved from /opt/airflow/dags/init.py
[2022-09-28 17:38:43,675] {logging_mixin.py:115} INFO - [2022-09-28 17:38:43,675] {dag.py:2420} INFO - Sync 1 DAGs
[2022-09-28 17:38:43,700] {logging_mixin.py:115} INFO - [2022-09-28 17:38:43,700] {dag.py:2972} INFO - Setting next_dagrun for 1_init_once_seed_data to None, run_after=None
[2022-09-28 17:38:43,720] {processor.py:161} INFO - Processing /opt/airflow/dags/init.py took 0.312 seconds
[2022-09-28 17:39:14,259] {processor.py:153} INFO - Started process (PID=420) to work on /opt/airflow/dags/init.py
[2022-09-28 17:39:14,260] {processor.py:641} INFO - Processing file /opt/airflow/dags/init.py for tasks to queue
[2022-09-28 17:39:14,261] {logging_mixin.py:115} INFO - [2022-09-28 17:39:14,261] {dagbag.py:508} INFO - Filling up the DagBag from /opt/airflow/dags/init.py
[2022-09-28 17:39:14,431] {processor.py:651} INFO - DAG(s) dict_keys(['1_init_once_seed_data']) retrieved from /opt/airflow/dags/init.py
[2022-09-28 17:39:14,467] {logging_mixin.py:115} INFO - [2022-09-28 17:39:14,467] {dag.py:2420} INFO - Sync 1 DAGs
[2022-09-28 17:39:14,490] {logging_mixin.py:115} INFO - [2022-09-28 17:39:14,490] {dag.py:2972} INFO - Setting next_dagrun for 1_init_once_seed_data to None, run_after=None
[2022-09-28 17:39:14,504] {processor.py:161} INFO - Processing /opt/airflow/dags/init.py took 0.249 seconds
[2022-09-28 17:47:09,854] {processor.py:153} INFO - Started process (PID=112) to work on /opt/airflow/dags/init.py
[2022-09-28 17:47:09,863] {processor.py:641} INFO - Processing file /opt/airflow/dags/init.py for tasks to queue
[2022-09-28 17:47:09,869] {logging_mixin.py:115} INFO - [2022-09-28 17:47:09,868] {dagbag.py:508} INFO - Filling up the DagBag from /opt/airflow/dags/init.py
[2022-09-28 17:47:10,024] {processor.py:651} INFO - DAG(s) dict_keys(['1_init_once_seed_data']) retrieved from /opt/airflow/dags/init.py
[2022-09-28 17:47:10,718] {logging_mixin.py:115} INFO - [2022-09-28 17:47:10,717] {manager.py:508} INFO - Created Permission View: can read on DAG:1_init_once_seed_data
[2022-09-28 17:47:10,773] {logging_mixin.py:115} INFO - [2022-09-28 17:47:10,773] {manager.py:508} INFO - Created Permission View: can edit on DAG:1_init_once_seed_data
[2022-09-28 17:47:10,803] {logging_mixin.py:115} INFO - [2022-09-28 17:47:10,803] {manager.py:508} INFO - Created Permission View: can delete on DAG:1_init_once_seed_data
[2022-09-28 17:47:10,805] {logging_mixin.py:115} INFO - [2022-09-28 17:47:10,805] {dag.py:2420} INFO - Sync 1 DAGs
[2022-09-28 17:47:10,828] {logging_mixin.py:115} INFO - [2022-09-28 17:47:10,828] {dag.py:2439} INFO - Creating ORM DAG for 1_init_once_seed_data
[2022-09-28 17:47:10,889] {logging_mixin.py:115} INFO - [2022-09-28 17:47:10,889] {dag.py:2972} INFO - Setting next_dagrun for 1_init_once_seed_data to 2020-07-01T00:00:00+00:00, run_after=2020-07-01T00:00:00+00:00
[2022-09-28 17:47:10,934] {processor.py:161} INFO - Processing /opt/airflow/dags/init.py took 1.101 seconds
[2022-09-28 17:47:41,264] {processor.py:153} INFO - Started process (PID=167) to work on /opt/airflow/dags/init.py
[2022-09-28 17:47:41,267] {processor.py:641} INFO - Processing file /opt/airflow/dags/init.py for tasks to queue
[2022-09-28 17:47:41,269] {logging_mixin.py:115} INFO - [2022-09-28 17:47:41,269] {dagbag.py:508} INFO - Filling up the DagBag from /opt/airflow/dags/init.py
[2022-09-28 17:47:41,632] {processor.py:651} INFO - DAG(s) dict_keys(['1_init_once_seed_data']) retrieved from /opt/airflow/dags/init.py
[2022-09-28 17:47:41,702] {logging_mixin.py:115} INFO - [2022-09-28 17:47:41,702] {dag.py:2420} INFO - Sync 1 DAGs
[2022-09-28 17:47:41,801] {logging_mixin.py:115} INFO - [2022-09-28 17:47:41,800] {dag.py:2972} INFO - Setting next_dagrun for 1_init_once_seed_data to 2020-07-01T00:00:00+00:00, run_after=2020-07-01T00:00:00+00:00
[2022-09-28 17:47:41,829] {processor.py:161} INFO - Processing /opt/airflow/dags/init.py took 0.584 seconds
[2022-09-28 17:48:12,124] {processor.py:153} INFO - Started process (PID=233) to work on /opt/airflow/dags/init.py
[2022-09-28 17:48:12,128] {processor.py:641} INFO - Processing file /opt/airflow/dags/init.py for tasks to queue
[2022-09-28 17:48:12,140] {logging_mixin.py:115} INFO - [2022-09-28 17:48:12,139] {dagbag.py:508} INFO - Filling up the DagBag from /opt/airflow/dags/init.py
[2022-09-28 17:48:12,379] {processor.py:651} INFO - DAG(s) dict_keys(['1_init_once_seed_data']) retrieved from /opt/airflow/dags/init.py
[2022-09-28 17:48:12,404] {logging_mixin.py:115} INFO - [2022-09-28 17:48:12,403] {dag.py:2420} INFO - Sync 1 DAGs
[2022-09-28 17:48:12,435] {logging_mixin.py:115} INFO - [2022-09-28 17:48:12,435] {dag.py:2972} INFO - Setting next_dagrun for 1_init_once_seed_data to None, run_after=None
[2022-09-28 17:48:12,463] {processor.py:161} INFO - Processing /opt/airflow/dags/init.py took 0.349 seconds
[2022-09-28 17:48:42,869] {processor.py:153} INFO - Started process (PID=289) to work on /opt/airflow/dags/init.py
[2022-09-28 17:48:42,871] {processor.py:641} INFO - Processing file /opt/airflow/dags/init.py for tasks to queue
[2022-09-28 17:48:42,872] {logging_mixin.py:115} INFO - [2022-09-28 17:48:42,872] {dagbag.py:508} INFO - Filling up the DagBag from /opt/airflow/dags/init.py
[2022-09-28 17:48:43,040] {processor.py:651} INFO - DAG(s) dict_keys(['1_init_once_seed_data']) retrieved from /opt/airflow/dags/init.py
[2022-09-28 17:48:43,075] {logging_mixin.py:115} INFO - [2022-09-28 17:48:43,075] {dag.py:2420} INFO - Sync 1 DAGs
[2022-09-28 17:48:43,112] {logging_mixin.py:115} INFO - [2022-09-28 17:48:43,112] {dag.py:2972} INFO - Setting next_dagrun for 1_init_once_seed_data to None, run_after=None
[2022-09-28 17:48:43,129] {processor.py:161} INFO - Processing /opt/airflow/dags/init.py took 0.266 seconds
[2022-09-28 17:49:13,422] {processor.py:153} INFO - Started process (PID=354) to work on /opt/airflow/dags/init.py
[2022-09-28 17:49:13,424] {processor.py:641} INFO - Processing file /opt/airflow/dags/init.py for tasks to queue
[2022-09-28 17:49:13,427] {logging_mixin.py:115} INFO - [2022-09-28 17:49:13,426] {dagbag.py:508} INFO - Filling up the DagBag from /opt/airflow/dags/init.py
[2022-09-28 17:49:13,591] {processor.py:651} INFO - DAG(s) dict_keys(['1_init_once_seed_data']) retrieved from /opt/airflow/dags/init.py
[2022-09-28 17:49:13,614] {logging_mixin.py:115} INFO - [2022-09-28 17:49:13,613] {dag.py:2420} INFO - Sync 1 DAGs
[2022-09-28 17:49:13,638] {logging_mixin.py:115} INFO - [2022-09-28 17:49:13,638] {dag.py:2972} INFO - Setting next_dagrun for 1_init_once_seed_data to None, run_after=None
[2022-09-28 17:49:13,655] {processor.py:161} INFO - Processing /opt/airflow/dags/init.py took 0.239 seconds
[2022-09-28 17:49:44,253] {processor.py:153} INFO - Started process (PID=410) to work on /opt/airflow/dags/init.py
[2022-09-28 17:49:44,256] {processor.py:641} INFO - Processing file /opt/airflow/dags/init.py for tasks to queue
[2022-09-28 17:49:44,260] {logging_mixin.py:115} INFO - [2022-09-28 17:49:44,259] {dagbag.py:508} INFO - Filling up the DagBag from /opt/airflow/dags/init.py
[2022-09-28 17:49:44,440] {processor.py:651} INFO - DAG(s) dict_keys(['1_init_once_seed_data']) retrieved from /opt/airflow/dags/init.py
[2022-09-28 17:49:44,470] {logging_mixin.py:115} INFO - [2022-09-28 17:49:44,470] {dag.py:2420} INFO - Sync 1 DAGs
[2022-09-28 17:49:44,501] {logging_mixin.py:115} INFO - [2022-09-28 17:49:44,501] {dag.py:2972} INFO - Setting next_dagrun for 1_init_once_seed_data to None, run_after=None
[2022-09-28 17:49:44,520] {processor.py:161} INFO - Processing /opt/airflow/dags/init.py took 0.276 seconds
[2022-09-28 17:50:15,339] {processor.py:153} INFO - Started process (PID=479) to work on /opt/airflow/dags/init.py
[2022-09-28 17:50:15,341] {processor.py:641} INFO - Processing file /opt/airflow/dags/init.py for tasks to queue
[2022-09-28 17:50:15,342] {logging_mixin.py:115} INFO - [2022-09-28 17:50:15,342] {dagbag.py:508} INFO - Filling up the DagBag from /opt/airflow/dags/init.py
[2022-09-28 17:50:15,588] {processor.py:651} INFO - DAG(s) dict_keys(['1_init_once_seed_data']) retrieved from /opt/airflow/dags/init.py
[2022-09-28 17:50:15,625] {logging_mixin.py:115} INFO - [2022-09-28 17:50:15,624] {dag.py:2420} INFO - Sync 1 DAGs
[2022-09-28 17:50:15,648] {logging_mixin.py:115} INFO - [2022-09-28 17:50:15,648] {dag.py:2972} INFO - Setting next_dagrun for 1_init_once_seed_data to None, run_after=None
[2022-09-28 17:50:15,662] {processor.py:161} INFO - Processing /opt/airflow/dags/init.py took 0.327 seconds
[2022-09-28 17:50:46,043] {processor.py:153} INFO - Started process (PID=536) to work on /opt/airflow/dags/init.py
[2022-09-28 17:50:46,044] {processor.py:641} INFO - Processing file /opt/airflow/dags/init.py for tasks to queue
[2022-09-28 17:50:46,046] {logging_mixin.py:115} INFO - [2022-09-28 17:50:46,046] {dagbag.py:508} INFO - Filling up the DagBag from /opt/airflow/dags/init.py
[2022-09-28 17:50:46,209] {processor.py:651} INFO - DAG(s) dict_keys(['1_init_once_seed_data']) retrieved from /opt/airflow/dags/init.py
[2022-09-28 17:50:46,232] {logging_mixin.py:115} INFO - [2022-09-28 17:50:46,232] {dag.py:2420} INFO - Sync 1 DAGs
[2022-09-28 17:50:46,254] {logging_mixin.py:115} INFO - [2022-09-28 17:50:46,254] {dag.py:2972} INFO - Setting next_dagrun for 1_init_once_seed_data to None, run_after=None
[2022-09-28 17:50:46,268] {processor.py:161} INFO - Processing /opt/airflow/dags/init.py took 0.230 seconds
[2022-09-28 17:51:16,668] {processor.py:153} INFO - Started process (PID=603) to work on /opt/airflow/dags/init.py
[2022-09-28 17:51:16,670] {processor.py:641} INFO - Processing file /opt/airflow/dags/init.py for tasks to queue
[2022-09-28 17:51:16,672] {logging_mixin.py:115} INFO - [2022-09-28 17:51:16,671] {dagbag.py:508} INFO - Filling up the DagBag from /opt/airflow/dags/init.py
[2022-09-28 17:51:16,840] {processor.py:651} INFO - DAG(s) dict_keys(['1_init_once_seed_data']) retrieved from /opt/airflow/dags/init.py
[2022-09-28 17:51:16,869] {logging_mixin.py:115} INFO - [2022-09-28 17:51:16,869] {dag.py:2420} INFO - Sync 1 DAGs
[2022-09-28 17:51:16,904] {logging_mixin.py:115} INFO - [2022-09-28 17:51:16,904] {dag.py:2972} INFO - Setting next_dagrun for 1_init_once_seed_data to None, run_after=None
[2022-09-28 17:51:16,929] {processor.py:161} INFO - Processing /opt/airflow/dags/init.py took 0.266 seconds
[2022-09-28 17:51:47,959] {processor.py:153} INFO - Started process (PID=672) to work on /opt/airflow/dags/init.py
[2022-09-28 17:51:47,961] {processor.py:641} INFO - Processing file /opt/airflow/dags/init.py for tasks to queue
[2022-09-28 17:51:47,963] {logging_mixin.py:115} INFO - [2022-09-28 17:51:47,963] {dagbag.py:508} INFO - Filling up the DagBag from /opt/airflow/dags/init.py
[2022-09-28 17:51:48,168] {processor.py:651} INFO - DAG(s) dict_keys(['1_init_once_seed_data']) retrieved from /opt/airflow/dags/init.py
[2022-09-28 17:51:48,201] {logging_mixin.py:115} INFO - [2022-09-28 17:51:48,201] {dag.py:2420} INFO - Sync 1 DAGs
[2022-09-28 17:51:48,242] {logging_mixin.py:115} INFO - [2022-09-28 17:51:48,242] {dag.py:2972} INFO - Setting next_dagrun for 1_init_once_seed_data to None, run_after=None
[2022-09-28 17:51:48,265] {processor.py:161} INFO - Processing /opt/airflow/dags/init.py took 0.314 seconds
[2022-09-28 17:52:18,542] {processor.py:153} INFO - Started process (PID=728) to work on /opt/airflow/dags/init.py
[2022-09-28 17:52:18,546] {processor.py:641} INFO - Processing file /opt/airflow/dags/init.py for tasks to queue
[2022-09-28 17:52:18,549] {logging_mixin.py:115} INFO - [2022-09-28 17:52:18,549] {dagbag.py:508} INFO - Filling up the DagBag from /opt/airflow/dags/init.py
[2022-09-28 17:52:18,572] {processor.py:651} INFO - DAG(s) dict_keys(['1_init_once_seed_data']) retrieved from /opt/airflow/dags/init.py
[2022-09-28 17:52:18,614] {logging_mixin.py:115} INFO - [2022-09-28 17:52:18,614] {dag.py:2420} INFO - Sync 1 DAGs
[2022-09-28 17:52:18,646] {logging_mixin.py:115} INFO - [2022-09-28 17:52:18,646] {dag.py:2972} INFO - Setting next_dagrun for 1_init_once_seed_data to None, run_after=None
[2022-09-28 17:52:18,668] {processor.py:161} INFO - Processing /opt/airflow/dags/init.py took 0.139 seconds
[2022-09-28 17:52:49,528] {processor.py:153} INFO - Started process (PID=794) to work on /opt/airflow/dags/init.py
[2022-09-28 17:52:49,530] {processor.py:641} INFO - Processing file /opt/airflow/dags/init.py for tasks to queue
[2022-09-28 17:52:49,531] {logging_mixin.py:115} INFO - [2022-09-28 17:52:49,531] {dagbag.py:508} INFO - Filling up the DagBag from /opt/airflow/dags/init.py
[2022-09-28 17:52:49,545] {processor.py:651} INFO - DAG(s) dict_keys(['1_init_once_seed_data']) retrieved from /opt/airflow/dags/init.py
[2022-09-28 17:52:49,575] {logging_mixin.py:115} INFO - [2022-09-28 17:52:49,574] {dag.py:2420} INFO - Sync 1 DAGs
[2022-09-28 17:52:49,603] {logging_mixin.py:115} INFO - [2022-09-28 17:52:49,603] {dag.py:2972} INFO - Setting next_dagrun for 1_init_once_seed_data to None, run_after=None
[2022-09-28 17:52:49,619] {processor.py:161} INFO - Processing /opt/airflow/dags/init.py took 0.096 seconds
[2022-09-28 17:53:20,118] {processor.py:153} INFO - Started process (PID=850) to work on /opt/airflow/dags/init.py
[2022-09-28 17:53:20,121] {processor.py:641} INFO - Processing file /opt/airflow/dags/init.py for tasks to queue
[2022-09-28 17:53:20,123] {logging_mixin.py:115} INFO - [2022-09-28 17:53:20,123] {dagbag.py:508} INFO - Filling up the DagBag from /opt/airflow/dags/init.py
[2022-09-28 17:53:20,145] {processor.py:651} INFO - DAG(s) dict_keys(['1_init_once_seed_data']) retrieved from /opt/airflow/dags/init.py
[2022-09-28 17:53:20,196] {logging_mixin.py:115} INFO - [2022-09-28 17:53:20,196] {dag.py:2420} INFO - Sync 1 DAGs
[2022-09-28 17:53:20,246] {logging_mixin.py:115} INFO - [2022-09-28 17:53:20,246] {dag.py:2972} INFO - Setting next_dagrun for 1_init_once_seed_data to None, run_after=None
[2022-09-28 17:53:20,281] {processor.py:161} INFO - Processing /opt/airflow/dags/init.py took 0.171 seconds
[2022-09-28 17:53:50,381] {processor.py:153} INFO - Started process (PID=916) to work on /opt/airflow/dags/init.py
[2022-09-28 17:53:50,382] {processor.py:641} INFO - Processing file /opt/airflow/dags/init.py for tasks to queue
[2022-09-28 17:53:50,383] {logging_mixin.py:115} INFO - [2022-09-28 17:53:50,383] {dagbag.py:508} INFO - Filling up the DagBag from /opt/airflow/dags/init.py
[2022-09-28 17:53:50,397] {processor.py:651} INFO - DAG(s) dict_keys(['1_init_once_seed_data']) retrieved from /opt/airflow/dags/init.py
[2022-09-28 17:53:50,426] {logging_mixin.py:115} INFO - [2022-09-28 17:53:50,426] {dag.py:2420} INFO - Sync 1 DAGs
[2022-09-28 17:53:50,455] {logging_mixin.py:115} INFO - [2022-09-28 17:53:50,455] {dag.py:2972} INFO - Setting next_dagrun for 1_init_once_seed_data to 2020-07-01T00:00:00+00:00, run_after=2020-07-01T00:00:00+00:00
[2022-09-28 17:53:50,481] {processor.py:161} INFO - Processing /opt/airflow/dags/init.py took 0.106 seconds
[2022-09-28 17:54:20,864] {processor.py:153} INFO - Started process (PID=972) to work on /opt/airflow/dags/init.py
[2022-09-28 17:54:20,867] {processor.py:641} INFO - Processing file /opt/airflow/dags/init.py for tasks to queue
[2022-09-28 17:54:20,870] {logging_mixin.py:115} INFO - [2022-09-28 17:54:20,870] {dagbag.py:508} INFO - Filling up the DagBag from /opt/airflow/dags/init.py
[2022-09-28 17:54:20,904] {processor.py:651} INFO - DAG(s) dict_keys(['1_init_once_seed_data']) retrieved from /opt/airflow/dags/init.py
[2022-09-28 17:54:20,965] {logging_mixin.py:115} INFO - [2022-09-28 17:54:20,964] {dag.py:2420} INFO - Sync 1 DAGs
[2022-09-28 17:54:21,015] {logging_mixin.py:115} INFO - [2022-09-28 17:54:21,015] {dag.py:2972} INFO - Setting next_dagrun for 1_init_once_seed_data to None, run_after=None
[2022-09-28 17:54:21,051] {processor.py:161} INFO - Processing /opt/airflow/dags/init.py took 0.218 seconds
[2022-09-28 17:54:51,579] {processor.py:153} INFO - Started process (PID=1039) to work on /opt/airflow/dags/init.py
[2022-09-28 17:54:51,580] {processor.py:641} INFO - Processing file /opt/airflow/dags/init.py for tasks to queue
[2022-09-28 17:54:51,582] {logging_mixin.py:115} INFO - [2022-09-28 17:54:51,582] {dagbag.py:508} INFO - Filling up the DagBag from /opt/airflow/dags/init.py
[2022-09-28 17:54:51,595] {processor.py:651} INFO - DAG(s) dict_keys(['1_init_once_seed_data']) retrieved from /opt/airflow/dags/init.py
[2022-09-28 17:54:51,622] {logging_mixin.py:115} INFO - [2022-09-28 17:54:51,622] {dag.py:2420} INFO - Sync 1 DAGs
[2022-09-28 17:54:51,647] {logging_mixin.py:115} INFO - [2022-09-28 17:54:51,647] {dag.py:2972} INFO - Setting next_dagrun for 1_init_once_seed_data to None, run_after=None
[2022-09-28 17:54:51,667] {processor.py:161} INFO - Processing /opt/airflow/dags/init.py took 0.095 seconds
[2022-09-28 17:55:21,786] {processor.py:153} INFO - Started process (PID=1096) to work on /opt/airflow/dags/init.py
[2022-09-28 17:55:21,788] {processor.py:641} INFO - Processing file /opt/airflow/dags/init.py for tasks to queue
[2022-09-28 17:55:21,790] {logging_mixin.py:115} INFO - [2022-09-28 17:55:21,790] {dagbag.py:508} INFO - Filling up the DagBag from /opt/airflow/dags/init.py
[2022-09-28 17:55:21,809] {processor.py:651} INFO - DAG(s) dict_keys(['1_init_once_seed_data']) retrieved from /opt/airflow/dags/init.py
[2022-09-28 17:55:21,841] {logging_mixin.py:115} INFO - [2022-09-28 17:55:21,841] {dag.py:2420} INFO - Sync 1 DAGs
[2022-09-28 17:55:21,877] {logging_mixin.py:115} INFO - [2022-09-28 17:55:21,877] {dag.py:2972} INFO - Setting next_dagrun for 1_init_once_seed_data to None, run_after=None
[2022-09-28 17:55:21,897] {processor.py:161} INFO - Processing /opt/airflow/dags/init.py took 0.117 seconds
[2022-09-28 17:55:52,053] {processor.py:153} INFO - Started process (PID=1161) to work on /opt/airflow/dags/init.py
[2022-09-28 17:55:52,055] {processor.py:641} INFO - Processing file /opt/airflow/dags/init.py for tasks to queue
[2022-09-28 17:55:52,056] {logging_mixin.py:115} INFO - [2022-09-28 17:55:52,056] {dagbag.py:508} INFO - Filling up the DagBag from /opt/airflow/dags/init.py
[2022-09-28 17:55:52,076] {processor.py:651} INFO - DAG(s) dict_keys(['1_init_once_seed_data']) retrieved from /opt/airflow/dags/init.py
[2022-09-28 17:55:52,117] {logging_mixin.py:115} INFO - [2022-09-28 17:55:52,117] {dag.py:2420} INFO - Sync 1 DAGs
[2022-09-28 17:55:52,154] {logging_mixin.py:115} INFO - [2022-09-28 17:55:52,154] {dag.py:2972} INFO - Setting next_dagrun for 1_init_once_seed_data to None, run_after=None
[2022-09-28 17:55:52,178] {processor.py:161} INFO - Processing /opt/airflow/dags/init.py took 0.130 seconds
