[2022-09-28 16:53:23,767] {processor.py:153} INFO - Started process (PID=122) to work on /opt/airflow/dags/transform_and_analysis.py
[2022-09-28 16:53:23,777] {processor.py:641} INFO - Processing file /opt/airflow/dags/transform_and_analysis.py for tasks to queue
[2022-09-28 16:53:23,780] {logging_mixin.py:115} INFO - [2022-09-28 16:53:23,780] {dagbag.py:508} INFO - Filling up the DagBag from /opt/airflow/dags/transform_and_analysis.py
[2022-09-28 16:53:24,340] {processor.py:651} INFO - DAG(s) dict_keys(['2_daily_transformation_analysis']) retrieved from /opt/airflow/dags/transform_and_analysis.py
[2022-09-28 16:53:25,496] {logging_mixin.py:115} INFO - [2022-09-28 16:53:25,496] {dag.py:2420} INFO - Sync 1 DAGs
[2022-09-28 16:53:25,584] {logging_mixin.py:115} INFO - [2022-09-28 16:53:25,584] {dag.py:2972} INFO - Setting next_dagrun for 2_daily_transformation_analysis to None, run_after=None
[2022-09-28 16:53:25,738] {processor.py:161} INFO - Processing /opt/airflow/dags/transform_and_analysis.py took 1.986 seconds
[2022-09-28 16:54:14,100] {processor.py:153} INFO - Started process (PID=177) to work on /opt/airflow/dags/transform_and_analysis.py
[2022-09-28 16:54:14,105] {processor.py:641} INFO - Processing file /opt/airflow/dags/transform_and_analysis.py for tasks to queue
[2022-09-28 16:54:14,109] {logging_mixin.py:115} INFO - [2022-09-28 16:54:14,109] {dagbag.py:508} INFO - Filling up the DagBag from /opt/airflow/dags/transform_and_analysis.py
[2022-09-28 16:54:14,544] {processor.py:651} INFO - DAG(s) dict_keys(['2_daily_transformation_analysis']) retrieved from /opt/airflow/dags/transform_and_analysis.py
[2022-09-28 16:54:14,680] {logging_mixin.py:115} INFO - [2022-09-28 16:54:14,680] {dag.py:2420} INFO - Sync 1 DAGs
[2022-09-28 16:54:14,813] {logging_mixin.py:115} INFO - [2022-09-28 16:54:14,812] {dag.py:2972} INFO - Setting next_dagrun for 2_daily_transformation_analysis to None, run_after=None
[2022-09-28 16:54:14,878] {processor.py:161} INFO - Processing /opt/airflow/dags/transform_and_analysis.py took 0.786 seconds
[2022-09-28 16:54:45,076] {processor.py:153} INFO - Started process (PID=244) to work on /opt/airflow/dags/transform_and_analysis.py
[2022-09-28 16:54:45,077] {processor.py:641} INFO - Processing file /opt/airflow/dags/transform_and_analysis.py for tasks to queue
[2022-09-28 16:54:45,079] {logging_mixin.py:115} INFO - [2022-09-28 16:54:45,079] {dagbag.py:508} INFO - Filling up the DagBag from /opt/airflow/dags/transform_and_analysis.py
[2022-09-28 16:54:45,337] {processor.py:651} INFO - DAG(s) dict_keys(['2_daily_transformation_analysis']) retrieved from /opt/airflow/dags/transform_and_analysis.py
[2022-09-28 16:54:45,362] {logging_mixin.py:115} INFO - [2022-09-28 16:54:45,362] {dag.py:2420} INFO - Sync 1 DAGs
[2022-09-28 16:54:45,392] {logging_mixin.py:115} INFO - [2022-09-28 16:54:45,391] {dag.py:2972} INFO - Setting next_dagrun for 2_daily_transformation_analysis to None, run_after=None
[2022-09-28 16:54:45,406] {processor.py:161} INFO - Processing /opt/airflow/dags/transform_and_analysis.py took 0.334 seconds
[2022-09-28 16:55:17,168] {processor.py:153} INFO - Started process (PID=299) to work on /opt/airflow/dags/transform_and_analysis.py
[2022-09-28 16:55:17,172] {processor.py:641} INFO - Processing file /opt/airflow/dags/transform_and_analysis.py for tasks to queue
[2022-09-28 16:55:17,177] {logging_mixin.py:115} INFO - [2022-09-28 16:55:17,177] {dagbag.py:508} INFO - Filling up the DagBag from /opt/airflow/dags/transform_and_analysis.py
[2022-09-28 16:55:17,877] {processor.py:651} INFO - DAG(s) dict_keys(['2_daily_transformation_analysis']) retrieved from /opt/airflow/dags/transform_and_analysis.py
[2022-09-28 16:55:17,925] {logging_mixin.py:115} INFO - [2022-09-28 16:55:17,925] {dag.py:2420} INFO - Sync 1 DAGs
[2022-09-28 16:55:17,951] {logging_mixin.py:115} INFO - [2022-09-28 16:55:17,951] {dag.py:2972} INFO - Setting next_dagrun for 2_daily_transformation_analysis to None, run_after=None
[2022-09-28 16:55:17,986] {processor.py:161} INFO - Processing /opt/airflow/dags/transform_and_analysis.py took 0.832 seconds
[2022-09-28 16:55:48,161] {processor.py:153} INFO - Started process (PID=356) to work on /opt/airflow/dags/transform_and_analysis.py
[2022-09-28 16:55:48,163] {processor.py:641} INFO - Processing file /opt/airflow/dags/transform_and_analysis.py for tasks to queue
[2022-09-28 16:55:48,169] {logging_mixin.py:115} INFO - [2022-09-28 16:55:48,169] {dagbag.py:508} INFO - Filling up the DagBag from /opt/airflow/dags/transform_and_analysis.py
[2022-09-28 16:55:48,382] {processor.py:651} INFO - DAG(s) dict_keys(['2_daily_transformation_analysis']) retrieved from /opt/airflow/dags/transform_and_analysis.py
[2022-09-28 16:55:48,422] {logging_mixin.py:115} INFO - [2022-09-28 16:55:48,422] {dag.py:2420} INFO - Sync 1 DAGs
[2022-09-28 16:55:48,475] {logging_mixin.py:115} INFO - [2022-09-28 16:55:48,475] {dag.py:2972} INFO - Setting next_dagrun for 2_daily_transformation_analysis to None, run_after=None
[2022-09-28 16:55:48,500] {processor.py:161} INFO - Processing /opt/airflow/dags/transform_and_analysis.py took 0.346 seconds
[2022-09-28 16:56:19,895] {processor.py:153} INFO - Started process (PID=422) to work on /opt/airflow/dags/transform_and_analysis.py
[2022-09-28 16:56:19,903] {processor.py:641} INFO - Processing file /opt/airflow/dags/transform_and_analysis.py for tasks to queue
[2022-09-28 16:56:19,906] {logging_mixin.py:115} INFO - [2022-09-28 16:56:19,906] {dagbag.py:508} INFO - Filling up the DagBag from /opt/airflow/dags/transform_and_analysis.py
[2022-09-28 16:56:20,458] {processor.py:651} INFO - DAG(s) dict_keys(['2_daily_transformation_analysis']) retrieved from /opt/airflow/dags/transform_and_analysis.py
[2022-09-28 16:56:20,610] {logging_mixin.py:115} INFO - [2022-09-28 16:56:20,610] {dag.py:2420} INFO - Sync 1 DAGs
[2022-09-28 16:56:20,725] {logging_mixin.py:115} INFO - [2022-09-28 16:56:20,725] {dag.py:2972} INFO - Setting next_dagrun for 2_daily_transformation_analysis to None, run_after=None
[2022-09-28 16:56:20,933] {processor.py:161} INFO - Processing /opt/airflow/dags/transform_and_analysis.py took 1.045 seconds
[2022-09-28 16:56:53,046] {processor.py:153} INFO - Started process (PID=477) to work on /opt/airflow/dags/transform_and_analysis.py
[2022-09-28 16:56:53,054] {processor.py:641} INFO - Processing file /opt/airflow/dags/transform_and_analysis.py for tasks to queue
[2022-09-28 16:56:53,056] {logging_mixin.py:115} INFO - [2022-09-28 16:56:53,055] {dagbag.py:508} INFO - Filling up the DagBag from /opt/airflow/dags/transform_and_analysis.py
[2022-09-28 16:56:55,951] {processor.py:651} INFO - DAG(s) dict_keys(['2_daily_transformation_analysis']) retrieved from /opt/airflow/dags/transform_and_analysis.py
[2022-09-28 16:57:01,201] {logging_mixin.py:115} INFO - [2022-09-28 16:57:01,200] {dag.py:2420} INFO - Sync 1 DAGs
[2022-09-28 16:57:05,723] {logging_mixin.py:115} INFO - [2022-09-28 16:57:05,722] {dag.py:2972} INFO - Setting next_dagrun for 2_daily_transformation_analysis to None, run_after=None
[2022-09-28 16:57:13,166] {processor.py:161} INFO - Processing /opt/airflow/dags/transform_and_analysis.py took 20.145 seconds
[2022-09-28 16:57:43,494] {processor.py:153} INFO - Started process (PID=544) to work on /opt/airflow/dags/transform_and_analysis.py
[2022-09-28 16:57:43,495] {processor.py:641} INFO - Processing file /opt/airflow/dags/transform_and_analysis.py for tasks to queue
[2022-09-28 16:57:43,496] {logging_mixin.py:115} INFO - [2022-09-28 16:57:43,496] {dagbag.py:508} INFO - Filling up the DagBag from /opt/airflow/dags/transform_and_analysis.py
[2022-09-28 16:57:43,653] {processor.py:651} INFO - DAG(s) dict_keys(['2_daily_transformation_analysis']) retrieved from /opt/airflow/dags/transform_and_analysis.py
[2022-09-28 16:57:43,678] {logging_mixin.py:115} INFO - [2022-09-28 16:57:43,678] {dag.py:2420} INFO - Sync 1 DAGs
[2022-09-28 16:57:43,703] {logging_mixin.py:115} INFO - [2022-09-28 16:57:43,703] {dag.py:2972} INFO - Setting next_dagrun for 2_daily_transformation_analysis to None, run_after=None
[2022-09-28 16:57:43,719] {processor.py:161} INFO - Processing /opt/airflow/dags/transform_and_analysis.py took 0.229 seconds
[2022-09-28 16:58:14,509] {processor.py:153} INFO - Started process (PID=600) to work on /opt/airflow/dags/transform_and_analysis.py
[2022-09-28 16:58:14,541] {processor.py:641} INFO - Processing file /opt/airflow/dags/transform_and_analysis.py for tasks to queue
[2022-09-28 16:58:14,544] {logging_mixin.py:115} INFO - [2022-09-28 16:58:14,544] {dagbag.py:508} INFO - Filling up the DagBag from /opt/airflow/dags/transform_and_analysis.py
[2022-09-28 16:58:15,671] {processor.py:651} INFO - DAG(s) dict_keys(['2_daily_transformation_analysis']) retrieved from /opt/airflow/dags/transform_and_analysis.py
[2022-09-28 16:58:16,110] {logging_mixin.py:115} INFO - [2022-09-28 16:58:16,109] {dag.py:2420} INFO - Sync 1 DAGs
[2022-09-28 16:58:16,231] {logging_mixin.py:115} INFO - [2022-09-28 16:58:16,231] {dag.py:2972} INFO - Setting next_dagrun for 2_daily_transformation_analysis to None, run_after=None
[2022-09-28 16:58:16,278] {processor.py:161} INFO - Processing /opt/airflow/dags/transform_and_analysis.py took 1.798 seconds
[2022-09-28 16:58:46,912] {processor.py:153} INFO - Started process (PID=654) to work on /opt/airflow/dags/transform_and_analysis.py
[2022-09-28 16:58:46,914] {processor.py:641} INFO - Processing file /opt/airflow/dags/transform_and_analysis.py for tasks to queue
[2022-09-28 16:58:46,916] {logging_mixin.py:115} INFO - [2022-09-28 16:58:46,916] {dagbag.py:508} INFO - Filling up the DagBag from /opt/airflow/dags/transform_and_analysis.py
[2022-09-28 16:58:46,933] {processor.py:651} INFO - DAG(s) dict_keys(['2_daily_transformation_analysis']) retrieved from /opt/airflow/dags/transform_and_analysis.py
[2022-09-28 16:58:46,981] {logging_mixin.py:115} INFO - [2022-09-28 16:58:46,981] {dag.py:2420} INFO - Sync 1 DAGs
[2022-09-28 16:58:47,032] {logging_mixin.py:115} INFO - [2022-09-28 16:58:47,032] {dag.py:2972} INFO - Setting next_dagrun for 2_daily_transformation_analysis to None, run_after=None
[2022-09-28 16:58:47,069] {processor.py:161} INFO - Processing /opt/airflow/dags/transform_and_analysis.py took 0.160 seconds
[2022-09-28 17:08:22,694] {processor.py:153} INFO - Started process (PID=110) to work on /opt/airflow/dags/transform_and_analysis.py
[2022-09-28 17:08:22,703] {processor.py:641} INFO - Processing file /opt/airflow/dags/transform_and_analysis.py for tasks to queue
[2022-09-28 17:08:22,709] {logging_mixin.py:115} INFO - [2022-09-28 17:08:22,709] {dagbag.py:508} INFO - Filling up the DagBag from /opt/airflow/dags/transform_and_analysis.py
[2022-09-28 17:08:22,761] {processor.py:651} INFO - DAG(s) dict_keys(['2_daily_transformation_analysis']) retrieved from /opt/airflow/dags/transform_and_analysis.py
[2022-09-28 17:08:23,053] {logging_mixin.py:115} INFO - [2022-09-28 17:08:23,053] {manager.py:508} INFO - Created Permission View: can read on DAG:2_daily_transformation_analysis
[2022-09-28 17:08:23,068] {logging_mixin.py:115} INFO - [2022-09-28 17:08:23,068] {manager.py:508} INFO - Created Permission View: can delete on DAG:2_daily_transformation_analysis
[2022-09-28 17:08:23,081] {logging_mixin.py:115} INFO - [2022-09-28 17:08:23,081] {manager.py:508} INFO - Created Permission View: can edit on DAG:2_daily_transformation_analysis
[2022-09-28 17:08:23,083] {logging_mixin.py:115} INFO - [2022-09-28 17:08:23,082] {dag.py:2420} INFO - Sync 1 DAGs
[2022-09-28 17:08:23,200] {logging_mixin.py:115} INFO - [2022-09-28 17:08:23,200] {dag.py:2439} INFO - Creating ORM DAG for 2_daily_transformation_analysis
[2022-09-28 17:08:23,232] {logging_mixin.py:115} INFO - [2022-09-28 17:08:23,232] {dag.py:2972} INFO - Setting next_dagrun for 2_daily_transformation_analysis to 2020-08-01T00:00:00+00:00, run_after=2020-08-01T00:00:00+00:00
[2022-09-28 17:08:23,407] {processor.py:161} INFO - Processing /opt/airflow/dags/transform_and_analysis.py took 0.722 seconds
[2022-09-28 17:08:53,788] {processor.py:153} INFO - Started process (PID=166) to work on /opt/airflow/dags/transform_and_analysis.py
[2022-09-28 17:08:53,790] {processor.py:641} INFO - Processing file /opt/airflow/dags/transform_and_analysis.py for tasks to queue
[2022-09-28 17:08:53,792] {logging_mixin.py:115} INFO - [2022-09-28 17:08:53,792] {dagbag.py:508} INFO - Filling up the DagBag from /opt/airflow/dags/transform_and_analysis.py
[2022-09-28 17:08:53,956] {processor.py:651} INFO - DAG(s) dict_keys(['2_daily_transformation_analysis']) retrieved from /opt/airflow/dags/transform_and_analysis.py
[2022-09-28 17:08:53,987] {logging_mixin.py:115} INFO - [2022-09-28 17:08:53,987] {dag.py:2420} INFO - Sync 1 DAGs
[2022-09-28 17:08:54,014] {logging_mixin.py:115} INFO - [2022-09-28 17:08:54,014] {dag.py:2972} INFO - Setting next_dagrun for 2_daily_transformation_analysis to 2020-08-01T00:00:00+00:00, run_after=2020-08-01T00:00:00+00:00
[2022-09-28 17:08:54,035] {processor.py:161} INFO - Processing /opt/airflow/dags/transform_and_analysis.py took 0.259 seconds
[2022-09-28 17:09:24,134] {processor.py:153} INFO - Started process (PID=234) to work on /opt/airflow/dags/transform_and_analysis.py
[2022-09-28 17:09:24,136] {processor.py:641} INFO - Processing file /opt/airflow/dags/transform_and_analysis.py for tasks to queue
[2022-09-28 17:09:24,139] {logging_mixin.py:115} INFO - [2022-09-28 17:09:24,138] {dagbag.py:508} INFO - Filling up the DagBag from /opt/airflow/dags/transform_and_analysis.py
[2022-09-28 17:09:24,301] {processor.py:651} INFO - DAG(s) dict_keys(['2_daily_transformation_analysis']) retrieved from /opt/airflow/dags/transform_and_analysis.py
[2022-09-28 17:09:24,339] {logging_mixin.py:115} INFO - [2022-09-28 17:09:24,339] {dag.py:2420} INFO - Sync 1 DAGs
[2022-09-28 17:09:24,365] {logging_mixin.py:115} INFO - [2022-09-28 17:09:24,365] {dag.py:2972} INFO - Setting next_dagrun for 2_daily_transformation_analysis to 2020-08-01T00:00:00+00:00, run_after=2020-08-01T00:00:00+00:00
[2022-09-28 17:09:24,383] {processor.py:161} INFO - Processing /opt/airflow/dags/transform_and_analysis.py took 0.259 seconds
[2022-09-28 17:09:54,598] {processor.py:153} INFO - Started process (PID=289) to work on /opt/airflow/dags/transform_and_analysis.py
[2022-09-28 17:09:54,599] {processor.py:641} INFO - Processing file /opt/airflow/dags/transform_and_analysis.py for tasks to queue
[2022-09-28 17:09:54,601] {logging_mixin.py:115} INFO - [2022-09-28 17:09:54,600] {dagbag.py:508} INFO - Filling up the DagBag from /opt/airflow/dags/transform_and_analysis.py
[2022-09-28 17:09:54,802] {processor.py:651} INFO - DAG(s) dict_keys(['2_daily_transformation_analysis']) retrieved from /opt/airflow/dags/transform_and_analysis.py
[2022-09-28 17:09:54,833] {logging_mixin.py:115} INFO - [2022-09-28 17:09:54,833] {dag.py:2420} INFO - Sync 1 DAGs
[2022-09-28 17:09:54,870] {logging_mixin.py:115} INFO - [2022-09-28 17:09:54,869] {dag.py:2972} INFO - Setting next_dagrun for 2_daily_transformation_analysis to 2020-08-01T00:00:00+00:00, run_after=2020-08-01T00:00:00+00:00
[2022-09-28 17:09:54,894] {processor.py:161} INFO - Processing /opt/airflow/dags/transform_and_analysis.py took 0.301 seconds
[2022-09-28 17:10:24,976] {processor.py:153} INFO - Started process (PID=354) to work on /opt/airflow/dags/transform_and_analysis.py
[2022-09-28 17:10:24,978] {processor.py:641} INFO - Processing file /opt/airflow/dags/transform_and_analysis.py for tasks to queue
[2022-09-28 17:10:24,980] {logging_mixin.py:115} INFO - [2022-09-28 17:10:24,980] {dagbag.py:508} INFO - Filling up the DagBag from /opt/airflow/dags/transform_and_analysis.py
[2022-09-28 17:10:25,135] {processor.py:651} INFO - DAG(s) dict_keys(['2_daily_transformation_analysis']) retrieved from /opt/airflow/dags/transform_and_analysis.py
[2022-09-28 17:10:25,164] {logging_mixin.py:115} INFO - [2022-09-28 17:10:25,164] {dag.py:2420} INFO - Sync 1 DAGs
[2022-09-28 17:10:25,192] {logging_mixin.py:115} INFO - [2022-09-28 17:10:25,192] {dag.py:2972} INFO - Setting next_dagrun for 2_daily_transformation_analysis to 2020-08-01T00:00:00+00:00, run_after=2020-08-01T00:00:00+00:00
[2022-09-28 17:10:25,208] {processor.py:161} INFO - Processing /opt/airflow/dags/transform_and_analysis.py took 0.237 seconds
[2022-09-28 17:10:55,814] {processor.py:153} INFO - Started process (PID=420) to work on /opt/airflow/dags/transform_and_analysis.py
[2022-09-28 17:10:55,816] {processor.py:641} INFO - Processing file /opt/airflow/dags/transform_and_analysis.py for tasks to queue
[2022-09-28 17:10:55,818] {logging_mixin.py:115} INFO - [2022-09-28 17:10:55,817] {dagbag.py:508} INFO - Filling up the DagBag from /opt/airflow/dags/transform_and_analysis.py
[2022-09-28 17:10:55,972] {processor.py:651} INFO - DAG(s) dict_keys(['2_daily_transformation_analysis']) retrieved from /opt/airflow/dags/transform_and_analysis.py
[2022-09-28 17:10:56,007] {logging_mixin.py:115} INFO - [2022-09-28 17:10:56,007] {dag.py:2420} INFO - Sync 1 DAGs
[2022-09-28 17:10:56,047] {logging_mixin.py:115} INFO - [2022-09-28 17:10:56,046] {dag.py:2972} INFO - Setting next_dagrun for 2_daily_transformation_analysis to 2020-08-01T00:00:00+00:00, run_after=2020-08-01T00:00:00+00:00
[2022-09-28 17:10:56,076] {processor.py:161} INFO - Processing /opt/airflow/dags/transform_and_analysis.py took 0.268 seconds
[2022-09-28 17:11:26,946] {processor.py:153} INFO - Started process (PID=476) to work on /opt/airflow/dags/transform_and_analysis.py
[2022-09-28 17:11:26,948] {processor.py:641} INFO - Processing file /opt/airflow/dags/transform_and_analysis.py for tasks to queue
[2022-09-28 17:11:26,949] {logging_mixin.py:115} INFO - [2022-09-28 17:11:26,949] {dagbag.py:508} INFO - Filling up the DagBag from /opt/airflow/dags/transform_and_analysis.py
[2022-09-28 17:11:27,101] {processor.py:651} INFO - DAG(s) dict_keys(['2_daily_transformation_analysis']) retrieved from /opt/airflow/dags/transform_and_analysis.py
[2022-09-28 17:11:27,128] {logging_mixin.py:115} INFO - [2022-09-28 17:11:27,128] {dag.py:2420} INFO - Sync 1 DAGs
[2022-09-28 17:11:27,151] {logging_mixin.py:115} INFO - [2022-09-28 17:11:27,151] {dag.py:2972} INFO - Setting next_dagrun for 2_daily_transformation_analysis to 2020-08-01T00:00:00+00:00, run_after=2020-08-01T00:00:00+00:00
[2022-09-28 17:11:27,166] {processor.py:161} INFO - Processing /opt/airflow/dags/transform_and_analysis.py took 0.224 seconds
[2022-09-28 17:11:57,230] {processor.py:153} INFO - Started process (PID=541) to work on /opt/airflow/dags/transform_and_analysis.py
[2022-09-28 17:11:57,232] {processor.py:641} INFO - Processing file /opt/airflow/dags/transform_and_analysis.py for tasks to queue
[2022-09-28 17:11:57,233] {logging_mixin.py:115} INFO - [2022-09-28 17:11:57,233] {dagbag.py:508} INFO - Filling up the DagBag from /opt/airflow/dags/transform_and_analysis.py
[2022-09-28 17:11:57,385] {processor.py:651} INFO - DAG(s) dict_keys(['2_daily_transformation_analysis']) retrieved from /opt/airflow/dags/transform_and_analysis.py
[2022-09-28 17:11:57,411] {logging_mixin.py:115} INFO - [2022-09-28 17:11:57,411] {dag.py:2420} INFO - Sync 1 DAGs
[2022-09-28 17:11:57,433] {logging_mixin.py:115} INFO - [2022-09-28 17:11:57,433] {dag.py:2972} INFO - Setting next_dagrun for 2_daily_transformation_analysis to 2020-08-01T00:00:00+00:00, run_after=2020-08-01T00:00:00+00:00
[2022-09-28 17:11:57,447] {processor.py:161} INFO - Processing /opt/airflow/dags/transform_and_analysis.py took 0.223 seconds
[2022-09-28 17:12:27,550] {processor.py:153} INFO - Started process (PID=607) to work on /opt/airflow/dags/transform_and_analysis.py
[2022-09-28 17:12:27,552] {processor.py:641} INFO - Processing file /opt/airflow/dags/transform_and_analysis.py for tasks to queue
[2022-09-28 17:12:27,554] {logging_mixin.py:115} INFO - [2022-09-28 17:12:27,554] {dagbag.py:508} INFO - Filling up the DagBag from /opt/airflow/dags/transform_and_analysis.py
[2022-09-28 17:12:27,829] {processor.py:651} INFO - DAG(s) dict_keys(['2_daily_transformation_analysis']) retrieved from /opt/airflow/dags/transform_and_analysis.py
[2022-09-28 17:12:27,869] {logging_mixin.py:115} INFO - [2022-09-28 17:12:27,869] {dag.py:2420} INFO - Sync 1 DAGs
[2022-09-28 17:12:27,914] {logging_mixin.py:115} INFO - [2022-09-28 17:12:27,914] {dag.py:2972} INFO - Setting next_dagrun for 2_daily_transformation_analysis to 2020-08-01T00:00:00+00:00, run_after=2020-08-01T00:00:00+00:00
[2022-09-28 17:12:27,941] {processor.py:161} INFO - Processing /opt/airflow/dags/transform_and_analysis.py took 0.398 seconds
[2022-09-28 17:12:58,269] {processor.py:153} INFO - Started process (PID=663) to work on /opt/airflow/dags/transform_and_analysis.py
[2022-09-28 17:12:58,271] {processor.py:641} INFO - Processing file /opt/airflow/dags/transform_and_analysis.py for tasks to queue
[2022-09-28 17:12:58,273] {logging_mixin.py:115} INFO - [2022-09-28 17:12:58,273] {dagbag.py:508} INFO - Filling up the DagBag from /opt/airflow/dags/transform_and_analysis.py
[2022-09-28 17:12:58,453] {processor.py:651} INFO - DAG(s) dict_keys(['2_daily_transformation_analysis']) retrieved from /opt/airflow/dags/transform_and_analysis.py
[2022-09-28 17:12:58,488] {logging_mixin.py:115} INFO - [2022-09-28 17:12:58,488] {dag.py:2420} INFO - Sync 1 DAGs
[2022-09-28 17:12:58,531] {logging_mixin.py:115} INFO - [2022-09-28 17:12:58,530] {dag.py:2972} INFO - Setting next_dagrun for 2_daily_transformation_analysis to 2020-08-01T00:00:00+00:00, run_after=2020-08-01T00:00:00+00:00
[2022-09-28 17:12:58,546] {processor.py:161} INFO - Processing /opt/airflow/dags/transform_and_analysis.py took 0.282 seconds
[2022-09-28 17:13:28,979] {processor.py:153} INFO - Started process (PID=726) to work on /opt/airflow/dags/transform_and_analysis.py
[2022-09-28 17:13:28,981] {processor.py:641} INFO - Processing file /opt/airflow/dags/transform_and_analysis.py for tasks to queue
[2022-09-28 17:13:28,983] {logging_mixin.py:115} INFO - [2022-09-28 17:13:28,983] {dagbag.py:508} INFO - Filling up the DagBag from /opt/airflow/dags/transform_and_analysis.py
[2022-09-28 17:13:29,006] {processor.py:651} INFO - DAG(s) dict_keys(['2_daily_transformation_analysis']) retrieved from /opt/airflow/dags/transform_and_analysis.py
[2022-09-28 17:13:29,041] {logging_mixin.py:115} INFO - [2022-09-28 17:13:29,041] {dag.py:2420} INFO - Sync 1 DAGs
[2022-09-28 17:13:29,070] {logging_mixin.py:115} INFO - [2022-09-28 17:13:29,070] {dag.py:2972} INFO - Setting next_dagrun for 2_daily_transformation_analysis to 2020-08-01T00:00:00+00:00, run_after=2020-08-01T00:00:00+00:00
[2022-09-28 17:13:29,089] {processor.py:161} INFO - Processing /opt/airflow/dags/transform_and_analysis.py took 0.115 seconds
[2022-09-28 17:13:59,162] {processor.py:153} INFO - Started process (PID=792) to work on /opt/airflow/dags/transform_and_analysis.py
[2022-09-28 17:13:59,164] {processor.py:641} INFO - Processing file /opt/airflow/dags/transform_and_analysis.py for tasks to queue
[2022-09-28 17:13:59,168] {logging_mixin.py:115} INFO - [2022-09-28 17:13:59,167] {dagbag.py:508} INFO - Filling up the DagBag from /opt/airflow/dags/transform_and_analysis.py
[2022-09-28 17:13:59,203] {processor.py:651} INFO - DAG(s) dict_keys(['2_daily_transformation_analysis']) retrieved from /opt/airflow/dags/transform_and_analysis.py
[2022-09-28 17:13:59,238] {logging_mixin.py:115} INFO - [2022-09-28 17:13:59,238] {dag.py:2420} INFO - Sync 1 DAGs
[2022-09-28 17:13:59,275] {logging_mixin.py:115} INFO - [2022-09-28 17:13:59,275] {dag.py:2972} INFO - Setting next_dagrun for 2_daily_transformation_analysis to 2020-08-01T00:00:00+00:00, run_after=2020-08-01T00:00:00+00:00
[2022-09-28 17:13:59,296] {processor.py:161} INFO - Processing /opt/airflow/dags/transform_and_analysis.py took 0.140 seconds
[2022-09-28 17:14:30,218] {processor.py:153} INFO - Started process (PID=847) to work on /opt/airflow/dags/transform_and_analysis.py
[2022-09-28 17:14:30,220] {processor.py:641} INFO - Processing file /opt/airflow/dags/transform_and_analysis.py for tasks to queue
[2022-09-28 17:14:30,221] {logging_mixin.py:115} INFO - [2022-09-28 17:14:30,221] {dagbag.py:508} INFO - Filling up the DagBag from /opt/airflow/dags/transform_and_analysis.py
[2022-09-28 17:14:30,238] {processor.py:651} INFO - DAG(s) dict_keys(['2_daily_transformation_analysis']) retrieved from /opt/airflow/dags/transform_and_analysis.py
[2022-09-28 17:14:30,271] {logging_mixin.py:115} INFO - [2022-09-28 17:14:30,271] {dag.py:2420} INFO - Sync 1 DAGs
[2022-09-28 17:14:30,302] {logging_mixin.py:115} INFO - [2022-09-28 17:14:30,301] {dag.py:2972} INFO - Setting next_dagrun for 2_daily_transformation_analysis to 2020-08-01T00:00:00+00:00, run_after=2020-08-01T00:00:00+00:00
[2022-09-28 17:14:30,320] {processor.py:161} INFO - Processing /opt/airflow/dags/transform_and_analysis.py took 0.108 seconds
[2022-09-28 17:15:00,893] {processor.py:153} INFO - Started process (PID=913) to work on /opt/airflow/dags/transform_and_analysis.py
[2022-09-28 17:15:00,894] {processor.py:641} INFO - Processing file /opt/airflow/dags/transform_and_analysis.py for tasks to queue
[2022-09-28 17:15:00,895] {logging_mixin.py:115} INFO - [2022-09-28 17:15:00,895] {dagbag.py:508} INFO - Filling up the DagBag from /opt/airflow/dags/transform_and_analysis.py
[2022-09-28 17:15:00,912] {processor.py:651} INFO - DAG(s) dict_keys(['2_daily_transformation_analysis']) retrieved from /opt/airflow/dags/transform_and_analysis.py
[2022-09-28 17:15:00,946] {logging_mixin.py:115} INFO - [2022-09-28 17:15:00,946] {dag.py:2420} INFO - Sync 1 DAGs
[2022-09-28 17:15:00,977] {logging_mixin.py:115} INFO - [2022-09-28 17:15:00,977] {dag.py:2972} INFO - Setting next_dagrun for 2_daily_transformation_analysis to 2020-08-01T00:00:00+00:00, run_after=2020-08-01T00:00:00+00:00
[2022-09-28 17:15:00,993] {processor.py:161} INFO - Processing /opt/airflow/dags/transform_and_analysis.py took 0.106 seconds
[2022-09-28 17:15:31,400] {processor.py:153} INFO - Started process (PID=977) to work on /opt/airflow/dags/transform_and_analysis.py
[2022-09-28 17:15:31,402] {processor.py:641} INFO - Processing file /opt/airflow/dags/transform_and_analysis.py for tasks to queue
[2022-09-28 17:15:31,404] {logging_mixin.py:115} INFO - [2022-09-28 17:15:31,404] {dagbag.py:508} INFO - Filling up the DagBag from /opt/airflow/dags/transform_and_analysis.py
[2022-09-28 17:15:31,422] {processor.py:651} INFO - DAG(s) dict_keys(['2_daily_transformation_analysis']) retrieved from /opt/airflow/dags/transform_and_analysis.py
[2022-09-28 17:15:31,465] {logging_mixin.py:115} INFO - [2022-09-28 17:15:31,465] {dag.py:2420} INFO - Sync 1 DAGs
[2022-09-28 17:15:31,499] {logging_mixin.py:115} INFO - [2022-09-28 17:15:31,499] {dag.py:2972} INFO - Setting next_dagrun for 2_daily_transformation_analysis to 2020-08-01T00:00:00+00:00, run_after=2020-08-01T00:00:00+00:00
[2022-09-28 17:15:31,519] {processor.py:161} INFO - Processing /opt/airflow/dags/transform_and_analysis.py took 0.123 seconds
[2022-09-28 17:16:01,898] {processor.py:153} INFO - Started process (PID=1034) to work on /opt/airflow/dags/transform_and_analysis.py
[2022-09-28 17:16:01,900] {processor.py:641} INFO - Processing file /opt/airflow/dags/transform_and_analysis.py for tasks to queue
[2022-09-28 17:16:01,902] {logging_mixin.py:115} INFO - [2022-09-28 17:16:01,901] {dagbag.py:508} INFO - Filling up the DagBag from /opt/airflow/dags/transform_and_analysis.py
[2022-09-28 17:16:01,924] {processor.py:651} INFO - DAG(s) dict_keys(['2_daily_transformation_analysis']) retrieved from /opt/airflow/dags/transform_and_analysis.py
[2022-09-28 17:16:01,964] {logging_mixin.py:115} INFO - [2022-09-28 17:16:01,963] {dag.py:2420} INFO - Sync 1 DAGs
[2022-09-28 17:16:01,996] {logging_mixin.py:115} INFO - [2022-09-28 17:16:01,995] {dag.py:2972} INFO - Setting next_dagrun for 2_daily_transformation_analysis to 2020-08-01T00:00:00+00:00, run_after=2020-08-01T00:00:00+00:00
[2022-09-28 17:16:02,014] {processor.py:161} INFO - Processing /opt/airflow/dags/transform_and_analysis.py took 0.125 seconds
[2022-09-28 17:16:32,095] {processor.py:153} INFO - Started process (PID=1098) to work on /opt/airflow/dags/transform_and_analysis.py
[2022-09-28 17:16:32,097] {processor.py:641} INFO - Processing file /opt/airflow/dags/transform_and_analysis.py for tasks to queue
[2022-09-28 17:16:32,098] {logging_mixin.py:115} INFO - [2022-09-28 17:16:32,098] {dagbag.py:508} INFO - Filling up the DagBag from /opt/airflow/dags/transform_and_analysis.py
[2022-09-28 17:16:32,116] {processor.py:651} INFO - DAG(s) dict_keys(['2_daily_transformation_analysis']) retrieved from /opt/airflow/dags/transform_and_analysis.py
[2022-09-28 17:16:32,162] {logging_mixin.py:115} INFO - [2022-09-28 17:16:32,161] {dag.py:2420} INFO - Sync 1 DAGs
[2022-09-28 17:16:32,202] {logging_mixin.py:115} INFO - [2022-09-28 17:16:32,201] {dag.py:2972} INFO - Setting next_dagrun for 2_daily_transformation_analysis to 2020-08-01T00:00:00+00:00, run_after=2020-08-01T00:00:00+00:00
[2022-09-28 17:16:32,222] {processor.py:161} INFO - Processing /opt/airflow/dags/transform_and_analysis.py took 0.133 seconds
[2022-09-28 17:17:02,461] {processor.py:153} INFO - Started process (PID=1155) to work on /opt/airflow/dags/transform_and_analysis.py
[2022-09-28 17:17:02,463] {processor.py:641} INFO - Processing file /opt/airflow/dags/transform_and_analysis.py for tasks to queue
[2022-09-28 17:17:02,464] {logging_mixin.py:115} INFO - [2022-09-28 17:17:02,464] {dagbag.py:508} INFO - Filling up the DagBag from /opt/airflow/dags/transform_and_analysis.py
[2022-09-28 17:17:02,483] {processor.py:651} INFO - DAG(s) dict_keys(['2_daily_transformation_analysis']) retrieved from /opt/airflow/dags/transform_and_analysis.py
[2022-09-28 17:17:02,516] {logging_mixin.py:115} INFO - [2022-09-28 17:17:02,516] {dag.py:2420} INFO - Sync 1 DAGs
[2022-09-28 17:17:02,542] {logging_mixin.py:115} INFO - [2022-09-28 17:17:02,542] {dag.py:2972} INFO - Setting next_dagrun for 2_daily_transformation_analysis to 2020-08-01T00:00:00+00:00, run_after=2020-08-01T00:00:00+00:00
[2022-09-28 17:17:02,559] {processor.py:161} INFO - Processing /opt/airflow/dags/transform_and_analysis.py took 0.102 seconds
[2022-09-28 17:17:33,310] {processor.py:153} INFO - Started process (PID=1222) to work on /opt/airflow/dags/transform_and_analysis.py
[2022-09-28 17:17:33,312] {processor.py:641} INFO - Processing file /opt/airflow/dags/transform_and_analysis.py for tasks to queue
[2022-09-28 17:17:33,313] {logging_mixin.py:115} INFO - [2022-09-28 17:17:33,313] {dagbag.py:508} INFO - Filling up the DagBag from /opt/airflow/dags/transform_and_analysis.py
[2022-09-28 17:17:33,338] {processor.py:651} INFO - DAG(s) dict_keys(['2_daily_transformation_analysis']) retrieved from /opt/airflow/dags/transform_and_analysis.py
[2022-09-28 17:17:33,373] {logging_mixin.py:115} INFO - [2022-09-28 17:17:33,373] {dag.py:2420} INFO - Sync 1 DAGs
[2022-09-28 17:17:33,400] {logging_mixin.py:115} INFO - [2022-09-28 17:17:33,400] {dag.py:2972} INFO - Setting next_dagrun for 2_daily_transformation_analysis to 2020-08-01T00:00:00+00:00, run_after=2020-08-01T00:00:00+00:00
[2022-09-28 17:17:33,417] {processor.py:161} INFO - Processing /opt/airflow/dags/transform_and_analysis.py took 0.113 seconds
[2022-09-28 17:18:04,105] {processor.py:153} INFO - Started process (PID=1287) to work on /opt/airflow/dags/transform_and_analysis.py
[2022-09-28 17:18:04,106] {processor.py:641} INFO - Processing file /opt/airflow/dags/transform_and_analysis.py for tasks to queue
[2022-09-28 17:18:04,107] {logging_mixin.py:115} INFO - [2022-09-28 17:18:04,107] {dagbag.py:508} INFO - Filling up the DagBag from /opt/airflow/dags/transform_and_analysis.py
[2022-09-28 17:18:04,123] {processor.py:651} INFO - DAG(s) dict_keys(['2_daily_transformation_analysis']) retrieved from /opt/airflow/dags/transform_and_analysis.py
[2022-09-28 17:18:04,151] {logging_mixin.py:115} INFO - [2022-09-28 17:18:04,151] {dag.py:2420} INFO - Sync 1 DAGs
[2022-09-28 17:18:04,175] {logging_mixin.py:115} INFO - [2022-09-28 17:18:04,175] {dag.py:2972} INFO - Setting next_dagrun for 2_daily_transformation_analysis to 2020-08-01T00:00:00+00:00, run_after=2020-08-01T00:00:00+00:00
[2022-09-28 17:18:04,189] {processor.py:161} INFO - Processing /opt/airflow/dags/transform_and_analysis.py took 0.090 seconds
[2022-09-28 17:18:34,719] {processor.py:153} INFO - Started process (PID=1343) to work on /opt/airflow/dags/transform_and_analysis.py
[2022-09-28 17:18:34,723] {processor.py:641} INFO - Processing file /opt/airflow/dags/transform_and_analysis.py for tasks to queue
[2022-09-28 17:18:34,727] {logging_mixin.py:115} INFO - [2022-09-28 17:18:34,727] {dagbag.py:508} INFO - Filling up the DagBag from /opt/airflow/dags/transform_and_analysis.py
[2022-09-28 17:18:34,777] {processor.py:651} INFO - DAG(s) dict_keys(['2_daily_transformation_analysis']) retrieved from /opt/airflow/dags/transform_and_analysis.py
[2022-09-28 17:18:34,829] {logging_mixin.py:115} INFO - [2022-09-28 17:18:34,829] {dag.py:2420} INFO - Sync 1 DAGs
[2022-09-28 17:18:34,871] {logging_mixin.py:115} INFO - [2022-09-28 17:18:34,870] {dag.py:2972} INFO - Setting next_dagrun for 2_daily_transformation_analysis to 2020-08-01T00:00:00+00:00, run_after=2020-08-01T00:00:00+00:00
[2022-09-28 17:18:34,895] {processor.py:161} INFO - Processing /opt/airflow/dags/transform_and_analysis.py took 0.184 seconds
[2022-09-28 17:19:05,087] {processor.py:153} INFO - Started process (PID=1398) to work on /opt/airflow/dags/transform_and_analysis.py
[2022-09-28 17:19:05,089] {processor.py:641} INFO - Processing file /opt/airflow/dags/transform_and_analysis.py for tasks to queue
[2022-09-28 17:19:05,090] {logging_mixin.py:115} INFO - [2022-09-28 17:19:05,090] {dagbag.py:508} INFO - Filling up the DagBag from /opt/airflow/dags/transform_and_analysis.py
[2022-09-28 17:19:05,109] {processor.py:651} INFO - DAG(s) dict_keys(['2_daily_transformation_analysis']) retrieved from /opt/airflow/dags/transform_and_analysis.py
[2022-09-28 17:19:05,148] {logging_mixin.py:115} INFO - [2022-09-28 17:19:05,148] {dag.py:2420} INFO - Sync 1 DAGs
[2022-09-28 17:19:05,189] {logging_mixin.py:115} INFO - [2022-09-28 17:19:05,189] {dag.py:2972} INFO - Setting next_dagrun for 2_daily_transformation_analysis to 2020-08-01T00:00:00+00:00, run_after=2020-08-01T00:00:00+00:00
[2022-09-28 17:19:05,221] {processor.py:161} INFO - Processing /opt/airflow/dags/transform_and_analysis.py took 0.138 seconds
[2022-09-28 17:19:35,764] {processor.py:153} INFO - Started process (PID=1464) to work on /opt/airflow/dags/transform_and_analysis.py
[2022-09-28 17:19:35,766] {processor.py:641} INFO - Processing file /opt/airflow/dags/transform_and_analysis.py for tasks to queue
[2022-09-28 17:19:35,768] {logging_mixin.py:115} INFO - [2022-09-28 17:19:35,768] {dagbag.py:508} INFO - Filling up the DagBag from /opt/airflow/dags/transform_and_analysis.py
[2022-09-28 17:19:35,807] {processor.py:651} INFO - DAG(s) dict_keys(['2_daily_transformation_analysis']) retrieved from /opt/airflow/dags/transform_and_analysis.py
[2022-09-28 17:19:35,857] {logging_mixin.py:115} INFO - [2022-09-28 17:19:35,856] {dag.py:2420} INFO - Sync 1 DAGs
[2022-09-28 17:19:35,973] {logging_mixin.py:115} INFO - [2022-09-28 17:19:35,973] {dag.py:2972} INFO - Setting next_dagrun for 2_daily_transformation_analysis to 2020-08-01T00:00:00+00:00, run_after=2020-08-01T00:00:00+00:00
[2022-09-28 17:19:36,007] {processor.py:161} INFO - Processing /opt/airflow/dags/transform_and_analysis.py took 0.252 seconds
[2022-09-28 17:20:06,093] {processor.py:153} INFO - Started process (PID=1519) to work on /opt/airflow/dags/transform_and_analysis.py
[2022-09-28 17:20:06,094] {processor.py:641} INFO - Processing file /opt/airflow/dags/transform_and_analysis.py for tasks to queue
[2022-09-28 17:20:06,097] {logging_mixin.py:115} INFO - [2022-09-28 17:20:06,096] {dagbag.py:508} INFO - Filling up the DagBag from /opt/airflow/dags/transform_and_analysis.py
[2022-09-28 17:20:06,122] {processor.py:651} INFO - DAG(s) dict_keys(['2_daily_transformation_analysis']) retrieved from /opt/airflow/dags/transform_and_analysis.py
[2022-09-28 17:20:06,164] {logging_mixin.py:115} INFO - [2022-09-28 17:20:06,163] {dag.py:2420} INFO - Sync 1 DAGs
[2022-09-28 17:20:06,215] {logging_mixin.py:115} INFO - [2022-09-28 17:20:06,215] {dag.py:2972} INFO - Setting next_dagrun for 2_daily_transformation_analysis to 2020-08-01T00:00:00+00:00, run_after=2020-08-01T00:00:00+00:00
[2022-09-28 17:20:06,233] {processor.py:161} INFO - Processing /opt/airflow/dags/transform_and_analysis.py took 0.150 seconds
[2022-09-28 17:20:36,323] {processor.py:153} INFO - Started process (PID=1585) to work on /opt/airflow/dags/transform_and_analysis.py
[2022-09-28 17:20:36,326] {processor.py:641} INFO - Processing file /opt/airflow/dags/transform_and_analysis.py for tasks to queue
[2022-09-28 17:20:36,332] {logging_mixin.py:115} INFO - [2022-09-28 17:20:36,331] {dagbag.py:508} INFO - Filling up the DagBag from /opt/airflow/dags/transform_and_analysis.py
[2022-09-28 17:20:36,382] {processor.py:651} INFO - DAG(s) dict_keys(['2_daily_transformation_analysis']) retrieved from /opt/airflow/dags/transform_and_analysis.py
[2022-09-28 17:20:36,474] {logging_mixin.py:115} INFO - [2022-09-28 17:20:36,474] {dag.py:2420} INFO - Sync 1 DAGs
[2022-09-28 17:20:36,550] {logging_mixin.py:115} INFO - [2022-09-28 17:20:36,548] {dag.py:2972} INFO - Setting next_dagrun for 2_daily_transformation_analysis to 2020-08-01T00:00:00+00:00, run_after=2020-08-01T00:00:00+00:00
[2022-09-28 17:20:36,578] {processor.py:161} INFO - Processing /opt/airflow/dags/transform_and_analysis.py took 0.263 seconds
[2022-09-28 17:21:07,392] {processor.py:153} INFO - Started process (PID=1650) to work on /opt/airflow/dags/transform_and_analysis.py
[2022-09-28 17:21:07,401] {processor.py:641} INFO - Processing file /opt/airflow/dags/transform_and_analysis.py for tasks to queue
[2022-09-28 17:21:07,408] {logging_mixin.py:115} INFO - [2022-09-28 17:21:07,407] {dagbag.py:508} INFO - Filling up the DagBag from /opt/airflow/dags/transform_and_analysis.py
[2022-09-28 17:21:07,504] {processor.py:651} INFO - DAG(s) dict_keys(['2_daily_transformation_analysis']) retrieved from /opt/airflow/dags/transform_and_analysis.py
[2022-09-28 17:21:07,575] {logging_mixin.py:115} INFO - [2022-09-28 17:21:07,575] {dag.py:2420} INFO - Sync 1 DAGs
[2022-09-28 17:21:07,626] {logging_mixin.py:115} INFO - [2022-09-28 17:21:07,625] {dag.py:2972} INFO - Setting next_dagrun for 2_daily_transformation_analysis to 2020-08-01T00:00:00+00:00, run_after=2020-08-01T00:00:00+00:00
[2022-09-28 17:21:07,657] {processor.py:161} INFO - Processing /opt/airflow/dags/transform_and_analysis.py took 0.276 seconds
[2022-09-28 17:21:37,798] {processor.py:153} INFO - Started process (PID=1707) to work on /opt/airflow/dags/transform_and_analysis.py
[2022-09-28 17:21:37,800] {processor.py:641} INFO - Processing file /opt/airflow/dags/transform_and_analysis.py for tasks to queue
[2022-09-28 17:21:37,802] {logging_mixin.py:115} INFO - [2022-09-28 17:21:37,801] {dagbag.py:508} INFO - Filling up the DagBag from /opt/airflow/dags/transform_and_analysis.py
[2022-09-28 17:21:37,824] {processor.py:651} INFO - DAG(s) dict_keys(['2_daily_transformation_analysis']) retrieved from /opt/airflow/dags/transform_and_analysis.py
[2022-09-28 17:21:37,885] {logging_mixin.py:115} INFO - [2022-09-28 17:21:37,885] {dag.py:2420} INFO - Sync 1 DAGs
[2022-09-28 17:21:37,916] {logging_mixin.py:115} INFO - [2022-09-28 17:21:37,916] {dag.py:2972} INFO - Setting next_dagrun for 2_daily_transformation_analysis to 2020-08-01T00:00:00+00:00, run_after=2020-08-01T00:00:00+00:00
[2022-09-28 17:21:37,937] {processor.py:161} INFO - Processing /opt/airflow/dags/transform_and_analysis.py took 0.143 seconds
[2022-09-28 17:22:08,044] {processor.py:153} INFO - Started process (PID=1772) to work on /opt/airflow/dags/transform_and_analysis.py
[2022-09-28 17:22:08,046] {processor.py:641} INFO - Processing file /opt/airflow/dags/transform_and_analysis.py for tasks to queue
[2022-09-28 17:22:08,049] {logging_mixin.py:115} INFO - [2022-09-28 17:22:08,048] {dagbag.py:508} INFO - Filling up the DagBag from /opt/airflow/dags/transform_and_analysis.py
[2022-09-28 17:22:08,080] {processor.py:651} INFO - DAG(s) dict_keys(['2_daily_transformation_analysis']) retrieved from /opt/airflow/dags/transform_and_analysis.py
[2022-09-28 17:22:08,130] {logging_mixin.py:115} INFO - [2022-09-28 17:22:08,130] {dag.py:2420} INFO - Sync 1 DAGs
[2022-09-28 17:22:08,163] {logging_mixin.py:115} INFO - [2022-09-28 17:22:08,163] {dag.py:2972} INFO - Setting next_dagrun for 2_daily_transformation_analysis to 2020-08-01T00:00:00+00:00, run_after=2020-08-01T00:00:00+00:00
[2022-09-28 17:22:08,179] {processor.py:161} INFO - Processing /opt/airflow/dags/transform_and_analysis.py took 0.142 seconds
[2022-09-28 17:22:39,168] {processor.py:153} INFO - Started process (PID=1828) to work on /opt/airflow/dags/transform_and_analysis.py
[2022-09-28 17:22:39,170] {processor.py:641} INFO - Processing file /opt/airflow/dags/transform_and_analysis.py for tasks to queue
[2022-09-28 17:22:39,171] {logging_mixin.py:115} INFO - [2022-09-28 17:22:39,171] {dagbag.py:508} INFO - Filling up the DagBag from /opt/airflow/dags/transform_and_analysis.py
[2022-09-28 17:22:39,188] {processor.py:651} INFO - DAG(s) dict_keys(['2_daily_transformation_analysis']) retrieved from /opt/airflow/dags/transform_and_analysis.py
[2022-09-28 17:22:39,228] {logging_mixin.py:115} INFO - [2022-09-28 17:22:39,228] {dag.py:2420} INFO - Sync 1 DAGs
[2022-09-28 17:22:39,260] {logging_mixin.py:115} INFO - [2022-09-28 17:22:39,260] {dag.py:2972} INFO - Setting next_dagrun for 2_daily_transformation_analysis to 2020-08-01T00:00:00+00:00, run_after=2020-08-01T00:00:00+00:00
[2022-09-28 17:22:39,279] {processor.py:161} INFO - Processing /opt/airflow/dags/transform_and_analysis.py took 0.115 seconds
[2022-09-28 17:23:09,664] {processor.py:153} INFO - Started process (PID=1895) to work on /opt/airflow/dags/transform_and_analysis.py
[2022-09-28 17:23:09,668] {processor.py:641} INFO - Processing file /opt/airflow/dags/transform_and_analysis.py for tasks to queue
[2022-09-28 17:23:09,669] {logging_mixin.py:115} INFO - [2022-09-28 17:23:09,669] {dagbag.py:508} INFO - Filling up the DagBag from /opt/airflow/dags/transform_and_analysis.py
[2022-09-28 17:23:09,710] {processor.py:651} INFO - DAG(s) dict_keys(['2_daily_transformation_analysis']) retrieved from /opt/airflow/dags/transform_and_analysis.py
[2022-09-28 17:23:09,765] {logging_mixin.py:115} INFO - [2022-09-28 17:23:09,765] {dag.py:2420} INFO - Sync 1 DAGs
[2022-09-28 17:23:09,815] {logging_mixin.py:115} INFO - [2022-09-28 17:23:09,815] {dag.py:2972} INFO - Setting next_dagrun for 2_daily_transformation_analysis to 2020-08-01T00:00:00+00:00, run_after=2020-08-01T00:00:00+00:00
[2022-09-28 17:23:09,865] {processor.py:161} INFO - Processing /opt/airflow/dags/transform_and_analysis.py took 0.209 seconds
[2022-09-28 17:23:40,056] {processor.py:153} INFO - Started process (PID=1951) to work on /opt/airflow/dags/transform_and_analysis.py
[2022-09-28 17:23:40,058] {processor.py:641} INFO - Processing file /opt/airflow/dags/transform_and_analysis.py for tasks to queue
[2022-09-28 17:23:40,060] {logging_mixin.py:115} INFO - [2022-09-28 17:23:40,060] {dagbag.py:508} INFO - Filling up the DagBag from /opt/airflow/dags/transform_and_analysis.py
[2022-09-28 17:23:40,085] {processor.py:651} INFO - DAG(s) dict_keys(['2_daily_transformation_analysis']) retrieved from /opt/airflow/dags/transform_and_analysis.py
[2022-09-28 17:23:40,124] {logging_mixin.py:115} INFO - [2022-09-28 17:23:40,124] {dag.py:2420} INFO - Sync 1 DAGs
[2022-09-28 17:23:40,149] {logging_mixin.py:115} INFO - [2022-09-28 17:23:40,149] {dag.py:2972} INFO - Setting next_dagrun for 2_daily_transformation_analysis to 2020-08-01T00:00:00+00:00, run_after=2020-08-01T00:00:00+00:00
[2022-09-28 17:23:40,164] {processor.py:161} INFO - Processing /opt/airflow/dags/transform_and_analysis.py took 0.120 seconds
[2022-09-28 17:24:10,274] {processor.py:153} INFO - Started process (PID=2016) to work on /opt/airflow/dags/transform_and_analysis.py
[2022-09-28 17:24:10,276] {processor.py:641} INFO - Processing file /opt/airflow/dags/transform_and_analysis.py for tasks to queue
[2022-09-28 17:24:10,278] {logging_mixin.py:115} INFO - [2022-09-28 17:24:10,277] {dagbag.py:508} INFO - Filling up the DagBag from /opt/airflow/dags/transform_and_analysis.py
[2022-09-28 17:24:10,296] {processor.py:651} INFO - DAG(s) dict_keys(['2_daily_transformation_analysis']) retrieved from /opt/airflow/dags/transform_and_analysis.py
[2022-09-28 17:24:10,333] {logging_mixin.py:115} INFO - [2022-09-28 17:24:10,333] {dag.py:2420} INFO - Sync 1 DAGs
[2022-09-28 17:24:10,369] {logging_mixin.py:115} INFO - [2022-09-28 17:24:10,369] {dag.py:2972} INFO - Setting next_dagrun for 2_daily_transformation_analysis to 2020-08-01T00:00:00+00:00, run_after=2020-08-01T00:00:00+00:00
[2022-09-28 17:24:10,390] {processor.py:161} INFO - Processing /opt/airflow/dags/transform_and_analysis.py took 0.123 seconds
[2022-09-28 17:24:40,585] {processor.py:153} INFO - Started process (PID=2073) to work on /opt/airflow/dags/transform_and_analysis.py
[2022-09-28 17:24:40,587] {processor.py:641} INFO - Processing file /opt/airflow/dags/transform_and_analysis.py for tasks to queue
[2022-09-28 17:24:40,588] {logging_mixin.py:115} INFO - [2022-09-28 17:24:40,588] {dagbag.py:508} INFO - Filling up the DagBag from /opt/airflow/dags/transform_and_analysis.py
[2022-09-28 17:24:40,617] {processor.py:651} INFO - DAG(s) dict_keys(['2_daily_transformation_analysis']) retrieved from /opt/airflow/dags/transform_and_analysis.py
[2022-09-28 17:24:40,672] {logging_mixin.py:115} INFO - [2022-09-28 17:24:40,672] {dag.py:2420} INFO - Sync 1 DAGs
[2022-09-28 17:24:40,716] {logging_mixin.py:115} INFO - [2022-09-28 17:24:40,716] {dag.py:2972} INFO - Setting next_dagrun for 2_daily_transformation_analysis to 2020-08-01T00:00:00+00:00, run_after=2020-08-01T00:00:00+00:00
[2022-09-28 17:24:40,748] {processor.py:161} INFO - Processing /opt/airflow/dags/transform_and_analysis.py took 0.169 seconds
[2022-09-28 17:25:11,680] {processor.py:153} INFO - Started process (PID=2138) to work on /opt/airflow/dags/transform_and_analysis.py
[2022-09-28 17:25:11,682] {processor.py:641} INFO - Processing file /opt/airflow/dags/transform_and_analysis.py for tasks to queue
[2022-09-28 17:25:11,685] {logging_mixin.py:115} INFO - [2022-09-28 17:25:11,685] {dagbag.py:508} INFO - Filling up the DagBag from /opt/airflow/dags/transform_and_analysis.py
[2022-09-28 17:25:11,712] {processor.py:651} INFO - DAG(s) dict_keys(['2_daily_transformation_analysis']) retrieved from /opt/airflow/dags/transform_and_analysis.py
[2022-09-28 17:25:11,755] {logging_mixin.py:115} INFO - [2022-09-28 17:25:11,755] {dag.py:2420} INFO - Sync 1 DAGs
[2022-09-28 17:25:11,804] {logging_mixin.py:115} INFO - [2022-09-28 17:25:11,804] {dag.py:2972} INFO - Setting next_dagrun for 2_daily_transformation_analysis to 2020-08-01T00:00:00+00:00, run_after=2020-08-01T00:00:00+00:00
[2022-09-28 17:25:11,826] {processor.py:161} INFO - Processing /opt/airflow/dags/transform_and_analysis.py took 0.156 seconds
[2022-09-28 17:25:41,978] {processor.py:153} INFO - Started process (PID=2206) to work on /opt/airflow/dags/transform_and_analysis.py
[2022-09-28 17:25:41,980] {processor.py:641} INFO - Processing file /opt/airflow/dags/transform_and_analysis.py for tasks to queue
[2022-09-28 17:25:41,981] {logging_mixin.py:115} INFO - [2022-09-28 17:25:41,981] {dagbag.py:508} INFO - Filling up the DagBag from /opt/airflow/dags/transform_and_analysis.py
[2022-09-28 17:25:41,999] {processor.py:651} INFO - DAG(s) dict_keys(['2_daily_transformation_analysis']) retrieved from /opt/airflow/dags/transform_and_analysis.py
[2022-09-28 17:25:42,040] {logging_mixin.py:115} INFO - [2022-09-28 17:25:42,040] {dag.py:2420} INFO - Sync 1 DAGs
[2022-09-28 17:25:42,081] {logging_mixin.py:115} INFO - [2022-09-28 17:25:42,081] {dag.py:2972} INFO - Setting next_dagrun for 2_daily_transformation_analysis to 2020-08-01T00:00:00+00:00, run_after=2020-08-01T00:00:00+00:00
[2022-09-28 17:25:42,107] {processor.py:161} INFO - Processing /opt/airflow/dags/transform_and_analysis.py took 0.133 seconds
[2022-09-28 17:26:12,186] {processor.py:153} INFO - Started process (PID=2262) to work on /opt/airflow/dags/transform_and_analysis.py
[2022-09-28 17:26:12,188] {processor.py:641} INFO - Processing file /opt/airflow/dags/transform_and_analysis.py for tasks to queue
[2022-09-28 17:26:12,189] {logging_mixin.py:115} INFO - [2022-09-28 17:26:12,189] {dagbag.py:508} INFO - Filling up the DagBag from /opt/airflow/dags/transform_and_analysis.py
[2022-09-28 17:26:12,208] {processor.py:651} INFO - DAG(s) dict_keys(['2_daily_transformation_analysis']) retrieved from /opt/airflow/dags/transform_and_analysis.py
[2022-09-28 17:26:12,250] {logging_mixin.py:115} INFO - [2022-09-28 17:26:12,250] {dag.py:2420} INFO - Sync 1 DAGs
[2022-09-28 17:26:12,284] {logging_mixin.py:115} INFO - [2022-09-28 17:26:12,284] {dag.py:2972} INFO - Setting next_dagrun for 2_daily_transformation_analysis to 2020-08-01T00:00:00+00:00, run_after=2020-08-01T00:00:00+00:00
[2022-09-28 17:26:12,305] {processor.py:161} INFO - Processing /opt/airflow/dags/transform_and_analysis.py took 0.126 seconds
[2022-09-28 17:26:42,748] {processor.py:153} INFO - Started process (PID=2327) to work on /opt/airflow/dags/transform_and_analysis.py
[2022-09-28 17:26:42,749] {processor.py:641} INFO - Processing file /opt/airflow/dags/transform_and_analysis.py for tasks to queue
[2022-09-28 17:26:42,751] {logging_mixin.py:115} INFO - [2022-09-28 17:26:42,751] {dagbag.py:508} INFO - Filling up the DagBag from /opt/airflow/dags/transform_and_analysis.py
[2022-09-28 17:26:42,768] {processor.py:651} INFO - DAG(s) dict_keys(['2_daily_transformation_analysis']) retrieved from /opt/airflow/dags/transform_and_analysis.py
[2022-09-28 17:26:42,803] {logging_mixin.py:115} INFO - [2022-09-28 17:26:42,802] {dag.py:2420} INFO - Sync 1 DAGs
[2022-09-28 17:26:42,837] {logging_mixin.py:115} INFO - [2022-09-28 17:26:42,837] {dag.py:2972} INFO - Setting next_dagrun for 2_daily_transformation_analysis to 2020-08-01T00:00:00+00:00, run_after=2020-08-01T00:00:00+00:00
[2022-09-28 17:26:42,855] {processor.py:161} INFO - Processing /opt/airflow/dags/transform_and_analysis.py took 0.118 seconds
[2022-09-28 17:27:13,342] {processor.py:153} INFO - Started process (PID=2382) to work on /opt/airflow/dags/transform_and_analysis.py
[2022-09-28 17:27:13,343] {processor.py:641} INFO - Processing file /opt/airflow/dags/transform_and_analysis.py for tasks to queue
[2022-09-28 17:27:13,345] {logging_mixin.py:115} INFO - [2022-09-28 17:27:13,345] {dagbag.py:508} INFO - Filling up the DagBag from /opt/airflow/dags/transform_and_analysis.py
[2022-09-28 17:27:13,369] {processor.py:651} INFO - DAG(s) dict_keys(['2_daily_transformation_analysis']) retrieved from /opt/airflow/dags/transform_and_analysis.py
[2022-09-28 17:27:13,407] {logging_mixin.py:115} INFO - [2022-09-28 17:27:13,406] {dag.py:2420} INFO - Sync 1 DAGs
[2022-09-28 17:27:13,449] {logging_mixin.py:115} INFO - [2022-09-28 17:27:13,449] {dag.py:2972} INFO - Setting next_dagrun for 2_daily_transformation_analysis to 2020-08-01T00:00:00+00:00, run_after=2020-08-01T00:00:00+00:00
[2022-09-28 17:27:13,468] {processor.py:161} INFO - Processing /opt/airflow/dags/transform_and_analysis.py took 0.131 seconds
[2022-09-28 17:27:44,461] {processor.py:153} INFO - Started process (PID=2448) to work on /opt/airflow/dags/transform_and_analysis.py
[2022-09-28 17:27:44,465] {processor.py:641} INFO - Processing file /opt/airflow/dags/transform_and_analysis.py for tasks to queue
[2022-09-28 17:27:44,467] {logging_mixin.py:115} INFO - [2022-09-28 17:27:44,467] {dagbag.py:508} INFO - Filling up the DagBag from /opt/airflow/dags/transform_and_analysis.py
[2022-09-28 17:27:44,518] {processor.py:651} INFO - DAG(s) dict_keys(['2_daily_transformation_analysis']) retrieved from /opt/airflow/dags/transform_and_analysis.py
[2022-09-28 17:27:44,581] {logging_mixin.py:115} INFO - [2022-09-28 17:27:44,581] {dag.py:2420} INFO - Sync 1 DAGs
[2022-09-28 17:27:44,645] {logging_mixin.py:115} INFO - [2022-09-28 17:27:44,645] {dag.py:2972} INFO - Setting next_dagrun for 2_daily_transformation_analysis to 2020-08-01T00:00:00+00:00, run_after=2020-08-01T00:00:00+00:00
[2022-09-28 17:27:44,672] {processor.py:161} INFO - Processing /opt/airflow/dags/transform_and_analysis.py took 0.223 seconds
[2022-09-28 17:28:15,636] {processor.py:153} INFO - Started process (PID=2515) to work on /opt/airflow/dags/transform_and_analysis.py
[2022-09-28 17:28:15,638] {processor.py:641} INFO - Processing file /opt/airflow/dags/transform_and_analysis.py for tasks to queue
[2022-09-28 17:28:15,641] {logging_mixin.py:115} INFO - [2022-09-28 17:28:15,641] {dagbag.py:508} INFO - Filling up the DagBag from /opt/airflow/dags/transform_and_analysis.py
[2022-09-28 17:28:15,676] {processor.py:651} INFO - DAG(s) dict_keys(['2_daily_transformation_analysis']) retrieved from /opt/airflow/dags/transform_and_analysis.py
[2022-09-28 17:28:15,733] {logging_mixin.py:115} INFO - [2022-09-28 17:28:15,733] {dag.py:2420} INFO - Sync 1 DAGs
[2022-09-28 17:28:15,798] {logging_mixin.py:115} INFO - [2022-09-28 17:28:15,798] {dag.py:2972} INFO - Setting next_dagrun for 2_daily_transformation_analysis to 2020-08-01T00:00:00+00:00, run_after=2020-08-01T00:00:00+00:00
[2022-09-28 17:28:15,942] {processor.py:161} INFO - Processing /opt/airflow/dags/transform_and_analysis.py took 0.316 seconds
[2022-09-28 17:28:46,118] {processor.py:153} INFO - Started process (PID=2574) to work on /opt/airflow/dags/transform_and_analysis.py
[2022-09-28 17:28:46,121] {processor.py:641} INFO - Processing file /opt/airflow/dags/transform_and_analysis.py for tasks to queue
[2022-09-28 17:28:46,123] {logging_mixin.py:115} INFO - [2022-09-28 17:28:46,123] {dagbag.py:508} INFO - Filling up the DagBag from /opt/airflow/dags/transform_and_analysis.py
[2022-09-28 17:28:46,145] {processor.py:651} INFO - DAG(s) dict_keys(['2_daily_transformation_analysis']) retrieved from /opt/airflow/dags/transform_and_analysis.py
[2022-09-28 17:28:46,175] {logging_mixin.py:115} INFO - [2022-09-28 17:28:46,174] {dag.py:2420} INFO - Sync 1 DAGs
[2022-09-28 17:28:46,205] {logging_mixin.py:115} INFO - [2022-09-28 17:28:46,204] {dag.py:2972} INFO - Setting next_dagrun for 2_daily_transformation_analysis to 2020-08-01T00:00:00+00:00, run_after=2020-08-01T00:00:00+00:00
[2022-09-28 17:28:46,223] {processor.py:161} INFO - Processing /opt/airflow/dags/transform_and_analysis.py took 0.110 seconds
[2022-09-28 17:29:16,382] {processor.py:153} INFO - Started process (PID=2639) to work on /opt/airflow/dags/transform_and_analysis.py
[2022-09-28 17:29:16,385] {processor.py:641} INFO - Processing file /opt/airflow/dags/transform_and_analysis.py for tasks to queue
[2022-09-28 17:29:16,389] {logging_mixin.py:115} INFO - [2022-09-28 17:29:16,388] {dagbag.py:508} INFO - Filling up the DagBag from /opt/airflow/dags/transform_and_analysis.py
[2022-09-28 17:29:16,424] {processor.py:651} INFO - DAG(s) dict_keys(['2_daily_transformation_analysis']) retrieved from /opt/airflow/dags/transform_and_analysis.py
[2022-09-28 17:29:16,483] {logging_mixin.py:115} INFO - [2022-09-28 17:29:16,482] {dag.py:2420} INFO - Sync 1 DAGs
[2022-09-28 17:29:16,530] {logging_mixin.py:115} INFO - [2022-09-28 17:29:16,530] {dag.py:2972} INFO - Setting next_dagrun for 2_daily_transformation_analysis to 2020-08-01T00:00:00+00:00, run_after=2020-08-01T00:00:00+00:00
[2022-09-28 17:29:16,557] {processor.py:161} INFO - Processing /opt/airflow/dags/transform_and_analysis.py took 0.189 seconds
[2022-09-28 17:29:47,095] {processor.py:153} INFO - Started process (PID=2700) to work on /opt/airflow/dags/transform_and_analysis.py
[2022-09-28 17:29:47,097] {processor.py:641} INFO - Processing file /opt/airflow/dags/transform_and_analysis.py for tasks to queue
[2022-09-28 17:29:47,098] {logging_mixin.py:115} INFO - [2022-09-28 17:29:47,098] {dagbag.py:508} INFO - Filling up the DagBag from /opt/airflow/dags/transform_and_analysis.py
[2022-09-28 17:29:47,119] {processor.py:651} INFO - DAG(s) dict_keys(['2_daily_transformation_analysis']) retrieved from /opt/airflow/dags/transform_and_analysis.py
[2022-09-28 17:29:47,164] {logging_mixin.py:115} INFO - [2022-09-28 17:29:47,164] {dag.py:2420} INFO - Sync 1 DAGs
[2022-09-28 17:29:47,202] {logging_mixin.py:115} INFO - [2022-09-28 17:29:47,202] {dag.py:2972} INFO - Setting next_dagrun for 2_daily_transformation_analysis to 2020-08-01T00:00:00+00:00, run_after=2020-08-01T00:00:00+00:00
[2022-09-28 17:29:47,229] {processor.py:161} INFO - Processing /opt/airflow/dags/transform_and_analysis.py took 0.140 seconds
[2022-09-28 17:30:17,971] {processor.py:153} INFO - Started process (PID=2768) to work on /opt/airflow/dags/transform_and_analysis.py
[2022-09-28 17:30:17,973] {processor.py:641} INFO - Processing file /opt/airflow/dags/transform_and_analysis.py for tasks to queue
[2022-09-28 17:30:17,975] {logging_mixin.py:115} INFO - [2022-09-28 17:30:17,975] {dagbag.py:508} INFO - Filling up the DagBag from /opt/airflow/dags/transform_and_analysis.py
[2022-09-28 17:30:17,994] {processor.py:651} INFO - DAG(s) dict_keys(['2_daily_transformation_analysis']) retrieved from /opt/airflow/dags/transform_and_analysis.py
[2022-09-28 17:30:18,031] {logging_mixin.py:115} INFO - [2022-09-28 17:30:18,031] {dag.py:2420} INFO - Sync 1 DAGs
[2022-09-28 17:30:18,062] {logging_mixin.py:115} INFO - [2022-09-28 17:30:18,062] {dag.py:2972} INFO - Setting next_dagrun for 2_daily_transformation_analysis to 2020-08-01T00:00:00+00:00, run_after=2020-08-01T00:00:00+00:00
[2022-09-28 17:30:18,080] {processor.py:161} INFO - Processing /opt/airflow/dags/transform_and_analysis.py took 0.115 seconds
[2022-09-28 17:30:48,374] {processor.py:153} INFO - Started process (PID=2825) to work on /opt/airflow/dags/transform_and_analysis.py
[2022-09-28 17:30:48,375] {processor.py:641} INFO - Processing file /opt/airflow/dags/transform_and_analysis.py for tasks to queue
[2022-09-28 17:30:48,378] {logging_mixin.py:115} INFO - [2022-09-28 17:30:48,378] {dagbag.py:508} INFO - Filling up the DagBag from /opt/airflow/dags/transform_and_analysis.py
[2022-09-28 17:30:48,397] {processor.py:651} INFO - DAG(s) dict_keys(['2_daily_transformation_analysis']) retrieved from /opt/airflow/dags/transform_and_analysis.py
[2022-09-28 17:30:48,431] {logging_mixin.py:115} INFO - [2022-09-28 17:30:48,431] {dag.py:2420} INFO - Sync 1 DAGs
[2022-09-28 17:30:48,460] {logging_mixin.py:115} INFO - [2022-09-28 17:30:48,460] {dag.py:2972} INFO - Setting next_dagrun for 2_daily_transformation_analysis to 2020-08-01T00:00:00+00:00, run_after=2020-08-01T00:00:00+00:00
[2022-09-28 17:30:48,475] {processor.py:161} INFO - Processing /opt/airflow/dags/transform_and_analysis.py took 0.108 seconds
[2022-09-28 17:31:18,630] {processor.py:153} INFO - Started process (PID=2890) to work on /opt/airflow/dags/transform_and_analysis.py
[2022-09-28 17:31:18,633] {processor.py:641} INFO - Processing file /opt/airflow/dags/transform_and_analysis.py for tasks to queue
[2022-09-28 17:31:18,635] {logging_mixin.py:115} INFO - [2022-09-28 17:31:18,635] {dagbag.py:508} INFO - Filling up the DagBag from /opt/airflow/dags/transform_and_analysis.py
[2022-09-28 17:31:18,654] {processor.py:651} INFO - DAG(s) dict_keys(['2_daily_transformation_analysis']) retrieved from /opt/airflow/dags/transform_and_analysis.py
[2022-09-28 17:31:18,693] {logging_mixin.py:115} INFO - [2022-09-28 17:31:18,693] {dag.py:2420} INFO - Sync 1 DAGs
[2022-09-28 17:31:18,722] {logging_mixin.py:115} INFO - [2022-09-28 17:31:18,721] {dag.py:2972} INFO - Setting next_dagrun for 2_daily_transformation_analysis to 2020-08-01T00:00:00+00:00, run_after=2020-08-01T00:00:00+00:00
[2022-09-28 17:31:18,738] {processor.py:161} INFO - Processing /opt/airflow/dags/transform_and_analysis.py took 0.118 seconds
[2022-09-28 17:36:39,921] {processor.py:153} INFO - Started process (PID=111) to work on /opt/airflow/dags/transform_and_analysis.py
[2022-09-28 17:36:39,929] {processor.py:641} INFO - Processing file /opt/airflow/dags/transform_and_analysis.py for tasks to queue
[2022-09-28 17:36:39,934] {logging_mixin.py:115} INFO - [2022-09-28 17:36:39,931] {dagbag.py:508} INFO - Filling up the DagBag from /opt/airflow/dags/transform_and_analysis.py
[2022-09-28 17:36:40,021] {processor.py:651} INFO - DAG(s) dict_keys(['2_daily_transformation_analysis']) retrieved from /opt/airflow/dags/transform_and_analysis.py
[2022-09-28 17:36:40,685] {logging_mixin.py:115} INFO - [2022-09-28 17:36:40,685] {manager.py:508} INFO - Created Permission View: can read on DAG:2_daily_transformation_analysis
[2022-09-28 17:36:40,736] {logging_mixin.py:115} INFO - [2022-09-28 17:36:40,735] {manager.py:508} INFO - Created Permission View: can delete on DAG:2_daily_transformation_analysis
[2022-09-28 17:36:40,766] {logging_mixin.py:115} INFO - [2022-09-28 17:36:40,766] {manager.py:508} INFO - Created Permission View: can edit on DAG:2_daily_transformation_analysis
[2022-09-28 17:36:40,767] {logging_mixin.py:115} INFO - [2022-09-28 17:36:40,767] {dag.py:2420} INFO - Sync 1 DAGs
[2022-09-28 17:36:40,785] {logging_mixin.py:115} INFO - [2022-09-28 17:36:40,785] {dag.py:2439} INFO - Creating ORM DAG for 2_daily_transformation_analysis
[2022-09-28 17:36:40,836] {logging_mixin.py:115} INFO - [2022-09-28 17:36:40,836] {dag.py:2972} INFO - Setting next_dagrun for 2_daily_transformation_analysis to 2020-08-01T00:00:00+00:00, run_after=2020-08-01T00:00:00+00:00
[2022-09-28 17:36:40,877] {processor.py:161} INFO - Processing /opt/airflow/dags/transform_and_analysis.py took 0.974 seconds
[2022-09-28 17:37:11,252] {processor.py:153} INFO - Started process (PID=167) to work on /opt/airflow/dags/transform_and_analysis.py
[2022-09-28 17:37:11,254] {processor.py:641} INFO - Processing file /opt/airflow/dags/transform_and_analysis.py for tasks to queue
[2022-09-28 17:37:11,257] {logging_mixin.py:115} INFO - [2022-09-28 17:37:11,257] {dagbag.py:508} INFO - Filling up the DagBag from /opt/airflow/dags/transform_and_analysis.py
[2022-09-28 17:37:11,468] {processor.py:651} INFO - DAG(s) dict_keys(['2_daily_transformation_analysis']) retrieved from /opt/airflow/dags/transform_and_analysis.py
[2022-09-28 17:37:11,501] {logging_mixin.py:115} INFO - [2022-09-28 17:37:11,501] {dag.py:2420} INFO - Sync 1 DAGs
[2022-09-28 17:37:11,530] {logging_mixin.py:115} INFO - [2022-09-28 17:37:11,530] {dag.py:2972} INFO - Setting next_dagrun for 2_daily_transformation_analysis to 2020-08-01T00:00:00+00:00, run_after=2020-08-01T00:00:00+00:00
[2022-09-28 17:37:11,549] {processor.py:161} INFO - Processing /opt/airflow/dags/transform_and_analysis.py took 0.311 seconds
[2022-09-28 17:37:41,968] {processor.py:153} INFO - Started process (PID=233) to work on /opt/airflow/dags/transform_and_analysis.py
[2022-09-28 17:37:41,971] {processor.py:641} INFO - Processing file /opt/airflow/dags/transform_and_analysis.py for tasks to queue
[2022-09-28 17:37:41,976] {logging_mixin.py:115} INFO - [2022-09-28 17:37:41,975] {dagbag.py:508} INFO - Filling up the DagBag from /opt/airflow/dags/transform_and_analysis.py
[2022-09-28 17:37:42,246] {processor.py:651} INFO - DAG(s) dict_keys(['2_daily_transformation_analysis']) retrieved from /opt/airflow/dags/transform_and_analysis.py
[2022-09-28 17:37:42,297] {logging_mixin.py:115} INFO - [2022-09-28 17:37:42,297] {dag.py:2420} INFO - Sync 1 DAGs
[2022-09-28 17:37:42,334] {logging_mixin.py:115} INFO - [2022-09-28 17:37:42,334] {dag.py:2972} INFO - Setting next_dagrun for 2_daily_transformation_analysis to 2020-08-01T00:00:00+00:00, run_after=2020-08-01T00:00:00+00:00
[2022-09-28 17:37:42,365] {processor.py:161} INFO - Processing /opt/airflow/dags/transform_and_analysis.py took 0.411 seconds
[2022-09-28 17:38:12,652] {processor.py:153} INFO - Started process (PID=295) to work on /opt/airflow/dags/transform_and_analysis.py
[2022-09-28 17:38:12,654] {processor.py:641} INFO - Processing file /opt/airflow/dags/transform_and_analysis.py for tasks to queue
[2022-09-28 17:38:12,655] {logging_mixin.py:115} INFO - [2022-09-28 17:38:12,655] {dagbag.py:508} INFO - Filling up the DagBag from /opt/airflow/dags/transform_and_analysis.py
[2022-09-28 17:38:12,993] {processor.py:651} INFO - DAG(s) dict_keys(['2_daily_transformation_analysis']) retrieved from /opt/airflow/dags/transform_and_analysis.py
[2022-09-28 17:38:13,028] {logging_mixin.py:115} INFO - [2022-09-28 17:38:13,028] {dag.py:2420} INFO - Sync 1 DAGs
[2022-09-28 17:38:13,065] {logging_mixin.py:115} INFO - [2022-09-28 17:38:13,064] {dag.py:2972} INFO - Setting next_dagrun for 2_daily_transformation_analysis to 2020-08-01T00:00:00+00:00, run_after=2020-08-01T00:00:00+00:00
[2022-09-28 17:38:13,102] {processor.py:161} INFO - Processing /opt/airflow/dags/transform_and_analysis.py took 0.454 seconds
[2022-09-28 17:38:43,407] {processor.py:153} INFO - Started process (PID=352) to work on /opt/airflow/dags/transform_and_analysis.py
[2022-09-28 17:38:43,408] {processor.py:641} INFO - Processing file /opt/airflow/dags/transform_and_analysis.py for tasks to queue
[2022-09-28 17:38:43,410] {logging_mixin.py:115} INFO - [2022-09-28 17:38:43,409] {dagbag.py:508} INFO - Filling up the DagBag from /opt/airflow/dags/transform_and_analysis.py
[2022-09-28 17:38:43,622] {processor.py:651} INFO - DAG(s) dict_keys(['2_daily_transformation_analysis']) retrieved from /opt/airflow/dags/transform_and_analysis.py
[2022-09-28 17:38:43,650] {logging_mixin.py:115} INFO - [2022-09-28 17:38:43,650] {dag.py:2420} INFO - Sync 1 DAGs
[2022-09-28 17:38:43,677] {logging_mixin.py:115} INFO - [2022-09-28 17:38:43,677] {dag.py:2972} INFO - Setting next_dagrun for 2_daily_transformation_analysis to 2020-08-01T00:00:00+00:00, run_after=2020-08-01T00:00:00+00:00
[2022-09-28 17:38:43,691] {processor.py:161} INFO - Processing /opt/airflow/dags/transform_and_analysis.py took 0.289 seconds
[2022-09-28 17:39:14,255] {processor.py:153} INFO - Started process (PID=419) to work on /opt/airflow/dags/transform_and_analysis.py
[2022-09-28 17:39:14,256] {processor.py:641} INFO - Processing file /opt/airflow/dags/transform_and_analysis.py for tasks to queue
[2022-09-28 17:39:14,257] {logging_mixin.py:115} INFO - [2022-09-28 17:39:14,257] {dagbag.py:508} INFO - Filling up the DagBag from /opt/airflow/dags/transform_and_analysis.py
[2022-09-28 17:39:14,432] {processor.py:651} INFO - DAG(s) dict_keys(['2_daily_transformation_analysis']) retrieved from /opt/airflow/dags/transform_and_analysis.py
[2022-09-28 17:39:14,453] {logging_mixin.py:115} INFO - [2022-09-28 17:39:14,453] {dag.py:2420} INFO - Sync 1 DAGs
[2022-09-28 17:39:14,474] {logging_mixin.py:115} INFO - [2022-09-28 17:39:14,474] {dag.py:2972} INFO - Setting next_dagrun for 2_daily_transformation_analysis to 2020-08-01T00:00:00+00:00, run_after=2020-08-01T00:00:00+00:00
[2022-09-28 17:39:14,487] {processor.py:161} INFO - Processing /opt/airflow/dags/transform_and_analysis.py took 0.237 seconds
[2022-09-28 17:47:09,826] {processor.py:153} INFO - Started process (PID=111) to work on /opt/airflow/dags/transform_and_analysis.py
[2022-09-28 17:47:09,842] {processor.py:641} INFO - Processing file /opt/airflow/dags/transform_and_analysis.py for tasks to queue
[2022-09-28 17:47:09,857] {logging_mixin.py:115} INFO - [2022-09-28 17:47:09,857] {dagbag.py:508} INFO - Filling up the DagBag from /opt/airflow/dags/transform_and_analysis.py
[2022-09-28 17:47:09,989] {processor.py:651} INFO - DAG(s) dict_keys(['2_daily_transformation_analysis']) retrieved from /opt/airflow/dags/transform_and_analysis.py
[2022-09-28 17:47:10,623] {logging_mixin.py:115} INFO - [2022-09-28 17:47:10,623] {manager.py:508} INFO - Created Permission View: can read on DAG:2_daily_transformation_analysis
[2022-09-28 17:47:10,664] {logging_mixin.py:115} INFO - [2022-09-28 17:47:10,664] {manager.py:508} INFO - Created Permission View: can edit on DAG:2_daily_transformation_analysis
[2022-09-28 17:47:10,686] {logging_mixin.py:115} INFO - [2022-09-28 17:47:10,686] {manager.py:508} INFO - Created Permission View: can delete on DAG:2_daily_transformation_analysis
[2022-09-28 17:47:10,687] {logging_mixin.py:115} INFO - [2022-09-28 17:47:10,687] {dag.py:2420} INFO - Sync 1 DAGs
[2022-09-28 17:47:10,717] {logging_mixin.py:115} INFO - [2022-09-28 17:47:10,717] {dag.py:2439} INFO - Creating ORM DAG for 2_daily_transformation_analysis
[2022-09-28 17:47:10,774] {logging_mixin.py:115} INFO - [2022-09-28 17:47:10,774] {dag.py:2972} INFO - Setting next_dagrun for 2_daily_transformation_analysis to 2020-08-01T00:00:00+00:00, run_after=2020-08-01T00:00:00+00:00
[2022-09-28 17:47:10,841] {processor.py:161} INFO - Processing /opt/airflow/dags/transform_and_analysis.py took 1.038 seconds
[2022-09-28 17:47:41,235] {processor.py:153} INFO - Started process (PID=166) to work on /opt/airflow/dags/transform_and_analysis.py
[2022-09-28 17:47:41,237] {processor.py:641} INFO - Processing file /opt/airflow/dags/transform_and_analysis.py for tasks to queue
[2022-09-28 17:47:41,239] {logging_mixin.py:115} INFO - [2022-09-28 17:47:41,239] {dagbag.py:508} INFO - Filling up the DagBag from /opt/airflow/dags/transform_and_analysis.py
[2022-09-28 17:47:41,557] {processor.py:651} INFO - DAG(s) dict_keys(['2_daily_transformation_analysis']) retrieved from /opt/airflow/dags/transform_and_analysis.py
[2022-09-28 17:47:41,623] {logging_mixin.py:115} INFO - [2022-09-28 17:47:41,623] {dag.py:2420} INFO - Sync 1 DAGs
[2022-09-28 17:47:41,678] {logging_mixin.py:115} INFO - [2022-09-28 17:47:41,677] {dag.py:2972} INFO - Setting next_dagrun for 2_daily_transformation_analysis to 2020-08-01T00:00:00+00:00, run_after=2020-08-01T00:00:00+00:00
[2022-09-28 17:47:41,715] {processor.py:161} INFO - Processing /opt/airflow/dags/transform_and_analysis.py took 0.494 seconds
[2022-09-28 17:48:12,102] {processor.py:153} INFO - Started process (PID=232) to work on /opt/airflow/dags/transform_and_analysis.py
[2022-09-28 17:48:12,106] {processor.py:641} INFO - Processing file /opt/airflow/dags/transform_and_analysis.py for tasks to queue
[2022-09-28 17:48:12,109] {logging_mixin.py:115} INFO - [2022-09-28 17:48:12,109] {dagbag.py:508} INFO - Filling up the DagBag from /opt/airflow/dags/transform_and_analysis.py
[2022-09-28 17:48:12,384] {processor.py:651} INFO - DAG(s) dict_keys(['2_daily_transformation_analysis']) retrieved from /opt/airflow/dags/transform_and_analysis.py
[2022-09-28 17:48:12,411] {logging_mixin.py:115} INFO - [2022-09-28 17:48:12,411] {dag.py:2420} INFO - Sync 1 DAGs
[2022-09-28 17:48:12,445] {logging_mixin.py:115} INFO - [2022-09-28 17:48:12,445] {dag.py:2972} INFO - Setting next_dagrun for 2_daily_transformation_analysis to 2020-08-01T00:00:00+00:00, run_after=2020-08-01T00:00:00+00:00
[2022-09-28 17:48:12,471] {processor.py:161} INFO - Processing /opt/airflow/dags/transform_and_analysis.py took 0.375 seconds
[2022-09-28 17:48:42,862] {processor.py:153} INFO - Started process (PID=288) to work on /opt/airflow/dags/transform_and_analysis.py
[2022-09-28 17:48:42,863] {processor.py:641} INFO - Processing file /opt/airflow/dags/transform_and_analysis.py for tasks to queue
[2022-09-28 17:48:42,865] {logging_mixin.py:115} INFO - [2022-09-28 17:48:42,865] {dagbag.py:508} INFO - Filling up the DagBag from /opt/airflow/dags/transform_and_analysis.py
[2022-09-28 17:48:43,032] {processor.py:651} INFO - DAG(s) dict_keys(['2_daily_transformation_analysis']) retrieved from /opt/airflow/dags/transform_and_analysis.py
[2022-09-28 17:48:43,064] {logging_mixin.py:115} INFO - [2022-09-28 17:48:43,064] {dag.py:2420} INFO - Sync 1 DAGs
[2022-09-28 17:48:43,100] {logging_mixin.py:115} INFO - [2022-09-28 17:48:43,099] {dag.py:2972} INFO - Setting next_dagrun for 2_daily_transformation_analysis to 2020-08-01T00:00:00+00:00, run_after=2020-08-01T00:00:00+00:00
[2022-09-28 17:48:43,120] {processor.py:161} INFO - Processing /opt/airflow/dags/transform_and_analysis.py took 0.263 seconds
[2022-09-28 17:49:13,416] {processor.py:153} INFO - Started process (PID=353) to work on /opt/airflow/dags/transform_and_analysis.py
[2022-09-28 17:49:13,418] {processor.py:641} INFO - Processing file /opt/airflow/dags/transform_and_analysis.py for tasks to queue
[2022-09-28 17:49:13,420] {logging_mixin.py:115} INFO - [2022-09-28 17:49:13,419] {dagbag.py:508} INFO - Filling up the DagBag from /opt/airflow/dags/transform_and_analysis.py
[2022-09-28 17:49:13,588] {processor.py:651} INFO - DAG(s) dict_keys(['2_daily_transformation_analysis']) retrieved from /opt/airflow/dags/transform_and_analysis.py
[2022-09-28 17:49:13,611] {logging_mixin.py:115} INFO - [2022-09-28 17:49:13,611] {dag.py:2420} INFO - Sync 1 DAGs
[2022-09-28 17:49:13,634] {logging_mixin.py:115} INFO - [2022-09-28 17:49:13,634] {dag.py:2972} INFO - Setting next_dagrun for 2_daily_transformation_analysis to 2020-08-01T00:00:00+00:00, run_after=2020-08-01T00:00:00+00:00
[2022-09-28 17:49:13,650] {processor.py:161} INFO - Processing /opt/airflow/dags/transform_and_analysis.py took 0.237 seconds
[2022-09-28 17:49:44,244] {processor.py:153} INFO - Started process (PID=409) to work on /opt/airflow/dags/transform_and_analysis.py
[2022-09-28 17:49:44,247] {processor.py:641} INFO - Processing file /opt/airflow/dags/transform_and_analysis.py for tasks to queue
[2022-09-28 17:49:44,249] {logging_mixin.py:115} INFO - [2022-09-28 17:49:44,248] {dagbag.py:508} INFO - Filling up the DagBag from /opt/airflow/dags/transform_and_analysis.py
[2022-09-28 17:49:44,439] {processor.py:651} INFO - DAG(s) dict_keys(['2_daily_transformation_analysis']) retrieved from /opt/airflow/dags/transform_and_analysis.py
[2022-09-28 17:49:44,471] {logging_mixin.py:115} INFO - [2022-09-28 17:49:44,471] {dag.py:2420} INFO - Sync 1 DAGs
[2022-09-28 17:49:44,506] {logging_mixin.py:115} INFO - [2022-09-28 17:49:44,506] {dag.py:2972} INFO - Setting next_dagrun for 2_daily_transformation_analysis to 2020-08-01T00:00:00+00:00, run_after=2020-08-01T00:00:00+00:00
[2022-09-28 17:49:44,525] {processor.py:161} INFO - Processing /opt/airflow/dags/transform_and_analysis.py took 0.287 seconds
[2022-09-28 17:50:15,338] {processor.py:153} INFO - Started process (PID=478) to work on /opt/airflow/dags/transform_and_analysis.py
[2022-09-28 17:50:15,339] {processor.py:641} INFO - Processing file /opt/airflow/dags/transform_and_analysis.py for tasks to queue
[2022-09-28 17:50:15,341] {logging_mixin.py:115} INFO - [2022-09-28 17:50:15,341] {dagbag.py:508} INFO - Filling up the DagBag from /opt/airflow/dags/transform_and_analysis.py
[2022-09-28 17:50:15,578] {processor.py:651} INFO - DAG(s) dict_keys(['2_daily_transformation_analysis']) retrieved from /opt/airflow/dags/transform_and_analysis.py
[2022-09-28 17:50:15,612] {logging_mixin.py:115} INFO - [2022-09-28 17:50:15,612] {dag.py:2420} INFO - Sync 1 DAGs
[2022-09-28 17:50:15,654] {logging_mixin.py:115} INFO - [2022-09-28 17:50:15,653] {dag.py:2972} INFO - Setting next_dagrun for 2_daily_transformation_analysis to 2020-08-01T00:00:00+00:00, run_after=2020-08-01T00:00:00+00:00
[2022-09-28 17:50:15,667] {processor.py:161} INFO - Processing /opt/airflow/dags/transform_and_analysis.py took 0.333 seconds
[2022-09-28 17:50:46,032] {processor.py:153} INFO - Started process (PID=535) to work on /opt/airflow/dags/transform_and_analysis.py
[2022-09-28 17:50:46,034] {processor.py:641} INFO - Processing file /opt/airflow/dags/transform_and_analysis.py for tasks to queue
[2022-09-28 17:50:46,036] {logging_mixin.py:115} INFO - [2022-09-28 17:50:46,035] {dagbag.py:508} INFO - Filling up the DagBag from /opt/airflow/dags/transform_and_analysis.py
[2022-09-28 17:50:46,201] {processor.py:651} INFO - DAG(s) dict_keys(['2_daily_transformation_analysis']) retrieved from /opt/airflow/dags/transform_and_analysis.py
[2022-09-28 17:50:46,234] {logging_mixin.py:115} INFO - [2022-09-28 17:50:46,234] {dag.py:2420} INFO - Sync 1 DAGs
[2022-09-28 17:50:46,260] {logging_mixin.py:115} INFO - [2022-09-28 17:50:46,259] {dag.py:2972} INFO - Setting next_dagrun for 2_daily_transformation_analysis to 2020-08-01T00:00:00+00:00, run_after=2020-08-01T00:00:00+00:00
[2022-09-28 17:50:46,277] {processor.py:161} INFO - Processing /opt/airflow/dags/transform_and_analysis.py took 0.250 seconds
[2022-09-28 17:51:16,668] {processor.py:153} INFO - Started process (PID=602) to work on /opt/airflow/dags/transform_and_analysis.py
[2022-09-28 17:51:16,670] {processor.py:641} INFO - Processing file /opt/airflow/dags/transform_and_analysis.py for tasks to queue
[2022-09-28 17:51:16,672] {logging_mixin.py:115} INFO - [2022-09-28 17:51:16,671] {dagbag.py:508} INFO - Filling up the DagBag from /opt/airflow/dags/transform_and_analysis.py
[2022-09-28 17:51:16,842] {processor.py:651} INFO - DAG(s) dict_keys(['2_daily_transformation_analysis']) retrieved from /opt/airflow/dags/transform_and_analysis.py
[2022-09-28 17:51:16,869] {logging_mixin.py:115} INFO - [2022-09-28 17:51:16,869] {dag.py:2420} INFO - Sync 1 DAGs
[2022-09-28 17:51:16,898] {logging_mixin.py:115} INFO - [2022-09-28 17:51:16,898] {dag.py:2972} INFO - Setting next_dagrun for 2_daily_transformation_analysis to 2020-08-01T00:00:00+00:00, run_after=2020-08-01T00:00:00+00:00
[2022-09-28 17:51:16,914] {processor.py:161} INFO - Processing /opt/airflow/dags/transform_and_analysis.py took 0.251 seconds
[2022-09-28 17:51:47,950] {processor.py:153} INFO - Started process (PID=671) to work on /opt/airflow/dags/transform_and_analysis.py
[2022-09-28 17:51:47,953] {processor.py:641} INFO - Processing file /opt/airflow/dags/transform_and_analysis.py for tasks to queue
[2022-09-28 17:51:47,954] {logging_mixin.py:115} INFO - [2022-09-28 17:51:47,954] {dagbag.py:508} INFO - Filling up the DagBag from /opt/airflow/dags/transform_and_analysis.py
[2022-09-28 17:51:48,178] {processor.py:651} INFO - DAG(s) dict_keys(['2_daily_transformation_analysis']) retrieved from /opt/airflow/dags/transform_and_analysis.py
[2022-09-28 17:51:48,210] {logging_mixin.py:115} INFO - [2022-09-28 17:51:48,210] {dag.py:2420} INFO - Sync 1 DAGs
[2022-09-28 17:51:48,254] {logging_mixin.py:115} INFO - [2022-09-28 17:51:48,254] {dag.py:2972} INFO - Setting next_dagrun for 2_daily_transformation_analysis to 2020-08-01T00:00:00+00:00, run_after=2020-08-01T00:00:00+00:00
[2022-09-28 17:51:48,281] {processor.py:161} INFO - Processing /opt/airflow/dags/transform_and_analysis.py took 0.338 seconds
[2022-09-28 17:52:18,527] {processor.py:153} INFO - Started process (PID=727) to work on /opt/airflow/dags/transform_and_analysis.py
[2022-09-28 17:52:18,529] {processor.py:641} INFO - Processing file /opt/airflow/dags/transform_and_analysis.py for tasks to queue
[2022-09-28 17:52:18,531] {logging_mixin.py:115} INFO - [2022-09-28 17:52:18,531] {dagbag.py:508} INFO - Filling up the DagBag from /opt/airflow/dags/transform_and_analysis.py
[2022-09-28 17:52:18,553] {processor.py:651} INFO - DAG(s) dict_keys(['2_daily_transformation_analysis']) retrieved from /opt/airflow/dags/transform_and_analysis.py
[2022-09-28 17:52:18,597] {logging_mixin.py:115} INFO - [2022-09-28 17:52:18,597] {dag.py:2420} INFO - Sync 1 DAGs
[2022-09-28 17:52:18,631] {logging_mixin.py:115} INFO - [2022-09-28 17:52:18,631] {dag.py:2972} INFO - Setting next_dagrun for 2_daily_transformation_analysis to 2020-08-01T00:00:00+00:00, run_after=2020-08-01T00:00:00+00:00
[2022-09-28 17:52:18,646] {processor.py:161} INFO - Processing /opt/airflow/dags/transform_and_analysis.py took 0.125 seconds
[2022-09-28 17:52:49,524] {processor.py:153} INFO - Started process (PID=793) to work on /opt/airflow/dags/transform_and_analysis.py
[2022-09-28 17:52:49,526] {processor.py:641} INFO - Processing file /opt/airflow/dags/transform_and_analysis.py for tasks to queue
[2022-09-28 17:52:49,528] {logging_mixin.py:115} INFO - [2022-09-28 17:52:49,528] {dagbag.py:508} INFO - Filling up the DagBag from /opt/airflow/dags/transform_and_analysis.py
[2022-09-28 17:52:49,546] {processor.py:651} INFO - DAG(s) dict_keys(['2_daily_transformation_analysis']) retrieved from /opt/airflow/dags/transform_and_analysis.py
[2022-09-28 17:52:49,574] {logging_mixin.py:115} INFO - [2022-09-28 17:52:49,573] {dag.py:2420} INFO - Sync 1 DAGs
[2022-09-28 17:52:49,600] {logging_mixin.py:115} INFO - [2022-09-28 17:52:49,600] {dag.py:2972} INFO - Setting next_dagrun for 2_daily_transformation_analysis to 2020-08-01T00:00:00+00:00, run_after=2020-08-01T00:00:00+00:00
[2022-09-28 17:52:49,615] {processor.py:161} INFO - Processing /opt/airflow/dags/transform_and_analysis.py took 0.098 seconds
[2022-09-28 17:53:20,111] {processor.py:153} INFO - Started process (PID=849) to work on /opt/airflow/dags/transform_and_analysis.py
[2022-09-28 17:53:20,113] {processor.py:641} INFO - Processing file /opt/airflow/dags/transform_and_analysis.py for tasks to queue
[2022-09-28 17:53:20,116] {logging_mixin.py:115} INFO - [2022-09-28 17:53:20,116] {dagbag.py:508} INFO - Filling up the DagBag from /opt/airflow/dags/transform_and_analysis.py
[2022-09-28 17:53:20,145] {processor.py:651} INFO - DAG(s) dict_keys(['2_daily_transformation_analysis']) retrieved from /opt/airflow/dags/transform_and_analysis.py
[2022-09-28 17:53:20,196] {logging_mixin.py:115} INFO - [2022-09-28 17:53:20,196] {dag.py:2420} INFO - Sync 1 DAGs
[2022-09-28 17:53:20,247] {logging_mixin.py:115} INFO - [2022-09-28 17:53:20,246] {dag.py:2972} INFO - Setting next_dagrun for 2_daily_transformation_analysis to 2020-08-01T00:00:00+00:00, run_after=2020-08-01T00:00:00+00:00
[2022-09-28 17:53:20,275] {processor.py:161} INFO - Processing /opt/airflow/dags/transform_and_analysis.py took 0.172 seconds
[2022-09-28 17:53:50,375] {processor.py:153} INFO - Started process (PID=915) to work on /opt/airflow/dags/transform_and_analysis.py
[2022-09-28 17:53:50,376] {processor.py:641} INFO - Processing file /opt/airflow/dags/transform_and_analysis.py for tasks to queue
[2022-09-28 17:53:50,378] {logging_mixin.py:115} INFO - [2022-09-28 17:53:50,378] {dagbag.py:508} INFO - Filling up the DagBag from /opt/airflow/dags/transform_and_analysis.py
[2022-09-28 17:53:50,396] {processor.py:651} INFO - DAG(s) dict_keys(['2_daily_transformation_analysis']) retrieved from /opt/airflow/dags/transform_and_analysis.py
[2022-09-28 17:53:50,428] {logging_mixin.py:115} INFO - [2022-09-28 17:53:50,428] {dag.py:2420} INFO - Sync 1 DAGs
[2022-09-28 17:53:50,460] {logging_mixin.py:115} INFO - [2022-09-28 17:53:50,459] {dag.py:2972} INFO - Setting next_dagrun for 2_daily_transformation_analysis to 2020-08-01T00:00:00+00:00, run_after=2020-08-01T00:00:00+00:00
[2022-09-28 17:53:50,476] {processor.py:161} INFO - Processing /opt/airflow/dags/transform_and_analysis.py took 0.107 seconds
[2022-09-28 17:54:20,871] {processor.py:153} INFO - Started process (PID=971) to work on /opt/airflow/dags/transform_and_analysis.py
[2022-09-28 17:54:20,875] {processor.py:641} INFO - Processing file /opt/airflow/dags/transform_and_analysis.py for tasks to queue
[2022-09-28 17:54:20,880] {logging_mixin.py:115} INFO - [2022-09-28 17:54:20,880] {dagbag.py:508} INFO - Filling up the DagBag from /opt/airflow/dags/transform_and_analysis.py
[2022-09-28 17:54:20,933] {processor.py:651} INFO - DAG(s) dict_keys(['2_daily_transformation_analysis']) retrieved from /opt/airflow/dags/transform_and_analysis.py
[2022-09-28 17:54:20,977] {logging_mixin.py:115} INFO - [2022-09-28 17:54:20,977] {dag.py:2420} INFO - Sync 1 DAGs
[2022-09-28 17:54:21,024] {logging_mixin.py:115} INFO - [2022-09-28 17:54:21,024] {dag.py:2972} INFO - Setting next_dagrun for 2_daily_transformation_analysis to 2020-08-01T00:00:00+00:00, run_after=2020-08-01T00:00:00+00:00
[2022-09-28 17:54:21,058] {processor.py:161} INFO - Processing /opt/airflow/dags/transform_and_analysis.py took 0.224 seconds
[2022-09-28 17:54:51,574] {processor.py:153} INFO - Started process (PID=1038) to work on /opt/airflow/dags/transform_and_analysis.py
[2022-09-28 17:54:51,575] {processor.py:641} INFO - Processing file /opt/airflow/dags/transform_and_analysis.py for tasks to queue
[2022-09-28 17:54:51,577] {logging_mixin.py:115} INFO - [2022-09-28 17:54:51,577] {dagbag.py:508} INFO - Filling up the DagBag from /opt/airflow/dags/transform_and_analysis.py
[2022-09-28 17:54:51,597] {processor.py:651} INFO - DAG(s) dict_keys(['2_daily_transformation_analysis']) retrieved from /opt/airflow/dags/transform_and_analysis.py
[2022-09-28 17:54:51,628] {logging_mixin.py:115} INFO - [2022-09-28 17:54:51,628] {dag.py:2420} INFO - Sync 1 DAGs
[2022-09-28 17:54:51,660] {logging_mixin.py:115} INFO - [2022-09-28 17:54:51,660] {dag.py:2972} INFO - Setting next_dagrun for 2_daily_transformation_analysis to 2020-08-01T00:00:00+00:00, run_after=2020-08-01T00:00:00+00:00
[2022-09-28 17:54:51,677] {processor.py:161} INFO - Processing /opt/airflow/dags/transform_and_analysis.py took 0.108 seconds
[2022-09-28 17:55:21,778] {processor.py:153} INFO - Started process (PID=1095) to work on /opt/airflow/dags/transform_and_analysis.py
[2022-09-28 17:55:21,781] {processor.py:641} INFO - Processing file /opt/airflow/dags/transform_and_analysis.py for tasks to queue
[2022-09-28 17:55:21,784] {logging_mixin.py:115} INFO - [2022-09-28 17:55:21,784] {dagbag.py:508} INFO - Filling up the DagBag from /opt/airflow/dags/transform_and_analysis.py
[2022-09-28 17:55:21,809] {processor.py:651} INFO - DAG(s) dict_keys(['2_daily_transformation_analysis']) retrieved from /opt/airflow/dags/transform_and_analysis.py
[2022-09-28 17:55:21,841] {logging_mixin.py:115} INFO - [2022-09-28 17:55:21,841] {dag.py:2420} INFO - Sync 1 DAGs
[2022-09-28 17:55:21,869] {logging_mixin.py:115} INFO - [2022-09-28 17:55:21,869] {dag.py:2972} INFO - Setting next_dagrun for 2_daily_transformation_analysis to 2020-08-01T00:00:00+00:00, run_after=2020-08-01T00:00:00+00:00
[2022-09-28 17:55:21,889] {processor.py:161} INFO - Processing /opt/airflow/dags/transform_and_analysis.py took 0.116 seconds
[2022-09-28 17:55:51,925] {processor.py:153} INFO - Started process (PID=1160) to work on /opt/airflow/dags/transform_and_analysis.py
[2022-09-28 17:55:51,926] {processor.py:641} INFO - Processing file /opt/airflow/dags/transform_and_analysis.py for tasks to queue
[2022-09-28 17:55:51,928] {logging_mixin.py:115} INFO - [2022-09-28 17:55:51,928] {dagbag.py:508} INFO - Filling up the DagBag from /opt/airflow/dags/transform_and_analysis.py
[2022-09-28 17:55:51,943] {processor.py:651} INFO - DAG(s) dict_keys(['2_daily_transformation_analysis']) retrieved from /opt/airflow/dags/transform_and_analysis.py
[2022-09-28 17:55:51,976] {logging_mixin.py:115} INFO - [2022-09-28 17:55:51,975] {dag.py:2420} INFO - Sync 1 DAGs
[2022-09-28 17:55:52,003] {logging_mixin.py:115} INFO - [2022-09-28 17:55:52,003] {dag.py:2972} INFO - Setting next_dagrun for 2_daily_transformation_analysis to 2020-08-01T00:00:00+00:00, run_after=2020-08-01T00:00:00+00:00
[2022-09-28 17:55:52,019] {processor.py:161} INFO - Processing /opt/airflow/dags/transform_and_analysis.py took 0.099 seconds
