[2022-09-28 16:54:12,727] {processor.py:153} INFO - Started process (PID=173) to work on /home/airflow/.local/lib/python3.7/site-packages/airflow/example_dags/example_latest_only.py
[2022-09-28 16:54:12,734] {processor.py:641} INFO - Processing file /home/airflow/.local/lib/python3.7/site-packages/airflow/example_dags/example_latest_only.py for tasks to queue
[2022-09-28 16:54:12,742] {logging_mixin.py:115} INFO - [2022-09-28 16:54:12,741] {dagbag.py:508} INFO - Filling up the DagBag from /home/airflow/.local/lib/python3.7/site-packages/airflow/example_dags/example_latest_only.py
[2022-09-28 16:54:13,105] {processor.py:651} INFO - DAG(s) dict_keys(['latest_only']) retrieved from /home/airflow/.local/lib/python3.7/site-packages/airflow/example_dags/example_latest_only.py
[2022-09-28 16:54:13,152] {logging_mixin.py:115} INFO - [2022-09-28 16:54:13,152] {dag.py:2420} INFO - Sync 1 DAGs
[2022-09-28 16:54:13,233] {logging_mixin.py:115} INFO - [2022-09-28 16:54:13,232] {dag.py:2972} INFO - Setting next_dagrun for latest_only to 2022-09-28T12:54:13.232444+00:00, run_after=2022-09-28T16:54:13.232444+00:00
[2022-09-28 16:54:13,267] {processor.py:161} INFO - Processing /home/airflow/.local/lib/python3.7/site-packages/airflow/example_dags/example_latest_only.py took 0.585 seconds
[2022-09-28 16:54:44,196] {processor.py:153} INFO - Started process (PID=230) to work on /home/airflow/.local/lib/python3.7/site-packages/airflow/example_dags/example_latest_only.py
[2022-09-28 16:54:44,198] {processor.py:641} INFO - Processing file /home/airflow/.local/lib/python3.7/site-packages/airflow/example_dags/example_latest_only.py for tasks to queue
[2022-09-28 16:54:44,199] {logging_mixin.py:115} INFO - [2022-09-28 16:54:44,199] {dagbag.py:508} INFO - Filling up the DagBag from /home/airflow/.local/lib/python3.7/site-packages/airflow/example_dags/example_latest_only.py
[2022-09-28 16:54:44,389] {processor.py:651} INFO - DAG(s) dict_keys(['latest_only']) retrieved from /home/airflow/.local/lib/python3.7/site-packages/airflow/example_dags/example_latest_only.py
[2022-09-28 16:54:44,423] {logging_mixin.py:115} INFO - [2022-09-28 16:54:44,423] {dag.py:2420} INFO - Sync 1 DAGs
[2022-09-28 16:54:44,464] {logging_mixin.py:115} INFO - [2022-09-28 16:54:44,464] {dag.py:2972} INFO - Setting next_dagrun for latest_only to 2022-09-28T12:54:44.463835+00:00, run_after=2022-09-28T16:54:44.463835+00:00
[2022-09-28 16:54:44,484] {processor.py:161} INFO - Processing /home/airflow/.local/lib/python3.7/site-packages/airflow/example_dags/example_latest_only.py took 0.296 seconds
[2022-09-28 16:55:15,402] {processor.py:153} INFO - Started process (PID=295) to work on /home/airflow/.local/lib/python3.7/site-packages/airflow/example_dags/example_latest_only.py
[2022-09-28 16:55:15,406] {processor.py:641} INFO - Processing file /home/airflow/.local/lib/python3.7/site-packages/airflow/example_dags/example_latest_only.py for tasks to queue
[2022-09-28 16:55:15,416] {logging_mixin.py:115} INFO - [2022-09-28 16:55:15,416] {dagbag.py:508} INFO - Filling up the DagBag from /home/airflow/.local/lib/python3.7/site-packages/airflow/example_dags/example_latest_only.py
[2022-09-28 16:55:15,700] {processor.py:651} INFO - DAG(s) dict_keys(['latest_only']) retrieved from /home/airflow/.local/lib/python3.7/site-packages/airflow/example_dags/example_latest_only.py
[2022-09-28 16:55:15,763] {logging_mixin.py:115} INFO - [2022-09-28 16:55:15,762] {dag.py:2420} INFO - Sync 1 DAGs
[2022-09-28 16:55:15,862] {logging_mixin.py:115} INFO - [2022-09-28 16:55:15,862] {dag.py:2972} INFO - Setting next_dagrun for latest_only to 2022-09-28T12:55:15.862128+00:00, run_after=2022-09-28T16:55:15.862128+00:00
[2022-09-28 16:55:15,912] {processor.py:161} INFO - Processing /home/airflow/.local/lib/python3.7/site-packages/airflow/example_dags/example_latest_only.py took 0.513 seconds
[2022-09-28 16:55:46,354] {processor.py:153} INFO - Started process (PID=352) to work on /home/airflow/.local/lib/python3.7/site-packages/airflow/example_dags/example_latest_only.py
[2022-09-28 16:55:46,356] {processor.py:641} INFO - Processing file /home/airflow/.local/lib/python3.7/site-packages/airflow/example_dags/example_latest_only.py for tasks to queue
[2022-09-28 16:55:46,359] {logging_mixin.py:115} INFO - [2022-09-28 16:55:46,359] {dagbag.py:508} INFO - Filling up the DagBag from /home/airflow/.local/lib/python3.7/site-packages/airflow/example_dags/example_latest_only.py
[2022-09-28 16:55:46,542] {processor.py:651} INFO - DAG(s) dict_keys(['latest_only']) retrieved from /home/airflow/.local/lib/python3.7/site-packages/airflow/example_dags/example_latest_only.py
[2022-09-28 16:55:46,580] {logging_mixin.py:115} INFO - [2022-09-28 16:55:46,580] {dag.py:2420} INFO - Sync 1 DAGs
[2022-09-28 16:55:46,605] {logging_mixin.py:115} INFO - [2022-09-28 16:55:46,604] {dag.py:2972} INFO - Setting next_dagrun for latest_only to 2022-09-28T12:55:46.604719+00:00, run_after=2022-09-28T16:55:46.604719+00:00
[2022-09-28 16:55:46,621] {processor.py:161} INFO - Processing /home/airflow/.local/lib/python3.7/site-packages/airflow/example_dags/example_latest_only.py took 0.273 seconds
[2022-09-28 16:56:17,134] {processor.py:153} INFO - Started process (PID=418) to work on /home/airflow/.local/lib/python3.7/site-packages/airflow/example_dags/example_latest_only.py
[2022-09-28 16:56:17,139] {processor.py:641} INFO - Processing file /home/airflow/.local/lib/python3.7/site-packages/airflow/example_dags/example_latest_only.py for tasks to queue
[2022-09-28 16:56:17,144] {logging_mixin.py:115} INFO - [2022-09-28 16:56:17,144] {dagbag.py:508} INFO - Filling up the DagBag from /home/airflow/.local/lib/python3.7/site-packages/airflow/example_dags/example_latest_only.py
[2022-09-28 16:56:17,790] {processor.py:651} INFO - DAG(s) dict_keys(['latest_only']) retrieved from /home/airflow/.local/lib/python3.7/site-packages/airflow/example_dags/example_latest_only.py
[2022-09-28 16:56:17,943] {logging_mixin.py:115} INFO - [2022-09-28 16:56:17,930] {dag.py:2420} INFO - Sync 1 DAGs
[2022-09-28 16:56:18,188] {logging_mixin.py:115} INFO - [2022-09-28 16:56:18,188] {dag.py:2972} INFO - Setting next_dagrun for latest_only to 2022-09-28T12:56:18.183461+00:00, run_after=2022-09-28T16:56:18.183461+00:00
[2022-09-28 16:56:18,280] {processor.py:161} INFO - Processing /home/airflow/.local/lib/python3.7/site-packages/airflow/example_dags/example_latest_only.py took 1.150 seconds
[2022-09-28 16:56:48,474] {processor.py:153} INFO - Started process (PID=473) to work on /home/airflow/.local/lib/python3.7/site-packages/airflow/example_dags/example_latest_only.py
[2022-09-28 16:56:48,475] {processor.py:641} INFO - Processing file /home/airflow/.local/lib/python3.7/site-packages/airflow/example_dags/example_latest_only.py for tasks to queue
[2022-09-28 16:56:48,478] {logging_mixin.py:115} INFO - [2022-09-28 16:56:48,477] {dagbag.py:508} INFO - Filling up the DagBag from /home/airflow/.local/lib/python3.7/site-packages/airflow/example_dags/example_latest_only.py
[2022-09-28 16:56:48,740] {processor.py:651} INFO - DAG(s) dict_keys(['latest_only']) retrieved from /home/airflow/.local/lib/python3.7/site-packages/airflow/example_dags/example_latest_only.py
[2022-09-28 16:56:48,809] {logging_mixin.py:115} INFO - [2022-09-28 16:56:48,809] {dag.py:2420} INFO - Sync 1 DAGs
[2022-09-28 16:56:48,852] {logging_mixin.py:115} INFO - [2022-09-28 16:56:48,852] {dag.py:2972} INFO - Setting next_dagrun for latest_only to 2022-09-28T12:56:48.852159+00:00, run_after=2022-09-28T16:56:48.852159+00:00
[2022-09-28 16:56:48,872] {processor.py:161} INFO - Processing /home/airflow/.local/lib/python3.7/site-packages/airflow/example_dags/example_latest_only.py took 0.405 seconds
[2022-09-28 16:57:28,871] {processor.py:153} INFO - Started process (PID=529) to work on /home/airflow/.local/lib/python3.7/site-packages/airflow/example_dags/example_latest_only.py
[2022-09-28 16:57:28,873] {processor.py:641} INFO - Processing file /home/airflow/.local/lib/python3.7/site-packages/airflow/example_dags/example_latest_only.py for tasks to queue
[2022-09-28 16:57:28,874] {logging_mixin.py:115} INFO - [2022-09-28 16:57:28,874] {dagbag.py:508} INFO - Filling up the DagBag from /home/airflow/.local/lib/python3.7/site-packages/airflow/example_dags/example_latest_only.py
[2022-09-28 16:57:29,050] {processor.py:651} INFO - DAG(s) dict_keys(['latest_only']) retrieved from /home/airflow/.local/lib/python3.7/site-packages/airflow/example_dags/example_latest_only.py
[2022-09-28 16:57:29,090] {logging_mixin.py:115} INFO - [2022-09-28 16:57:29,088] {dag.py:2420} INFO - Sync 1 DAGs
[2022-09-28 16:57:29,120] {logging_mixin.py:115} INFO - [2022-09-28 16:57:29,120] {dag.py:2972} INFO - Setting next_dagrun for latest_only to 2022-09-28T12:57:29.119837+00:00, run_after=2022-09-28T16:57:29.119837+00:00
[2022-09-28 16:57:29,136] {processor.py:161} INFO - Processing /home/airflow/.local/lib/python3.7/site-packages/airflow/example_dags/example_latest_only.py took 0.269 seconds
[2022-09-28 16:58:05,496] {processor.py:153} INFO - Started process (PID=596) to work on /home/airflow/.local/lib/python3.7/site-packages/airflow/example_dags/example_latest_only.py
[2022-09-28 16:58:05,498] {processor.py:641} INFO - Processing file /home/airflow/.local/lib/python3.7/site-packages/airflow/example_dags/example_latest_only.py for tasks to queue
[2022-09-28 16:58:05,499] {logging_mixin.py:115} INFO - [2022-09-28 16:58:05,499] {dagbag.py:508} INFO - Filling up the DagBag from /home/airflow/.local/lib/python3.7/site-packages/airflow/example_dags/example_latest_only.py
[2022-09-28 16:58:05,678] {processor.py:651} INFO - DAG(s) dict_keys(['latest_only']) retrieved from /home/airflow/.local/lib/python3.7/site-packages/airflow/example_dags/example_latest_only.py
[2022-09-28 16:58:05,708] {logging_mixin.py:115} INFO - [2022-09-28 16:58:05,708] {dag.py:2420} INFO - Sync 1 DAGs
[2022-09-28 16:58:05,742] {logging_mixin.py:115} INFO - [2022-09-28 16:58:05,742] {dag.py:2972} INFO - Setting next_dagrun for latest_only to 2022-09-28T12:58:05.742352+00:00, run_after=2022-09-28T16:58:05.742352+00:00
[2022-09-28 16:58:05,759] {processor.py:161} INFO - Processing /home/airflow/.local/lib/python3.7/site-packages/airflow/example_dags/example_latest_only.py took 0.268 seconds
[2022-09-28 16:58:37,350] {processor.py:153} INFO - Started process (PID=650) to work on /home/airflow/.local/lib/python3.7/site-packages/airflow/example_dags/example_latest_only.py
[2022-09-28 16:58:37,353] {processor.py:641} INFO - Processing file /home/airflow/.local/lib/python3.7/site-packages/airflow/example_dags/example_latest_only.py for tasks to queue
[2022-09-28 16:58:37,356] {logging_mixin.py:115} INFO - [2022-09-28 16:58:37,356] {dagbag.py:508} INFO - Filling up the DagBag from /home/airflow/.local/lib/python3.7/site-packages/airflow/example_dags/example_latest_only.py
[2022-09-28 16:58:37,371] {processor.py:651} INFO - DAG(s) dict_keys(['latest_only']) retrieved from /home/airflow/.local/lib/python3.7/site-packages/airflow/example_dags/example_latest_only.py
[2022-09-28 16:58:37,410] {logging_mixin.py:115} INFO - [2022-09-28 16:58:37,410] {dag.py:2420} INFO - Sync 1 DAGs
[2022-09-28 16:58:37,454] {logging_mixin.py:115} INFO - [2022-09-28 16:58:37,454] {dag.py:2972} INFO - Setting next_dagrun for latest_only to 2022-09-28T12:58:37.454073+00:00, run_after=2022-09-28T16:58:37.454073+00:00
[2022-09-28 16:58:37,483] {processor.py:161} INFO - Processing /home/airflow/.local/lib/python3.7/site-packages/airflow/example_dags/example_latest_only.py took 0.140 seconds
[2022-09-28 16:59:07,632] {processor.py:153} INFO - Started process (PID=707) to work on /home/airflow/.local/lib/python3.7/site-packages/airflow/example_dags/example_latest_only.py
[2022-09-28 16:59:07,635] {processor.py:641} INFO - Processing file /home/airflow/.local/lib/python3.7/site-packages/airflow/example_dags/example_latest_only.py for tasks to queue
[2022-09-28 16:59:07,670] {logging_mixin.py:115} INFO - [2022-09-28 16:59:07,670] {dagbag.py:508} INFO - Filling up the DagBag from /home/airflow/.local/lib/python3.7/site-packages/airflow/example_dags/example_latest_only.py
[2022-09-28 16:59:07,685] {processor.py:651} INFO - DAG(s) dict_keys(['latest_only']) retrieved from /home/airflow/.local/lib/python3.7/site-packages/airflow/example_dags/example_latest_only.py
[2022-09-28 16:59:07,761] {logging_mixin.py:115} INFO - [2022-09-28 16:59:07,761] {dag.py:2420} INFO - Sync 1 DAGs
[2022-09-28 16:59:07,831] {logging_mixin.py:115} INFO - [2022-09-28 16:59:07,831] {dag.py:2972} INFO - Setting next_dagrun for latest_only to 2022-09-28T12:59:07.831179+00:00, run_after=2022-09-28T16:59:07.831179+00:00
[2022-09-28 16:59:07,886] {processor.py:161} INFO - Processing /home/airflow/.local/lib/python3.7/site-packages/airflow/example_dags/example_latest_only.py took 0.262 seconds
[2022-09-28 17:08:35,633] {processor.py:153} INFO - Started process (PID=152) to work on /home/airflow/.local/lib/python3.7/site-packages/airflow/example_dags/example_latest_only.py
[2022-09-28 17:08:35,641] {processor.py:641} INFO - Processing file /home/airflow/.local/lib/python3.7/site-packages/airflow/example_dags/example_latest_only.py for tasks to queue
[2022-09-28 17:08:35,643] {logging_mixin.py:115} INFO - [2022-09-28 17:08:35,643] {dagbag.py:508} INFO - Filling up the DagBag from /home/airflow/.local/lib/python3.7/site-packages/airflow/example_dags/example_latest_only.py
[2022-09-28 17:08:35,682] {processor.py:651} INFO - DAG(s) dict_keys(['latest_only']) retrieved from /home/airflow/.local/lib/python3.7/site-packages/airflow/example_dags/example_latest_only.py
[2022-09-28 17:08:36,054] {logging_mixin.py:115} INFO - [2022-09-28 17:08:36,054] {manager.py:508} INFO - Created Permission View: can read on DAG:latest_only
[2022-09-28 17:08:36,077] {logging_mixin.py:115} INFO - [2022-09-28 17:08:36,077] {manager.py:508} INFO - Created Permission View: can delete on DAG:latest_only
[2022-09-28 17:08:36,098] {logging_mixin.py:115} INFO - [2022-09-28 17:08:36,098] {manager.py:508} INFO - Created Permission View: can edit on DAG:latest_only
[2022-09-28 17:08:36,099] {logging_mixin.py:115} INFO - [2022-09-28 17:08:36,099] {dag.py:2420} INFO - Sync 1 DAGs
[2022-09-28 17:08:36,114] {logging_mixin.py:115} INFO - [2022-09-28 17:08:36,112] {dag.py:2439} INFO - Creating ORM DAG for latest_only
[2022-09-28 17:08:36,156] {logging_mixin.py:115} INFO - [2022-09-28 17:08:36,156] {dag.py:2972} INFO - Setting next_dagrun for latest_only to 2022-09-28T13:08:36.155641+00:00, run_after=2022-09-28T17:08:36.155641+00:00
[2022-09-28 17:08:36,182] {processor.py:161} INFO - Processing /home/airflow/.local/lib/python3.7/site-packages/airflow/example_dags/example_latest_only.py took 0.601 seconds
[2022-09-28 17:09:06,326] {processor.py:153} INFO - Started process (PID=207) to work on /home/airflow/.local/lib/python3.7/site-packages/airflow/example_dags/example_latest_only.py
[2022-09-28 17:09:06,328] {processor.py:641} INFO - Processing file /home/airflow/.local/lib/python3.7/site-packages/airflow/example_dags/example_latest_only.py for tasks to queue
[2022-09-28 17:09:06,330] {logging_mixin.py:115} INFO - [2022-09-28 17:09:06,330] {dagbag.py:508} INFO - Filling up the DagBag from /home/airflow/.local/lib/python3.7/site-packages/airflow/example_dags/example_latest_only.py
[2022-09-28 17:09:06,345] {processor.py:651} INFO - DAG(s) dict_keys(['latest_only']) retrieved from /home/airflow/.local/lib/python3.7/site-packages/airflow/example_dags/example_latest_only.py
[2022-09-28 17:09:06,552] {logging_mixin.py:115} INFO - [2022-09-28 17:09:06,552] {dag.py:2420} INFO - Sync 1 DAGs
[2022-09-28 17:09:06,592] {logging_mixin.py:115} INFO - [2022-09-28 17:09:06,592] {dag.py:2972} INFO - Setting next_dagrun for latest_only to 2022-09-28T13:09:06.591693+00:00, run_after=2022-09-28T17:09:06.591693+00:00
[2022-09-28 17:09:06,609] {processor.py:161} INFO - Processing /home/airflow/.local/lib/python3.7/site-packages/airflow/example_dags/example_latest_only.py took 0.296 seconds
[2022-09-28 17:09:36,728] {processor.py:153} INFO - Started process (PID=274) to work on /home/airflow/.local/lib/python3.7/site-packages/airflow/example_dags/example_latest_only.py
[2022-09-28 17:09:36,730] {processor.py:641} INFO - Processing file /home/airflow/.local/lib/python3.7/site-packages/airflow/example_dags/example_latest_only.py for tasks to queue
[2022-09-28 17:09:36,733] {logging_mixin.py:115} INFO - [2022-09-28 17:09:36,733] {dagbag.py:508} INFO - Filling up the DagBag from /home/airflow/.local/lib/python3.7/site-packages/airflow/example_dags/example_latest_only.py
[2022-09-28 17:09:36,741] {processor.py:651} INFO - DAG(s) dict_keys(['latest_only']) retrieved from /home/airflow/.local/lib/python3.7/site-packages/airflow/example_dags/example_latest_only.py
[2022-09-28 17:09:36,905] {logging_mixin.py:115} INFO - [2022-09-28 17:09:36,904] {dag.py:2420} INFO - Sync 1 DAGs
[2022-09-28 17:09:36,926] {logging_mixin.py:115} INFO - [2022-09-28 17:09:36,926] {dag.py:2972} INFO - Setting next_dagrun for latest_only to 2022-09-28T13:09:36.926451+00:00, run_after=2022-09-28T17:09:36.926451+00:00
[2022-09-28 17:09:36,940] {processor.py:161} INFO - Processing /home/airflow/.local/lib/python3.7/site-packages/airflow/example_dags/example_latest_only.py took 0.216 seconds
[2022-09-28 17:10:07,394] {processor.py:153} INFO - Started process (PID=342) to work on /home/airflow/.local/lib/python3.7/site-packages/airflow/example_dags/example_latest_only.py
[2022-09-28 17:10:07,396] {processor.py:641} INFO - Processing file /home/airflow/.local/lib/python3.7/site-packages/airflow/example_dags/example_latest_only.py for tasks to queue
[2022-09-28 17:10:07,398] {logging_mixin.py:115} INFO - [2022-09-28 17:10:07,398] {dagbag.py:508} INFO - Filling up the DagBag from /home/airflow/.local/lib/python3.7/site-packages/airflow/example_dags/example_latest_only.py
[2022-09-28 17:10:07,405] {processor.py:651} INFO - DAG(s) dict_keys(['latest_only']) retrieved from /home/airflow/.local/lib/python3.7/site-packages/airflow/example_dags/example_latest_only.py
[2022-09-28 17:10:07,575] {logging_mixin.py:115} INFO - [2022-09-28 17:10:07,575] {dag.py:2420} INFO - Sync 1 DAGs
[2022-09-28 17:10:07,602] {logging_mixin.py:115} INFO - [2022-09-28 17:10:07,602] {dag.py:2972} INFO - Setting next_dagrun for latest_only to 2022-09-28T13:10:07.602132+00:00, run_after=2022-09-28T17:10:07.602132+00:00
[2022-09-28 17:10:07,621] {processor.py:161} INFO - Processing /home/airflow/.local/lib/python3.7/site-packages/airflow/example_dags/example_latest_only.py took 0.232 seconds
[2022-09-28 17:10:38,312] {processor.py:153} INFO - Started process (PID=398) to work on /home/airflow/.local/lib/python3.7/site-packages/airflow/example_dags/example_latest_only.py
[2022-09-28 17:10:38,313] {processor.py:641} INFO - Processing file /home/airflow/.local/lib/python3.7/site-packages/airflow/example_dags/example_latest_only.py for tasks to queue
[2022-09-28 17:10:38,315] {logging_mixin.py:115} INFO - [2022-09-28 17:10:38,315] {dagbag.py:508} INFO - Filling up the DagBag from /home/airflow/.local/lib/python3.7/site-packages/airflow/example_dags/example_latest_only.py
[2022-09-28 17:10:38,324] {processor.py:651} INFO - DAG(s) dict_keys(['latest_only']) retrieved from /home/airflow/.local/lib/python3.7/site-packages/airflow/example_dags/example_latest_only.py
[2022-09-28 17:10:38,552] {logging_mixin.py:115} INFO - [2022-09-28 17:10:38,552] {dag.py:2420} INFO - Sync 1 DAGs
[2022-09-28 17:10:38,584] {logging_mixin.py:115} INFO - [2022-09-28 17:10:38,584] {dag.py:2972} INFO - Setting next_dagrun for latest_only to 2022-09-28T13:10:38.584232+00:00, run_after=2022-09-28T17:10:38.584232+00:00
[2022-09-28 17:10:38,628] {processor.py:161} INFO - Processing /home/airflow/.local/lib/python3.7/site-packages/airflow/example_dags/example_latest_only.py took 0.322 seconds
[2022-09-28 17:11:09,511] {processor.py:153} INFO - Started process (PID=464) to work on /home/airflow/.local/lib/python3.7/site-packages/airflow/example_dags/example_latest_only.py
[2022-09-28 17:11:09,514] {processor.py:641} INFO - Processing file /home/airflow/.local/lib/python3.7/site-packages/airflow/example_dags/example_latest_only.py for tasks to queue
[2022-09-28 17:11:09,516] {logging_mixin.py:115} INFO - [2022-09-28 17:11:09,516] {dagbag.py:508} INFO - Filling up the DagBag from /home/airflow/.local/lib/python3.7/site-packages/airflow/example_dags/example_latest_only.py
[2022-09-28 17:11:09,533] {processor.py:651} INFO - DAG(s) dict_keys(['latest_only']) retrieved from /home/airflow/.local/lib/python3.7/site-packages/airflow/example_dags/example_latest_only.py
[2022-09-28 17:11:09,807] {logging_mixin.py:115} INFO - [2022-09-28 17:11:09,807] {dag.py:2420} INFO - Sync 1 DAGs
[2022-09-28 17:11:09,836] {logging_mixin.py:115} INFO - [2022-09-28 17:11:09,836] {dag.py:2972} INFO - Setting next_dagrun for latest_only to 2022-09-28T13:11:09.836052+00:00, run_after=2022-09-28T17:11:09.836052+00:00
[2022-09-28 17:11:09,855] {processor.py:161} INFO - Processing /home/airflow/.local/lib/python3.7/site-packages/airflow/example_dags/example_latest_only.py took 0.351 seconds
[2022-09-28 17:11:40,538] {processor.py:153} INFO - Started process (PID=530) to work on /home/airflow/.local/lib/python3.7/site-packages/airflow/example_dags/example_latest_only.py
[2022-09-28 17:11:40,540] {processor.py:641} INFO - Processing file /home/airflow/.local/lib/python3.7/site-packages/airflow/example_dags/example_latest_only.py for tasks to queue
[2022-09-28 17:11:40,542] {logging_mixin.py:115} INFO - [2022-09-28 17:11:40,542] {dagbag.py:508} INFO - Filling up the DagBag from /home/airflow/.local/lib/python3.7/site-packages/airflow/example_dags/example_latest_only.py
[2022-09-28 17:11:40,553] {processor.py:651} INFO - DAG(s) dict_keys(['latest_only']) retrieved from /home/airflow/.local/lib/python3.7/site-packages/airflow/example_dags/example_latest_only.py
[2022-09-28 17:11:40,776] {logging_mixin.py:115} INFO - [2022-09-28 17:11:40,776] {dag.py:2420} INFO - Sync 1 DAGs
[2022-09-28 17:11:40,811] {logging_mixin.py:115} INFO - [2022-09-28 17:11:40,810] {dag.py:2972} INFO - Setting next_dagrun for latest_only to 2022-09-28T13:11:40.810540+00:00, run_after=2022-09-28T17:11:40.810540+00:00
[2022-09-28 17:11:40,834] {processor.py:161} INFO - Processing /home/airflow/.local/lib/python3.7/site-packages/airflow/example_dags/example_latest_only.py took 0.301 seconds
[2022-09-28 17:12:10,964] {processor.py:153} INFO - Started process (PID=586) to work on /home/airflow/.local/lib/python3.7/site-packages/airflow/example_dags/example_latest_only.py
[2022-09-28 17:12:10,966] {processor.py:641} INFO - Processing file /home/airflow/.local/lib/python3.7/site-packages/airflow/example_dags/example_latest_only.py for tasks to queue
[2022-09-28 17:12:10,967] {logging_mixin.py:115} INFO - [2022-09-28 17:12:10,967] {dagbag.py:508} INFO - Filling up the DagBag from /home/airflow/.local/lib/python3.7/site-packages/airflow/example_dags/example_latest_only.py
[2022-09-28 17:12:10,977] {processor.py:651} INFO - DAG(s) dict_keys(['latest_only']) retrieved from /home/airflow/.local/lib/python3.7/site-packages/airflow/example_dags/example_latest_only.py
[2022-09-28 17:12:11,150] {logging_mixin.py:115} INFO - [2022-09-28 17:12:11,150] {dag.py:2420} INFO - Sync 1 DAGs
[2022-09-28 17:12:11,174] {logging_mixin.py:115} INFO - [2022-09-28 17:12:11,174] {dag.py:2972} INFO - Setting next_dagrun for latest_only to 2022-09-28T13:12:11.173772+00:00, run_after=2022-09-28T17:12:11.173772+00:00
[2022-09-28 17:12:11,189] {processor.py:161} INFO - Processing /home/airflow/.local/lib/python3.7/site-packages/airflow/example_dags/example_latest_only.py took 0.233 seconds
[2022-09-28 17:12:41,962] {processor.py:153} INFO - Started process (PID=652) to work on /home/airflow/.local/lib/python3.7/site-packages/airflow/example_dags/example_latest_only.py
[2022-09-28 17:12:41,963] {processor.py:641} INFO - Processing file /home/airflow/.local/lib/python3.7/site-packages/airflow/example_dags/example_latest_only.py for tasks to queue
[2022-09-28 17:12:41,965] {logging_mixin.py:115} INFO - [2022-09-28 17:12:41,965] {dagbag.py:508} INFO - Filling up the DagBag from /home/airflow/.local/lib/python3.7/site-packages/airflow/example_dags/example_latest_only.py
[2022-09-28 17:12:41,972] {processor.py:651} INFO - DAG(s) dict_keys(['latest_only']) retrieved from /home/airflow/.local/lib/python3.7/site-packages/airflow/example_dags/example_latest_only.py
[2022-09-28 17:12:42,145] {logging_mixin.py:115} INFO - [2022-09-28 17:12:42,145] {dag.py:2420} INFO - Sync 1 DAGs
[2022-09-28 17:12:42,169] {logging_mixin.py:115} INFO - [2022-09-28 17:12:42,169] {dag.py:2972} INFO - Setting next_dagrun for latest_only to 2022-09-28T13:12:42.169075+00:00, run_after=2022-09-28T17:12:42.169075+00:00
[2022-09-28 17:12:42,186] {processor.py:161} INFO - Processing /home/airflow/.local/lib/python3.7/site-packages/airflow/example_dags/example_latest_only.py took 0.229 seconds
[2022-09-28 17:13:12,437] {processor.py:153} INFO - Started process (PID=715) to work on /home/airflow/.local/lib/python3.7/site-packages/airflow/example_dags/example_latest_only.py
[2022-09-28 17:13:12,438] {processor.py:641} INFO - Processing file /home/airflow/.local/lib/python3.7/site-packages/airflow/example_dags/example_latest_only.py for tasks to queue
[2022-09-28 17:13:12,440] {logging_mixin.py:115} INFO - [2022-09-28 17:13:12,440] {dagbag.py:508} INFO - Filling up the DagBag from /home/airflow/.local/lib/python3.7/site-packages/airflow/example_dags/example_latest_only.py
[2022-09-28 17:13:12,448] {processor.py:651} INFO - DAG(s) dict_keys(['latest_only']) retrieved from /home/airflow/.local/lib/python3.7/site-packages/airflow/example_dags/example_latest_only.py
[2022-09-28 17:13:12,634] {logging_mixin.py:115} INFO - [2022-09-28 17:13:12,634] {dag.py:2420} INFO - Sync 1 DAGs
[2022-09-28 17:13:12,663] {logging_mixin.py:115} INFO - [2022-09-28 17:13:12,663] {dag.py:2972} INFO - Setting next_dagrun for latest_only to 2022-09-28T13:13:12.663494+00:00, run_after=2022-09-28T17:13:12.663494+00:00
[2022-09-28 17:13:12,693] {processor.py:161} INFO - Processing /home/airflow/.local/lib/python3.7/site-packages/airflow/example_dags/example_latest_only.py took 0.263 seconds
[2022-09-28 17:13:42,947] {processor.py:153} INFO - Started process (PID=769) to work on /home/airflow/.local/lib/python3.7/site-packages/airflow/example_dags/example_latest_only.py
[2022-09-28 17:13:42,949] {processor.py:641} INFO - Processing file /home/airflow/.local/lib/python3.7/site-packages/airflow/example_dags/example_latest_only.py for tasks to queue
[2022-09-28 17:13:42,951] {logging_mixin.py:115} INFO - [2022-09-28 17:13:42,951] {dagbag.py:508} INFO - Filling up the DagBag from /home/airflow/.local/lib/python3.7/site-packages/airflow/example_dags/example_latest_only.py
[2022-09-28 17:13:42,966] {processor.py:651} INFO - DAG(s) dict_keys(['latest_only']) retrieved from /home/airflow/.local/lib/python3.7/site-packages/airflow/example_dags/example_latest_only.py
[2022-09-28 17:13:43,002] {logging_mixin.py:115} INFO - [2022-09-28 17:13:43,002] {dag.py:2420} INFO - Sync 1 DAGs
[2022-09-28 17:13:43,029] {logging_mixin.py:115} INFO - [2022-09-28 17:13:43,029] {dag.py:2972} INFO - Setting next_dagrun for latest_only to 2022-09-28T13:13:43.029349+00:00, run_after=2022-09-28T17:13:43.029349+00:00
[2022-09-28 17:13:43,048] {processor.py:161} INFO - Processing /home/airflow/.local/lib/python3.7/site-packages/airflow/example_dags/example_latest_only.py took 0.106 seconds
[2022-09-28 17:14:13,966] {processor.py:153} INFO - Started process (PID=835) to work on /home/airflow/.local/lib/python3.7/site-packages/airflow/example_dags/example_latest_only.py
[2022-09-28 17:14:13,967] {processor.py:641} INFO - Processing file /home/airflow/.local/lib/python3.7/site-packages/airflow/example_dags/example_latest_only.py for tasks to queue
[2022-09-28 17:14:13,969] {logging_mixin.py:115} INFO - [2022-09-28 17:14:13,969] {dagbag.py:508} INFO - Filling up the DagBag from /home/airflow/.local/lib/python3.7/site-packages/airflow/example_dags/example_latest_only.py
[2022-09-28 17:14:13,983] {processor.py:651} INFO - DAG(s) dict_keys(['latest_only']) retrieved from /home/airflow/.local/lib/python3.7/site-packages/airflow/example_dags/example_latest_only.py
[2022-09-28 17:14:14,025] {logging_mixin.py:115} INFO - [2022-09-28 17:14:14,025] {dag.py:2420} INFO - Sync 1 DAGs
[2022-09-28 17:14:14,060] {logging_mixin.py:115} INFO - [2022-09-28 17:14:14,060] {dag.py:2972} INFO - Setting next_dagrun for latest_only to 2022-09-28T13:14:14.060358+00:00, run_after=2022-09-28T17:14:14.060358+00:00
[2022-09-28 17:14:14,083] {processor.py:161} INFO - Processing /home/airflow/.local/lib/python3.7/site-packages/airflow/example_dags/example_latest_only.py took 0.123 seconds
[2022-09-28 17:14:44,692] {processor.py:153} INFO - Started process (PID=890) to work on /home/airflow/.local/lib/python3.7/site-packages/airflow/example_dags/example_latest_only.py
[2022-09-28 17:14:44,693] {processor.py:641} INFO - Processing file /home/airflow/.local/lib/python3.7/site-packages/airflow/example_dags/example_latest_only.py for tasks to queue
[2022-09-28 17:14:44,696] {logging_mixin.py:115} INFO - [2022-09-28 17:14:44,695] {dagbag.py:508} INFO - Filling up the DagBag from /home/airflow/.local/lib/python3.7/site-packages/airflow/example_dags/example_latest_only.py
[2022-09-28 17:14:44,710] {processor.py:651} INFO - DAG(s) dict_keys(['latest_only']) retrieved from /home/airflow/.local/lib/python3.7/site-packages/airflow/example_dags/example_latest_only.py
[2022-09-28 17:14:44,750] {logging_mixin.py:115} INFO - [2022-09-28 17:14:44,749] {dag.py:2420} INFO - Sync 1 DAGs
[2022-09-28 17:14:44,784] {logging_mixin.py:115} INFO - [2022-09-28 17:14:44,784] {dag.py:2972} INFO - Setting next_dagrun for latest_only to 2022-09-28T13:14:44.783692+00:00, run_after=2022-09-28T17:14:44.783692+00:00
[2022-09-28 17:14:44,805] {processor.py:161} INFO - Processing /home/airflow/.local/lib/python3.7/site-packages/airflow/example_dags/example_latest_only.py took 0.119 seconds
[2022-09-28 17:15:15,171] {processor.py:153} INFO - Started process (PID=957) to work on /home/airflow/.local/lib/python3.7/site-packages/airflow/example_dags/example_latest_only.py
[2022-09-28 17:15:15,173] {processor.py:641} INFO - Processing file /home/airflow/.local/lib/python3.7/site-packages/airflow/example_dags/example_latest_only.py for tasks to queue
[2022-09-28 17:15:15,174] {logging_mixin.py:115} INFO - [2022-09-28 17:15:15,174] {dagbag.py:508} INFO - Filling up the DagBag from /home/airflow/.local/lib/python3.7/site-packages/airflow/example_dags/example_latest_only.py
[2022-09-28 17:15:15,184] {processor.py:651} INFO - DAG(s) dict_keys(['latest_only']) retrieved from /home/airflow/.local/lib/python3.7/site-packages/airflow/example_dags/example_latest_only.py
[2022-09-28 17:15:15,225] {logging_mixin.py:115} INFO - [2022-09-28 17:15:15,225] {dag.py:2420} INFO - Sync 1 DAGs
[2022-09-28 17:15:15,255] {logging_mixin.py:115} INFO - [2022-09-28 17:15:15,255] {dag.py:2972} INFO - Setting next_dagrun for latest_only to 2022-09-28T13:15:15.255035+00:00, run_after=2022-09-28T17:15:15.255035+00:00
[2022-09-28 17:15:15,271] {processor.py:161} INFO - Processing /home/airflow/.local/lib/python3.7/site-packages/airflow/example_dags/example_latest_only.py took 0.104 seconds
[2022-09-28 17:15:45,609] {processor.py:153} INFO - Started process (PID=1022) to work on /home/airflow/.local/lib/python3.7/site-packages/airflow/example_dags/example_latest_only.py
[2022-09-28 17:15:45,614] {processor.py:641} INFO - Processing file /home/airflow/.local/lib/python3.7/site-packages/airflow/example_dags/example_latest_only.py for tasks to queue
[2022-09-28 17:15:45,617] {logging_mixin.py:115} INFO - [2022-09-28 17:15:45,616] {dagbag.py:508} INFO - Filling up the DagBag from /home/airflow/.local/lib/python3.7/site-packages/airflow/example_dags/example_latest_only.py
[2022-09-28 17:15:45,633] {processor.py:651} INFO - DAG(s) dict_keys(['latest_only']) retrieved from /home/airflow/.local/lib/python3.7/site-packages/airflow/example_dags/example_latest_only.py
[2022-09-28 17:15:45,692] {logging_mixin.py:115} INFO - [2022-09-28 17:15:45,692] {dag.py:2420} INFO - Sync 1 DAGs
[2022-09-28 17:15:45,736] {logging_mixin.py:115} INFO - [2022-09-28 17:15:45,736] {dag.py:2972} INFO - Setting next_dagrun for latest_only to 2022-09-28T13:15:45.735907+00:00, run_after=2022-09-28T17:15:45.735907+00:00
[2022-09-28 17:15:45,760] {processor.py:161} INFO - Processing /home/airflow/.local/lib/python3.7/site-packages/airflow/example_dags/example_latest_only.py took 0.159 seconds
[2022-09-28 17:16:15,856] {processor.py:153} INFO - Started process (PID=1077) to work on /home/airflow/.local/lib/python3.7/site-packages/airflow/example_dags/example_latest_only.py
[2022-09-28 17:16:15,858] {processor.py:641} INFO - Processing file /home/airflow/.local/lib/python3.7/site-packages/airflow/example_dags/example_latest_only.py for tasks to queue
[2022-09-28 17:16:15,862] {logging_mixin.py:115} INFO - [2022-09-28 17:16:15,862] {dagbag.py:508} INFO - Filling up the DagBag from /home/airflow/.local/lib/python3.7/site-packages/airflow/example_dags/example_latest_only.py
[2022-09-28 17:16:15,877] {processor.py:651} INFO - DAG(s) dict_keys(['latest_only']) retrieved from /home/airflow/.local/lib/python3.7/site-packages/airflow/example_dags/example_latest_only.py
[2022-09-28 17:16:15,938] {logging_mixin.py:115} INFO - [2022-09-28 17:16:15,938] {dag.py:2420} INFO - Sync 1 DAGs
[2022-09-28 17:16:15,988] {logging_mixin.py:115} INFO - [2022-09-28 17:16:15,988] {dag.py:2972} INFO - Setting next_dagrun for latest_only to 2022-09-28T13:16:15.988091+00:00, run_after=2022-09-28T17:16:15.988091+00:00
[2022-09-28 17:16:16,013] {processor.py:161} INFO - Processing /home/airflow/.local/lib/python3.7/site-packages/airflow/example_dags/example_latest_only.py took 0.170 seconds
[2022-09-28 17:16:46,127] {processor.py:153} INFO - Started process (PID=1142) to work on /home/airflow/.local/lib/python3.7/site-packages/airflow/example_dags/example_latest_only.py
[2022-09-28 17:16:46,129] {processor.py:641} INFO - Processing file /home/airflow/.local/lib/python3.7/site-packages/airflow/example_dags/example_latest_only.py for tasks to queue
[2022-09-28 17:16:46,131] {logging_mixin.py:115} INFO - [2022-09-28 17:16:46,131] {dagbag.py:508} INFO - Filling up the DagBag from /home/airflow/.local/lib/python3.7/site-packages/airflow/example_dags/example_latest_only.py
[2022-09-28 17:16:46,138] {processor.py:651} INFO - DAG(s) dict_keys(['latest_only']) retrieved from /home/airflow/.local/lib/python3.7/site-packages/airflow/example_dags/example_latest_only.py
[2022-09-28 17:16:46,186] {logging_mixin.py:115} INFO - [2022-09-28 17:16:46,185] {dag.py:2420} INFO - Sync 1 DAGs
[2022-09-28 17:16:46,226] {logging_mixin.py:115} INFO - [2022-09-28 17:16:46,225] {dag.py:2972} INFO - Setting next_dagrun for latest_only to 2022-09-28T13:16:46.225572+00:00, run_after=2022-09-28T17:16:46.225572+00:00
[2022-09-28 17:16:46,243] {processor.py:161} INFO - Processing /home/airflow/.local/lib/python3.7/site-packages/airflow/example_dags/example_latest_only.py took 0.120 seconds
[2022-09-28 17:17:17,109] {processor.py:153} INFO - Started process (PID=1209) to work on /home/airflow/.local/lib/python3.7/site-packages/airflow/example_dags/example_latest_only.py
[2022-09-28 17:17:17,111] {processor.py:641} INFO - Processing file /home/airflow/.local/lib/python3.7/site-packages/airflow/example_dags/example_latest_only.py for tasks to queue
[2022-09-28 17:17:17,112] {logging_mixin.py:115} INFO - [2022-09-28 17:17:17,112] {dagbag.py:508} INFO - Filling up the DagBag from /home/airflow/.local/lib/python3.7/site-packages/airflow/example_dags/example_latest_only.py
[2022-09-28 17:17:17,120] {processor.py:651} INFO - DAG(s) dict_keys(['latest_only']) retrieved from /home/airflow/.local/lib/python3.7/site-packages/airflow/example_dags/example_latest_only.py
[2022-09-28 17:17:17,156] {logging_mixin.py:115} INFO - [2022-09-28 17:17:17,156] {dag.py:2420} INFO - Sync 1 DAGs
[2022-09-28 17:17:17,188] {logging_mixin.py:115} INFO - [2022-09-28 17:17:17,188] {dag.py:2972} INFO - Setting next_dagrun for latest_only to 2022-09-28T13:17:17.188416+00:00, run_after=2022-09-28T17:17:17.188416+00:00
[2022-09-28 17:17:17,213] {processor.py:161} INFO - Processing /home/airflow/.local/lib/python3.7/site-packages/airflow/example_dags/example_latest_only.py took 0.108 seconds
[2022-09-28 17:17:47,908] {processor.py:153} INFO - Started process (PID=1266) to work on /home/airflow/.local/lib/python3.7/site-packages/airflow/example_dags/example_latest_only.py
[2022-09-28 17:17:47,910] {processor.py:641} INFO - Processing file /home/airflow/.local/lib/python3.7/site-packages/airflow/example_dags/example_latest_only.py for tasks to queue
[2022-09-28 17:17:47,911] {logging_mixin.py:115} INFO - [2022-09-28 17:17:47,911] {dagbag.py:508} INFO - Filling up the DagBag from /home/airflow/.local/lib/python3.7/site-packages/airflow/example_dags/example_latest_only.py
[2022-09-28 17:17:47,919] {processor.py:651} INFO - DAG(s) dict_keys(['latest_only']) retrieved from /home/airflow/.local/lib/python3.7/site-packages/airflow/example_dags/example_latest_only.py
[2022-09-28 17:17:47,954] {logging_mixin.py:115} INFO - [2022-09-28 17:17:47,954] {dag.py:2420} INFO - Sync 1 DAGs
[2022-09-28 17:17:47,983] {logging_mixin.py:115} INFO - [2022-09-28 17:17:47,983] {dag.py:2972} INFO - Setting next_dagrun for latest_only to 2022-09-28T13:17:47.983188+00:00, run_after=2022-09-28T17:17:47.983188+00:00
[2022-09-28 17:17:48,003] {processor.py:161} INFO - Processing /home/airflow/.local/lib/python3.7/site-packages/airflow/example_dags/example_latest_only.py took 0.100 seconds
[2022-09-28 17:18:20,141] {processor.py:153} INFO - Started process (PID=1332) to work on /home/airflow/.local/lib/python3.7/site-packages/airflow/example_dags/example_latest_only.py
[2022-09-28 17:18:20,143] {processor.py:641} INFO - Processing file /home/airflow/.local/lib/python3.7/site-packages/airflow/example_dags/example_latest_only.py for tasks to queue
[2022-09-28 17:18:20,145] {logging_mixin.py:115} INFO - [2022-09-28 17:18:20,145] {dagbag.py:508} INFO - Filling up the DagBag from /home/airflow/.local/lib/python3.7/site-packages/airflow/example_dags/example_latest_only.py
[2022-09-28 17:18:20,167] {processor.py:651} INFO - DAG(s) dict_keys(['latest_only']) retrieved from /home/airflow/.local/lib/python3.7/site-packages/airflow/example_dags/example_latest_only.py
[2022-09-28 17:18:20,238] {logging_mixin.py:115} INFO - [2022-09-28 17:18:20,238] {dag.py:2420} INFO - Sync 1 DAGs
[2022-09-28 17:18:20,385] {logging_mixin.py:115} INFO - [2022-09-28 17:18:20,384] {dag.py:2972} INFO - Setting next_dagrun for latest_only to 2022-09-28T13:18:20.381603+00:00, run_after=2022-09-28T17:18:20.381603+00:00
[2022-09-28 17:18:20,497] {processor.py:161} INFO - Processing /home/airflow/.local/lib/python3.7/site-packages/airflow/example_dags/example_latest_only.py took 0.364 seconds
[2022-09-28 17:18:50,908] {processor.py:153} INFO - Started process (PID=1387) to work on /home/airflow/.local/lib/python3.7/site-packages/airflow/example_dags/example_latest_only.py
[2022-09-28 17:18:50,910] {processor.py:641} INFO - Processing file /home/airflow/.local/lib/python3.7/site-packages/airflow/example_dags/example_latest_only.py for tasks to queue
[2022-09-28 17:18:50,911] {logging_mixin.py:115} INFO - [2022-09-28 17:18:50,911] {dagbag.py:508} INFO - Filling up the DagBag from /home/airflow/.local/lib/python3.7/site-packages/airflow/example_dags/example_latest_only.py
[2022-09-28 17:18:50,921] {processor.py:651} INFO - DAG(s) dict_keys(['latest_only']) retrieved from /home/airflow/.local/lib/python3.7/site-packages/airflow/example_dags/example_latest_only.py
[2022-09-28 17:18:50,963] {logging_mixin.py:115} INFO - [2022-09-28 17:18:50,963] {dag.py:2420} INFO - Sync 1 DAGs
[2022-09-28 17:18:50,995] {logging_mixin.py:115} INFO - [2022-09-28 17:18:50,995] {dag.py:2972} INFO - Setting next_dagrun for latest_only to 2022-09-28T13:18:50.995231+00:00, run_after=2022-09-28T17:18:50.995231+00:00
[2022-09-28 17:18:51,014] {processor.py:161} INFO - Processing /home/airflow/.local/lib/python3.7/site-packages/airflow/example_dags/example_latest_only.py took 0.109 seconds
[2022-09-28 17:19:21,505] {processor.py:153} INFO - Started process (PID=1453) to work on /home/airflow/.local/lib/python3.7/site-packages/airflow/example_dags/example_latest_only.py
[2022-09-28 17:19:21,506] {processor.py:641} INFO - Processing file /home/airflow/.local/lib/python3.7/site-packages/airflow/example_dags/example_latest_only.py for tasks to queue
[2022-09-28 17:19:21,508] {logging_mixin.py:115} INFO - [2022-09-28 17:19:21,508] {dagbag.py:508} INFO - Filling up the DagBag from /home/airflow/.local/lib/python3.7/site-packages/airflow/example_dags/example_latest_only.py
[2022-09-28 17:19:21,515] {processor.py:651} INFO - DAG(s) dict_keys(['latest_only']) retrieved from /home/airflow/.local/lib/python3.7/site-packages/airflow/example_dags/example_latest_only.py
[2022-09-28 17:19:21,556] {logging_mixin.py:115} INFO - [2022-09-28 17:19:21,555] {dag.py:2420} INFO - Sync 1 DAGs
[2022-09-28 17:19:21,586] {logging_mixin.py:115} INFO - [2022-09-28 17:19:21,586] {dag.py:2972} INFO - Setting next_dagrun for latest_only to 2022-09-28T13:19:21.586282+00:00, run_after=2022-09-28T17:19:21.586282+00:00
[2022-09-28 17:19:21,603] {processor.py:161} INFO - Processing /home/airflow/.local/lib/python3.7/site-packages/airflow/example_dags/example_latest_only.py took 0.102 seconds
[2022-09-28 17:19:51,834] {processor.py:153} INFO - Started process (PID=1508) to work on /home/airflow/.local/lib/python3.7/site-packages/airflow/example_dags/example_latest_only.py
[2022-09-28 17:19:51,837] {processor.py:641} INFO - Processing file /home/airflow/.local/lib/python3.7/site-packages/airflow/example_dags/example_latest_only.py for tasks to queue
[2022-09-28 17:19:51,840] {logging_mixin.py:115} INFO - [2022-09-28 17:19:51,839] {dagbag.py:508} INFO - Filling up the DagBag from /home/airflow/.local/lib/python3.7/site-packages/airflow/example_dags/example_latest_only.py
[2022-09-28 17:19:51,855] {processor.py:651} INFO - DAG(s) dict_keys(['latest_only']) retrieved from /home/airflow/.local/lib/python3.7/site-packages/airflow/example_dags/example_latest_only.py
[2022-09-28 17:19:51,925] {logging_mixin.py:115} INFO - [2022-09-28 17:19:51,925] {dag.py:2420} INFO - Sync 1 DAGs
[2022-09-28 17:19:51,969] {logging_mixin.py:115} INFO - [2022-09-28 17:19:51,969] {dag.py:2972} INFO - Setting next_dagrun for latest_only to 2022-09-28T13:19:51.969466+00:00, run_after=2022-09-28T17:19:51.969466+00:00
[2022-09-28 17:19:51,998] {processor.py:161} INFO - Processing /home/airflow/.local/lib/python3.7/site-packages/airflow/example_dags/example_latest_only.py took 0.174 seconds
[2022-09-28 17:20:22,112] {processor.py:153} INFO - Started process (PID=1572) to work on /home/airflow/.local/lib/python3.7/site-packages/airflow/example_dags/example_latest_only.py
[2022-09-28 17:20:22,114] {processor.py:641} INFO - Processing file /home/airflow/.local/lib/python3.7/site-packages/airflow/example_dags/example_latest_only.py for tasks to queue
[2022-09-28 17:20:22,115] {logging_mixin.py:115} INFO - [2022-09-28 17:20:22,115] {dagbag.py:508} INFO - Filling up the DagBag from /home/airflow/.local/lib/python3.7/site-packages/airflow/example_dags/example_latest_only.py
[2022-09-28 17:20:22,127] {processor.py:651} INFO - DAG(s) dict_keys(['latest_only']) retrieved from /home/airflow/.local/lib/python3.7/site-packages/airflow/example_dags/example_latest_only.py
[2022-09-28 17:20:22,162] {logging_mixin.py:115} INFO - [2022-09-28 17:20:22,162] {dag.py:2420} INFO - Sync 1 DAGs
[2022-09-28 17:20:22,190] {logging_mixin.py:115} INFO - [2022-09-28 17:20:22,190] {dag.py:2972} INFO - Setting next_dagrun for latest_only to 2022-09-28T13:20:22.189605+00:00, run_after=2022-09-28T17:20:22.189605+00:00
[2022-09-28 17:20:22,207] {processor.py:161} INFO - Processing /home/airflow/.local/lib/python3.7/site-packages/airflow/example_dags/example_latest_only.py took 0.101 seconds
[2022-09-28 17:20:53,053] {processor.py:153} INFO - Started process (PID=1630) to work on /home/airflow/.local/lib/python3.7/site-packages/airflow/example_dags/example_latest_only.py
[2022-09-28 17:20:53,056] {processor.py:641} INFO - Processing file /home/airflow/.local/lib/python3.7/site-packages/airflow/example_dags/example_latest_only.py for tasks to queue
[2022-09-28 17:20:53,060] {logging_mixin.py:115} INFO - [2022-09-28 17:20:53,059] {dagbag.py:508} INFO - Filling up the DagBag from /home/airflow/.local/lib/python3.7/site-packages/airflow/example_dags/example_latest_only.py
[2022-09-28 17:20:53,081] {processor.py:651} INFO - DAG(s) dict_keys(['latest_only']) retrieved from /home/airflow/.local/lib/python3.7/site-packages/airflow/example_dags/example_latest_only.py
[2022-09-28 17:20:53,130] {logging_mixin.py:115} INFO - [2022-09-28 17:20:53,130] {dag.py:2420} INFO - Sync 1 DAGs
[2022-09-28 17:20:53,183] {logging_mixin.py:115} INFO - [2022-09-28 17:20:53,183] {dag.py:2972} INFO - Setting next_dagrun for latest_only to 2022-09-28T13:20:53.182992+00:00, run_after=2022-09-28T17:20:53.182992+00:00
[2022-09-28 17:20:53,213] {processor.py:161} INFO - Processing /home/airflow/.local/lib/python3.7/site-packages/airflow/example_dags/example_latest_only.py took 0.169 seconds
[2022-09-28 17:21:23,569] {processor.py:153} INFO - Started process (PID=1695) to work on /home/airflow/.local/lib/python3.7/site-packages/airflow/example_dags/example_latest_only.py
[2022-09-28 17:21:23,571] {processor.py:641} INFO - Processing file /home/airflow/.local/lib/python3.7/site-packages/airflow/example_dags/example_latest_only.py for tasks to queue
[2022-09-28 17:21:23,573] {logging_mixin.py:115} INFO - [2022-09-28 17:21:23,572] {dagbag.py:508} INFO - Filling up the DagBag from /home/airflow/.local/lib/python3.7/site-packages/airflow/example_dags/example_latest_only.py
[2022-09-28 17:21:23,582] {processor.py:651} INFO - DAG(s) dict_keys(['latest_only']) retrieved from /home/airflow/.local/lib/python3.7/site-packages/airflow/example_dags/example_latest_only.py
[2022-09-28 17:21:23,628] {logging_mixin.py:115} INFO - [2022-09-28 17:21:23,628] {dag.py:2420} INFO - Sync 1 DAGs
[2022-09-28 17:21:23,680] {logging_mixin.py:115} INFO - [2022-09-28 17:21:23,679] {dag.py:2972} INFO - Setting next_dagrun for latest_only to 2022-09-28T13:21:23.679605+00:00, run_after=2022-09-28T17:21:23.679605+00:00
[2022-09-28 17:21:23,699] {processor.py:161} INFO - Processing /home/airflow/.local/lib/python3.7/site-packages/airflow/example_dags/example_latest_only.py took 0.135 seconds
[2022-09-28 17:21:53,813] {processor.py:153} INFO - Started process (PID=1751) to work on /home/airflow/.local/lib/python3.7/site-packages/airflow/example_dags/example_latest_only.py
[2022-09-28 17:21:53,815] {processor.py:641} INFO - Processing file /home/airflow/.local/lib/python3.7/site-packages/airflow/example_dags/example_latest_only.py for tasks to queue
[2022-09-28 17:21:53,817] {logging_mixin.py:115} INFO - [2022-09-28 17:21:53,817] {dagbag.py:508} INFO - Filling up the DagBag from /home/airflow/.local/lib/python3.7/site-packages/airflow/example_dags/example_latest_only.py
[2022-09-28 17:21:53,825] {processor.py:651} INFO - DAG(s) dict_keys(['latest_only']) retrieved from /home/airflow/.local/lib/python3.7/site-packages/airflow/example_dags/example_latest_only.py
[2022-09-28 17:21:53,857] {logging_mixin.py:115} INFO - [2022-09-28 17:21:53,857] {dag.py:2420} INFO - Sync 1 DAGs
[2022-09-28 17:21:53,896] {logging_mixin.py:115} INFO - [2022-09-28 17:21:53,895] {dag.py:2972} INFO - Setting next_dagrun for latest_only to 2022-09-28T13:21:53.895310+00:00, run_after=2022-09-28T17:21:53.895310+00:00
[2022-09-28 17:21:53,919] {processor.py:161} INFO - Processing /home/airflow/.local/lib/python3.7/site-packages/airflow/example_dags/example_latest_only.py took 0.111 seconds
[2022-09-28 17:22:24,924] {processor.py:153} INFO - Started process (PID=1817) to work on /home/airflow/.local/lib/python3.7/site-packages/airflow/example_dags/example_latest_only.py
[2022-09-28 17:22:24,926] {processor.py:641} INFO - Processing file /home/airflow/.local/lib/python3.7/site-packages/airflow/example_dags/example_latest_only.py for tasks to queue
[2022-09-28 17:22:24,928] {logging_mixin.py:115} INFO - [2022-09-28 17:22:24,927] {dagbag.py:508} INFO - Filling up the DagBag from /home/airflow/.local/lib/python3.7/site-packages/airflow/example_dags/example_latest_only.py
[2022-09-28 17:22:24,942] {processor.py:651} INFO - DAG(s) dict_keys(['latest_only']) retrieved from /home/airflow/.local/lib/python3.7/site-packages/airflow/example_dags/example_latest_only.py
[2022-09-28 17:22:25,001] {logging_mixin.py:115} INFO - [2022-09-28 17:22:25,000] {dag.py:2420} INFO - Sync 1 DAGs
[2022-09-28 17:22:25,037] {logging_mixin.py:115} INFO - [2022-09-28 17:22:25,037] {dag.py:2972} INFO - Setting next_dagrun for latest_only to 2022-09-28T13:22:25.036906+00:00, run_after=2022-09-28T17:22:25.036906+00:00
[2022-09-28 17:22:25,055] {processor.py:161} INFO - Processing /home/airflow/.local/lib/python3.7/site-packages/airflow/example_dags/example_latest_only.py took 0.138 seconds
[2022-09-28 17:22:55,327] {processor.py:153} INFO - Started process (PID=1883) to work on /home/airflow/.local/lib/python3.7/site-packages/airflow/example_dags/example_latest_only.py
[2022-09-28 17:22:55,328] {processor.py:641} INFO - Processing file /home/airflow/.local/lib/python3.7/site-packages/airflow/example_dags/example_latest_only.py for tasks to queue
[2022-09-28 17:22:55,336] {logging_mixin.py:115} INFO - [2022-09-28 17:22:55,336] {dagbag.py:508} INFO - Filling up the DagBag from /home/airflow/.local/lib/python3.7/site-packages/airflow/example_dags/example_latest_only.py
[2022-09-28 17:22:55,359] {processor.py:651} INFO - DAG(s) dict_keys(['latest_only']) retrieved from /home/airflow/.local/lib/python3.7/site-packages/airflow/example_dags/example_latest_only.py
[2022-09-28 17:22:55,405] {logging_mixin.py:115} INFO - [2022-09-28 17:22:55,405] {dag.py:2420} INFO - Sync 1 DAGs
[2022-09-28 17:22:55,438] {logging_mixin.py:115} INFO - [2022-09-28 17:22:55,437] {dag.py:2972} INFO - Setting next_dagrun for latest_only to 2022-09-28T13:22:55.437625+00:00, run_after=2022-09-28T17:22:55.437625+00:00
[2022-09-28 17:22:55,458] {processor.py:161} INFO - Processing /home/airflow/.local/lib/python3.7/site-packages/airflow/example_dags/example_latest_only.py took 0.140 seconds
[2022-09-28 17:23:25,673] {processor.py:153} INFO - Started process (PID=1939) to work on /home/airflow/.local/lib/python3.7/site-packages/airflow/example_dags/example_latest_only.py
[2022-09-28 17:23:25,675] {processor.py:641} INFO - Processing file /home/airflow/.local/lib/python3.7/site-packages/airflow/example_dags/example_latest_only.py for tasks to queue
[2022-09-28 17:23:25,676] {logging_mixin.py:115} INFO - [2022-09-28 17:23:25,676] {dagbag.py:508} INFO - Filling up the DagBag from /home/airflow/.local/lib/python3.7/site-packages/airflow/example_dags/example_latest_only.py
[2022-09-28 17:23:25,684] {processor.py:651} INFO - DAG(s) dict_keys(['latest_only']) retrieved from /home/airflow/.local/lib/python3.7/site-packages/airflow/example_dags/example_latest_only.py
[2022-09-28 17:23:25,728] {logging_mixin.py:115} INFO - [2022-09-28 17:23:25,728] {dag.py:2420} INFO - Sync 1 DAGs
[2022-09-28 17:23:25,771] {logging_mixin.py:115} INFO - [2022-09-28 17:23:25,770] {dag.py:2972} INFO - Setting next_dagrun for latest_only to 2022-09-28T13:23:25.770728+00:00, run_after=2022-09-28T17:23:25.770728+00:00
[2022-09-28 17:23:25,788] {processor.py:161} INFO - Processing /home/airflow/.local/lib/python3.7/site-packages/airflow/example_dags/example_latest_only.py took 0.118 seconds
[2022-09-28 17:23:55,973] {processor.py:153} INFO - Started process (PID=2004) to work on /home/airflow/.local/lib/python3.7/site-packages/airflow/example_dags/example_latest_only.py
[2022-09-28 17:23:55,974] {processor.py:641} INFO - Processing file /home/airflow/.local/lib/python3.7/site-packages/airflow/example_dags/example_latest_only.py for tasks to queue
[2022-09-28 17:23:55,976] {logging_mixin.py:115} INFO - [2022-09-28 17:23:55,976] {dagbag.py:508} INFO - Filling up the DagBag from /home/airflow/.local/lib/python3.7/site-packages/airflow/example_dags/example_latest_only.py
[2022-09-28 17:23:55,985] {processor.py:651} INFO - DAG(s) dict_keys(['latest_only']) retrieved from /home/airflow/.local/lib/python3.7/site-packages/airflow/example_dags/example_latest_only.py
[2022-09-28 17:23:56,026] {logging_mixin.py:115} INFO - [2022-09-28 17:23:56,026] {dag.py:2420} INFO - Sync 1 DAGs
[2022-09-28 17:23:56,071] {logging_mixin.py:115} INFO - [2022-09-28 17:23:56,071] {dag.py:2972} INFO - Setting next_dagrun for latest_only to 2022-09-28T13:23:56.068936+00:00, run_after=2022-09-28T17:23:56.068936+00:00
[2022-09-28 17:23:56,090] {processor.py:161} INFO - Processing /home/airflow/.local/lib/python3.7/site-packages/airflow/example_dags/example_latest_only.py took 0.122 seconds
[2022-09-28 17:24:26,371] {processor.py:153} INFO - Started process (PID=2060) to work on /home/airflow/.local/lib/python3.7/site-packages/airflow/example_dags/example_latest_only.py
[2022-09-28 17:24:26,373] {processor.py:641} INFO - Processing file /home/airflow/.local/lib/python3.7/site-packages/airflow/example_dags/example_latest_only.py for tasks to queue
[2022-09-28 17:24:26,375] {logging_mixin.py:115} INFO - [2022-09-28 17:24:26,375] {dagbag.py:508} INFO - Filling up the DagBag from /home/airflow/.local/lib/python3.7/site-packages/airflow/example_dags/example_latest_only.py
[2022-09-28 17:24:26,386] {processor.py:651} INFO - DAG(s) dict_keys(['latest_only']) retrieved from /home/airflow/.local/lib/python3.7/site-packages/airflow/example_dags/example_latest_only.py
[2022-09-28 17:24:26,434] {logging_mixin.py:115} INFO - [2022-09-28 17:24:26,434] {dag.py:2420} INFO - Sync 1 DAGs
[2022-09-28 17:24:26,466] {logging_mixin.py:115} INFO - [2022-09-28 17:24:26,466] {dag.py:2972} INFO - Setting next_dagrun for latest_only to 2022-09-28T13:24:26.466459+00:00, run_after=2022-09-28T17:24:26.466459+00:00
[2022-09-28 17:24:26,482] {processor.py:161} INFO - Processing /home/airflow/.local/lib/python3.7/site-packages/airflow/example_dags/example_latest_only.py took 0.117 seconds
[2022-09-28 17:24:57,343] {processor.py:153} INFO - Started process (PID=2127) to work on /home/airflow/.local/lib/python3.7/site-packages/airflow/example_dags/example_latest_only.py
[2022-09-28 17:24:57,350] {processor.py:641} INFO - Processing file /home/airflow/.local/lib/python3.7/site-packages/airflow/example_dags/example_latest_only.py for tasks to queue
[2022-09-28 17:24:57,353] {logging_mixin.py:115} INFO - [2022-09-28 17:24:57,353] {dagbag.py:508} INFO - Filling up the DagBag from /home/airflow/.local/lib/python3.7/site-packages/airflow/example_dags/example_latest_only.py
[2022-09-28 17:24:57,376] {processor.py:651} INFO - DAG(s) dict_keys(['latest_only']) retrieved from /home/airflow/.local/lib/python3.7/site-packages/airflow/example_dags/example_latest_only.py
[2022-09-28 17:24:57,449] {logging_mixin.py:115} INFO - [2022-09-28 17:24:57,449] {dag.py:2420} INFO - Sync 1 DAGs
[2022-09-28 17:24:57,505] {logging_mixin.py:115} INFO - [2022-09-28 17:24:57,505] {dag.py:2972} INFO - Setting next_dagrun for latest_only to 2022-09-28T13:24:57.504847+00:00, run_after=2022-09-28T17:24:57.504847+00:00
[2022-09-28 17:24:57,536] {processor.py:161} INFO - Processing /home/airflow/.local/lib/python3.7/site-packages/airflow/example_dags/example_latest_only.py took 0.211 seconds
[2022-09-28 17:25:27,596] {processor.py:153} INFO - Started process (PID=2183) to work on /home/airflow/.local/lib/python3.7/site-packages/airflow/example_dags/example_latest_only.py
[2022-09-28 17:25:27,597] {processor.py:641} INFO - Processing file /home/airflow/.local/lib/python3.7/site-packages/airflow/example_dags/example_latest_only.py for tasks to queue
[2022-09-28 17:25:27,598] {logging_mixin.py:115} INFO - [2022-09-28 17:25:27,598] {dagbag.py:508} INFO - Filling up the DagBag from /home/airflow/.local/lib/python3.7/site-packages/airflow/example_dags/example_latest_only.py
[2022-09-28 17:25:27,613] {processor.py:651} INFO - DAG(s) dict_keys(['latest_only']) retrieved from /home/airflow/.local/lib/python3.7/site-packages/airflow/example_dags/example_latest_only.py
[2022-09-28 17:25:27,660] {logging_mixin.py:115} INFO - [2022-09-28 17:25:27,660] {dag.py:2420} INFO - Sync 1 DAGs
[2022-09-28 17:25:27,692] {logging_mixin.py:115} INFO - [2022-09-28 17:25:27,691] {dag.py:2972} INFO - Setting next_dagrun for latest_only to 2022-09-28T13:25:27.691485+00:00, run_after=2022-09-28T17:25:27.691485+00:00
[2022-09-28 17:25:27,715] {processor.py:161} INFO - Processing /home/airflow/.local/lib/python3.7/site-packages/airflow/example_dags/example_latest_only.py took 0.124 seconds
[2022-09-28 17:25:57,938] {processor.py:153} INFO - Started process (PID=2249) to work on /home/airflow/.local/lib/python3.7/site-packages/airflow/example_dags/example_latest_only.py
[2022-09-28 17:25:57,940] {processor.py:641} INFO - Processing file /home/airflow/.local/lib/python3.7/site-packages/airflow/example_dags/example_latest_only.py for tasks to queue
[2022-09-28 17:25:57,941] {logging_mixin.py:115} INFO - [2022-09-28 17:25:57,941] {dagbag.py:508} INFO - Filling up the DagBag from /home/airflow/.local/lib/python3.7/site-packages/airflow/example_dags/example_latest_only.py
[2022-09-28 17:25:57,957] {processor.py:651} INFO - DAG(s) dict_keys(['latest_only']) retrieved from /home/airflow/.local/lib/python3.7/site-packages/airflow/example_dags/example_latest_only.py
[2022-09-28 17:25:58,004] {logging_mixin.py:115} INFO - [2022-09-28 17:25:58,004] {dag.py:2420} INFO - Sync 1 DAGs
[2022-09-28 17:25:58,042] {logging_mixin.py:115} INFO - [2022-09-28 17:25:58,042] {dag.py:2972} INFO - Setting next_dagrun for latest_only to 2022-09-28T13:25:58.041949+00:00, run_after=2022-09-28T17:25:58.041949+00:00
[2022-09-28 17:25:58,067] {processor.py:161} INFO - Processing /home/airflow/.local/lib/python3.7/site-packages/airflow/example_dags/example_latest_only.py took 0.139 seconds
[2022-09-28 17:26:28,531] {processor.py:153} INFO - Started process (PID=2316) to work on /home/airflow/.local/lib/python3.7/site-packages/airflow/example_dags/example_latest_only.py
[2022-09-28 17:26:28,532] {processor.py:641} INFO - Processing file /home/airflow/.local/lib/python3.7/site-packages/airflow/example_dags/example_latest_only.py for tasks to queue
[2022-09-28 17:26:28,533] {logging_mixin.py:115} INFO - [2022-09-28 17:26:28,533] {dagbag.py:508} INFO - Filling up the DagBag from /home/airflow/.local/lib/python3.7/site-packages/airflow/example_dags/example_latest_only.py
[2022-09-28 17:26:28,541] {processor.py:651} INFO - DAG(s) dict_keys(['latest_only']) retrieved from /home/airflow/.local/lib/python3.7/site-packages/airflow/example_dags/example_latest_only.py
[2022-09-28 17:26:28,583] {logging_mixin.py:115} INFO - [2022-09-28 17:26:28,582] {dag.py:2420} INFO - Sync 1 DAGs
[2022-09-28 17:26:28,614] {logging_mixin.py:115} INFO - [2022-09-28 17:26:28,614] {dag.py:2972} INFO - Setting next_dagrun for latest_only to 2022-09-28T13:26:28.614569+00:00, run_after=2022-09-28T17:26:28.614569+00:00
[2022-09-28 17:26:28,634] {processor.py:161} INFO - Processing /home/airflow/.local/lib/python3.7/site-packages/airflow/example_dags/example_latest_only.py took 0.107 seconds
[2022-09-28 17:26:59,092] {processor.py:153} INFO - Started process (PID=2370) to work on /home/airflow/.local/lib/python3.7/site-packages/airflow/example_dags/example_latest_only.py
[2022-09-28 17:26:59,095] {processor.py:641} INFO - Processing file /home/airflow/.local/lib/python3.7/site-packages/airflow/example_dags/example_latest_only.py for tasks to queue
[2022-09-28 17:26:59,099] {logging_mixin.py:115} INFO - [2022-09-28 17:26:59,099] {dagbag.py:508} INFO - Filling up the DagBag from /home/airflow/.local/lib/python3.7/site-packages/airflow/example_dags/example_latest_only.py
[2022-09-28 17:26:59,122] {processor.py:651} INFO - DAG(s) dict_keys(['latest_only']) retrieved from /home/airflow/.local/lib/python3.7/site-packages/airflow/example_dags/example_latest_only.py
[2022-09-28 17:26:59,160] {logging_mixin.py:115} INFO - [2022-09-28 17:26:59,160] {dag.py:2420} INFO - Sync 1 DAGs
[2022-09-28 17:26:59,189] {logging_mixin.py:115} INFO - [2022-09-28 17:26:59,189] {dag.py:2972} INFO - Setting next_dagrun for latest_only to 2022-09-28T13:26:59.189016+00:00, run_after=2022-09-28T17:26:59.189016+00:00
[2022-09-28 17:26:59,206] {processor.py:161} INFO - Processing /home/airflow/.local/lib/python3.7/site-packages/airflow/example_dags/example_latest_only.py took 0.124 seconds
[2022-09-28 17:27:30,143] {processor.py:153} INFO - Started process (PID=2436) to work on /home/airflow/.local/lib/python3.7/site-packages/airflow/example_dags/example_latest_only.py
[2022-09-28 17:27:30,148] {processor.py:641} INFO - Processing file /home/airflow/.local/lib/python3.7/site-packages/airflow/example_dags/example_latest_only.py for tasks to queue
[2022-09-28 17:27:30,149] {logging_mixin.py:115} INFO - [2022-09-28 17:27:30,149] {dagbag.py:508} INFO - Filling up the DagBag from /home/airflow/.local/lib/python3.7/site-packages/airflow/example_dags/example_latest_only.py
[2022-09-28 17:27:30,163] {processor.py:651} INFO - DAG(s) dict_keys(['latest_only']) retrieved from /home/airflow/.local/lib/python3.7/site-packages/airflow/example_dags/example_latest_only.py
[2022-09-28 17:27:30,217] {logging_mixin.py:115} INFO - [2022-09-28 17:27:30,216] {dag.py:2420} INFO - Sync 1 DAGs
[2022-09-28 17:27:30,253] {logging_mixin.py:115} INFO - [2022-09-28 17:27:30,253] {dag.py:2972} INFO - Setting next_dagrun for latest_only to 2022-09-28T13:27:30.252969+00:00, run_after=2022-09-28T17:27:30.252969+00:00
[2022-09-28 17:27:30,298] {processor.py:161} INFO - Processing /home/airflow/.local/lib/python3.7/site-packages/airflow/example_dags/example_latest_only.py took 0.160 seconds
[2022-09-28 17:28:00,398] {processor.py:153} INFO - Started process (PID=2492) to work on /home/airflow/.local/lib/python3.7/site-packages/airflow/example_dags/example_latest_only.py
[2022-09-28 17:28:00,400] {processor.py:641} INFO - Processing file /home/airflow/.local/lib/python3.7/site-packages/airflow/example_dags/example_latest_only.py for tasks to queue
[2022-09-28 17:28:00,401] {logging_mixin.py:115} INFO - [2022-09-28 17:28:00,401] {dagbag.py:508} INFO - Filling up the DagBag from /home/airflow/.local/lib/python3.7/site-packages/airflow/example_dags/example_latest_only.py
[2022-09-28 17:28:00,413] {processor.py:651} INFO - DAG(s) dict_keys(['latest_only']) retrieved from /home/airflow/.local/lib/python3.7/site-packages/airflow/example_dags/example_latest_only.py
[2022-09-28 17:28:00,453] {logging_mixin.py:115} INFO - [2022-09-28 17:28:00,453] {dag.py:2420} INFO - Sync 1 DAGs
[2022-09-28 17:28:00,498] {logging_mixin.py:115} INFO - [2022-09-28 17:28:00,497] {dag.py:2972} INFO - Setting next_dagrun for latest_only to 2022-09-28T13:28:00.497556+00:00, run_after=2022-09-28T17:28:00.497556+00:00
[2022-09-28 17:28:00,519] {processor.py:161} INFO - Processing /home/airflow/.local/lib/python3.7/site-packages/airflow/example_dags/example_latest_only.py took 0.125 seconds
[2022-09-28 17:28:31,515] {processor.py:153} INFO - Started process (PID=2562) to work on /home/airflow/.local/lib/python3.7/site-packages/airflow/example_dags/example_latest_only.py
[2022-09-28 17:28:31,518] {processor.py:641} INFO - Processing file /home/airflow/.local/lib/python3.7/site-packages/airflow/example_dags/example_latest_only.py for tasks to queue
[2022-09-28 17:28:31,523] {logging_mixin.py:115} INFO - [2022-09-28 17:28:31,522] {dagbag.py:508} INFO - Filling up the DagBag from /home/airflow/.local/lib/python3.7/site-packages/airflow/example_dags/example_latest_only.py
[2022-09-28 17:28:31,540] {processor.py:651} INFO - DAG(s) dict_keys(['latest_only']) retrieved from /home/airflow/.local/lib/python3.7/site-packages/airflow/example_dags/example_latest_only.py
[2022-09-28 17:28:31,612] {logging_mixin.py:115} INFO - [2022-09-28 17:28:31,612] {dag.py:2420} INFO - Sync 1 DAGs
[2022-09-28 17:28:31,684] {logging_mixin.py:115} INFO - [2022-09-28 17:28:31,684] {dag.py:2972} INFO - Setting next_dagrun for latest_only to 2022-09-28T13:28:31.683032+00:00, run_after=2022-09-28T17:28:31.683032+00:00
[2022-09-28 17:28:31,713] {processor.py:161} INFO - Processing /home/airflow/.local/lib/python3.7/site-packages/airflow/example_dags/example_latest_only.py took 0.268 seconds
[2022-09-28 17:29:02,143] {processor.py:153} INFO - Started process (PID=2620) to work on /home/airflow/.local/lib/python3.7/site-packages/airflow/example_dags/example_latest_only.py
[2022-09-28 17:29:02,144] {processor.py:641} INFO - Processing file /home/airflow/.local/lib/python3.7/site-packages/airflow/example_dags/example_latest_only.py for tasks to queue
[2022-09-28 17:29:02,146] {logging_mixin.py:115} INFO - [2022-09-28 17:29:02,146] {dagbag.py:508} INFO - Filling up the DagBag from /home/airflow/.local/lib/python3.7/site-packages/airflow/example_dags/example_latest_only.py
[2022-09-28 17:29:02,153] {processor.py:651} INFO - DAG(s) dict_keys(['latest_only']) retrieved from /home/airflow/.local/lib/python3.7/site-packages/airflow/example_dags/example_latest_only.py
[2022-09-28 17:29:02,187] {logging_mixin.py:115} INFO - [2022-09-28 17:29:02,187] {dag.py:2420} INFO - Sync 1 DAGs
[2022-09-28 17:29:02,232] {logging_mixin.py:115} INFO - [2022-09-28 17:29:02,231] {dag.py:2972} INFO - Setting next_dagrun for latest_only to 2022-09-28T13:29:02.231648+00:00, run_after=2022-09-28T17:29:02.231648+00:00
[2022-09-28 17:29:02,247] {processor.py:161} INFO - Processing /home/airflow/.local/lib/python3.7/site-packages/airflow/example_dags/example_latest_only.py took 0.109 seconds
[2022-09-28 17:29:32,858] {processor.py:153} INFO - Started process (PID=2684) to work on /home/airflow/.local/lib/python3.7/site-packages/airflow/example_dags/example_latest_only.py
[2022-09-28 17:29:32,860] {processor.py:641} INFO - Processing file /home/airflow/.local/lib/python3.7/site-packages/airflow/example_dags/example_latest_only.py for tasks to queue
[2022-09-28 17:29:32,862] {logging_mixin.py:115} INFO - [2022-09-28 17:29:32,862] {dagbag.py:508} INFO - Filling up the DagBag from /home/airflow/.local/lib/python3.7/site-packages/airflow/example_dags/example_latest_only.py
[2022-09-28 17:29:32,874] {processor.py:651} INFO - DAG(s) dict_keys(['latest_only']) retrieved from /home/airflow/.local/lib/python3.7/site-packages/airflow/example_dags/example_latest_only.py
[2022-09-28 17:29:32,912] {logging_mixin.py:115} INFO - [2022-09-28 17:29:32,912] {dag.py:2420} INFO - Sync 1 DAGs
[2022-09-28 17:29:32,941] {logging_mixin.py:115} INFO - [2022-09-28 17:29:32,941] {dag.py:2972} INFO - Setting next_dagrun for latest_only to 2022-09-28T13:29:32.941243+00:00, run_after=2022-09-28T17:29:32.941243+00:00
[2022-09-28 17:29:32,962] {processor.py:161} INFO - Processing /home/airflow/.local/lib/python3.7/site-packages/airflow/example_dags/example_latest_only.py took 0.109 seconds
[2022-09-28 17:30:03,687] {processor.py:153} INFO - Started process (PID=2745) to work on /home/airflow/.local/lib/python3.7/site-packages/airflow/example_dags/example_latest_only.py
[2022-09-28 17:30:03,689] {processor.py:641} INFO - Processing file /home/airflow/.local/lib/python3.7/site-packages/airflow/example_dags/example_latest_only.py for tasks to queue
[2022-09-28 17:30:03,691] {logging_mixin.py:115} INFO - [2022-09-28 17:30:03,690] {dagbag.py:508} INFO - Filling up the DagBag from /home/airflow/.local/lib/python3.7/site-packages/airflow/example_dags/example_latest_only.py
[2022-09-28 17:30:03,707] {processor.py:651} INFO - DAG(s) dict_keys(['latest_only']) retrieved from /home/airflow/.local/lib/python3.7/site-packages/airflow/example_dags/example_latest_only.py
[2022-09-28 17:30:03,783] {logging_mixin.py:115} INFO - [2022-09-28 17:30:03,783] {dag.py:2420} INFO - Sync 1 DAGs
[2022-09-28 17:30:03,830] {logging_mixin.py:115} INFO - [2022-09-28 17:30:03,830] {dag.py:2972} INFO - Setting next_dagrun for latest_only to 2022-09-28T13:30:03.829681+00:00, run_after=2022-09-28T17:30:03.829681+00:00
[2022-09-28 17:30:03,858] {processor.py:161} INFO - Processing /home/airflow/.local/lib/python3.7/site-packages/airflow/example_dags/example_latest_only.py took 0.177 seconds
[2022-09-28 17:30:34,148] {processor.py:153} INFO - Started process (PID=2812) to work on /home/airflow/.local/lib/python3.7/site-packages/airflow/example_dags/example_latest_only.py
[2022-09-28 17:30:34,149] {processor.py:641} INFO - Processing file /home/airflow/.local/lib/python3.7/site-packages/airflow/example_dags/example_latest_only.py for tasks to queue
[2022-09-28 17:30:34,150] {logging_mixin.py:115} INFO - [2022-09-28 17:30:34,150] {dagbag.py:508} INFO - Filling up the DagBag from /home/airflow/.local/lib/python3.7/site-packages/airflow/example_dags/example_latest_only.py
[2022-09-28 17:30:34,157] {processor.py:651} INFO - DAG(s) dict_keys(['latest_only']) retrieved from /home/airflow/.local/lib/python3.7/site-packages/airflow/example_dags/example_latest_only.py
[2022-09-28 17:30:34,200] {logging_mixin.py:115} INFO - [2022-09-28 17:30:34,200] {dag.py:2420} INFO - Sync 1 DAGs
[2022-09-28 17:30:34,234] {logging_mixin.py:115} INFO - [2022-09-28 17:30:34,234] {dag.py:2972} INFO - Setting next_dagrun for latest_only to 2022-09-28T13:30:34.234315+00:00, run_after=2022-09-28T17:30:34.234315+00:00
[2022-09-28 17:30:34,249] {processor.py:161} INFO - Processing /home/airflow/.local/lib/python3.7/site-packages/airflow/example_dags/example_latest_only.py took 0.106 seconds
[2022-09-28 17:31:04,409] {processor.py:153} INFO - Started process (PID=2878) to work on /home/airflow/.local/lib/python3.7/site-packages/airflow/example_dags/example_latest_only.py
[2022-09-28 17:31:04,411] {processor.py:641} INFO - Processing file /home/airflow/.local/lib/python3.7/site-packages/airflow/example_dags/example_latest_only.py for tasks to queue
[2022-09-28 17:31:04,413] {logging_mixin.py:115} INFO - [2022-09-28 17:31:04,412] {dagbag.py:508} INFO - Filling up the DagBag from /home/airflow/.local/lib/python3.7/site-packages/airflow/example_dags/example_latest_only.py
[2022-09-28 17:31:04,421] {processor.py:651} INFO - DAG(s) dict_keys(['latest_only']) retrieved from /home/airflow/.local/lib/python3.7/site-packages/airflow/example_dags/example_latest_only.py
[2022-09-28 17:31:04,453] {logging_mixin.py:115} INFO - [2022-09-28 17:31:04,453] {dag.py:2420} INFO - Sync 1 DAGs
[2022-09-28 17:31:04,484] {logging_mixin.py:115} INFO - [2022-09-28 17:31:04,484] {dag.py:2972} INFO - Setting next_dagrun for latest_only to 2022-09-28T13:31:04.484357+00:00, run_after=2022-09-28T17:31:04.484357+00:00
[2022-09-28 17:31:04,502] {processor.py:161} INFO - Processing /home/airflow/.local/lib/python3.7/site-packages/airflow/example_dags/example_latest_only.py took 0.097 seconds
[2022-09-28 17:36:53,174] {processor.py:153} INFO - Started process (PID=153) to work on /home/airflow/.local/lib/python3.7/site-packages/airflow/example_dags/example_latest_only.py
[2022-09-28 17:36:53,178] {processor.py:641} INFO - Processing file /home/airflow/.local/lib/python3.7/site-packages/airflow/example_dags/example_latest_only.py for tasks to queue
[2022-09-28 17:36:53,182] {logging_mixin.py:115} INFO - [2022-09-28 17:36:53,182] {dagbag.py:508} INFO - Filling up the DagBag from /home/airflow/.local/lib/python3.7/site-packages/airflow/example_dags/example_latest_only.py
[2022-09-28 17:36:53,197] {processor.py:651} INFO - DAG(s) dict_keys(['latest_only']) retrieved from /home/airflow/.local/lib/python3.7/site-packages/airflow/example_dags/example_latest_only.py
[2022-09-28 17:36:53,456] {logging_mixin.py:115} INFO - [2022-09-28 17:36:53,456] {manager.py:508} INFO - Created Permission View: can read on DAG:latest_only
[2022-09-28 17:36:53,478] {logging_mixin.py:115} INFO - [2022-09-28 17:36:53,477] {manager.py:508} INFO - Created Permission View: can delete on DAG:latest_only
[2022-09-28 17:36:53,492] {logging_mixin.py:115} INFO - [2022-09-28 17:36:53,492] {manager.py:508} INFO - Created Permission View: can edit on DAG:latest_only
[2022-09-28 17:36:53,493] {logging_mixin.py:115} INFO - [2022-09-28 17:36:53,493] {dag.py:2420} INFO - Sync 1 DAGs
[2022-09-28 17:36:53,506] {logging_mixin.py:115} INFO - [2022-09-28 17:36:53,506] {dag.py:2439} INFO - Creating ORM DAG for latest_only
[2022-09-28 17:36:53,529] {logging_mixin.py:115} INFO - [2022-09-28 17:36:53,529] {dag.py:2972} INFO - Setting next_dagrun for latest_only to 2022-09-28T13:36:53.528828+00:00, run_after=2022-09-28T17:36:53.528828+00:00
[2022-09-28 17:36:53,559] {processor.py:161} INFO - Processing /home/airflow/.local/lib/python3.7/site-packages/airflow/example_dags/example_latest_only.py took 0.393 seconds
[2022-09-28 17:37:23,749] {processor.py:153} INFO - Started process (PID=208) to work on /home/airflow/.local/lib/python3.7/site-packages/airflow/example_dags/example_latest_only.py
[2022-09-28 17:37:23,750] {processor.py:641} INFO - Processing file /home/airflow/.local/lib/python3.7/site-packages/airflow/example_dags/example_latest_only.py for tasks to queue
[2022-09-28 17:37:23,753] {logging_mixin.py:115} INFO - [2022-09-28 17:37:23,752] {dagbag.py:508} INFO - Filling up the DagBag from /home/airflow/.local/lib/python3.7/site-packages/airflow/example_dags/example_latest_only.py
[2022-09-28 17:37:23,761] {processor.py:651} INFO - DAG(s) dict_keys(['latest_only']) retrieved from /home/airflow/.local/lib/python3.7/site-packages/airflow/example_dags/example_latest_only.py
[2022-09-28 17:37:24,086] {logging_mixin.py:115} INFO - [2022-09-28 17:37:24,086] {dag.py:2420} INFO - Sync 1 DAGs
[2022-09-28 17:37:24,173] {logging_mixin.py:115} INFO - [2022-09-28 17:37:24,173] {dag.py:2972} INFO - Setting next_dagrun for latest_only to 2022-09-28T13:37:24.173032+00:00, run_after=2022-09-28T17:37:24.173032+00:00
[2022-09-28 17:37:24,228] {processor.py:161} INFO - Processing /home/airflow/.local/lib/python3.7/site-packages/airflow/example_dags/example_latest_only.py took 0.488 seconds
[2022-09-28 17:37:55,120] {processor.py:153} INFO - Started process (PID=276) to work on /home/airflow/.local/lib/python3.7/site-packages/airflow/example_dags/example_latest_only.py
[2022-09-28 17:37:55,122] {processor.py:641} INFO - Processing file /home/airflow/.local/lib/python3.7/site-packages/airflow/example_dags/example_latest_only.py for tasks to queue
[2022-09-28 17:37:55,124] {logging_mixin.py:115} INFO - [2022-09-28 17:37:55,124] {dagbag.py:508} INFO - Filling up the DagBag from /home/airflow/.local/lib/python3.7/site-packages/airflow/example_dags/example_latest_only.py
[2022-09-28 17:37:55,134] {processor.py:651} INFO - DAG(s) dict_keys(['latest_only']) retrieved from /home/airflow/.local/lib/python3.7/site-packages/airflow/example_dags/example_latest_only.py
[2022-09-28 17:37:55,318] {logging_mixin.py:115} INFO - [2022-09-28 17:37:55,318] {dag.py:2420} INFO - Sync 1 DAGs
[2022-09-28 17:37:55,352] {logging_mixin.py:115} INFO - [2022-09-28 17:37:55,351] {dag.py:2972} INFO - Setting next_dagrun for latest_only to 2022-09-28T13:37:55.351338+00:00, run_after=2022-09-28T17:37:55.351338+00:00
[2022-09-28 17:37:55,371] {processor.py:161} INFO - Processing /home/airflow/.local/lib/python3.7/site-packages/airflow/example_dags/example_latest_only.py took 0.255 seconds
[2022-09-28 17:38:36,639] {processor.py:153} INFO - Started process (PID=348) to work on /home/airflow/.local/lib/python3.7/site-packages/airflow/example_dags/example_latest_only.py
[2022-09-28 17:38:36,641] {processor.py:641} INFO - Processing file /home/airflow/.local/lib/python3.7/site-packages/airflow/example_dags/example_latest_only.py for tasks to queue
[2022-09-28 17:38:36,644] {logging_mixin.py:115} INFO - [2022-09-28 17:38:36,643] {dagbag.py:508} INFO - Filling up the DagBag from /home/airflow/.local/lib/python3.7/site-packages/airflow/example_dags/example_latest_only.py
[2022-09-28 17:38:36,663] {processor.py:651} INFO - DAG(s) dict_keys(['latest_only']) retrieved from /home/airflow/.local/lib/python3.7/site-packages/airflow/example_dags/example_latest_only.py
[2022-09-28 17:38:36,889] {logging_mixin.py:115} INFO - [2022-09-28 17:38:36,888] {dag.py:2420} INFO - Sync 1 DAGs
[2022-09-28 17:38:36,955] {logging_mixin.py:115} INFO - [2022-09-28 17:38:36,955] {dag.py:2972} INFO - Setting next_dagrun for latest_only to 2022-09-28T13:38:36.955495+00:00, run_after=2022-09-28T17:38:36.955495+00:00
[2022-09-28 17:38:36,999] {processor.py:161} INFO - Processing /home/airflow/.local/lib/python3.7/site-packages/airflow/example_dags/example_latest_only.py took 0.366 seconds
[2022-09-28 17:39:07,675] {processor.py:153} INFO - Started process (PID=404) to work on /home/airflow/.local/lib/python3.7/site-packages/airflow/example_dags/example_latest_only.py
[2022-09-28 17:39:07,677] {processor.py:641} INFO - Processing file /home/airflow/.local/lib/python3.7/site-packages/airflow/example_dags/example_latest_only.py for tasks to queue
[2022-09-28 17:39:07,679] {logging_mixin.py:115} INFO - [2022-09-28 17:39:07,679] {dagbag.py:508} INFO - Filling up the DagBag from /home/airflow/.local/lib/python3.7/site-packages/airflow/example_dags/example_latest_only.py
[2022-09-28 17:39:07,690] {processor.py:651} INFO - DAG(s) dict_keys(['latest_only']) retrieved from /home/airflow/.local/lib/python3.7/site-packages/airflow/example_dags/example_latest_only.py
[2022-09-28 17:39:07,941] {logging_mixin.py:115} INFO - [2022-09-28 17:39:07,941] {dag.py:2420} INFO - Sync 1 DAGs
[2022-09-28 17:39:07,985] {logging_mixin.py:115} INFO - [2022-09-28 17:39:07,984] {dag.py:2972} INFO - Setting next_dagrun for latest_only to 2022-09-28T13:39:07.984554+00:00, run_after=2022-09-28T17:39:07.984554+00:00
[2022-09-28 17:39:08,021] {processor.py:161} INFO - Processing /home/airflow/.local/lib/python3.7/site-packages/airflow/example_dags/example_latest_only.py took 0.352 seconds
