[2022-09-28 16:54:06,473] {processor.py:153} INFO - Started process (PID=162) to work on /home/airflow/.local/lib/python3.7/site-packages/airflow/example_dags/example_branch_labels.py
[2022-09-28 16:54:06,475] {processor.py:641} INFO - Processing file /home/airflow/.local/lib/python3.7/site-packages/airflow/example_dags/example_branch_labels.py for tasks to queue
[2022-09-28 16:54:06,479] {logging_mixin.py:115} INFO - [2022-09-28 16:54:06,479] {dagbag.py:508} INFO - Filling up the DagBag from /home/airflow/.local/lib/python3.7/site-packages/airflow/example_dags/example_branch_labels.py
[2022-09-28 16:54:07,802] {processor.py:651} INFO - DAG(s) dict_keys(['example_branch_labels']) retrieved from /home/airflow/.local/lib/python3.7/site-packages/airflow/example_dags/example_branch_labels.py
[2022-09-28 16:54:07,916] {logging_mixin.py:115} INFO - [2022-09-28 16:54:07,916] {dag.py:2420} INFO - Sync 1 DAGs
[2022-09-28 16:54:07,986] {logging_mixin.py:115} INFO - [2022-09-28 16:54:07,985] {dag.py:2972} INFO - Setting next_dagrun for example_branch_labels to 2022-09-27T00:00:00+00:00, run_after=2022-09-28T00:00:00+00:00
[2022-09-28 16:54:08,012] {processor.py:161} INFO - Processing /home/airflow/.local/lib/python3.7/site-packages/airflow/example_dags/example_branch_labels.py took 1.573 seconds
[2022-09-28 16:54:38,645] {processor.py:153} INFO - Started process (PID=219) to work on /home/airflow/.local/lib/python3.7/site-packages/airflow/example_dags/example_branch_labels.py
[2022-09-28 16:54:38,647] {processor.py:641} INFO - Processing file /home/airflow/.local/lib/python3.7/site-packages/airflow/example_dags/example_branch_labels.py for tasks to queue
[2022-09-28 16:54:38,649] {logging_mixin.py:115} INFO - [2022-09-28 16:54:38,649] {dagbag.py:508} INFO - Filling up the DagBag from /home/airflow/.local/lib/python3.7/site-packages/airflow/example_dags/example_branch_labels.py
[2022-09-28 16:54:38,666] {processor.py:651} INFO - DAG(s) dict_keys(['example_branch_labels']) retrieved from /home/airflow/.local/lib/python3.7/site-packages/airflow/example_dags/example_branch_labels.py
[2022-09-28 16:54:38,867] {logging_mixin.py:115} INFO - [2022-09-28 16:54:38,867] {dag.py:2420} INFO - Sync 1 DAGs
[2022-09-28 16:54:38,899] {logging_mixin.py:115} INFO - [2022-09-28 16:54:38,898] {dag.py:2972} INFO - Setting next_dagrun for example_branch_labels to 2022-09-27T00:00:00+00:00, run_after=2022-09-28T00:00:00+00:00
[2022-09-28 16:54:38,918] {processor.py:161} INFO - Processing /home/airflow/.local/lib/python3.7/site-packages/airflow/example_dags/example_branch_labels.py took 0.282 seconds
[2022-09-28 16:55:09,340] {processor.py:153} INFO - Started process (PID=282) to work on /home/airflow/.local/lib/python3.7/site-packages/airflow/example_dags/example_branch_labels.py
[2022-09-28 16:55:09,353] {processor.py:641} INFO - Processing file /home/airflow/.local/lib/python3.7/site-packages/airflow/example_dags/example_branch_labels.py for tasks to queue
[2022-09-28 16:55:09,356] {logging_mixin.py:115} INFO - [2022-09-28 16:55:09,356] {dagbag.py:508} INFO - Filling up the DagBag from /home/airflow/.local/lib/python3.7/site-packages/airflow/example_dags/example_branch_labels.py
[2022-09-28 16:55:09,420] {processor.py:651} INFO - DAG(s) dict_keys(['example_branch_labels']) retrieved from /home/airflow/.local/lib/python3.7/site-packages/airflow/example_dags/example_branch_labels.py
[2022-09-28 16:55:09,888] {logging_mixin.py:115} INFO - [2022-09-28 16:55:09,888] {dag.py:2420} INFO - Sync 1 DAGs
[2022-09-28 16:55:09,950] {logging_mixin.py:115} INFO - [2022-09-28 16:55:09,950] {dag.py:2972} INFO - Setting next_dagrun for example_branch_labels to 2022-09-27T00:00:00+00:00, run_after=2022-09-28T00:00:00+00:00
[2022-09-28 16:55:10,003] {processor.py:161} INFO - Processing /home/airflow/.local/lib/python3.7/site-packages/airflow/example_dags/example_branch_labels.py took 0.681 seconds
[2022-09-28 16:55:40,667] {processor.py:153} INFO - Started process (PID=341) to work on /home/airflow/.local/lib/python3.7/site-packages/airflow/example_dags/example_branch_labels.py
[2022-09-28 16:55:40,673] {processor.py:641} INFO - Processing file /home/airflow/.local/lib/python3.7/site-packages/airflow/example_dags/example_branch_labels.py for tasks to queue
[2022-09-28 16:55:40,676] {logging_mixin.py:115} INFO - [2022-09-28 16:55:40,676] {dagbag.py:508} INFO - Filling up the DagBag from /home/airflow/.local/lib/python3.7/site-packages/airflow/example_dags/example_branch_labels.py
[2022-09-28 16:55:40,692] {processor.py:651} INFO - DAG(s) dict_keys(['example_branch_labels']) retrieved from /home/airflow/.local/lib/python3.7/site-packages/airflow/example_dags/example_branch_labels.py
[2022-09-28 16:55:40,899] {logging_mixin.py:115} INFO - [2022-09-28 16:55:40,899] {dag.py:2420} INFO - Sync 1 DAGs
[2022-09-28 16:55:40,937] {logging_mixin.py:115} INFO - [2022-09-28 16:55:40,936] {dag.py:2972} INFO - Setting next_dagrun for example_branch_labels to 2022-09-27T00:00:00+00:00, run_after=2022-09-28T00:00:00+00:00
[2022-09-28 16:55:40,959] {processor.py:161} INFO - Processing /home/airflow/.local/lib/python3.7/site-packages/airflow/example_dags/example_branch_labels.py took 0.297 seconds
[2022-09-28 16:56:11,373] {processor.py:153} INFO - Started process (PID=397) to work on /home/airflow/.local/lib/python3.7/site-packages/airflow/example_dags/example_branch_labels.py
[2022-09-28 16:56:11,384] {processor.py:641} INFO - Processing file /home/airflow/.local/lib/python3.7/site-packages/airflow/example_dags/example_branch_labels.py for tasks to queue
[2022-09-28 16:56:11,390] {logging_mixin.py:115} INFO - [2022-09-28 16:56:11,390] {dagbag.py:508} INFO - Filling up the DagBag from /home/airflow/.local/lib/python3.7/site-packages/airflow/example_dags/example_branch_labels.py
[2022-09-28 16:56:11,428] {processor.py:651} INFO - DAG(s) dict_keys(['example_branch_labels']) retrieved from /home/airflow/.local/lib/python3.7/site-packages/airflow/example_dags/example_branch_labels.py
[2022-09-28 16:56:11,733] {logging_mixin.py:115} INFO - [2022-09-28 16:56:11,733] {dag.py:2420} INFO - Sync 1 DAGs
[2022-09-28 16:56:11,767] {logging_mixin.py:115} INFO - [2022-09-28 16:56:11,767] {dag.py:2972} INFO - Setting next_dagrun for example_branch_labels to 2022-09-27T00:00:00+00:00, run_after=2022-09-28T00:00:00+00:00
[2022-09-28 16:56:11,784] {processor.py:161} INFO - Processing /home/airflow/.local/lib/python3.7/site-packages/airflow/example_dags/example_branch_labels.py took 0.419 seconds
[2022-09-28 16:56:42,257] {processor.py:153} INFO - Started process (PID=452) to work on /home/airflow/.local/lib/python3.7/site-packages/airflow/example_dags/example_branch_labels.py
[2022-09-28 16:56:42,260] {processor.py:641} INFO - Processing file /home/airflow/.local/lib/python3.7/site-packages/airflow/example_dags/example_branch_labels.py for tasks to queue
[2022-09-28 16:56:42,261] {logging_mixin.py:115} INFO - [2022-09-28 16:56:42,261] {dagbag.py:508} INFO - Filling up the DagBag from /home/airflow/.local/lib/python3.7/site-packages/airflow/example_dags/example_branch_labels.py
[2022-09-28 16:56:42,435] {processor.py:651} INFO - DAG(s) dict_keys(['example_branch_labels']) retrieved from /home/airflow/.local/lib/python3.7/site-packages/airflow/example_dags/example_branch_labels.py
[2022-09-28 16:56:42,467] {logging_mixin.py:115} INFO - [2022-09-28 16:56:42,467] {dag.py:2420} INFO - Sync 1 DAGs
[2022-09-28 16:56:42,514] {logging_mixin.py:115} INFO - [2022-09-28 16:56:42,513] {dag.py:2972} INFO - Setting next_dagrun for example_branch_labels to 2022-09-27T00:00:00+00:00, run_after=2022-09-28T00:00:00+00:00
[2022-09-28 16:56:42,530] {processor.py:161} INFO - Processing /home/airflow/.local/lib/python3.7/site-packages/airflow/example_dags/example_branch_labels.py took 0.276 seconds
[2022-09-28 16:57:26,921] {processor.py:153} INFO - Started process (PID=518) to work on /home/airflow/.local/lib/python3.7/site-packages/airflow/example_dags/example_branch_labels.py
[2022-09-28 16:57:26,922] {processor.py:641} INFO - Processing file /home/airflow/.local/lib/python3.7/site-packages/airflow/example_dags/example_branch_labels.py for tasks to queue
[2022-09-28 16:57:26,925] {logging_mixin.py:115} INFO - [2022-09-28 16:57:26,925] {dagbag.py:508} INFO - Filling up the DagBag from /home/airflow/.local/lib/python3.7/site-packages/airflow/example_dags/example_branch_labels.py
[2022-09-28 16:57:27,113] {processor.py:651} INFO - DAG(s) dict_keys(['example_branch_labels']) retrieved from /home/airflow/.local/lib/python3.7/site-packages/airflow/example_dags/example_branch_labels.py
[2022-09-28 16:57:27,142] {logging_mixin.py:115} INFO - [2022-09-28 16:57:27,142] {dag.py:2420} INFO - Sync 1 DAGs
[2022-09-28 16:57:27,192] {logging_mixin.py:115} INFO - [2022-09-28 16:57:27,192] {dag.py:2972} INFO - Setting next_dagrun for example_branch_labels to 2022-09-27T00:00:00+00:00, run_after=2022-09-28T00:00:00+00:00
[2022-09-28 16:57:27,212] {processor.py:161} INFO - Processing /home/airflow/.local/lib/python3.7/site-packages/airflow/example_dags/example_branch_labels.py took 0.296 seconds
[2022-09-28 16:58:02,797] {processor.py:153} INFO - Started process (PID=585) to work on /home/airflow/.local/lib/python3.7/site-packages/airflow/example_dags/example_branch_labels.py
[2022-09-28 16:58:02,798] {processor.py:641} INFO - Processing file /home/airflow/.local/lib/python3.7/site-packages/airflow/example_dags/example_branch_labels.py for tasks to queue
[2022-09-28 16:58:02,800] {logging_mixin.py:115} INFO - [2022-09-28 16:58:02,800] {dagbag.py:508} INFO - Filling up the DagBag from /home/airflow/.local/lib/python3.7/site-packages/airflow/example_dags/example_branch_labels.py
[2022-09-28 16:58:03,115] {processor.py:651} INFO - DAG(s) dict_keys(['example_branch_labels']) retrieved from /home/airflow/.local/lib/python3.7/site-packages/airflow/example_dags/example_branch_labels.py
[2022-09-28 16:58:03,168] {logging_mixin.py:115} INFO - [2022-09-28 16:58:03,168] {dag.py:2420} INFO - Sync 1 DAGs
[2022-09-28 16:58:03,226] {logging_mixin.py:115} INFO - [2022-09-28 16:58:03,226] {dag.py:2972} INFO - Setting next_dagrun for example_branch_labels to 2022-09-27T00:00:00+00:00, run_after=2022-09-28T00:00:00+00:00
[2022-09-28 16:58:03,250] {processor.py:161} INFO - Processing /home/airflow/.local/lib/python3.7/site-packages/airflow/example_dags/example_branch_labels.py took 0.458 seconds
[2022-09-28 16:58:33,545] {processor.py:153} INFO - Started process (PID=631) to work on /home/airflow/.local/lib/python3.7/site-packages/airflow/example_dags/example_branch_labels.py
[2022-09-28 16:58:33,567] {processor.py:641} INFO - Processing file /home/airflow/.local/lib/python3.7/site-packages/airflow/example_dags/example_branch_labels.py for tasks to queue
[2022-09-28 16:58:33,569] {logging_mixin.py:115} INFO - [2022-09-28 16:58:33,568] {dagbag.py:508} INFO - Filling up the DagBag from /home/airflow/.local/lib/python3.7/site-packages/airflow/example_dags/example_branch_labels.py
[2022-09-28 16:58:33,619] {processor.py:651} INFO - DAG(s) dict_keys(['example_branch_labels']) retrieved from /home/airflow/.local/lib/python3.7/site-packages/airflow/example_dags/example_branch_labels.py
[2022-09-28 16:58:33,767] {logging_mixin.py:115} INFO - [2022-09-28 16:58:33,766] {dag.py:2420} INFO - Sync 1 DAGs
[2022-09-28 16:58:34,068] {logging_mixin.py:115} INFO - [2022-09-28 16:58:34,068] {dag.py:2972} INFO - Setting next_dagrun for example_branch_labels to 2022-09-27T00:00:00+00:00, run_after=2022-09-28T00:00:00+00:00
[2022-09-28 16:58:34,141] {processor.py:161} INFO - Processing /home/airflow/.local/lib/python3.7/site-packages/airflow/example_dags/example_branch_labels.py took 0.599 seconds
[2022-09-28 16:59:04,381] {processor.py:153} INFO - Started process (PID=697) to work on /home/airflow/.local/lib/python3.7/site-packages/airflow/example_dags/example_branch_labels.py
[2022-09-28 16:59:04,383] {processor.py:641} INFO - Processing file /home/airflow/.local/lib/python3.7/site-packages/airflow/example_dags/example_branch_labels.py for tasks to queue
[2022-09-28 16:59:04,384] {logging_mixin.py:115} INFO - [2022-09-28 16:59:04,384] {dagbag.py:508} INFO - Filling up the DagBag from /home/airflow/.local/lib/python3.7/site-packages/airflow/example_dags/example_branch_labels.py
[2022-09-28 16:59:04,397] {processor.py:651} INFO - DAG(s) dict_keys(['example_branch_labels']) retrieved from /home/airflow/.local/lib/python3.7/site-packages/airflow/example_dags/example_branch_labels.py
[2022-09-28 16:59:04,436] {logging_mixin.py:115} INFO - [2022-09-28 16:59:04,435] {dag.py:2420} INFO - Sync 1 DAGs
[2022-09-28 16:59:04,478] {logging_mixin.py:115} INFO - [2022-09-28 16:59:04,478] {dag.py:2972} INFO - Setting next_dagrun for example_branch_labels to 2022-09-27T00:00:00+00:00, run_after=2022-09-28T00:00:00+00:00
[2022-09-28 16:59:04,503] {processor.py:161} INFO - Processing /home/airflow/.local/lib/python3.7/site-packages/airflow/example_dags/example_branch_labels.py took 0.132 seconds
[2022-09-28 17:08:31,109] {processor.py:153} INFO - Started process (PID=131) to work on /home/airflow/.local/lib/python3.7/site-packages/airflow/example_dags/example_branch_labels.py
[2022-09-28 17:08:31,113] {processor.py:641} INFO - Processing file /home/airflow/.local/lib/python3.7/site-packages/airflow/example_dags/example_branch_labels.py for tasks to queue
[2022-09-28 17:08:31,137] {logging_mixin.py:115} INFO - [2022-09-28 17:08:31,137] {dagbag.py:508} INFO - Filling up the DagBag from /home/airflow/.local/lib/python3.7/site-packages/airflow/example_dags/example_branch_labels.py
[2022-09-28 17:08:31,167] {processor.py:651} INFO - DAG(s) dict_keys(['example_branch_labels']) retrieved from /home/airflow/.local/lib/python3.7/site-packages/airflow/example_dags/example_branch_labels.py
[2022-09-28 17:08:31,944] {logging_mixin.py:115} INFO - [2022-09-28 17:08:31,944] {manager.py:508} INFO - Created Permission View: can read on DAG:example_branch_labels
[2022-09-28 17:08:31,994] {logging_mixin.py:115} INFO - [2022-09-28 17:08:31,994] {manager.py:508} INFO - Created Permission View: can delete on DAG:example_branch_labels
[2022-09-28 17:08:32,024] {logging_mixin.py:115} INFO - [2022-09-28 17:08:32,024] {manager.py:508} INFO - Created Permission View: can edit on DAG:example_branch_labels
[2022-09-28 17:08:32,026] {logging_mixin.py:115} INFO - [2022-09-28 17:08:32,026] {dag.py:2420} INFO - Sync 1 DAGs
[2022-09-28 17:08:32,071] {logging_mixin.py:115} INFO - [2022-09-28 17:08:32,071] {dag.py:2439} INFO - Creating ORM DAG for example_branch_labels
[2022-09-28 17:08:32,145] {logging_mixin.py:115} INFO - [2022-09-28 17:08:32,133] {dag.py:2972} INFO - Setting next_dagrun for example_branch_labels to 2022-09-27T00:00:00+00:00, run_after=2022-09-28T00:00:00+00:00
[2022-09-28 17:08:32,183] {processor.py:161} INFO - Processing /home/airflow/.local/lib/python3.7/site-packages/airflow/example_dags/example_branch_labels.py took 1.092 seconds
[2022-09-28 17:09:02,459] {processor.py:153} INFO - Started process (PID=197) to work on /home/airflow/.local/lib/python3.7/site-packages/airflow/example_dags/example_branch_labels.py
[2022-09-28 17:09:02,460] {processor.py:641} INFO - Processing file /home/airflow/.local/lib/python3.7/site-packages/airflow/example_dags/example_branch_labels.py for tasks to queue
[2022-09-28 17:09:02,462] {logging_mixin.py:115} INFO - [2022-09-28 17:09:02,461] {dagbag.py:508} INFO - Filling up the DagBag from /home/airflow/.local/lib/python3.7/site-packages/airflow/example_dags/example_branch_labels.py
[2022-09-28 17:09:02,471] {processor.py:651} INFO - DAG(s) dict_keys(['example_branch_labels']) retrieved from /home/airflow/.local/lib/python3.7/site-packages/airflow/example_dags/example_branch_labels.py
[2022-09-28 17:09:02,644] {logging_mixin.py:115} INFO - [2022-09-28 17:09:02,643] {dag.py:2420} INFO - Sync 1 DAGs
[2022-09-28 17:09:02,667] {logging_mixin.py:115} INFO - [2022-09-28 17:09:02,667] {dag.py:2972} INFO - Setting next_dagrun for example_branch_labels to 2022-09-27T00:00:00+00:00, run_after=2022-09-28T00:00:00+00:00
[2022-09-28 17:09:02,680] {processor.py:161} INFO - Processing /home/airflow/.local/lib/python3.7/site-packages/airflow/example_dags/example_branch_labels.py took 0.230 seconds
[2022-09-28 17:09:32,974] {processor.py:153} INFO - Started process (PID=264) to work on /home/airflow/.local/lib/python3.7/site-packages/airflow/example_dags/example_branch_labels.py
[2022-09-28 17:09:32,977] {processor.py:641} INFO - Processing file /home/airflow/.local/lib/python3.7/site-packages/airflow/example_dags/example_branch_labels.py for tasks to queue
[2022-09-28 17:09:32,979] {logging_mixin.py:115} INFO - [2022-09-28 17:09:32,979] {dagbag.py:508} INFO - Filling up the DagBag from /home/airflow/.local/lib/python3.7/site-packages/airflow/example_dags/example_branch_labels.py
[2022-09-28 17:09:32,990] {processor.py:651} INFO - DAG(s) dict_keys(['example_branch_labels']) retrieved from /home/airflow/.local/lib/python3.7/site-packages/airflow/example_dags/example_branch_labels.py
[2022-09-28 17:09:33,151] {logging_mixin.py:115} INFO - [2022-09-28 17:09:33,150] {dag.py:2420} INFO - Sync 1 DAGs
[2022-09-28 17:09:33,177] {logging_mixin.py:115} INFO - [2022-09-28 17:09:33,177] {dag.py:2972} INFO - Setting next_dagrun for example_branch_labels to 2022-09-27T00:00:00+00:00, run_after=2022-09-28T00:00:00+00:00
[2022-09-28 17:09:33,195] {processor.py:161} INFO - Processing /home/airflow/.local/lib/python3.7/site-packages/airflow/example_dags/example_branch_labels.py took 0.234 seconds
[2022-09-28 17:10:03,723] {processor.py:153} INFO - Started process (PID=320) to work on /home/airflow/.local/lib/python3.7/site-packages/airflow/example_dags/example_branch_labels.py
[2022-09-28 17:10:03,726] {processor.py:641} INFO - Processing file /home/airflow/.local/lib/python3.7/site-packages/airflow/example_dags/example_branch_labels.py for tasks to queue
[2022-09-28 17:10:03,728] {logging_mixin.py:115} INFO - [2022-09-28 17:10:03,728] {dagbag.py:508} INFO - Filling up the DagBag from /home/airflow/.local/lib/python3.7/site-packages/airflow/example_dags/example_branch_labels.py
[2022-09-28 17:10:03,738] {processor.py:651} INFO - DAG(s) dict_keys(['example_branch_labels']) retrieved from /home/airflow/.local/lib/python3.7/site-packages/airflow/example_dags/example_branch_labels.py
[2022-09-28 17:10:03,917] {logging_mixin.py:115} INFO - [2022-09-28 17:10:03,917] {dag.py:2420} INFO - Sync 1 DAGs
[2022-09-28 17:10:03,945] {logging_mixin.py:115} INFO - [2022-09-28 17:10:03,944] {dag.py:2972} INFO - Setting next_dagrun for example_branch_labels to 2022-09-27T00:00:00+00:00, run_after=2022-09-28T00:00:00+00:00
[2022-09-28 17:10:03,960] {processor.py:161} INFO - Processing /home/airflow/.local/lib/python3.7/site-packages/airflow/example_dags/example_branch_labels.py took 0.245 seconds
[2022-09-28 17:10:34,520] {processor.py:153} INFO - Started process (PID=385) to work on /home/airflow/.local/lib/python3.7/site-packages/airflow/example_dags/example_branch_labels.py
[2022-09-28 17:10:34,522] {processor.py:641} INFO - Processing file /home/airflow/.local/lib/python3.7/site-packages/airflow/example_dags/example_branch_labels.py for tasks to queue
[2022-09-28 17:10:34,524] {logging_mixin.py:115} INFO - [2022-09-28 17:10:34,523] {dagbag.py:508} INFO - Filling up the DagBag from /home/airflow/.local/lib/python3.7/site-packages/airflow/example_dags/example_branch_labels.py
[2022-09-28 17:10:34,535] {processor.py:651} INFO - DAG(s) dict_keys(['example_branch_labels']) retrieved from /home/airflow/.local/lib/python3.7/site-packages/airflow/example_dags/example_branch_labels.py
[2022-09-28 17:10:34,720] {logging_mixin.py:115} INFO - [2022-09-28 17:10:34,720] {dag.py:2420} INFO - Sync 1 DAGs
[2022-09-28 17:10:34,758] {logging_mixin.py:115} INFO - [2022-09-28 17:10:34,758] {dag.py:2972} INFO - Setting next_dagrun for example_branch_labels to 2022-09-27T00:00:00+00:00, run_after=2022-09-28T00:00:00+00:00
[2022-09-28 17:10:34,781] {processor.py:161} INFO - Processing /home/airflow/.local/lib/python3.7/site-packages/airflow/example_dags/example_branch_labels.py took 0.266 seconds
[2022-09-28 17:11:04,944] {processor.py:153} INFO - Started process (PID=451) to work on /home/airflow/.local/lib/python3.7/site-packages/airflow/example_dags/example_branch_labels.py
[2022-09-28 17:11:04,945] {processor.py:641} INFO - Processing file /home/airflow/.local/lib/python3.7/site-packages/airflow/example_dags/example_branch_labels.py for tasks to queue
[2022-09-28 17:11:04,948] {logging_mixin.py:115} INFO - [2022-09-28 17:11:04,948] {dagbag.py:508} INFO - Filling up the DagBag from /home/airflow/.local/lib/python3.7/site-packages/airflow/example_dags/example_branch_labels.py
[2022-09-28 17:11:04,959] {processor.py:651} INFO - DAG(s) dict_keys(['example_branch_labels']) retrieved from /home/airflow/.local/lib/python3.7/site-packages/airflow/example_dags/example_branch_labels.py
[2022-09-28 17:11:05,135] {logging_mixin.py:115} INFO - [2022-09-28 17:11:05,135] {dag.py:2420} INFO - Sync 1 DAGs
[2022-09-28 17:11:05,163] {logging_mixin.py:115} INFO - [2022-09-28 17:11:05,163] {dag.py:2972} INFO - Setting next_dagrun for example_branch_labels to 2022-09-27T00:00:00+00:00, run_after=2022-09-28T00:00:00+00:00
[2022-09-28 17:11:05,181] {processor.py:161} INFO - Processing /home/airflow/.local/lib/python3.7/site-packages/airflow/example_dags/example_branch_labels.py took 0.242 seconds
[2022-09-28 17:11:36,095] {processor.py:153} INFO - Started process (PID=506) to work on /home/airflow/.local/lib/python3.7/site-packages/airflow/example_dags/example_branch_labels.py
[2022-09-28 17:11:36,098] {processor.py:641} INFO - Processing file /home/airflow/.local/lib/python3.7/site-packages/airflow/example_dags/example_branch_labels.py for tasks to queue
[2022-09-28 17:11:36,101] {logging_mixin.py:115} INFO - [2022-09-28 17:11:36,100] {dagbag.py:508} INFO - Filling up the DagBag from /home/airflow/.local/lib/python3.7/site-packages/airflow/example_dags/example_branch_labels.py
[2022-09-28 17:11:36,130] {processor.py:651} INFO - DAG(s) dict_keys(['example_branch_labels']) retrieved from /home/airflow/.local/lib/python3.7/site-packages/airflow/example_dags/example_branch_labels.py
[2022-09-28 17:11:36,462] {logging_mixin.py:115} INFO - [2022-09-28 17:11:36,462] {dag.py:2420} INFO - Sync 1 DAGs
[2022-09-28 17:11:36,549] {logging_mixin.py:115} INFO - [2022-09-28 17:11:36,549] {dag.py:2972} INFO - Setting next_dagrun for example_branch_labels to 2022-09-27T00:00:00+00:00, run_after=2022-09-28T00:00:00+00:00
[2022-09-28 17:11:36,608] {processor.py:161} INFO - Processing /home/airflow/.local/lib/python3.7/site-packages/airflow/example_dags/example_branch_labels.py took 0.536 seconds
[2022-09-28 17:12:07,092] {processor.py:153} INFO - Started process (PID=573) to work on /home/airflow/.local/lib/python3.7/site-packages/airflow/example_dags/example_branch_labels.py
[2022-09-28 17:12:07,094] {processor.py:641} INFO - Processing file /home/airflow/.local/lib/python3.7/site-packages/airflow/example_dags/example_branch_labels.py for tasks to queue
[2022-09-28 17:12:07,096] {logging_mixin.py:115} INFO - [2022-09-28 17:12:07,096] {dagbag.py:508} INFO - Filling up the DagBag from /home/airflow/.local/lib/python3.7/site-packages/airflow/example_dags/example_branch_labels.py
[2022-09-28 17:12:07,111] {processor.py:651} INFO - DAG(s) dict_keys(['example_branch_labels']) retrieved from /home/airflow/.local/lib/python3.7/site-packages/airflow/example_dags/example_branch_labels.py
[2022-09-28 17:12:07,298] {logging_mixin.py:115} INFO - [2022-09-28 17:12:07,297] {dag.py:2420} INFO - Sync 1 DAGs
[2022-09-28 17:12:07,326] {logging_mixin.py:115} INFO - [2022-09-28 17:12:07,326] {dag.py:2972} INFO - Setting next_dagrun for example_branch_labels to 2022-09-27T00:00:00+00:00, run_after=2022-09-28T00:00:00+00:00
[2022-09-28 17:12:07,341] {processor.py:161} INFO - Processing /home/airflow/.local/lib/python3.7/site-packages/airflow/example_dags/example_branch_labels.py took 0.256 seconds
[2022-09-28 17:12:37,896] {processor.py:153} INFO - Started process (PID=639) to work on /home/airflow/.local/lib/python3.7/site-packages/airflow/example_dags/example_branch_labels.py
[2022-09-28 17:12:37,898] {processor.py:641} INFO - Processing file /home/airflow/.local/lib/python3.7/site-packages/airflow/example_dags/example_branch_labels.py for tasks to queue
[2022-09-28 17:12:37,900] {logging_mixin.py:115} INFO - [2022-09-28 17:12:37,900] {dagbag.py:508} INFO - Filling up the DagBag from /home/airflow/.local/lib/python3.7/site-packages/airflow/example_dags/example_branch_labels.py
[2022-09-28 17:12:37,911] {processor.py:651} INFO - DAG(s) dict_keys(['example_branch_labels']) retrieved from /home/airflow/.local/lib/python3.7/site-packages/airflow/example_dags/example_branch_labels.py
[2022-09-28 17:12:38,098] {logging_mixin.py:115} INFO - [2022-09-28 17:12:38,098] {dag.py:2420} INFO - Sync 1 DAGs
[2022-09-28 17:12:38,125] {logging_mixin.py:115} INFO - [2022-09-28 17:12:38,125] {dag.py:2972} INFO - Setting next_dagrun for example_branch_labels to 2022-09-27T00:00:00+00:00, run_after=2022-09-28T00:00:00+00:00
[2022-09-28 17:12:38,145] {processor.py:161} INFO - Processing /home/airflow/.local/lib/python3.7/site-packages/airflow/example_dags/example_branch_labels.py took 0.253 seconds
[2022-09-28 17:13:08,546] {processor.py:153} INFO - Started process (PID=693) to work on /home/airflow/.local/lib/python3.7/site-packages/airflow/example_dags/example_branch_labels.py
[2022-09-28 17:13:08,548] {processor.py:641} INFO - Processing file /home/airflow/.local/lib/python3.7/site-packages/airflow/example_dags/example_branch_labels.py for tasks to queue
[2022-09-28 17:13:08,550] {logging_mixin.py:115} INFO - [2022-09-28 17:13:08,550] {dagbag.py:508} INFO - Filling up the DagBag from /home/airflow/.local/lib/python3.7/site-packages/airflow/example_dags/example_branch_labels.py
[2022-09-28 17:13:08,565] {processor.py:651} INFO - DAG(s) dict_keys(['example_branch_labels']) retrieved from /home/airflow/.local/lib/python3.7/site-packages/airflow/example_dags/example_branch_labels.py
[2022-09-28 17:13:08,727] {logging_mixin.py:115} INFO - [2022-09-28 17:13:08,727] {dag.py:2420} INFO - Sync 1 DAGs
[2022-09-28 17:13:08,761] {logging_mixin.py:115} INFO - [2022-09-28 17:13:08,760] {dag.py:2972} INFO - Setting next_dagrun for example_branch_labels to 2022-09-27T00:00:00+00:00, run_after=2022-09-28T00:00:00+00:00
[2022-09-28 17:13:08,780] {processor.py:161} INFO - Processing /home/airflow/.local/lib/python3.7/site-packages/airflow/example_dags/example_branch_labels.py took 0.238 seconds
[2022-09-28 17:13:38,973] {processor.py:153} INFO - Started process (PID=756) to work on /home/airflow/.local/lib/python3.7/site-packages/airflow/example_dags/example_branch_labels.py
[2022-09-28 17:13:38,975] {processor.py:641} INFO - Processing file /home/airflow/.local/lib/python3.7/site-packages/airflow/example_dags/example_branch_labels.py for tasks to queue
[2022-09-28 17:13:38,976] {logging_mixin.py:115} INFO - [2022-09-28 17:13:38,976] {dagbag.py:508} INFO - Filling up the DagBag from /home/airflow/.local/lib/python3.7/site-packages/airflow/example_dags/example_branch_labels.py
[2022-09-28 17:13:38,986] {processor.py:651} INFO - DAG(s) dict_keys(['example_branch_labels']) retrieved from /home/airflow/.local/lib/python3.7/site-packages/airflow/example_dags/example_branch_labels.py
[2022-09-28 17:13:39,017] {logging_mixin.py:115} INFO - [2022-09-28 17:13:39,017] {dag.py:2420} INFO - Sync 1 DAGs
[2022-09-28 17:13:39,050] {logging_mixin.py:115} INFO - [2022-09-28 17:13:39,050] {dag.py:2972} INFO - Setting next_dagrun for example_branch_labels to 2022-09-27T00:00:00+00:00, run_after=2022-09-28T00:00:00+00:00
[2022-09-28 17:13:39,072] {processor.py:161} INFO - Processing /home/airflow/.local/lib/python3.7/site-packages/airflow/example_dags/example_branch_labels.py took 0.103 seconds
[2022-09-28 17:14:09,723] {processor.py:153} INFO - Started process (PID=813) to work on /home/airflow/.local/lib/python3.7/site-packages/airflow/example_dags/example_branch_labels.py
[2022-09-28 17:14:09,725] {processor.py:641} INFO - Processing file /home/airflow/.local/lib/python3.7/site-packages/airflow/example_dags/example_branch_labels.py for tasks to queue
[2022-09-28 17:14:09,728] {logging_mixin.py:115} INFO - [2022-09-28 17:14:09,728] {dagbag.py:508} INFO - Filling up the DagBag from /home/airflow/.local/lib/python3.7/site-packages/airflow/example_dags/example_branch_labels.py
[2022-09-28 17:14:09,742] {processor.py:651} INFO - DAG(s) dict_keys(['example_branch_labels']) retrieved from /home/airflow/.local/lib/python3.7/site-packages/airflow/example_dags/example_branch_labels.py
[2022-09-28 17:14:09,780] {logging_mixin.py:115} INFO - [2022-09-28 17:14:09,780] {dag.py:2420} INFO - Sync 1 DAGs
[2022-09-28 17:14:09,814] {logging_mixin.py:115} INFO - [2022-09-28 17:14:09,814] {dag.py:2972} INFO - Setting next_dagrun for example_branch_labels to 2022-09-27T00:00:00+00:00, run_after=2022-09-28T00:00:00+00:00
[2022-09-28 17:14:09,832] {processor.py:161} INFO - Processing /home/airflow/.local/lib/python3.7/site-packages/airflow/example_dags/example_branch_labels.py took 0.113 seconds
[2022-09-28 17:14:40,658] {processor.py:153} INFO - Started process (PID=877) to work on /home/airflow/.local/lib/python3.7/site-packages/airflow/example_dags/example_branch_labels.py
[2022-09-28 17:14:40,660] {processor.py:641} INFO - Processing file /home/airflow/.local/lib/python3.7/site-packages/airflow/example_dags/example_branch_labels.py for tasks to queue
[2022-09-28 17:14:40,661] {logging_mixin.py:115} INFO - [2022-09-28 17:14:40,661] {dagbag.py:508} INFO - Filling up the DagBag from /home/airflow/.local/lib/python3.7/site-packages/airflow/example_dags/example_branch_labels.py
[2022-09-28 17:14:40,671] {processor.py:651} INFO - DAG(s) dict_keys(['example_branch_labels']) retrieved from /home/airflow/.local/lib/python3.7/site-packages/airflow/example_dags/example_branch_labels.py
[2022-09-28 17:14:40,707] {logging_mixin.py:115} INFO - [2022-09-28 17:14:40,707] {dag.py:2420} INFO - Sync 1 DAGs
[2022-09-28 17:14:40,745] {logging_mixin.py:115} INFO - [2022-09-28 17:14:40,745] {dag.py:2972} INFO - Setting next_dagrun for example_branch_labels to 2022-09-27T00:00:00+00:00, run_after=2022-09-28T00:00:00+00:00
[2022-09-28 17:14:40,763] {processor.py:161} INFO - Processing /home/airflow/.local/lib/python3.7/site-packages/airflow/example_dags/example_branch_labels.py took 0.111 seconds
[2022-09-28 17:15:11,212] {processor.py:153} INFO - Started process (PID=944) to work on /home/airflow/.local/lib/python3.7/site-packages/airflow/example_dags/example_branch_labels.py
[2022-09-28 17:15:11,214] {processor.py:641} INFO - Processing file /home/airflow/.local/lib/python3.7/site-packages/airflow/example_dags/example_branch_labels.py for tasks to queue
[2022-09-28 17:15:11,215] {logging_mixin.py:115} INFO - [2022-09-28 17:15:11,215] {dagbag.py:508} INFO - Filling up the DagBag from /home/airflow/.local/lib/python3.7/site-packages/airflow/example_dags/example_branch_labels.py
[2022-09-28 17:15:11,224] {processor.py:651} INFO - DAG(s) dict_keys(['example_branch_labels']) retrieved from /home/airflow/.local/lib/python3.7/site-packages/airflow/example_dags/example_branch_labels.py
[2022-09-28 17:15:11,257] {logging_mixin.py:115} INFO - [2022-09-28 17:15:11,257] {dag.py:2420} INFO - Sync 1 DAGs
[2022-09-28 17:15:11,285] {logging_mixin.py:115} INFO - [2022-09-28 17:15:11,285] {dag.py:2972} INFO - Setting next_dagrun for example_branch_labels to 2022-09-27T00:00:00+00:00, run_after=2022-09-28T00:00:00+00:00
[2022-09-28 17:15:11,301] {processor.py:161} INFO - Processing /home/airflow/.local/lib/python3.7/site-packages/airflow/example_dags/example_branch_labels.py took 0.094 seconds
[2022-09-28 17:15:42,207] {processor.py:153} INFO - Started process (PID=1000) to work on /home/airflow/.local/lib/python3.7/site-packages/airflow/example_dags/example_branch_labels.py
[2022-09-28 17:15:42,210] {processor.py:641} INFO - Processing file /home/airflow/.local/lib/python3.7/site-packages/airflow/example_dags/example_branch_labels.py for tasks to queue
[2022-09-28 17:15:42,212] {logging_mixin.py:115} INFO - [2022-09-28 17:15:42,212] {dagbag.py:508} INFO - Filling up the DagBag from /home/airflow/.local/lib/python3.7/site-packages/airflow/example_dags/example_branch_labels.py
[2022-09-28 17:15:42,222] {processor.py:651} INFO - DAG(s) dict_keys(['example_branch_labels']) retrieved from /home/airflow/.local/lib/python3.7/site-packages/airflow/example_dags/example_branch_labels.py
[2022-09-28 17:15:42,263] {logging_mixin.py:115} INFO - [2022-09-28 17:15:42,263] {dag.py:2420} INFO - Sync 1 DAGs
[2022-09-28 17:15:42,294] {logging_mixin.py:115} INFO - [2022-09-28 17:15:42,294] {dag.py:2972} INFO - Setting next_dagrun for example_branch_labels to 2022-09-27T00:00:00+00:00, run_after=2022-09-28T00:00:00+00:00
[2022-09-28 17:15:42,311] {processor.py:161} INFO - Processing /home/airflow/.local/lib/python3.7/site-packages/airflow/example_dags/example_branch_labels.py took 0.109 seconds
[2022-09-28 17:16:12,648] {processor.py:153} INFO - Started process (PID=1064) to work on /home/airflow/.local/lib/python3.7/site-packages/airflow/example_dags/example_branch_labels.py
[2022-09-28 17:16:12,649] {processor.py:641} INFO - Processing file /home/airflow/.local/lib/python3.7/site-packages/airflow/example_dags/example_branch_labels.py for tasks to queue
[2022-09-28 17:16:12,651] {logging_mixin.py:115} INFO - [2022-09-28 17:16:12,651] {dagbag.py:508} INFO - Filling up the DagBag from /home/airflow/.local/lib/python3.7/site-packages/airflow/example_dags/example_branch_labels.py
[2022-09-28 17:16:12,662] {processor.py:651} INFO - DAG(s) dict_keys(['example_branch_labels']) retrieved from /home/airflow/.local/lib/python3.7/site-packages/airflow/example_dags/example_branch_labels.py
[2022-09-28 17:16:12,693] {logging_mixin.py:115} INFO - [2022-09-28 17:16:12,692] {dag.py:2420} INFO - Sync 1 DAGs
[2022-09-28 17:16:12,724] {logging_mixin.py:115} INFO - [2022-09-28 17:16:12,724] {dag.py:2972} INFO - Setting next_dagrun for example_branch_labels to 2022-09-27T00:00:00+00:00, run_after=2022-09-28T00:00:00+00:00
[2022-09-28 17:16:12,741] {processor.py:161} INFO - Processing /home/airflow/.local/lib/python3.7/site-packages/airflow/example_dags/example_branch_labels.py took 0.097 seconds
[2022-09-28 17:16:42,930] {processor.py:153} INFO - Started process (PID=1129) to work on /home/airflow/.local/lib/python3.7/site-packages/airflow/example_dags/example_branch_labels.py
[2022-09-28 17:16:42,932] {processor.py:641} INFO - Processing file /home/airflow/.local/lib/python3.7/site-packages/airflow/example_dags/example_branch_labels.py for tasks to queue
[2022-09-28 17:16:42,933] {logging_mixin.py:115} INFO - [2022-09-28 17:16:42,933] {dagbag.py:508} INFO - Filling up the DagBag from /home/airflow/.local/lib/python3.7/site-packages/airflow/example_dags/example_branch_labels.py
[2022-09-28 17:16:42,943] {processor.py:651} INFO - DAG(s) dict_keys(['example_branch_labels']) retrieved from /home/airflow/.local/lib/python3.7/site-packages/airflow/example_dags/example_branch_labels.py
[2022-09-28 17:16:42,977] {logging_mixin.py:115} INFO - [2022-09-28 17:16:42,977] {dag.py:2420} INFO - Sync 1 DAGs
[2022-09-28 17:16:43,009] {logging_mixin.py:115} INFO - [2022-09-28 17:16:43,009] {dag.py:2972} INFO - Setting next_dagrun for example_branch_labels to 2022-09-27T00:00:00+00:00, run_after=2022-09-28T00:00:00+00:00
[2022-09-28 17:16:43,024] {processor.py:161} INFO - Processing /home/airflow/.local/lib/python3.7/site-packages/airflow/example_dags/example_branch_labels.py took 0.098 seconds
[2022-09-28 17:17:13,116] {processor.py:153} INFO - Started process (PID=1186) to work on /home/airflow/.local/lib/python3.7/site-packages/airflow/example_dags/example_branch_labels.py
[2022-09-28 17:17:13,117] {processor.py:641} INFO - Processing file /home/airflow/.local/lib/python3.7/site-packages/airflow/example_dags/example_branch_labels.py for tasks to queue
[2022-09-28 17:17:13,118] {logging_mixin.py:115} INFO - [2022-09-28 17:17:13,118] {dagbag.py:508} INFO - Filling up the DagBag from /home/airflow/.local/lib/python3.7/site-packages/airflow/example_dags/example_branch_labels.py
[2022-09-28 17:17:13,131] {processor.py:651} INFO - DAG(s) dict_keys(['example_branch_labels']) retrieved from /home/airflow/.local/lib/python3.7/site-packages/airflow/example_dags/example_branch_labels.py
[2022-09-28 17:17:13,173] {logging_mixin.py:115} INFO - [2022-09-28 17:17:13,173] {dag.py:2420} INFO - Sync 1 DAGs
[2022-09-28 17:17:13,203] {logging_mixin.py:115} INFO - [2022-09-28 17:17:13,203] {dag.py:2972} INFO - Setting next_dagrun for example_branch_labels to 2022-09-27T00:00:00+00:00, run_after=2022-09-28T00:00:00+00:00
[2022-09-28 17:17:13,220] {processor.py:161} INFO - Processing /home/airflow/.local/lib/python3.7/site-packages/airflow/example_dags/example_branch_labels.py took 0.110 seconds
[2022-09-28 17:17:43,979] {processor.py:153} INFO - Started process (PID=1253) to work on /home/airflow/.local/lib/python3.7/site-packages/airflow/example_dags/example_branch_labels.py
[2022-09-28 17:17:43,981] {processor.py:641} INFO - Processing file /home/airflow/.local/lib/python3.7/site-packages/airflow/example_dags/example_branch_labels.py for tasks to queue
[2022-09-28 17:17:43,982] {logging_mixin.py:115} INFO - [2022-09-28 17:17:43,982] {dagbag.py:508} INFO - Filling up the DagBag from /home/airflow/.local/lib/python3.7/site-packages/airflow/example_dags/example_branch_labels.py
[2022-09-28 17:17:43,999] {processor.py:651} INFO - DAG(s) dict_keys(['example_branch_labels']) retrieved from /home/airflow/.local/lib/python3.7/site-packages/airflow/example_dags/example_branch_labels.py
[2022-09-28 17:17:44,036] {logging_mixin.py:115} INFO - [2022-09-28 17:17:44,036] {dag.py:2420} INFO - Sync 1 DAGs
[2022-09-28 17:17:44,075] {logging_mixin.py:115} INFO - [2022-09-28 17:17:44,075] {dag.py:2972} INFO - Setting next_dagrun for example_branch_labels to 2022-09-27T00:00:00+00:00, run_after=2022-09-28T00:00:00+00:00
[2022-09-28 17:17:44,096] {processor.py:161} INFO - Processing /home/airflow/.local/lib/python3.7/site-packages/airflow/example_dags/example_branch_labels.py took 0.125 seconds
[2022-09-28 17:18:14,791] {processor.py:153} INFO - Started process (PID=1319) to work on /home/airflow/.local/lib/python3.7/site-packages/airflow/example_dags/example_branch_labels.py
[2022-09-28 17:18:14,812] {processor.py:641} INFO - Processing file /home/airflow/.local/lib/python3.7/site-packages/airflow/example_dags/example_branch_labels.py for tasks to queue
[2022-09-28 17:18:14,818] {logging_mixin.py:115} INFO - [2022-09-28 17:18:14,818] {dagbag.py:508} INFO - Filling up the DagBag from /home/airflow/.local/lib/python3.7/site-packages/airflow/example_dags/example_branch_labels.py
[2022-09-28 17:18:14,876] {processor.py:651} INFO - DAG(s) dict_keys(['example_branch_labels']) retrieved from /home/airflow/.local/lib/python3.7/site-packages/airflow/example_dags/example_branch_labels.py
[2022-09-28 17:18:15,000] {logging_mixin.py:115} INFO - [2022-09-28 17:18:14,999] {dag.py:2420} INFO - Sync 1 DAGs
[2022-09-28 17:18:15,227] {logging_mixin.py:115} INFO - [2022-09-28 17:18:15,227] {dag.py:2972} INFO - Setting next_dagrun for example_branch_labels to 2022-09-27T00:00:00+00:00, run_after=2022-09-28T00:00:00+00:00
[2022-09-28 17:18:15,299] {processor.py:161} INFO - Processing /home/airflow/.local/lib/python3.7/site-packages/airflow/example_dags/example_branch_labels.py took 0.526 seconds
[2022-09-28 17:18:45,637] {processor.py:153} INFO - Started process (PID=1374) to work on /home/airflow/.local/lib/python3.7/site-packages/airflow/example_dags/example_branch_labels.py
[2022-09-28 17:18:45,639] {processor.py:641} INFO - Processing file /home/airflow/.local/lib/python3.7/site-packages/airflow/example_dags/example_branch_labels.py for tasks to queue
[2022-09-28 17:18:45,641] {logging_mixin.py:115} INFO - [2022-09-28 17:18:45,641] {dagbag.py:508} INFO - Filling up the DagBag from /home/airflow/.local/lib/python3.7/site-packages/airflow/example_dags/example_branch_labels.py
[2022-09-28 17:18:45,653] {processor.py:651} INFO - DAG(s) dict_keys(['example_branch_labels']) retrieved from /home/airflow/.local/lib/python3.7/site-packages/airflow/example_dags/example_branch_labels.py
[2022-09-28 17:18:45,694] {logging_mixin.py:115} INFO - [2022-09-28 17:18:45,694] {dag.py:2420} INFO - Sync 1 DAGs
[2022-09-28 17:18:45,735] {logging_mixin.py:115} INFO - [2022-09-28 17:18:45,734] {dag.py:2972} INFO - Setting next_dagrun for example_branch_labels to 2022-09-27T00:00:00+00:00, run_after=2022-09-28T00:00:00+00:00
[2022-09-28 17:18:45,762] {processor.py:161} INFO - Processing /home/airflow/.local/lib/python3.7/site-packages/airflow/example_dags/example_branch_labels.py took 0.131 seconds
[2022-09-28 17:19:16,396] {processor.py:153} INFO - Started process (PID=1429) to work on /home/airflow/.local/lib/python3.7/site-packages/airflow/example_dags/example_branch_labels.py
[2022-09-28 17:19:16,398] {processor.py:641} INFO - Processing file /home/airflow/.local/lib/python3.7/site-packages/airflow/example_dags/example_branch_labels.py for tasks to queue
[2022-09-28 17:19:16,400] {logging_mixin.py:115} INFO - [2022-09-28 17:19:16,400] {dagbag.py:508} INFO - Filling up the DagBag from /home/airflow/.local/lib/python3.7/site-packages/airflow/example_dags/example_branch_labels.py
[2022-09-28 17:19:16,412] {processor.py:651} INFO - DAG(s) dict_keys(['example_branch_labels']) retrieved from /home/airflow/.local/lib/python3.7/site-packages/airflow/example_dags/example_branch_labels.py
[2022-09-28 17:19:16,458] {logging_mixin.py:115} INFO - [2022-09-28 17:19:16,458] {dag.py:2420} INFO - Sync 1 DAGs
[2022-09-28 17:19:16,499] {logging_mixin.py:115} INFO - [2022-09-28 17:19:16,499] {dag.py:2972} INFO - Setting next_dagrun for example_branch_labels to 2022-09-27T00:00:00+00:00, run_after=2022-09-28T00:00:00+00:00
[2022-09-28 17:19:16,516] {processor.py:161} INFO - Processing /home/airflow/.local/lib/python3.7/site-packages/airflow/example_dags/example_branch_labels.py took 0.125 seconds
[2022-09-28 17:19:46,719] {processor.py:153} INFO - Started process (PID=1495) to work on /home/airflow/.local/lib/python3.7/site-packages/airflow/example_dags/example_branch_labels.py
[2022-09-28 17:19:46,721] {processor.py:641} INFO - Processing file /home/airflow/.local/lib/python3.7/site-packages/airflow/example_dags/example_branch_labels.py for tasks to queue
[2022-09-28 17:19:46,724] {logging_mixin.py:115} INFO - [2022-09-28 17:19:46,723] {dagbag.py:508} INFO - Filling up the DagBag from /home/airflow/.local/lib/python3.7/site-packages/airflow/example_dags/example_branch_labels.py
[2022-09-28 17:19:46,741] {processor.py:651} INFO - DAG(s) dict_keys(['example_branch_labels']) retrieved from /home/airflow/.local/lib/python3.7/site-packages/airflow/example_dags/example_branch_labels.py
[2022-09-28 17:19:46,792] {logging_mixin.py:115} INFO - [2022-09-28 17:19:46,792] {dag.py:2420} INFO - Sync 1 DAGs
[2022-09-28 17:19:46,833] {logging_mixin.py:115} INFO - [2022-09-28 17:19:46,833] {dag.py:2972} INFO - Setting next_dagrun for example_branch_labels to 2022-09-27T00:00:00+00:00, run_after=2022-09-28T00:00:00+00:00
[2022-09-28 17:19:46,855] {processor.py:161} INFO - Processing /home/airflow/.local/lib/python3.7/site-packages/airflow/example_dags/example_branch_labels.py took 0.141 seconds
[2022-09-28 17:20:16,985] {processor.py:153} INFO - Started process (PID=1550) to work on /home/airflow/.local/lib/python3.7/site-packages/airflow/example_dags/example_branch_labels.py
[2022-09-28 17:20:16,987] {processor.py:641} INFO - Processing file /home/airflow/.local/lib/python3.7/site-packages/airflow/example_dags/example_branch_labels.py for tasks to queue
[2022-09-28 17:20:16,990] {logging_mixin.py:115} INFO - [2022-09-28 17:20:16,990] {dagbag.py:508} INFO - Filling up the DagBag from /home/airflow/.local/lib/python3.7/site-packages/airflow/example_dags/example_branch_labels.py
[2022-09-28 17:20:17,010] {processor.py:651} INFO - DAG(s) dict_keys(['example_branch_labels']) retrieved from /home/airflow/.local/lib/python3.7/site-packages/airflow/example_dags/example_branch_labels.py
[2022-09-28 17:20:17,085] {logging_mixin.py:115} INFO - [2022-09-28 17:20:17,085] {dag.py:2420} INFO - Sync 1 DAGs
[2022-09-28 17:20:17,121] {logging_mixin.py:115} INFO - [2022-09-28 17:20:17,120] {dag.py:2972} INFO - Setting next_dagrun for example_branch_labels to 2022-09-27T00:00:00+00:00, run_after=2022-09-28T00:00:00+00:00
[2022-09-28 17:20:17,145] {processor.py:161} INFO - Processing /home/airflow/.local/lib/python3.7/site-packages/airflow/example_dags/example_branch_labels.py took 0.174 seconds
[2022-09-28 17:20:47,535] {processor.py:153} INFO - Started process (PID=1617) to work on /home/airflow/.local/lib/python3.7/site-packages/airflow/example_dags/example_branch_labels.py
[2022-09-28 17:20:47,546] {processor.py:641} INFO - Processing file /home/airflow/.local/lib/python3.7/site-packages/airflow/example_dags/example_branch_labels.py for tasks to queue
[2022-09-28 17:20:47,548] {logging_mixin.py:115} INFO - [2022-09-28 17:20:47,548] {dagbag.py:508} INFO - Filling up the DagBag from /home/airflow/.local/lib/python3.7/site-packages/airflow/example_dags/example_branch_labels.py
[2022-09-28 17:20:47,566] {processor.py:651} INFO - DAG(s) dict_keys(['example_branch_labels']) retrieved from /home/airflow/.local/lib/python3.7/site-packages/airflow/example_dags/example_branch_labels.py
[2022-09-28 17:20:47,648] {logging_mixin.py:115} INFO - [2022-09-28 17:20:47,647] {dag.py:2420} INFO - Sync 1 DAGs
[2022-09-28 17:20:47,724] {logging_mixin.py:115} INFO - [2022-09-28 17:20:47,724] {dag.py:2972} INFO - Setting next_dagrun for example_branch_labels to 2022-09-27T00:00:00+00:00, run_after=2022-09-28T00:00:00+00:00
[2022-09-28 17:20:47,792] {processor.py:161} INFO - Processing /home/airflow/.local/lib/python3.7/site-packages/airflow/example_dags/example_branch_labels.py took 0.268 seconds
[2022-09-28 17:21:18,658] {processor.py:153} INFO - Started process (PID=1671) to work on /home/airflow/.local/lib/python3.7/site-packages/airflow/example_dags/example_branch_labels.py
[2022-09-28 17:21:18,660] {processor.py:641} INFO - Processing file /home/airflow/.local/lib/python3.7/site-packages/airflow/example_dags/example_branch_labels.py for tasks to queue
[2022-09-28 17:21:18,661] {logging_mixin.py:115} INFO - [2022-09-28 17:21:18,661] {dagbag.py:508} INFO - Filling up the DagBag from /home/airflow/.local/lib/python3.7/site-packages/airflow/example_dags/example_branch_labels.py
[2022-09-28 17:21:18,683] {processor.py:651} INFO - DAG(s) dict_keys(['example_branch_labels']) retrieved from /home/airflow/.local/lib/python3.7/site-packages/airflow/example_dags/example_branch_labels.py
[2022-09-28 17:21:18,735] {logging_mixin.py:115} INFO - [2022-09-28 17:21:18,735] {dag.py:2420} INFO - Sync 1 DAGs
[2022-09-28 17:21:18,773] {logging_mixin.py:115} INFO - [2022-09-28 17:21:18,772] {dag.py:2972} INFO - Setting next_dagrun for example_branch_labels to 2022-09-27T00:00:00+00:00, run_after=2022-09-28T00:00:00+00:00
[2022-09-28 17:21:18,808] {processor.py:161} INFO - Processing /home/airflow/.local/lib/python3.7/site-packages/airflow/example_dags/example_branch_labels.py took 0.155 seconds
[2022-09-28 17:21:49,042] {processor.py:153} INFO - Started process (PID=1738) to work on /home/airflow/.local/lib/python3.7/site-packages/airflow/example_dags/example_branch_labels.py
[2022-09-28 17:21:49,043] {processor.py:641} INFO - Processing file /home/airflow/.local/lib/python3.7/site-packages/airflow/example_dags/example_branch_labels.py for tasks to queue
[2022-09-28 17:21:49,045] {logging_mixin.py:115} INFO - [2022-09-28 17:21:49,044] {dagbag.py:508} INFO - Filling up the DagBag from /home/airflow/.local/lib/python3.7/site-packages/airflow/example_dags/example_branch_labels.py
[2022-09-28 17:21:49,053] {processor.py:651} INFO - DAG(s) dict_keys(['example_branch_labels']) retrieved from /home/airflow/.local/lib/python3.7/site-packages/airflow/example_dags/example_branch_labels.py
[2022-09-28 17:21:49,088] {logging_mixin.py:115} INFO - [2022-09-28 17:21:49,088] {dag.py:2420} INFO - Sync 1 DAGs
[2022-09-28 17:21:49,117] {logging_mixin.py:115} INFO - [2022-09-28 17:21:49,117] {dag.py:2972} INFO - Setting next_dagrun for example_branch_labels to 2022-09-27T00:00:00+00:00, run_after=2022-09-28T00:00:00+00:00
[2022-09-28 17:21:49,135] {processor.py:161} INFO - Processing /home/airflow/.local/lib/python3.7/site-packages/airflow/example_dags/example_branch_labels.py took 0.097 seconds
[2022-09-28 17:22:19,785] {processor.py:153} INFO - Started process (PID=1804) to work on /home/airflow/.local/lib/python3.7/site-packages/airflow/example_dags/example_branch_labels.py
[2022-09-28 17:22:19,800] {processor.py:641} INFO - Processing file /home/airflow/.local/lib/python3.7/site-packages/airflow/example_dags/example_branch_labels.py for tasks to queue
[2022-09-28 17:22:19,803] {logging_mixin.py:115} INFO - [2022-09-28 17:22:19,803] {dagbag.py:508} INFO - Filling up the DagBag from /home/airflow/.local/lib/python3.7/site-packages/airflow/example_dags/example_branch_labels.py
[2022-09-28 17:22:19,834] {processor.py:651} INFO - DAG(s) dict_keys(['example_branch_labels']) retrieved from /home/airflow/.local/lib/python3.7/site-packages/airflow/example_dags/example_branch_labels.py
[2022-09-28 17:22:19,907] {logging_mixin.py:115} INFO - [2022-09-28 17:22:19,907] {dag.py:2420} INFO - Sync 1 DAGs
[2022-09-28 17:22:19,953] {logging_mixin.py:115} INFO - [2022-09-28 17:22:19,953] {dag.py:2972} INFO - Setting next_dagrun for example_branch_labels to 2022-09-27T00:00:00+00:00, run_after=2022-09-28T00:00:00+00:00
[2022-09-28 17:22:19,971] {processor.py:161} INFO - Processing /home/airflow/.local/lib/python3.7/site-packages/airflow/example_dags/example_branch_labels.py took 0.210 seconds
[2022-09-28 17:22:50,247] {processor.py:153} INFO - Started process (PID=1859) to work on /home/airflow/.local/lib/python3.7/site-packages/airflow/example_dags/example_branch_labels.py
[2022-09-28 17:22:50,249] {processor.py:641} INFO - Processing file /home/airflow/.local/lib/python3.7/site-packages/airflow/example_dags/example_branch_labels.py for tasks to queue
[2022-09-28 17:22:50,251] {logging_mixin.py:115} INFO - [2022-09-28 17:22:50,250] {dagbag.py:508} INFO - Filling up the DagBag from /home/airflow/.local/lib/python3.7/site-packages/airflow/example_dags/example_branch_labels.py
[2022-09-28 17:22:50,263] {processor.py:651} INFO - DAG(s) dict_keys(['example_branch_labels']) retrieved from /home/airflow/.local/lib/python3.7/site-packages/airflow/example_dags/example_branch_labels.py
[2022-09-28 17:22:50,305] {logging_mixin.py:115} INFO - [2022-09-28 17:22:50,305] {dag.py:2420} INFO - Sync 1 DAGs
[2022-09-28 17:22:50,336] {logging_mixin.py:115} INFO - [2022-09-28 17:22:50,336] {dag.py:2972} INFO - Setting next_dagrun for example_branch_labels to 2022-09-27T00:00:00+00:00, run_after=2022-09-28T00:00:00+00:00
[2022-09-28 17:22:50,353] {processor.py:161} INFO - Processing /home/airflow/.local/lib/python3.7/site-packages/airflow/example_dags/example_branch_labels.py took 0.111 seconds
[2022-09-28 17:23:20,660] {processor.py:153} INFO - Started process (PID=1926) to work on /home/airflow/.local/lib/python3.7/site-packages/airflow/example_dags/example_branch_labels.py
[2022-09-28 17:23:20,662] {processor.py:641} INFO - Processing file /home/airflow/.local/lib/python3.7/site-packages/airflow/example_dags/example_branch_labels.py for tasks to queue
[2022-09-28 17:23:20,664] {logging_mixin.py:115} INFO - [2022-09-28 17:23:20,664] {dagbag.py:508} INFO - Filling up the DagBag from /home/airflow/.local/lib/python3.7/site-packages/airflow/example_dags/example_branch_labels.py
[2022-09-28 17:23:20,681] {processor.py:651} INFO - DAG(s) dict_keys(['example_branch_labels']) retrieved from /home/airflow/.local/lib/python3.7/site-packages/airflow/example_dags/example_branch_labels.py
[2022-09-28 17:23:20,730] {logging_mixin.py:115} INFO - [2022-09-28 17:23:20,730] {dag.py:2420} INFO - Sync 1 DAGs
[2022-09-28 17:23:20,773] {logging_mixin.py:115} INFO - [2022-09-28 17:23:20,772] {dag.py:2972} INFO - Setting next_dagrun for example_branch_labels to 2022-09-27T00:00:00+00:00, run_after=2022-09-28T00:00:00+00:00
[2022-09-28 17:23:20,790] {processor.py:161} INFO - Processing /home/airflow/.local/lib/python3.7/site-packages/airflow/example_dags/example_branch_labels.py took 0.138 seconds
[2022-09-28 17:23:50,930] {processor.py:153} INFO - Started process (PID=1981) to work on /home/airflow/.local/lib/python3.7/site-packages/airflow/example_dags/example_branch_labels.py
[2022-09-28 17:23:50,931] {processor.py:641} INFO - Processing file /home/airflow/.local/lib/python3.7/site-packages/airflow/example_dags/example_branch_labels.py for tasks to queue
[2022-09-28 17:23:50,934] {logging_mixin.py:115} INFO - [2022-09-28 17:23:50,933] {dagbag.py:508} INFO - Filling up the DagBag from /home/airflow/.local/lib/python3.7/site-packages/airflow/example_dags/example_branch_labels.py
[2022-09-28 17:23:50,947] {processor.py:651} INFO - DAG(s) dict_keys(['example_branch_labels']) retrieved from /home/airflow/.local/lib/python3.7/site-packages/airflow/example_dags/example_branch_labels.py
[2022-09-28 17:23:50,984] {logging_mixin.py:115} INFO - [2022-09-28 17:23:50,984] {dag.py:2420} INFO - Sync 1 DAGs
[2022-09-28 17:23:51,015] {logging_mixin.py:115} INFO - [2022-09-28 17:23:51,015] {dag.py:2972} INFO - Setting next_dagrun for example_branch_labels to 2022-09-27T00:00:00+00:00, run_after=2022-09-28T00:00:00+00:00
[2022-09-28 17:23:51,031] {processor.py:161} INFO - Processing /home/airflow/.local/lib/python3.7/site-packages/airflow/example_dags/example_branch_labels.py took 0.108 seconds
[2022-09-28 17:24:21,316] {processor.py:153} INFO - Started process (PID=2047) to work on /home/airflow/.local/lib/python3.7/site-packages/airflow/example_dags/example_branch_labels.py
[2022-09-28 17:24:21,318] {processor.py:641} INFO - Processing file /home/airflow/.local/lib/python3.7/site-packages/airflow/example_dags/example_branch_labels.py for tasks to queue
[2022-09-28 17:24:21,319] {logging_mixin.py:115} INFO - [2022-09-28 17:24:21,319] {dagbag.py:508} INFO - Filling up the DagBag from /home/airflow/.local/lib/python3.7/site-packages/airflow/example_dags/example_branch_labels.py
[2022-09-28 17:24:21,329] {processor.py:651} INFO - DAG(s) dict_keys(['example_branch_labels']) retrieved from /home/airflow/.local/lib/python3.7/site-packages/airflow/example_dags/example_branch_labels.py
[2022-09-28 17:24:21,369] {logging_mixin.py:115} INFO - [2022-09-28 17:24:21,369] {dag.py:2420} INFO - Sync 1 DAGs
[2022-09-28 17:24:21,397] {logging_mixin.py:115} INFO - [2022-09-28 17:24:21,397] {dag.py:2972} INFO - Setting next_dagrun for example_branch_labels to 2022-09-27T00:00:00+00:00, run_after=2022-09-28T00:00:00+00:00
[2022-09-28 17:24:21,412] {processor.py:161} INFO - Processing /home/airflow/.local/lib/python3.7/site-packages/airflow/example_dags/example_branch_labels.py took 0.100 seconds
[2022-09-28 17:24:52,189] {processor.py:153} INFO - Started process (PID=2104) to work on /home/airflow/.local/lib/python3.7/site-packages/airflow/example_dags/example_branch_labels.py
[2022-09-28 17:24:52,191] {processor.py:641} INFO - Processing file /home/airflow/.local/lib/python3.7/site-packages/airflow/example_dags/example_branch_labels.py for tasks to queue
[2022-09-28 17:24:52,194] {logging_mixin.py:115} INFO - [2022-09-28 17:24:52,194] {dagbag.py:508} INFO - Filling up the DagBag from /home/airflow/.local/lib/python3.7/site-packages/airflow/example_dags/example_branch_labels.py
[2022-09-28 17:24:52,213] {processor.py:651} INFO - DAG(s) dict_keys(['example_branch_labels']) retrieved from /home/airflow/.local/lib/python3.7/site-packages/airflow/example_dags/example_branch_labels.py
[2022-09-28 17:24:52,255] {logging_mixin.py:115} INFO - [2022-09-28 17:24:52,255] {dag.py:2420} INFO - Sync 1 DAGs
[2022-09-28 17:24:52,287] {logging_mixin.py:115} INFO - [2022-09-28 17:24:52,287] {dag.py:2972} INFO - Setting next_dagrun for example_branch_labels to 2022-09-27T00:00:00+00:00, run_after=2022-09-28T00:00:00+00:00
[2022-09-28 17:24:52,307] {processor.py:161} INFO - Processing /home/airflow/.local/lib/python3.7/site-packages/airflow/example_dags/example_branch_labels.py took 0.123 seconds
[2022-09-28 17:25:22,526] {processor.py:153} INFO - Started process (PID=2169) to work on /home/airflow/.local/lib/python3.7/site-packages/airflow/example_dags/example_branch_labels.py
[2022-09-28 17:25:22,527] {processor.py:641} INFO - Processing file /home/airflow/.local/lib/python3.7/site-packages/airflow/example_dags/example_branch_labels.py for tasks to queue
[2022-09-28 17:25:22,528] {logging_mixin.py:115} INFO - [2022-09-28 17:25:22,528] {dagbag.py:508} INFO - Filling up the DagBag from /home/airflow/.local/lib/python3.7/site-packages/airflow/example_dags/example_branch_labels.py
[2022-09-28 17:25:22,539] {processor.py:651} INFO - DAG(s) dict_keys(['example_branch_labels']) retrieved from /home/airflow/.local/lib/python3.7/site-packages/airflow/example_dags/example_branch_labels.py
[2022-09-28 17:25:22,582] {logging_mixin.py:115} INFO - [2022-09-28 17:25:22,582] {dag.py:2420} INFO - Sync 1 DAGs
[2022-09-28 17:25:22,620] {logging_mixin.py:115} INFO - [2022-09-28 17:25:22,620] {dag.py:2972} INFO - Setting next_dagrun for example_branch_labels to 2022-09-27T00:00:00+00:00, run_after=2022-09-28T00:00:00+00:00
[2022-09-28 17:25:22,641] {processor.py:161} INFO - Processing /home/airflow/.local/lib/python3.7/site-packages/airflow/example_dags/example_branch_labels.py took 0.119 seconds
[2022-09-28 17:25:52,793] {processor.py:153} INFO - Started process (PID=2235) to work on /home/airflow/.local/lib/python3.7/site-packages/airflow/example_dags/example_branch_labels.py
[2022-09-28 17:25:52,795] {processor.py:641} INFO - Processing file /home/airflow/.local/lib/python3.7/site-packages/airflow/example_dags/example_branch_labels.py for tasks to queue
[2022-09-28 17:25:52,797] {logging_mixin.py:115} INFO - [2022-09-28 17:25:52,797] {dagbag.py:508} INFO - Filling up the DagBag from /home/airflow/.local/lib/python3.7/site-packages/airflow/example_dags/example_branch_labels.py
[2022-09-28 17:25:52,812] {processor.py:651} INFO - DAG(s) dict_keys(['example_branch_labels']) retrieved from /home/airflow/.local/lib/python3.7/site-packages/airflow/example_dags/example_branch_labels.py
[2022-09-28 17:25:52,855] {logging_mixin.py:115} INFO - [2022-09-28 17:25:52,854] {dag.py:2420} INFO - Sync 1 DAGs
[2022-09-28 17:25:52,891] {logging_mixin.py:115} INFO - [2022-09-28 17:25:52,891] {dag.py:2972} INFO - Setting next_dagrun for example_branch_labels to 2022-09-27T00:00:00+00:00, run_after=2022-09-28T00:00:00+00:00
[2022-09-28 17:25:52,913] {processor.py:161} INFO - Processing /home/airflow/.local/lib/python3.7/site-packages/airflow/example_dags/example_branch_labels.py took 0.126 seconds
[2022-09-28 17:26:23,199] {processor.py:153} INFO - Started process (PID=2293) to work on /home/airflow/.local/lib/python3.7/site-packages/airflow/example_dags/example_branch_labels.py
[2022-09-28 17:26:23,201] {processor.py:641} INFO - Processing file /home/airflow/.local/lib/python3.7/site-packages/airflow/example_dags/example_branch_labels.py for tasks to queue
[2022-09-28 17:26:23,203] {logging_mixin.py:115} INFO - [2022-09-28 17:26:23,203] {dagbag.py:508} INFO - Filling up the DagBag from /home/airflow/.local/lib/python3.7/site-packages/airflow/example_dags/example_branch_labels.py
[2022-09-28 17:26:23,219] {processor.py:651} INFO - DAG(s) dict_keys(['example_branch_labels']) retrieved from /home/airflow/.local/lib/python3.7/site-packages/airflow/example_dags/example_branch_labels.py
[2022-09-28 17:26:23,262] {logging_mixin.py:115} INFO - [2022-09-28 17:26:23,262] {dag.py:2420} INFO - Sync 1 DAGs
[2022-09-28 17:26:23,302] {logging_mixin.py:115} INFO - [2022-09-28 17:26:23,302] {dag.py:2972} INFO - Setting next_dagrun for example_branch_labels to 2022-09-27T00:00:00+00:00, run_after=2022-09-28T00:00:00+00:00
[2022-09-28 17:26:23,322] {processor.py:161} INFO - Processing /home/airflow/.local/lib/python3.7/site-packages/airflow/example_dags/example_branch_labels.py took 0.128 seconds
[2022-09-28 17:26:53,554] {processor.py:153} INFO - Started process (PID=2357) to work on /home/airflow/.local/lib/python3.7/site-packages/airflow/example_dags/example_branch_labels.py
[2022-09-28 17:26:53,557] {processor.py:641} INFO - Processing file /home/airflow/.local/lib/python3.7/site-packages/airflow/example_dags/example_branch_labels.py for tasks to queue
[2022-09-28 17:26:53,560] {logging_mixin.py:115} INFO - [2022-09-28 17:26:53,559] {dagbag.py:508} INFO - Filling up the DagBag from /home/airflow/.local/lib/python3.7/site-packages/airflow/example_dags/example_branch_labels.py
[2022-09-28 17:26:53,574] {processor.py:651} INFO - DAG(s) dict_keys(['example_branch_labels']) retrieved from /home/airflow/.local/lib/python3.7/site-packages/airflow/example_dags/example_branch_labels.py
[2022-09-28 17:26:53,621] {logging_mixin.py:115} INFO - [2022-09-28 17:26:53,621] {dag.py:2420} INFO - Sync 1 DAGs
[2022-09-28 17:26:53,660] {logging_mixin.py:115} INFO - [2022-09-28 17:26:53,660] {dag.py:2972} INFO - Setting next_dagrun for example_branch_labels to 2022-09-27T00:00:00+00:00, run_after=2022-09-28T00:00:00+00:00
[2022-09-28 17:26:53,681] {processor.py:161} INFO - Processing /home/airflow/.local/lib/python3.7/site-packages/airflow/example_dags/example_branch_labels.py took 0.137 seconds
[2022-09-28 17:27:23,788] {processor.py:153} INFO - Started process (PID=2413) to work on /home/airflow/.local/lib/python3.7/site-packages/airflow/example_dags/example_branch_labels.py
[2022-09-28 17:27:23,789] {processor.py:641} INFO - Processing file /home/airflow/.local/lib/python3.7/site-packages/airflow/example_dags/example_branch_labels.py for tasks to queue
[2022-09-28 17:27:23,791] {logging_mixin.py:115} INFO - [2022-09-28 17:27:23,790] {dagbag.py:508} INFO - Filling up the DagBag from /home/airflow/.local/lib/python3.7/site-packages/airflow/example_dags/example_branch_labels.py
[2022-09-28 17:27:23,800] {processor.py:651} INFO - DAG(s) dict_keys(['example_branch_labels']) retrieved from /home/airflow/.local/lib/python3.7/site-packages/airflow/example_dags/example_branch_labels.py
[2022-09-28 17:27:23,830] {logging_mixin.py:115} INFO - [2022-09-28 17:27:23,830] {dag.py:2420} INFO - Sync 1 DAGs
[2022-09-28 17:27:23,857] {logging_mixin.py:115} INFO - [2022-09-28 17:27:23,857] {dag.py:2972} INFO - Setting next_dagrun for example_branch_labels to 2022-09-27T00:00:00+00:00, run_after=2022-09-28T00:00:00+00:00
[2022-09-28 17:27:23,872] {processor.py:161} INFO - Processing /home/airflow/.local/lib/python3.7/site-packages/airflow/example_dags/example_branch_labels.py took 0.089 seconds
[2022-09-28 17:27:55,149] {processor.py:153} INFO - Started process (PID=2479) to work on /home/airflow/.local/lib/python3.7/site-packages/airflow/example_dags/example_branch_labels.py
[2022-09-28 17:27:55,151] {processor.py:641} INFO - Processing file /home/airflow/.local/lib/python3.7/site-packages/airflow/example_dags/example_branch_labels.py for tasks to queue
[2022-09-28 17:27:55,154] {logging_mixin.py:115} INFO - [2022-09-28 17:27:55,154] {dagbag.py:508} INFO - Filling up the DagBag from /home/airflow/.local/lib/python3.7/site-packages/airflow/example_dags/example_branch_labels.py
[2022-09-28 17:27:55,174] {processor.py:651} INFO - DAG(s) dict_keys(['example_branch_labels']) retrieved from /home/airflow/.local/lib/python3.7/site-packages/airflow/example_dags/example_branch_labels.py
[2022-09-28 17:27:55,227] {logging_mixin.py:115} INFO - [2022-09-28 17:27:55,227] {dag.py:2420} INFO - Sync 1 DAGs
[2022-09-28 17:27:55,264] {logging_mixin.py:115} INFO - [2022-09-28 17:27:55,264] {dag.py:2972} INFO - Setting next_dagrun for example_branch_labels to 2022-09-27T00:00:00+00:00, run_after=2022-09-28T00:00:00+00:00
[2022-09-28 17:27:55,281] {processor.py:161} INFO - Processing /home/airflow/.local/lib/python3.7/site-packages/airflow/example_dags/example_branch_labels.py took 0.139 seconds
[2022-09-28 17:28:26,461] {processor.py:153} INFO - Started process (PID=2540) to work on /home/airflow/.local/lib/python3.7/site-packages/airflow/example_dags/example_branch_labels.py
[2022-09-28 17:28:26,464] {processor.py:641} INFO - Processing file /home/airflow/.local/lib/python3.7/site-packages/airflow/example_dags/example_branch_labels.py for tasks to queue
[2022-09-28 17:28:26,466] {logging_mixin.py:115} INFO - [2022-09-28 17:28:26,466] {dagbag.py:508} INFO - Filling up the DagBag from /home/airflow/.local/lib/python3.7/site-packages/airflow/example_dags/example_branch_labels.py
[2022-09-28 17:28:26,479] {processor.py:651} INFO - DAG(s) dict_keys(['example_branch_labels']) retrieved from /home/airflow/.local/lib/python3.7/site-packages/airflow/example_dags/example_branch_labels.py
[2022-09-28 17:28:26,528] {logging_mixin.py:115} INFO - [2022-09-28 17:28:26,528] {dag.py:2420} INFO - Sync 1 DAGs
[2022-09-28 17:28:26,729] {logging_mixin.py:115} INFO - [2022-09-28 17:28:26,729] {dag.py:2972} INFO - Setting next_dagrun for example_branch_labels to 2022-09-27T00:00:00+00:00, run_after=2022-09-28T00:00:00+00:00
[2022-09-28 17:28:26,780] {processor.py:161} INFO - Processing /home/airflow/.local/lib/python3.7/site-packages/airflow/example_dags/example_branch_labels.py took 0.326 seconds
[2022-09-28 17:28:57,105] {processor.py:153} INFO - Started process (PID=2607) to work on /home/airflow/.local/lib/python3.7/site-packages/airflow/example_dags/example_branch_labels.py
[2022-09-28 17:28:57,107] {processor.py:641} INFO - Processing file /home/airflow/.local/lib/python3.7/site-packages/airflow/example_dags/example_branch_labels.py for tasks to queue
[2022-09-28 17:28:57,110] {logging_mixin.py:115} INFO - [2022-09-28 17:28:57,110] {dagbag.py:508} INFO - Filling up the DagBag from /home/airflow/.local/lib/python3.7/site-packages/airflow/example_dags/example_branch_labels.py
[2022-09-28 17:28:57,126] {processor.py:651} INFO - DAG(s) dict_keys(['example_branch_labels']) retrieved from /home/airflow/.local/lib/python3.7/site-packages/airflow/example_dags/example_branch_labels.py
[2022-09-28 17:28:57,175] {logging_mixin.py:115} INFO - [2022-09-28 17:28:57,174] {dag.py:2420} INFO - Sync 1 DAGs
[2022-09-28 17:28:57,220] {logging_mixin.py:115} INFO - [2022-09-28 17:28:57,220] {dag.py:2972} INFO - Setting next_dagrun for example_branch_labels to 2022-09-27T00:00:00+00:00, run_after=2022-09-28T00:00:00+00:00
[2022-09-28 17:28:57,248] {processor.py:161} INFO - Processing /home/airflow/.local/lib/python3.7/site-packages/airflow/example_dags/example_branch_labels.py took 0.148 seconds
[2022-09-28 17:29:27,621] {processor.py:153} INFO - Started process (PID=2662) to work on /home/airflow/.local/lib/python3.7/site-packages/airflow/example_dags/example_branch_labels.py
[2022-09-28 17:29:27,623] {processor.py:641} INFO - Processing file /home/airflow/.local/lib/python3.7/site-packages/airflow/example_dags/example_branch_labels.py for tasks to queue
[2022-09-28 17:29:27,625] {logging_mixin.py:115} INFO - [2022-09-28 17:29:27,625] {dagbag.py:508} INFO - Filling up the DagBag from /home/airflow/.local/lib/python3.7/site-packages/airflow/example_dags/example_branch_labels.py
[2022-09-28 17:29:27,640] {processor.py:651} INFO - DAG(s) dict_keys(['example_branch_labels']) retrieved from /home/airflow/.local/lib/python3.7/site-packages/airflow/example_dags/example_branch_labels.py
[2022-09-28 17:29:27,694] {logging_mixin.py:115} INFO - [2022-09-28 17:29:27,694] {dag.py:2420} INFO - Sync 1 DAGs
[2022-09-28 17:29:27,732] {logging_mixin.py:115} INFO - [2022-09-28 17:29:27,732] {dag.py:2972} INFO - Setting next_dagrun for example_branch_labels to 2022-09-27T00:00:00+00:00, run_after=2022-09-28T00:00:00+00:00
[2022-09-28 17:29:27,753] {processor.py:161} INFO - Processing /home/airflow/.local/lib/python3.7/site-packages/airflow/example_dags/example_branch_labels.py took 0.140 seconds
[2022-09-28 17:29:58,559] {processor.py:153} INFO - Started process (PID=2732) to work on /home/airflow/.local/lib/python3.7/site-packages/airflow/example_dags/example_branch_labels.py
[2022-09-28 17:29:58,561] {processor.py:641} INFO - Processing file /home/airflow/.local/lib/python3.7/site-packages/airflow/example_dags/example_branch_labels.py for tasks to queue
[2022-09-28 17:29:58,564] {logging_mixin.py:115} INFO - [2022-09-28 17:29:58,564] {dagbag.py:508} INFO - Filling up the DagBag from /home/airflow/.local/lib/python3.7/site-packages/airflow/example_dags/example_branch_labels.py
[2022-09-28 17:29:58,578] {processor.py:651} INFO - DAG(s) dict_keys(['example_branch_labels']) retrieved from /home/airflow/.local/lib/python3.7/site-packages/airflow/example_dags/example_branch_labels.py
[2022-09-28 17:29:58,650] {logging_mixin.py:115} INFO - [2022-09-28 17:29:58,650] {dag.py:2420} INFO - Sync 1 DAGs
[2022-09-28 17:29:58,720] {logging_mixin.py:115} INFO - [2022-09-28 17:29:58,720] {dag.py:2972} INFO - Setting next_dagrun for example_branch_labels to 2022-09-27T00:00:00+00:00, run_after=2022-09-28T00:00:00+00:00
[2022-09-28 17:29:58,755] {processor.py:161} INFO - Processing /home/airflow/.local/lib/python3.7/site-packages/airflow/example_dags/example_branch_labels.py took 0.203 seconds
[2022-09-28 17:30:28,856] {processor.py:153} INFO - Started process (PID=2799) to work on /home/airflow/.local/lib/python3.7/site-packages/airflow/example_dags/example_branch_labels.py
[2022-09-28 17:30:28,858] {processor.py:641} INFO - Processing file /home/airflow/.local/lib/python3.7/site-packages/airflow/example_dags/example_branch_labels.py for tasks to queue
[2022-09-28 17:30:28,859] {logging_mixin.py:115} INFO - [2022-09-28 17:30:28,859] {dagbag.py:508} INFO - Filling up the DagBag from /home/airflow/.local/lib/python3.7/site-packages/airflow/example_dags/example_branch_labels.py
[2022-09-28 17:30:28,873] {processor.py:651} INFO - DAG(s) dict_keys(['example_branch_labels']) retrieved from /home/airflow/.local/lib/python3.7/site-packages/airflow/example_dags/example_branch_labels.py
[2022-09-28 17:30:28,915] {logging_mixin.py:115} INFO - [2022-09-28 17:30:28,915] {dag.py:2420} INFO - Sync 1 DAGs
[2022-09-28 17:30:28,949] {logging_mixin.py:115} INFO - [2022-09-28 17:30:28,949] {dag.py:2972} INFO - Setting next_dagrun for example_branch_labels to 2022-09-27T00:00:00+00:00, run_after=2022-09-28T00:00:00+00:00
[2022-09-28 17:30:28,968] {processor.py:161} INFO - Processing /home/airflow/.local/lib/python3.7/site-packages/airflow/example_dags/example_branch_labels.py took 0.117 seconds
[2022-09-28 17:30:59,130] {processor.py:153} INFO - Started process (PID=2856) to work on /home/airflow/.local/lib/python3.7/site-packages/airflow/example_dags/example_branch_labels.py
[2022-09-28 17:30:59,131] {processor.py:641} INFO - Processing file /home/airflow/.local/lib/python3.7/site-packages/airflow/example_dags/example_branch_labels.py for tasks to queue
[2022-09-28 17:30:59,132] {logging_mixin.py:115} INFO - [2022-09-28 17:30:59,132] {dagbag.py:508} INFO - Filling up the DagBag from /home/airflow/.local/lib/python3.7/site-packages/airflow/example_dags/example_branch_labels.py
[2022-09-28 17:30:59,140] {processor.py:651} INFO - DAG(s) dict_keys(['example_branch_labels']) retrieved from /home/airflow/.local/lib/python3.7/site-packages/airflow/example_dags/example_branch_labels.py
[2022-09-28 17:30:59,170] {logging_mixin.py:115} INFO - [2022-09-28 17:30:59,170] {dag.py:2420} INFO - Sync 1 DAGs
[2022-09-28 17:30:59,196] {logging_mixin.py:115} INFO - [2022-09-28 17:30:59,195] {dag.py:2972} INFO - Setting next_dagrun for example_branch_labels to 2022-09-27T00:00:00+00:00, run_after=2022-09-28T00:00:00+00:00
[2022-09-28 17:30:59,211] {processor.py:161} INFO - Processing /home/airflow/.local/lib/python3.7/site-packages/airflow/example_dags/example_branch_labels.py took 0.085 seconds
[2022-09-28 17:36:48,607] {processor.py:153} INFO - Started process (PID=140) to work on /home/airflow/.local/lib/python3.7/site-packages/airflow/example_dags/example_branch_labels.py
[2022-09-28 17:36:48,612] {processor.py:641} INFO - Processing file /home/airflow/.local/lib/python3.7/site-packages/airflow/example_dags/example_branch_labels.py for tasks to queue
[2022-09-28 17:36:48,624] {logging_mixin.py:115} INFO - [2022-09-28 17:36:48,624] {dagbag.py:508} INFO - Filling up the DagBag from /home/airflow/.local/lib/python3.7/site-packages/airflow/example_dags/example_branch_labels.py
[2022-09-28 17:36:48,645] {processor.py:651} INFO - DAG(s) dict_keys(['example_branch_labels']) retrieved from /home/airflow/.local/lib/python3.7/site-packages/airflow/example_dags/example_branch_labels.py
[2022-09-28 17:36:49,139] {logging_mixin.py:115} INFO - [2022-09-28 17:36:49,139] {manager.py:508} INFO - Created Permission View: can read on DAG:example_branch_labels
[2022-09-28 17:36:49,167] {logging_mixin.py:115} INFO - [2022-09-28 17:36:49,167] {manager.py:508} INFO - Created Permission View: can delete on DAG:example_branch_labels
[2022-09-28 17:36:49,193] {logging_mixin.py:115} INFO - [2022-09-28 17:36:49,193] {manager.py:508} INFO - Created Permission View: can edit on DAG:example_branch_labels
[2022-09-28 17:36:49,195] {logging_mixin.py:115} INFO - [2022-09-28 17:36:49,195] {dag.py:2420} INFO - Sync 1 DAGs
[2022-09-28 17:36:49,218] {logging_mixin.py:115} INFO - [2022-09-28 17:36:49,218] {dag.py:2439} INFO - Creating ORM DAG for example_branch_labels
[2022-09-28 17:36:49,273] {logging_mixin.py:115} INFO - [2022-09-28 17:36:49,273] {dag.py:2972} INFO - Setting next_dagrun for example_branch_labels to 2022-09-27T00:00:00+00:00, run_after=2022-09-28T00:00:00+00:00
[2022-09-28 17:36:49,325] {processor.py:161} INFO - Processing /home/airflow/.local/lib/python3.7/site-packages/airflow/example_dags/example_branch_labels.py took 0.723 seconds
[2022-09-28 17:37:20,372] {processor.py:153} INFO - Started process (PID=197) to work on /home/airflow/.local/lib/python3.7/site-packages/airflow/example_dags/example_branch_labels.py
[2022-09-28 17:37:20,374] {processor.py:641} INFO - Processing file /home/airflow/.local/lib/python3.7/site-packages/airflow/example_dags/example_branch_labels.py for tasks to queue
[2022-09-28 17:37:20,375] {logging_mixin.py:115} INFO - [2022-09-28 17:37:20,375] {dagbag.py:508} INFO - Filling up the DagBag from /home/airflow/.local/lib/python3.7/site-packages/airflow/example_dags/example_branch_labels.py
[2022-09-28 17:37:20,389] {processor.py:651} INFO - DAG(s) dict_keys(['example_branch_labels']) retrieved from /home/airflow/.local/lib/python3.7/site-packages/airflow/example_dags/example_branch_labels.py
[2022-09-28 17:37:20,584] {logging_mixin.py:115} INFO - [2022-09-28 17:37:20,584] {dag.py:2420} INFO - Sync 1 DAGs
[2022-09-28 17:37:20,609] {logging_mixin.py:115} INFO - [2022-09-28 17:37:20,609] {dag.py:2972} INFO - Setting next_dagrun for example_branch_labels to 2022-09-27T00:00:00+00:00, run_after=2022-09-28T00:00:00+00:00
[2022-09-28 17:37:20,625] {processor.py:161} INFO - Processing /home/airflow/.local/lib/python3.7/site-packages/airflow/example_dags/example_branch_labels.py took 0.268 seconds
[2022-09-28 17:37:51,277] {processor.py:153} INFO - Started process (PID=265) to work on /home/airflow/.local/lib/python3.7/site-packages/airflow/example_dags/example_branch_labels.py
[2022-09-28 17:37:51,286] {processor.py:641} INFO - Processing file /home/airflow/.local/lib/python3.7/site-packages/airflow/example_dags/example_branch_labels.py for tasks to queue
[2022-09-28 17:37:51,290] {logging_mixin.py:115} INFO - [2022-09-28 17:37:51,290] {dagbag.py:508} INFO - Filling up the DagBag from /home/airflow/.local/lib/python3.7/site-packages/airflow/example_dags/example_branch_labels.py
[2022-09-28 17:37:51,348] {processor.py:651} INFO - DAG(s) dict_keys(['example_branch_labels']) retrieved from /home/airflow/.local/lib/python3.7/site-packages/airflow/example_dags/example_branch_labels.py
[2022-09-28 17:37:51,821] {logging_mixin.py:115} INFO - [2022-09-28 17:37:51,821] {dag.py:2420} INFO - Sync 1 DAGs
[2022-09-28 17:37:51,866] {logging_mixin.py:115} INFO - [2022-09-28 17:37:51,866] {dag.py:2972} INFO - Setting next_dagrun for example_branch_labels to 2022-09-27T00:00:00+00:00, run_after=2022-09-28T00:00:00+00:00
[2022-09-28 17:37:51,902] {processor.py:161} INFO - Processing /home/airflow/.local/lib/python3.7/site-packages/airflow/example_dags/example_branch_labels.py took 0.665 seconds
[2022-09-28 17:38:32,856] {processor.py:153} INFO - Started process (PID=327) to work on /home/airflow/.local/lib/python3.7/site-packages/airflow/example_dags/example_branch_labels.py
[2022-09-28 17:38:32,858] {processor.py:641} INFO - Processing file /home/airflow/.local/lib/python3.7/site-packages/airflow/example_dags/example_branch_labels.py for tasks to queue
[2022-09-28 17:38:32,860] {logging_mixin.py:115} INFO - [2022-09-28 17:38:32,860] {dagbag.py:508} INFO - Filling up the DagBag from /home/airflow/.local/lib/python3.7/site-packages/airflow/example_dags/example_branch_labels.py
[2022-09-28 17:38:32,888] {processor.py:651} INFO - DAG(s) dict_keys(['example_branch_labels']) retrieved from /home/airflow/.local/lib/python3.7/site-packages/airflow/example_dags/example_branch_labels.py
[2022-09-28 17:38:33,297] {logging_mixin.py:115} INFO - [2022-09-28 17:38:33,297] {dag.py:2420} INFO - Sync 1 DAGs
[2022-09-28 17:38:33,331] {logging_mixin.py:115} INFO - [2022-09-28 17:38:33,331] {dag.py:2972} INFO - Setting next_dagrun for example_branch_labels to 2022-09-27T00:00:00+00:00, run_after=2022-09-28T00:00:00+00:00
[2022-09-28 17:38:33,349] {processor.py:161} INFO - Processing /home/airflow/.local/lib/python3.7/site-packages/airflow/example_dags/example_branch_labels.py took 0.504 seconds
[2022-09-28 17:39:04,202] {processor.py:153} INFO - Started process (PID=393) to work on /home/airflow/.local/lib/python3.7/site-packages/airflow/example_dags/example_branch_labels.py
[2022-09-28 17:39:04,204] {processor.py:641} INFO - Processing file /home/airflow/.local/lib/python3.7/site-packages/airflow/example_dags/example_branch_labels.py for tasks to queue
[2022-09-28 17:39:04,206] {logging_mixin.py:115} INFO - [2022-09-28 17:39:04,206] {dagbag.py:508} INFO - Filling up the DagBag from /home/airflow/.local/lib/python3.7/site-packages/airflow/example_dags/example_branch_labels.py
[2022-09-28 17:39:04,215] {processor.py:651} INFO - DAG(s) dict_keys(['example_branch_labels']) retrieved from /home/airflow/.local/lib/python3.7/site-packages/airflow/example_dags/example_branch_labels.py
[2022-09-28 17:39:04,389] {logging_mixin.py:115} INFO - [2022-09-28 17:39:04,389] {dag.py:2420} INFO - Sync 1 DAGs
[2022-09-28 17:39:04,414] {logging_mixin.py:115} INFO - [2022-09-28 17:39:04,414] {dag.py:2972} INFO - Setting next_dagrun for example_branch_labels to 2022-09-27T00:00:00+00:00, run_after=2022-09-28T00:00:00+00:00
[2022-09-28 17:39:04,428] {processor.py:161} INFO - Processing /home/airflow/.local/lib/python3.7/site-packages/airflow/example_dags/example_branch_labels.py took 0.230 seconds
