[2022-09-28 16:54:00,748] {processor.py:153} INFO - Started process (PID=156) to work on /home/airflow/.local/lib/python3.7/site-packages/airflow/example_dags/example_short_circuit_operator.py
[2022-09-28 16:54:00,761] {processor.py:641} INFO - Processing file /home/airflow/.local/lib/python3.7/site-packages/airflow/example_dags/example_short_circuit_operator.py for tasks to queue
[2022-09-28 16:54:00,764] {logging_mixin.py:115} INFO - [2022-09-28 16:54:00,764] {dagbag.py:508} INFO - Filling up the DagBag from /home/airflow/.local/lib/python3.7/site-packages/airflow/example_dags/example_short_circuit_operator.py
[2022-09-28 16:54:02,440] {processor.py:651} INFO - DAG(s) dict_keys(['example_short_circuit_operator']) retrieved from /home/airflow/.local/lib/python3.7/site-packages/airflow/example_dags/example_short_circuit_operator.py
[2022-09-28 16:54:02,752] {logging_mixin.py:115} INFO - [2022-09-28 16:54:02,752] {dag.py:2420} INFO - Sync 1 DAGs
[2022-09-28 16:54:02,893] {logging_mixin.py:115} INFO - [2022-09-28 16:54:02,893] {dag.py:2972} INFO - Setting next_dagrun for example_short_circuit_operator to 2022-09-27T16:54:02.893136+00:00, run_after=2022-09-28T16:54:02.893136+00:00
[2022-09-28 16:54:02,956] {processor.py:161} INFO - Processing /home/airflow/.local/lib/python3.7/site-packages/airflow/example_dags/example_short_circuit_operator.py took 2.223 seconds
[2022-09-28 16:54:33,517] {processor.py:153} INFO - Started process (PID=215) to work on /home/airflow/.local/lib/python3.7/site-packages/airflow/example_dags/example_short_circuit_operator.py
[2022-09-28 16:54:33,528] {processor.py:641} INFO - Processing file /home/airflow/.local/lib/python3.7/site-packages/airflow/example_dags/example_short_circuit_operator.py for tasks to queue
[2022-09-28 16:54:33,531] {logging_mixin.py:115} INFO - [2022-09-28 16:54:33,531] {dagbag.py:508} INFO - Filling up the DagBag from /home/airflow/.local/lib/python3.7/site-packages/airflow/example_dags/example_short_circuit_operator.py
[2022-09-28 16:54:34,045] {processor.py:651} INFO - DAG(s) dict_keys(['example_short_circuit_operator']) retrieved from /home/airflow/.local/lib/python3.7/site-packages/airflow/example_dags/example_short_circuit_operator.py
[2022-09-28 16:54:34,120] {logging_mixin.py:115} INFO - [2022-09-28 16:54:34,118] {dag.py:2420} INFO - Sync 1 DAGs
[2022-09-28 16:54:34,172] {logging_mixin.py:115} INFO - [2022-09-28 16:54:34,172] {dag.py:2972} INFO - Setting next_dagrun for example_short_circuit_operator to 2022-09-27T16:54:34.172427+00:00, run_after=2022-09-28T16:54:34.172427+00:00
[2022-09-28 16:54:34,194] {processor.py:161} INFO - Processing /home/airflow/.local/lib/python3.7/site-packages/airflow/example_dags/example_short_circuit_operator.py took 0.697 seconds
[2022-09-28 16:55:04,270] {processor.py:153} INFO - Started process (PID=271) to work on /home/airflow/.local/lib/python3.7/site-packages/airflow/example_dags/example_short_circuit_operator.py
[2022-09-28 16:55:04,272] {processor.py:641} INFO - Processing file /home/airflow/.local/lib/python3.7/site-packages/airflow/example_dags/example_short_circuit_operator.py for tasks to queue
[2022-09-28 16:55:04,282] {logging_mixin.py:115} INFO - [2022-09-28 16:55:04,281] {dagbag.py:508} INFO - Filling up the DagBag from /home/airflow/.local/lib/python3.7/site-packages/airflow/example_dags/example_short_circuit_operator.py
[2022-09-28 16:55:04,541] {processor.py:651} INFO - DAG(s) dict_keys(['example_short_circuit_operator']) retrieved from /home/airflow/.local/lib/python3.7/site-packages/airflow/example_dags/example_short_circuit_operator.py
[2022-09-28 16:55:04,606] {logging_mixin.py:115} INFO - [2022-09-28 16:55:04,606] {dag.py:2420} INFO - Sync 1 DAGs
[2022-09-28 16:55:04,663] {logging_mixin.py:115} INFO - [2022-09-28 16:55:04,663] {dag.py:2972} INFO - Setting next_dagrun for example_short_circuit_operator to 2022-09-27T16:55:04.663173+00:00, run_after=2022-09-28T16:55:04.663173+00:00
[2022-09-28 16:55:04,685] {processor.py:161} INFO - Processing /home/airflow/.local/lib/python3.7/site-packages/airflow/example_dags/example_short_circuit_operator.py took 0.419 seconds
[2022-09-28 16:55:34,782] {processor.py:153} INFO - Started process (PID=326) to work on /home/airflow/.local/lib/python3.7/site-packages/airflow/example_dags/example_short_circuit_operator.py
[2022-09-28 16:55:34,798] {processor.py:641} INFO - Processing file /home/airflow/.local/lib/python3.7/site-packages/airflow/example_dags/example_short_circuit_operator.py for tasks to queue
[2022-09-28 16:55:34,802] {logging_mixin.py:115} INFO - [2022-09-28 16:55:34,801] {dagbag.py:508} INFO - Filling up the DagBag from /home/airflow/.local/lib/python3.7/site-packages/airflow/example_dags/example_short_circuit_operator.py
[2022-09-28 16:55:34,984] {processor.py:651} INFO - DAG(s) dict_keys(['example_short_circuit_operator']) retrieved from /home/airflow/.local/lib/python3.7/site-packages/airflow/example_dags/example_short_circuit_operator.py
[2022-09-28 16:55:35,011] {logging_mixin.py:115} INFO - [2022-09-28 16:55:35,011] {dag.py:2420} INFO - Sync 1 DAGs
[2022-09-28 16:55:35,034] {logging_mixin.py:115} INFO - [2022-09-28 16:55:35,033] {dag.py:2972} INFO - Setting next_dagrun for example_short_circuit_operator to 2022-09-27T16:55:35.033701+00:00, run_after=2022-09-28T16:55:35.033701+00:00
[2022-09-28 16:55:35,049] {processor.py:161} INFO - Processing /home/airflow/.local/lib/python3.7/site-packages/airflow/example_dags/example_short_circuit_operator.py took 0.270 seconds
[2022-09-28 16:56:05,609] {processor.py:153} INFO - Started process (PID=393) to work on /home/airflow/.local/lib/python3.7/site-packages/airflow/example_dags/example_short_circuit_operator.py
[2022-09-28 16:56:05,611] {processor.py:641} INFO - Processing file /home/airflow/.local/lib/python3.7/site-packages/airflow/example_dags/example_short_circuit_operator.py for tasks to queue
[2022-09-28 16:56:05,613] {logging_mixin.py:115} INFO - [2022-09-28 16:56:05,613] {dagbag.py:508} INFO - Filling up the DagBag from /home/airflow/.local/lib/python3.7/site-packages/airflow/example_dags/example_short_circuit_operator.py
[2022-09-28 16:56:05,800] {processor.py:651} INFO - DAG(s) dict_keys(['example_short_circuit_operator']) retrieved from /home/airflow/.local/lib/python3.7/site-packages/airflow/example_dags/example_short_circuit_operator.py
[2022-09-28 16:56:05,844] {logging_mixin.py:115} INFO - [2022-09-28 16:56:05,844] {dag.py:2420} INFO - Sync 1 DAGs
[2022-09-28 16:56:05,871] {logging_mixin.py:115} INFO - [2022-09-28 16:56:05,871] {dag.py:2972} INFO - Setting next_dagrun for example_short_circuit_operator to 2022-09-27T16:56:05.870891+00:00, run_after=2022-09-28T16:56:05.870891+00:00
[2022-09-28 16:56:05,887] {processor.py:161} INFO - Processing /home/airflow/.local/lib/python3.7/site-packages/airflow/example_dags/example_short_circuit_operator.py took 0.282 seconds
[2022-09-28 16:56:36,280] {processor.py:153} INFO - Started process (PID=448) to work on /home/airflow/.local/lib/python3.7/site-packages/airflow/example_dags/example_short_circuit_operator.py
[2022-09-28 16:56:36,281] {processor.py:641} INFO - Processing file /home/airflow/.local/lib/python3.7/site-packages/airflow/example_dags/example_short_circuit_operator.py for tasks to queue
[2022-09-28 16:56:36,283] {logging_mixin.py:115} INFO - [2022-09-28 16:56:36,282] {dagbag.py:508} INFO - Filling up the DagBag from /home/airflow/.local/lib/python3.7/site-packages/airflow/example_dags/example_short_circuit_operator.py
[2022-09-28 16:56:36,497] {processor.py:651} INFO - DAG(s) dict_keys(['example_short_circuit_operator']) retrieved from /home/airflow/.local/lib/python3.7/site-packages/airflow/example_dags/example_short_circuit_operator.py
[2022-09-28 16:56:36,550] {logging_mixin.py:115} INFO - [2022-09-28 16:56:36,550] {dag.py:2420} INFO - Sync 1 DAGs
[2022-09-28 16:56:36,590] {logging_mixin.py:115} INFO - [2022-09-28 16:56:36,590] {dag.py:2972} INFO - Setting next_dagrun for example_short_circuit_operator to 2022-09-27T16:56:36.590004+00:00, run_after=2022-09-28T16:56:36.590004+00:00
[2022-09-28 16:56:36,637] {processor.py:161} INFO - Processing /home/airflow/.local/lib/python3.7/site-packages/airflow/example_dags/example_short_circuit_operator.py took 0.362 seconds
[2022-09-28 16:57:25,991] {processor.py:153} INFO - Started process (PID=514) to work on /home/airflow/.local/lib/python3.7/site-packages/airflow/example_dags/example_short_circuit_operator.py
[2022-09-28 16:57:25,995] {processor.py:641} INFO - Processing file /home/airflow/.local/lib/python3.7/site-packages/airflow/example_dags/example_short_circuit_operator.py for tasks to queue
[2022-09-28 16:57:25,999] {logging_mixin.py:115} INFO - [2022-09-28 16:57:25,999] {dagbag.py:508} INFO - Filling up the DagBag from /home/airflow/.local/lib/python3.7/site-packages/airflow/example_dags/example_short_circuit_operator.py
[2022-09-28 16:57:26,334] {processor.py:651} INFO - DAG(s) dict_keys(['example_short_circuit_operator']) retrieved from /home/airflow/.local/lib/python3.7/site-packages/airflow/example_dags/example_short_circuit_operator.py
[2022-09-28 16:57:26,375] {logging_mixin.py:115} INFO - [2022-09-28 16:57:26,375] {dag.py:2420} INFO - Sync 1 DAGs
[2022-09-28 16:57:26,424] {logging_mixin.py:115} INFO - [2022-09-28 16:57:26,424] {dag.py:2972} INFO - Setting next_dagrun for example_short_circuit_operator to 2022-09-27T16:57:26.424189+00:00, run_after=2022-09-28T16:57:26.424189+00:00
[2022-09-28 16:57:26,448] {processor.py:161} INFO - Processing /home/airflow/.local/lib/python3.7/site-packages/airflow/example_dags/example_short_circuit_operator.py took 0.468 seconds
[2022-09-28 16:58:00,595] {processor.py:153} INFO - Started process (PID=579) to work on /home/airflow/.local/lib/python3.7/site-packages/airflow/example_dags/example_short_circuit_operator.py
[2022-09-28 16:58:00,598] {processor.py:641} INFO - Processing file /home/airflow/.local/lib/python3.7/site-packages/airflow/example_dags/example_short_circuit_operator.py for tasks to queue
[2022-09-28 16:58:00,600] {logging_mixin.py:115} INFO - [2022-09-28 16:58:00,600] {dagbag.py:508} INFO - Filling up the DagBag from /home/airflow/.local/lib/python3.7/site-packages/airflow/example_dags/example_short_circuit_operator.py
[2022-09-28 16:58:01,182] {processor.py:651} INFO - DAG(s) dict_keys(['example_short_circuit_operator']) retrieved from /home/airflow/.local/lib/python3.7/site-packages/airflow/example_dags/example_short_circuit_operator.py
[2022-09-28 16:58:01,435] {logging_mixin.py:115} INFO - [2022-09-28 16:58:01,435] {dag.py:2420} INFO - Sync 1 DAGs
[2022-09-28 16:58:01,552] {logging_mixin.py:115} INFO - [2022-09-28 16:58:01,552] {dag.py:2972} INFO - Setting next_dagrun for example_short_circuit_operator to 2022-09-27T16:58:01.552491+00:00, run_after=2022-09-28T16:58:01.552491+00:00
[2022-09-28 16:58:01,580] {processor.py:161} INFO - Processing /home/airflow/.local/lib/python3.7/site-packages/airflow/example_dags/example_short_circuit_operator.py took 0.994 seconds
[2022-09-28 16:58:32,604] {processor.py:153} INFO - Started process (PID=627) to work on /home/airflow/.local/lib/python3.7/site-packages/airflow/example_dags/example_short_circuit_operator.py
[2022-09-28 16:58:32,606] {processor.py:641} INFO - Processing file /home/airflow/.local/lib/python3.7/site-packages/airflow/example_dags/example_short_circuit_operator.py for tasks to queue
[2022-09-28 16:58:32,607] {logging_mixin.py:115} INFO - [2022-09-28 16:58:32,607] {dagbag.py:508} INFO - Filling up the DagBag from /home/airflow/.local/lib/python3.7/site-packages/airflow/example_dags/example_short_circuit_operator.py
[2022-09-28 16:58:32,645] {processor.py:651} INFO - DAG(s) dict_keys(['example_short_circuit_operator']) retrieved from /home/airflow/.local/lib/python3.7/site-packages/airflow/example_dags/example_short_circuit_operator.py
[2022-09-28 16:58:32,761] {logging_mixin.py:115} INFO - [2022-09-28 16:58:32,760] {dag.py:2420} INFO - Sync 1 DAGs
[2022-09-28 16:58:32,847] {logging_mixin.py:115} INFO - [2022-09-28 16:58:32,846] {dag.py:2972} INFO - Setting next_dagrun for example_short_circuit_operator to 2022-09-27T16:58:32.846507+00:00, run_after=2022-09-28T16:58:32.846507+00:00
[2022-09-28 16:58:32,887] {processor.py:161} INFO - Processing /home/airflow/.local/lib/python3.7/site-packages/airflow/example_dags/example_short_circuit_operator.py took 0.287 seconds
[2022-09-28 16:59:03,157] {processor.py:153} INFO - Started process (PID=691) to work on /home/airflow/.local/lib/python3.7/site-packages/airflow/example_dags/example_short_circuit_operator.py
[2022-09-28 16:59:03,162] {processor.py:641} INFO - Processing file /home/airflow/.local/lib/python3.7/site-packages/airflow/example_dags/example_short_circuit_operator.py for tasks to queue
[2022-09-28 16:59:03,164] {logging_mixin.py:115} INFO - [2022-09-28 16:59:03,163] {dagbag.py:508} INFO - Filling up the DagBag from /home/airflow/.local/lib/python3.7/site-packages/airflow/example_dags/example_short_circuit_operator.py
[2022-09-28 16:59:03,199] {processor.py:651} INFO - DAG(s) dict_keys(['example_short_circuit_operator']) retrieved from /home/airflow/.local/lib/python3.7/site-packages/airflow/example_dags/example_short_circuit_operator.py
[2022-09-28 16:59:03,373] {logging_mixin.py:115} INFO - [2022-09-28 16:59:03,373] {dag.py:2420} INFO - Sync 1 DAGs
[2022-09-28 16:59:03,549] {logging_mixin.py:115} INFO - [2022-09-28 16:59:03,549] {dag.py:2972} INFO - Setting next_dagrun for example_short_circuit_operator to 2022-09-27T16:59:03.549298+00:00, run_after=2022-09-28T16:59:03.549298+00:00
[2022-09-28 16:59:03,639] {processor.py:161} INFO - Processing /home/airflow/.local/lib/python3.7/site-packages/airflow/example_dags/example_short_circuit_operator.py took 0.487 seconds
[2022-09-28 17:08:29,331] {processor.py:153} INFO - Started process (PID=127) to work on /home/airflow/.local/lib/python3.7/site-packages/airflow/example_dags/example_short_circuit_operator.py
[2022-09-28 17:08:29,332] {processor.py:641} INFO - Processing file /home/airflow/.local/lib/python3.7/site-packages/airflow/example_dags/example_short_circuit_operator.py for tasks to queue
[2022-09-28 17:08:29,340] {logging_mixin.py:115} INFO - [2022-09-28 17:08:29,340] {dagbag.py:508} INFO - Filling up the DagBag from /home/airflow/.local/lib/python3.7/site-packages/airflow/example_dags/example_short_circuit_operator.py
[2022-09-28 17:08:29,353] {processor.py:651} INFO - DAG(s) dict_keys(['example_short_circuit_operator']) retrieved from /home/airflow/.local/lib/python3.7/site-packages/airflow/example_dags/example_short_circuit_operator.py
[2022-09-28 17:08:29,799] {logging_mixin.py:115} INFO - [2022-09-28 17:08:29,799] {manager.py:508} INFO - Created Permission View: can read on DAG:example_short_circuit_operator
[2022-09-28 17:08:29,823] {logging_mixin.py:115} INFO - [2022-09-28 17:08:29,823] {manager.py:508} INFO - Created Permission View: can delete on DAG:example_short_circuit_operator
[2022-09-28 17:08:29,845] {logging_mixin.py:115} INFO - [2022-09-28 17:08:29,845] {manager.py:508} INFO - Created Permission View: can edit on DAG:example_short_circuit_operator
[2022-09-28 17:08:29,846] {logging_mixin.py:115} INFO - [2022-09-28 17:08:29,846] {dag.py:2420} INFO - Sync 1 DAGs
[2022-09-28 17:08:29,859] {logging_mixin.py:115} INFO - [2022-09-28 17:08:29,858] {dag.py:2439} INFO - Creating ORM DAG for example_short_circuit_operator
[2022-09-28 17:08:29,873] {logging_mixin.py:115} INFO - [2022-09-28 17:08:29,873] {dag.py:2972} INFO - Setting next_dagrun for example_short_circuit_operator to 2022-09-27T17:08:29.873229+00:00, run_after=2022-09-28T17:08:29.873229+00:00
[2022-09-28 17:08:29,898] {processor.py:161} INFO - Processing /home/airflow/.local/lib/python3.7/site-packages/airflow/example_dags/example_short_circuit_operator.py took 0.571 seconds
[2022-09-28 17:09:00,104] {processor.py:153} INFO - Started process (PID=193) to work on /home/airflow/.local/lib/python3.7/site-packages/airflow/example_dags/example_short_circuit_operator.py
[2022-09-28 17:09:00,105] {processor.py:641} INFO - Processing file /home/airflow/.local/lib/python3.7/site-packages/airflow/example_dags/example_short_circuit_operator.py for tasks to queue
[2022-09-28 17:09:00,107] {logging_mixin.py:115} INFO - [2022-09-28 17:09:00,106] {dagbag.py:508} INFO - Filling up the DagBag from /home/airflow/.local/lib/python3.7/site-packages/airflow/example_dags/example_short_circuit_operator.py
[2022-09-28 17:09:00,277] {processor.py:651} INFO - DAG(s) dict_keys(['example_short_circuit_operator']) retrieved from /home/airflow/.local/lib/python3.7/site-packages/airflow/example_dags/example_short_circuit_operator.py
[2022-09-28 17:09:00,306] {logging_mixin.py:115} INFO - [2022-09-28 17:09:00,306] {dag.py:2420} INFO - Sync 1 DAGs
[2022-09-28 17:09:00,329] {logging_mixin.py:115} INFO - [2022-09-28 17:09:00,328] {dag.py:2972} INFO - Setting next_dagrun for example_short_circuit_operator to 2022-09-27T17:09:00.328709+00:00, run_after=2022-09-28T17:09:00.328709+00:00
[2022-09-28 17:09:00,348] {processor.py:161} INFO - Processing /home/airflow/.local/lib/python3.7/site-packages/airflow/example_dags/example_short_circuit_operator.py took 0.252 seconds
[2022-09-28 17:09:30,619] {processor.py:153} INFO - Started process (PID=251) to work on /home/airflow/.local/lib/python3.7/site-packages/airflow/example_dags/example_short_circuit_operator.py
[2022-09-28 17:09:30,620] {processor.py:641} INFO - Processing file /home/airflow/.local/lib/python3.7/site-packages/airflow/example_dags/example_short_circuit_operator.py for tasks to queue
[2022-09-28 17:09:30,621] {logging_mixin.py:115} INFO - [2022-09-28 17:09:30,621] {dagbag.py:508} INFO - Filling up the DagBag from /home/airflow/.local/lib/python3.7/site-packages/airflow/example_dags/example_short_circuit_operator.py
[2022-09-28 17:09:30,785] {processor.py:651} INFO - DAG(s) dict_keys(['example_short_circuit_operator']) retrieved from /home/airflow/.local/lib/python3.7/site-packages/airflow/example_dags/example_short_circuit_operator.py
[2022-09-28 17:09:30,819] {logging_mixin.py:115} INFO - [2022-09-28 17:09:30,819] {dag.py:2420} INFO - Sync 1 DAGs
[2022-09-28 17:09:30,846] {logging_mixin.py:115} INFO - [2022-09-28 17:09:30,845] {dag.py:2972} INFO - Setting next_dagrun for example_short_circuit_operator to 2022-09-27T17:09:30.845671+00:00, run_after=2022-09-28T17:09:30.845671+00:00
[2022-09-28 17:09:30,866] {processor.py:161} INFO - Processing /home/airflow/.local/lib/python3.7/site-packages/airflow/example_dags/example_short_circuit_operator.py took 0.252 seconds
[2022-09-28 17:10:01,120] {processor.py:153} INFO - Started process (PID=316) to work on /home/airflow/.local/lib/python3.7/site-packages/airflow/example_dags/example_short_circuit_operator.py
[2022-09-28 17:10:01,121] {processor.py:641} INFO - Processing file /home/airflow/.local/lib/python3.7/site-packages/airflow/example_dags/example_short_circuit_operator.py for tasks to queue
[2022-09-28 17:10:01,123] {logging_mixin.py:115} INFO - [2022-09-28 17:10:01,123] {dagbag.py:508} INFO - Filling up the DagBag from /home/airflow/.local/lib/python3.7/site-packages/airflow/example_dags/example_short_circuit_operator.py
[2022-09-28 17:10:01,279] {processor.py:651} INFO - DAG(s) dict_keys(['example_short_circuit_operator']) retrieved from /home/airflow/.local/lib/python3.7/site-packages/airflow/example_dags/example_short_circuit_operator.py
[2022-09-28 17:10:01,308] {logging_mixin.py:115} INFO - [2022-09-28 17:10:01,308] {dag.py:2420} INFO - Sync 1 DAGs
[2022-09-28 17:10:01,331] {logging_mixin.py:115} INFO - [2022-09-28 17:10:01,331] {dag.py:2972} INFO - Setting next_dagrun for example_short_circuit_operator to 2022-09-27T17:10:01.331211+00:00, run_after=2022-09-28T17:10:01.331211+00:00
[2022-09-28 17:10:01,347] {processor.py:161} INFO - Processing /home/airflow/.local/lib/python3.7/site-packages/airflow/example_dags/example_short_circuit_operator.py took 0.232 seconds
[2022-09-28 17:10:32,088] {processor.py:153} INFO - Started process (PID=381) to work on /home/airflow/.local/lib/python3.7/site-packages/airflow/example_dags/example_short_circuit_operator.py
[2022-09-28 17:10:32,089] {processor.py:641} INFO - Processing file /home/airflow/.local/lib/python3.7/site-packages/airflow/example_dags/example_short_circuit_operator.py for tasks to queue
[2022-09-28 17:10:32,091] {logging_mixin.py:115} INFO - [2022-09-28 17:10:32,091] {dagbag.py:508} INFO - Filling up the DagBag from /home/airflow/.local/lib/python3.7/site-packages/airflow/example_dags/example_short_circuit_operator.py
[2022-09-28 17:10:32,246] {processor.py:651} INFO - DAG(s) dict_keys(['example_short_circuit_operator']) retrieved from /home/airflow/.local/lib/python3.7/site-packages/airflow/example_dags/example_short_circuit_operator.py
[2022-09-28 17:10:32,271] {logging_mixin.py:115} INFO - [2022-09-28 17:10:32,271] {dag.py:2420} INFO - Sync 1 DAGs
[2022-09-28 17:10:32,295] {logging_mixin.py:115} INFO - [2022-09-28 17:10:32,295] {dag.py:2972} INFO - Setting next_dagrun for example_short_circuit_operator to 2022-09-27T17:10:32.294807+00:00, run_after=2022-09-28T17:10:32.294807+00:00
[2022-09-28 17:10:32,311] {processor.py:161} INFO - Processing /home/airflow/.local/lib/python3.7/site-packages/airflow/example_dags/example_short_circuit_operator.py took 0.228 seconds
[2022-09-28 17:11:02,585] {processor.py:153} INFO - Started process (PID=437) to work on /home/airflow/.local/lib/python3.7/site-packages/airflow/example_dags/example_short_circuit_operator.py
[2022-09-28 17:11:02,588] {processor.py:641} INFO - Processing file /home/airflow/.local/lib/python3.7/site-packages/airflow/example_dags/example_short_circuit_operator.py for tasks to queue
[2022-09-28 17:11:02,591] {logging_mixin.py:115} INFO - [2022-09-28 17:11:02,590] {dagbag.py:508} INFO - Filling up the DagBag from /home/airflow/.local/lib/python3.7/site-packages/airflow/example_dags/example_short_circuit_operator.py
[2022-09-28 17:11:02,739] {processor.py:651} INFO - DAG(s) dict_keys(['example_short_circuit_operator']) retrieved from /home/airflow/.local/lib/python3.7/site-packages/airflow/example_dags/example_short_circuit_operator.py
[2022-09-28 17:11:02,767] {logging_mixin.py:115} INFO - [2022-09-28 17:11:02,767] {dag.py:2420} INFO - Sync 1 DAGs
[2022-09-28 17:11:02,794] {logging_mixin.py:115} INFO - [2022-09-28 17:11:02,794] {dag.py:2972} INFO - Setting next_dagrun for example_short_circuit_operator to 2022-09-27T17:11:02.794365+00:00, run_after=2022-09-28T17:11:02.794365+00:00
[2022-09-28 17:11:02,811] {processor.py:161} INFO - Processing /home/airflow/.local/lib/python3.7/site-packages/airflow/example_dags/example_short_circuit_operator.py took 0.232 seconds
[2022-09-28 17:11:33,070] {processor.py:153} INFO - Started process (PID=502) to work on /home/airflow/.local/lib/python3.7/site-packages/airflow/example_dags/example_short_circuit_operator.py
[2022-09-28 17:11:33,071] {processor.py:641} INFO - Processing file /home/airflow/.local/lib/python3.7/site-packages/airflow/example_dags/example_short_circuit_operator.py for tasks to queue
[2022-09-28 17:11:33,073] {logging_mixin.py:115} INFO - [2022-09-28 17:11:33,073] {dagbag.py:508} INFO - Filling up the DagBag from /home/airflow/.local/lib/python3.7/site-packages/airflow/example_dags/example_short_circuit_operator.py
[2022-09-28 17:11:33,224] {processor.py:651} INFO - DAG(s) dict_keys(['example_short_circuit_operator']) retrieved from /home/airflow/.local/lib/python3.7/site-packages/airflow/example_dags/example_short_circuit_operator.py
[2022-09-28 17:11:33,250] {logging_mixin.py:115} INFO - [2022-09-28 17:11:33,250] {dag.py:2420} INFO - Sync 1 DAGs
[2022-09-28 17:11:33,271] {logging_mixin.py:115} INFO - [2022-09-28 17:11:33,271] {dag.py:2972} INFO - Setting next_dagrun for example_short_circuit_operator to 2022-09-27T17:11:33.271513+00:00, run_after=2022-09-28T17:11:33.271513+00:00
[2022-09-28 17:11:33,288] {processor.py:161} INFO - Processing /home/airflow/.local/lib/python3.7/site-packages/airflow/example_dags/example_short_circuit_operator.py took 0.226 seconds
[2022-09-28 17:12:03,766] {processor.py:153} INFO - Started process (PID=569) to work on /home/airflow/.local/lib/python3.7/site-packages/airflow/example_dags/example_short_circuit_operator.py
[2022-09-28 17:12:03,768] {processor.py:641} INFO - Processing file /home/airflow/.local/lib/python3.7/site-packages/airflow/example_dags/example_short_circuit_operator.py for tasks to queue
[2022-09-28 17:12:03,769] {logging_mixin.py:115} INFO - [2022-09-28 17:12:03,769] {dagbag.py:508} INFO - Filling up the DagBag from /home/airflow/.local/lib/python3.7/site-packages/airflow/example_dags/example_short_circuit_operator.py
[2022-09-28 17:12:03,918] {processor.py:651} INFO - DAG(s) dict_keys(['example_short_circuit_operator']) retrieved from /home/airflow/.local/lib/python3.7/site-packages/airflow/example_dags/example_short_circuit_operator.py
[2022-09-28 17:12:03,944] {logging_mixin.py:115} INFO - [2022-09-28 17:12:03,944] {dag.py:2420} INFO - Sync 1 DAGs
[2022-09-28 17:12:03,970] {logging_mixin.py:115} INFO - [2022-09-28 17:12:03,969] {dag.py:2972} INFO - Setting next_dagrun for example_short_circuit_operator to 2022-09-27T17:12:03.969784+00:00, run_after=2022-09-28T17:12:03.969784+00:00
[2022-09-28 17:12:03,988] {processor.py:161} INFO - Processing /home/airflow/.local/lib/python3.7/site-packages/airflow/example_dags/example_short_circuit_operator.py took 0.226 seconds
[2022-09-28 17:12:34,379] {processor.py:153} INFO - Started process (PID=624) to work on /home/airflow/.local/lib/python3.7/site-packages/airflow/example_dags/example_short_circuit_operator.py
[2022-09-28 17:12:34,382] {processor.py:641} INFO - Processing file /home/airflow/.local/lib/python3.7/site-packages/airflow/example_dags/example_short_circuit_operator.py for tasks to queue
[2022-09-28 17:12:34,385] {logging_mixin.py:115} INFO - [2022-09-28 17:12:34,384] {dagbag.py:508} INFO - Filling up the DagBag from /home/airflow/.local/lib/python3.7/site-packages/airflow/example_dags/example_short_circuit_operator.py
[2022-09-28 17:12:34,543] {processor.py:651} INFO - DAG(s) dict_keys(['example_short_circuit_operator']) retrieved from /home/airflow/.local/lib/python3.7/site-packages/airflow/example_dags/example_short_circuit_operator.py
[2022-09-28 17:12:34,571] {logging_mixin.py:115} INFO - [2022-09-28 17:12:34,571] {dag.py:2420} INFO - Sync 1 DAGs
[2022-09-28 17:12:34,595] {logging_mixin.py:115} INFO - [2022-09-28 17:12:34,595] {dag.py:2972} INFO - Setting next_dagrun for example_short_circuit_operator to 2022-09-27T17:12:34.595243+00:00, run_after=2022-09-28T17:12:34.595243+00:00
[2022-09-28 17:12:34,612] {processor.py:161} INFO - Processing /home/airflow/.local/lib/python3.7/site-packages/airflow/example_dags/example_short_circuit_operator.py took 0.238 seconds
[2022-09-28 17:13:05,174] {processor.py:153} INFO - Started process (PID=689) to work on /home/airflow/.local/lib/python3.7/site-packages/airflow/example_dags/example_short_circuit_operator.py
[2022-09-28 17:13:05,176] {processor.py:641} INFO - Processing file /home/airflow/.local/lib/python3.7/site-packages/airflow/example_dags/example_short_circuit_operator.py for tasks to queue
[2022-09-28 17:13:05,178] {logging_mixin.py:115} INFO - [2022-09-28 17:13:05,178] {dagbag.py:508} INFO - Filling up the DagBag from /home/airflow/.local/lib/python3.7/site-packages/airflow/example_dags/example_short_circuit_operator.py
[2022-09-28 17:13:05,343] {processor.py:651} INFO - DAG(s) dict_keys(['example_short_circuit_operator']) retrieved from /home/airflow/.local/lib/python3.7/site-packages/airflow/example_dags/example_short_circuit_operator.py
[2022-09-28 17:13:05,376] {logging_mixin.py:115} INFO - [2022-09-28 17:13:05,375] {dag.py:2420} INFO - Sync 1 DAGs
[2022-09-28 17:13:05,404] {logging_mixin.py:115} INFO - [2022-09-28 17:13:05,404] {dag.py:2972} INFO - Setting next_dagrun for example_short_circuit_operator to 2022-09-27T17:13:05.403991+00:00, run_after=2022-09-28T17:13:05.403991+00:00
[2022-09-28 17:13:05,419] {processor.py:161} INFO - Processing /home/airflow/.local/lib/python3.7/site-packages/airflow/example_dags/example_short_circuit_operator.py took 0.249 seconds
[2022-09-28 17:13:35,720] {processor.py:153} INFO - Started process (PID=752) to work on /home/airflow/.local/lib/python3.7/site-packages/airflow/example_dags/example_short_circuit_operator.py
[2022-09-28 17:13:35,721] {processor.py:641} INFO - Processing file /home/airflow/.local/lib/python3.7/site-packages/airflow/example_dags/example_short_circuit_operator.py for tasks to queue
[2022-09-28 17:13:35,723] {logging_mixin.py:115} INFO - [2022-09-28 17:13:35,723] {dagbag.py:508} INFO - Filling up the DagBag from /home/airflow/.local/lib/python3.7/site-packages/airflow/example_dags/example_short_circuit_operator.py
[2022-09-28 17:13:35,742] {processor.py:651} INFO - DAG(s) dict_keys(['example_short_circuit_operator']) retrieved from /home/airflow/.local/lib/python3.7/site-packages/airflow/example_dags/example_short_circuit_operator.py
[2022-09-28 17:13:35,790] {logging_mixin.py:115} INFO - [2022-09-28 17:13:35,790] {dag.py:2420} INFO - Sync 1 DAGs
[2022-09-28 17:13:35,823] {logging_mixin.py:115} INFO - [2022-09-28 17:13:35,823] {dag.py:2972} INFO - Setting next_dagrun for example_short_circuit_operator to 2022-09-27T17:13:35.822838+00:00, run_after=2022-09-28T17:13:35.822838+00:00
[2022-09-28 17:13:35,856] {processor.py:161} INFO - Processing /home/airflow/.local/lib/python3.7/site-packages/airflow/example_dags/example_short_circuit_operator.py took 0.141 seconds
[2022-09-28 17:14:06,503] {processor.py:153} INFO - Started process (PID=809) to work on /home/airflow/.local/lib/python3.7/site-packages/airflow/example_dags/example_short_circuit_operator.py
[2022-09-28 17:14:06,504] {processor.py:641} INFO - Processing file /home/airflow/.local/lib/python3.7/site-packages/airflow/example_dags/example_short_circuit_operator.py for tasks to queue
[2022-09-28 17:14:06,506] {logging_mixin.py:115} INFO - [2022-09-28 17:14:06,506] {dagbag.py:508} INFO - Filling up the DagBag from /home/airflow/.local/lib/python3.7/site-packages/airflow/example_dags/example_short_circuit_operator.py
[2022-09-28 17:14:06,518] {processor.py:651} INFO - DAG(s) dict_keys(['example_short_circuit_operator']) retrieved from /home/airflow/.local/lib/python3.7/site-packages/airflow/example_dags/example_short_circuit_operator.py
[2022-09-28 17:14:06,555] {logging_mixin.py:115} INFO - [2022-09-28 17:14:06,555] {dag.py:2420} INFO - Sync 1 DAGs
[2022-09-28 17:14:06,585] {logging_mixin.py:115} INFO - [2022-09-28 17:14:06,585] {dag.py:2972} INFO - Setting next_dagrun for example_short_circuit_operator to 2022-09-27T17:14:06.585229+00:00, run_after=2022-09-28T17:14:06.585229+00:00
[2022-09-28 17:14:06,605] {processor.py:161} INFO - Processing /home/airflow/.local/lib/python3.7/site-packages/airflow/example_dags/example_short_circuit_operator.py took 0.107 seconds
[2022-09-28 17:14:37,439] {processor.py:153} INFO - Started process (PID=873) to work on /home/airflow/.local/lib/python3.7/site-packages/airflow/example_dags/example_short_circuit_operator.py
[2022-09-28 17:14:37,441] {processor.py:641} INFO - Processing file /home/airflow/.local/lib/python3.7/site-packages/airflow/example_dags/example_short_circuit_operator.py for tasks to queue
[2022-09-28 17:14:37,442] {logging_mixin.py:115} INFO - [2022-09-28 17:14:37,442] {dagbag.py:508} INFO - Filling up the DagBag from /home/airflow/.local/lib/python3.7/site-packages/airflow/example_dags/example_short_circuit_operator.py
[2022-09-28 17:14:37,454] {processor.py:651} INFO - DAG(s) dict_keys(['example_short_circuit_operator']) retrieved from /home/airflow/.local/lib/python3.7/site-packages/airflow/example_dags/example_short_circuit_operator.py
[2022-09-28 17:14:37,488] {logging_mixin.py:115} INFO - [2022-09-28 17:14:37,488] {dag.py:2420} INFO - Sync 1 DAGs
[2022-09-28 17:14:37,519] {logging_mixin.py:115} INFO - [2022-09-28 17:14:37,519] {dag.py:2972} INFO - Setting next_dagrun for example_short_circuit_operator to 2022-09-27T17:14:37.518915+00:00, run_after=2022-09-28T17:14:37.518915+00:00
[2022-09-28 17:14:37,539] {processor.py:161} INFO - Processing /home/airflow/.local/lib/python3.7/site-packages/airflow/example_dags/example_short_circuit_operator.py took 0.103 seconds
[2022-09-28 17:15:07,958] {processor.py:153} INFO - Started process (PID=930) to work on /home/airflow/.local/lib/python3.7/site-packages/airflow/example_dags/example_short_circuit_operator.py
[2022-09-28 17:15:07,959] {processor.py:641} INFO - Processing file /home/airflow/.local/lib/python3.7/site-packages/airflow/example_dags/example_short_circuit_operator.py for tasks to queue
[2022-09-28 17:15:07,962] {logging_mixin.py:115} INFO - [2022-09-28 17:15:07,962] {dagbag.py:508} INFO - Filling up the DagBag from /home/airflow/.local/lib/python3.7/site-packages/airflow/example_dags/example_short_circuit_operator.py
[2022-09-28 17:15:07,973] {processor.py:651} INFO - DAG(s) dict_keys(['example_short_circuit_operator']) retrieved from /home/airflow/.local/lib/python3.7/site-packages/airflow/example_dags/example_short_circuit_operator.py
[2022-09-28 17:15:08,010] {logging_mixin.py:115} INFO - [2022-09-28 17:15:08,010] {dag.py:2420} INFO - Sync 1 DAGs
[2022-09-28 17:15:08,038] {logging_mixin.py:115} INFO - [2022-09-28 17:15:08,037] {dag.py:2972} INFO - Setting next_dagrun for example_short_circuit_operator to 2022-09-27T17:15:08.037526+00:00, run_after=2022-09-28T17:15:08.037526+00:00
[2022-09-28 17:15:08,057] {processor.py:161} INFO - Processing /home/airflow/.local/lib/python3.7/site-packages/airflow/example_dags/example_short_circuit_operator.py took 0.103 seconds
[2022-09-28 17:15:38,825] {processor.py:153} INFO - Started process (PID=996) to work on /home/airflow/.local/lib/python3.7/site-packages/airflow/example_dags/example_short_circuit_operator.py
[2022-09-28 17:15:38,832] {processor.py:641} INFO - Processing file /home/airflow/.local/lib/python3.7/site-packages/airflow/example_dags/example_short_circuit_operator.py for tasks to queue
[2022-09-28 17:15:38,835] {logging_mixin.py:115} INFO - [2022-09-28 17:15:38,835] {dagbag.py:508} INFO - Filling up the DagBag from /home/airflow/.local/lib/python3.7/site-packages/airflow/example_dags/example_short_circuit_operator.py
[2022-09-28 17:15:38,864] {processor.py:651} INFO - DAG(s) dict_keys(['example_short_circuit_operator']) retrieved from /home/airflow/.local/lib/python3.7/site-packages/airflow/example_dags/example_short_circuit_operator.py
[2022-09-28 17:15:38,910] {logging_mixin.py:115} INFO - [2022-09-28 17:15:38,910] {dag.py:2420} INFO - Sync 1 DAGs
[2022-09-28 17:15:38,940] {logging_mixin.py:115} INFO - [2022-09-28 17:15:38,939] {dag.py:2972} INFO - Setting next_dagrun for example_short_circuit_operator to 2022-09-27T17:15:38.939453+00:00, run_after=2022-09-28T17:15:38.939453+00:00
[2022-09-28 17:15:38,959] {processor.py:161} INFO - Processing /home/airflow/.local/lib/python3.7/site-packages/airflow/example_dags/example_short_circuit_operator.py took 0.139 seconds
[2022-09-28 17:16:09,358] {processor.py:153} INFO - Started process (PID=1060) to work on /home/airflow/.local/lib/python3.7/site-packages/airflow/example_dags/example_short_circuit_operator.py
[2022-09-28 17:16:09,360] {processor.py:641} INFO - Processing file /home/airflow/.local/lib/python3.7/site-packages/airflow/example_dags/example_short_circuit_operator.py for tasks to queue
[2022-09-28 17:16:09,362] {logging_mixin.py:115} INFO - [2022-09-28 17:16:09,362] {dagbag.py:508} INFO - Filling up the DagBag from /home/airflow/.local/lib/python3.7/site-packages/airflow/example_dags/example_short_circuit_operator.py
[2022-09-28 17:16:09,383] {processor.py:651} INFO - DAG(s) dict_keys(['example_short_circuit_operator']) retrieved from /home/airflow/.local/lib/python3.7/site-packages/airflow/example_dags/example_short_circuit_operator.py
[2022-09-28 17:16:09,438] {logging_mixin.py:115} INFO - [2022-09-28 17:16:09,438] {dag.py:2420} INFO - Sync 1 DAGs
[2022-09-28 17:16:09,472] {logging_mixin.py:115} INFO - [2022-09-28 17:16:09,472] {dag.py:2972} INFO - Setting next_dagrun for example_short_circuit_operator to 2022-09-27T17:16:09.472261+00:00, run_after=2022-09-28T17:16:09.472261+00:00
[2022-09-28 17:16:09,492] {processor.py:161} INFO - Processing /home/airflow/.local/lib/python3.7/site-packages/airflow/example_dags/example_short_circuit_operator.py took 0.141 seconds
[2022-09-28 17:16:39,637] {processor.py:153} INFO - Started process (PID=1115) to work on /home/airflow/.local/lib/python3.7/site-packages/airflow/example_dags/example_short_circuit_operator.py
[2022-09-28 17:16:39,639] {processor.py:641} INFO - Processing file /home/airflow/.local/lib/python3.7/site-packages/airflow/example_dags/example_short_circuit_operator.py for tasks to queue
[2022-09-28 17:16:39,642] {logging_mixin.py:115} INFO - [2022-09-28 17:16:39,642] {dagbag.py:508} INFO - Filling up the DagBag from /home/airflow/.local/lib/python3.7/site-packages/airflow/example_dags/example_short_circuit_operator.py
[2022-09-28 17:16:39,666] {processor.py:651} INFO - DAG(s) dict_keys(['example_short_circuit_operator']) retrieved from /home/airflow/.local/lib/python3.7/site-packages/airflow/example_dags/example_short_circuit_operator.py
[2022-09-28 17:16:39,705] {logging_mixin.py:115} INFO - [2022-09-28 17:16:39,704] {dag.py:2420} INFO - Sync 1 DAGs
[2022-09-28 17:16:39,733] {logging_mixin.py:115} INFO - [2022-09-28 17:16:39,733] {dag.py:2972} INFO - Setting next_dagrun for example_short_circuit_operator to 2022-09-27T17:16:39.733492+00:00, run_after=2022-09-28T17:16:39.733492+00:00
[2022-09-28 17:16:39,765] {processor.py:161} INFO - Processing /home/airflow/.local/lib/python3.7/site-packages/airflow/example_dags/example_short_circuit_operator.py took 0.134 seconds
[2022-09-28 17:17:09,905] {processor.py:153} INFO - Started process (PID=1182) to work on /home/airflow/.local/lib/python3.7/site-packages/airflow/example_dags/example_short_circuit_operator.py
[2022-09-28 17:17:09,906] {processor.py:641} INFO - Processing file /home/airflow/.local/lib/python3.7/site-packages/airflow/example_dags/example_short_circuit_operator.py for tasks to queue
[2022-09-28 17:17:09,908] {logging_mixin.py:115} INFO - [2022-09-28 17:17:09,908] {dagbag.py:508} INFO - Filling up the DagBag from /home/airflow/.local/lib/python3.7/site-packages/airflow/example_dags/example_short_circuit_operator.py
[2022-09-28 17:17:09,919] {processor.py:651} INFO - DAG(s) dict_keys(['example_short_circuit_operator']) retrieved from /home/airflow/.local/lib/python3.7/site-packages/airflow/example_dags/example_short_circuit_operator.py
[2022-09-28 17:17:09,952] {logging_mixin.py:115} INFO - [2022-09-28 17:17:09,952] {dag.py:2420} INFO - Sync 1 DAGs
[2022-09-28 17:17:09,976] {logging_mixin.py:115} INFO - [2022-09-28 17:17:09,976] {dag.py:2972} INFO - Setting next_dagrun for example_short_circuit_operator to 2022-09-27T17:17:09.975973+00:00, run_after=2022-09-28T17:17:09.975973+00:00
[2022-09-28 17:17:09,990] {processor.py:161} INFO - Processing /home/airflow/.local/lib/python3.7/site-packages/airflow/example_dags/example_short_circuit_operator.py took 0.090 seconds
[2022-09-28 17:17:40,723] {processor.py:153} INFO - Started process (PID=1249) to work on /home/airflow/.local/lib/python3.7/site-packages/airflow/example_dags/example_short_circuit_operator.py
[2022-09-28 17:17:40,724] {processor.py:641} INFO - Processing file /home/airflow/.local/lib/python3.7/site-packages/airflow/example_dags/example_short_circuit_operator.py for tasks to queue
[2022-09-28 17:17:40,726] {logging_mixin.py:115} INFO - [2022-09-28 17:17:40,725] {dagbag.py:508} INFO - Filling up the DagBag from /home/airflow/.local/lib/python3.7/site-packages/airflow/example_dags/example_short_circuit_operator.py
[2022-09-28 17:17:40,736] {processor.py:651} INFO - DAG(s) dict_keys(['example_short_circuit_operator']) retrieved from /home/airflow/.local/lib/python3.7/site-packages/airflow/example_dags/example_short_circuit_operator.py
[2022-09-28 17:17:40,778] {logging_mixin.py:115} INFO - [2022-09-28 17:17:40,778] {dag.py:2420} INFO - Sync 1 DAGs
[2022-09-28 17:17:40,803] {logging_mixin.py:115} INFO - [2022-09-28 17:17:40,803] {dag.py:2972} INFO - Setting next_dagrun for example_short_circuit_operator to 2022-09-27T17:17:40.803104+00:00, run_after=2022-09-28T17:17:40.803104+00:00
[2022-09-28 17:17:40,821] {processor.py:161} INFO - Processing /home/airflow/.local/lib/python3.7/site-packages/airflow/example_dags/example_short_circuit_operator.py took 0.102 seconds
[2022-09-28 17:18:11,188] {processor.py:153} INFO - Started process (PID=1304) to work on /home/airflow/.local/lib/python3.7/site-packages/airflow/example_dags/example_short_circuit_operator.py
[2022-09-28 17:18:11,191] {processor.py:641} INFO - Processing file /home/airflow/.local/lib/python3.7/site-packages/airflow/example_dags/example_short_circuit_operator.py for tasks to queue
[2022-09-28 17:18:11,193] {logging_mixin.py:115} INFO - [2022-09-28 17:18:11,193] {dagbag.py:508} INFO - Filling up the DagBag from /home/airflow/.local/lib/python3.7/site-packages/airflow/example_dags/example_short_circuit_operator.py
[2022-09-28 17:18:11,220] {processor.py:651} INFO - DAG(s) dict_keys(['example_short_circuit_operator']) retrieved from /home/airflow/.local/lib/python3.7/site-packages/airflow/example_dags/example_short_circuit_operator.py
[2022-09-28 17:18:11,274] {logging_mixin.py:115} INFO - [2022-09-28 17:18:11,274] {dag.py:2420} INFO - Sync 1 DAGs
[2022-09-28 17:18:11,315] {logging_mixin.py:115} INFO - [2022-09-28 17:18:11,314] {dag.py:2972} INFO - Setting next_dagrun for example_short_circuit_operator to 2022-09-27T17:18:11.314334+00:00, run_after=2022-09-28T17:18:11.314334+00:00
[2022-09-28 17:18:11,331] {processor.py:161} INFO - Processing /home/airflow/.local/lib/python3.7/site-packages/airflow/example_dags/example_short_circuit_operator.py took 0.148 seconds
[2022-09-28 17:18:42,233] {processor.py:153} INFO - Started process (PID=1360) to work on /home/airflow/.local/lib/python3.7/site-packages/airflow/example_dags/example_short_circuit_operator.py
[2022-09-28 17:18:42,235] {processor.py:641} INFO - Processing file /home/airflow/.local/lib/python3.7/site-packages/airflow/example_dags/example_short_circuit_operator.py for tasks to queue
[2022-09-28 17:18:42,237] {logging_mixin.py:115} INFO - [2022-09-28 17:18:42,237] {dagbag.py:508} INFO - Filling up the DagBag from /home/airflow/.local/lib/python3.7/site-packages/airflow/example_dags/example_short_circuit_operator.py
[2022-09-28 17:18:42,257] {processor.py:651} INFO - DAG(s) dict_keys(['example_short_circuit_operator']) retrieved from /home/airflow/.local/lib/python3.7/site-packages/airflow/example_dags/example_short_circuit_operator.py
[2022-09-28 17:18:42,315] {logging_mixin.py:115} INFO - [2022-09-28 17:18:42,315] {dag.py:2420} INFO - Sync 1 DAGs
[2022-09-28 17:18:42,359] {logging_mixin.py:115} INFO - [2022-09-28 17:18:42,359] {dag.py:2972} INFO - Setting next_dagrun for example_short_circuit_operator to 2022-09-27T17:18:42.359011+00:00, run_after=2022-09-28T17:18:42.359011+00:00
[2022-09-28 17:18:42,382] {processor.py:161} INFO - Processing /home/airflow/.local/lib/python3.7/site-packages/airflow/example_dags/example_short_circuit_operator.py took 0.156 seconds
[2022-09-28 17:19:13,007] {processor.py:153} INFO - Started process (PID=1425) to work on /home/airflow/.local/lib/python3.7/site-packages/airflow/example_dags/example_short_circuit_operator.py
[2022-09-28 17:19:13,008] {processor.py:641} INFO - Processing file /home/airflow/.local/lib/python3.7/site-packages/airflow/example_dags/example_short_circuit_operator.py for tasks to queue
[2022-09-28 17:19:13,010] {logging_mixin.py:115} INFO - [2022-09-28 17:19:13,010] {dagbag.py:508} INFO - Filling up the DagBag from /home/airflow/.local/lib/python3.7/site-packages/airflow/example_dags/example_short_circuit_operator.py
[2022-09-28 17:19:13,031] {processor.py:651} INFO - DAG(s) dict_keys(['example_short_circuit_operator']) retrieved from /home/airflow/.local/lib/python3.7/site-packages/airflow/example_dags/example_short_circuit_operator.py
[2022-09-28 17:19:13,087] {logging_mixin.py:115} INFO - [2022-09-28 17:19:13,086] {dag.py:2420} INFO - Sync 1 DAGs
[2022-09-28 17:19:13,114] {logging_mixin.py:115} INFO - [2022-09-28 17:19:13,114] {dag.py:2972} INFO - Setting next_dagrun for example_short_circuit_operator to 2022-09-27T17:19:13.113641+00:00, run_after=2022-09-28T17:19:13.113641+00:00
[2022-09-28 17:19:13,134] {processor.py:161} INFO - Processing /home/airflow/.local/lib/python3.7/site-packages/airflow/example_dags/example_short_circuit_operator.py took 0.131 seconds
[2022-09-28 17:19:44,401] {processor.py:153} INFO - Started process (PID=1491) to work on /home/airflow/.local/lib/python3.7/site-packages/airflow/example_dags/example_short_circuit_operator.py
[2022-09-28 17:19:44,403] {processor.py:641} INFO - Processing file /home/airflow/.local/lib/python3.7/site-packages/airflow/example_dags/example_short_circuit_operator.py for tasks to queue
[2022-09-28 17:19:44,404] {logging_mixin.py:115} INFO - [2022-09-28 17:19:44,404] {dagbag.py:508} INFO - Filling up the DagBag from /home/airflow/.local/lib/python3.7/site-packages/airflow/example_dags/example_short_circuit_operator.py
[2022-09-28 17:19:44,419] {processor.py:651} INFO - DAG(s) dict_keys(['example_short_circuit_operator']) retrieved from /home/airflow/.local/lib/python3.7/site-packages/airflow/example_dags/example_short_circuit_operator.py
[2022-09-28 17:19:44,480] {logging_mixin.py:115} INFO - [2022-09-28 17:19:44,480] {dag.py:2420} INFO - Sync 1 DAGs
[2022-09-28 17:19:44,511] {logging_mixin.py:115} INFO - [2022-09-28 17:19:44,511] {dag.py:2972} INFO - Setting next_dagrun for example_short_circuit_operator to 2022-09-27T17:19:44.511331+00:00, run_after=2022-09-28T17:19:44.511331+00:00
[2022-09-28 17:19:44,535] {processor.py:161} INFO - Processing /home/airflow/.local/lib/python3.7/site-packages/airflow/example_dags/example_short_circuit_operator.py took 0.138 seconds
[2022-09-28 17:20:15,454] {processor.py:153} INFO - Started process (PID=1546) to work on /home/airflow/.local/lib/python3.7/site-packages/airflow/example_dags/example_short_circuit_operator.py
[2022-09-28 17:20:15,457] {processor.py:641} INFO - Processing file /home/airflow/.local/lib/python3.7/site-packages/airflow/example_dags/example_short_circuit_operator.py for tasks to queue
[2022-09-28 17:20:15,461] {logging_mixin.py:115} INFO - [2022-09-28 17:20:15,460] {dagbag.py:508} INFO - Filling up the DagBag from /home/airflow/.local/lib/python3.7/site-packages/airflow/example_dags/example_short_circuit_operator.py
[2022-09-28 17:20:15,488] {processor.py:651} INFO - DAG(s) dict_keys(['example_short_circuit_operator']) retrieved from /home/airflow/.local/lib/python3.7/site-packages/airflow/example_dags/example_short_circuit_operator.py
[2022-09-28 17:20:15,570] {logging_mixin.py:115} INFO - [2022-09-28 17:20:15,570] {dag.py:2420} INFO - Sync 1 DAGs
[2022-09-28 17:20:15,615] {logging_mixin.py:115} INFO - [2022-09-28 17:20:15,615] {dag.py:2972} INFO - Setting next_dagrun for example_short_circuit_operator to 2022-09-27T17:20:15.614646+00:00, run_after=2022-09-28T17:20:15.614646+00:00
[2022-09-28 17:20:15,641] {processor.py:161} INFO - Processing /home/airflow/.local/lib/python3.7/site-packages/airflow/example_dags/example_short_circuit_operator.py took 0.195 seconds
[2022-09-28 17:20:46,201] {processor.py:153} INFO - Started process (PID=1613) to work on /home/airflow/.local/lib/python3.7/site-packages/airflow/example_dags/example_short_circuit_operator.py
[2022-09-28 17:20:46,212] {processor.py:641} INFO - Processing file /home/airflow/.local/lib/python3.7/site-packages/airflow/example_dags/example_short_circuit_operator.py for tasks to queue
[2022-09-28 17:20:46,226] {logging_mixin.py:115} INFO - [2022-09-28 17:20:46,226] {dagbag.py:508} INFO - Filling up the DagBag from /home/airflow/.local/lib/python3.7/site-packages/airflow/example_dags/example_short_circuit_operator.py
[2022-09-28 17:20:46,265] {processor.py:651} INFO - DAG(s) dict_keys(['example_short_circuit_operator']) retrieved from /home/airflow/.local/lib/python3.7/site-packages/airflow/example_dags/example_short_circuit_operator.py
[2022-09-28 17:20:46,367] {logging_mixin.py:115} INFO - [2022-09-28 17:20:46,367] {dag.py:2420} INFO - Sync 1 DAGs
[2022-09-28 17:20:46,540] {logging_mixin.py:115} INFO - [2022-09-28 17:20:46,539] {dag.py:2972} INFO - Setting next_dagrun for example_short_circuit_operator to 2022-09-27T17:20:46.538733+00:00, run_after=2022-09-28T17:20:46.538733+00:00
[2022-09-28 17:20:46,621] {processor.py:161} INFO - Processing /home/airflow/.local/lib/python3.7/site-packages/airflow/example_dags/example_short_circuit_operator.py took 0.443 seconds
[2022-09-28 17:21:17,256] {processor.py:153} INFO - Started process (PID=1667) to work on /home/airflow/.local/lib/python3.7/site-packages/airflow/example_dags/example_short_circuit_operator.py
[2022-09-28 17:21:17,258] {processor.py:641} INFO - Processing file /home/airflow/.local/lib/python3.7/site-packages/airflow/example_dags/example_short_circuit_operator.py for tasks to queue
[2022-09-28 17:21:17,260] {logging_mixin.py:115} INFO - [2022-09-28 17:21:17,259] {dagbag.py:508} INFO - Filling up the DagBag from /home/airflow/.local/lib/python3.7/site-packages/airflow/example_dags/example_short_circuit_operator.py
[2022-09-28 17:21:17,273] {processor.py:651} INFO - DAG(s) dict_keys(['example_short_circuit_operator']) retrieved from /home/airflow/.local/lib/python3.7/site-packages/airflow/example_dags/example_short_circuit_operator.py
[2022-09-28 17:21:17,311] {logging_mixin.py:115} INFO - [2022-09-28 17:21:17,311] {dag.py:2420} INFO - Sync 1 DAGs
[2022-09-28 17:21:17,341] {logging_mixin.py:115} INFO - [2022-09-28 17:21:17,341] {dag.py:2972} INFO - Setting next_dagrun for example_short_circuit_operator to 2022-09-27T17:21:17.341130+00:00, run_after=2022-09-28T17:21:17.341130+00:00
[2022-09-28 17:21:17,358] {processor.py:161} INFO - Processing /home/airflow/.local/lib/python3.7/site-packages/airflow/example_dags/example_short_circuit_operator.py took 0.107 seconds
[2022-09-28 17:21:47,687] {processor.py:153} INFO - Started process (PID=1734) to work on /home/airflow/.local/lib/python3.7/site-packages/airflow/example_dags/example_short_circuit_operator.py
[2022-09-28 17:21:47,688] {processor.py:641} INFO - Processing file /home/airflow/.local/lib/python3.7/site-packages/airflow/example_dags/example_short_circuit_operator.py for tasks to queue
[2022-09-28 17:21:47,689] {logging_mixin.py:115} INFO - [2022-09-28 17:21:47,689] {dagbag.py:508} INFO - Filling up the DagBag from /home/airflow/.local/lib/python3.7/site-packages/airflow/example_dags/example_short_circuit_operator.py
[2022-09-28 17:21:47,704] {processor.py:651} INFO - DAG(s) dict_keys(['example_short_circuit_operator']) retrieved from /home/airflow/.local/lib/python3.7/site-packages/airflow/example_dags/example_short_circuit_operator.py
[2022-09-28 17:21:47,742] {logging_mixin.py:115} INFO - [2022-09-28 17:21:47,742] {dag.py:2420} INFO - Sync 1 DAGs
[2022-09-28 17:21:47,769] {logging_mixin.py:115} INFO - [2022-09-28 17:21:47,769] {dag.py:2972} INFO - Setting next_dagrun for example_short_circuit_operator to 2022-09-27T17:21:47.769517+00:00, run_after=2022-09-28T17:21:47.769517+00:00
[2022-09-28 17:21:47,787] {processor.py:161} INFO - Processing /home/airflow/.local/lib/python3.7/site-packages/airflow/example_dags/example_short_circuit_operator.py took 0.105 seconds
[2022-09-28 17:22:18,380] {processor.py:153} INFO - Started process (PID=1789) to work on /home/airflow/.local/lib/python3.7/site-packages/airflow/example_dags/example_short_circuit_operator.py
[2022-09-28 17:22:18,382] {processor.py:641} INFO - Processing file /home/airflow/.local/lib/python3.7/site-packages/airflow/example_dags/example_short_circuit_operator.py for tasks to queue
[2022-09-28 17:22:18,384] {logging_mixin.py:115} INFO - [2022-09-28 17:22:18,383] {dagbag.py:508} INFO - Filling up the DagBag from /home/airflow/.local/lib/python3.7/site-packages/airflow/example_dags/example_short_circuit_operator.py
[2022-09-28 17:22:18,398] {processor.py:651} INFO - DAG(s) dict_keys(['example_short_circuit_operator']) retrieved from /home/airflow/.local/lib/python3.7/site-packages/airflow/example_dags/example_short_circuit_operator.py
[2022-09-28 17:22:18,435] {logging_mixin.py:115} INFO - [2022-09-28 17:22:18,435] {dag.py:2420} INFO - Sync 1 DAGs
[2022-09-28 17:22:18,475] {logging_mixin.py:115} INFO - [2022-09-28 17:22:18,475] {dag.py:2972} INFO - Setting next_dagrun for example_short_circuit_operator to 2022-09-27T17:22:18.475392+00:00, run_after=2022-09-28T17:22:18.475392+00:00
[2022-09-28 17:22:18,490] {processor.py:161} INFO - Processing /home/airflow/.local/lib/python3.7/site-packages/airflow/example_dags/example_short_circuit_operator.py took 0.118 seconds
[2022-09-28 17:22:48,698] {processor.py:153} INFO - Started process (PID=1855) to work on /home/airflow/.local/lib/python3.7/site-packages/airflow/example_dags/example_short_circuit_operator.py
[2022-09-28 17:22:48,700] {processor.py:641} INFO - Processing file /home/airflow/.local/lib/python3.7/site-packages/airflow/example_dags/example_short_circuit_operator.py for tasks to queue
[2022-09-28 17:22:48,702] {logging_mixin.py:115} INFO - [2022-09-28 17:22:48,701] {dagbag.py:508} INFO - Filling up the DagBag from /home/airflow/.local/lib/python3.7/site-packages/airflow/example_dags/example_short_circuit_operator.py
[2022-09-28 17:22:48,721] {processor.py:651} INFO - DAG(s) dict_keys(['example_short_circuit_operator']) retrieved from /home/airflow/.local/lib/python3.7/site-packages/airflow/example_dags/example_short_circuit_operator.py
[2022-09-28 17:22:48,760] {logging_mixin.py:115} INFO - [2022-09-28 17:22:48,760] {dag.py:2420} INFO - Sync 1 DAGs
[2022-09-28 17:22:48,786] {logging_mixin.py:115} INFO - [2022-09-28 17:22:48,786] {dag.py:2972} INFO - Setting next_dagrun for example_short_circuit_operator to 2022-09-27T17:22:48.786434+00:00, run_after=2022-09-28T17:22:48.786434+00:00
[2022-09-28 17:22:48,804] {processor.py:161} INFO - Processing /home/airflow/.local/lib/python3.7/site-packages/airflow/example_dags/example_short_circuit_operator.py took 0.111 seconds
[2022-09-28 17:23:19,322] {processor.py:153} INFO - Started process (PID=1922) to work on /home/airflow/.local/lib/python3.7/site-packages/airflow/example_dags/example_short_circuit_operator.py
[2022-09-28 17:23:19,323] {processor.py:641} INFO - Processing file /home/airflow/.local/lib/python3.7/site-packages/airflow/example_dags/example_short_circuit_operator.py for tasks to queue
[2022-09-28 17:23:19,325] {logging_mixin.py:115} INFO - [2022-09-28 17:23:19,325] {dagbag.py:508} INFO - Filling up the DagBag from /home/airflow/.local/lib/python3.7/site-packages/airflow/example_dags/example_short_circuit_operator.py
[2022-09-28 17:23:19,339] {processor.py:651} INFO - DAG(s) dict_keys(['example_short_circuit_operator']) retrieved from /home/airflow/.local/lib/python3.7/site-packages/airflow/example_dags/example_short_circuit_operator.py
[2022-09-28 17:23:19,381] {logging_mixin.py:115} INFO - [2022-09-28 17:23:19,381] {dag.py:2420} INFO - Sync 1 DAGs
[2022-09-28 17:23:19,415] {logging_mixin.py:115} INFO - [2022-09-28 17:23:19,415] {dag.py:2972} INFO - Setting next_dagrun for example_short_circuit_operator to 2022-09-27T17:23:19.415025+00:00, run_after=2022-09-28T17:23:19.415025+00:00
[2022-09-28 17:23:19,430] {processor.py:161} INFO - Processing /home/airflow/.local/lib/python3.7/site-packages/airflow/example_dags/example_short_circuit_operator.py took 0.112 seconds
[2022-09-28 17:23:50,492] {processor.py:153} INFO - Started process (PID=1977) to work on /home/airflow/.local/lib/python3.7/site-packages/airflow/example_dags/example_short_circuit_operator.py
[2022-09-28 17:23:50,495] {processor.py:641} INFO - Processing file /home/airflow/.local/lib/python3.7/site-packages/airflow/example_dags/example_short_circuit_operator.py for tasks to queue
[2022-09-28 17:23:50,496] {logging_mixin.py:115} INFO - [2022-09-28 17:23:50,496] {dagbag.py:508} INFO - Filling up the DagBag from /home/airflow/.local/lib/python3.7/site-packages/airflow/example_dags/example_short_circuit_operator.py
[2022-09-28 17:23:50,509] {processor.py:651} INFO - DAG(s) dict_keys(['example_short_circuit_operator']) retrieved from /home/airflow/.local/lib/python3.7/site-packages/airflow/example_dags/example_short_circuit_operator.py
[2022-09-28 17:23:50,553] {logging_mixin.py:115} INFO - [2022-09-28 17:23:50,553] {dag.py:2420} INFO - Sync 1 DAGs
[2022-09-28 17:23:50,593] {logging_mixin.py:115} INFO - [2022-09-28 17:23:50,592] {dag.py:2972} INFO - Setting next_dagrun for example_short_circuit_operator to 2022-09-27T17:23:50.592586+00:00, run_after=2022-09-28T17:23:50.592586+00:00
[2022-09-28 17:23:50,624] {processor.py:161} INFO - Processing /home/airflow/.local/lib/python3.7/site-packages/airflow/example_dags/example_short_circuit_operator.py took 0.144 seconds
[2022-09-28 17:24:20,795] {processor.py:153} INFO - Started process (PID=2043) to work on /home/airflow/.local/lib/python3.7/site-packages/airflow/example_dags/example_short_circuit_operator.py
[2022-09-28 17:24:20,797] {processor.py:641} INFO - Processing file /home/airflow/.local/lib/python3.7/site-packages/airflow/example_dags/example_short_circuit_operator.py for tasks to queue
[2022-09-28 17:24:20,798] {logging_mixin.py:115} INFO - [2022-09-28 17:24:20,798] {dagbag.py:508} INFO - Filling up the DagBag from /home/airflow/.local/lib/python3.7/site-packages/airflow/example_dags/example_short_circuit_operator.py
[2022-09-28 17:24:20,811] {processor.py:651} INFO - DAG(s) dict_keys(['example_short_circuit_operator']) retrieved from /home/airflow/.local/lib/python3.7/site-packages/airflow/example_dags/example_short_circuit_operator.py
[2022-09-28 17:24:20,843] {logging_mixin.py:115} INFO - [2022-09-28 17:24:20,842] {dag.py:2420} INFO - Sync 1 DAGs
[2022-09-28 17:24:20,877] {logging_mixin.py:115} INFO - [2022-09-28 17:24:20,877] {dag.py:2972} INFO - Setting next_dagrun for example_short_circuit_operator to 2022-09-27T17:24:20.876623+00:00, run_after=2022-09-28T17:24:20.876623+00:00
[2022-09-28 17:24:20,897] {processor.py:161} INFO - Processing /home/airflow/.local/lib/python3.7/site-packages/airflow/example_dags/example_short_circuit_operator.py took 0.107 seconds
[2022-09-28 17:24:51,015] {processor.py:153} INFO - Started process (PID=2100) to work on /home/airflow/.local/lib/python3.7/site-packages/airflow/example_dags/example_short_circuit_operator.py
[2022-09-28 17:24:51,016] {processor.py:641} INFO - Processing file /home/airflow/.local/lib/python3.7/site-packages/airflow/example_dags/example_short_circuit_operator.py for tasks to queue
[2022-09-28 17:24:51,017] {logging_mixin.py:115} INFO - [2022-09-28 17:24:51,017] {dagbag.py:508} INFO - Filling up the DagBag from /home/airflow/.local/lib/python3.7/site-packages/airflow/example_dags/example_short_circuit_operator.py
[2022-09-28 17:24:51,029] {processor.py:651} INFO - DAG(s) dict_keys(['example_short_circuit_operator']) retrieved from /home/airflow/.local/lib/python3.7/site-packages/airflow/example_dags/example_short_circuit_operator.py
[2022-09-28 17:24:51,061] {logging_mixin.py:115} INFO - [2022-09-28 17:24:51,061] {dag.py:2420} INFO - Sync 1 DAGs
[2022-09-28 17:24:51,087] {logging_mixin.py:115} INFO - [2022-09-28 17:24:51,087] {dag.py:2972} INFO - Setting next_dagrun for example_short_circuit_operator to 2022-09-27T17:24:51.086898+00:00, run_after=2022-09-28T17:24:51.086898+00:00
[2022-09-28 17:24:51,102] {processor.py:161} INFO - Processing /home/airflow/.local/lib/python3.7/site-packages/airflow/example_dags/example_short_circuit_operator.py took 0.092 seconds
[2022-09-28 17:25:21,224] {processor.py:153} INFO - Started process (PID=2166) to work on /home/airflow/.local/lib/python3.7/site-packages/airflow/example_dags/example_short_circuit_operator.py
[2022-09-28 17:25:21,226] {processor.py:641} INFO - Processing file /home/airflow/.local/lib/python3.7/site-packages/airflow/example_dags/example_short_circuit_operator.py for tasks to queue
[2022-09-28 17:25:21,228] {logging_mixin.py:115} INFO - [2022-09-28 17:25:21,228] {dagbag.py:508} INFO - Filling up the DagBag from /home/airflow/.local/lib/python3.7/site-packages/airflow/example_dags/example_short_circuit_operator.py
[2022-09-28 17:25:21,241] {processor.py:651} INFO - DAG(s) dict_keys(['example_short_circuit_operator']) retrieved from /home/airflow/.local/lib/python3.7/site-packages/airflow/example_dags/example_short_circuit_operator.py
[2022-09-28 17:25:21,283] {logging_mixin.py:115} INFO - [2022-09-28 17:25:21,283] {dag.py:2420} INFO - Sync 1 DAGs
[2022-09-28 17:25:21,317] {logging_mixin.py:115} INFO - [2022-09-28 17:25:21,317] {dag.py:2972} INFO - Setting next_dagrun for example_short_circuit_operator to 2022-09-27T17:25:21.317045+00:00, run_after=2022-09-28T17:25:21.317045+00:00
[2022-09-28 17:25:21,338] {processor.py:161} INFO - Processing /home/airflow/.local/lib/python3.7/site-packages/airflow/example_dags/example_short_circuit_operator.py took 0.121 seconds
[2022-09-28 17:25:51,514] {processor.py:153} INFO - Started process (PID=2232) to work on /home/airflow/.local/lib/python3.7/site-packages/airflow/example_dags/example_short_circuit_operator.py
[2022-09-28 17:25:51,517] {processor.py:641} INFO - Processing file /home/airflow/.local/lib/python3.7/site-packages/airflow/example_dags/example_short_circuit_operator.py for tasks to queue
[2022-09-28 17:25:51,520] {logging_mixin.py:115} INFO - [2022-09-28 17:25:51,520] {dagbag.py:508} INFO - Filling up the DagBag from /home/airflow/.local/lib/python3.7/site-packages/airflow/example_dags/example_short_circuit_operator.py
[2022-09-28 17:25:51,534] {processor.py:651} INFO - DAG(s) dict_keys(['example_short_circuit_operator']) retrieved from /home/airflow/.local/lib/python3.7/site-packages/airflow/example_dags/example_short_circuit_operator.py
[2022-09-28 17:25:51,576] {logging_mixin.py:115} INFO - [2022-09-28 17:25:51,576] {dag.py:2420} INFO - Sync 1 DAGs
[2022-09-28 17:25:51,618] {logging_mixin.py:115} INFO - [2022-09-28 17:25:51,618] {dag.py:2972} INFO - Setting next_dagrun for example_short_circuit_operator to 2022-09-27T17:25:51.617656+00:00, run_after=2022-09-28T17:25:51.617656+00:00
[2022-09-28 17:25:51,658] {processor.py:161} INFO - Processing /home/airflow/.local/lib/python3.7/site-packages/airflow/example_dags/example_short_circuit_operator.py took 0.154 seconds
[2022-09-28 17:26:21,767] {processor.py:153} INFO - Started process (PID=2289) to work on /home/airflow/.local/lib/python3.7/site-packages/airflow/example_dags/example_short_circuit_operator.py
[2022-09-28 17:26:21,770] {processor.py:641} INFO - Processing file /home/airflow/.local/lib/python3.7/site-packages/airflow/example_dags/example_short_circuit_operator.py for tasks to queue
[2022-09-28 17:26:21,772] {logging_mixin.py:115} INFO - [2022-09-28 17:26:21,772] {dagbag.py:508} INFO - Filling up the DagBag from /home/airflow/.local/lib/python3.7/site-packages/airflow/example_dags/example_short_circuit_operator.py
[2022-09-28 17:26:21,787] {processor.py:651} INFO - DAG(s) dict_keys(['example_short_circuit_operator']) retrieved from /home/airflow/.local/lib/python3.7/site-packages/airflow/example_dags/example_short_circuit_operator.py
[2022-09-28 17:26:21,834] {logging_mixin.py:115} INFO - [2022-09-28 17:26:21,834] {dag.py:2420} INFO - Sync 1 DAGs
[2022-09-28 17:26:21,867] {logging_mixin.py:115} INFO - [2022-09-28 17:26:21,867] {dag.py:2972} INFO - Setting next_dagrun for example_short_circuit_operator to 2022-09-27T17:26:21.867105+00:00, run_after=2022-09-28T17:26:21.867105+00:00
[2022-09-28 17:26:21,886] {processor.py:161} INFO - Processing /home/airflow/.local/lib/python3.7/site-packages/airflow/example_dags/example_short_circuit_operator.py took 0.135 seconds
[2022-09-28 17:26:52,183] {processor.py:153} INFO - Started process (PID=2353) to work on /home/airflow/.local/lib/python3.7/site-packages/airflow/example_dags/example_short_circuit_operator.py
[2022-09-28 17:26:52,184] {processor.py:641} INFO - Processing file /home/airflow/.local/lib/python3.7/site-packages/airflow/example_dags/example_short_circuit_operator.py for tasks to queue
[2022-09-28 17:26:52,185] {logging_mixin.py:115} INFO - [2022-09-28 17:26:52,185] {dagbag.py:508} INFO - Filling up the DagBag from /home/airflow/.local/lib/python3.7/site-packages/airflow/example_dags/example_short_circuit_operator.py
[2022-09-28 17:26:52,196] {processor.py:651} INFO - DAG(s) dict_keys(['example_short_circuit_operator']) retrieved from /home/airflow/.local/lib/python3.7/site-packages/airflow/example_dags/example_short_circuit_operator.py
[2022-09-28 17:26:52,229] {logging_mixin.py:115} INFO - [2022-09-28 17:26:52,229] {dag.py:2420} INFO - Sync 1 DAGs
[2022-09-28 17:26:52,255] {logging_mixin.py:115} INFO - [2022-09-28 17:26:52,255] {dag.py:2972} INFO - Setting next_dagrun for example_short_circuit_operator to 2022-09-27T17:26:52.254806+00:00, run_after=2022-09-28T17:26:52.254806+00:00
[2022-09-28 17:26:52,270] {processor.py:161} INFO - Processing /home/airflow/.local/lib/python3.7/site-packages/airflow/example_dags/example_short_circuit_operator.py took 0.091 seconds
[2022-09-28 17:27:23,414] {processor.py:153} INFO - Started process (PID=2409) to work on /home/airflow/.local/lib/python3.7/site-packages/airflow/example_dags/example_short_circuit_operator.py
[2022-09-28 17:27:23,415] {processor.py:641} INFO - Processing file /home/airflow/.local/lib/python3.7/site-packages/airflow/example_dags/example_short_circuit_operator.py for tasks to queue
[2022-09-28 17:27:23,417] {logging_mixin.py:115} INFO - [2022-09-28 17:27:23,417] {dagbag.py:508} INFO - Filling up the DagBag from /home/airflow/.local/lib/python3.7/site-packages/airflow/example_dags/example_short_circuit_operator.py
[2022-09-28 17:27:23,429] {processor.py:651} INFO - DAG(s) dict_keys(['example_short_circuit_operator']) retrieved from /home/airflow/.local/lib/python3.7/site-packages/airflow/example_dags/example_short_circuit_operator.py
[2022-09-28 17:27:23,475] {logging_mixin.py:115} INFO - [2022-09-28 17:27:23,475] {dag.py:2420} INFO - Sync 1 DAGs
[2022-09-28 17:27:23,503] {logging_mixin.py:115} INFO - [2022-09-28 17:27:23,503] {dag.py:2972} INFO - Setting next_dagrun for example_short_circuit_operator to 2022-09-27T17:27:23.503151+00:00, run_after=2022-09-28T17:27:23.503151+00:00
[2022-09-28 17:27:23,526] {processor.py:161} INFO - Processing /home/airflow/.local/lib/python3.7/site-packages/airflow/example_dags/example_short_circuit_operator.py took 0.117 seconds
[2022-09-28 17:27:54,436] {processor.py:153} INFO - Started process (PID=2475) to work on /home/airflow/.local/lib/python3.7/site-packages/airflow/example_dags/example_short_circuit_operator.py
[2022-09-28 17:27:54,441] {processor.py:641} INFO - Processing file /home/airflow/.local/lib/python3.7/site-packages/airflow/example_dags/example_short_circuit_operator.py for tasks to queue
[2022-09-28 17:27:54,444] {logging_mixin.py:115} INFO - [2022-09-28 17:27:54,443] {dagbag.py:508} INFO - Filling up the DagBag from /home/airflow/.local/lib/python3.7/site-packages/airflow/example_dags/example_short_circuit_operator.py
[2022-09-28 17:27:54,473] {processor.py:651} INFO - DAG(s) dict_keys(['example_short_circuit_operator']) retrieved from /home/airflow/.local/lib/python3.7/site-packages/airflow/example_dags/example_short_circuit_operator.py
[2022-09-28 17:27:54,553] {logging_mixin.py:115} INFO - [2022-09-28 17:27:54,553] {dag.py:2420} INFO - Sync 1 DAGs
[2022-09-28 17:27:54,600] {logging_mixin.py:115} INFO - [2022-09-28 17:27:54,600] {dag.py:2972} INFO - Setting next_dagrun for example_short_circuit_operator to 2022-09-27T17:27:54.600107+00:00, run_after=2022-09-28T17:27:54.600107+00:00
[2022-09-28 17:27:54,629] {processor.py:161} INFO - Processing /home/airflow/.local/lib/python3.7/site-packages/airflow/example_dags/example_short_circuit_operator.py took 0.216 seconds
[2022-09-28 17:28:25,720] {processor.py:153} INFO - Started process (PID=2536) to work on /home/airflow/.local/lib/python3.7/site-packages/airflow/example_dags/example_short_circuit_operator.py
[2022-09-28 17:28:25,723] {processor.py:641} INFO - Processing file /home/airflow/.local/lib/python3.7/site-packages/airflow/example_dags/example_short_circuit_operator.py for tasks to queue
[2022-09-28 17:28:25,727] {logging_mixin.py:115} INFO - [2022-09-28 17:28:25,727] {dagbag.py:508} INFO - Filling up the DagBag from /home/airflow/.local/lib/python3.7/site-packages/airflow/example_dags/example_short_circuit_operator.py
[2022-09-28 17:28:25,778] {processor.py:651} INFO - DAG(s) dict_keys(['example_short_circuit_operator']) retrieved from /home/airflow/.local/lib/python3.7/site-packages/airflow/example_dags/example_short_circuit_operator.py
[2022-09-28 17:28:25,876] {logging_mixin.py:115} INFO - [2022-09-28 17:28:25,875] {dag.py:2420} INFO - Sync 1 DAGs
[2022-09-28 17:28:25,927] {logging_mixin.py:115} INFO - [2022-09-28 17:28:25,927] {dag.py:2972} INFO - Setting next_dagrun for example_short_circuit_operator to 2022-09-27T17:28:25.926833+00:00, run_after=2022-09-28T17:28:25.926833+00:00
[2022-09-28 17:28:25,968] {processor.py:161} INFO - Processing /home/airflow/.local/lib/python3.7/site-packages/airflow/example_dags/example_short_circuit_operator.py took 0.266 seconds
[2022-09-28 17:28:56,342] {processor.py:153} INFO - Started process (PID=2603) to work on /home/airflow/.local/lib/python3.7/site-packages/airflow/example_dags/example_short_circuit_operator.py
[2022-09-28 17:28:56,344] {processor.py:641} INFO - Processing file /home/airflow/.local/lib/python3.7/site-packages/airflow/example_dags/example_short_circuit_operator.py for tasks to queue
[2022-09-28 17:28:56,347] {logging_mixin.py:115} INFO - [2022-09-28 17:28:56,347] {dagbag.py:508} INFO - Filling up the DagBag from /home/airflow/.local/lib/python3.7/site-packages/airflow/example_dags/example_short_circuit_operator.py
[2022-09-28 17:28:56,371] {processor.py:651} INFO - DAG(s) dict_keys(['example_short_circuit_operator']) retrieved from /home/airflow/.local/lib/python3.7/site-packages/airflow/example_dags/example_short_circuit_operator.py
[2022-09-28 17:28:56,423] {logging_mixin.py:115} INFO - [2022-09-28 17:28:56,423] {dag.py:2420} INFO - Sync 1 DAGs
[2022-09-28 17:28:56,535] {logging_mixin.py:115} INFO - [2022-09-28 17:28:56,534] {dag.py:2972} INFO - Setting next_dagrun for example_short_circuit_operator to 2022-09-27T17:28:56.532793+00:00, run_after=2022-09-28T17:28:56.532793+00:00
[2022-09-28 17:28:56,603] {processor.py:161} INFO - Processing /home/airflow/.local/lib/python3.7/site-packages/airflow/example_dags/example_short_circuit_operator.py took 0.276 seconds
[2022-09-28 17:29:27,080] {processor.py:153} INFO - Started process (PID=2658) to work on /home/airflow/.local/lib/python3.7/site-packages/airflow/example_dags/example_short_circuit_operator.py
[2022-09-28 17:29:27,086] {processor.py:641} INFO - Processing file /home/airflow/.local/lib/python3.7/site-packages/airflow/example_dags/example_short_circuit_operator.py for tasks to queue
[2022-09-28 17:29:27,091] {logging_mixin.py:115} INFO - [2022-09-28 17:29:27,090] {dagbag.py:508} INFO - Filling up the DagBag from /home/airflow/.local/lib/python3.7/site-packages/airflow/example_dags/example_short_circuit_operator.py
[2022-09-28 17:29:27,110] {processor.py:651} INFO - DAG(s) dict_keys(['example_short_circuit_operator']) retrieved from /home/airflow/.local/lib/python3.7/site-packages/airflow/example_dags/example_short_circuit_operator.py
[2022-09-28 17:29:27,153] {logging_mixin.py:115} INFO - [2022-09-28 17:29:27,153] {dag.py:2420} INFO - Sync 1 DAGs
[2022-09-28 17:29:27,188] {logging_mixin.py:115} INFO - [2022-09-28 17:29:27,188] {dag.py:2972} INFO - Setting next_dagrun for example_short_circuit_operator to 2022-09-27T17:29:27.188580+00:00, run_after=2022-09-28T17:29:27.188580+00:00
[2022-09-28 17:29:27,214] {processor.py:161} INFO - Processing /home/airflow/.local/lib/python3.7/site-packages/airflow/example_dags/example_short_circuit_operator.py took 0.150 seconds
[2022-09-28 17:29:57,840] {processor.py:153} INFO - Started process (PID=2728) to work on /home/airflow/.local/lib/python3.7/site-packages/airflow/example_dags/example_short_circuit_operator.py
[2022-09-28 17:29:57,841] {processor.py:641} INFO - Processing file /home/airflow/.local/lib/python3.7/site-packages/airflow/example_dags/example_short_circuit_operator.py for tasks to queue
[2022-09-28 17:29:57,844] {logging_mixin.py:115} INFO - [2022-09-28 17:29:57,843] {dagbag.py:508} INFO - Filling up the DagBag from /home/airflow/.local/lib/python3.7/site-packages/airflow/example_dags/example_short_circuit_operator.py
[2022-09-28 17:29:57,883] {processor.py:651} INFO - DAG(s) dict_keys(['example_short_circuit_operator']) retrieved from /home/airflow/.local/lib/python3.7/site-packages/airflow/example_dags/example_short_circuit_operator.py
[2022-09-28 17:29:57,967] {logging_mixin.py:115} INFO - [2022-09-28 17:29:57,966] {dag.py:2420} INFO - Sync 1 DAGs
[2022-09-28 17:29:58,050] {logging_mixin.py:115} INFO - [2022-09-28 17:29:58,050] {dag.py:2972} INFO - Setting next_dagrun for example_short_circuit_operator to 2022-09-27T17:29:58.050424+00:00, run_after=2022-09-28T17:29:58.050424+00:00
[2022-09-28 17:29:58,072] {processor.py:161} INFO - Processing /home/airflow/.local/lib/python3.7/site-packages/airflow/example_dags/example_short_circuit_operator.py took 0.240 seconds
[2022-09-28 17:30:28,232] {processor.py:153} INFO - Started process (PID=2795) to work on /home/airflow/.local/lib/python3.7/site-packages/airflow/example_dags/example_short_circuit_operator.py
[2022-09-28 17:30:28,234] {processor.py:641} INFO - Processing file /home/airflow/.local/lib/python3.7/site-packages/airflow/example_dags/example_short_circuit_operator.py for tasks to queue
[2022-09-28 17:30:28,235] {logging_mixin.py:115} INFO - [2022-09-28 17:30:28,235] {dagbag.py:508} INFO - Filling up the DagBag from /home/airflow/.local/lib/python3.7/site-packages/airflow/example_dags/example_short_circuit_operator.py
[2022-09-28 17:30:28,251] {processor.py:651} INFO - DAG(s) dict_keys(['example_short_circuit_operator']) retrieved from /home/airflow/.local/lib/python3.7/site-packages/airflow/example_dags/example_short_circuit_operator.py
[2022-09-28 17:30:28,288] {logging_mixin.py:115} INFO - [2022-09-28 17:30:28,288] {dag.py:2420} INFO - Sync 1 DAGs
[2022-09-28 17:30:28,318] {logging_mixin.py:115} INFO - [2022-09-28 17:30:28,317] {dag.py:2972} INFO - Setting next_dagrun for example_short_circuit_operator to 2022-09-27T17:30:28.317564+00:00, run_after=2022-09-28T17:30:28.317564+00:00
[2022-09-28 17:30:28,337] {processor.py:161} INFO - Processing /home/airflow/.local/lib/python3.7/site-packages/airflow/example_dags/example_short_circuit_operator.py took 0.114 seconds
[2022-09-28 17:30:58,650] {processor.py:153} INFO - Started process (PID=2852) to work on /home/airflow/.local/lib/python3.7/site-packages/airflow/example_dags/example_short_circuit_operator.py
[2022-09-28 17:30:58,651] {processor.py:641} INFO - Processing file /home/airflow/.local/lib/python3.7/site-packages/airflow/example_dags/example_short_circuit_operator.py for tasks to queue
[2022-09-28 17:30:58,652] {logging_mixin.py:115} INFO - [2022-09-28 17:30:58,652] {dagbag.py:508} INFO - Filling up the DagBag from /home/airflow/.local/lib/python3.7/site-packages/airflow/example_dags/example_short_circuit_operator.py
[2022-09-28 17:30:58,664] {processor.py:651} INFO - DAG(s) dict_keys(['example_short_circuit_operator']) retrieved from /home/airflow/.local/lib/python3.7/site-packages/airflow/example_dags/example_short_circuit_operator.py
[2022-09-28 17:30:58,699] {logging_mixin.py:115} INFO - [2022-09-28 17:30:58,699] {dag.py:2420} INFO - Sync 1 DAGs
[2022-09-28 17:30:58,729] {logging_mixin.py:115} INFO - [2022-09-28 17:30:58,729] {dag.py:2972} INFO - Setting next_dagrun for example_short_circuit_operator to 2022-09-27T17:30:58.728919+00:00, run_after=2022-09-28T17:30:58.728919+00:00
[2022-09-28 17:30:58,747] {processor.py:161} INFO - Processing /home/airflow/.local/lib/python3.7/site-packages/airflow/example_dags/example_short_circuit_operator.py took 0.102 seconds
[2022-09-28 17:36:46,991] {processor.py:153} INFO - Started process (PID=128) to work on /home/airflow/.local/lib/python3.7/site-packages/airflow/example_dags/example_short_circuit_operator.py
[2022-09-28 17:36:46,993] {processor.py:641} INFO - Processing file /home/airflow/.local/lib/python3.7/site-packages/airflow/example_dags/example_short_circuit_operator.py for tasks to queue
[2022-09-28 17:36:47,018] {logging_mixin.py:115} INFO - [2022-09-28 17:36:47,001] {dagbag.py:508} INFO - Filling up the DagBag from /home/airflow/.local/lib/python3.7/site-packages/airflow/example_dags/example_short_circuit_operator.py
[2022-09-28 17:36:47,053] {processor.py:651} INFO - DAG(s) dict_keys(['example_short_circuit_operator']) retrieved from /home/airflow/.local/lib/python3.7/site-packages/airflow/example_dags/example_short_circuit_operator.py
[2022-09-28 17:36:47,505] {logging_mixin.py:115} INFO - [2022-09-28 17:36:47,505] {manager.py:508} INFO - Created Permission View: can read on DAG:example_short_circuit_operator
[2022-09-28 17:36:47,538] {logging_mixin.py:115} INFO - [2022-09-28 17:36:47,537] {manager.py:508} INFO - Created Permission View: can delete on DAG:example_short_circuit_operator
[2022-09-28 17:36:47,574] {logging_mixin.py:115} INFO - [2022-09-28 17:36:47,574] {manager.py:508} INFO - Created Permission View: can edit on DAG:example_short_circuit_operator
[2022-09-28 17:36:47,576] {logging_mixin.py:115} INFO - [2022-09-28 17:36:47,576] {dag.py:2420} INFO - Sync 1 DAGs
[2022-09-28 17:36:47,604] {logging_mixin.py:115} INFO - [2022-09-28 17:36:47,604] {dag.py:2439} INFO - Creating ORM DAG for example_short_circuit_operator
[2022-09-28 17:36:47,638] {logging_mixin.py:115} INFO - [2022-09-28 17:36:47,638] {dag.py:2972} INFO - Setting next_dagrun for example_short_circuit_operator to 2022-09-27T17:36:47.637684+00:00, run_after=2022-09-28T17:36:47.637684+00:00
[2022-09-28 17:36:47,679] {processor.py:161} INFO - Processing /home/airflow/.local/lib/python3.7/site-packages/airflow/example_dags/example_short_circuit_operator.py took 0.698 seconds
[2022-09-28 17:37:17,756] {processor.py:153} INFO - Started process (PID=193) to work on /home/airflow/.local/lib/python3.7/site-packages/airflow/example_dags/example_short_circuit_operator.py
[2022-09-28 17:37:17,757] {processor.py:641} INFO - Processing file /home/airflow/.local/lib/python3.7/site-packages/airflow/example_dags/example_short_circuit_operator.py for tasks to queue
[2022-09-28 17:37:17,759] {logging_mixin.py:115} INFO - [2022-09-28 17:37:17,759] {dagbag.py:508} INFO - Filling up the DagBag from /home/airflow/.local/lib/python3.7/site-packages/airflow/example_dags/example_short_circuit_operator.py
[2022-09-28 17:37:17,947] {processor.py:651} INFO - DAG(s) dict_keys(['example_short_circuit_operator']) retrieved from /home/airflow/.local/lib/python3.7/site-packages/airflow/example_dags/example_short_circuit_operator.py
[2022-09-28 17:37:17,993] {logging_mixin.py:115} INFO - [2022-09-28 17:37:17,993] {dag.py:2420} INFO - Sync 1 DAGs
[2022-09-28 17:37:18,027] {logging_mixin.py:115} INFO - [2022-09-28 17:37:18,027] {dag.py:2972} INFO - Setting next_dagrun for example_short_circuit_operator to 2022-09-27T17:37:18.027539+00:00, run_after=2022-09-28T17:37:18.027539+00:00
[2022-09-28 17:37:18,047] {processor.py:161} INFO - Processing /home/airflow/.local/lib/python3.7/site-packages/airflow/example_dags/example_short_circuit_operator.py took 0.298 seconds
[2022-09-28 17:37:48,321] {processor.py:153} INFO - Started process (PID=250) to work on /home/airflow/.local/lib/python3.7/site-packages/airflow/example_dags/example_short_circuit_operator.py
[2022-09-28 17:37:48,323] {processor.py:641} INFO - Processing file /home/airflow/.local/lib/python3.7/site-packages/airflow/example_dags/example_short_circuit_operator.py for tasks to queue
[2022-09-28 17:37:48,325] {logging_mixin.py:115} INFO - [2022-09-28 17:37:48,325] {dagbag.py:508} INFO - Filling up the DagBag from /home/airflow/.local/lib/python3.7/site-packages/airflow/example_dags/example_short_circuit_operator.py
[2022-09-28 17:37:48,480] {processor.py:651} INFO - DAG(s) dict_keys(['example_short_circuit_operator']) retrieved from /home/airflow/.local/lib/python3.7/site-packages/airflow/example_dags/example_short_circuit_operator.py
[2022-09-28 17:37:48,505] {logging_mixin.py:115} INFO - [2022-09-28 17:37:48,505] {dag.py:2420} INFO - Sync 1 DAGs
[2022-09-28 17:37:48,527] {logging_mixin.py:115} INFO - [2022-09-28 17:37:48,527] {dag.py:2972} INFO - Setting next_dagrun for example_short_circuit_operator to 2022-09-27T17:37:48.527674+00:00, run_after=2022-09-28T17:37:48.527674+00:00
[2022-09-28 17:37:48,541] {processor.py:161} INFO - Processing /home/airflow/.local/lib/python3.7/site-packages/airflow/example_dags/example_short_circuit_operator.py took 0.224 seconds
[2022-09-28 17:38:31,902] {processor.py:153} INFO - Started process (PID=323) to work on /home/airflow/.local/lib/python3.7/site-packages/airflow/example_dags/example_short_circuit_operator.py
[2022-09-28 17:38:31,907] {processor.py:641} INFO - Processing file /home/airflow/.local/lib/python3.7/site-packages/airflow/example_dags/example_short_circuit_operator.py for tasks to queue
[2022-09-28 17:38:31,909] {logging_mixin.py:115} INFO - [2022-09-28 17:38:31,909] {dagbag.py:508} INFO - Filling up the DagBag from /home/airflow/.local/lib/python3.7/site-packages/airflow/example_dags/example_short_circuit_operator.py
[2022-09-28 17:38:32,155] {processor.py:651} INFO - DAG(s) dict_keys(['example_short_circuit_operator']) retrieved from /home/airflow/.local/lib/python3.7/site-packages/airflow/example_dags/example_short_circuit_operator.py
[2022-09-28 17:38:32,190] {logging_mixin.py:115} INFO - [2022-09-28 17:38:32,190] {dag.py:2420} INFO - Sync 1 DAGs
[2022-09-28 17:38:32,219] {logging_mixin.py:115} INFO - [2022-09-28 17:38:32,219] {dag.py:2972} INFO - Setting next_dagrun for example_short_circuit_operator to 2022-09-27T17:38:32.219280+00:00, run_after=2022-09-28T17:38:32.219280+00:00
[2022-09-28 17:38:32,235] {processor.py:161} INFO - Processing /home/airflow/.local/lib/python3.7/site-packages/airflow/example_dags/example_short_circuit_operator.py took 0.338 seconds
[2022-09-28 17:39:02,589] {processor.py:153} INFO - Started process (PID=389) to work on /home/airflow/.local/lib/python3.7/site-packages/airflow/example_dags/example_short_circuit_operator.py
[2022-09-28 17:39:02,590] {processor.py:641} INFO - Processing file /home/airflow/.local/lib/python3.7/site-packages/airflow/example_dags/example_short_circuit_operator.py for tasks to queue
[2022-09-28 17:39:02,592] {logging_mixin.py:115} INFO - [2022-09-28 17:39:02,592] {dagbag.py:508} INFO - Filling up the DagBag from /home/airflow/.local/lib/python3.7/site-packages/airflow/example_dags/example_short_circuit_operator.py
[2022-09-28 17:39:02,764] {processor.py:651} INFO - DAG(s) dict_keys(['example_short_circuit_operator']) retrieved from /home/airflow/.local/lib/python3.7/site-packages/airflow/example_dags/example_short_circuit_operator.py
[2022-09-28 17:39:02,792] {logging_mixin.py:115} INFO - [2022-09-28 17:39:02,791] {dag.py:2420} INFO - Sync 1 DAGs
[2022-09-28 17:39:02,815] {logging_mixin.py:115} INFO - [2022-09-28 17:39:02,815] {dag.py:2972} INFO - Setting next_dagrun for example_short_circuit_operator to 2022-09-27T17:39:02.815364+00:00, run_after=2022-09-28T17:39:02.815364+00:00
[2022-09-28 17:39:02,832] {processor.py:161} INFO - Processing /home/airflow/.local/lib/python3.7/site-packages/airflow/example_dags/example_short_circuit_operator.py took 0.248 seconds
