[2022-09-28 16:53:47,548] {processor.py:153} INFO - Started process (PID=148) to work on /home/airflow/.local/lib/python3.7/site-packages/airflow/example_dags/example_skip_dag.py
[2022-09-28 16:53:47,615] {processor.py:641} INFO - Processing file /home/airflow/.local/lib/python3.7/site-packages/airflow/example_dags/example_skip_dag.py for tasks to queue
[2022-09-28 16:53:47,669] {logging_mixin.py:115} INFO - [2022-09-28 16:53:47,669] {dagbag.py:508} INFO - Filling up the DagBag from /home/airflow/.local/lib/python3.7/site-packages/airflow/example_dags/example_skip_dag.py
[2022-09-28 16:53:55,146] {processor.py:651} INFO - DAG(s) dict_keys(['example_skip_dag']) retrieved from /home/airflow/.local/lib/python3.7/site-packages/airflow/example_dags/example_skip_dag.py
[2022-09-28 16:54:00,434] {logging_mixin.py:115} INFO - [2022-09-28 16:54:00,428] {dag.py:2420} INFO - Sync 1 DAGs
[2022-09-28 16:54:00,773] {logging_mixin.py:115} INFO - [2022-09-28 16:54:00,773] {dag.py:2972} INFO - Setting next_dagrun for example_skip_dag to 2022-09-27T16:54:00.772548+00:00, run_after=2022-09-28T16:54:00.772548+00:00
[2022-09-28 16:54:00,870] {processor.py:161} INFO - Processing /home/airflow/.local/lib/python3.7/site-packages/airflow/example_dags/example_skip_dag.py took 13.393 seconds
[2022-09-28 16:54:31,110] {processor.py:153} INFO - Started process (PID=203) to work on /home/airflow/.local/lib/python3.7/site-packages/airflow/example_dags/example_skip_dag.py
[2022-09-28 16:54:31,112] {processor.py:641} INFO - Processing file /home/airflow/.local/lib/python3.7/site-packages/airflow/example_dags/example_skip_dag.py for tasks to queue
[2022-09-28 16:54:31,115] {logging_mixin.py:115} INFO - [2022-09-28 16:54:31,114] {dagbag.py:508} INFO - Filling up the DagBag from /home/airflow/.local/lib/python3.7/site-packages/airflow/example_dags/example_skip_dag.py
[2022-09-28 16:54:31,128] {processor.py:651} INFO - DAG(s) dict_keys(['example_skip_dag']) retrieved from /home/airflow/.local/lib/python3.7/site-packages/airflow/example_dags/example_skip_dag.py
[2022-09-28 16:54:31,368] {logging_mixin.py:115} INFO - [2022-09-28 16:54:31,368] {dag.py:2420} INFO - Sync 1 DAGs
[2022-09-28 16:54:31,390] {logging_mixin.py:115} INFO - [2022-09-28 16:54:31,390] {dag.py:2972} INFO - Setting next_dagrun for example_skip_dag to 2022-09-27T16:54:31.390349+00:00, run_after=2022-09-28T16:54:31.390349+00:00
[2022-09-28 16:54:31,404] {processor.py:161} INFO - Processing /home/airflow/.local/lib/python3.7/site-packages/airflow/example_dags/example_skip_dag.py took 0.301 seconds
[2022-09-28 16:55:01,724] {processor.py:153} INFO - Started process (PID=270) to work on /home/airflow/.local/lib/python3.7/site-packages/airflow/example_dags/example_skip_dag.py
[2022-09-28 16:55:01,725] {processor.py:641} INFO - Processing file /home/airflow/.local/lib/python3.7/site-packages/airflow/example_dags/example_skip_dag.py for tasks to queue
[2022-09-28 16:55:01,727] {logging_mixin.py:115} INFO - [2022-09-28 16:55:01,727] {dagbag.py:508} INFO - Filling up the DagBag from /home/airflow/.local/lib/python3.7/site-packages/airflow/example_dags/example_skip_dag.py
[2022-09-28 16:55:01,740] {processor.py:651} INFO - DAG(s) dict_keys(['example_skip_dag']) retrieved from /home/airflow/.local/lib/python3.7/site-packages/airflow/example_dags/example_skip_dag.py
[2022-09-28 16:55:02,075] {logging_mixin.py:115} INFO - [2022-09-28 16:55:02,075] {dag.py:2420} INFO - Sync 1 DAGs
[2022-09-28 16:55:02,127] {logging_mixin.py:115} INFO - [2022-09-28 16:55:02,127] {dag.py:2972} INFO - Setting next_dagrun for example_skip_dag to 2022-09-27T16:55:02.126443+00:00, run_after=2022-09-28T16:55:02.126443+00:00
[2022-09-28 16:55:02,158] {processor.py:161} INFO - Processing /home/airflow/.local/lib/python3.7/site-packages/airflow/example_dags/example_skip_dag.py took 0.442 seconds
[2022-09-28 16:55:32,486] {processor.py:153} INFO - Started process (PID=325) to work on /home/airflow/.local/lib/python3.7/site-packages/airflow/example_dags/example_skip_dag.py
[2022-09-28 16:55:32,487] {processor.py:641} INFO - Processing file /home/airflow/.local/lib/python3.7/site-packages/airflow/example_dags/example_skip_dag.py for tasks to queue
[2022-09-28 16:55:32,490] {logging_mixin.py:115} INFO - [2022-09-28 16:55:32,489] {dagbag.py:508} INFO - Filling up the DagBag from /home/airflow/.local/lib/python3.7/site-packages/airflow/example_dags/example_skip_dag.py
[2022-09-28 16:55:32,499] {processor.py:651} INFO - DAG(s) dict_keys(['example_skip_dag']) retrieved from /home/airflow/.local/lib/python3.7/site-packages/airflow/example_dags/example_skip_dag.py
[2022-09-28 16:55:32,689] {logging_mixin.py:115} INFO - [2022-09-28 16:55:32,689] {dag.py:2420} INFO - Sync 1 DAGs
[2022-09-28 16:55:32,715] {logging_mixin.py:115} INFO - [2022-09-28 16:55:32,715] {dag.py:2972} INFO - Setting next_dagrun for example_skip_dag to 2022-09-27T16:55:32.715397+00:00, run_after=2022-09-28T16:55:32.715397+00:00
[2022-09-28 16:55:32,733] {processor.py:161} INFO - Processing /home/airflow/.local/lib/python3.7/site-packages/airflow/example_dags/example_skip_dag.py took 0.258 seconds
[2022-09-28 16:56:03,260] {processor.py:153} INFO - Started process (PID=392) to work on /home/airflow/.local/lib/python3.7/site-packages/airflow/example_dags/example_skip_dag.py
[2022-09-28 16:56:03,262] {processor.py:641} INFO - Processing file /home/airflow/.local/lib/python3.7/site-packages/airflow/example_dags/example_skip_dag.py for tasks to queue
[2022-09-28 16:56:03,265] {logging_mixin.py:115} INFO - [2022-09-28 16:56:03,264] {dagbag.py:508} INFO - Filling up the DagBag from /home/airflow/.local/lib/python3.7/site-packages/airflow/example_dags/example_skip_dag.py
[2022-09-28 16:56:03,273] {processor.py:651} INFO - DAG(s) dict_keys(['example_skip_dag']) retrieved from /home/airflow/.local/lib/python3.7/site-packages/airflow/example_dags/example_skip_dag.py
[2022-09-28 16:56:03,479] {logging_mixin.py:115} INFO - [2022-09-28 16:56:03,479] {dag.py:2420} INFO - Sync 1 DAGs
[2022-09-28 16:56:03,503] {logging_mixin.py:115} INFO - [2022-09-28 16:56:03,503] {dag.py:2972} INFO - Setting next_dagrun for example_skip_dag to 2022-09-27T16:56:03.503619+00:00, run_after=2022-09-28T16:56:03.503619+00:00
[2022-09-28 16:56:03,520] {processor.py:161} INFO - Processing /home/airflow/.local/lib/python3.7/site-packages/airflow/example_dags/example_skip_dag.py took 0.267 seconds
[2022-09-28 16:56:33,658] {processor.py:153} INFO - Started process (PID=447) to work on /home/airflow/.local/lib/python3.7/site-packages/airflow/example_dags/example_skip_dag.py
[2022-09-28 16:56:33,660] {processor.py:641} INFO - Processing file /home/airflow/.local/lib/python3.7/site-packages/airflow/example_dags/example_skip_dag.py for tasks to queue
[2022-09-28 16:56:33,662] {logging_mixin.py:115} INFO - [2022-09-28 16:56:33,662] {dagbag.py:508} INFO - Filling up the DagBag from /home/airflow/.local/lib/python3.7/site-packages/airflow/example_dags/example_skip_dag.py
[2022-09-28 16:56:33,687] {processor.py:651} INFO - DAG(s) dict_keys(['example_skip_dag']) retrieved from /home/airflow/.local/lib/python3.7/site-packages/airflow/example_dags/example_skip_dag.py
[2022-09-28 16:56:34,160] {logging_mixin.py:115} INFO - [2022-09-28 16:56:34,160] {dag.py:2420} INFO - Sync 1 DAGs
[2022-09-28 16:56:34,184] {logging_mixin.py:115} INFO - [2022-09-28 16:56:34,184] {dag.py:2972} INFO - Setting next_dagrun for example_skip_dag to 2022-09-27T16:56:34.184085+00:00, run_after=2022-09-28T16:56:34.184085+00:00
[2022-09-28 16:56:34,211] {processor.py:161} INFO - Processing /home/airflow/.local/lib/python3.7/site-packages/airflow/example_dags/example_skip_dag.py took 0.557 seconds
[2022-09-28 16:57:25,850] {processor.py:153} INFO - Started process (PID=513) to work on /home/airflow/.local/lib/python3.7/site-packages/airflow/example_dags/example_skip_dag.py
[2022-09-28 16:57:25,854] {processor.py:641} INFO - Processing file /home/airflow/.local/lib/python3.7/site-packages/airflow/example_dags/example_skip_dag.py for tasks to queue
[2022-09-28 16:57:25,861] {logging_mixin.py:115} INFO - [2022-09-28 16:57:25,861] {dagbag.py:508} INFO - Filling up the DagBag from /home/airflow/.local/lib/python3.7/site-packages/airflow/example_dags/example_skip_dag.py
[2022-09-28 16:57:25,876] {processor.py:651} INFO - DAG(s) dict_keys(['example_skip_dag']) retrieved from /home/airflow/.local/lib/python3.7/site-packages/airflow/example_dags/example_skip_dag.py
[2022-09-28 16:57:26,162] {logging_mixin.py:115} INFO - [2022-09-28 16:57:26,162] {dag.py:2420} INFO - Sync 1 DAGs
[2022-09-28 16:57:26,189] {logging_mixin.py:115} INFO - [2022-09-28 16:57:26,189] {dag.py:2972} INFO - Setting next_dagrun for example_skip_dag to 2022-09-27T16:57:26.188850+00:00, run_after=2022-09-28T16:57:26.188850+00:00
[2022-09-28 16:57:26,222] {processor.py:161} INFO - Processing /home/airflow/.local/lib/python3.7/site-packages/airflow/example_dags/example_skip_dag.py took 0.378 seconds
[2022-09-28 16:57:59,228] {processor.py:153} INFO - Started process (PID=577) to work on /home/airflow/.local/lib/python3.7/site-packages/airflow/example_dags/example_skip_dag.py
[2022-09-28 16:57:59,257] {processor.py:641} INFO - Processing file /home/airflow/.local/lib/python3.7/site-packages/airflow/example_dags/example_skip_dag.py for tasks to queue
[2022-09-28 16:57:59,265] {logging_mixin.py:115} INFO - [2022-09-28 16:57:59,265] {dagbag.py:508} INFO - Filling up the DagBag from /home/airflow/.local/lib/python3.7/site-packages/airflow/example_dags/example_skip_dag.py
[2022-09-28 16:57:59,379] {processor.py:651} INFO - DAG(s) dict_keys(['example_skip_dag']) retrieved from /home/airflow/.local/lib/python3.7/site-packages/airflow/example_dags/example_skip_dag.py
[2022-09-28 16:58:00,409] {logging_mixin.py:115} INFO - [2022-09-28 16:58:00,408] {dag.py:2420} INFO - Sync 1 DAGs
[2022-09-28 16:58:00,463] {logging_mixin.py:115} INFO - [2022-09-28 16:58:00,463] {dag.py:2972} INFO - Setting next_dagrun for example_skip_dag to 2022-09-27T16:58:00.463377+00:00, run_after=2022-09-28T16:58:00.463377+00:00
[2022-09-28 16:58:00,504] {processor.py:161} INFO - Processing /home/airflow/.local/lib/python3.7/site-packages/airflow/example_dags/example_skip_dag.py took 1.303 seconds
[2022-09-28 16:58:31,396] {processor.py:153} INFO - Started process (PID=626) to work on /home/airflow/.local/lib/python3.7/site-packages/airflow/example_dags/example_skip_dag.py
[2022-09-28 16:58:31,397] {processor.py:641} INFO - Processing file /home/airflow/.local/lib/python3.7/site-packages/airflow/example_dags/example_skip_dag.py for tasks to queue
[2022-09-28 16:58:31,400] {logging_mixin.py:115} INFO - [2022-09-28 16:58:31,400] {dagbag.py:508} INFO - Filling up the DagBag from /home/airflow/.local/lib/python3.7/site-packages/airflow/example_dags/example_skip_dag.py
[2022-09-28 16:58:31,415] {processor.py:651} INFO - DAG(s) dict_keys(['example_skip_dag']) retrieved from /home/airflow/.local/lib/python3.7/site-packages/airflow/example_dags/example_skip_dag.py
[2022-09-28 16:58:31,454] {logging_mixin.py:115} INFO - [2022-09-28 16:58:31,454] {dag.py:2420} INFO - Sync 1 DAGs
[2022-09-28 16:58:31,486] {logging_mixin.py:115} INFO - [2022-09-28 16:58:31,486] {dag.py:2972} INFO - Setting next_dagrun for example_skip_dag to 2022-09-27T16:58:31.486257+00:00, run_after=2022-09-28T16:58:31.486257+00:00
[2022-09-28 16:58:31,504] {processor.py:161} INFO - Processing /home/airflow/.local/lib/python3.7/site-packages/airflow/example_dags/example_skip_dag.py took 0.113 seconds
[2022-09-28 16:59:01,786] {processor.py:153} INFO - Started process (PID=681) to work on /home/airflow/.local/lib/python3.7/site-packages/airflow/example_dags/example_skip_dag.py
[2022-09-28 16:59:01,789] {processor.py:641} INFO - Processing file /home/airflow/.local/lib/python3.7/site-packages/airflow/example_dags/example_skip_dag.py for tasks to queue
[2022-09-28 16:59:01,791] {logging_mixin.py:115} INFO - [2022-09-28 16:59:01,791] {dagbag.py:508} INFO - Filling up the DagBag from /home/airflow/.local/lib/python3.7/site-packages/airflow/example_dags/example_skip_dag.py
[2022-09-28 16:59:01,844] {processor.py:651} INFO - DAG(s) dict_keys(['example_skip_dag']) retrieved from /home/airflow/.local/lib/python3.7/site-packages/airflow/example_dags/example_skip_dag.py
[2022-09-28 16:59:01,958] {logging_mixin.py:115} INFO - [2022-09-28 16:59:01,958] {dag.py:2420} INFO - Sync 1 DAGs
[2022-09-28 16:59:02,054] {logging_mixin.py:115} INFO - [2022-09-28 16:59:02,054] {dag.py:2972} INFO - Setting next_dagrun for example_skip_dag to 2022-09-27T16:59:02.054007+00:00, run_after=2022-09-28T16:59:02.054007+00:00
[2022-09-28 16:59:02,095] {processor.py:161} INFO - Processing /home/airflow/.local/lib/python3.7/site-packages/airflow/example_dags/example_skip_dag.py took 0.347 seconds
[2022-09-28 17:08:29,164] {processor.py:153} INFO - Started process (PID=126) to work on /home/airflow/.local/lib/python3.7/site-packages/airflow/example_dags/example_skip_dag.py
[2022-09-28 17:08:29,166] {processor.py:641} INFO - Processing file /home/airflow/.local/lib/python3.7/site-packages/airflow/example_dags/example_skip_dag.py for tasks to queue
[2022-09-28 17:08:29,182] {logging_mixin.py:115} INFO - [2022-09-28 17:08:29,167] {dagbag.py:508} INFO - Filling up the DagBag from /home/airflow/.local/lib/python3.7/site-packages/airflow/example_dags/example_skip_dag.py
[2022-09-28 17:08:29,201] {processor.py:651} INFO - DAG(s) dict_keys(['example_skip_dag']) retrieved from /home/airflow/.local/lib/python3.7/site-packages/airflow/example_dags/example_skip_dag.py
[2022-09-28 17:08:29,507] {logging_mixin.py:115} INFO - [2022-09-28 17:08:29,507] {manager.py:508} INFO - Created Permission View: can read on DAG:example_skip_dag
[2022-09-28 17:08:29,522] {logging_mixin.py:115} INFO - [2022-09-28 17:08:29,522] {manager.py:508} INFO - Created Permission View: can delete on DAG:example_skip_dag
[2022-09-28 17:08:29,539] {logging_mixin.py:115} INFO - [2022-09-28 17:08:29,539] {manager.py:508} INFO - Created Permission View: can edit on DAG:example_skip_dag
[2022-09-28 17:08:29,541] {logging_mixin.py:115} INFO - [2022-09-28 17:08:29,541] {dag.py:2420} INFO - Sync 1 DAGs
[2022-09-28 17:08:29,555] {logging_mixin.py:115} INFO - [2022-09-28 17:08:29,555] {dag.py:2439} INFO - Creating ORM DAG for example_skip_dag
[2022-09-28 17:08:29,578] {logging_mixin.py:115} INFO - [2022-09-28 17:08:29,578] {dag.py:2972} INFO - Setting next_dagrun for example_skip_dag to 2022-09-27T17:08:29.578295+00:00, run_after=2022-09-28T17:08:29.578295+00:00
[2022-09-28 17:08:29,603] {processor.py:161} INFO - Processing /home/airflow/.local/lib/python3.7/site-packages/airflow/example_dags/example_skip_dag.py took 0.443 seconds
[2022-09-28 17:08:59,816] {processor.py:153} INFO - Started process (PID=192) to work on /home/airflow/.local/lib/python3.7/site-packages/airflow/example_dags/example_skip_dag.py
[2022-09-28 17:08:59,817] {processor.py:641} INFO - Processing file /home/airflow/.local/lib/python3.7/site-packages/airflow/example_dags/example_skip_dag.py for tasks to queue
[2022-09-28 17:08:59,818] {logging_mixin.py:115} INFO - [2022-09-28 17:08:59,818] {dagbag.py:508} INFO - Filling up the DagBag from /home/airflow/.local/lib/python3.7/site-packages/airflow/example_dags/example_skip_dag.py
[2022-09-28 17:08:59,825] {processor.py:651} INFO - DAG(s) dict_keys(['example_skip_dag']) retrieved from /home/airflow/.local/lib/python3.7/site-packages/airflow/example_dags/example_skip_dag.py
[2022-09-28 17:09:00,001] {logging_mixin.py:115} INFO - [2022-09-28 17:09:00,001] {dag.py:2420} INFO - Sync 1 DAGs
[2022-09-28 17:09:00,028] {logging_mixin.py:115} INFO - [2022-09-28 17:09:00,028] {dag.py:2972} INFO - Setting next_dagrun for example_skip_dag to 2022-09-27T17:09:00.027631+00:00, run_after=2022-09-28T17:09:00.027631+00:00
[2022-09-28 17:09:00,056] {processor.py:161} INFO - Processing /home/airflow/.local/lib/python3.7/site-packages/airflow/example_dags/example_skip_dag.py took 0.247 seconds
[2022-09-28 17:09:30,341] {processor.py:153} INFO - Started process (PID=250) to work on /home/airflow/.local/lib/python3.7/site-packages/airflow/example_dags/example_skip_dag.py
[2022-09-28 17:09:30,343] {processor.py:641} INFO - Processing file /home/airflow/.local/lib/python3.7/site-packages/airflow/example_dags/example_skip_dag.py for tasks to queue
[2022-09-28 17:09:30,345] {logging_mixin.py:115} INFO - [2022-09-28 17:09:30,345] {dagbag.py:508} INFO - Filling up the DagBag from /home/airflow/.local/lib/python3.7/site-packages/airflow/example_dags/example_skip_dag.py
[2022-09-28 17:09:30,352] {processor.py:651} INFO - DAG(s) dict_keys(['example_skip_dag']) retrieved from /home/airflow/.local/lib/python3.7/site-packages/airflow/example_dags/example_skip_dag.py
[2022-09-28 17:09:30,533] {logging_mixin.py:115} INFO - [2022-09-28 17:09:30,533] {dag.py:2420} INFO - Sync 1 DAGs
[2022-09-28 17:09:30,560] {logging_mixin.py:115} INFO - [2022-09-28 17:09:30,560] {dag.py:2972} INFO - Setting next_dagrun for example_skip_dag to 2022-09-27T17:09:30.559956+00:00, run_after=2022-09-28T17:09:30.559956+00:00
[2022-09-28 17:09:30,577] {processor.py:161} INFO - Processing /home/airflow/.local/lib/python3.7/site-packages/airflow/example_dags/example_skip_dag.py took 0.241 seconds
[2022-09-28 17:10:01,116] {processor.py:153} INFO - Started process (PID=315) to work on /home/airflow/.local/lib/python3.7/site-packages/airflow/example_dags/example_skip_dag.py
[2022-09-28 17:10:01,118] {processor.py:641} INFO - Processing file /home/airflow/.local/lib/python3.7/site-packages/airflow/example_dags/example_skip_dag.py for tasks to queue
[2022-09-28 17:10:01,120] {logging_mixin.py:115} INFO - [2022-09-28 17:10:01,120] {dagbag.py:508} INFO - Filling up the DagBag from /home/airflow/.local/lib/python3.7/site-packages/airflow/example_dags/example_skip_dag.py
[2022-09-28 17:10:01,130] {processor.py:651} INFO - DAG(s) dict_keys(['example_skip_dag']) retrieved from /home/airflow/.local/lib/python3.7/site-packages/airflow/example_dags/example_skip_dag.py
[2022-09-28 17:10:01,303] {logging_mixin.py:115} INFO - [2022-09-28 17:10:01,303] {dag.py:2420} INFO - Sync 1 DAGs
[2022-09-28 17:10:01,326] {logging_mixin.py:115} INFO - [2022-09-28 17:10:01,326] {dag.py:2972} INFO - Setting next_dagrun for example_skip_dag to 2022-09-27T17:10:01.326211+00:00, run_after=2022-09-28T17:10:01.326211+00:00
[2022-09-28 17:10:01,342] {processor.py:161} INFO - Processing /home/airflow/.local/lib/python3.7/site-packages/airflow/example_dags/example_skip_dag.py took 0.232 seconds
[2022-09-28 17:10:31,818] {processor.py:153} INFO - Started process (PID=380) to work on /home/airflow/.local/lib/python3.7/site-packages/airflow/example_dags/example_skip_dag.py
[2022-09-28 17:10:31,820] {processor.py:641} INFO - Processing file /home/airflow/.local/lib/python3.7/site-packages/airflow/example_dags/example_skip_dag.py for tasks to queue
[2022-09-28 17:10:31,822] {logging_mixin.py:115} INFO - [2022-09-28 17:10:31,822] {dagbag.py:508} INFO - Filling up the DagBag from /home/airflow/.local/lib/python3.7/site-packages/airflow/example_dags/example_skip_dag.py
[2022-09-28 17:10:31,832] {processor.py:651} INFO - DAG(s) dict_keys(['example_skip_dag']) retrieved from /home/airflow/.local/lib/python3.7/site-packages/airflow/example_dags/example_skip_dag.py
[2022-09-28 17:10:32,004] {logging_mixin.py:115} INFO - [2022-09-28 17:10:32,004] {dag.py:2420} INFO - Sync 1 DAGs
[2022-09-28 17:10:32,030] {logging_mixin.py:115} INFO - [2022-09-28 17:10:32,030] {dag.py:2972} INFO - Setting next_dagrun for example_skip_dag to 2022-09-27T17:10:32.030021+00:00, run_after=2022-09-28T17:10:32.030021+00:00
[2022-09-28 17:10:32,046] {processor.py:161} INFO - Processing /home/airflow/.local/lib/python3.7/site-packages/airflow/example_dags/example_skip_dag.py took 0.233 seconds
[2022-09-28 17:11:02,298] {processor.py:153} INFO - Started process (PID=436) to work on /home/airflow/.local/lib/python3.7/site-packages/airflow/example_dags/example_skip_dag.py
[2022-09-28 17:11:02,299] {processor.py:641} INFO - Processing file /home/airflow/.local/lib/python3.7/site-packages/airflow/example_dags/example_skip_dag.py for tasks to queue
[2022-09-28 17:11:02,301] {logging_mixin.py:115} INFO - [2022-09-28 17:11:02,301] {dagbag.py:508} INFO - Filling up the DagBag from /home/airflow/.local/lib/python3.7/site-packages/airflow/example_dags/example_skip_dag.py
[2022-09-28 17:11:02,311] {processor.py:651} INFO - DAG(s) dict_keys(['example_skip_dag']) retrieved from /home/airflow/.local/lib/python3.7/site-packages/airflow/example_dags/example_skip_dag.py
[2022-09-28 17:11:02,494] {logging_mixin.py:115} INFO - [2022-09-28 17:11:02,494] {dag.py:2420} INFO - Sync 1 DAGs
[2022-09-28 17:11:02,521] {logging_mixin.py:115} INFO - [2022-09-28 17:11:02,521] {dag.py:2972} INFO - Setting next_dagrun for example_skip_dag to 2022-09-27T17:11:02.521257+00:00, run_after=2022-09-28T17:11:02.521257+00:00
[2022-09-28 17:11:02,540] {processor.py:161} INFO - Processing /home/airflow/.local/lib/python3.7/site-packages/airflow/example_dags/example_skip_dag.py took 0.247 seconds
[2022-09-28 17:11:32,793] {processor.py:153} INFO - Started process (PID=501) to work on /home/airflow/.local/lib/python3.7/site-packages/airflow/example_dags/example_skip_dag.py
[2022-09-28 17:11:32,795] {processor.py:641} INFO - Processing file /home/airflow/.local/lib/python3.7/site-packages/airflow/example_dags/example_skip_dag.py for tasks to queue
[2022-09-28 17:11:32,797] {logging_mixin.py:115} INFO - [2022-09-28 17:11:32,797] {dagbag.py:508} INFO - Filling up the DagBag from /home/airflow/.local/lib/python3.7/site-packages/airflow/example_dags/example_skip_dag.py
[2022-09-28 17:11:32,807] {processor.py:651} INFO - DAG(s) dict_keys(['example_skip_dag']) retrieved from /home/airflow/.local/lib/python3.7/site-packages/airflow/example_dags/example_skip_dag.py
[2022-09-28 17:11:32,971] {logging_mixin.py:115} INFO - [2022-09-28 17:11:32,971] {dag.py:2420} INFO - Sync 1 DAGs
[2022-09-28 17:11:32,999] {logging_mixin.py:115} INFO - [2022-09-28 17:11:32,998] {dag.py:2972} INFO - Setting next_dagrun for example_skip_dag to 2022-09-27T17:11:32.998676+00:00, run_after=2022-09-28T17:11:32.998676+00:00
[2022-09-28 17:11:33,016] {processor.py:161} INFO - Processing /home/airflow/.local/lib/python3.7/site-packages/airflow/example_dags/example_skip_dag.py took 0.228 seconds
[2022-09-28 17:12:03,468] {processor.py:153} INFO - Started process (PID=568) to work on /home/airflow/.local/lib/python3.7/site-packages/airflow/example_dags/example_skip_dag.py
[2022-09-28 17:12:03,470] {processor.py:641} INFO - Processing file /home/airflow/.local/lib/python3.7/site-packages/airflow/example_dags/example_skip_dag.py for tasks to queue
[2022-09-28 17:12:03,472] {logging_mixin.py:115} INFO - [2022-09-28 17:12:03,472] {dagbag.py:508} INFO - Filling up the DagBag from /home/airflow/.local/lib/python3.7/site-packages/airflow/example_dags/example_skip_dag.py
[2022-09-28 17:12:03,482] {processor.py:651} INFO - DAG(s) dict_keys(['example_skip_dag']) retrieved from /home/airflow/.local/lib/python3.7/site-packages/airflow/example_dags/example_skip_dag.py
[2022-09-28 17:12:03,658] {logging_mixin.py:115} INFO - [2022-09-28 17:12:03,658] {dag.py:2420} INFO - Sync 1 DAGs
[2022-09-28 17:12:03,684] {logging_mixin.py:115} INFO - [2022-09-28 17:12:03,684] {dag.py:2972} INFO - Setting next_dagrun for example_skip_dag to 2022-09-27T17:12:03.684505+00:00, run_after=2022-09-28T17:12:03.684505+00:00
[2022-09-28 17:12:03,718] {processor.py:161} INFO - Processing /home/airflow/.local/lib/python3.7/site-packages/airflow/example_dags/example_skip_dag.py took 0.254 seconds
[2022-09-28 17:12:34,153] {processor.py:153} INFO - Started process (PID=623) to work on /home/airflow/.local/lib/python3.7/site-packages/airflow/example_dags/example_skip_dag.py
[2022-09-28 17:12:34,155] {processor.py:641} INFO - Processing file /home/airflow/.local/lib/python3.7/site-packages/airflow/example_dags/example_skip_dag.py for tasks to queue
[2022-09-28 17:12:34,157] {logging_mixin.py:115} INFO - [2022-09-28 17:12:34,157] {dagbag.py:508} INFO - Filling up the DagBag from /home/airflow/.local/lib/python3.7/site-packages/airflow/example_dags/example_skip_dag.py
[2022-09-28 17:12:34,164] {processor.py:651} INFO - DAG(s) dict_keys(['example_skip_dag']) retrieved from /home/airflow/.local/lib/python3.7/site-packages/airflow/example_dags/example_skip_dag.py
[2022-09-28 17:12:34,344] {logging_mixin.py:115} INFO - [2022-09-28 17:12:34,344] {dag.py:2420} INFO - Sync 1 DAGs
[2022-09-28 17:12:34,383] {logging_mixin.py:115} INFO - [2022-09-28 17:12:34,383] {dag.py:2972} INFO - Setting next_dagrun for example_skip_dag to 2022-09-27T17:12:34.382564+00:00, run_after=2022-09-28T17:12:34.382564+00:00
[2022-09-28 17:12:34,406] {processor.py:161} INFO - Processing /home/airflow/.local/lib/python3.7/site-packages/airflow/example_dags/example_skip_dag.py took 0.258 seconds
[2022-09-28 17:13:04,919] {processor.py:153} INFO - Started process (PID=688) to work on /home/airflow/.local/lib/python3.7/site-packages/airflow/example_dags/example_skip_dag.py
[2022-09-28 17:13:04,921] {processor.py:641} INFO - Processing file /home/airflow/.local/lib/python3.7/site-packages/airflow/example_dags/example_skip_dag.py for tasks to queue
[2022-09-28 17:13:04,923] {logging_mixin.py:115} INFO - [2022-09-28 17:13:04,922] {dagbag.py:508} INFO - Filling up the DagBag from /home/airflow/.local/lib/python3.7/site-packages/airflow/example_dags/example_skip_dag.py
[2022-09-28 17:13:04,931] {processor.py:651} INFO - DAG(s) dict_keys(['example_skip_dag']) retrieved from /home/airflow/.local/lib/python3.7/site-packages/airflow/example_dags/example_skip_dag.py
[2022-09-28 17:13:05,094] {logging_mixin.py:115} INFO - [2022-09-28 17:13:05,094] {dag.py:2420} INFO - Sync 1 DAGs
[2022-09-28 17:13:05,118] {logging_mixin.py:115} INFO - [2022-09-28 17:13:05,118] {dag.py:2972} INFO - Setting next_dagrun for example_skip_dag to 2022-09-27T17:13:05.117964+00:00, run_after=2022-09-28T17:13:05.117964+00:00
[2022-09-28 17:13:05,135] {processor.py:161} INFO - Processing /home/airflow/.local/lib/python3.7/site-packages/airflow/example_dags/example_skip_dag.py took 0.220 seconds
[2022-09-28 17:13:35,543] {processor.py:153} INFO - Started process (PID=749) to work on /home/airflow/.local/lib/python3.7/site-packages/airflow/example_dags/example_skip_dag.py
[2022-09-28 17:13:35,545] {processor.py:641} INFO - Processing file /home/airflow/.local/lib/python3.7/site-packages/airflow/example_dags/example_skip_dag.py for tasks to queue
[2022-09-28 17:13:35,548] {logging_mixin.py:115} INFO - [2022-09-28 17:13:35,548] {dagbag.py:508} INFO - Filling up the DagBag from /home/airflow/.local/lib/python3.7/site-packages/airflow/example_dags/example_skip_dag.py
[2022-09-28 17:13:35,560] {processor.py:651} INFO - DAG(s) dict_keys(['example_skip_dag']) retrieved from /home/airflow/.local/lib/python3.7/site-packages/airflow/example_dags/example_skip_dag.py
[2022-09-28 17:13:35,616] {logging_mixin.py:115} INFO - [2022-09-28 17:13:35,616] {dag.py:2420} INFO - Sync 1 DAGs
[2022-09-28 17:13:35,657] {logging_mixin.py:115} INFO - [2022-09-28 17:13:35,657] {dag.py:2972} INFO - Setting next_dagrun for example_skip_dag to 2022-09-27T17:13:35.656936+00:00, run_after=2022-09-28T17:13:35.656936+00:00
[2022-09-28 17:13:35,675] {processor.py:161} INFO - Processing /home/airflow/.local/lib/python3.7/site-packages/airflow/example_dags/example_skip_dag.py took 0.140 seconds
[2022-09-28 17:14:06,362] {processor.py:153} INFO - Started process (PID=808) to work on /home/airflow/.local/lib/python3.7/site-packages/airflow/example_dags/example_skip_dag.py
[2022-09-28 17:14:06,363] {processor.py:641} INFO - Processing file /home/airflow/.local/lib/python3.7/site-packages/airflow/example_dags/example_skip_dag.py for tasks to queue
[2022-09-28 17:14:06,366] {logging_mixin.py:115} INFO - [2022-09-28 17:14:06,365] {dagbag.py:508} INFO - Filling up the DagBag from /home/airflow/.local/lib/python3.7/site-packages/airflow/example_dags/example_skip_dag.py
[2022-09-28 17:14:06,378] {processor.py:651} INFO - DAG(s) dict_keys(['example_skip_dag']) retrieved from /home/airflow/.local/lib/python3.7/site-packages/airflow/example_dags/example_skip_dag.py
[2022-09-28 17:14:06,419] {logging_mixin.py:115} INFO - [2022-09-28 17:14:06,419] {dag.py:2420} INFO - Sync 1 DAGs
[2022-09-28 17:14:06,455] {logging_mixin.py:115} INFO - [2022-09-28 17:14:06,455] {dag.py:2972} INFO - Setting next_dagrun for example_skip_dag to 2022-09-27T17:14:06.454988+00:00, run_after=2022-09-28T17:14:06.454988+00:00
[2022-09-28 17:14:06,471] {processor.py:161} INFO - Processing /home/airflow/.local/lib/python3.7/site-packages/airflow/example_dags/example_skip_dag.py took 0.115 seconds
[2022-09-28 17:14:37,310] {processor.py:153} INFO - Started process (PID=872) to work on /home/airflow/.local/lib/python3.7/site-packages/airflow/example_dags/example_skip_dag.py
[2022-09-28 17:14:37,311] {processor.py:641} INFO - Processing file /home/airflow/.local/lib/python3.7/site-packages/airflow/example_dags/example_skip_dag.py for tasks to queue
[2022-09-28 17:14:37,313] {logging_mixin.py:115} INFO - [2022-09-28 17:14:37,313] {dagbag.py:508} INFO - Filling up the DagBag from /home/airflow/.local/lib/python3.7/site-packages/airflow/example_dags/example_skip_dag.py
[2022-09-28 17:14:37,320] {processor.py:651} INFO - DAG(s) dict_keys(['example_skip_dag']) retrieved from /home/airflow/.local/lib/python3.7/site-packages/airflow/example_dags/example_skip_dag.py
[2022-09-28 17:14:37,357] {logging_mixin.py:115} INFO - [2022-09-28 17:14:37,357] {dag.py:2420} INFO - Sync 1 DAGs
[2022-09-28 17:14:37,385] {logging_mixin.py:115} INFO - [2022-09-28 17:14:37,385] {dag.py:2972} INFO - Setting next_dagrun for example_skip_dag to 2022-09-27T17:14:37.385018+00:00, run_after=2022-09-28T17:14:37.385018+00:00
[2022-09-28 17:14:37,403] {processor.py:161} INFO - Processing /home/airflow/.local/lib/python3.7/site-packages/airflow/example_dags/example_skip_dag.py took 0.099 seconds
[2022-09-28 17:15:07,824] {processor.py:153} INFO - Started process (PID=929) to work on /home/airflow/.local/lib/python3.7/site-packages/airflow/example_dags/example_skip_dag.py
[2022-09-28 17:15:07,826] {processor.py:641} INFO - Processing file /home/airflow/.local/lib/python3.7/site-packages/airflow/example_dags/example_skip_dag.py for tasks to queue
[2022-09-28 17:15:07,828] {logging_mixin.py:115} INFO - [2022-09-28 17:15:07,828] {dagbag.py:508} INFO - Filling up the DagBag from /home/airflow/.local/lib/python3.7/site-packages/airflow/example_dags/example_skip_dag.py
[2022-09-28 17:15:07,836] {processor.py:651} INFO - DAG(s) dict_keys(['example_skip_dag']) retrieved from /home/airflow/.local/lib/python3.7/site-packages/airflow/example_dags/example_skip_dag.py
[2022-09-28 17:15:07,876] {logging_mixin.py:115} INFO - [2022-09-28 17:15:07,876] {dag.py:2420} INFO - Sync 1 DAGs
[2022-09-28 17:15:07,907] {logging_mixin.py:115} INFO - [2022-09-28 17:15:07,907] {dag.py:2972} INFO - Setting next_dagrun for example_skip_dag to 2022-09-27T17:15:07.906701+00:00, run_after=2022-09-28T17:15:07.906701+00:00
[2022-09-28 17:15:07,927] {processor.py:161} INFO - Processing /home/airflow/.local/lib/python3.7/site-packages/airflow/example_dags/example_skip_dag.py took 0.108 seconds
[2022-09-28 17:15:38,818] {processor.py:153} INFO - Started process (PID=995) to work on /home/airflow/.local/lib/python3.7/site-packages/airflow/example_dags/example_skip_dag.py
[2022-09-28 17:15:38,832] {processor.py:641} INFO - Processing file /home/airflow/.local/lib/python3.7/site-packages/airflow/example_dags/example_skip_dag.py for tasks to queue
[2022-09-28 17:15:38,835] {logging_mixin.py:115} INFO - [2022-09-28 17:15:38,834] {dagbag.py:508} INFO - Filling up the DagBag from /home/airflow/.local/lib/python3.7/site-packages/airflow/example_dags/example_skip_dag.py
[2022-09-28 17:15:38,858] {processor.py:651} INFO - DAG(s) dict_keys(['example_skip_dag']) retrieved from /home/airflow/.local/lib/python3.7/site-packages/airflow/example_dags/example_skip_dag.py
[2022-09-28 17:15:38,898] {logging_mixin.py:115} INFO - [2022-09-28 17:15:38,898] {dag.py:2420} INFO - Sync 1 DAGs
[2022-09-28 17:15:38,928] {logging_mixin.py:115} INFO - [2022-09-28 17:15:38,928] {dag.py:2972} INFO - Setting next_dagrun for example_skip_dag to 2022-09-27T17:15:38.928402+00:00, run_after=2022-09-28T17:15:38.928402+00:00
[2022-09-28 17:15:38,949] {processor.py:161} INFO - Processing /home/airflow/.local/lib/python3.7/site-packages/airflow/example_dags/example_skip_dag.py took 0.135 seconds
[2022-09-28 17:16:09,207] {processor.py:153} INFO - Started process (PID=1059) to work on /home/airflow/.local/lib/python3.7/site-packages/airflow/example_dags/example_skip_dag.py
[2022-09-28 17:16:09,209] {processor.py:641} INFO - Processing file /home/airflow/.local/lib/python3.7/site-packages/airflow/example_dags/example_skip_dag.py for tasks to queue
[2022-09-28 17:16:09,211] {logging_mixin.py:115} INFO - [2022-09-28 17:16:09,211] {dagbag.py:508} INFO - Filling up the DagBag from /home/airflow/.local/lib/python3.7/site-packages/airflow/example_dags/example_skip_dag.py
[2022-09-28 17:16:09,219] {processor.py:651} INFO - DAG(s) dict_keys(['example_skip_dag']) retrieved from /home/airflow/.local/lib/python3.7/site-packages/airflow/example_dags/example_skip_dag.py
[2022-09-28 17:16:09,265] {logging_mixin.py:115} INFO - [2022-09-28 17:16:09,265] {dag.py:2420} INFO - Sync 1 DAGs
[2022-09-28 17:16:09,295] {logging_mixin.py:115} INFO - [2022-09-28 17:16:09,295] {dag.py:2972} INFO - Setting next_dagrun for example_skip_dag to 2022-09-27T17:16:09.295041+00:00, run_after=2022-09-28T17:16:09.295041+00:00
[2022-09-28 17:16:09,314] {processor.py:161} INFO - Processing /home/airflow/.local/lib/python3.7/site-packages/airflow/example_dags/example_skip_dag.py took 0.114 seconds
[2022-09-28 17:16:39,472] {processor.py:153} INFO - Started process (PID=1114) to work on /home/airflow/.local/lib/python3.7/site-packages/airflow/example_dags/example_skip_dag.py
[2022-09-28 17:16:39,474] {processor.py:641} INFO - Processing file /home/airflow/.local/lib/python3.7/site-packages/airflow/example_dags/example_skip_dag.py for tasks to queue
[2022-09-28 17:16:39,475] {logging_mixin.py:115} INFO - [2022-09-28 17:16:39,475] {dagbag.py:508} INFO - Filling up the DagBag from /home/airflow/.local/lib/python3.7/site-packages/airflow/example_dags/example_skip_dag.py
[2022-09-28 17:16:39,483] {processor.py:651} INFO - DAG(s) dict_keys(['example_skip_dag']) retrieved from /home/airflow/.local/lib/python3.7/site-packages/airflow/example_dags/example_skip_dag.py
[2022-09-28 17:16:39,542] {logging_mixin.py:115} INFO - [2022-09-28 17:16:39,542] {dag.py:2420} INFO - Sync 1 DAGs
[2022-09-28 17:16:39,573] {logging_mixin.py:115} INFO - [2022-09-28 17:16:39,573] {dag.py:2972} INFO - Setting next_dagrun for example_skip_dag to 2022-09-27T17:16:39.572869+00:00, run_after=2022-09-28T17:16:39.572869+00:00
[2022-09-28 17:16:39,595] {processor.py:161} INFO - Processing /home/airflow/.local/lib/python3.7/site-packages/airflow/example_dags/example_skip_dag.py took 0.127 seconds
[2022-09-28 17:17:09,650] {processor.py:153} INFO - Started process (PID=1180) to work on /home/airflow/.local/lib/python3.7/site-packages/airflow/example_dags/example_skip_dag.py
[2022-09-28 17:17:09,651] {processor.py:641} INFO - Processing file /home/airflow/.local/lib/python3.7/site-packages/airflow/example_dags/example_skip_dag.py for tasks to queue
[2022-09-28 17:17:09,653] {logging_mixin.py:115} INFO - [2022-09-28 17:17:09,653] {dagbag.py:508} INFO - Filling up the DagBag from /home/airflow/.local/lib/python3.7/site-packages/airflow/example_dags/example_skip_dag.py
[2022-09-28 17:17:09,663] {processor.py:651} INFO - DAG(s) dict_keys(['example_skip_dag']) retrieved from /home/airflow/.local/lib/python3.7/site-packages/airflow/example_dags/example_skip_dag.py
[2022-09-28 17:17:09,695] {logging_mixin.py:115} INFO - [2022-09-28 17:17:09,695] {dag.py:2420} INFO - Sync 1 DAGs
[2022-09-28 17:17:09,724] {logging_mixin.py:115} INFO - [2022-09-28 17:17:09,724] {dag.py:2972} INFO - Setting next_dagrun for example_skip_dag to 2022-09-27T17:17:09.723795+00:00, run_after=2022-09-28T17:17:09.723795+00:00
[2022-09-28 17:17:09,744] {processor.py:161} INFO - Processing /home/airflow/.local/lib/python3.7/site-packages/airflow/example_dags/example_skip_dag.py took 0.099 seconds
[2022-09-28 17:17:40,634] {processor.py:153} INFO - Started process (PID=1248) to work on /home/airflow/.local/lib/python3.7/site-packages/airflow/example_dags/example_skip_dag.py
[2022-09-28 17:17:40,635] {processor.py:641} INFO - Processing file /home/airflow/.local/lib/python3.7/site-packages/airflow/example_dags/example_skip_dag.py for tasks to queue
[2022-09-28 17:17:40,638] {logging_mixin.py:115} INFO - [2022-09-28 17:17:40,638] {dagbag.py:508} INFO - Filling up the DagBag from /home/airflow/.local/lib/python3.7/site-packages/airflow/example_dags/example_skip_dag.py
[2022-09-28 17:17:40,649] {processor.py:651} INFO - DAG(s) dict_keys(['example_skip_dag']) retrieved from /home/airflow/.local/lib/python3.7/site-packages/airflow/example_dags/example_skip_dag.py
[2022-09-28 17:17:40,692] {logging_mixin.py:115} INFO - [2022-09-28 17:17:40,691] {dag.py:2420} INFO - Sync 1 DAGs
[2022-09-28 17:17:40,729] {logging_mixin.py:115} INFO - [2022-09-28 17:17:40,729] {dag.py:2972} INFO - Setting next_dagrun for example_skip_dag to 2022-09-27T17:17:40.728855+00:00, run_after=2022-09-28T17:17:40.728855+00:00
[2022-09-28 17:17:40,749] {processor.py:161} INFO - Processing /home/airflow/.local/lib/python3.7/site-packages/airflow/example_dags/example_skip_dag.py took 0.119 seconds
[2022-09-28 17:18:11,173] {processor.py:153} INFO - Started process (PID=1303) to work on /home/airflow/.local/lib/python3.7/site-packages/airflow/example_dags/example_skip_dag.py
[2022-09-28 17:18:11,174] {processor.py:641} INFO - Processing file /home/airflow/.local/lib/python3.7/site-packages/airflow/example_dags/example_skip_dag.py for tasks to queue
[2022-09-28 17:18:11,176] {logging_mixin.py:115} INFO - [2022-09-28 17:18:11,176] {dagbag.py:508} INFO - Filling up the DagBag from /home/airflow/.local/lib/python3.7/site-packages/airflow/example_dags/example_skip_dag.py
[2022-09-28 17:18:11,185] {processor.py:651} INFO - DAG(s) dict_keys(['example_skip_dag']) retrieved from /home/airflow/.local/lib/python3.7/site-packages/airflow/example_dags/example_skip_dag.py
[2022-09-28 17:18:11,240] {logging_mixin.py:115} INFO - [2022-09-28 17:18:11,239] {dag.py:2420} INFO - Sync 1 DAGs
[2022-09-28 17:18:11,277] {logging_mixin.py:115} INFO - [2022-09-28 17:18:11,277] {dag.py:2972} INFO - Setting next_dagrun for example_skip_dag to 2022-09-27T17:18:11.277140+00:00, run_after=2022-09-28T17:18:11.277140+00:00
[2022-09-28 17:18:11,301] {processor.py:161} INFO - Processing /home/airflow/.local/lib/python3.7/site-packages/airflow/example_dags/example_skip_dag.py took 0.132 seconds
[2022-09-28 17:18:42,196] {processor.py:153} INFO - Started process (PID=1359) to work on /home/airflow/.local/lib/python3.7/site-packages/airflow/example_dags/example_skip_dag.py
[2022-09-28 17:18:42,198] {processor.py:641} INFO - Processing file /home/airflow/.local/lib/python3.7/site-packages/airflow/example_dags/example_skip_dag.py for tasks to queue
[2022-09-28 17:18:42,200] {logging_mixin.py:115} INFO - [2022-09-28 17:18:42,200] {dagbag.py:508} INFO - Filling up the DagBag from /home/airflow/.local/lib/python3.7/site-packages/airflow/example_dags/example_skip_dag.py
[2022-09-28 17:18:42,209] {processor.py:651} INFO - DAG(s) dict_keys(['example_skip_dag']) retrieved from /home/airflow/.local/lib/python3.7/site-packages/airflow/example_dags/example_skip_dag.py
[2022-09-28 17:18:42,281] {logging_mixin.py:115} INFO - [2022-09-28 17:18:42,280] {dag.py:2420} INFO - Sync 1 DAGs
[2022-09-28 17:18:42,317] {logging_mixin.py:115} INFO - [2022-09-28 17:18:42,317] {dag.py:2972} INFO - Setting next_dagrun for example_skip_dag to 2022-09-27T17:18:42.316756+00:00, run_after=2022-09-28T17:18:42.316756+00:00
[2022-09-28 17:18:42,340] {processor.py:161} INFO - Processing /home/airflow/.local/lib/python3.7/site-packages/airflow/example_dags/example_skip_dag.py took 0.149 seconds
[2022-09-28 17:19:12,939] {processor.py:153} INFO - Started process (PID=1424) to work on /home/airflow/.local/lib/python3.7/site-packages/airflow/example_dags/example_skip_dag.py
[2022-09-28 17:19:12,940] {processor.py:641} INFO - Processing file /home/airflow/.local/lib/python3.7/site-packages/airflow/example_dags/example_skip_dag.py for tasks to queue
[2022-09-28 17:19:12,942] {logging_mixin.py:115} INFO - [2022-09-28 17:19:12,942] {dagbag.py:508} INFO - Filling up the DagBag from /home/airflow/.local/lib/python3.7/site-packages/airflow/example_dags/example_skip_dag.py
[2022-09-28 17:19:12,959] {processor.py:651} INFO - DAG(s) dict_keys(['example_skip_dag']) retrieved from /home/airflow/.local/lib/python3.7/site-packages/airflow/example_dags/example_skip_dag.py
[2022-09-28 17:19:13,010] {logging_mixin.py:115} INFO - [2022-09-28 17:19:13,010] {dag.py:2420} INFO - Sync 1 DAGs
[2022-09-28 17:19:13,050] {logging_mixin.py:115} INFO - [2022-09-28 17:19:13,050] {dag.py:2972} INFO - Setting next_dagrun for example_skip_dag to 2022-09-27T17:19:13.049689+00:00, run_after=2022-09-28T17:19:13.049689+00:00
[2022-09-28 17:19:13,069] {processor.py:161} INFO - Processing /home/airflow/.local/lib/python3.7/site-packages/airflow/example_dags/example_skip_dag.py took 0.137 seconds
[2022-09-28 17:19:44,308] {processor.py:153} INFO - Started process (PID=1490) to work on /home/airflow/.local/lib/python3.7/site-packages/airflow/example_dags/example_skip_dag.py
[2022-09-28 17:19:44,310] {processor.py:641} INFO - Processing file /home/airflow/.local/lib/python3.7/site-packages/airflow/example_dags/example_skip_dag.py for tasks to queue
[2022-09-28 17:19:44,312] {logging_mixin.py:115} INFO - [2022-09-28 17:19:44,311] {dagbag.py:508} INFO - Filling up the DagBag from /home/airflow/.local/lib/python3.7/site-packages/airflow/example_dags/example_skip_dag.py
[2022-09-28 17:19:44,334] {processor.py:651} INFO - DAG(s) dict_keys(['example_skip_dag']) retrieved from /home/airflow/.local/lib/python3.7/site-packages/airflow/example_dags/example_skip_dag.py
[2022-09-28 17:19:44,377] {logging_mixin.py:115} INFO - [2022-09-28 17:19:44,377] {dag.py:2420} INFO - Sync 1 DAGs
[2022-09-28 17:19:44,410] {logging_mixin.py:115} INFO - [2022-09-28 17:19:44,409] {dag.py:2972} INFO - Setting next_dagrun for example_skip_dag to 2022-09-27T17:19:44.409637+00:00, run_after=2022-09-28T17:19:44.409637+00:00
[2022-09-28 17:19:44,429] {processor.py:161} INFO - Processing /home/airflow/.local/lib/python3.7/site-packages/airflow/example_dags/example_skip_dag.py took 0.127 seconds
[2022-09-28 17:20:15,315] {processor.py:153} INFO - Started process (PID=1545) to work on /home/airflow/.local/lib/python3.7/site-packages/airflow/example_dags/example_skip_dag.py
[2022-09-28 17:20:15,325] {processor.py:641} INFO - Processing file /home/airflow/.local/lib/python3.7/site-packages/airflow/example_dags/example_skip_dag.py for tasks to queue
[2022-09-28 17:20:15,329] {logging_mixin.py:115} INFO - [2022-09-28 17:20:15,328] {dagbag.py:508} INFO - Filling up the DagBag from /home/airflow/.local/lib/python3.7/site-packages/airflow/example_dags/example_skip_dag.py
[2022-09-28 17:20:15,347] {processor.py:651} INFO - DAG(s) dict_keys(['example_skip_dag']) retrieved from /home/airflow/.local/lib/python3.7/site-packages/airflow/example_dags/example_skip_dag.py
[2022-09-28 17:20:15,489] {logging_mixin.py:115} INFO - [2022-09-28 17:20:15,488] {dag.py:2420} INFO - Sync 1 DAGs
[2022-09-28 17:20:15,587] {logging_mixin.py:115} INFO - [2022-09-28 17:20:15,587] {dag.py:2972} INFO - Setting next_dagrun for example_skip_dag to 2022-09-27T17:20:15.586983+00:00, run_after=2022-09-28T17:20:15.586983+00:00
[2022-09-28 17:20:15,610] {processor.py:161} INFO - Processing /home/airflow/.local/lib/python3.7/site-packages/airflow/example_dags/example_skip_dag.py took 0.304 seconds
[2022-09-28 17:20:46,110] {processor.py:153} INFO - Started process (PID=1612) to work on /home/airflow/.local/lib/python3.7/site-packages/airflow/example_dags/example_skip_dag.py
[2022-09-28 17:20:46,114] {processor.py:641} INFO - Processing file /home/airflow/.local/lib/python3.7/site-packages/airflow/example_dags/example_skip_dag.py for tasks to queue
[2022-09-28 17:20:46,128] {logging_mixin.py:115} INFO - [2022-09-28 17:20:46,127] {dagbag.py:508} INFO - Filling up the DagBag from /home/airflow/.local/lib/python3.7/site-packages/airflow/example_dags/example_skip_dag.py
[2022-09-28 17:20:46,171] {processor.py:651} INFO - DAG(s) dict_keys(['example_skip_dag']) retrieved from /home/airflow/.local/lib/python3.7/site-packages/airflow/example_dags/example_skip_dag.py
[2022-09-28 17:20:46,333] {logging_mixin.py:115} INFO - [2022-09-28 17:20:46,333] {dag.py:2420} INFO - Sync 1 DAGs
[2022-09-28 17:20:46,424] {logging_mixin.py:115} INFO - [2022-09-28 17:20:46,423] {dag.py:2972} INFO - Setting next_dagrun for example_skip_dag to 2022-09-27T17:20:46.418209+00:00, run_after=2022-09-28T17:20:46.418209+00:00
[2022-09-28 17:20:46,547] {processor.py:161} INFO - Processing /home/airflow/.local/lib/python3.7/site-packages/airflow/example_dags/example_skip_dag.py took 0.467 seconds
[2022-09-28 17:21:17,251] {processor.py:153} INFO - Started process (PID=1666) to work on /home/airflow/.local/lib/python3.7/site-packages/airflow/example_dags/example_skip_dag.py
[2022-09-28 17:21:17,252] {processor.py:641} INFO - Processing file /home/airflow/.local/lib/python3.7/site-packages/airflow/example_dags/example_skip_dag.py for tasks to queue
[2022-09-28 17:21:17,253] {logging_mixin.py:115} INFO - [2022-09-28 17:21:17,253] {dagbag.py:508} INFO - Filling up the DagBag from /home/airflow/.local/lib/python3.7/site-packages/airflow/example_dags/example_skip_dag.py
[2022-09-28 17:21:17,262] {processor.py:651} INFO - DAG(s) dict_keys(['example_skip_dag']) retrieved from /home/airflow/.local/lib/python3.7/site-packages/airflow/example_dags/example_skip_dag.py
[2022-09-28 17:21:17,302] {logging_mixin.py:115} INFO - [2022-09-28 17:21:17,302] {dag.py:2420} INFO - Sync 1 DAGs
[2022-09-28 17:21:17,338] {logging_mixin.py:115} INFO - [2022-09-28 17:21:17,338] {dag.py:2972} INFO - Setting next_dagrun for example_skip_dag to 2022-09-27T17:21:17.338478+00:00, run_after=2022-09-28T17:21:17.338478+00:00
[2022-09-28 17:21:17,358] {processor.py:161} INFO - Processing /home/airflow/.local/lib/python3.7/site-packages/airflow/example_dags/example_skip_dag.py took 0.112 seconds
[2022-09-28 17:21:47,683] {processor.py:153} INFO - Started process (PID=1733) to work on /home/airflow/.local/lib/python3.7/site-packages/airflow/example_dags/example_skip_dag.py
[2022-09-28 17:21:47,685] {processor.py:641} INFO - Processing file /home/airflow/.local/lib/python3.7/site-packages/airflow/example_dags/example_skip_dag.py for tasks to queue
[2022-09-28 17:21:47,686] {logging_mixin.py:115} INFO - [2022-09-28 17:21:47,686] {dagbag.py:508} INFO - Filling up the DagBag from /home/airflow/.local/lib/python3.7/site-packages/airflow/example_dags/example_skip_dag.py
[2022-09-28 17:21:47,695] {processor.py:651} INFO - DAG(s) dict_keys(['example_skip_dag']) retrieved from /home/airflow/.local/lib/python3.7/site-packages/airflow/example_dags/example_skip_dag.py
[2022-09-28 17:21:47,735] {logging_mixin.py:115} INFO - [2022-09-28 17:21:47,735] {dag.py:2420} INFO - Sync 1 DAGs
[2022-09-28 17:21:47,769] {logging_mixin.py:115} INFO - [2022-09-28 17:21:47,769] {dag.py:2972} INFO - Setting next_dagrun for example_skip_dag to 2022-09-27T17:21:47.769223+00:00, run_after=2022-09-28T17:21:47.769223+00:00
[2022-09-28 17:21:47,789] {processor.py:161} INFO - Processing /home/airflow/.local/lib/python3.7/site-packages/airflow/example_dags/example_skip_dag.py took 0.111 seconds
[2022-09-28 17:22:18,372] {processor.py:153} INFO - Started process (PID=1788) to work on /home/airflow/.local/lib/python3.7/site-packages/airflow/example_dags/example_skip_dag.py
[2022-09-28 17:22:18,374] {processor.py:641} INFO - Processing file /home/airflow/.local/lib/python3.7/site-packages/airflow/example_dags/example_skip_dag.py for tasks to queue
[2022-09-28 17:22:18,376] {logging_mixin.py:115} INFO - [2022-09-28 17:22:18,375] {dagbag.py:508} INFO - Filling up the DagBag from /home/airflow/.local/lib/python3.7/site-packages/airflow/example_dags/example_skip_dag.py
[2022-09-28 17:22:18,385] {processor.py:651} INFO - DAG(s) dict_keys(['example_skip_dag']) retrieved from /home/airflow/.local/lib/python3.7/site-packages/airflow/example_dags/example_skip_dag.py
[2022-09-28 17:22:18,416] {logging_mixin.py:115} INFO - [2022-09-28 17:22:18,416] {dag.py:2420} INFO - Sync 1 DAGs
[2022-09-28 17:22:18,441] {logging_mixin.py:115} INFO - [2022-09-28 17:22:18,441] {dag.py:2972} INFO - Setting next_dagrun for example_skip_dag to 2022-09-27T17:22:18.440754+00:00, run_after=2022-09-28T17:22:18.440754+00:00
[2022-09-28 17:22:18,461] {processor.py:161} INFO - Processing /home/airflow/.local/lib/python3.7/site-packages/airflow/example_dags/example_skip_dag.py took 0.095 seconds
[2022-09-28 17:22:48,681] {processor.py:153} INFO - Started process (PID=1854) to work on /home/airflow/.local/lib/python3.7/site-packages/airflow/example_dags/example_skip_dag.py
[2022-09-28 17:22:48,682] {processor.py:641} INFO - Processing file /home/airflow/.local/lib/python3.7/site-packages/airflow/example_dags/example_skip_dag.py for tasks to queue
[2022-09-28 17:22:48,684] {logging_mixin.py:115} INFO - [2022-09-28 17:22:48,683] {dagbag.py:508} INFO - Filling up the DagBag from /home/airflow/.local/lib/python3.7/site-packages/airflow/example_dags/example_skip_dag.py
[2022-09-28 17:22:48,697] {processor.py:651} INFO - DAG(s) dict_keys(['example_skip_dag']) retrieved from /home/airflow/.local/lib/python3.7/site-packages/airflow/example_dags/example_skip_dag.py
[2022-09-28 17:22:48,742] {logging_mixin.py:115} INFO - [2022-09-28 17:22:48,742] {dag.py:2420} INFO - Sync 1 DAGs
[2022-09-28 17:22:48,770] {logging_mixin.py:115} INFO - [2022-09-28 17:22:48,769] {dag.py:2972} INFO - Setting next_dagrun for example_skip_dag to 2022-09-27T17:22:48.769604+00:00, run_after=2022-09-28T17:22:48.769604+00:00
[2022-09-28 17:22:48,785] {processor.py:161} INFO - Processing /home/airflow/.local/lib/python3.7/site-packages/airflow/example_dags/example_skip_dag.py took 0.108 seconds
[2022-09-28 17:23:19,289] {processor.py:153} INFO - Started process (PID=1921) to work on /home/airflow/.local/lib/python3.7/site-packages/airflow/example_dags/example_skip_dag.py
[2022-09-28 17:23:19,291] {processor.py:641} INFO - Processing file /home/airflow/.local/lib/python3.7/site-packages/airflow/example_dags/example_skip_dag.py for tasks to queue
[2022-09-28 17:23:19,293] {logging_mixin.py:115} INFO - [2022-09-28 17:23:19,293] {dagbag.py:508} INFO - Filling up the DagBag from /home/airflow/.local/lib/python3.7/site-packages/airflow/example_dags/example_skip_dag.py
[2022-09-28 17:23:19,303] {processor.py:651} INFO - DAG(s) dict_keys(['example_skip_dag']) retrieved from /home/airflow/.local/lib/python3.7/site-packages/airflow/example_dags/example_skip_dag.py
[2022-09-28 17:23:19,339] {logging_mixin.py:115} INFO - [2022-09-28 17:23:19,339] {dag.py:2420} INFO - Sync 1 DAGs
[2022-09-28 17:23:19,365] {logging_mixin.py:115} INFO - [2022-09-28 17:23:19,365] {dag.py:2972} INFO - Setting next_dagrun for example_skip_dag to 2022-09-27T17:23:19.365311+00:00, run_after=2022-09-28T17:23:19.365311+00:00
[2022-09-28 17:23:19,382] {processor.py:161} INFO - Processing /home/airflow/.local/lib/python3.7/site-packages/airflow/example_dags/example_skip_dag.py took 0.098 seconds
[2022-09-28 17:23:50,459] {processor.py:153} INFO - Started process (PID=1976) to work on /home/airflow/.local/lib/python3.7/site-packages/airflow/example_dags/example_skip_dag.py
[2022-09-28 17:23:50,461] {processor.py:641} INFO - Processing file /home/airflow/.local/lib/python3.7/site-packages/airflow/example_dags/example_skip_dag.py for tasks to queue
[2022-09-28 17:23:50,463] {logging_mixin.py:115} INFO - [2022-09-28 17:23:50,463] {dagbag.py:508} INFO - Filling up the DagBag from /home/airflow/.local/lib/python3.7/site-packages/airflow/example_dags/example_skip_dag.py
[2022-09-28 17:23:50,489] {processor.py:651} INFO - DAG(s) dict_keys(['example_skip_dag']) retrieved from /home/airflow/.local/lib/python3.7/site-packages/airflow/example_dags/example_skip_dag.py
[2022-09-28 17:23:50,537] {logging_mixin.py:115} INFO - [2022-09-28 17:23:50,537] {dag.py:2420} INFO - Sync 1 DAGs
[2022-09-28 17:23:50,572] {logging_mixin.py:115} INFO - [2022-09-28 17:23:50,572] {dag.py:2972} INFO - Setting next_dagrun for example_skip_dag to 2022-09-27T17:23:50.571829+00:00, run_after=2022-09-28T17:23:50.571829+00:00
[2022-09-28 17:23:50,596] {processor.py:161} INFO - Processing /home/airflow/.local/lib/python3.7/site-packages/airflow/example_dags/example_skip_dag.py took 0.145 seconds
[2022-09-28 17:24:20,670] {processor.py:153} INFO - Started process (PID=2042) to work on /home/airflow/.local/lib/python3.7/site-packages/airflow/example_dags/example_skip_dag.py
[2022-09-28 17:24:20,673] {processor.py:641} INFO - Processing file /home/airflow/.local/lib/python3.7/site-packages/airflow/example_dags/example_skip_dag.py for tasks to queue
[2022-09-28 17:24:20,675] {logging_mixin.py:115} INFO - [2022-09-28 17:24:20,675] {dagbag.py:508} INFO - Filling up the DagBag from /home/airflow/.local/lib/python3.7/site-packages/airflow/example_dags/example_skip_dag.py
[2022-09-28 17:24:20,690] {processor.py:651} INFO - DAG(s) dict_keys(['example_skip_dag']) retrieved from /home/airflow/.local/lib/python3.7/site-packages/airflow/example_dags/example_skip_dag.py
[2022-09-28 17:24:20,737] {logging_mixin.py:115} INFO - [2022-09-28 17:24:20,737] {dag.py:2420} INFO - Sync 1 DAGs
[2022-09-28 17:24:20,794] {logging_mixin.py:115} INFO - [2022-09-28 17:24:20,794] {dag.py:2972} INFO - Setting next_dagrun for example_skip_dag to 2022-09-27T17:24:20.793831+00:00, run_after=2022-09-28T17:24:20.793831+00:00
[2022-09-28 17:24:20,815] {processor.py:161} INFO - Processing /home/airflow/.local/lib/python3.7/site-packages/airflow/example_dags/example_skip_dag.py took 0.152 seconds
[2022-09-28 17:24:51,010] {processor.py:153} INFO - Started process (PID=2099) to work on /home/airflow/.local/lib/python3.7/site-packages/airflow/example_dags/example_skip_dag.py
[2022-09-28 17:24:51,011] {processor.py:641} INFO - Processing file /home/airflow/.local/lib/python3.7/site-packages/airflow/example_dags/example_skip_dag.py for tasks to queue
[2022-09-28 17:24:51,012] {logging_mixin.py:115} INFO - [2022-09-28 17:24:51,012] {dagbag.py:508} INFO - Filling up the DagBag from /home/airflow/.local/lib/python3.7/site-packages/airflow/example_dags/example_skip_dag.py
[2022-09-28 17:24:51,020] {processor.py:651} INFO - DAG(s) dict_keys(['example_skip_dag']) retrieved from /home/airflow/.local/lib/python3.7/site-packages/airflow/example_dags/example_skip_dag.py
[2022-09-28 17:24:51,055] {logging_mixin.py:115} INFO - [2022-09-28 17:24:51,055] {dag.py:2420} INFO - Sync 1 DAGs
[2022-09-28 17:24:51,082] {logging_mixin.py:115} INFO - [2022-09-28 17:24:51,082] {dag.py:2972} INFO - Setting next_dagrun for example_skip_dag to 2022-09-27T17:24:51.082238+00:00, run_after=2022-09-28T17:24:51.082238+00:00
[2022-09-28 17:24:51,102] {processor.py:161} INFO - Processing /home/airflow/.local/lib/python3.7/site-packages/airflow/example_dags/example_skip_dag.py took 0.097 seconds
[2022-09-28 17:25:21,218] {processor.py:153} INFO - Started process (PID=2165) to work on /home/airflow/.local/lib/python3.7/site-packages/airflow/example_dags/example_skip_dag.py
[2022-09-28 17:25:21,220] {processor.py:641} INFO - Processing file /home/airflow/.local/lib/python3.7/site-packages/airflow/example_dags/example_skip_dag.py for tasks to queue
[2022-09-28 17:25:21,222] {logging_mixin.py:115} INFO - [2022-09-28 17:25:21,221] {dagbag.py:508} INFO - Filling up the DagBag from /home/airflow/.local/lib/python3.7/site-packages/airflow/example_dags/example_skip_dag.py
[2022-09-28 17:25:21,233] {processor.py:651} INFO - DAG(s) dict_keys(['example_skip_dag']) retrieved from /home/airflow/.local/lib/python3.7/site-packages/airflow/example_dags/example_skip_dag.py
[2022-09-28 17:25:21,273] {logging_mixin.py:115} INFO - [2022-09-28 17:25:21,273] {dag.py:2420} INFO - Sync 1 DAGs
[2022-09-28 17:25:21,309] {logging_mixin.py:115} INFO - [2022-09-28 17:25:21,309] {dag.py:2972} INFO - Setting next_dagrun for example_skip_dag to 2022-09-27T17:25:21.309060+00:00, run_after=2022-09-28T17:25:21.309060+00:00
[2022-09-28 17:25:21,331] {processor.py:161} INFO - Processing /home/airflow/.local/lib/python3.7/site-packages/airflow/example_dags/example_skip_dag.py took 0.120 seconds
[2022-09-28 17:25:51,502] {processor.py:153} INFO - Started process (PID=2231) to work on /home/airflow/.local/lib/python3.7/site-packages/airflow/example_dags/example_skip_dag.py
[2022-09-28 17:25:51,504] {processor.py:641} INFO - Processing file /home/airflow/.local/lib/python3.7/site-packages/airflow/example_dags/example_skip_dag.py for tasks to queue
[2022-09-28 17:25:51,505] {logging_mixin.py:115} INFO - [2022-09-28 17:25:51,505] {dagbag.py:508} INFO - Filling up the DagBag from /home/airflow/.local/lib/python3.7/site-packages/airflow/example_dags/example_skip_dag.py
[2022-09-28 17:25:51,516] {processor.py:651} INFO - DAG(s) dict_keys(['example_skip_dag']) retrieved from /home/airflow/.local/lib/python3.7/site-packages/airflow/example_dags/example_skip_dag.py
[2022-09-28 17:25:51,552] {logging_mixin.py:115} INFO - [2022-09-28 17:25:51,551] {dag.py:2420} INFO - Sync 1 DAGs
[2022-09-28 17:25:51,579] {logging_mixin.py:115} INFO - [2022-09-28 17:25:51,578] {dag.py:2972} INFO - Setting next_dagrun for example_skip_dag to 2022-09-27T17:25:51.578564+00:00, run_after=2022-09-28T17:25:51.578564+00:00
[2022-09-28 17:25:51,595] {processor.py:161} INFO - Processing /home/airflow/.local/lib/python3.7/site-packages/airflow/example_dags/example_skip_dag.py took 0.098 seconds
[2022-09-28 17:26:21,751] {processor.py:153} INFO - Started process (PID=2288) to work on /home/airflow/.local/lib/python3.7/site-packages/airflow/example_dags/example_skip_dag.py
[2022-09-28 17:26:21,758] {processor.py:641} INFO - Processing file /home/airflow/.local/lib/python3.7/site-packages/airflow/example_dags/example_skip_dag.py for tasks to queue
[2022-09-28 17:26:21,767] {logging_mixin.py:115} INFO - [2022-09-28 17:26:21,767] {dagbag.py:508} INFO - Filling up the DagBag from /home/airflow/.local/lib/python3.7/site-packages/airflow/example_dags/example_skip_dag.py
[2022-09-28 17:26:21,779] {processor.py:651} INFO - DAG(s) dict_keys(['example_skip_dag']) retrieved from /home/airflow/.local/lib/python3.7/site-packages/airflow/example_dags/example_skip_dag.py
[2022-09-28 17:26:21,829] {logging_mixin.py:115} INFO - [2022-09-28 17:26:21,829] {dag.py:2420} INFO - Sync 1 DAGs
[2022-09-28 17:26:21,867] {logging_mixin.py:115} INFO - [2022-09-28 17:26:21,867] {dag.py:2972} INFO - Setting next_dagrun for example_skip_dag to 2022-09-27T17:26:21.867259+00:00, run_after=2022-09-28T17:26:21.867259+00:00
[2022-09-28 17:26:21,891] {processor.py:161} INFO - Processing /home/airflow/.local/lib/python3.7/site-packages/airflow/example_dags/example_skip_dag.py took 0.148 seconds
[2022-09-28 17:26:52,069] {processor.py:153} INFO - Started process (PID=2352) to work on /home/airflow/.local/lib/python3.7/site-packages/airflow/example_dags/example_skip_dag.py
[2022-09-28 17:26:52,071] {processor.py:641} INFO - Processing file /home/airflow/.local/lib/python3.7/site-packages/airflow/example_dags/example_skip_dag.py for tasks to queue
[2022-09-28 17:26:52,072] {logging_mixin.py:115} INFO - [2022-09-28 17:26:52,072] {dagbag.py:508} INFO - Filling up the DagBag from /home/airflow/.local/lib/python3.7/site-packages/airflow/example_dags/example_skip_dag.py
[2022-09-28 17:26:52,080] {processor.py:651} INFO - DAG(s) dict_keys(['example_skip_dag']) retrieved from /home/airflow/.local/lib/python3.7/site-packages/airflow/example_dags/example_skip_dag.py
[2022-09-28 17:26:52,113] {logging_mixin.py:115} INFO - [2022-09-28 17:26:52,112] {dag.py:2420} INFO - Sync 1 DAGs
[2022-09-28 17:26:52,138] {logging_mixin.py:115} INFO - [2022-09-28 17:26:52,138] {dag.py:2972} INFO - Setting next_dagrun for example_skip_dag to 2022-09-27T17:26:52.138268+00:00, run_after=2022-09-28T17:26:52.138268+00:00
[2022-09-28 17:26:52,154] {processor.py:161} INFO - Processing /home/airflow/.local/lib/python3.7/site-packages/airflow/example_dags/example_skip_dag.py took 0.088 seconds
[2022-09-28 17:27:23,272] {processor.py:153} INFO - Started process (PID=2408) to work on /home/airflow/.local/lib/python3.7/site-packages/airflow/example_dags/example_skip_dag.py
[2022-09-28 17:27:23,273] {processor.py:641} INFO - Processing file /home/airflow/.local/lib/python3.7/site-packages/airflow/example_dags/example_skip_dag.py for tasks to queue
[2022-09-28 17:27:23,275] {logging_mixin.py:115} INFO - [2022-09-28 17:27:23,275] {dagbag.py:508} INFO - Filling up the DagBag from /home/airflow/.local/lib/python3.7/site-packages/airflow/example_dags/example_skip_dag.py
[2022-09-28 17:27:23,283] {processor.py:651} INFO - DAG(s) dict_keys(['example_skip_dag']) retrieved from /home/airflow/.local/lib/python3.7/site-packages/airflow/example_dags/example_skip_dag.py
[2022-09-28 17:27:23,320] {logging_mixin.py:115} INFO - [2022-09-28 17:27:23,320] {dag.py:2420} INFO - Sync 1 DAGs
[2022-09-28 17:27:23,351] {logging_mixin.py:115} INFO - [2022-09-28 17:27:23,351] {dag.py:2972} INFO - Setting next_dagrun for example_skip_dag to 2022-09-27T17:27:23.350756+00:00, run_after=2022-09-28T17:27:23.350756+00:00
[2022-09-28 17:27:23,368] {processor.py:161} INFO - Processing /home/airflow/.local/lib/python3.7/site-packages/airflow/example_dags/example_skip_dag.py took 0.100 seconds
[2022-09-28 17:27:54,294] {processor.py:153} INFO - Started process (PID=2474) to work on /home/airflow/.local/lib/python3.7/site-packages/airflow/example_dags/example_skip_dag.py
[2022-09-28 17:27:54,299] {processor.py:641} INFO - Processing file /home/airflow/.local/lib/python3.7/site-packages/airflow/example_dags/example_skip_dag.py for tasks to queue
[2022-09-28 17:27:54,304] {logging_mixin.py:115} INFO - [2022-09-28 17:27:54,303] {dagbag.py:508} INFO - Filling up the DagBag from /home/airflow/.local/lib/python3.7/site-packages/airflow/example_dags/example_skip_dag.py
[2022-09-28 17:27:54,341] {processor.py:651} INFO - DAG(s) dict_keys(['example_skip_dag']) retrieved from /home/airflow/.local/lib/python3.7/site-packages/airflow/example_dags/example_skip_dag.py
[2022-09-28 17:27:54,444] {logging_mixin.py:115} INFO - [2022-09-28 17:27:54,443] {dag.py:2420} INFO - Sync 1 DAGs
[2022-09-28 17:27:54,521] {logging_mixin.py:115} INFO - [2022-09-28 17:27:54,520] {dag.py:2972} INFO - Setting next_dagrun for example_skip_dag to 2022-09-27T17:27:54.520013+00:00, run_after=2022-09-28T17:27:54.520013+00:00
[2022-09-28 17:27:54,559] {processor.py:161} INFO - Processing /home/airflow/.local/lib/python3.7/site-packages/airflow/example_dags/example_skip_dag.py took 0.276 seconds
[2022-09-28 17:28:25,460] {processor.py:153} INFO - Started process (PID=2535) to work on /home/airflow/.local/lib/python3.7/site-packages/airflow/example_dags/example_skip_dag.py
[2022-09-28 17:28:25,465] {processor.py:641} INFO - Processing file /home/airflow/.local/lib/python3.7/site-packages/airflow/example_dags/example_skip_dag.py for tasks to queue
[2022-09-28 17:28:25,467] {logging_mixin.py:115} INFO - [2022-09-28 17:28:25,467] {dagbag.py:508} INFO - Filling up the DagBag from /home/airflow/.local/lib/python3.7/site-packages/airflow/example_dags/example_skip_dag.py
[2022-09-28 17:28:25,475] {processor.py:651} INFO - DAG(s) dict_keys(['example_skip_dag']) retrieved from /home/airflow/.local/lib/python3.7/site-packages/airflow/example_dags/example_skip_dag.py
[2022-09-28 17:28:25,552] {logging_mixin.py:115} INFO - [2022-09-28 17:28:25,551] {dag.py:2420} INFO - Sync 1 DAGs
[2022-09-28 17:28:25,612] {logging_mixin.py:115} INFO - [2022-09-28 17:28:25,611] {dag.py:2972} INFO - Setting next_dagrun for example_skip_dag to 2022-09-27T17:28:25.611622+00:00, run_after=2022-09-28T17:28:25.611622+00:00
[2022-09-28 17:28:25,642] {processor.py:161} INFO - Processing /home/airflow/.local/lib/python3.7/site-packages/airflow/example_dags/example_skip_dag.py took 0.187 seconds
[2022-09-28 17:28:56,192] {processor.py:153} INFO - Started process (PID=2602) to work on /home/airflow/.local/lib/python3.7/site-packages/airflow/example_dags/example_skip_dag.py
[2022-09-28 17:28:56,193] {processor.py:641} INFO - Processing file /home/airflow/.local/lib/python3.7/site-packages/airflow/example_dags/example_skip_dag.py for tasks to queue
[2022-09-28 17:28:56,195] {logging_mixin.py:115} INFO - [2022-09-28 17:28:56,194] {dagbag.py:508} INFO - Filling up the DagBag from /home/airflow/.local/lib/python3.7/site-packages/airflow/example_dags/example_skip_dag.py
[2022-09-28 17:28:56,202] {processor.py:651} INFO - DAG(s) dict_keys(['example_skip_dag']) retrieved from /home/airflow/.local/lib/python3.7/site-packages/airflow/example_dags/example_skip_dag.py
[2022-09-28 17:28:56,250] {logging_mixin.py:115} INFO - [2022-09-28 17:28:56,250] {dag.py:2420} INFO - Sync 1 DAGs
[2022-09-28 17:28:56,284] {logging_mixin.py:115} INFO - [2022-09-28 17:28:56,283] {dag.py:2972} INFO - Setting next_dagrun for example_skip_dag to 2022-09-27T17:28:56.283642+00:00, run_after=2022-09-28T17:28:56.283642+00:00
[2022-09-28 17:28:56,301] {processor.py:161} INFO - Processing /home/airflow/.local/lib/python3.7/site-packages/airflow/example_dags/example_skip_dag.py took 0.114 seconds
[2022-09-28 17:29:26,916] {processor.py:153} INFO - Started process (PID=2657) to work on /home/airflow/.local/lib/python3.7/site-packages/airflow/example_dags/example_skip_dag.py
[2022-09-28 17:29:26,918] {processor.py:641} INFO - Processing file /home/airflow/.local/lib/python3.7/site-packages/airflow/example_dags/example_skip_dag.py for tasks to queue
[2022-09-28 17:29:26,920] {logging_mixin.py:115} INFO - [2022-09-28 17:29:26,919] {dagbag.py:508} INFO - Filling up the DagBag from /home/airflow/.local/lib/python3.7/site-packages/airflow/example_dags/example_skip_dag.py
[2022-09-28 17:29:26,928] {processor.py:651} INFO - DAG(s) dict_keys(['example_skip_dag']) retrieved from /home/airflow/.local/lib/python3.7/site-packages/airflow/example_dags/example_skip_dag.py
[2022-09-28 17:29:26,972] {logging_mixin.py:115} INFO - [2022-09-28 17:29:26,972] {dag.py:2420} INFO - Sync 1 DAGs
[2022-09-28 17:29:27,004] {logging_mixin.py:115} INFO - [2022-09-28 17:29:27,004] {dag.py:2972} INFO - Setting next_dagrun for example_skip_dag to 2022-09-27T17:29:27.003916+00:00, run_after=2022-09-28T17:29:27.003916+00:00
[2022-09-28 17:29:27,030] {processor.py:161} INFO - Processing /home/airflow/.local/lib/python3.7/site-packages/airflow/example_dags/example_skip_dag.py took 0.119 seconds
[2022-09-28 17:29:57,616] {processor.py:153} INFO - Started process (PID=2727) to work on /home/airflow/.local/lib/python3.7/site-packages/airflow/example_dags/example_skip_dag.py
[2022-09-28 17:29:57,623] {processor.py:641} INFO - Processing file /home/airflow/.local/lib/python3.7/site-packages/airflow/example_dags/example_skip_dag.py for tasks to queue
[2022-09-28 17:29:57,626] {logging_mixin.py:115} INFO - [2022-09-28 17:29:57,626] {dagbag.py:508} INFO - Filling up the DagBag from /home/airflow/.local/lib/python3.7/site-packages/airflow/example_dags/example_skip_dag.py
[2022-09-28 17:29:57,644] {processor.py:651} INFO - DAG(s) dict_keys(['example_skip_dag']) retrieved from /home/airflow/.local/lib/python3.7/site-packages/airflow/example_dags/example_skip_dag.py
[2022-09-28 17:29:57,707] {logging_mixin.py:115} INFO - [2022-09-28 17:29:57,707] {dag.py:2420} INFO - Sync 1 DAGs
[2022-09-28 17:29:57,752] {logging_mixin.py:115} INFO - [2022-09-28 17:29:57,752] {dag.py:2972} INFO - Setting next_dagrun for example_skip_dag to 2022-09-27T17:29:57.752186+00:00, run_after=2022-09-28T17:29:57.752186+00:00
[2022-09-28 17:29:57,783] {processor.py:161} INFO - Processing /home/airflow/.local/lib/python3.7/site-packages/airflow/example_dags/example_skip_dag.py took 0.176 seconds
[2022-09-28 17:30:28,090] {processor.py:153} INFO - Started process (PID=2794) to work on /home/airflow/.local/lib/python3.7/site-packages/airflow/example_dags/example_skip_dag.py
[2022-09-28 17:30:28,092] {processor.py:641} INFO - Processing file /home/airflow/.local/lib/python3.7/site-packages/airflow/example_dags/example_skip_dag.py for tasks to queue
[2022-09-28 17:30:28,093] {logging_mixin.py:115} INFO - [2022-09-28 17:30:28,093] {dagbag.py:508} INFO - Filling up the DagBag from /home/airflow/.local/lib/python3.7/site-packages/airflow/example_dags/example_skip_dag.py
[2022-09-28 17:30:28,101] {processor.py:651} INFO - DAG(s) dict_keys(['example_skip_dag']) retrieved from /home/airflow/.local/lib/python3.7/site-packages/airflow/example_dags/example_skip_dag.py
[2022-09-28 17:30:28,136] {logging_mixin.py:115} INFO - [2022-09-28 17:30:28,136] {dag.py:2420} INFO - Sync 1 DAGs
[2022-09-28 17:30:28,164] {logging_mixin.py:115} INFO - [2022-09-28 17:30:28,164] {dag.py:2972} INFO - Setting next_dagrun for example_skip_dag to 2022-09-27T17:30:28.164375+00:00, run_after=2022-09-28T17:30:28.164375+00:00
[2022-09-28 17:30:28,180] {processor.py:161} INFO - Processing /home/airflow/.local/lib/python3.7/site-packages/airflow/example_dags/example_skip_dag.py took 0.094 seconds
[2022-09-28 17:30:58,524] {processor.py:153} INFO - Started process (PID=2851) to work on /home/airflow/.local/lib/python3.7/site-packages/airflow/example_dags/example_skip_dag.py
[2022-09-28 17:30:58,526] {processor.py:641} INFO - Processing file /home/airflow/.local/lib/python3.7/site-packages/airflow/example_dags/example_skip_dag.py for tasks to queue
[2022-09-28 17:30:58,527] {logging_mixin.py:115} INFO - [2022-09-28 17:30:58,527] {dagbag.py:508} INFO - Filling up the DagBag from /home/airflow/.local/lib/python3.7/site-packages/airflow/example_dags/example_skip_dag.py
[2022-09-28 17:30:58,537] {processor.py:651} INFO - DAG(s) dict_keys(['example_skip_dag']) retrieved from /home/airflow/.local/lib/python3.7/site-packages/airflow/example_dags/example_skip_dag.py
[2022-09-28 17:30:58,571] {logging_mixin.py:115} INFO - [2022-09-28 17:30:58,571] {dag.py:2420} INFO - Sync 1 DAGs
[2022-09-28 17:30:58,602] {logging_mixin.py:115} INFO - [2022-09-28 17:30:58,602] {dag.py:2972} INFO - Setting next_dagrun for example_skip_dag to 2022-09-27T17:30:58.601790+00:00, run_after=2022-09-28T17:30:58.601790+00:00
[2022-09-28 17:30:58,620] {processor.py:161} INFO - Processing /home/airflow/.local/lib/python3.7/site-packages/airflow/example_dags/example_skip_dag.py took 0.100 seconds
[2022-09-28 17:36:46,814] {processor.py:153} INFO - Started process (PID=127) to work on /home/airflow/.local/lib/python3.7/site-packages/airflow/example_dags/example_skip_dag.py
[2022-09-28 17:36:46,819] {processor.py:641} INFO - Processing file /home/airflow/.local/lib/python3.7/site-packages/airflow/example_dags/example_skip_dag.py for tasks to queue
[2022-09-28 17:36:46,833] {logging_mixin.py:115} INFO - [2022-09-28 17:36:46,833] {dagbag.py:508} INFO - Filling up the DagBag from /home/airflow/.local/lib/python3.7/site-packages/airflow/example_dags/example_skip_dag.py
[2022-09-28 17:36:46,854] {processor.py:651} INFO - DAG(s) dict_keys(['example_skip_dag']) retrieved from /home/airflow/.local/lib/python3.7/site-packages/airflow/example_dags/example_skip_dag.py
[2022-09-28 17:36:47,372] {logging_mixin.py:115} INFO - [2022-09-28 17:36:47,371] {manager.py:508} INFO - Created Permission View: can read on DAG:example_skip_dag
[2022-09-28 17:36:47,402] {logging_mixin.py:115} INFO - [2022-09-28 17:36:47,402] {manager.py:508} INFO - Created Permission View: can delete on DAG:example_skip_dag
[2022-09-28 17:36:47,422] {logging_mixin.py:115} INFO - [2022-09-28 17:36:47,421] {manager.py:508} INFO - Created Permission View: can edit on DAG:example_skip_dag
[2022-09-28 17:36:47,423] {logging_mixin.py:115} INFO - [2022-09-28 17:36:47,423] {dag.py:2420} INFO - Sync 1 DAGs
[2022-09-28 17:36:47,445] {logging_mixin.py:115} INFO - [2022-09-28 17:36:47,445] {dag.py:2439} INFO - Creating ORM DAG for example_skip_dag
[2022-09-28 17:36:47,484] {logging_mixin.py:115} INFO - [2022-09-28 17:36:47,484] {dag.py:2972} INFO - Setting next_dagrun for example_skip_dag to 2022-09-27T17:36:47.483763+00:00, run_after=2022-09-28T17:36:47.483763+00:00
[2022-09-28 17:36:47,523] {processor.py:161} INFO - Processing /home/airflow/.local/lib/python3.7/site-packages/airflow/example_dags/example_skip_dag.py took 0.716 seconds
[2022-09-28 17:37:17,680] {processor.py:153} INFO - Started process (PID=192) to work on /home/airflow/.local/lib/python3.7/site-packages/airflow/example_dags/example_skip_dag.py
[2022-09-28 17:37:17,681] {processor.py:641} INFO - Processing file /home/airflow/.local/lib/python3.7/site-packages/airflow/example_dags/example_skip_dag.py for tasks to queue
[2022-09-28 17:37:17,683] {logging_mixin.py:115} INFO - [2022-09-28 17:37:17,682] {dagbag.py:508} INFO - Filling up the DagBag from /home/airflow/.local/lib/python3.7/site-packages/airflow/example_dags/example_skip_dag.py
[2022-09-28 17:37:17,693] {processor.py:651} INFO - DAG(s) dict_keys(['example_skip_dag']) retrieved from /home/airflow/.local/lib/python3.7/site-packages/airflow/example_dags/example_skip_dag.py
[2022-09-28 17:37:17,883] {logging_mixin.py:115} INFO - [2022-09-28 17:37:17,883] {dag.py:2420} INFO - Sync 1 DAGs
[2022-09-28 17:37:17,917] {logging_mixin.py:115} INFO - [2022-09-28 17:37:17,917] {dag.py:2972} INFO - Setting next_dagrun for example_skip_dag to 2022-09-27T17:37:17.917029+00:00, run_after=2022-09-28T17:37:17.917029+00:00
[2022-09-28 17:37:17,937] {processor.py:161} INFO - Processing /home/airflow/.local/lib/python3.7/site-packages/airflow/example_dags/example_skip_dag.py took 0.265 seconds
[2022-09-28 17:37:48,230] {processor.py:153} INFO - Started process (PID=249) to work on /home/airflow/.local/lib/python3.7/site-packages/airflow/example_dags/example_skip_dag.py
[2022-09-28 17:37:48,233] {processor.py:641} INFO - Processing file /home/airflow/.local/lib/python3.7/site-packages/airflow/example_dags/example_skip_dag.py for tasks to queue
[2022-09-28 17:37:48,234] {logging_mixin.py:115} INFO - [2022-09-28 17:37:48,234] {dagbag.py:508} INFO - Filling up the DagBag from /home/airflow/.local/lib/python3.7/site-packages/airflow/example_dags/example_skip_dag.py
[2022-09-28 17:37:48,243] {processor.py:651} INFO - DAG(s) dict_keys(['example_skip_dag']) retrieved from /home/airflow/.local/lib/python3.7/site-packages/airflow/example_dags/example_skip_dag.py
[2022-09-28 17:37:48,418] {logging_mixin.py:115} INFO - [2022-09-28 17:37:48,418] {dag.py:2420} INFO - Sync 1 DAGs
[2022-09-28 17:37:48,442] {logging_mixin.py:115} INFO - [2022-09-28 17:37:48,442] {dag.py:2972} INFO - Setting next_dagrun for example_skip_dag to 2022-09-27T17:37:48.442609+00:00, run_after=2022-09-28T17:37:48.442609+00:00
[2022-09-28 17:37:48,459] {processor.py:161} INFO - Processing /home/airflow/.local/lib/python3.7/site-packages/airflow/example_dags/example_skip_dag.py took 0.233 seconds
[2022-09-28 17:38:31,591] {processor.py:153} INFO - Started process (PID=322) to work on /home/airflow/.local/lib/python3.7/site-packages/airflow/example_dags/example_skip_dag.py
[2022-09-28 17:38:31,594] {processor.py:641} INFO - Processing file /home/airflow/.local/lib/python3.7/site-packages/airflow/example_dags/example_skip_dag.py for tasks to queue
[2022-09-28 17:38:31,599] {logging_mixin.py:115} INFO - [2022-09-28 17:38:31,598] {dagbag.py:508} INFO - Filling up the DagBag from /home/airflow/.local/lib/python3.7/site-packages/airflow/example_dags/example_skip_dag.py
[2022-09-28 17:38:31,617] {processor.py:651} INFO - DAG(s) dict_keys(['example_skip_dag']) retrieved from /home/airflow/.local/lib/python3.7/site-packages/airflow/example_dags/example_skip_dag.py
[2022-09-28 17:38:31,928] {logging_mixin.py:115} INFO - [2022-09-28 17:38:31,928] {dag.py:2420} INFO - Sync 1 DAGs
[2022-09-28 17:38:31,968] {logging_mixin.py:115} INFO - [2022-09-28 17:38:31,967] {dag.py:2972} INFO - Setting next_dagrun for example_skip_dag to 2022-09-27T17:38:31.967416+00:00, run_after=2022-09-28T17:38:31.967416+00:00
[2022-09-28 17:38:32,001] {processor.py:161} INFO - Processing /home/airflow/.local/lib/python3.7/site-packages/airflow/example_dags/example_skip_dag.py took 0.423 seconds
[2022-09-28 17:39:02,570] {processor.py:153} INFO - Started process (PID=388) to work on /home/airflow/.local/lib/python3.7/site-packages/airflow/example_dags/example_skip_dag.py
[2022-09-28 17:39:02,571] {processor.py:641} INFO - Processing file /home/airflow/.local/lib/python3.7/site-packages/airflow/example_dags/example_skip_dag.py for tasks to queue
[2022-09-28 17:39:02,573] {logging_mixin.py:115} INFO - [2022-09-28 17:39:02,573] {dagbag.py:508} INFO - Filling up the DagBag from /home/airflow/.local/lib/python3.7/site-packages/airflow/example_dags/example_skip_dag.py
[2022-09-28 17:39:02,581] {processor.py:651} INFO - DAG(s) dict_keys(['example_skip_dag']) retrieved from /home/airflow/.local/lib/python3.7/site-packages/airflow/example_dags/example_skip_dag.py
[2022-09-28 17:39:02,770] {logging_mixin.py:115} INFO - [2022-09-28 17:39:02,770] {dag.py:2420} INFO - Sync 1 DAGs
[2022-09-28 17:39:02,797] {logging_mixin.py:115} INFO - [2022-09-28 17:39:02,797] {dag.py:2972} INFO - Setting next_dagrun for example_skip_dag to 2022-09-27T17:39:02.797148+00:00, run_after=2022-09-28T17:39:02.797148+00:00
[2022-09-28 17:39:02,814] {processor.py:161} INFO - Processing /home/airflow/.local/lib/python3.7/site-packages/airflow/example_dags/example_skip_dag.py took 0.250 seconds
