[2022-09-28 16:54:11,214] {processor.py:153} INFO - Started process (PID=171) to work on /home/airflow/.local/lib/python3.7/site-packages/airflow/example_dags/example_branch_day_of_week_operator.py
[2022-09-28 16:54:11,235] {processor.py:641} INFO - Processing file /home/airflow/.local/lib/python3.7/site-packages/airflow/example_dags/example_branch_day_of_week_operator.py for tasks to queue
[2022-09-28 16:54:11,254] {logging_mixin.py:115} INFO - [2022-09-28 16:54:11,254] {dagbag.py:508} INFO - Filling up the DagBag from /home/airflow/.local/lib/python3.7/site-packages/airflow/example_dags/example_branch_day_of_week_operator.py
[2022-09-28 16:54:12,122] {processor.py:651} INFO - DAG(s) dict_keys(['example_weekday_branch_operator']) retrieved from /home/airflow/.local/lib/python3.7/site-packages/airflow/example_dags/example_branch_day_of_week_operator.py
[2022-09-28 16:54:12,173] {logging_mixin.py:115} INFO - [2022-09-28 16:54:12,173] {dag.py:2420} INFO - Sync 1 DAGs
[2022-09-28 16:54:12,221] {logging_mixin.py:115} INFO - [2022-09-28 16:54:12,220] {dag.py:2972} INFO - Setting next_dagrun for example_weekday_branch_operator to 2022-09-27T00:00:00+00:00, run_after=2022-09-28T00:00:00+00:00
[2022-09-28 16:54:12,256] {processor.py:161} INFO - Processing /home/airflow/.local/lib/python3.7/site-packages/airflow/example_dags/example_branch_day_of_week_operator.py took 1.066 seconds
[2022-09-28 16:54:42,865] {processor.py:153} INFO - Started process (PID=228) to work on /home/airflow/.local/lib/python3.7/site-packages/airflow/example_dags/example_branch_day_of_week_operator.py
[2022-09-28 16:54:42,866] {processor.py:641} INFO - Processing file /home/airflow/.local/lib/python3.7/site-packages/airflow/example_dags/example_branch_day_of_week_operator.py for tasks to queue
[2022-09-28 16:54:42,868] {logging_mixin.py:115} INFO - [2022-09-28 16:54:42,868] {dagbag.py:508} INFO - Filling up the DagBag from /home/airflow/.local/lib/python3.7/site-packages/airflow/example_dags/example_branch_day_of_week_operator.py
[2022-09-28 16:54:43,039] {processor.py:651} INFO - DAG(s) dict_keys(['example_weekday_branch_operator']) retrieved from /home/airflow/.local/lib/python3.7/site-packages/airflow/example_dags/example_branch_day_of_week_operator.py
[2022-09-28 16:54:43,085] {logging_mixin.py:115} INFO - [2022-09-28 16:54:43,084] {dag.py:2420} INFO - Sync 1 DAGs
[2022-09-28 16:54:43,115] {logging_mixin.py:115} INFO - [2022-09-28 16:54:43,115] {dag.py:2972} INFO - Setting next_dagrun for example_weekday_branch_operator to 2022-09-27T00:00:00+00:00, run_after=2022-09-28T00:00:00+00:00
[2022-09-28 16:54:43,134] {processor.py:161} INFO - Processing /home/airflow/.local/lib/python3.7/site-packages/airflow/example_dags/example_branch_day_of_week_operator.py took 0.277 seconds
[2022-09-28 16:55:13,937] {processor.py:153} INFO - Started process (PID=293) to work on /home/airflow/.local/lib/python3.7/site-packages/airflow/example_dags/example_branch_day_of_week_operator.py
[2022-09-28 16:55:13,938] {processor.py:641} INFO - Processing file /home/airflow/.local/lib/python3.7/site-packages/airflow/example_dags/example_branch_day_of_week_operator.py for tasks to queue
[2022-09-28 16:55:13,941] {logging_mixin.py:115} INFO - [2022-09-28 16:55:13,940] {dagbag.py:508} INFO - Filling up the DagBag from /home/airflow/.local/lib/python3.7/site-packages/airflow/example_dags/example_branch_day_of_week_operator.py
[2022-09-28 16:55:14,218] {processor.py:651} INFO - DAG(s) dict_keys(['example_weekday_branch_operator']) retrieved from /home/airflow/.local/lib/python3.7/site-packages/airflow/example_dags/example_branch_day_of_week_operator.py
[2022-09-28 16:55:14,287] {logging_mixin.py:115} INFO - [2022-09-28 16:55:14,286] {dag.py:2420} INFO - Sync 1 DAGs
[2022-09-28 16:55:14,368] {logging_mixin.py:115} INFO - [2022-09-28 16:55:14,368] {dag.py:2972} INFO - Setting next_dagrun for example_weekday_branch_operator to 2022-09-27T00:00:00+00:00, run_after=2022-09-28T00:00:00+00:00
[2022-09-28 16:55:14,408] {processor.py:161} INFO - Processing /home/airflow/.local/lib/python3.7/site-packages/airflow/example_dags/example_branch_day_of_week_operator.py took 0.477 seconds
[2022-09-28 16:55:45,126] {processor.py:153} INFO - Started process (PID=350) to work on /home/airflow/.local/lib/python3.7/site-packages/airflow/example_dags/example_branch_day_of_week_operator.py
[2022-09-28 16:55:45,133] {processor.py:641} INFO - Processing file /home/airflow/.local/lib/python3.7/site-packages/airflow/example_dags/example_branch_day_of_week_operator.py for tasks to queue
[2022-09-28 16:55:45,138] {logging_mixin.py:115} INFO - [2022-09-28 16:55:45,138] {dagbag.py:508} INFO - Filling up the DagBag from /home/airflow/.local/lib/python3.7/site-packages/airflow/example_dags/example_branch_day_of_week_operator.py
[2022-09-28 16:55:45,422] {processor.py:651} INFO - DAG(s) dict_keys(['example_weekday_branch_operator']) retrieved from /home/airflow/.local/lib/python3.7/site-packages/airflow/example_dags/example_branch_day_of_week_operator.py
[2022-09-28 16:55:45,472] {logging_mixin.py:115} INFO - [2022-09-28 16:55:45,471] {dag.py:2420} INFO - Sync 1 DAGs
[2022-09-28 16:55:45,509] {logging_mixin.py:115} INFO - [2022-09-28 16:55:45,509] {dag.py:2972} INFO - Setting next_dagrun for example_weekday_branch_operator to 2022-09-27T00:00:00+00:00, run_after=2022-09-28T00:00:00+00:00
[2022-09-28 16:55:45,538] {processor.py:161} INFO - Processing /home/airflow/.local/lib/python3.7/site-packages/airflow/example_dags/example_branch_day_of_week_operator.py took 0.429 seconds
[2022-09-28 16:56:15,951] {processor.py:153} INFO - Started process (PID=416) to work on /home/airflow/.local/lib/python3.7/site-packages/airflow/example_dags/example_branch_day_of_week_operator.py
[2022-09-28 16:56:15,953] {processor.py:641} INFO - Processing file /home/airflow/.local/lib/python3.7/site-packages/airflow/example_dags/example_branch_day_of_week_operator.py for tasks to queue
[2022-09-28 16:56:15,955] {logging_mixin.py:115} INFO - [2022-09-28 16:56:15,955] {dagbag.py:508} INFO - Filling up the DagBag from /home/airflow/.local/lib/python3.7/site-packages/airflow/example_dags/example_branch_day_of_week_operator.py
[2022-09-28 16:56:16,890] {processor.py:651} INFO - DAG(s) dict_keys(['example_weekday_branch_operator']) retrieved from /home/airflow/.local/lib/python3.7/site-packages/airflow/example_dags/example_branch_day_of_week_operator.py
[2022-09-28 16:56:16,962] {logging_mixin.py:115} INFO - [2022-09-28 16:56:16,962] {dag.py:2420} INFO - Sync 1 DAGs
[2022-09-28 16:56:17,003] {logging_mixin.py:115} INFO - [2022-09-28 16:56:17,002] {dag.py:2972} INFO - Setting next_dagrun for example_weekday_branch_operator to 2022-09-27T00:00:00+00:00, run_after=2022-09-28T00:00:00+00:00
[2022-09-28 16:56:17,028] {processor.py:161} INFO - Processing /home/airflow/.local/lib/python3.7/site-packages/airflow/example_dags/example_branch_day_of_week_operator.py took 1.083 seconds
[2022-09-28 16:56:47,180] {processor.py:153} INFO - Started process (PID=471) to work on /home/airflow/.local/lib/python3.7/site-packages/airflow/example_dags/example_branch_day_of_week_operator.py
[2022-09-28 16:56:47,182] {processor.py:641} INFO - Processing file /home/airflow/.local/lib/python3.7/site-packages/airflow/example_dags/example_branch_day_of_week_operator.py for tasks to queue
[2022-09-28 16:56:47,183] {logging_mixin.py:115} INFO - [2022-09-28 16:56:47,183] {dagbag.py:508} INFO - Filling up the DagBag from /home/airflow/.local/lib/python3.7/site-packages/airflow/example_dags/example_branch_day_of_week_operator.py
[2022-09-28 16:56:47,352] {processor.py:651} INFO - DAG(s) dict_keys(['example_weekday_branch_operator']) retrieved from /home/airflow/.local/lib/python3.7/site-packages/airflow/example_dags/example_branch_day_of_week_operator.py
[2022-09-28 16:56:47,377] {logging_mixin.py:115} INFO - [2022-09-28 16:56:47,376] {dag.py:2420} INFO - Sync 1 DAGs
[2022-09-28 16:56:47,402] {logging_mixin.py:115} INFO - [2022-09-28 16:56:47,401] {dag.py:2972} INFO - Setting next_dagrun for example_weekday_branch_operator to 2022-09-27T00:00:00+00:00, run_after=2022-09-28T00:00:00+00:00
[2022-09-28 16:56:47,417] {processor.py:161} INFO - Processing /home/airflow/.local/lib/python3.7/site-packages/airflow/example_dags/example_branch_day_of_week_operator.py took 0.241 seconds
[2022-09-28 16:57:28,479] {processor.py:153} INFO - Started process (PID=527) to work on /home/airflow/.local/lib/python3.7/site-packages/airflow/example_dags/example_branch_day_of_week_operator.py
[2022-09-28 16:57:28,486] {processor.py:641} INFO - Processing file /home/airflow/.local/lib/python3.7/site-packages/airflow/example_dags/example_branch_day_of_week_operator.py for tasks to queue
[2022-09-28 16:57:28,489] {logging_mixin.py:115} INFO - [2022-09-28 16:57:28,489] {dagbag.py:508} INFO - Filling up the DagBag from /home/airflow/.local/lib/python3.7/site-packages/airflow/example_dags/example_branch_day_of_week_operator.py
[2022-09-28 16:57:28,681] {processor.py:651} INFO - DAG(s) dict_keys(['example_weekday_branch_operator']) retrieved from /home/airflow/.local/lib/python3.7/site-packages/airflow/example_dags/example_branch_day_of_week_operator.py
[2022-09-28 16:57:28,732] {logging_mixin.py:115} INFO - [2022-09-28 16:57:28,732] {dag.py:2420} INFO - Sync 1 DAGs
[2022-09-28 16:57:28,769] {logging_mixin.py:115} INFO - [2022-09-28 16:57:28,768] {dag.py:2972} INFO - Setting next_dagrun for example_weekday_branch_operator to 2022-09-27T00:00:00+00:00, run_after=2022-09-28T00:00:00+00:00
[2022-09-28 16:57:28,809] {processor.py:161} INFO - Processing /home/airflow/.local/lib/python3.7/site-packages/airflow/example_dags/example_branch_day_of_week_operator.py took 0.336 seconds
[2022-09-28 16:58:04,997] {processor.py:153} INFO - Started process (PID=594) to work on /home/airflow/.local/lib/python3.7/site-packages/airflow/example_dags/example_branch_day_of_week_operator.py
[2022-09-28 16:58:04,999] {processor.py:641} INFO - Processing file /home/airflow/.local/lib/python3.7/site-packages/airflow/example_dags/example_branch_day_of_week_operator.py for tasks to queue
[2022-09-28 16:58:05,001] {logging_mixin.py:115} INFO - [2022-09-28 16:58:05,001] {dagbag.py:508} INFO - Filling up the DagBag from /home/airflow/.local/lib/python3.7/site-packages/airflow/example_dags/example_branch_day_of_week_operator.py
[2022-09-28 16:58:05,212] {processor.py:651} INFO - DAG(s) dict_keys(['example_weekday_branch_operator']) retrieved from /home/airflow/.local/lib/python3.7/site-packages/airflow/example_dags/example_branch_day_of_week_operator.py
[2022-09-28 16:58:05,302] {logging_mixin.py:115} INFO - [2022-09-28 16:58:05,301] {dag.py:2420} INFO - Sync 1 DAGs
[2022-09-28 16:58:05,371] {logging_mixin.py:115} INFO - [2022-09-28 16:58:05,370] {dag.py:2972} INFO - Setting next_dagrun for example_weekday_branch_operator to 2022-09-27T00:00:00+00:00, run_after=2022-09-28T00:00:00+00:00
[2022-09-28 16:58:05,423] {processor.py:161} INFO - Processing /home/airflow/.local/lib/python3.7/site-packages/airflow/example_dags/example_branch_day_of_week_operator.py took 0.436 seconds
[2022-09-28 16:58:36,967] {processor.py:153} INFO - Started process (PID=648) to work on /home/airflow/.local/lib/python3.7/site-packages/airflow/example_dags/example_branch_day_of_week_operator.py
[2022-09-28 16:58:36,979] {processor.py:641} INFO - Processing file /home/airflow/.local/lib/python3.7/site-packages/airflow/example_dags/example_branch_day_of_week_operator.py for tasks to queue
[2022-09-28 16:58:36,981] {logging_mixin.py:115} INFO - [2022-09-28 16:58:36,981] {dagbag.py:508} INFO - Filling up the DagBag from /home/airflow/.local/lib/python3.7/site-packages/airflow/example_dags/example_branch_day_of_week_operator.py
[2022-09-28 16:58:37,026] {processor.py:651} INFO - DAG(s) dict_keys(['example_weekday_branch_operator']) retrieved from /home/airflow/.local/lib/python3.7/site-packages/airflow/example_dags/example_branch_day_of_week_operator.py
[2022-09-28 16:58:37,131] {logging_mixin.py:115} INFO - [2022-09-28 16:58:37,131] {dag.py:2420} INFO - Sync 1 DAGs
[2022-09-28 16:58:37,209] {logging_mixin.py:115} INFO - [2022-09-28 16:58:37,209] {dag.py:2972} INFO - Setting next_dagrun for example_weekday_branch_operator to 2022-09-27T00:00:00+00:00, run_after=2022-09-28T00:00:00+00:00
[2022-09-28 16:58:37,271] {processor.py:161} INFO - Processing /home/airflow/.local/lib/python3.7/site-packages/airflow/example_dags/example_branch_day_of_week_operator.py took 0.324 seconds
[2022-09-28 16:59:07,579] {processor.py:153} INFO - Started process (PID=706) to work on /home/airflow/.local/lib/python3.7/site-packages/airflow/example_dags/example_branch_day_of_week_operator.py
[2022-09-28 16:59:07,582] {processor.py:641} INFO - Processing file /home/airflow/.local/lib/python3.7/site-packages/airflow/example_dags/example_branch_day_of_week_operator.py for tasks to queue
[2022-09-28 16:59:07,585] {logging_mixin.py:115} INFO - [2022-09-28 16:59:07,584] {dagbag.py:508} INFO - Filling up the DagBag from /home/airflow/.local/lib/python3.7/site-packages/airflow/example_dags/example_branch_day_of_week_operator.py
[2022-09-28 16:59:07,610] {processor.py:651} INFO - DAG(s) dict_keys(['example_weekday_branch_operator']) retrieved from /home/airflow/.local/lib/python3.7/site-packages/airflow/example_dags/example_branch_day_of_week_operator.py
[2022-09-28 16:59:07,692] {logging_mixin.py:115} INFO - [2022-09-28 16:59:07,692] {dag.py:2420} INFO - Sync 1 DAGs
[2022-09-28 16:59:07,761] {logging_mixin.py:115} INFO - [2022-09-28 16:59:07,761] {dag.py:2972} INFO - Setting next_dagrun for example_weekday_branch_operator to 2022-09-27T00:00:00+00:00, run_after=2022-09-28T00:00:00+00:00
[2022-09-28 16:59:07,797] {processor.py:161} INFO - Processing /home/airflow/.local/lib/python3.7/site-packages/airflow/example_dags/example_branch_day_of_week_operator.py took 0.226 seconds
[2022-09-28 17:08:34,601] {processor.py:153} INFO - Started process (PID=150) to work on /home/airflow/.local/lib/python3.7/site-packages/airflow/example_dags/example_branch_day_of_week_operator.py
[2022-09-28 17:08:34,603] {processor.py:641} INFO - Processing file /home/airflow/.local/lib/python3.7/site-packages/airflow/example_dags/example_branch_day_of_week_operator.py for tasks to queue
[2022-09-28 17:08:34,606] {logging_mixin.py:115} INFO - [2022-09-28 17:08:34,606] {dagbag.py:508} INFO - Filling up the DagBag from /home/airflow/.local/lib/python3.7/site-packages/airflow/example_dags/example_branch_day_of_week_operator.py
[2022-09-28 17:08:34,634] {processor.py:651} INFO - DAG(s) dict_keys(['example_weekday_branch_operator']) retrieved from /home/airflow/.local/lib/python3.7/site-packages/airflow/example_dags/example_branch_day_of_week_operator.py
[2022-09-28 17:08:35,310] {logging_mixin.py:115} INFO - [2022-09-28 17:08:35,310] {manager.py:508} INFO - Created Permission View: can read on DAG:example_weekday_branch_operator
[2022-09-28 17:08:35,355] {logging_mixin.py:115} INFO - [2022-09-28 17:08:35,355] {manager.py:508} INFO - Created Permission View: can delete on DAG:example_weekday_branch_operator
[2022-09-28 17:08:35,379] {logging_mixin.py:115} INFO - [2022-09-28 17:08:35,378] {manager.py:508} INFO - Created Permission View: can edit on DAG:example_weekday_branch_operator
[2022-09-28 17:08:35,380] {logging_mixin.py:115} INFO - [2022-09-28 17:08:35,380] {dag.py:2420} INFO - Sync 1 DAGs
[2022-09-28 17:08:35,411] {logging_mixin.py:115} INFO - [2022-09-28 17:08:35,411] {dag.py:2439} INFO - Creating ORM DAG for example_weekday_branch_operator
[2022-09-28 17:08:35,445] {logging_mixin.py:115} INFO - [2022-09-28 17:08:35,444] {dag.py:2972} INFO - Setting next_dagrun for example_weekday_branch_operator to 2022-09-27T00:00:00+00:00, run_after=2022-09-28T00:00:00+00:00
[2022-09-28 17:08:35,483] {processor.py:161} INFO - Processing /home/airflow/.local/lib/python3.7/site-packages/airflow/example_dags/example_branch_day_of_week_operator.py took 0.907 seconds
[2022-09-28 17:09:06,019] {processor.py:153} INFO - Started process (PID=206) to work on /home/airflow/.local/lib/python3.7/site-packages/airflow/example_dags/example_branch_day_of_week_operator.py
[2022-09-28 17:09:06,021] {processor.py:641} INFO - Processing file /home/airflow/.local/lib/python3.7/site-packages/airflow/example_dags/example_branch_day_of_week_operator.py for tasks to queue
[2022-09-28 17:09:06,024] {logging_mixin.py:115} INFO - [2022-09-28 17:09:06,024] {dagbag.py:508} INFO - Filling up the DagBag from /home/airflow/.local/lib/python3.7/site-packages/airflow/example_dags/example_branch_day_of_week_operator.py
[2022-09-28 17:09:06,035] {processor.py:651} INFO - DAG(s) dict_keys(['example_weekday_branch_operator']) retrieved from /home/airflow/.local/lib/python3.7/site-packages/airflow/example_dags/example_branch_day_of_week_operator.py
[2022-09-28 17:09:06,215] {logging_mixin.py:115} INFO - [2022-09-28 17:09:06,215] {dag.py:2420} INFO - Sync 1 DAGs
[2022-09-28 17:09:06,246] {logging_mixin.py:115} INFO - [2022-09-28 17:09:06,246] {dag.py:2972} INFO - Setting next_dagrun for example_weekday_branch_operator to 2022-09-27T00:00:00+00:00, run_after=2022-09-28T00:00:00+00:00
[2022-09-28 17:09:06,264] {processor.py:161} INFO - Processing /home/airflow/.local/lib/python3.7/site-packages/airflow/example_dags/example_branch_day_of_week_operator.py took 0.252 seconds
[2022-09-28 17:09:36,452] {processor.py:153} INFO - Started process (PID=273) to work on /home/airflow/.local/lib/python3.7/site-packages/airflow/example_dags/example_branch_day_of_week_operator.py
[2022-09-28 17:09:36,453] {processor.py:641} INFO - Processing file /home/airflow/.local/lib/python3.7/site-packages/airflow/example_dags/example_branch_day_of_week_operator.py for tasks to queue
[2022-09-28 17:09:36,454] {logging_mixin.py:115} INFO - [2022-09-28 17:09:36,454] {dagbag.py:508} INFO - Filling up the DagBag from /home/airflow/.local/lib/python3.7/site-packages/airflow/example_dags/example_branch_day_of_week_operator.py
[2022-09-28 17:09:36,466] {processor.py:651} INFO - DAG(s) dict_keys(['example_weekday_branch_operator']) retrieved from /home/airflow/.local/lib/python3.7/site-packages/airflow/example_dags/example_branch_day_of_week_operator.py
[2022-09-28 17:09:36,641] {logging_mixin.py:115} INFO - [2022-09-28 17:09:36,641] {dag.py:2420} INFO - Sync 1 DAGs
[2022-09-28 17:09:36,664] {logging_mixin.py:115} INFO - [2022-09-28 17:09:36,664] {dag.py:2972} INFO - Setting next_dagrun for example_weekday_branch_operator to 2022-09-27T00:00:00+00:00, run_after=2022-09-28T00:00:00+00:00
[2022-09-28 17:09:36,684] {processor.py:161} INFO - Processing /home/airflow/.local/lib/python3.7/site-packages/airflow/example_dags/example_branch_day_of_week_operator.py took 0.236 seconds
[2022-09-28 17:10:06,971] {processor.py:153} INFO - Started process (PID=338) to work on /home/airflow/.local/lib/python3.7/site-packages/airflow/example_dags/example_branch_day_of_week_operator.py
[2022-09-28 17:10:06,973] {processor.py:641} INFO - Processing file /home/airflow/.local/lib/python3.7/site-packages/airflow/example_dags/example_branch_day_of_week_operator.py for tasks to queue
[2022-09-28 17:10:06,975] {logging_mixin.py:115} INFO - [2022-09-28 17:10:06,975] {dagbag.py:508} INFO - Filling up the DagBag from /home/airflow/.local/lib/python3.7/site-packages/airflow/example_dags/example_branch_day_of_week_operator.py
[2022-09-28 17:10:07,000] {processor.py:651} INFO - DAG(s) dict_keys(['example_weekday_branch_operator']) retrieved from /home/airflow/.local/lib/python3.7/site-packages/airflow/example_dags/example_branch_day_of_week_operator.py
[2022-09-28 17:10:07,191] {logging_mixin.py:115} INFO - [2022-09-28 17:10:07,191] {dag.py:2420} INFO - Sync 1 DAGs
[2022-09-28 17:10:07,230] {logging_mixin.py:115} INFO - [2022-09-28 17:10:07,229] {dag.py:2972} INFO - Setting next_dagrun for example_weekday_branch_operator to 2022-09-27T00:00:00+00:00, run_after=2022-09-28T00:00:00+00:00
[2022-09-28 17:10:07,253] {processor.py:161} INFO - Processing /home/airflow/.local/lib/python3.7/site-packages/airflow/example_dags/example_branch_day_of_week_operator.py took 0.288 seconds
[2022-09-28 17:10:37,851] {processor.py:153} INFO - Started process (PID=394) to work on /home/airflow/.local/lib/python3.7/site-packages/airflow/example_dags/example_branch_day_of_week_operator.py
[2022-09-28 17:10:37,853] {processor.py:641} INFO - Processing file /home/airflow/.local/lib/python3.7/site-packages/airflow/example_dags/example_branch_day_of_week_operator.py for tasks to queue
[2022-09-28 17:10:37,855] {logging_mixin.py:115} INFO - [2022-09-28 17:10:37,855] {dagbag.py:508} INFO - Filling up the DagBag from /home/airflow/.local/lib/python3.7/site-packages/airflow/example_dags/example_branch_day_of_week_operator.py
[2022-09-28 17:10:37,873] {processor.py:651} INFO - DAG(s) dict_keys(['example_weekday_branch_operator']) retrieved from /home/airflow/.local/lib/python3.7/site-packages/airflow/example_dags/example_branch_day_of_week_operator.py
[2022-09-28 17:10:38,064] {logging_mixin.py:115} INFO - [2022-09-28 17:10:38,064] {dag.py:2420} INFO - Sync 1 DAGs
[2022-09-28 17:10:38,097] {logging_mixin.py:115} INFO - [2022-09-28 17:10:38,097] {dag.py:2972} INFO - Setting next_dagrun for example_weekday_branch_operator to 2022-09-27T00:00:00+00:00, run_after=2022-09-28T00:00:00+00:00
[2022-09-28 17:10:38,120] {processor.py:161} INFO - Processing /home/airflow/.local/lib/python3.7/site-packages/airflow/example_dags/example_branch_day_of_week_operator.py took 0.275 seconds
[2022-09-28 17:11:08,183] {processor.py:153} INFO - Started process (PID=459) to work on /home/airflow/.local/lib/python3.7/site-packages/airflow/example_dags/example_branch_day_of_week_operator.py
[2022-09-28 17:11:08,184] {processor.py:641} INFO - Processing file /home/airflow/.local/lib/python3.7/site-packages/airflow/example_dags/example_branch_day_of_week_operator.py for tasks to queue
[2022-09-28 17:11:08,186] {logging_mixin.py:115} INFO - [2022-09-28 17:11:08,186] {dagbag.py:508} INFO - Filling up the DagBag from /home/airflow/.local/lib/python3.7/site-packages/airflow/example_dags/example_branch_day_of_week_operator.py
[2022-09-28 17:11:08,200] {processor.py:651} INFO - DAG(s) dict_keys(['example_weekday_branch_operator']) retrieved from /home/airflow/.local/lib/python3.7/site-packages/airflow/example_dags/example_branch_day_of_week_operator.py
[2022-09-28 17:11:08,419] {logging_mixin.py:115} INFO - [2022-09-28 17:11:08,419] {dag.py:2420} INFO - Sync 1 DAGs
[2022-09-28 17:11:08,457] {logging_mixin.py:115} INFO - [2022-09-28 17:11:08,457] {dag.py:2972} INFO - Setting next_dagrun for example_weekday_branch_operator to 2022-09-27T00:00:00+00:00, run_after=2022-09-28T00:00:00+00:00
[2022-09-28 17:11:08,487] {processor.py:161} INFO - Processing /home/airflow/.local/lib/python3.7/site-packages/airflow/example_dags/example_branch_day_of_week_operator.py took 0.310 seconds
[2022-09-28 17:11:39,017] {processor.py:153} INFO - Started process (PID=514) to work on /home/airflow/.local/lib/python3.7/site-packages/airflow/example_dags/example_branch_day_of_week_operator.py
[2022-09-28 17:11:39,019] {processor.py:641} INFO - Processing file /home/airflow/.local/lib/python3.7/site-packages/airflow/example_dags/example_branch_day_of_week_operator.py for tasks to queue
[2022-09-28 17:11:39,020] {logging_mixin.py:115} INFO - [2022-09-28 17:11:39,020] {dagbag.py:508} INFO - Filling up the DagBag from /home/airflow/.local/lib/python3.7/site-packages/airflow/example_dags/example_branch_day_of_week_operator.py
[2022-09-28 17:11:39,032] {processor.py:651} INFO - DAG(s) dict_keys(['example_weekday_branch_operator']) retrieved from /home/airflow/.local/lib/python3.7/site-packages/airflow/example_dags/example_branch_day_of_week_operator.py
[2022-09-28 17:11:39,229] {logging_mixin.py:115} INFO - [2022-09-28 17:11:39,229] {dag.py:2420} INFO - Sync 1 DAGs
[2022-09-28 17:11:39,270] {logging_mixin.py:115} INFO - [2022-09-28 17:11:39,270] {dag.py:2972} INFO - Setting next_dagrun for example_weekday_branch_operator to 2022-09-27T00:00:00+00:00, run_after=2022-09-28T00:00:00+00:00
[2022-09-28 17:11:39,291] {processor.py:161} INFO - Processing /home/airflow/.local/lib/python3.7/site-packages/airflow/example_dags/example_branch_day_of_week_operator.py took 0.277 seconds
[2022-09-28 17:12:09,638] {processor.py:153} INFO - Started process (PID=583) to work on /home/airflow/.local/lib/python3.7/site-packages/airflow/example_dags/example_branch_day_of_week_operator.py
[2022-09-28 17:12:09,641] {processor.py:641} INFO - Processing file /home/airflow/.local/lib/python3.7/site-packages/airflow/example_dags/example_branch_day_of_week_operator.py for tasks to queue
[2022-09-28 17:12:09,643] {logging_mixin.py:115} INFO - [2022-09-28 17:12:09,643] {dagbag.py:508} INFO - Filling up the DagBag from /home/airflow/.local/lib/python3.7/site-packages/airflow/example_dags/example_branch_day_of_week_operator.py
[2022-09-28 17:12:09,659] {processor.py:651} INFO - DAG(s) dict_keys(['example_weekday_branch_operator']) retrieved from /home/airflow/.local/lib/python3.7/site-packages/airflow/example_dags/example_branch_day_of_week_operator.py
[2022-09-28 17:12:09,824] {logging_mixin.py:115} INFO - [2022-09-28 17:12:09,824] {dag.py:2420} INFO - Sync 1 DAGs
[2022-09-28 17:12:09,851] {logging_mixin.py:115} INFO - [2022-09-28 17:12:09,851] {dag.py:2972} INFO - Setting next_dagrun for example_weekday_branch_operator to 2022-09-27T00:00:00+00:00, run_after=2022-09-28T00:00:00+00:00
[2022-09-28 17:12:09,866] {processor.py:161} INFO - Processing /home/airflow/.local/lib/python3.7/site-packages/airflow/example_dags/example_branch_day_of_week_operator.py took 0.233 seconds
[2022-09-28 17:12:40,227] {processor.py:153} INFO - Started process (PID=647) to work on /home/airflow/.local/lib/python3.7/site-packages/airflow/example_dags/example_branch_day_of_week_operator.py
[2022-09-28 17:12:40,229] {processor.py:641} INFO - Processing file /home/airflow/.local/lib/python3.7/site-packages/airflow/example_dags/example_branch_day_of_week_operator.py for tasks to queue
[2022-09-28 17:12:40,231] {logging_mixin.py:115} INFO - [2022-09-28 17:12:40,231] {dagbag.py:508} INFO - Filling up the DagBag from /home/airflow/.local/lib/python3.7/site-packages/airflow/example_dags/example_branch_day_of_week_operator.py
[2022-09-28 17:12:40,247] {processor.py:651} INFO - DAG(s) dict_keys(['example_weekday_branch_operator']) retrieved from /home/airflow/.local/lib/python3.7/site-packages/airflow/example_dags/example_branch_day_of_week_operator.py
[2022-09-28 17:12:40,431] {logging_mixin.py:115} INFO - [2022-09-28 17:12:40,431] {dag.py:2420} INFO - Sync 1 DAGs
[2022-09-28 17:12:40,459] {logging_mixin.py:115} INFO - [2022-09-28 17:12:40,458] {dag.py:2972} INFO - Setting next_dagrun for example_weekday_branch_operator to 2022-09-27T00:00:00+00:00, run_after=2022-09-28T00:00:00+00:00
[2022-09-28 17:12:40,473] {processor.py:161} INFO - Processing /home/airflow/.local/lib/python3.7/site-packages/airflow/example_dags/example_branch_day_of_week_operator.py took 0.252 seconds
[2022-09-28 17:13:10,787] {processor.py:153} INFO - Started process (PID=701) to work on /home/airflow/.local/lib/python3.7/site-packages/airflow/example_dags/example_branch_day_of_week_operator.py
[2022-09-28 17:13:10,789] {processor.py:641} INFO - Processing file /home/airflow/.local/lib/python3.7/site-packages/airflow/example_dags/example_branch_day_of_week_operator.py for tasks to queue
[2022-09-28 17:13:10,791] {logging_mixin.py:115} INFO - [2022-09-28 17:13:10,791] {dagbag.py:508} INFO - Filling up the DagBag from /home/airflow/.local/lib/python3.7/site-packages/airflow/example_dags/example_branch_day_of_week_operator.py
[2022-09-28 17:13:10,808] {processor.py:651} INFO - DAG(s) dict_keys(['example_weekday_branch_operator']) retrieved from /home/airflow/.local/lib/python3.7/site-packages/airflow/example_dags/example_branch_day_of_week_operator.py
[2022-09-28 17:13:11,025] {logging_mixin.py:115} INFO - [2022-09-28 17:13:11,025] {dag.py:2420} INFO - Sync 1 DAGs
[2022-09-28 17:13:11,060] {logging_mixin.py:115} INFO - [2022-09-28 17:13:11,060] {dag.py:2972} INFO - Setting next_dagrun for example_weekday_branch_operator to 2022-09-27T00:00:00+00:00, run_after=2022-09-28T00:00:00+00:00
[2022-09-28 17:13:11,087] {processor.py:161} INFO - Processing /home/airflow/.local/lib/python3.7/site-packages/airflow/example_dags/example_branch_day_of_week_operator.py took 0.306 seconds
[2022-09-28 17:13:41,616] {processor.py:153} INFO - Started process (PID=764) to work on /home/airflow/.local/lib/python3.7/site-packages/airflow/example_dags/example_branch_day_of_week_operator.py
[2022-09-28 17:13:41,620] {processor.py:641} INFO - Processing file /home/airflow/.local/lib/python3.7/site-packages/airflow/example_dags/example_branch_day_of_week_operator.py for tasks to queue
[2022-09-28 17:13:41,621] {logging_mixin.py:115} INFO - [2022-09-28 17:13:41,621] {dagbag.py:508} INFO - Filling up the DagBag from /home/airflow/.local/lib/python3.7/site-packages/airflow/example_dags/example_branch_day_of_week_operator.py
[2022-09-28 17:13:41,636] {processor.py:651} INFO - DAG(s) dict_keys(['example_weekday_branch_operator']) retrieved from /home/airflow/.local/lib/python3.7/site-packages/airflow/example_dags/example_branch_day_of_week_operator.py
[2022-09-28 17:13:41,674] {logging_mixin.py:115} INFO - [2022-09-28 17:13:41,674] {dag.py:2420} INFO - Sync 1 DAGs
[2022-09-28 17:13:41,715] {logging_mixin.py:115} INFO - [2022-09-28 17:13:41,715] {dag.py:2972} INFO - Setting next_dagrun for example_weekday_branch_operator to 2022-09-27T00:00:00+00:00, run_after=2022-09-28T00:00:00+00:00
[2022-09-28 17:13:41,733] {processor.py:161} INFO - Processing /home/airflow/.local/lib/python3.7/site-packages/airflow/example_dags/example_branch_day_of_week_operator.py took 0.123 seconds
[2022-09-28 17:14:12,531] {processor.py:153} INFO - Started process (PID=830) to work on /home/airflow/.local/lib/python3.7/site-packages/airflow/example_dags/example_branch_day_of_week_operator.py
[2022-09-28 17:14:12,533] {processor.py:641} INFO - Processing file /home/airflow/.local/lib/python3.7/site-packages/airflow/example_dags/example_branch_day_of_week_operator.py for tasks to queue
[2022-09-28 17:14:12,535] {logging_mixin.py:115} INFO - [2022-09-28 17:14:12,535] {dagbag.py:508} INFO - Filling up the DagBag from /home/airflow/.local/lib/python3.7/site-packages/airflow/example_dags/example_branch_day_of_week_operator.py
[2022-09-28 17:14:12,552] {processor.py:651} INFO - DAG(s) dict_keys(['example_weekday_branch_operator']) retrieved from /home/airflow/.local/lib/python3.7/site-packages/airflow/example_dags/example_branch_day_of_week_operator.py
[2022-09-28 17:14:12,593] {logging_mixin.py:115} INFO - [2022-09-28 17:14:12,593] {dag.py:2420} INFO - Sync 1 DAGs
[2022-09-28 17:14:12,631] {logging_mixin.py:115} INFO - [2022-09-28 17:14:12,631] {dag.py:2972} INFO - Setting next_dagrun for example_weekday_branch_operator to 2022-09-27T00:00:00+00:00, run_after=2022-09-28T00:00:00+00:00
[2022-09-28 17:14:12,648] {processor.py:161} INFO - Processing /home/airflow/.local/lib/python3.7/site-packages/airflow/example_dags/example_branch_day_of_week_operator.py took 0.125 seconds
[2022-09-28 17:14:43,324] {processor.py:153} INFO - Started process (PID=885) to work on /home/airflow/.local/lib/python3.7/site-packages/airflow/example_dags/example_branch_day_of_week_operator.py
[2022-09-28 17:14:43,326] {processor.py:641} INFO - Processing file /home/airflow/.local/lib/python3.7/site-packages/airflow/example_dags/example_branch_day_of_week_operator.py for tasks to queue
[2022-09-28 17:14:43,329] {logging_mixin.py:115} INFO - [2022-09-28 17:14:43,329] {dagbag.py:508} INFO - Filling up the DagBag from /home/airflow/.local/lib/python3.7/site-packages/airflow/example_dags/example_branch_day_of_week_operator.py
[2022-09-28 17:14:43,358] {processor.py:651} INFO - DAG(s) dict_keys(['example_weekday_branch_operator']) retrieved from /home/airflow/.local/lib/python3.7/site-packages/airflow/example_dags/example_branch_day_of_week_operator.py
[2022-09-28 17:14:43,419] {logging_mixin.py:115} INFO - [2022-09-28 17:14:43,419] {dag.py:2420} INFO - Sync 1 DAGs
[2022-09-28 17:14:43,465] {logging_mixin.py:115} INFO - [2022-09-28 17:14:43,464] {dag.py:2972} INFO - Setting next_dagrun for example_weekday_branch_operator to 2022-09-27T00:00:00+00:00, run_after=2022-09-28T00:00:00+00:00
[2022-09-28 17:14:43,486] {processor.py:161} INFO - Processing /home/airflow/.local/lib/python3.7/site-packages/airflow/example_dags/example_branch_day_of_week_operator.py took 0.167 seconds
[2022-09-28 17:15:13,893] {processor.py:153} INFO - Started process (PID=952) to work on /home/airflow/.local/lib/python3.7/site-packages/airflow/example_dags/example_branch_day_of_week_operator.py
[2022-09-28 17:15:13,895] {processor.py:641} INFO - Processing file /home/airflow/.local/lib/python3.7/site-packages/airflow/example_dags/example_branch_day_of_week_operator.py for tasks to queue
[2022-09-28 17:15:13,896] {logging_mixin.py:115} INFO - [2022-09-28 17:15:13,896] {dagbag.py:508} INFO - Filling up the DagBag from /home/airflow/.local/lib/python3.7/site-packages/airflow/example_dags/example_branch_day_of_week_operator.py
[2022-09-28 17:15:13,910] {processor.py:651} INFO - DAG(s) dict_keys(['example_weekday_branch_operator']) retrieved from /home/airflow/.local/lib/python3.7/site-packages/airflow/example_dags/example_branch_day_of_week_operator.py
[2022-09-28 17:15:13,946] {logging_mixin.py:115} INFO - [2022-09-28 17:15:13,945] {dag.py:2420} INFO - Sync 1 DAGs
[2022-09-28 17:15:13,984] {logging_mixin.py:115} INFO - [2022-09-28 17:15:13,984] {dag.py:2972} INFO - Setting next_dagrun for example_weekday_branch_operator to 2022-09-27T00:00:00+00:00, run_after=2022-09-28T00:00:00+00:00
[2022-09-28 17:15:14,005] {processor.py:161} INFO - Processing /home/airflow/.local/lib/python3.7/site-packages/airflow/example_dags/example_branch_day_of_week_operator.py took 0.116 seconds
[2022-09-28 17:15:44,147] {processor.py:153} INFO - Started process (PID=1017) to work on /home/airflow/.local/lib/python3.7/site-packages/airflow/example_dags/example_branch_day_of_week_operator.py
[2022-09-28 17:15:44,149] {processor.py:641} INFO - Processing file /home/airflow/.local/lib/python3.7/site-packages/airflow/example_dags/example_branch_day_of_week_operator.py for tasks to queue
[2022-09-28 17:15:44,151] {logging_mixin.py:115} INFO - [2022-09-28 17:15:44,151] {dagbag.py:508} INFO - Filling up the DagBag from /home/airflow/.local/lib/python3.7/site-packages/airflow/example_dags/example_branch_day_of_week_operator.py
[2022-09-28 17:15:44,173] {processor.py:651} INFO - DAG(s) dict_keys(['example_weekday_branch_operator']) retrieved from /home/airflow/.local/lib/python3.7/site-packages/airflow/example_dags/example_branch_day_of_week_operator.py
[2022-09-28 17:15:44,228] {logging_mixin.py:115} INFO - [2022-09-28 17:15:44,227] {dag.py:2420} INFO - Sync 1 DAGs
[2022-09-28 17:15:44,273] {logging_mixin.py:115} INFO - [2022-09-28 17:15:44,273] {dag.py:2972} INFO - Setting next_dagrun for example_weekday_branch_operator to 2022-09-27T00:00:00+00:00, run_after=2022-09-28T00:00:00+00:00
[2022-09-28 17:15:44,296] {processor.py:161} INFO - Processing /home/airflow/.local/lib/python3.7/site-packages/airflow/example_dags/example_branch_day_of_week_operator.py took 0.156 seconds
[2022-09-28 17:16:14,523] {processor.py:153} INFO - Started process (PID=1073) to work on /home/airflow/.local/lib/python3.7/site-packages/airflow/example_dags/example_branch_day_of_week_operator.py
[2022-09-28 17:16:14,525] {processor.py:641} INFO - Processing file /home/airflow/.local/lib/python3.7/site-packages/airflow/example_dags/example_branch_day_of_week_operator.py for tasks to queue
[2022-09-28 17:16:14,526] {logging_mixin.py:115} INFO - [2022-09-28 17:16:14,526] {dagbag.py:508} INFO - Filling up the DagBag from /home/airflow/.local/lib/python3.7/site-packages/airflow/example_dags/example_branch_day_of_week_operator.py
[2022-09-28 17:16:14,540] {processor.py:651} INFO - DAG(s) dict_keys(['example_weekday_branch_operator']) retrieved from /home/airflow/.local/lib/python3.7/site-packages/airflow/example_dags/example_branch_day_of_week_operator.py
[2022-09-28 17:16:14,579] {logging_mixin.py:115} INFO - [2022-09-28 17:16:14,579] {dag.py:2420} INFO - Sync 1 DAGs
[2022-09-28 17:16:14,608] {logging_mixin.py:115} INFO - [2022-09-28 17:16:14,607] {dag.py:2972} INFO - Setting next_dagrun for example_weekday_branch_operator to 2022-09-27T00:00:00+00:00, run_after=2022-09-28T00:00:00+00:00
[2022-09-28 17:16:14,623] {processor.py:161} INFO - Processing /home/airflow/.local/lib/python3.7/site-packages/airflow/example_dags/example_branch_day_of_week_operator.py took 0.106 seconds
[2022-09-28 17:16:44,700] {processor.py:153} INFO - Started process (PID=1138) to work on /home/airflow/.local/lib/python3.7/site-packages/airflow/example_dags/example_branch_day_of_week_operator.py
[2022-09-28 17:16:44,702] {processor.py:641} INFO - Processing file /home/airflow/.local/lib/python3.7/site-packages/airflow/example_dags/example_branch_day_of_week_operator.py for tasks to queue
[2022-09-28 17:16:44,704] {logging_mixin.py:115} INFO - [2022-09-28 17:16:44,704] {dagbag.py:508} INFO - Filling up the DagBag from /home/airflow/.local/lib/python3.7/site-packages/airflow/example_dags/example_branch_day_of_week_operator.py
[2022-09-28 17:16:44,719] {processor.py:651} INFO - DAG(s) dict_keys(['example_weekday_branch_operator']) retrieved from /home/airflow/.local/lib/python3.7/site-packages/airflow/example_dags/example_branch_day_of_week_operator.py
[2022-09-28 17:16:44,752] {logging_mixin.py:115} INFO - [2022-09-28 17:16:44,752] {dag.py:2420} INFO - Sync 1 DAGs
[2022-09-28 17:16:44,782] {logging_mixin.py:115} INFO - [2022-09-28 17:16:44,782] {dag.py:2972} INFO - Setting next_dagrun for example_weekday_branch_operator to 2022-09-27T00:00:00+00:00, run_after=2022-09-28T00:00:00+00:00
[2022-09-28 17:16:44,800] {processor.py:161} INFO - Processing /home/airflow/.local/lib/python3.7/site-packages/airflow/example_dags/example_branch_day_of_week_operator.py took 0.105 seconds
[2022-09-28 17:17:14,837] {processor.py:153} INFO - Started process (PID=1194) to work on /home/airflow/.local/lib/python3.7/site-packages/airflow/example_dags/example_branch_day_of_week_operator.py
[2022-09-28 17:17:14,838] {processor.py:641} INFO - Processing file /home/airflow/.local/lib/python3.7/site-packages/airflow/example_dags/example_branch_day_of_week_operator.py for tasks to queue
[2022-09-28 17:17:14,840] {logging_mixin.py:115} INFO - [2022-09-28 17:17:14,840] {dagbag.py:508} INFO - Filling up the DagBag from /home/airflow/.local/lib/python3.7/site-packages/airflow/example_dags/example_branch_day_of_week_operator.py
[2022-09-28 17:17:14,857] {processor.py:651} INFO - DAG(s) dict_keys(['example_weekday_branch_operator']) retrieved from /home/airflow/.local/lib/python3.7/site-packages/airflow/example_dags/example_branch_day_of_week_operator.py
[2022-09-28 17:17:14,906] {logging_mixin.py:115} INFO - [2022-09-28 17:17:14,906] {dag.py:2420} INFO - Sync 1 DAGs
[2022-09-28 17:17:14,953] {logging_mixin.py:115} INFO - [2022-09-28 17:17:14,953] {dag.py:2972} INFO - Setting next_dagrun for example_weekday_branch_operator to 2022-09-27T00:00:00+00:00, run_after=2022-09-28T00:00:00+00:00
[2022-09-28 17:17:14,979] {processor.py:161} INFO - Processing /home/airflow/.local/lib/python3.7/site-packages/airflow/example_dags/example_branch_day_of_week_operator.py took 0.146 seconds
[2022-09-28 17:17:45,561] {processor.py:153} INFO - Started process (PID=1261) to work on /home/airflow/.local/lib/python3.7/site-packages/airflow/example_dags/example_branch_day_of_week_operator.py
[2022-09-28 17:17:45,562] {processor.py:641} INFO - Processing file /home/airflow/.local/lib/python3.7/site-packages/airflow/example_dags/example_branch_day_of_week_operator.py for tasks to queue
[2022-09-28 17:17:45,564] {logging_mixin.py:115} INFO - [2022-09-28 17:17:45,564] {dagbag.py:508} INFO - Filling up the DagBag from /home/airflow/.local/lib/python3.7/site-packages/airflow/example_dags/example_branch_day_of_week_operator.py
[2022-09-28 17:17:45,575] {processor.py:651} INFO - DAG(s) dict_keys(['example_weekday_branch_operator']) retrieved from /home/airflow/.local/lib/python3.7/site-packages/airflow/example_dags/example_branch_day_of_week_operator.py
[2022-09-28 17:17:45,609] {logging_mixin.py:115} INFO - [2022-09-28 17:17:45,609] {dag.py:2420} INFO - Sync 1 DAGs
[2022-09-28 17:17:45,638] {logging_mixin.py:115} INFO - [2022-09-28 17:17:45,638] {dag.py:2972} INFO - Setting next_dagrun for example_weekday_branch_operator to 2022-09-27T00:00:00+00:00, run_after=2022-09-28T00:00:00+00:00
[2022-09-28 17:17:45,665] {processor.py:161} INFO - Processing /home/airflow/.local/lib/python3.7/site-packages/airflow/example_dags/example_branch_day_of_week_operator.py took 0.109 seconds
[2022-09-28 17:18:18,765] {processor.py:153} INFO - Started process (PID=1327) to work on /home/airflow/.local/lib/python3.7/site-packages/airflow/example_dags/example_branch_day_of_week_operator.py
[2022-09-28 17:18:18,768] {processor.py:641} INFO - Processing file /home/airflow/.local/lib/python3.7/site-packages/airflow/example_dags/example_branch_day_of_week_operator.py for tasks to queue
[2022-09-28 17:18:18,773] {logging_mixin.py:115} INFO - [2022-09-28 17:18:18,773] {dagbag.py:508} INFO - Filling up the DagBag from /home/airflow/.local/lib/python3.7/site-packages/airflow/example_dags/example_branch_day_of_week_operator.py
[2022-09-28 17:18:18,837] {processor.py:651} INFO - DAG(s) dict_keys(['example_weekday_branch_operator']) retrieved from /home/airflow/.local/lib/python3.7/site-packages/airflow/example_dags/example_branch_day_of_week_operator.py
[2022-09-28 17:18:18,958] {logging_mixin.py:115} INFO - [2022-09-28 17:18:18,955] {dag.py:2420} INFO - Sync 1 DAGs
[2022-09-28 17:18:19,135] {logging_mixin.py:115} INFO - [2022-09-28 17:18:19,135] {dag.py:2972} INFO - Setting next_dagrun for example_weekday_branch_operator to 2022-09-27T00:00:00+00:00, run_after=2022-09-28T00:00:00+00:00
[2022-09-28 17:18:19,208] {processor.py:161} INFO - Processing /home/airflow/.local/lib/python3.7/site-packages/airflow/example_dags/example_branch_day_of_week_operator.py took 0.455 seconds
[2022-09-28 17:18:49,624] {processor.py:153} INFO - Started process (PID=1383) to work on /home/airflow/.local/lib/python3.7/site-packages/airflow/example_dags/example_branch_day_of_week_operator.py
[2022-09-28 17:18:49,625] {processor.py:641} INFO - Processing file /home/airflow/.local/lib/python3.7/site-packages/airflow/example_dags/example_branch_day_of_week_operator.py for tasks to queue
[2022-09-28 17:18:49,627] {logging_mixin.py:115} INFO - [2022-09-28 17:18:49,627] {dagbag.py:508} INFO - Filling up the DagBag from /home/airflow/.local/lib/python3.7/site-packages/airflow/example_dags/example_branch_day_of_week_operator.py
[2022-09-28 17:18:49,647] {processor.py:651} INFO - DAG(s) dict_keys(['example_weekday_branch_operator']) retrieved from /home/airflow/.local/lib/python3.7/site-packages/airflow/example_dags/example_branch_day_of_week_operator.py
[2022-09-28 17:18:49,695] {logging_mixin.py:115} INFO - [2022-09-28 17:18:49,694] {dag.py:2420} INFO - Sync 1 DAGs
[2022-09-28 17:18:49,729] {logging_mixin.py:115} INFO - [2022-09-28 17:18:49,729] {dag.py:2972} INFO - Setting next_dagrun for example_weekday_branch_operator to 2022-09-27T00:00:00+00:00, run_after=2022-09-28T00:00:00+00:00
[2022-09-28 17:18:49,751] {processor.py:161} INFO - Processing /home/airflow/.local/lib/python3.7/site-packages/airflow/example_dags/example_branch_day_of_week_operator.py took 0.133 seconds
[2022-09-28 17:19:20,086] {processor.py:153} INFO - Started process (PID=1448) to work on /home/airflow/.local/lib/python3.7/site-packages/airflow/example_dags/example_branch_day_of_week_operator.py
[2022-09-28 17:19:20,089] {processor.py:641} INFO - Processing file /home/airflow/.local/lib/python3.7/site-packages/airflow/example_dags/example_branch_day_of_week_operator.py for tasks to queue
[2022-09-28 17:19:20,092] {logging_mixin.py:115} INFO - [2022-09-28 17:19:20,091] {dagbag.py:508} INFO - Filling up the DagBag from /home/airflow/.local/lib/python3.7/site-packages/airflow/example_dags/example_branch_day_of_week_operator.py
[2022-09-28 17:19:20,117] {processor.py:651} INFO - DAG(s) dict_keys(['example_weekday_branch_operator']) retrieved from /home/airflow/.local/lib/python3.7/site-packages/airflow/example_dags/example_branch_day_of_week_operator.py
[2022-09-28 17:19:20,162] {logging_mixin.py:115} INFO - [2022-09-28 17:19:20,162] {dag.py:2420} INFO - Sync 1 DAGs
[2022-09-28 17:19:20,214] {logging_mixin.py:115} INFO - [2022-09-28 17:19:20,214] {dag.py:2972} INFO - Setting next_dagrun for example_weekday_branch_operator to 2022-09-27T00:00:00+00:00, run_after=2022-09-28T00:00:00+00:00
[2022-09-28 17:19:20,235] {processor.py:161} INFO - Processing /home/airflow/.local/lib/python3.7/site-packages/airflow/example_dags/example_branch_day_of_week_operator.py took 0.160 seconds
[2022-09-28 17:19:50,453] {processor.py:153} INFO - Started process (PID=1503) to work on /home/airflow/.local/lib/python3.7/site-packages/airflow/example_dags/example_branch_day_of_week_operator.py
[2022-09-28 17:19:50,456] {processor.py:641} INFO - Processing file /home/airflow/.local/lib/python3.7/site-packages/airflow/example_dags/example_branch_day_of_week_operator.py for tasks to queue
[2022-09-28 17:19:50,457] {logging_mixin.py:115} INFO - [2022-09-28 17:19:50,457] {dagbag.py:508} INFO - Filling up the DagBag from /home/airflow/.local/lib/python3.7/site-packages/airflow/example_dags/example_branch_day_of_week_operator.py
[2022-09-28 17:19:50,471] {processor.py:651} INFO - DAG(s) dict_keys(['example_weekday_branch_operator']) retrieved from /home/airflow/.local/lib/python3.7/site-packages/airflow/example_dags/example_branch_day_of_week_operator.py
[2022-09-28 17:19:50,517] {logging_mixin.py:115} INFO - [2022-09-28 17:19:50,517] {dag.py:2420} INFO - Sync 1 DAGs
[2022-09-28 17:19:50,562] {logging_mixin.py:115} INFO - [2022-09-28 17:19:50,562] {dag.py:2972} INFO - Setting next_dagrun for example_weekday_branch_operator to 2022-09-27T00:00:00+00:00, run_after=2022-09-28T00:00:00+00:00
[2022-09-28 17:19:50,585] {processor.py:161} INFO - Processing /home/airflow/.local/lib/python3.7/site-packages/airflow/example_dags/example_branch_day_of_week_operator.py took 0.136 seconds
[2022-09-28 17:20:20,752] {processor.py:153} INFO - Started process (PID=1567) to work on /home/airflow/.local/lib/python3.7/site-packages/airflow/example_dags/example_branch_day_of_week_operator.py
[2022-09-28 17:20:20,753] {processor.py:641} INFO - Processing file /home/airflow/.local/lib/python3.7/site-packages/airflow/example_dags/example_branch_day_of_week_operator.py for tasks to queue
[2022-09-28 17:20:20,755] {logging_mixin.py:115} INFO - [2022-09-28 17:20:20,755] {dagbag.py:508} INFO - Filling up the DagBag from /home/airflow/.local/lib/python3.7/site-packages/airflow/example_dags/example_branch_day_of_week_operator.py
[2022-09-28 17:20:20,766] {processor.py:651} INFO - DAG(s) dict_keys(['example_weekday_branch_operator']) retrieved from /home/airflow/.local/lib/python3.7/site-packages/airflow/example_dags/example_branch_day_of_week_operator.py
[2022-09-28 17:20:20,800] {logging_mixin.py:115} INFO - [2022-09-28 17:20:20,800] {dag.py:2420} INFO - Sync 1 DAGs
[2022-09-28 17:20:20,828] {logging_mixin.py:115} INFO - [2022-09-28 17:20:20,827] {dag.py:2972} INFO - Setting next_dagrun for example_weekday_branch_operator to 2022-09-27T00:00:00+00:00, run_after=2022-09-28T00:00:00+00:00
[2022-09-28 17:20:20,843] {processor.py:161} INFO - Processing /home/airflow/.local/lib/python3.7/site-packages/airflow/example_dags/example_branch_day_of_week_operator.py took 0.097 seconds
[2022-09-28 17:20:51,392] {processor.py:153} INFO - Started process (PID=1625) to work on /home/airflow/.local/lib/python3.7/site-packages/airflow/example_dags/example_branch_day_of_week_operator.py
[2022-09-28 17:20:51,393] {processor.py:641} INFO - Processing file /home/airflow/.local/lib/python3.7/site-packages/airflow/example_dags/example_branch_day_of_week_operator.py for tasks to queue
[2022-09-28 17:20:51,395] {logging_mixin.py:115} INFO - [2022-09-28 17:20:51,395] {dagbag.py:508} INFO - Filling up the DagBag from /home/airflow/.local/lib/python3.7/site-packages/airflow/example_dags/example_branch_day_of_week_operator.py
[2022-09-28 17:20:51,405] {processor.py:651} INFO - DAG(s) dict_keys(['example_weekday_branch_operator']) retrieved from /home/airflow/.local/lib/python3.7/site-packages/airflow/example_dags/example_branch_day_of_week_operator.py
[2022-09-28 17:20:51,438] {logging_mixin.py:115} INFO - [2022-09-28 17:20:51,438] {dag.py:2420} INFO - Sync 1 DAGs
[2022-09-28 17:20:51,470] {logging_mixin.py:115} INFO - [2022-09-28 17:20:51,470] {dag.py:2972} INFO - Setting next_dagrun for example_weekday_branch_operator to 2022-09-27T00:00:00+00:00, run_after=2022-09-28T00:00:00+00:00
[2022-09-28 17:20:51,532] {processor.py:161} INFO - Processing /home/airflow/.local/lib/python3.7/site-packages/airflow/example_dags/example_branch_day_of_week_operator.py took 0.144 seconds
[2022-09-28 17:21:22,260] {processor.py:153} INFO - Started process (PID=1690) to work on /home/airflow/.local/lib/python3.7/site-packages/airflow/example_dags/example_branch_day_of_week_operator.py
[2022-09-28 17:21:22,262] {processor.py:641} INFO - Processing file /home/airflow/.local/lib/python3.7/site-packages/airflow/example_dags/example_branch_day_of_week_operator.py for tasks to queue
[2022-09-28 17:21:22,263] {logging_mixin.py:115} INFO - [2022-09-28 17:21:22,263] {dagbag.py:508} INFO - Filling up the DagBag from /home/airflow/.local/lib/python3.7/site-packages/airflow/example_dags/example_branch_day_of_week_operator.py
[2022-09-28 17:21:22,275] {processor.py:651} INFO - DAG(s) dict_keys(['example_weekday_branch_operator']) retrieved from /home/airflow/.local/lib/python3.7/site-packages/airflow/example_dags/example_branch_day_of_week_operator.py
[2022-09-28 17:21:22,310] {logging_mixin.py:115} INFO - [2022-09-28 17:21:22,310] {dag.py:2420} INFO - Sync 1 DAGs
[2022-09-28 17:21:22,343] {logging_mixin.py:115} INFO - [2022-09-28 17:21:22,343] {dag.py:2972} INFO - Setting next_dagrun for example_weekday_branch_operator to 2022-09-27T00:00:00+00:00, run_after=2022-09-28T00:00:00+00:00
[2022-09-28 17:21:22,359] {processor.py:161} INFO - Processing /home/airflow/.local/lib/python3.7/site-packages/airflow/example_dags/example_branch_day_of_week_operator.py took 0.103 seconds
[2022-09-28 17:21:52,576] {processor.py:153} INFO - Started process (PID=1747) to work on /home/airflow/.local/lib/python3.7/site-packages/airflow/example_dags/example_branch_day_of_week_operator.py
[2022-09-28 17:21:52,577] {processor.py:641} INFO - Processing file /home/airflow/.local/lib/python3.7/site-packages/airflow/example_dags/example_branch_day_of_week_operator.py for tasks to queue
[2022-09-28 17:21:52,579] {logging_mixin.py:115} INFO - [2022-09-28 17:21:52,579] {dagbag.py:508} INFO - Filling up the DagBag from /home/airflow/.local/lib/python3.7/site-packages/airflow/example_dags/example_branch_day_of_week_operator.py
[2022-09-28 17:21:52,592] {processor.py:651} INFO - DAG(s) dict_keys(['example_weekday_branch_operator']) retrieved from /home/airflow/.local/lib/python3.7/site-packages/airflow/example_dags/example_branch_day_of_week_operator.py
[2022-09-28 17:21:52,639] {logging_mixin.py:115} INFO - [2022-09-28 17:21:52,639] {dag.py:2420} INFO - Sync 1 DAGs
[2022-09-28 17:21:52,675] {logging_mixin.py:115} INFO - [2022-09-28 17:21:52,674] {dag.py:2972} INFO - Setting next_dagrun for example_weekday_branch_operator to 2022-09-27T00:00:00+00:00, run_after=2022-09-28T00:00:00+00:00
[2022-09-28 17:21:52,696] {processor.py:161} INFO - Processing /home/airflow/.local/lib/python3.7/site-packages/airflow/example_dags/example_branch_day_of_week_operator.py took 0.124 seconds
[2022-09-28 17:22:23,512] {processor.py:153} INFO - Started process (PID=1812) to work on /home/airflow/.local/lib/python3.7/site-packages/airflow/example_dags/example_branch_day_of_week_operator.py
[2022-09-28 17:22:23,514] {processor.py:641} INFO - Processing file /home/airflow/.local/lib/python3.7/site-packages/airflow/example_dags/example_branch_day_of_week_operator.py for tasks to queue
[2022-09-28 17:22:23,515] {logging_mixin.py:115} INFO - [2022-09-28 17:22:23,515] {dagbag.py:508} INFO - Filling up the DagBag from /home/airflow/.local/lib/python3.7/site-packages/airflow/example_dags/example_branch_day_of_week_operator.py
[2022-09-28 17:22:23,536] {processor.py:651} INFO - DAG(s) dict_keys(['example_weekday_branch_operator']) retrieved from /home/airflow/.local/lib/python3.7/site-packages/airflow/example_dags/example_branch_day_of_week_operator.py
[2022-09-28 17:22:23,594] {logging_mixin.py:115} INFO - [2022-09-28 17:22:23,593] {dag.py:2420} INFO - Sync 1 DAGs
[2022-09-28 17:22:23,646] {logging_mixin.py:115} INFO - [2022-09-28 17:22:23,646] {dag.py:2972} INFO - Setting next_dagrun for example_weekday_branch_operator to 2022-09-27T00:00:00+00:00, run_after=2022-09-28T00:00:00+00:00
[2022-09-28 17:22:23,664] {processor.py:161} INFO - Processing /home/airflow/.local/lib/python3.7/site-packages/airflow/example_dags/example_branch_day_of_week_operator.py took 0.156 seconds
[2022-09-28 17:22:53,759] {processor.py:153} INFO - Started process (PID=1876) to work on /home/airflow/.local/lib/python3.7/site-packages/airflow/example_dags/example_branch_day_of_week_operator.py
[2022-09-28 17:22:53,760] {processor.py:641} INFO - Processing file /home/airflow/.local/lib/python3.7/site-packages/airflow/example_dags/example_branch_day_of_week_operator.py for tasks to queue
[2022-09-28 17:22:53,762] {logging_mixin.py:115} INFO - [2022-09-28 17:22:53,762] {dagbag.py:508} INFO - Filling up the DagBag from /home/airflow/.local/lib/python3.7/site-packages/airflow/example_dags/example_branch_day_of_week_operator.py
[2022-09-28 17:22:53,774] {processor.py:651} INFO - DAG(s) dict_keys(['example_weekday_branch_operator']) retrieved from /home/airflow/.local/lib/python3.7/site-packages/airflow/example_dags/example_branch_day_of_week_operator.py
[2022-09-28 17:22:53,808] {logging_mixin.py:115} INFO - [2022-09-28 17:22:53,808] {dag.py:2420} INFO - Sync 1 DAGs
[2022-09-28 17:22:53,836] {logging_mixin.py:115} INFO - [2022-09-28 17:22:53,835] {dag.py:2972} INFO - Setting next_dagrun for example_weekday_branch_operator to 2022-09-27T00:00:00+00:00, run_after=2022-09-28T00:00:00+00:00
[2022-09-28 17:22:53,854] {processor.py:161} INFO - Processing /home/airflow/.local/lib/python3.7/site-packages/airflow/example_dags/example_branch_day_of_week_operator.py took 0.100 seconds
[2022-09-28 17:23:24,312] {processor.py:153} INFO - Started process (PID=1934) to work on /home/airflow/.local/lib/python3.7/site-packages/airflow/example_dags/example_branch_day_of_week_operator.py
[2022-09-28 17:23:24,314] {processor.py:641} INFO - Processing file /home/airflow/.local/lib/python3.7/site-packages/airflow/example_dags/example_branch_day_of_week_operator.py for tasks to queue
[2022-09-28 17:23:24,315] {logging_mixin.py:115} INFO - [2022-09-28 17:23:24,315] {dagbag.py:508} INFO - Filling up the DagBag from /home/airflow/.local/lib/python3.7/site-packages/airflow/example_dags/example_branch_day_of_week_operator.py
[2022-09-28 17:23:24,327] {processor.py:651} INFO - DAG(s) dict_keys(['example_weekday_branch_operator']) retrieved from /home/airflow/.local/lib/python3.7/site-packages/airflow/example_dags/example_branch_day_of_week_operator.py
[2022-09-28 17:23:24,357] {logging_mixin.py:115} INFO - [2022-09-28 17:23:24,357] {dag.py:2420} INFO - Sync 1 DAGs
[2022-09-28 17:23:24,385] {logging_mixin.py:115} INFO - [2022-09-28 17:23:24,385] {dag.py:2972} INFO - Setting next_dagrun for example_weekday_branch_operator to 2022-09-27T00:00:00+00:00, run_after=2022-09-28T00:00:00+00:00
[2022-09-28 17:23:24,402] {processor.py:161} INFO - Processing /home/airflow/.local/lib/python3.7/site-packages/airflow/example_dags/example_branch_day_of_week_operator.py took 0.094 seconds
[2022-09-28 17:23:54,606] {processor.py:153} INFO - Started process (PID=1999) to work on /home/airflow/.local/lib/python3.7/site-packages/airflow/example_dags/example_branch_day_of_week_operator.py
[2022-09-28 17:23:54,608] {processor.py:641} INFO - Processing file /home/airflow/.local/lib/python3.7/site-packages/airflow/example_dags/example_branch_day_of_week_operator.py for tasks to queue
[2022-09-28 17:23:54,610] {logging_mixin.py:115} INFO - [2022-09-28 17:23:54,609] {dagbag.py:508} INFO - Filling up the DagBag from /home/airflow/.local/lib/python3.7/site-packages/airflow/example_dags/example_branch_day_of_week_operator.py
[2022-09-28 17:23:54,623] {processor.py:651} INFO - DAG(s) dict_keys(['example_weekday_branch_operator']) retrieved from /home/airflow/.local/lib/python3.7/site-packages/airflow/example_dags/example_branch_day_of_week_operator.py
[2022-09-28 17:23:54,656] {logging_mixin.py:115} INFO - [2022-09-28 17:23:54,656] {dag.py:2420} INFO - Sync 1 DAGs
[2022-09-28 17:23:54,686] {logging_mixin.py:115} INFO - [2022-09-28 17:23:54,686] {dag.py:2972} INFO - Setting next_dagrun for example_weekday_branch_operator to 2022-09-27T00:00:00+00:00, run_after=2022-09-28T00:00:00+00:00
[2022-09-28 17:23:54,707] {processor.py:161} INFO - Processing /home/airflow/.local/lib/python3.7/site-packages/airflow/example_dags/example_branch_day_of_week_operator.py took 0.106 seconds
[2022-09-28 17:24:24,942] {processor.py:153} INFO - Started process (PID=2055) to work on /home/airflow/.local/lib/python3.7/site-packages/airflow/example_dags/example_branch_day_of_week_operator.py
[2022-09-28 17:24:24,945] {processor.py:641} INFO - Processing file /home/airflow/.local/lib/python3.7/site-packages/airflow/example_dags/example_branch_day_of_week_operator.py for tasks to queue
[2022-09-28 17:24:24,947] {logging_mixin.py:115} INFO - [2022-09-28 17:24:24,946] {dagbag.py:508} INFO - Filling up the DagBag from /home/airflow/.local/lib/python3.7/site-packages/airflow/example_dags/example_branch_day_of_week_operator.py
[2022-09-28 17:24:24,976] {processor.py:651} INFO - DAG(s) dict_keys(['example_weekday_branch_operator']) retrieved from /home/airflow/.local/lib/python3.7/site-packages/airflow/example_dags/example_branch_day_of_week_operator.py
[2022-09-28 17:24:25,024] {logging_mixin.py:115} INFO - [2022-09-28 17:24:25,024] {dag.py:2420} INFO - Sync 1 DAGs
[2022-09-28 17:24:25,072] {logging_mixin.py:115} INFO - [2022-09-28 17:24:25,072] {dag.py:2972} INFO - Setting next_dagrun for example_weekday_branch_operator to 2022-09-27T00:00:00+00:00, run_after=2022-09-28T00:00:00+00:00
[2022-09-28 17:24:25,106] {processor.py:161} INFO - Processing /home/airflow/.local/lib/python3.7/site-packages/airflow/example_dags/example_branch_day_of_week_operator.py took 0.169 seconds
[2022-09-28 17:24:55,855] {processor.py:153} INFO - Started process (PID=2122) to work on /home/airflow/.local/lib/python3.7/site-packages/airflow/example_dags/example_branch_day_of_week_operator.py
[2022-09-28 17:24:55,857] {processor.py:641} INFO - Processing file /home/airflow/.local/lib/python3.7/site-packages/airflow/example_dags/example_branch_day_of_week_operator.py for tasks to queue
[2022-09-28 17:24:55,858] {logging_mixin.py:115} INFO - [2022-09-28 17:24:55,858] {dagbag.py:508} INFO - Filling up the DagBag from /home/airflow/.local/lib/python3.7/site-packages/airflow/example_dags/example_branch_day_of_week_operator.py
[2022-09-28 17:24:55,875] {processor.py:651} INFO - DAG(s) dict_keys(['example_weekday_branch_operator']) retrieved from /home/airflow/.local/lib/python3.7/site-packages/airflow/example_dags/example_branch_day_of_week_operator.py
[2022-09-28 17:24:55,914] {logging_mixin.py:115} INFO - [2022-09-28 17:24:55,914] {dag.py:2420} INFO - Sync 1 DAGs
[2022-09-28 17:24:55,960] {logging_mixin.py:115} INFO - [2022-09-28 17:24:55,960] {dag.py:2972} INFO - Setting next_dagrun for example_weekday_branch_operator to 2022-09-27T00:00:00+00:00, run_after=2022-09-28T00:00:00+00:00
[2022-09-28 17:24:55,983] {processor.py:161} INFO - Processing /home/airflow/.local/lib/python3.7/site-packages/airflow/example_dags/example_branch_day_of_week_operator.py took 0.135 seconds
[2022-09-28 17:25:26,270] {processor.py:153} INFO - Started process (PID=2178) to work on /home/airflow/.local/lib/python3.7/site-packages/airflow/example_dags/example_branch_day_of_week_operator.py
[2022-09-28 17:25:26,272] {processor.py:641} INFO - Processing file /home/airflow/.local/lib/python3.7/site-packages/airflow/example_dags/example_branch_day_of_week_operator.py for tasks to queue
[2022-09-28 17:25:26,274] {logging_mixin.py:115} INFO - [2022-09-28 17:25:26,274] {dagbag.py:508} INFO - Filling up the DagBag from /home/airflow/.local/lib/python3.7/site-packages/airflow/example_dags/example_branch_day_of_week_operator.py
[2022-09-28 17:25:26,293] {processor.py:651} INFO - DAG(s) dict_keys(['example_weekday_branch_operator']) retrieved from /home/airflow/.local/lib/python3.7/site-packages/airflow/example_dags/example_branch_day_of_week_operator.py
[2022-09-28 17:25:26,334] {logging_mixin.py:115} INFO - [2022-09-28 17:25:26,333] {dag.py:2420} INFO - Sync 1 DAGs
[2022-09-28 17:25:26,363] {logging_mixin.py:115} INFO - [2022-09-28 17:25:26,363] {dag.py:2972} INFO - Setting next_dagrun for example_weekday_branch_operator to 2022-09-27T00:00:00+00:00, run_after=2022-09-28T00:00:00+00:00
[2022-09-28 17:25:26,387] {processor.py:161} INFO - Processing /home/airflow/.local/lib/python3.7/site-packages/airflow/example_dags/example_branch_day_of_week_operator.py took 0.125 seconds
[2022-09-28 17:25:56,479] {processor.py:153} INFO - Started process (PID=2244) to work on /home/airflow/.local/lib/python3.7/site-packages/airflow/example_dags/example_branch_day_of_week_operator.py
[2022-09-28 17:25:56,480] {processor.py:641} INFO - Processing file /home/airflow/.local/lib/python3.7/site-packages/airflow/example_dags/example_branch_day_of_week_operator.py for tasks to queue
[2022-09-28 17:25:56,482] {logging_mixin.py:115} INFO - [2022-09-28 17:25:56,482] {dagbag.py:508} INFO - Filling up the DagBag from /home/airflow/.local/lib/python3.7/site-packages/airflow/example_dags/example_branch_day_of_week_operator.py
[2022-09-28 17:25:56,501] {processor.py:651} INFO - DAG(s) dict_keys(['example_weekday_branch_operator']) retrieved from /home/airflow/.local/lib/python3.7/site-packages/airflow/example_dags/example_branch_day_of_week_operator.py
[2022-09-28 17:25:56,555] {logging_mixin.py:115} INFO - [2022-09-28 17:25:56,555] {dag.py:2420} INFO - Sync 1 DAGs
[2022-09-28 17:25:56,595] {logging_mixin.py:115} INFO - [2022-09-28 17:25:56,595] {dag.py:2972} INFO - Setting next_dagrun for example_weekday_branch_operator to 2022-09-27T00:00:00+00:00, run_after=2022-09-28T00:00:00+00:00
[2022-09-28 17:25:56,625] {processor.py:161} INFO - Processing /home/airflow/.local/lib/python3.7/site-packages/airflow/example_dags/example_branch_day_of_week_operator.py took 0.154 seconds
[2022-09-28 17:26:27,136] {processor.py:153} INFO - Started process (PID=2311) to work on /home/airflow/.local/lib/python3.7/site-packages/airflow/example_dags/example_branch_day_of_week_operator.py
[2022-09-28 17:26:27,140] {processor.py:641} INFO - Processing file /home/airflow/.local/lib/python3.7/site-packages/airflow/example_dags/example_branch_day_of_week_operator.py for tasks to queue
[2022-09-28 17:26:27,142] {logging_mixin.py:115} INFO - [2022-09-28 17:26:27,142] {dagbag.py:508} INFO - Filling up the DagBag from /home/airflow/.local/lib/python3.7/site-packages/airflow/example_dags/example_branch_day_of_week_operator.py
[2022-09-28 17:26:27,174] {processor.py:651} INFO - DAG(s) dict_keys(['example_weekday_branch_operator']) retrieved from /home/airflow/.local/lib/python3.7/site-packages/airflow/example_dags/example_branch_day_of_week_operator.py
[2022-09-28 17:26:27,229] {logging_mixin.py:115} INFO - [2022-09-28 17:26:27,229] {dag.py:2420} INFO - Sync 1 DAGs
[2022-09-28 17:26:27,284] {logging_mixin.py:115} INFO - [2022-09-28 17:26:27,284] {dag.py:2972} INFO - Setting next_dagrun for example_weekday_branch_operator to 2022-09-27T00:00:00+00:00, run_after=2022-09-28T00:00:00+00:00
[2022-09-28 17:26:27,311] {processor.py:161} INFO - Processing /home/airflow/.local/lib/python3.7/site-packages/airflow/example_dags/example_branch_day_of_week_operator.py took 0.187 seconds
[2022-09-28 17:26:57,486] {processor.py:153} INFO - Started process (PID=2365) to work on /home/airflow/.local/lib/python3.7/site-packages/airflow/example_dags/example_branch_day_of_week_operator.py
[2022-09-28 17:26:57,488] {processor.py:641} INFO - Processing file /home/airflow/.local/lib/python3.7/site-packages/airflow/example_dags/example_branch_day_of_week_operator.py for tasks to queue
[2022-09-28 17:26:57,490] {logging_mixin.py:115} INFO - [2022-09-28 17:26:57,490] {dagbag.py:508} INFO - Filling up the DagBag from /home/airflow/.local/lib/python3.7/site-packages/airflow/example_dags/example_branch_day_of_week_operator.py
[2022-09-28 17:26:57,508] {processor.py:651} INFO - DAG(s) dict_keys(['example_weekday_branch_operator']) retrieved from /home/airflow/.local/lib/python3.7/site-packages/airflow/example_dags/example_branch_day_of_week_operator.py
[2022-09-28 17:26:57,574] {logging_mixin.py:115} INFO - [2022-09-28 17:26:57,573] {dag.py:2420} INFO - Sync 1 DAGs
[2022-09-28 17:26:57,630] {logging_mixin.py:115} INFO - [2022-09-28 17:26:57,630] {dag.py:2972} INFO - Setting next_dagrun for example_weekday_branch_operator to 2022-09-27T00:00:00+00:00, run_after=2022-09-28T00:00:00+00:00
[2022-09-28 17:26:57,672] {processor.py:161} INFO - Processing /home/airflow/.local/lib/python3.7/site-packages/airflow/example_dags/example_branch_day_of_week_operator.py took 0.192 seconds
[2022-09-28 17:27:28,711] {processor.py:153} INFO - Started process (PID=2431) to work on /home/airflow/.local/lib/python3.7/site-packages/airflow/example_dags/example_branch_day_of_week_operator.py
[2022-09-28 17:27:28,713] {processor.py:641} INFO - Processing file /home/airflow/.local/lib/python3.7/site-packages/airflow/example_dags/example_branch_day_of_week_operator.py for tasks to queue
[2022-09-28 17:27:28,714] {logging_mixin.py:115} INFO - [2022-09-28 17:27:28,714] {dagbag.py:508} INFO - Filling up the DagBag from /home/airflow/.local/lib/python3.7/site-packages/airflow/example_dags/example_branch_day_of_week_operator.py
[2022-09-28 17:27:28,734] {processor.py:651} INFO - DAG(s) dict_keys(['example_weekday_branch_operator']) retrieved from /home/airflow/.local/lib/python3.7/site-packages/airflow/example_dags/example_branch_day_of_week_operator.py
[2022-09-28 17:27:28,773] {logging_mixin.py:115} INFO - [2022-09-28 17:27:28,773] {dag.py:2420} INFO - Sync 1 DAGs
[2022-09-28 17:27:28,809] {logging_mixin.py:115} INFO - [2022-09-28 17:27:28,808] {dag.py:2972} INFO - Setting next_dagrun for example_weekday_branch_operator to 2022-09-27T00:00:00+00:00, run_after=2022-09-28T00:00:00+00:00
[2022-09-28 17:27:28,830] {processor.py:161} INFO - Processing /home/airflow/.local/lib/python3.7/site-packages/airflow/example_dags/example_branch_day_of_week_operator.py took 0.124 seconds
[2022-09-28 17:27:58,996] {processor.py:153} INFO - Started process (PID=2487) to work on /home/airflow/.local/lib/python3.7/site-packages/airflow/example_dags/example_branch_day_of_week_operator.py
[2022-09-28 17:27:58,998] {processor.py:641} INFO - Processing file /home/airflow/.local/lib/python3.7/site-packages/airflow/example_dags/example_branch_day_of_week_operator.py for tasks to queue
[2022-09-28 17:27:59,000] {logging_mixin.py:115} INFO - [2022-09-28 17:27:59,000] {dagbag.py:508} INFO - Filling up the DagBag from /home/airflow/.local/lib/python3.7/site-packages/airflow/example_dags/example_branch_day_of_week_operator.py
[2022-09-28 17:27:59,022] {processor.py:651} INFO - DAG(s) dict_keys(['example_weekday_branch_operator']) retrieved from /home/airflow/.local/lib/python3.7/site-packages/airflow/example_dags/example_branch_day_of_week_operator.py
[2022-09-28 17:27:59,066] {logging_mixin.py:115} INFO - [2022-09-28 17:27:59,065] {dag.py:2420} INFO - Sync 1 DAGs
[2022-09-28 17:27:59,105] {logging_mixin.py:115} INFO - [2022-09-28 17:27:59,104] {dag.py:2972} INFO - Setting next_dagrun for example_weekday_branch_operator to 2022-09-27T00:00:00+00:00, run_after=2022-09-28T00:00:00+00:00
[2022-09-28 17:27:59,135] {processor.py:161} INFO - Processing /home/airflow/.local/lib/python3.7/site-packages/airflow/example_dags/example_branch_day_of_week_operator.py took 0.147 seconds
[2022-09-28 17:28:29,508] {processor.py:153} INFO - Started process (PID=2557) to work on /home/airflow/.local/lib/python3.7/site-packages/airflow/example_dags/example_branch_day_of_week_operator.py
[2022-09-28 17:28:29,510] {processor.py:641} INFO - Processing file /home/airflow/.local/lib/python3.7/site-packages/airflow/example_dags/example_branch_day_of_week_operator.py for tasks to queue
[2022-09-28 17:28:29,512] {logging_mixin.py:115} INFO - [2022-09-28 17:28:29,512] {dagbag.py:508} INFO - Filling up the DagBag from /home/airflow/.local/lib/python3.7/site-packages/airflow/example_dags/example_branch_day_of_week_operator.py
[2022-09-28 17:28:29,533] {processor.py:651} INFO - DAG(s) dict_keys(['example_weekday_branch_operator']) retrieved from /home/airflow/.local/lib/python3.7/site-packages/airflow/example_dags/example_branch_day_of_week_operator.py
[2022-09-28 17:28:29,589] {logging_mixin.py:115} INFO - [2022-09-28 17:28:29,589] {dag.py:2420} INFO - Sync 1 DAGs
[2022-09-28 17:28:29,662] {logging_mixin.py:115} INFO - [2022-09-28 17:28:29,662] {dag.py:2972} INFO - Setting next_dagrun for example_weekday_branch_operator to 2022-09-27T00:00:00+00:00, run_after=2022-09-28T00:00:00+00:00
[2022-09-28 17:28:29,694] {processor.py:161} INFO - Processing /home/airflow/.local/lib/python3.7/site-packages/airflow/example_dags/example_branch_day_of_week_operator.py took 0.196 seconds
[2022-09-28 17:28:59,818] {processor.py:153} INFO - Started process (PID=2615) to work on /home/airflow/.local/lib/python3.7/site-packages/airflow/example_dags/example_branch_day_of_week_operator.py
[2022-09-28 17:28:59,820] {processor.py:641} INFO - Processing file /home/airflow/.local/lib/python3.7/site-packages/airflow/example_dags/example_branch_day_of_week_operator.py for tasks to queue
[2022-09-28 17:28:59,822] {logging_mixin.py:115} INFO - [2022-09-28 17:28:59,822] {dagbag.py:508} INFO - Filling up the DagBag from /home/airflow/.local/lib/python3.7/site-packages/airflow/example_dags/example_branch_day_of_week_operator.py
[2022-09-28 17:28:59,833] {processor.py:651} INFO - DAG(s) dict_keys(['example_weekday_branch_operator']) retrieved from /home/airflow/.local/lib/python3.7/site-packages/airflow/example_dags/example_branch_day_of_week_operator.py
[2022-09-28 17:28:59,878] {logging_mixin.py:115} INFO - [2022-09-28 17:28:59,878] {dag.py:2420} INFO - Sync 1 DAGs
[2022-09-28 17:28:59,913] {logging_mixin.py:115} INFO - [2022-09-28 17:28:59,912] {dag.py:2972} INFO - Setting next_dagrun for example_weekday_branch_operator to 2022-09-27T00:00:00+00:00, run_after=2022-09-28T00:00:00+00:00
[2022-09-28 17:28:59,931] {processor.py:161} INFO - Processing /home/airflow/.local/lib/python3.7/site-packages/airflow/example_dags/example_branch_day_of_week_operator.py took 0.119 seconds
[2022-09-28 17:29:30,361] {processor.py:153} INFO - Started process (PID=2679) to work on /home/airflow/.local/lib/python3.7/site-packages/airflow/example_dags/example_branch_day_of_week_operator.py
[2022-09-28 17:29:30,363] {processor.py:641} INFO - Processing file /home/airflow/.local/lib/python3.7/site-packages/airflow/example_dags/example_branch_day_of_week_operator.py for tasks to queue
[2022-09-28 17:29:30,366] {logging_mixin.py:115} INFO - [2022-09-28 17:29:30,366] {dagbag.py:508} INFO - Filling up the DagBag from /home/airflow/.local/lib/python3.7/site-packages/airflow/example_dags/example_branch_day_of_week_operator.py
[2022-09-28 17:29:30,385] {processor.py:651} INFO - DAG(s) dict_keys(['example_weekday_branch_operator']) retrieved from /home/airflow/.local/lib/python3.7/site-packages/airflow/example_dags/example_branch_day_of_week_operator.py
[2022-09-28 17:29:30,433] {logging_mixin.py:115} INFO - [2022-09-28 17:29:30,433] {dag.py:2420} INFO - Sync 1 DAGs
[2022-09-28 17:29:30,479] {logging_mixin.py:115} INFO - [2022-09-28 17:29:30,479] {dag.py:2972} INFO - Setting next_dagrun for example_weekday_branch_operator to 2022-09-27T00:00:00+00:00, run_after=2022-09-28T00:00:00+00:00
[2022-09-28 17:29:30,499] {processor.py:161} INFO - Processing /home/airflow/.local/lib/python3.7/site-packages/airflow/example_dags/example_branch_day_of_week_operator.py took 0.144 seconds
[2022-09-28 17:30:01,284] {processor.py:153} INFO - Started process (PID=2740) to work on /home/airflow/.local/lib/python3.7/site-packages/airflow/example_dags/example_branch_day_of_week_operator.py
[2022-09-28 17:30:01,285] {processor.py:641} INFO - Processing file /home/airflow/.local/lib/python3.7/site-packages/airflow/example_dags/example_branch_day_of_week_operator.py for tasks to queue
[2022-09-28 17:30:01,287] {logging_mixin.py:115} INFO - [2022-09-28 17:30:01,287] {dagbag.py:508} INFO - Filling up the DagBag from /home/airflow/.local/lib/python3.7/site-packages/airflow/example_dags/example_branch_day_of_week_operator.py
[2022-09-28 17:30:01,299] {processor.py:651} INFO - DAG(s) dict_keys(['example_weekday_branch_operator']) retrieved from /home/airflow/.local/lib/python3.7/site-packages/airflow/example_dags/example_branch_day_of_week_operator.py
[2022-09-28 17:30:01,374] {logging_mixin.py:115} INFO - [2022-09-28 17:30:01,374] {dag.py:2420} INFO - Sync 1 DAGs
[2022-09-28 17:30:01,410] {logging_mixin.py:115} INFO - [2022-09-28 17:30:01,410] {dag.py:2972} INFO - Setting next_dagrun for example_weekday_branch_operator to 2022-09-27T00:00:00+00:00, run_after=2022-09-28T00:00:00+00:00
[2022-09-28 17:30:01,429] {processor.py:161} INFO - Processing /home/airflow/.local/lib/python3.7/site-packages/airflow/example_dags/example_branch_day_of_week_operator.py took 0.150 seconds
[2022-09-28 17:30:31,803] {processor.py:153} INFO - Started process (PID=2807) to work on /home/airflow/.local/lib/python3.7/site-packages/airflow/example_dags/example_branch_day_of_week_operator.py
[2022-09-28 17:30:31,806] {processor.py:641} INFO - Processing file /home/airflow/.local/lib/python3.7/site-packages/airflow/example_dags/example_branch_day_of_week_operator.py for tasks to queue
[2022-09-28 17:30:31,809] {logging_mixin.py:115} INFO - [2022-09-28 17:30:31,809] {dagbag.py:508} INFO - Filling up the DagBag from /home/airflow/.local/lib/python3.7/site-packages/airflow/example_dags/example_branch_day_of_week_operator.py
[2022-09-28 17:30:31,833] {processor.py:651} INFO - DAG(s) dict_keys(['example_weekday_branch_operator']) retrieved from /home/airflow/.local/lib/python3.7/site-packages/airflow/example_dags/example_branch_day_of_week_operator.py
[2022-09-28 17:30:31,894] {logging_mixin.py:115} INFO - [2022-09-28 17:30:31,894] {dag.py:2420} INFO - Sync 1 DAGs
[2022-09-28 17:30:31,945] {logging_mixin.py:115} INFO - [2022-09-28 17:30:31,945] {dag.py:2972} INFO - Setting next_dagrun for example_weekday_branch_operator to 2022-09-27T00:00:00+00:00, run_after=2022-09-28T00:00:00+00:00
[2022-09-28 17:30:31,970] {processor.py:161} INFO - Processing /home/airflow/.local/lib/python3.7/site-packages/airflow/example_dags/example_branch_day_of_week_operator.py took 0.172 seconds
[2022-09-28 17:31:02,991] {processor.py:153} INFO - Started process (PID=2874) to work on /home/airflow/.local/lib/python3.7/site-packages/airflow/example_dags/example_branch_day_of_week_operator.py
[2022-09-28 17:31:02,998] {processor.py:641} INFO - Processing file /home/airflow/.local/lib/python3.7/site-packages/airflow/example_dags/example_branch_day_of_week_operator.py for tasks to queue
[2022-09-28 17:31:03,001] {logging_mixin.py:115} INFO - [2022-09-28 17:31:03,000] {dagbag.py:508} INFO - Filling up the DagBag from /home/airflow/.local/lib/python3.7/site-packages/airflow/example_dags/example_branch_day_of_week_operator.py
[2022-09-28 17:31:03,033] {processor.py:651} INFO - DAG(s) dict_keys(['example_weekday_branch_operator']) retrieved from /home/airflow/.local/lib/python3.7/site-packages/airflow/example_dags/example_branch_day_of_week_operator.py
[2022-09-28 17:31:03,105] {logging_mixin.py:115} INFO - [2022-09-28 17:31:03,105] {dag.py:2420} INFO - Sync 1 DAGs
[2022-09-28 17:31:03,165] {logging_mixin.py:115} INFO - [2022-09-28 17:31:03,165] {dag.py:2972} INFO - Setting next_dagrun for example_weekday_branch_operator to 2022-09-27T00:00:00+00:00, run_after=2022-09-28T00:00:00+00:00
[2022-09-28 17:31:03,194] {processor.py:161} INFO - Processing /home/airflow/.local/lib/python3.7/site-packages/airflow/example_dags/example_branch_day_of_week_operator.py took 0.215 seconds
[2022-09-28 17:36:52,619] {processor.py:153} INFO - Started process (PID=151) to work on /home/airflow/.local/lib/python3.7/site-packages/airflow/example_dags/example_branch_day_of_week_operator.py
[2022-09-28 17:36:52,621] {processor.py:641} INFO - Processing file /home/airflow/.local/lib/python3.7/site-packages/airflow/example_dags/example_branch_day_of_week_operator.py for tasks to queue
[2022-09-28 17:36:52,626] {logging_mixin.py:115} INFO - [2022-09-28 17:36:52,625] {dagbag.py:508} INFO - Filling up the DagBag from /home/airflow/.local/lib/python3.7/site-packages/airflow/example_dags/example_branch_day_of_week_operator.py
[2022-09-28 17:36:52,656] {processor.py:651} INFO - DAG(s) dict_keys(['example_weekday_branch_operator']) retrieved from /home/airflow/.local/lib/python3.7/site-packages/airflow/example_dags/example_branch_day_of_week_operator.py
[2022-09-28 17:36:52,936] {logging_mixin.py:115} INFO - [2022-09-28 17:36:52,936] {manager.py:508} INFO - Created Permission View: can read on DAG:example_weekday_branch_operator
[2022-09-28 17:36:52,954] {logging_mixin.py:115} INFO - [2022-09-28 17:36:52,954] {manager.py:508} INFO - Created Permission View: can delete on DAG:example_weekday_branch_operator
[2022-09-28 17:36:52,969] {logging_mixin.py:115} INFO - [2022-09-28 17:36:52,969] {manager.py:508} INFO - Created Permission View: can edit on DAG:example_weekday_branch_operator
[2022-09-28 17:36:52,971] {logging_mixin.py:115} INFO - [2022-09-28 17:36:52,971] {dag.py:2420} INFO - Sync 1 DAGs
[2022-09-28 17:36:52,986] {logging_mixin.py:115} INFO - [2022-09-28 17:36:52,986] {dag.py:2439} INFO - Creating ORM DAG for example_weekday_branch_operator
[2022-09-28 17:36:53,012] {logging_mixin.py:115} INFO - [2022-09-28 17:36:53,012] {dag.py:2972} INFO - Setting next_dagrun for example_weekday_branch_operator to 2022-09-27T00:00:00+00:00, run_after=2022-09-28T00:00:00+00:00
[2022-09-28 17:36:53,041] {processor.py:161} INFO - Processing /home/airflow/.local/lib/python3.7/site-packages/airflow/example_dags/example_branch_day_of_week_operator.py took 0.433 seconds
[2022-09-28 17:37:23,353] {processor.py:153} INFO - Started process (PID=206) to work on /home/airflow/.local/lib/python3.7/site-packages/airflow/example_dags/example_branch_day_of_week_operator.py
[2022-09-28 17:37:23,355] {processor.py:641} INFO - Processing file /home/airflow/.local/lib/python3.7/site-packages/airflow/example_dags/example_branch_day_of_week_operator.py for tasks to queue
[2022-09-28 17:37:23,358] {logging_mixin.py:115} INFO - [2022-09-28 17:37:23,357] {dagbag.py:508} INFO - Filling up the DagBag from /home/airflow/.local/lib/python3.7/site-packages/airflow/example_dags/example_branch_day_of_week_operator.py
[2022-09-28 17:37:23,376] {processor.py:651} INFO - DAG(s) dict_keys(['example_weekday_branch_operator']) retrieved from /home/airflow/.local/lib/python3.7/site-packages/airflow/example_dags/example_branch_day_of_week_operator.py
[2022-09-28 17:37:23,605] {logging_mixin.py:115} INFO - [2022-09-28 17:37:23,605] {dag.py:2420} INFO - Sync 1 DAGs
[2022-09-28 17:37:23,636] {logging_mixin.py:115} INFO - [2022-09-28 17:37:23,636] {dag.py:2972} INFO - Setting next_dagrun for example_weekday_branch_operator to 2022-09-27T00:00:00+00:00, run_after=2022-09-28T00:00:00+00:00
[2022-09-28 17:37:23,652] {processor.py:161} INFO - Processing /home/airflow/.local/lib/python3.7/site-packages/airflow/example_dags/example_branch_day_of_week_operator.py took 0.316 seconds
[2022-09-28 17:37:54,574] {processor.py:153} INFO - Started process (PID=274) to work on /home/airflow/.local/lib/python3.7/site-packages/airflow/example_dags/example_branch_day_of_week_operator.py
[2022-09-28 17:37:54,577] {processor.py:641} INFO - Processing file /home/airflow/.local/lib/python3.7/site-packages/airflow/example_dags/example_branch_day_of_week_operator.py for tasks to queue
[2022-09-28 17:37:54,586] {logging_mixin.py:115} INFO - [2022-09-28 17:37:54,585] {dagbag.py:508} INFO - Filling up the DagBag from /home/airflow/.local/lib/python3.7/site-packages/airflow/example_dags/example_branch_day_of_week_operator.py
[2022-09-28 17:37:54,618] {processor.py:651} INFO - DAG(s) dict_keys(['example_weekday_branch_operator']) retrieved from /home/airflow/.local/lib/python3.7/site-packages/airflow/example_dags/example_branch_day_of_week_operator.py
[2022-09-28 17:37:54,871] {logging_mixin.py:115} INFO - [2022-09-28 17:37:54,870] {dag.py:2420} INFO - Sync 1 DAGs
[2022-09-28 17:37:54,907] {logging_mixin.py:115} INFO - [2022-09-28 17:37:54,907] {dag.py:2972} INFO - Setting next_dagrun for example_weekday_branch_operator to 2022-09-27T00:00:00+00:00, run_after=2022-09-28T00:00:00+00:00
[2022-09-28 17:37:54,935] {processor.py:161} INFO - Processing /home/airflow/.local/lib/python3.7/site-packages/airflow/example_dags/example_branch_day_of_week_operator.py took 0.385 seconds
[2022-09-28 17:38:36,173] {processor.py:153} INFO - Started process (PID=344) to work on /home/airflow/.local/lib/python3.7/site-packages/airflow/example_dags/example_branch_day_of_week_operator.py
[2022-09-28 17:38:36,175] {processor.py:641} INFO - Processing file /home/airflow/.local/lib/python3.7/site-packages/airflow/example_dags/example_branch_day_of_week_operator.py for tasks to queue
[2022-09-28 17:38:36,176] {logging_mixin.py:115} INFO - [2022-09-28 17:38:36,176] {dagbag.py:508} INFO - Filling up the DagBag from /home/airflow/.local/lib/python3.7/site-packages/airflow/example_dags/example_branch_day_of_week_operator.py
[2022-09-28 17:38:36,196] {processor.py:651} INFO - DAG(s) dict_keys(['example_weekday_branch_operator']) retrieved from /home/airflow/.local/lib/python3.7/site-packages/airflow/example_dags/example_branch_day_of_week_operator.py
[2022-09-28 17:38:36,417] {logging_mixin.py:115} INFO - [2022-09-28 17:38:36,417] {dag.py:2420} INFO - Sync 1 DAGs
[2022-09-28 17:38:36,462] {logging_mixin.py:115} INFO - [2022-09-28 17:38:36,462] {dag.py:2972} INFO - Setting next_dagrun for example_weekday_branch_operator to 2022-09-27T00:00:00+00:00, run_after=2022-09-28T00:00:00+00:00
[2022-09-28 17:38:36,485] {processor.py:161} INFO - Processing /home/airflow/.local/lib/python3.7/site-packages/airflow/example_dags/example_branch_day_of_week_operator.py took 0.317 seconds
[2022-09-28 17:39:07,313] {processor.py:153} INFO - Started process (PID=402) to work on /home/airflow/.local/lib/python3.7/site-packages/airflow/example_dags/example_branch_day_of_week_operator.py
[2022-09-28 17:39:07,316] {processor.py:641} INFO - Processing file /home/airflow/.local/lib/python3.7/site-packages/airflow/example_dags/example_branch_day_of_week_operator.py for tasks to queue
[2022-09-28 17:39:07,319] {logging_mixin.py:115} INFO - [2022-09-28 17:39:07,318] {dagbag.py:508} INFO - Filling up the DagBag from /home/airflow/.local/lib/python3.7/site-packages/airflow/example_dags/example_branch_day_of_week_operator.py
[2022-09-28 17:39:07,335] {processor.py:651} INFO - DAG(s) dict_keys(['example_weekday_branch_operator']) retrieved from /home/airflow/.local/lib/python3.7/site-packages/airflow/example_dags/example_branch_day_of_week_operator.py
[2022-09-28 17:39:07,552] {logging_mixin.py:115} INFO - [2022-09-28 17:39:07,552] {dag.py:2420} INFO - Sync 1 DAGs
[2022-09-28 17:39:07,590] {logging_mixin.py:115} INFO - [2022-09-28 17:39:07,590] {dag.py:2972} INFO - Setting next_dagrun for example_weekday_branch_operator to 2022-09-27T00:00:00+00:00, run_after=2022-09-28T00:00:00+00:00
[2022-09-28 17:39:07,622] {processor.py:161} INFO - Processing /home/airflow/.local/lib/python3.7/site-packages/airflow/example_dags/example_branch_day_of_week_operator.py took 0.315 seconds
