[2022-09-28 16:54:11,115] {processor.py:153} INFO - Started process (PID=170) to work on /home/airflow/.local/lib/python3.7/site-packages/airflow/example_dags/example_xcom.py
[2022-09-28 16:54:11,139] {processor.py:641} INFO - Processing file /home/airflow/.local/lib/python3.7/site-packages/airflow/example_dags/example_xcom.py for tasks to queue
[2022-09-28 16:54:11,142] {logging_mixin.py:115} INFO - [2022-09-28 16:54:11,141] {dagbag.py:508} INFO - Filling up the DagBag from /home/airflow/.local/lib/python3.7/site-packages/airflow/example_dags/example_xcom.py
[2022-09-28 16:54:11,854] {processor.py:651} INFO - DAG(s) dict_keys(['example_xcom']) retrieved from /home/airflow/.local/lib/python3.7/site-packages/airflow/example_dags/example_xcom.py
[2022-09-28 16:54:12,372] {logging_mixin.py:115} INFO - [2022-09-28 16:54:12,364] {dag.py:2420} INFO - Sync 1 DAGs
[2022-09-28 16:54:12,504] {logging_mixin.py:115} INFO - [2022-09-28 16:54:12,503] {dag.py:2972} INFO - Setting next_dagrun for example_xcom to 2021-01-01T00:00:00+00:00, run_after=2021-01-01T00:00:00+00:00
[2022-09-28 16:54:12,555] {processor.py:161} INFO - Processing /home/airflow/.local/lib/python3.7/site-packages/airflow/example_dags/example_xcom.py took 1.449 seconds
[2022-09-28 16:54:42,851] {processor.py:153} INFO - Started process (PID=227) to work on /home/airflow/.local/lib/python3.7/site-packages/airflow/example_dags/example_xcom.py
[2022-09-28 16:54:42,853] {processor.py:641} INFO - Processing file /home/airflow/.local/lib/python3.7/site-packages/airflow/example_dags/example_xcom.py for tasks to queue
[2022-09-28 16:54:42,854] {logging_mixin.py:115} INFO - [2022-09-28 16:54:42,854] {dagbag.py:508} INFO - Filling up the DagBag from /home/airflow/.local/lib/python3.7/site-packages/airflow/example_dags/example_xcom.py
[2022-09-28 16:54:43,039] {processor.py:651} INFO - DAG(s) dict_keys(['example_xcom']) retrieved from /home/airflow/.local/lib/python3.7/site-packages/airflow/example_dags/example_xcom.py
[2022-09-28 16:54:43,129] {logging_mixin.py:115} INFO - [2022-09-28 16:54:43,129] {dag.py:2420} INFO - Sync 1 DAGs
[2022-09-28 16:54:43,154] {logging_mixin.py:115} INFO - [2022-09-28 16:54:43,154] {dag.py:2972} INFO - Setting next_dagrun for example_xcom to 2021-01-01T00:00:00+00:00, run_after=2021-01-01T00:00:00+00:00
[2022-09-28 16:54:43,169] {processor.py:161} INFO - Processing /home/airflow/.local/lib/python3.7/site-packages/airflow/example_dags/example_xcom.py took 0.323 seconds
[2022-09-28 16:55:13,882] {processor.py:153} INFO - Started process (PID=292) to work on /home/airflow/.local/lib/python3.7/site-packages/airflow/example_dags/example_xcom.py
[2022-09-28 16:55:13,883] {processor.py:641} INFO - Processing file /home/airflow/.local/lib/python3.7/site-packages/airflow/example_dags/example_xcom.py for tasks to queue
[2022-09-28 16:55:13,885] {logging_mixin.py:115} INFO - [2022-09-28 16:55:13,885] {dagbag.py:508} INFO - Filling up the DagBag from /home/airflow/.local/lib/python3.7/site-packages/airflow/example_dags/example_xcom.py
[2022-09-28 16:55:14,100] {processor.py:651} INFO - DAG(s) dict_keys(['example_xcom']) retrieved from /home/airflow/.local/lib/python3.7/site-packages/airflow/example_dags/example_xcom.py
[2022-09-28 16:55:14,211] {logging_mixin.py:115} INFO - [2022-09-28 16:55:14,210] {dag.py:2420} INFO - Sync 1 DAGs
[2022-09-28 16:55:14,281] {logging_mixin.py:115} INFO - [2022-09-28 16:55:14,281] {dag.py:2972} INFO - Setting next_dagrun for example_xcom to 2021-01-01T00:00:00+00:00, run_after=2021-01-01T00:00:00+00:00
[2022-09-28 16:55:14,324] {processor.py:161} INFO - Processing /home/airflow/.local/lib/python3.7/site-packages/airflow/example_dags/example_xcom.py took 0.446 seconds
[2022-09-28 16:55:44,476] {processor.py:153} INFO - Started process (PID=349) to work on /home/airflow/.local/lib/python3.7/site-packages/airflow/example_dags/example_xcom.py
[2022-09-28 16:55:44,482] {processor.py:641} INFO - Processing file /home/airflow/.local/lib/python3.7/site-packages/airflow/example_dags/example_xcom.py for tasks to queue
[2022-09-28 16:55:44,485] {logging_mixin.py:115} INFO - [2022-09-28 16:55:44,485] {dagbag.py:508} INFO - Filling up the DagBag from /home/airflow/.local/lib/python3.7/site-packages/airflow/example_dags/example_xcom.py
[2022-09-28 16:55:44,935] {processor.py:651} INFO - DAG(s) dict_keys(['example_xcom']) retrieved from /home/airflow/.local/lib/python3.7/site-packages/airflow/example_dags/example_xcom.py
[2022-09-28 16:55:45,140] {logging_mixin.py:115} INFO - [2022-09-28 16:55:45,140] {dag.py:2420} INFO - Sync 1 DAGs
[2022-09-28 16:55:45,206] {logging_mixin.py:115} INFO - [2022-09-28 16:55:45,206] {dag.py:2972} INFO - Setting next_dagrun for example_xcom to 2021-01-01T00:00:00+00:00, run_after=2021-01-01T00:00:00+00:00
[2022-09-28 16:55:45,255] {processor.py:161} INFO - Processing /home/airflow/.local/lib/python3.7/site-packages/airflow/example_dags/example_xcom.py took 0.789 seconds
[2022-09-28 16:56:15,447] {processor.py:153} INFO - Started process (PID=415) to work on /home/airflow/.local/lib/python3.7/site-packages/airflow/example_dags/example_xcom.py
[2022-09-28 16:56:15,460] {processor.py:641} INFO - Processing file /home/airflow/.local/lib/python3.7/site-packages/airflow/example_dags/example_xcom.py for tasks to queue
[2022-09-28 16:56:15,467] {logging_mixin.py:115} INFO - [2022-09-28 16:56:15,466] {dagbag.py:508} INFO - Filling up the DagBag from /home/airflow/.local/lib/python3.7/site-packages/airflow/example_dags/example_xcom.py
[2022-09-28 16:56:15,771] {processor.py:651} INFO - DAG(s) dict_keys(['example_xcom']) retrieved from /home/airflow/.local/lib/python3.7/site-packages/airflow/example_dags/example_xcom.py
[2022-09-28 16:56:16,076] {logging_mixin.py:115} INFO - [2022-09-28 16:56:16,075] {dag.py:2420} INFO - Sync 1 DAGs
[2022-09-28 16:56:16,234] {logging_mixin.py:115} INFO - [2022-09-28 16:56:16,234] {dag.py:2972} INFO - Setting next_dagrun for example_xcom to 2021-01-01T00:00:00+00:00, run_after=2021-01-01T00:00:00+00:00
[2022-09-28 16:56:16,332] {processor.py:161} INFO - Processing /home/airflow/.local/lib/python3.7/site-packages/airflow/example_dags/example_xcom.py took 0.893 seconds
[2022-09-28 16:56:46,902] {processor.py:153} INFO - Started process (PID=470) to work on /home/airflow/.local/lib/python3.7/site-packages/airflow/example_dags/example_xcom.py
[2022-09-28 16:56:46,903] {processor.py:641} INFO - Processing file /home/airflow/.local/lib/python3.7/site-packages/airflow/example_dags/example_xcom.py for tasks to queue
[2022-09-28 16:56:46,904] {logging_mixin.py:115} INFO - [2022-09-28 16:56:46,904] {dagbag.py:508} INFO - Filling up the DagBag from /home/airflow/.local/lib/python3.7/site-packages/airflow/example_dags/example_xcom.py
[2022-09-28 16:56:47,075] {processor.py:651} INFO - DAG(s) dict_keys(['example_xcom']) retrieved from /home/airflow/.local/lib/python3.7/site-packages/airflow/example_dags/example_xcom.py
[2022-09-28 16:56:47,144] {logging_mixin.py:115} INFO - [2022-09-28 16:56:47,144] {dag.py:2420} INFO - Sync 1 DAGs
[2022-09-28 16:56:47,173] {logging_mixin.py:115} INFO - [2022-09-28 16:56:47,173] {dag.py:2972} INFO - Setting next_dagrun for example_xcom to 2021-01-01T00:00:00+00:00, run_after=2021-01-01T00:00:00+00:00
[2022-09-28 16:56:47,202] {processor.py:161} INFO - Processing /home/airflow/.local/lib/python3.7/site-packages/airflow/example_dags/example_xcom.py took 0.304 seconds
[2022-09-28 16:57:28,314] {processor.py:153} INFO - Started process (PID=526) to work on /home/airflow/.local/lib/python3.7/site-packages/airflow/example_dags/example_xcom.py
[2022-09-28 16:57:28,316] {processor.py:641} INFO - Processing file /home/airflow/.local/lib/python3.7/site-packages/airflow/example_dags/example_xcom.py for tasks to queue
[2022-09-28 16:57:28,318] {logging_mixin.py:115} INFO - [2022-09-28 16:57:28,318] {dagbag.py:508} INFO - Filling up the DagBag from /home/airflow/.local/lib/python3.7/site-packages/airflow/example_dags/example_xcom.py
[2022-09-28 16:57:28,531] {processor.py:651} INFO - DAG(s) dict_keys(['example_xcom']) retrieved from /home/airflow/.local/lib/python3.7/site-packages/airflow/example_dags/example_xcom.py
[2022-09-28 16:57:28,613] {logging_mixin.py:115} INFO - [2022-09-28 16:57:28,613] {dag.py:2420} INFO - Sync 1 DAGs
[2022-09-28 16:57:28,642] {logging_mixin.py:115} INFO - [2022-09-28 16:57:28,642] {dag.py:2972} INFO - Setting next_dagrun for example_xcom to 2021-01-01T00:00:00+00:00, run_after=2021-01-01T00:00:00+00:00
[2022-09-28 16:57:28,665] {processor.py:161} INFO - Processing /home/airflow/.local/lib/python3.7/site-packages/airflow/example_dags/example_xcom.py took 0.359 seconds
[2022-09-28 16:58:04,894] {processor.py:153} INFO - Started process (PID=593) to work on /home/airflow/.local/lib/python3.7/site-packages/airflow/example_dags/example_xcom.py
[2022-09-28 16:58:04,895] {processor.py:641} INFO - Processing file /home/airflow/.local/lib/python3.7/site-packages/airflow/example_dags/example_xcom.py for tasks to queue
[2022-09-28 16:58:04,897] {logging_mixin.py:115} INFO - [2022-09-28 16:58:04,896] {dagbag.py:508} INFO - Filling up the DagBag from /home/airflow/.local/lib/python3.7/site-packages/airflow/example_dags/example_xcom.py
[2022-09-28 16:58:05,083] {processor.py:651} INFO - DAG(s) dict_keys(['example_xcom']) retrieved from /home/airflow/.local/lib/python3.7/site-packages/airflow/example_dags/example_xcom.py
[2022-09-28 16:58:05,197] {logging_mixin.py:115} INFO - [2022-09-28 16:58:05,196] {dag.py:2420} INFO - Sync 1 DAGs
[2022-09-28 16:58:05,271] {logging_mixin.py:115} INFO - [2022-09-28 16:58:05,271] {dag.py:2972} INFO - Setting next_dagrun for example_xcom to 2021-01-01T00:00:00+00:00, run_after=2021-01-01T00:00:00+00:00
[2022-09-28 16:58:05,319] {processor.py:161} INFO - Processing /home/airflow/.local/lib/python3.7/site-packages/airflow/example_dags/example_xcom.py took 0.431 seconds
[2022-09-28 16:58:36,510] {processor.py:153} INFO - Started process (PID=645) to work on /home/airflow/.local/lib/python3.7/site-packages/airflow/example_dags/example_xcom.py
[2022-09-28 16:58:36,527] {processor.py:641} INFO - Processing file /home/airflow/.local/lib/python3.7/site-packages/airflow/example_dags/example_xcom.py for tasks to queue
[2022-09-28 16:58:36,529] {logging_mixin.py:115} INFO - [2022-09-28 16:58:36,529] {dagbag.py:508} INFO - Filling up the DagBag from /home/airflow/.local/lib/python3.7/site-packages/airflow/example_dags/example_xcom.py
[2022-09-28 16:58:36,660] {processor.py:651} INFO - DAG(s) dict_keys(['example_xcom']) retrieved from /home/airflow/.local/lib/python3.7/site-packages/airflow/example_dags/example_xcom.py
[2022-09-28 16:58:36,981] {logging_mixin.py:115} INFO - [2022-09-28 16:58:36,981] {dag.py:2420} INFO - Sync 1 DAGs
[2022-09-28 16:58:37,039] {logging_mixin.py:115} INFO - [2022-09-28 16:58:37,039] {dag.py:2972} INFO - Setting next_dagrun for example_xcom to 2021-01-01T00:00:00+00:00, run_after=2021-01-01T00:00:00+00:00
[2022-09-28 16:58:37,081] {processor.py:161} INFO - Processing /home/airflow/.local/lib/python3.7/site-packages/airflow/example_dags/example_xcom.py took 0.581 seconds
[2022-09-28 16:59:07,164] {processor.py:153} INFO - Started process (PID=705) to work on /home/airflow/.local/lib/python3.7/site-packages/airflow/example_dags/example_xcom.py
[2022-09-28 16:59:07,166] {processor.py:641} INFO - Processing file /home/airflow/.local/lib/python3.7/site-packages/airflow/example_dags/example_xcom.py for tasks to queue
[2022-09-28 16:59:07,168] {logging_mixin.py:115} INFO - [2022-09-28 16:59:07,168] {dagbag.py:508} INFO - Filling up the DagBag from /home/airflow/.local/lib/python3.7/site-packages/airflow/example_dags/example_xcom.py
[2022-09-28 16:59:07,215] {processor.py:651} INFO - DAG(s) dict_keys(['example_xcom']) retrieved from /home/airflow/.local/lib/python3.7/site-packages/airflow/example_dags/example_xcom.py
[2022-09-28 16:59:07,357] {logging_mixin.py:115} INFO - [2022-09-28 16:59:07,356] {dag.py:2420} INFO - Sync 1 DAGs
[2022-09-28 16:59:07,436] {logging_mixin.py:115} INFO - [2022-09-28 16:59:07,436] {dag.py:2972} INFO - Setting next_dagrun for example_xcom to 2021-01-01T00:00:00+00:00, run_after=2021-01-01T00:00:00+00:00
[2022-09-28 16:59:07,509] {processor.py:161} INFO - Processing /home/airflow/.local/lib/python3.7/site-packages/airflow/example_dags/example_xcom.py took 0.350 seconds
[2022-09-28 17:08:34,594] {processor.py:153} INFO - Started process (PID=149) to work on /home/airflow/.local/lib/python3.7/site-packages/airflow/example_dags/example_xcom.py
[2022-09-28 17:08:34,596] {processor.py:641} INFO - Processing file /home/airflow/.local/lib/python3.7/site-packages/airflow/example_dags/example_xcom.py for tasks to queue
[2022-09-28 17:08:34,603] {logging_mixin.py:115} INFO - [2022-09-28 17:08:34,603] {dagbag.py:508} INFO - Filling up the DagBag from /home/airflow/.local/lib/python3.7/site-packages/airflow/example_dags/example_xcom.py
[2022-09-28 17:08:34,876] {processor.py:651} INFO - DAG(s) dict_keys(['example_xcom']) retrieved from /home/airflow/.local/lib/python3.7/site-packages/airflow/example_dags/example_xcom.py
[2022-09-28 17:08:35,140] {logging_mixin.py:115} INFO - [2022-09-28 17:08:35,139] {manager.py:508} INFO - Created Permission View: can read on DAG:example_xcom
[2022-09-28 17:08:35,166] {logging_mixin.py:115} INFO - [2022-09-28 17:08:35,166] {manager.py:508} INFO - Created Permission View: can delete on DAG:example_xcom
[2022-09-28 17:08:35,191] {logging_mixin.py:115} INFO - [2022-09-28 17:08:35,191] {manager.py:508} INFO - Created Permission View: can edit on DAG:example_xcom
[2022-09-28 17:08:35,193] {logging_mixin.py:115} INFO - [2022-09-28 17:08:35,192] {dag.py:2420} INFO - Sync 1 DAGs
[2022-09-28 17:08:35,210] {logging_mixin.py:115} INFO - [2022-09-28 17:08:35,208] {dag.py:2439} INFO - Creating ORM DAG for example_xcom
[2022-09-28 17:08:35,237] {logging_mixin.py:115} INFO - [2022-09-28 17:08:35,237] {dag.py:2972} INFO - Setting next_dagrun for example_xcom to 2021-01-01T00:00:00+00:00, run_after=2021-01-01T00:00:00+00:00
[2022-09-28 17:08:35,275] {processor.py:161} INFO - Processing /home/airflow/.local/lib/python3.7/site-packages/airflow/example_dags/example_xcom.py took 0.734 seconds
[2022-09-28 17:09:05,639] {processor.py:153} INFO - Started process (PID=205) to work on /home/airflow/.local/lib/python3.7/site-packages/airflow/example_dags/example_xcom.py
[2022-09-28 17:09:05,641] {processor.py:641} INFO - Processing file /home/airflow/.local/lib/python3.7/site-packages/airflow/example_dags/example_xcom.py for tasks to queue
[2022-09-28 17:09:05,643] {logging_mixin.py:115} INFO - [2022-09-28 17:09:05,643] {dagbag.py:508} INFO - Filling up the DagBag from /home/airflow/.local/lib/python3.7/site-packages/airflow/example_dags/example_xcom.py
[2022-09-28 17:09:05,849] {processor.py:651} INFO - DAG(s) dict_keys(['example_xcom']) retrieved from /home/airflow/.local/lib/python3.7/site-packages/airflow/example_dags/example_xcom.py
[2022-09-28 17:09:05,914] {logging_mixin.py:115} INFO - [2022-09-28 17:09:05,914] {dag.py:2420} INFO - Sync 1 DAGs
[2022-09-28 17:09:05,941] {logging_mixin.py:115} INFO - [2022-09-28 17:09:05,941] {dag.py:2972} INFO - Setting next_dagrun for example_xcom to 2021-01-01T00:00:00+00:00, run_after=2021-01-01T00:00:00+00:00
[2022-09-28 17:09:05,966] {processor.py:161} INFO - Processing /home/airflow/.local/lib/python3.7/site-packages/airflow/example_dags/example_xcom.py took 0.337 seconds
[2022-09-28 17:09:36,118] {processor.py:153} INFO - Started process (PID=272) to work on /home/airflow/.local/lib/python3.7/site-packages/airflow/example_dags/example_xcom.py
[2022-09-28 17:09:36,119] {processor.py:641} INFO - Processing file /home/airflow/.local/lib/python3.7/site-packages/airflow/example_dags/example_xcom.py for tasks to queue
[2022-09-28 17:09:36,120] {logging_mixin.py:115} INFO - [2022-09-28 17:09:36,120] {dagbag.py:508} INFO - Filling up the DagBag from /home/airflow/.local/lib/python3.7/site-packages/airflow/example_dags/example_xcom.py
[2022-09-28 17:09:36,296] {processor.py:651} INFO - DAG(s) dict_keys(['example_xcom']) retrieved from /home/airflow/.local/lib/python3.7/site-packages/airflow/example_dags/example_xcom.py
[2022-09-28 17:09:36,364] {logging_mixin.py:115} INFO - [2022-09-28 17:09:36,364] {dag.py:2420} INFO - Sync 1 DAGs
[2022-09-28 17:09:36,388] {logging_mixin.py:115} INFO - [2022-09-28 17:09:36,388] {dag.py:2972} INFO - Setting next_dagrun for example_xcom to 2021-01-01T00:00:00+00:00, run_after=2021-01-01T00:00:00+00:00
[2022-09-28 17:09:36,407] {processor.py:161} INFO - Processing /home/airflow/.local/lib/python3.7/site-packages/airflow/example_dags/example_xcom.py took 0.293 seconds
[2022-09-28 17:10:06,952] {processor.py:153} INFO - Started process (PID=337) to work on /home/airflow/.local/lib/python3.7/site-packages/airflow/example_dags/example_xcom.py
[2022-09-28 17:10:06,954] {processor.py:641} INFO - Processing file /home/airflow/.local/lib/python3.7/site-packages/airflow/example_dags/example_xcom.py for tasks to queue
[2022-09-28 17:10:06,956] {logging_mixin.py:115} INFO - [2022-09-28 17:10:06,956] {dagbag.py:508} INFO - Filling up the DagBag from /home/airflow/.local/lib/python3.7/site-packages/airflow/example_dags/example_xcom.py
[2022-09-28 17:10:07,146] {processor.py:651} INFO - DAG(s) dict_keys(['example_xcom']) retrieved from /home/airflow/.local/lib/python3.7/site-packages/airflow/example_dags/example_xcom.py
[2022-09-28 17:10:07,171] {logging_mixin.py:115} INFO - [2022-09-28 17:10:07,171] {dag.py:2420} INFO - Sync 1 DAGs
[2022-09-28 17:10:07,199] {logging_mixin.py:115} INFO - [2022-09-28 17:10:07,199] {dag.py:2972} INFO - Setting next_dagrun for example_xcom to 2021-01-01T00:00:00+00:00, run_after=2021-01-01T00:00:00+00:00
[2022-09-28 17:10:07,215] {processor.py:161} INFO - Processing /home/airflow/.local/lib/python3.7/site-packages/airflow/example_dags/example_xcom.py took 0.267 seconds
[2022-09-28 17:10:37,841] {processor.py:153} INFO - Started process (PID=393) to work on /home/airflow/.local/lib/python3.7/site-packages/airflow/example_dags/example_xcom.py
[2022-09-28 17:10:37,843] {processor.py:641} INFO - Processing file /home/airflow/.local/lib/python3.7/site-packages/airflow/example_dags/example_xcom.py for tasks to queue
[2022-09-28 17:10:37,845] {logging_mixin.py:115} INFO - [2022-09-28 17:10:37,845] {dagbag.py:508} INFO - Filling up the DagBag from /home/airflow/.local/lib/python3.7/site-packages/airflow/example_dags/example_xcom.py
[2022-09-28 17:10:38,035] {processor.py:651} INFO - DAG(s) dict_keys(['example_xcom']) retrieved from /home/airflow/.local/lib/python3.7/site-packages/airflow/example_dags/example_xcom.py
[2022-09-28 17:10:38,126] {logging_mixin.py:115} INFO - [2022-09-28 17:10:38,126] {dag.py:2420} INFO - Sync 1 DAGs
[2022-09-28 17:10:38,168] {logging_mixin.py:115} INFO - [2022-09-28 17:10:38,168] {dag.py:2972} INFO - Setting next_dagrun for example_xcom to 2021-01-01T00:00:00+00:00, run_after=2021-01-01T00:00:00+00:00
[2022-09-28 17:10:38,194] {processor.py:161} INFO - Processing /home/airflow/.local/lib/python3.7/site-packages/airflow/example_dags/example_xcom.py took 0.359 seconds
[2022-09-28 17:11:08,737] {processor.py:153} INFO - Started process (PID=460) to work on /home/airflow/.local/lib/python3.7/site-packages/airflow/example_dags/example_xcom.py
[2022-09-28 17:11:08,742] {processor.py:641} INFO - Processing file /home/airflow/.local/lib/python3.7/site-packages/airflow/example_dags/example_xcom.py for tasks to queue
[2022-09-28 17:11:08,745] {logging_mixin.py:115} INFO - [2022-09-28 17:11:08,745] {dagbag.py:508} INFO - Filling up the DagBag from /home/airflow/.local/lib/python3.7/site-packages/airflow/example_dags/example_xcom.py
[2022-09-28 17:11:09,145] {processor.py:651} INFO - DAG(s) dict_keys(['example_xcom']) retrieved from /home/airflow/.local/lib/python3.7/site-packages/airflow/example_dags/example_xcom.py
[2022-09-28 17:11:09,335] {logging_mixin.py:115} INFO - [2022-09-28 17:11:09,335] {dag.py:2420} INFO - Sync 1 DAGs
[2022-09-28 17:11:09,405] {logging_mixin.py:115} INFO - [2022-09-28 17:11:09,405] {dag.py:2972} INFO - Setting next_dagrun for example_xcom to 2021-01-01T00:00:00+00:00, run_after=2021-01-01T00:00:00+00:00
[2022-09-28 17:11:09,445] {processor.py:161} INFO - Processing /home/airflow/.local/lib/python3.7/site-packages/airflow/example_dags/example_xcom.py took 0.717 seconds
[2022-09-28 17:11:40,182] {processor.py:153} INFO - Started process (PID=528) to work on /home/airflow/.local/lib/python3.7/site-packages/airflow/example_dags/example_xcom.py
[2022-09-28 17:11:40,184] {processor.py:641} INFO - Processing file /home/airflow/.local/lib/python3.7/site-packages/airflow/example_dags/example_xcom.py for tasks to queue
[2022-09-28 17:11:40,188] {logging_mixin.py:115} INFO - [2022-09-28 17:11:40,188] {dagbag.py:508} INFO - Filling up the DagBag from /home/airflow/.local/lib/python3.7/site-packages/airflow/example_dags/example_xcom.py
[2022-09-28 17:11:40,366] {processor.py:651} INFO - DAG(s) dict_keys(['example_xcom']) retrieved from /home/airflow/.local/lib/python3.7/site-packages/airflow/example_dags/example_xcom.py
[2022-09-28 17:11:40,442] {logging_mixin.py:115} INFO - [2022-09-28 17:11:40,442] {dag.py:2420} INFO - Sync 1 DAGs
[2022-09-28 17:11:40,473] {logging_mixin.py:115} INFO - [2022-09-28 17:11:40,473] {dag.py:2972} INFO - Setting next_dagrun for example_xcom to 2021-01-01T00:00:00+00:00, run_after=2021-01-01T00:00:00+00:00
[2022-09-28 17:11:40,498] {processor.py:161} INFO - Processing /home/airflow/.local/lib/python3.7/site-packages/airflow/example_dags/example_xcom.py took 0.323 seconds
[2022-09-28 17:12:10,642] {processor.py:153} INFO - Started process (PID=584) to work on /home/airflow/.local/lib/python3.7/site-packages/airflow/example_dags/example_xcom.py
[2022-09-28 17:12:10,644] {processor.py:641} INFO - Processing file /home/airflow/.local/lib/python3.7/site-packages/airflow/example_dags/example_xcom.py for tasks to queue
[2022-09-28 17:12:10,646] {logging_mixin.py:115} INFO - [2022-09-28 17:12:10,645] {dagbag.py:508} INFO - Filling up the DagBag from /home/airflow/.local/lib/python3.7/site-packages/airflow/example_dags/example_xcom.py
[2022-09-28 17:12:10,802] {processor.py:651} INFO - DAG(s) dict_keys(['example_xcom']) retrieved from /home/airflow/.local/lib/python3.7/site-packages/airflow/example_dags/example_xcom.py
[2022-09-28 17:12:10,871] {logging_mixin.py:115} INFO - [2022-09-28 17:12:10,871] {dag.py:2420} INFO - Sync 1 DAGs
[2022-09-28 17:12:10,894] {logging_mixin.py:115} INFO - [2022-09-28 17:12:10,894] {dag.py:2972} INFO - Setting next_dagrun for example_xcom to 2021-01-01T00:00:00+00:00, run_after=2021-01-01T00:00:00+00:00
[2022-09-28 17:12:10,917] {processor.py:161} INFO - Processing /home/airflow/.local/lib/python3.7/site-packages/airflow/example_dags/example_xcom.py took 0.280 seconds
[2022-09-28 17:12:41,602] {processor.py:153} INFO - Started process (PID=650) to work on /home/airflow/.local/lib/python3.7/site-packages/airflow/example_dags/example_xcom.py
[2022-09-28 17:12:41,604] {processor.py:641} INFO - Processing file /home/airflow/.local/lib/python3.7/site-packages/airflow/example_dags/example_xcom.py for tasks to queue
[2022-09-28 17:12:41,606] {logging_mixin.py:115} INFO - [2022-09-28 17:12:41,606] {dagbag.py:508} INFO - Filling up the DagBag from /home/airflow/.local/lib/python3.7/site-packages/airflow/example_dags/example_xcom.py
[2022-09-28 17:12:41,780] {processor.py:651} INFO - DAG(s) dict_keys(['example_xcom']) retrieved from /home/airflow/.local/lib/python3.7/site-packages/airflow/example_dags/example_xcom.py
[2022-09-28 17:12:41,862] {logging_mixin.py:115} INFO - [2022-09-28 17:12:41,861] {dag.py:2420} INFO - Sync 1 DAGs
[2022-09-28 17:12:41,891] {logging_mixin.py:115} INFO - [2022-09-28 17:12:41,891] {dag.py:2972} INFO - Setting next_dagrun for example_xcom to 2021-01-01T00:00:00+00:00, run_after=2021-01-01T00:00:00+00:00
[2022-09-28 17:12:41,918] {processor.py:161} INFO - Processing /home/airflow/.local/lib/python3.7/site-packages/airflow/example_dags/example_xcom.py took 0.323 seconds
[2022-09-28 17:13:12,137] {processor.py:153} INFO - Started process (PID=711) to work on /home/airflow/.local/lib/python3.7/site-packages/airflow/example_dags/example_xcom.py
[2022-09-28 17:13:12,138] {processor.py:641} INFO - Processing file /home/airflow/.local/lib/python3.7/site-packages/airflow/example_dags/example_xcom.py for tasks to queue
[2022-09-28 17:13:12,142] {logging_mixin.py:115} INFO - [2022-09-28 17:13:12,142] {dagbag.py:508} INFO - Filling up the DagBag from /home/airflow/.local/lib/python3.7/site-packages/airflow/example_dags/example_xcom.py
[2022-09-28 17:13:12,318] {processor.py:651} INFO - DAG(s) dict_keys(['example_xcom']) retrieved from /home/airflow/.local/lib/python3.7/site-packages/airflow/example_dags/example_xcom.py
[2022-09-28 17:13:12,344] {logging_mixin.py:115} INFO - [2022-09-28 17:13:12,344] {dag.py:2420} INFO - Sync 1 DAGs
[2022-09-28 17:13:12,368] {logging_mixin.py:115} INFO - [2022-09-28 17:13:12,368] {dag.py:2972} INFO - Setting next_dagrun for example_xcom to 2021-01-01T00:00:00+00:00, run_after=2021-01-01T00:00:00+00:00
[2022-09-28 17:13:12,385] {processor.py:161} INFO - Processing /home/airflow/.local/lib/python3.7/site-packages/airflow/example_dags/example_xcom.py took 0.252 seconds
[2022-09-28 17:13:42,766] {processor.py:153} INFO - Started process (PID=767) to work on /home/airflow/.local/lib/python3.7/site-packages/airflow/example_dags/example_xcom.py
[2022-09-28 17:13:42,768] {processor.py:641} INFO - Processing file /home/airflow/.local/lib/python3.7/site-packages/airflow/example_dags/example_xcom.py for tasks to queue
[2022-09-28 17:13:42,769] {logging_mixin.py:115} INFO - [2022-09-28 17:13:42,769] {dagbag.py:508} INFO - Filling up the DagBag from /home/airflow/.local/lib/python3.7/site-packages/airflow/example_dags/example_xcom.py
[2022-09-28 17:13:42,790] {processor.py:651} INFO - DAG(s) dict_keys(['example_xcom']) retrieved from /home/airflow/.local/lib/python3.7/site-packages/airflow/example_dags/example_xcom.py
[2022-09-28 17:13:42,865] {logging_mixin.py:115} INFO - [2022-09-28 17:13:42,865] {dag.py:2420} INFO - Sync 1 DAGs
[2022-09-28 17:13:42,890] {logging_mixin.py:115} INFO - [2022-09-28 17:13:42,890] {dag.py:2972} INFO - Setting next_dagrun for example_xcom to 2021-01-01T00:00:00+00:00, run_after=2021-01-01T00:00:00+00:00
[2022-09-28 17:13:42,912] {processor.py:161} INFO - Processing /home/airflow/.local/lib/python3.7/site-packages/airflow/example_dags/example_xcom.py took 0.152 seconds
[2022-09-28 17:14:13,770] {processor.py:153} INFO - Started process (PID=833) to work on /home/airflow/.local/lib/python3.7/site-packages/airflow/example_dags/example_xcom.py
[2022-09-28 17:14:13,771] {processor.py:641} INFO - Processing file /home/airflow/.local/lib/python3.7/site-packages/airflow/example_dags/example_xcom.py for tasks to queue
[2022-09-28 17:14:13,773] {logging_mixin.py:115} INFO - [2022-09-28 17:14:13,773] {dagbag.py:508} INFO - Filling up the DagBag from /home/airflow/.local/lib/python3.7/site-packages/airflow/example_dags/example_xcom.py
[2022-09-28 17:14:13,798] {processor.py:651} INFO - DAG(s) dict_keys(['example_xcom']) retrieved from /home/airflow/.local/lib/python3.7/site-packages/airflow/example_dags/example_xcom.py
[2022-09-28 17:14:13,875] {logging_mixin.py:115} INFO - [2022-09-28 17:14:13,874] {dag.py:2420} INFO - Sync 1 DAGs
[2022-09-28 17:14:13,900] {logging_mixin.py:115} INFO - [2022-09-28 17:14:13,900] {dag.py:2972} INFO - Setting next_dagrun for example_xcom to 2021-01-01T00:00:00+00:00, run_after=2021-01-01T00:00:00+00:00
[2022-09-28 17:14:13,924] {processor.py:161} INFO - Processing /home/airflow/.local/lib/python3.7/site-packages/airflow/example_dags/example_xcom.py took 0.160 seconds
[2022-09-28 17:14:44,503] {processor.py:153} INFO - Started process (PID=888) to work on /home/airflow/.local/lib/python3.7/site-packages/airflow/example_dags/example_xcom.py
[2022-09-28 17:14:44,505] {processor.py:641} INFO - Processing file /home/airflow/.local/lib/python3.7/site-packages/airflow/example_dags/example_xcom.py for tasks to queue
[2022-09-28 17:14:44,507] {logging_mixin.py:115} INFO - [2022-09-28 17:14:44,506] {dagbag.py:508} INFO - Filling up the DagBag from /home/airflow/.local/lib/python3.7/site-packages/airflow/example_dags/example_xcom.py
[2022-09-28 17:14:44,529] {processor.py:651} INFO - DAG(s) dict_keys(['example_xcom']) retrieved from /home/airflow/.local/lib/python3.7/site-packages/airflow/example_dags/example_xcom.py
[2022-09-28 17:14:44,602] {logging_mixin.py:115} INFO - [2022-09-28 17:14:44,602] {dag.py:2420} INFO - Sync 1 DAGs
[2022-09-28 17:14:44,629] {logging_mixin.py:115} INFO - [2022-09-28 17:14:44,629] {dag.py:2972} INFO - Setting next_dagrun for example_xcom to 2021-01-01T00:00:00+00:00, run_after=2021-01-01T00:00:00+00:00
[2022-09-28 17:14:44,651] {processor.py:161} INFO - Processing /home/airflow/.local/lib/python3.7/site-packages/airflow/example_dags/example_xcom.py took 0.152 seconds
[2022-09-28 17:15:15,041] {processor.py:153} INFO - Started process (PID=955) to work on /home/airflow/.local/lib/python3.7/site-packages/airflow/example_dags/example_xcom.py
[2022-09-28 17:15:15,043] {processor.py:641} INFO - Processing file /home/airflow/.local/lib/python3.7/site-packages/airflow/example_dags/example_xcom.py for tasks to queue
[2022-09-28 17:15:15,045] {logging_mixin.py:115} INFO - [2022-09-28 17:15:15,045] {dagbag.py:508} INFO - Filling up the DagBag from /home/airflow/.local/lib/python3.7/site-packages/airflow/example_dags/example_xcom.py
[2022-09-28 17:15:15,067] {processor.py:651} INFO - DAG(s) dict_keys(['example_xcom']) retrieved from /home/airflow/.local/lib/python3.7/site-packages/airflow/example_dags/example_xcom.py
[2022-09-28 17:15:15,098] {logging_mixin.py:115} INFO - [2022-09-28 17:15:15,098] {dag.py:2420} INFO - Sync 1 DAGs
[2022-09-28 17:15:15,123] {logging_mixin.py:115} INFO - [2022-09-28 17:15:15,123] {dag.py:2972} INFO - Setting next_dagrun for example_xcom to 2021-01-01T00:00:00+00:00, run_after=2021-01-01T00:00:00+00:00
[2022-09-28 17:15:15,139] {processor.py:161} INFO - Processing /home/airflow/.local/lib/python3.7/site-packages/airflow/example_dags/example_xcom.py took 0.103 seconds
[2022-09-28 17:15:45,349] {processor.py:153} INFO - Started process (PID=1020) to work on /home/airflow/.local/lib/python3.7/site-packages/airflow/example_dags/example_xcom.py
[2022-09-28 17:15:45,351] {processor.py:641} INFO - Processing file /home/airflow/.local/lib/python3.7/site-packages/airflow/example_dags/example_xcom.py for tasks to queue
[2022-09-28 17:15:45,354] {logging_mixin.py:115} INFO - [2022-09-28 17:15:45,354] {dagbag.py:508} INFO - Filling up the DagBag from /home/airflow/.local/lib/python3.7/site-packages/airflow/example_dags/example_xcom.py
[2022-09-28 17:15:45,382] {processor.py:651} INFO - DAG(s) dict_keys(['example_xcom']) retrieved from /home/airflow/.local/lib/python3.7/site-packages/airflow/example_dags/example_xcom.py
[2022-09-28 17:15:45,487] {logging_mixin.py:115} INFO - [2022-09-28 17:15:45,487] {dag.py:2420} INFO - Sync 1 DAGs
[2022-09-28 17:15:45,537] {logging_mixin.py:115} INFO - [2022-09-28 17:15:45,537] {dag.py:2972} INFO - Setting next_dagrun for example_xcom to 2021-01-01T00:00:00+00:00, run_after=2021-01-01T00:00:00+00:00
[2022-09-28 17:15:45,587] {processor.py:161} INFO - Processing /home/airflow/.local/lib/python3.7/site-packages/airflow/example_dags/example_xcom.py took 0.249 seconds
[2022-09-28 17:16:15,667] {processor.py:153} INFO - Started process (PID=1076) to work on /home/airflow/.local/lib/python3.7/site-packages/airflow/example_dags/example_xcom.py
[2022-09-28 17:16:15,668] {processor.py:641} INFO - Processing file /home/airflow/.local/lib/python3.7/site-packages/airflow/example_dags/example_xcom.py for tasks to queue
[2022-09-28 17:16:15,670] {logging_mixin.py:115} INFO - [2022-09-28 17:16:15,670] {dagbag.py:508} INFO - Filling up the DagBag from /home/airflow/.local/lib/python3.7/site-packages/airflow/example_dags/example_xcom.py
[2022-09-28 17:16:15,698] {processor.py:651} INFO - DAG(s) dict_keys(['example_xcom']) retrieved from /home/airflow/.local/lib/python3.7/site-packages/airflow/example_dags/example_xcom.py
[2022-09-28 17:16:15,797] {logging_mixin.py:115} INFO - [2022-09-28 17:16:15,797] {dag.py:2420} INFO - Sync 1 DAGs
[2022-09-28 17:16:15,841] {logging_mixin.py:115} INFO - [2022-09-28 17:16:15,840] {dag.py:2972} INFO - Setting next_dagrun for example_xcom to 2021-01-01T00:00:00+00:00, run_after=2021-01-01T00:00:00+00:00
[2022-09-28 17:16:15,871] {processor.py:161} INFO - Processing /home/airflow/.local/lib/python3.7/site-packages/airflow/example_dags/example_xcom.py took 0.210 seconds
[2022-09-28 17:16:46,112] {processor.py:153} INFO - Started process (PID=1141) to work on /home/airflow/.local/lib/python3.7/site-packages/airflow/example_dags/example_xcom.py
[2022-09-28 17:16:46,115] {processor.py:641} INFO - Processing file /home/airflow/.local/lib/python3.7/site-packages/airflow/example_dags/example_xcom.py for tasks to queue
[2022-09-28 17:16:46,118] {logging_mixin.py:115} INFO - [2022-09-28 17:16:46,118] {dagbag.py:508} INFO - Filling up the DagBag from /home/airflow/.local/lib/python3.7/site-packages/airflow/example_dags/example_xcom.py
[2022-09-28 17:16:46,159] {processor.py:651} INFO - DAG(s) dict_keys(['example_xcom']) retrieved from /home/airflow/.local/lib/python3.7/site-packages/airflow/example_dags/example_xcom.py
[2022-09-28 17:16:46,275] {logging_mixin.py:115} INFO - [2022-09-28 17:16:46,275] {dag.py:2420} INFO - Sync 1 DAGs
[2022-09-28 17:16:46,306] {logging_mixin.py:115} INFO - [2022-09-28 17:16:46,306] {dag.py:2972} INFO - Setting next_dagrun for example_xcom to 2021-01-01T00:00:00+00:00, run_after=2021-01-01T00:00:00+00:00
[2022-09-28 17:16:46,332] {processor.py:161} INFO - Processing /home/airflow/.local/lib/python3.7/site-packages/airflow/example_dags/example_xcom.py took 0.229 seconds
[2022-09-28 17:17:16,969] {processor.py:153} INFO - Started process (PID=1207) to work on /home/airflow/.local/lib/python3.7/site-packages/airflow/example_dags/example_xcom.py
[2022-09-28 17:17:16,970] {processor.py:641} INFO - Processing file /home/airflow/.local/lib/python3.7/site-packages/airflow/example_dags/example_xcom.py for tasks to queue
[2022-09-28 17:17:16,972] {logging_mixin.py:115} INFO - [2022-09-28 17:17:16,972] {dagbag.py:508} INFO - Filling up the DagBag from /home/airflow/.local/lib/python3.7/site-packages/airflow/example_dags/example_xcom.py
[2022-09-28 17:17:16,995] {processor.py:651} INFO - DAG(s) dict_keys(['example_xcom']) retrieved from /home/airflow/.local/lib/python3.7/site-packages/airflow/example_dags/example_xcom.py
[2022-09-28 17:17:17,031] {logging_mixin.py:115} INFO - [2022-09-28 17:17:17,030] {dag.py:2420} INFO - Sync 1 DAGs
[2022-09-28 17:17:17,064] {logging_mixin.py:115} INFO - [2022-09-28 17:17:17,064] {dag.py:2972} INFO - Setting next_dagrun for example_xcom to 2021-01-01T00:00:00+00:00, run_after=2021-01-01T00:00:00+00:00
[2022-09-28 17:17:17,079] {processor.py:161} INFO - Processing /home/airflow/.local/lib/python3.7/site-packages/airflow/example_dags/example_xcom.py took 0.116 seconds
[2022-09-28 17:17:47,761] {processor.py:153} INFO - Started process (PID=1264) to work on /home/airflow/.local/lib/python3.7/site-packages/airflow/example_dags/example_xcom.py
[2022-09-28 17:17:47,763] {processor.py:641} INFO - Processing file /home/airflow/.local/lib/python3.7/site-packages/airflow/example_dags/example_xcom.py for tasks to queue
[2022-09-28 17:17:47,765] {logging_mixin.py:115} INFO - [2022-09-28 17:17:47,765] {dagbag.py:508} INFO - Filling up the DagBag from /home/airflow/.local/lib/python3.7/site-packages/airflow/example_dags/example_xcom.py
[2022-09-28 17:17:47,787] {processor.py:651} INFO - DAG(s) dict_keys(['example_xcom']) retrieved from /home/airflow/.local/lib/python3.7/site-packages/airflow/example_dags/example_xcom.py
[2022-09-28 17:17:47,828] {logging_mixin.py:115} INFO - [2022-09-28 17:17:47,828] {dag.py:2420} INFO - Sync 1 DAGs
[2022-09-28 17:17:47,859] {logging_mixin.py:115} INFO - [2022-09-28 17:17:47,859] {dag.py:2972} INFO - Setting next_dagrun for example_xcom to 2021-01-01T00:00:00+00:00, run_after=2021-01-01T00:00:00+00:00
[2022-09-28 17:17:47,877] {processor.py:161} INFO - Processing /home/airflow/.local/lib/python3.7/site-packages/airflow/example_dags/example_xcom.py took 0.124 seconds
[2022-09-28 17:18:19,370] {processor.py:153} INFO - Started process (PID=1330) to work on /home/airflow/.local/lib/python3.7/site-packages/airflow/example_dags/example_xcom.py
[2022-09-28 17:18:19,373] {processor.py:641} INFO - Processing file /home/airflow/.local/lib/python3.7/site-packages/airflow/example_dags/example_xcom.py for tasks to queue
[2022-09-28 17:18:19,377] {logging_mixin.py:115} INFO - [2022-09-28 17:18:19,377] {dagbag.py:508} INFO - Filling up the DagBag from /home/airflow/.local/lib/python3.7/site-packages/airflow/example_dags/example_xcom.py
[2022-09-28 17:18:19,429] {processor.py:651} INFO - DAG(s) dict_keys(['example_xcom']) retrieved from /home/airflow/.local/lib/python3.7/site-packages/airflow/example_dags/example_xcom.py
[2022-09-28 17:18:19,760] {logging_mixin.py:115} INFO - [2022-09-28 17:18:19,760] {dag.py:2420} INFO - Sync 1 DAGs
[2022-09-28 17:18:19,860] {logging_mixin.py:115} INFO - [2022-09-28 17:18:19,859] {dag.py:2972} INFO - Setting next_dagrun for example_xcom to 2021-01-01T00:00:00+00:00, run_after=2021-01-01T00:00:00+00:00
[2022-09-28 17:18:20,034] {processor.py:161} INFO - Processing /home/airflow/.local/lib/python3.7/site-packages/airflow/example_dags/example_xcom.py took 0.669 seconds
[2022-09-28 17:18:50,706] {processor.py:153} INFO - Started process (PID=1385) to work on /home/airflow/.local/lib/python3.7/site-packages/airflow/example_dags/example_xcom.py
[2022-09-28 17:18:50,707] {processor.py:641} INFO - Processing file /home/airflow/.local/lib/python3.7/site-packages/airflow/example_dags/example_xcom.py for tasks to queue
[2022-09-28 17:18:50,708] {logging_mixin.py:115} INFO - [2022-09-28 17:18:50,708] {dagbag.py:508} INFO - Filling up the DagBag from /home/airflow/.local/lib/python3.7/site-packages/airflow/example_dags/example_xcom.py
[2022-09-28 17:18:50,730] {processor.py:651} INFO - DAG(s) dict_keys(['example_xcom']) retrieved from /home/airflow/.local/lib/python3.7/site-packages/airflow/example_dags/example_xcom.py
[2022-09-28 17:18:50,820] {logging_mixin.py:115} INFO - [2022-09-28 17:18:50,820] {dag.py:2420} INFO - Sync 1 DAGs
[2022-09-28 17:18:50,851] {logging_mixin.py:115} INFO - [2022-09-28 17:18:50,851] {dag.py:2972} INFO - Setting next_dagrun for example_xcom to 2021-01-01T00:00:00+00:00, run_after=2021-01-01T00:00:00+00:00
[2022-09-28 17:18:50,876] {processor.py:161} INFO - Processing /home/airflow/.local/lib/python3.7/site-packages/airflow/example_dags/example_xcom.py took 0.175 seconds
[2022-09-28 17:19:21,288] {processor.py:153} INFO - Started process (PID=1451) to work on /home/airflow/.local/lib/python3.7/site-packages/airflow/example_dags/example_xcom.py
[2022-09-28 17:19:21,289] {processor.py:641} INFO - Processing file /home/airflow/.local/lib/python3.7/site-packages/airflow/example_dags/example_xcom.py for tasks to queue
[2022-09-28 17:19:21,290] {logging_mixin.py:115} INFO - [2022-09-28 17:19:21,290] {dagbag.py:508} INFO - Filling up the DagBag from /home/airflow/.local/lib/python3.7/site-packages/airflow/example_dags/example_xcom.py
[2022-09-28 17:19:21,317] {processor.py:651} INFO - DAG(s) dict_keys(['example_xcom']) retrieved from /home/airflow/.local/lib/python3.7/site-packages/airflow/example_dags/example_xcom.py
[2022-09-28 17:19:21,410] {logging_mixin.py:115} INFO - [2022-09-28 17:19:21,409] {dag.py:2420} INFO - Sync 1 DAGs
[2022-09-28 17:19:21,440] {logging_mixin.py:115} INFO - [2022-09-28 17:19:21,440] {dag.py:2972} INFO - Setting next_dagrun for example_xcom to 2021-01-01T00:00:00+00:00, run_after=2021-01-01T00:00:00+00:00
[2022-09-28 17:19:21,467] {processor.py:161} INFO - Processing /home/airflow/.local/lib/python3.7/site-packages/airflow/example_dags/example_xcom.py took 0.184 seconds
[2022-09-28 17:19:51,642] {processor.py:153} INFO - Started process (PID=1506) to work on /home/airflow/.local/lib/python3.7/site-packages/airflow/example_dags/example_xcom.py
[2022-09-28 17:19:51,644] {processor.py:641} INFO - Processing file /home/airflow/.local/lib/python3.7/site-packages/airflow/example_dags/example_xcom.py for tasks to queue
[2022-09-28 17:19:51,647] {logging_mixin.py:115} INFO - [2022-09-28 17:19:51,647] {dagbag.py:508} INFO - Filling up the DagBag from /home/airflow/.local/lib/python3.7/site-packages/airflow/example_dags/example_xcom.py
[2022-09-28 17:19:51,679] {processor.py:651} INFO - DAG(s) dict_keys(['example_xcom']) retrieved from /home/airflow/.local/lib/python3.7/site-packages/airflow/example_dags/example_xcom.py
[2022-09-28 17:19:51,711] {logging_mixin.py:115} INFO - [2022-09-28 17:19:51,711] {dag.py:2420} INFO - Sync 1 DAGs
[2022-09-28 17:19:51,744] {logging_mixin.py:115} INFO - [2022-09-28 17:19:51,744] {dag.py:2972} INFO - Setting next_dagrun for example_xcom to 2021-01-01T00:00:00+00:00, run_after=2021-01-01T00:00:00+00:00
[2022-09-28 17:19:51,771] {processor.py:161} INFO - Processing /home/airflow/.local/lib/python3.7/site-packages/airflow/example_dags/example_xcom.py took 0.134 seconds
[2022-09-28 17:20:21,933] {processor.py:153} INFO - Started process (PID=1570) to work on /home/airflow/.local/lib/python3.7/site-packages/airflow/example_dags/example_xcom.py
[2022-09-28 17:20:21,934] {processor.py:641} INFO - Processing file /home/airflow/.local/lib/python3.7/site-packages/airflow/example_dags/example_xcom.py for tasks to queue
[2022-09-28 17:20:21,936] {logging_mixin.py:115} INFO - [2022-09-28 17:20:21,936] {dagbag.py:508} INFO - Filling up the DagBag from /home/airflow/.local/lib/python3.7/site-packages/airflow/example_dags/example_xcom.py
[2022-09-28 17:20:21,959] {processor.py:651} INFO - DAG(s) dict_keys(['example_xcom']) retrieved from /home/airflow/.local/lib/python3.7/site-packages/airflow/example_dags/example_xcom.py
[2022-09-28 17:20:22,000] {logging_mixin.py:115} INFO - [2022-09-28 17:20:22,000] {dag.py:2420} INFO - Sync 1 DAGs
[2022-09-28 17:20:22,050] {logging_mixin.py:115} INFO - [2022-09-28 17:20:22,050] {dag.py:2972} INFO - Setting next_dagrun for example_xcom to 2021-01-01T00:00:00+00:00, run_after=2021-01-01T00:00:00+00:00
[2022-09-28 17:20:22,070] {processor.py:161} INFO - Processing /home/airflow/.local/lib/python3.7/site-packages/airflow/example_dags/example_xcom.py took 0.143 seconds
[2022-09-28 17:20:52,678] {processor.py:153} INFO - Started process (PID=1628) to work on /home/airflow/.local/lib/python3.7/site-packages/airflow/example_dags/example_xcom.py
[2022-09-28 17:20:52,680] {processor.py:641} INFO - Processing file /home/airflow/.local/lib/python3.7/site-packages/airflow/example_dags/example_xcom.py for tasks to queue
[2022-09-28 17:20:52,685] {logging_mixin.py:115} INFO - [2022-09-28 17:20:52,685] {dagbag.py:508} INFO - Filling up the DagBag from /home/airflow/.local/lib/python3.7/site-packages/airflow/example_dags/example_xcom.py
[2022-09-28 17:20:52,763] {processor.py:651} INFO - DAG(s) dict_keys(['example_xcom']) retrieved from /home/airflow/.local/lib/python3.7/site-packages/airflow/example_dags/example_xcom.py
[2022-09-28 17:20:52,883] {logging_mixin.py:115} INFO - [2022-09-28 17:20:52,883] {dag.py:2420} INFO - Sync 1 DAGs
[2022-09-28 17:20:52,948] {logging_mixin.py:115} INFO - [2022-09-28 17:20:52,947] {dag.py:2972} INFO - Setting next_dagrun for example_xcom to 2021-01-01T00:00:00+00:00, run_after=2021-01-01T00:00:00+00:00
[2022-09-28 17:20:52,992] {processor.py:161} INFO - Processing /home/airflow/.local/lib/python3.7/site-packages/airflow/example_dags/example_xcom.py took 0.323 seconds
[2022-09-28 17:21:23,400] {processor.py:153} INFO - Started process (PID=1693) to work on /home/airflow/.local/lib/python3.7/site-packages/airflow/example_dags/example_xcom.py
[2022-09-28 17:21:23,401] {processor.py:641} INFO - Processing file /home/airflow/.local/lib/python3.7/site-packages/airflow/example_dags/example_xcom.py for tasks to queue
[2022-09-28 17:21:23,403] {logging_mixin.py:115} INFO - [2022-09-28 17:21:23,403] {dagbag.py:508} INFO - Filling up the DagBag from /home/airflow/.local/lib/python3.7/site-packages/airflow/example_dags/example_xcom.py
[2022-09-28 17:21:23,427] {processor.py:651} INFO - DAG(s) dict_keys(['example_xcom']) retrieved from /home/airflow/.local/lib/python3.7/site-packages/airflow/example_dags/example_xcom.py
[2022-09-28 17:21:23,466] {logging_mixin.py:115} INFO - [2022-09-28 17:21:23,466] {dag.py:2420} INFO - Sync 1 DAGs
[2022-09-28 17:21:23,498] {logging_mixin.py:115} INFO - [2022-09-28 17:21:23,498] {dag.py:2972} INFO - Setting next_dagrun for example_xcom to 2021-01-01T00:00:00+00:00, run_after=2021-01-01T00:00:00+00:00
[2022-09-28 17:21:23,531] {processor.py:161} INFO - Processing /home/airflow/.local/lib/python3.7/site-packages/airflow/example_dags/example_xcom.py took 0.137 seconds
[2022-09-28 17:21:53,673] {processor.py:153} INFO - Started process (PID=1749) to work on /home/airflow/.local/lib/python3.7/site-packages/airflow/example_dags/example_xcom.py
[2022-09-28 17:21:53,674] {processor.py:641} INFO - Processing file /home/airflow/.local/lib/python3.7/site-packages/airflow/example_dags/example_xcom.py for tasks to queue
[2022-09-28 17:21:53,675] {logging_mixin.py:115} INFO - [2022-09-28 17:21:53,675] {dagbag.py:508} INFO - Filling up the DagBag from /home/airflow/.local/lib/python3.7/site-packages/airflow/example_dags/example_xcom.py
[2022-09-28 17:21:53,700] {processor.py:651} INFO - DAG(s) dict_keys(['example_xcom']) retrieved from /home/airflow/.local/lib/python3.7/site-packages/airflow/example_dags/example_xcom.py
[2022-09-28 17:21:53,789] {logging_mixin.py:115} INFO - [2022-09-28 17:21:53,788] {dag.py:2420} INFO - Sync 1 DAGs
[2022-09-28 17:21:53,822] {logging_mixin.py:115} INFO - [2022-09-28 17:21:53,822] {dag.py:2972} INFO - Setting next_dagrun for example_xcom to 2021-01-01T00:00:00+00:00, run_after=2021-01-01T00:00:00+00:00
[2022-09-28 17:21:53,843] {processor.py:161} INFO - Processing /home/airflow/.local/lib/python3.7/site-packages/airflow/example_dags/example_xcom.py took 0.176 seconds
[2022-09-28 17:22:24,765] {processor.py:153} INFO - Started process (PID=1815) to work on /home/airflow/.local/lib/python3.7/site-packages/airflow/example_dags/example_xcom.py
[2022-09-28 17:22:24,767] {processor.py:641} INFO - Processing file /home/airflow/.local/lib/python3.7/site-packages/airflow/example_dags/example_xcom.py for tasks to queue
[2022-09-28 17:22:24,768] {logging_mixin.py:115} INFO - [2022-09-28 17:22:24,768] {dagbag.py:508} INFO - Filling up the DagBag from /home/airflow/.local/lib/python3.7/site-packages/airflow/example_dags/example_xcom.py
[2022-09-28 17:22:24,797] {processor.py:651} INFO - DAG(s) dict_keys(['example_xcom']) retrieved from /home/airflow/.local/lib/python3.7/site-packages/airflow/example_dags/example_xcom.py
[2022-09-28 17:22:24,835] {logging_mixin.py:115} INFO - [2022-09-28 17:22:24,835] {dag.py:2420} INFO - Sync 1 DAGs
[2022-09-28 17:22:24,865] {logging_mixin.py:115} INFO - [2022-09-28 17:22:24,865] {dag.py:2972} INFO - Setting next_dagrun for example_xcom to 2021-01-01T00:00:00+00:00, run_after=2021-01-01T00:00:00+00:00
[2022-09-28 17:22:24,884] {processor.py:161} INFO - Processing /home/airflow/.local/lib/python3.7/site-packages/airflow/example_dags/example_xcom.py took 0.126 seconds
[2022-09-28 17:22:55,015] {processor.py:153} INFO - Started process (PID=1881) to work on /home/airflow/.local/lib/python3.7/site-packages/airflow/example_dags/example_xcom.py
[2022-09-28 17:22:55,017] {processor.py:641} INFO - Processing file /home/airflow/.local/lib/python3.7/site-packages/airflow/example_dags/example_xcom.py for tasks to queue
[2022-09-28 17:22:55,020] {logging_mixin.py:115} INFO - [2022-09-28 17:22:55,020] {dagbag.py:508} INFO - Filling up the DagBag from /home/airflow/.local/lib/python3.7/site-packages/airflow/example_dags/example_xcom.py
[2022-09-28 17:22:55,077] {processor.py:651} INFO - DAG(s) dict_keys(['example_xcom']) retrieved from /home/airflow/.local/lib/python3.7/site-packages/airflow/example_dags/example_xcom.py
[2022-09-28 17:22:55,194] {logging_mixin.py:115} INFO - [2022-09-28 17:22:55,194] {dag.py:2420} INFO - Sync 1 DAGs
[2022-09-28 17:22:55,236] {logging_mixin.py:115} INFO - [2022-09-28 17:22:55,236] {dag.py:2972} INFO - Setting next_dagrun for example_xcom to 2021-01-01T00:00:00+00:00, run_after=2021-01-01T00:00:00+00:00
[2022-09-28 17:22:55,262] {processor.py:161} INFO - Processing /home/airflow/.local/lib/python3.7/site-packages/airflow/example_dags/example_xcom.py took 0.253 seconds
[2022-09-28 17:23:25,483] {processor.py:153} INFO - Started process (PID=1937) to work on /home/airflow/.local/lib/python3.7/site-packages/airflow/example_dags/example_xcom.py
[2022-09-28 17:23:25,485] {processor.py:641} INFO - Processing file /home/airflow/.local/lib/python3.7/site-packages/airflow/example_dags/example_xcom.py for tasks to queue
[2022-09-28 17:23:25,487] {logging_mixin.py:115} INFO - [2022-09-28 17:23:25,486] {dagbag.py:508} INFO - Filling up the DagBag from /home/airflow/.local/lib/python3.7/site-packages/airflow/example_dags/example_xcom.py
[2022-09-28 17:23:25,508] {processor.py:651} INFO - DAG(s) dict_keys(['example_xcom']) retrieved from /home/airflow/.local/lib/python3.7/site-packages/airflow/example_dags/example_xcom.py
[2022-09-28 17:23:25,585] {logging_mixin.py:115} INFO - [2022-09-28 17:23:25,584] {dag.py:2420} INFO - Sync 1 DAGs
[2022-09-28 17:23:25,615] {logging_mixin.py:115} INFO - [2022-09-28 17:23:25,614] {dag.py:2972} INFO - Setting next_dagrun for example_xcom to 2021-01-01T00:00:00+00:00, run_after=2021-01-01T00:00:00+00:00
[2022-09-28 17:23:25,641] {processor.py:161} INFO - Processing /home/airflow/.local/lib/python3.7/site-packages/airflow/example_dags/example_xcom.py took 0.162 seconds
[2022-09-28 17:23:55,826] {processor.py:153} INFO - Started process (PID=2002) to work on /home/airflow/.local/lib/python3.7/site-packages/airflow/example_dags/example_xcom.py
[2022-09-28 17:23:55,827] {processor.py:641} INFO - Processing file /home/airflow/.local/lib/python3.7/site-packages/airflow/example_dags/example_xcom.py for tasks to queue
[2022-09-28 17:23:55,829] {logging_mixin.py:115} INFO - [2022-09-28 17:23:55,829] {dagbag.py:508} INFO - Filling up the DagBag from /home/airflow/.local/lib/python3.7/site-packages/airflow/example_dags/example_xcom.py
[2022-09-28 17:23:55,854] {processor.py:651} INFO - DAG(s) dict_keys(['example_xcom']) retrieved from /home/airflow/.local/lib/python3.7/site-packages/airflow/example_dags/example_xcom.py
[2022-09-28 17:23:55,890] {logging_mixin.py:115} INFO - [2022-09-28 17:23:55,890] {dag.py:2420} INFO - Sync 1 DAGs
[2022-09-28 17:23:55,919] {logging_mixin.py:115} INFO - [2022-09-28 17:23:55,918] {dag.py:2972} INFO - Setting next_dagrun for example_xcom to 2021-01-01T00:00:00+00:00, run_after=2021-01-01T00:00:00+00:00
[2022-09-28 17:23:55,938] {processor.py:161} INFO - Processing /home/airflow/.local/lib/python3.7/site-packages/airflow/example_dags/example_xcom.py took 0.122 seconds
[2022-09-28 17:24:26,200] {processor.py:153} INFO - Started process (PID=2058) to work on /home/airflow/.local/lib/python3.7/site-packages/airflow/example_dags/example_xcom.py
[2022-09-28 17:24:26,201] {processor.py:641} INFO - Processing file /home/airflow/.local/lib/python3.7/site-packages/airflow/example_dags/example_xcom.py for tasks to queue
[2022-09-28 17:24:26,202] {logging_mixin.py:115} INFO - [2022-09-28 17:24:26,202] {dagbag.py:508} INFO - Filling up the DagBag from /home/airflow/.local/lib/python3.7/site-packages/airflow/example_dags/example_xcom.py
[2022-09-28 17:24:26,224] {processor.py:651} INFO - DAG(s) dict_keys(['example_xcom']) retrieved from /home/airflow/.local/lib/python3.7/site-packages/airflow/example_dags/example_xcom.py
[2022-09-28 17:24:26,266] {logging_mixin.py:115} INFO - [2022-09-28 17:24:26,266] {dag.py:2420} INFO - Sync 1 DAGs
[2022-09-28 17:24:26,301] {logging_mixin.py:115} INFO - [2022-09-28 17:24:26,301] {dag.py:2972} INFO - Setting next_dagrun for example_xcom to 2021-01-01T00:00:00+00:00, run_after=2021-01-01T00:00:00+00:00
[2022-09-28 17:24:26,325] {processor.py:161} INFO - Processing /home/airflow/.local/lib/python3.7/site-packages/airflow/example_dags/example_xcom.py took 0.129 seconds
[2022-09-28 17:24:57,083] {processor.py:153} INFO - Started process (PID=2125) to work on /home/airflow/.local/lib/python3.7/site-packages/airflow/example_dags/example_xcom.py
[2022-09-28 17:24:57,085] {processor.py:641} INFO - Processing file /home/airflow/.local/lib/python3.7/site-packages/airflow/example_dags/example_xcom.py for tasks to queue
[2022-09-28 17:24:57,087] {logging_mixin.py:115} INFO - [2022-09-28 17:24:57,087] {dagbag.py:508} INFO - Filling up the DagBag from /home/airflow/.local/lib/python3.7/site-packages/airflow/example_dags/example_xcom.py
[2022-09-28 17:24:57,128] {processor.py:651} INFO - DAG(s) dict_keys(['example_xcom']) retrieved from /home/airflow/.local/lib/python3.7/site-packages/airflow/example_dags/example_xcom.py
[2022-09-28 17:24:57,179] {logging_mixin.py:115} INFO - [2022-09-28 17:24:57,179] {dag.py:2420} INFO - Sync 1 DAGs
[2022-09-28 17:24:57,221] {logging_mixin.py:115} INFO - [2022-09-28 17:24:57,220] {dag.py:2972} INFO - Setting next_dagrun for example_xcom to 2021-01-01T00:00:00+00:00, run_after=2021-01-01T00:00:00+00:00
[2022-09-28 17:24:57,247] {processor.py:161} INFO - Processing /home/airflow/.local/lib/python3.7/site-packages/airflow/example_dags/example_xcom.py took 0.174 seconds
[2022-09-28 17:25:27,406] {processor.py:153} INFO - Started process (PID=2181) to work on /home/airflow/.local/lib/python3.7/site-packages/airflow/example_dags/example_xcom.py
[2022-09-28 17:25:27,408] {processor.py:641} INFO - Processing file /home/airflow/.local/lib/python3.7/site-packages/airflow/example_dags/example_xcom.py for tasks to queue
[2022-09-28 17:25:27,409] {logging_mixin.py:115} INFO - [2022-09-28 17:25:27,409] {dagbag.py:508} INFO - Filling up the DagBag from /home/airflow/.local/lib/python3.7/site-packages/airflow/example_dags/example_xcom.py
[2022-09-28 17:25:27,435] {processor.py:651} INFO - DAG(s) dict_keys(['example_xcom']) retrieved from /home/airflow/.local/lib/python3.7/site-packages/airflow/example_dags/example_xcom.py
[2022-09-28 17:25:27,516] {logging_mixin.py:115} INFO - [2022-09-28 17:25:27,516] {dag.py:2420} INFO - Sync 1 DAGs
[2022-09-28 17:25:27,544] {logging_mixin.py:115} INFO - [2022-09-28 17:25:27,544] {dag.py:2972} INFO - Setting next_dagrun for example_xcom to 2021-01-01T00:00:00+00:00, run_after=2021-01-01T00:00:00+00:00
[2022-09-28 17:25:27,562] {processor.py:161} INFO - Processing /home/airflow/.local/lib/python3.7/site-packages/airflow/example_dags/example_xcom.py took 0.162 seconds
[2022-09-28 17:25:57,682] {processor.py:153} INFO - Started process (PID=2247) to work on /home/airflow/.local/lib/python3.7/site-packages/airflow/example_dags/example_xcom.py
[2022-09-28 17:25:57,684] {processor.py:641} INFO - Processing file /home/airflow/.local/lib/python3.7/site-packages/airflow/example_dags/example_xcom.py for tasks to queue
[2022-09-28 17:25:57,685] {logging_mixin.py:115} INFO - [2022-09-28 17:25:57,685] {dagbag.py:508} INFO - Filling up the DagBag from /home/airflow/.local/lib/python3.7/site-packages/airflow/example_dags/example_xcom.py
[2022-09-28 17:25:57,710] {processor.py:651} INFO - DAG(s) dict_keys(['example_xcom']) retrieved from /home/airflow/.local/lib/python3.7/site-packages/airflow/example_dags/example_xcom.py
[2022-09-28 17:25:57,808] {logging_mixin.py:115} INFO - [2022-09-28 17:25:57,808] {dag.py:2420} INFO - Sync 1 DAGs
[2022-09-28 17:25:57,843] {logging_mixin.py:115} INFO - [2022-09-28 17:25:57,843] {dag.py:2972} INFO - Setting next_dagrun for example_xcom to 2021-01-01T00:00:00+00:00, run_after=2021-01-01T00:00:00+00:00
[2022-09-28 17:25:57,882] {processor.py:161} INFO - Processing /home/airflow/.local/lib/python3.7/site-packages/airflow/example_dags/example_xcom.py took 0.204 seconds
[2022-09-28 17:26:28,394] {processor.py:153} INFO - Started process (PID=2314) to work on /home/airflow/.local/lib/python3.7/site-packages/airflow/example_dags/example_xcom.py
[2022-09-28 17:26:28,395] {processor.py:641} INFO - Processing file /home/airflow/.local/lib/python3.7/site-packages/airflow/example_dags/example_xcom.py for tasks to queue
[2022-09-28 17:26:28,397] {logging_mixin.py:115} INFO - [2022-09-28 17:26:28,397] {dagbag.py:508} INFO - Filling up the DagBag from /home/airflow/.local/lib/python3.7/site-packages/airflow/example_dags/example_xcom.py
[2022-09-28 17:26:28,419] {processor.py:651} INFO - DAG(s) dict_keys(['example_xcom']) retrieved from /home/airflow/.local/lib/python3.7/site-packages/airflow/example_dags/example_xcom.py
[2022-09-28 17:26:28,451] {logging_mixin.py:115} INFO - [2022-09-28 17:26:28,451] {dag.py:2420} INFO - Sync 1 DAGs
[2022-09-28 17:26:28,478] {logging_mixin.py:115} INFO - [2022-09-28 17:26:28,477] {dag.py:2972} INFO - Setting next_dagrun for example_xcom to 2021-01-01T00:00:00+00:00, run_after=2021-01-01T00:00:00+00:00
[2022-09-28 17:26:28,494] {processor.py:161} INFO - Processing /home/airflow/.local/lib/python3.7/site-packages/airflow/example_dags/example_xcom.py took 0.106 seconds
[2022-09-28 17:26:58,899] {processor.py:153} INFO - Started process (PID=2368) to work on /home/airflow/.local/lib/python3.7/site-packages/airflow/example_dags/example_xcom.py
[2022-09-28 17:26:58,900] {processor.py:641} INFO - Processing file /home/airflow/.local/lib/python3.7/site-packages/airflow/example_dags/example_xcom.py for tasks to queue
[2022-09-28 17:26:58,903] {logging_mixin.py:115} INFO - [2022-09-28 17:26:58,902] {dagbag.py:508} INFO - Filling up the DagBag from /home/airflow/.local/lib/python3.7/site-packages/airflow/example_dags/example_xcom.py
[2022-09-28 17:26:58,929] {processor.py:651} INFO - DAG(s) dict_keys(['example_xcom']) retrieved from /home/airflow/.local/lib/python3.7/site-packages/airflow/example_dags/example_xcom.py
[2022-09-28 17:26:58,971] {logging_mixin.py:115} INFO - [2022-09-28 17:26:58,971] {dag.py:2420} INFO - Sync 1 DAGs
[2022-09-28 17:26:59,006] {logging_mixin.py:115} INFO - [2022-09-28 17:26:59,006] {dag.py:2972} INFO - Setting next_dagrun for example_xcom to 2021-01-01T00:00:00+00:00, run_after=2021-01-01T00:00:00+00:00
[2022-09-28 17:26:59,032] {processor.py:161} INFO - Processing /home/airflow/.local/lib/python3.7/site-packages/airflow/example_dags/example_xcom.py took 0.138 seconds
[2022-09-28 17:27:29,945] {processor.py:153} INFO - Started process (PID=2434) to work on /home/airflow/.local/lib/python3.7/site-packages/airflow/example_dags/example_xcom.py
[2022-09-28 17:27:29,946] {processor.py:641} INFO - Processing file /home/airflow/.local/lib/python3.7/site-packages/airflow/example_dags/example_xcom.py for tasks to queue
[2022-09-28 17:27:29,947] {logging_mixin.py:115} INFO - [2022-09-28 17:27:29,947] {dagbag.py:508} INFO - Filling up the DagBag from /home/airflow/.local/lib/python3.7/site-packages/airflow/example_dags/example_xcom.py
[2022-09-28 17:27:29,978] {processor.py:651} INFO - DAG(s) dict_keys(['example_xcom']) retrieved from /home/airflow/.local/lib/python3.7/site-packages/airflow/example_dags/example_xcom.py
[2022-09-28 17:27:30,025] {logging_mixin.py:115} INFO - [2022-09-28 17:27:30,025] {dag.py:2420} INFO - Sync 1 DAGs
[2022-09-28 17:27:30,073] {logging_mixin.py:115} INFO - [2022-09-28 17:27:30,073] {dag.py:2972} INFO - Setting next_dagrun for example_xcom to 2021-01-01T00:00:00+00:00, run_after=2021-01-01T00:00:00+00:00
[2022-09-28 17:27:30,098] {processor.py:161} INFO - Processing /home/airflow/.local/lib/python3.7/site-packages/airflow/example_dags/example_xcom.py took 0.159 seconds
[2022-09-28 17:28:00,160] {processor.py:153} INFO - Started process (PID=2490) to work on /home/airflow/.local/lib/python3.7/site-packages/airflow/example_dags/example_xcom.py
[2022-09-28 17:28:00,161] {processor.py:641} INFO - Processing file /home/airflow/.local/lib/python3.7/site-packages/airflow/example_dags/example_xcom.py for tasks to queue
[2022-09-28 17:28:00,166] {logging_mixin.py:115} INFO - [2022-09-28 17:28:00,165] {dagbag.py:508} INFO - Filling up the DagBag from /home/airflow/.local/lib/python3.7/site-packages/airflow/example_dags/example_xcom.py
[2022-09-28 17:28:00,213] {processor.py:651} INFO - DAG(s) dict_keys(['example_xcom']) retrieved from /home/airflow/.local/lib/python3.7/site-packages/airflow/example_dags/example_xcom.py
[2022-09-28 17:28:00,314] {logging_mixin.py:115} INFO - [2022-09-28 17:28:00,314] {dag.py:2420} INFO - Sync 1 DAGs
[2022-09-28 17:28:00,340] {logging_mixin.py:115} INFO - [2022-09-28 17:28:00,340] {dag.py:2972} INFO - Setting next_dagrun for example_xcom to 2021-01-01T00:00:00+00:00, run_after=2021-01-01T00:00:00+00:00
[2022-09-28 17:28:00,361] {processor.py:161} INFO - Processing /home/airflow/.local/lib/python3.7/site-packages/airflow/example_dags/example_xcom.py took 0.208 seconds
[2022-09-28 17:28:30,847] {processor.py:153} INFO - Started process (PID=2560) to work on /home/airflow/.local/lib/python3.7/site-packages/airflow/example_dags/example_xcom.py
[2022-09-28 17:28:30,854] {processor.py:641} INFO - Processing file /home/airflow/.local/lib/python3.7/site-packages/airflow/example_dags/example_xcom.py for tasks to queue
[2022-09-28 17:28:30,861] {logging_mixin.py:115} INFO - [2022-09-28 17:28:30,860] {dagbag.py:508} INFO - Filling up the DagBag from /home/airflow/.local/lib/python3.7/site-packages/airflow/example_dags/example_xcom.py
[2022-09-28 17:28:30,941] {processor.py:651} INFO - DAG(s) dict_keys(['example_xcom']) retrieved from /home/airflow/.local/lib/python3.7/site-packages/airflow/example_dags/example_xcom.py
[2022-09-28 17:28:31,168] {logging_mixin.py:115} INFO - [2022-09-28 17:28:31,168] {dag.py:2420} INFO - Sync 1 DAGs
[2022-09-28 17:28:31,249] {logging_mixin.py:115} INFO - [2022-09-28 17:28:31,248] {dag.py:2972} INFO - Setting next_dagrun for example_xcom to 2021-01-01T00:00:00+00:00, run_after=2021-01-01T00:00:00+00:00
[2022-09-28 17:28:31,293] {processor.py:161} INFO - Processing /home/airflow/.local/lib/python3.7/site-packages/airflow/example_dags/example_xcom.py took 0.453 seconds
[2022-09-28 17:29:01,992] {processor.py:153} INFO - Started process (PID=2618) to work on /home/airflow/.local/lib/python3.7/site-packages/airflow/example_dags/example_xcom.py
[2022-09-28 17:29:01,994] {processor.py:641} INFO - Processing file /home/airflow/.local/lib/python3.7/site-packages/airflow/example_dags/example_xcom.py for tasks to queue
[2022-09-28 17:29:01,995] {logging_mixin.py:115} INFO - [2022-09-28 17:29:01,995] {dagbag.py:508} INFO - Filling up the DagBag from /home/airflow/.local/lib/python3.7/site-packages/airflow/example_dags/example_xcom.py
[2022-09-28 17:29:02,020] {processor.py:651} INFO - DAG(s) dict_keys(['example_xcom']) retrieved from /home/airflow/.local/lib/python3.7/site-packages/airflow/example_dags/example_xcom.py
[2022-09-28 17:29:02,058] {logging_mixin.py:115} INFO - [2022-09-28 17:29:02,058] {dag.py:2420} INFO - Sync 1 DAGs
[2022-09-28 17:29:02,085] {logging_mixin.py:115} INFO - [2022-09-28 17:29:02,085] {dag.py:2972} INFO - Setting next_dagrun for example_xcom to 2021-01-01T00:00:00+00:00, run_after=2021-01-01T00:00:00+00:00
[2022-09-28 17:29:02,101] {processor.py:161} INFO - Processing /home/airflow/.local/lib/python3.7/site-packages/airflow/example_dags/example_xcom.py took 0.114 seconds
[2022-09-28 17:29:32,620] {processor.py:153} INFO - Started process (PID=2682) to work on /home/airflow/.local/lib/python3.7/site-packages/airflow/example_dags/example_xcom.py
[2022-09-28 17:29:32,622] {processor.py:641} INFO - Processing file /home/airflow/.local/lib/python3.7/site-packages/airflow/example_dags/example_xcom.py for tasks to queue
[2022-09-28 17:29:32,624] {logging_mixin.py:115} INFO - [2022-09-28 17:29:32,624] {dagbag.py:508} INFO - Filling up the DagBag from /home/airflow/.local/lib/python3.7/site-packages/airflow/example_dags/example_xcom.py
[2022-09-28 17:29:32,651] {processor.py:651} INFO - DAG(s) dict_keys(['example_xcom']) retrieved from /home/airflow/.local/lib/python3.7/site-packages/airflow/example_dags/example_xcom.py
[2022-09-28 17:29:32,745] {logging_mixin.py:115} INFO - [2022-09-28 17:29:32,745] {dag.py:2420} INFO - Sync 1 DAGs
[2022-09-28 17:29:32,780] {logging_mixin.py:115} INFO - [2022-09-28 17:29:32,780] {dag.py:2972} INFO - Setting next_dagrun for example_xcom to 2021-01-01T00:00:00+00:00, run_after=2021-01-01T00:00:00+00:00
[2022-09-28 17:29:32,807] {processor.py:161} INFO - Processing /home/airflow/.local/lib/python3.7/site-packages/airflow/example_dags/example_xcom.py took 0.194 seconds
[2022-09-28 17:30:03,471] {processor.py:153} INFO - Started process (PID=2743) to work on /home/airflow/.local/lib/python3.7/site-packages/airflow/example_dags/example_xcom.py
[2022-09-28 17:30:03,474] {processor.py:641} INFO - Processing file /home/airflow/.local/lib/python3.7/site-packages/airflow/example_dags/example_xcom.py for tasks to queue
[2022-09-28 17:30:03,477] {logging_mixin.py:115} INFO - [2022-09-28 17:30:03,476] {dagbag.py:508} INFO - Filling up the DagBag from /home/airflow/.local/lib/python3.7/site-packages/airflow/example_dags/example_xcom.py
[2022-09-28 17:30:03,509] {processor.py:651} INFO - DAG(s) dict_keys(['example_xcom']) retrieved from /home/airflow/.local/lib/python3.7/site-packages/airflow/example_dags/example_xcom.py
[2022-09-28 17:30:03,551] {logging_mixin.py:115} INFO - [2022-09-28 17:30:03,551] {dag.py:2420} INFO - Sync 1 DAGs
[2022-09-28 17:30:03,587] {logging_mixin.py:115} INFO - [2022-09-28 17:30:03,587] {dag.py:2972} INFO - Setting next_dagrun for example_xcom to 2021-01-01T00:00:00+00:00, run_after=2021-01-01T00:00:00+00:00
[2022-09-28 17:30:03,607] {processor.py:161} INFO - Processing /home/airflow/.local/lib/python3.7/site-packages/airflow/example_dags/example_xcom.py took 0.142 seconds
[2022-09-28 17:30:33,993] {processor.py:153} INFO - Started process (PID=2810) to work on /home/airflow/.local/lib/python3.7/site-packages/airflow/example_dags/example_xcom.py
[2022-09-28 17:30:33,994] {processor.py:641} INFO - Processing file /home/airflow/.local/lib/python3.7/site-packages/airflow/example_dags/example_xcom.py for tasks to queue
[2022-09-28 17:30:33,996] {logging_mixin.py:115} INFO - [2022-09-28 17:30:33,996] {dagbag.py:508} INFO - Filling up the DagBag from /home/airflow/.local/lib/python3.7/site-packages/airflow/example_dags/example_xcom.py
[2022-09-28 17:30:34,018] {processor.py:651} INFO - DAG(s) dict_keys(['example_xcom']) retrieved from /home/airflow/.local/lib/python3.7/site-packages/airflow/example_dags/example_xcom.py
[2022-09-28 17:30:34,056] {logging_mixin.py:115} INFO - [2022-09-28 17:30:34,055] {dag.py:2420} INFO - Sync 1 DAGs
[2022-09-28 17:30:34,086] {logging_mixin.py:115} INFO - [2022-09-28 17:30:34,086] {dag.py:2972} INFO - Setting next_dagrun for example_xcom to 2021-01-01T00:00:00+00:00, run_after=2021-01-01T00:00:00+00:00
[2022-09-28 17:30:34,104] {processor.py:161} INFO - Processing /home/airflow/.local/lib/python3.7/site-packages/airflow/example_dags/example_xcom.py took 0.116 seconds
[2022-09-28 17:31:04,242] {processor.py:153} INFO - Started process (PID=2876) to work on /home/airflow/.local/lib/python3.7/site-packages/airflow/example_dags/example_xcom.py
[2022-09-28 17:31:04,243] {processor.py:641} INFO - Processing file /home/airflow/.local/lib/python3.7/site-packages/airflow/example_dags/example_xcom.py for tasks to queue
[2022-09-28 17:31:04,245] {logging_mixin.py:115} INFO - [2022-09-28 17:31:04,245] {dagbag.py:508} INFO - Filling up the DagBag from /home/airflow/.local/lib/python3.7/site-packages/airflow/example_dags/example_xcom.py
[2022-09-28 17:31:04,273] {processor.py:651} INFO - DAG(s) dict_keys(['example_xcom']) retrieved from /home/airflow/.local/lib/python3.7/site-packages/airflow/example_dags/example_xcom.py
[2022-09-28 17:31:04,323] {logging_mixin.py:115} INFO - [2022-09-28 17:31:04,323] {dag.py:2420} INFO - Sync 1 DAGs
[2022-09-28 17:31:04,356] {logging_mixin.py:115} INFO - [2022-09-28 17:31:04,355] {dag.py:2972} INFO - Setting next_dagrun for example_xcom to 2021-01-01T00:00:00+00:00, run_after=2021-01-01T00:00:00+00:00
[2022-09-28 17:31:04,383] {processor.py:161} INFO - Processing /home/airflow/.local/lib/python3.7/site-packages/airflow/example_dags/example_xcom.py took 0.146 seconds
[2022-09-28 17:36:52,516] {processor.py:153} INFO - Started process (PID=150) to work on /home/airflow/.local/lib/python3.7/site-packages/airflow/example_dags/example_xcom.py
[2022-09-28 17:36:52,541] {processor.py:641} INFO - Processing file /home/airflow/.local/lib/python3.7/site-packages/airflow/example_dags/example_xcom.py for tasks to queue
[2022-09-28 17:36:52,561] {logging_mixin.py:115} INFO - [2022-09-28 17:36:52,561] {dagbag.py:508} INFO - Filling up the DagBag from /home/airflow/.local/lib/python3.7/site-packages/airflow/example_dags/example_xcom.py
[2022-09-28 17:36:52,867] {processor.py:651} INFO - DAG(s) dict_keys(['example_xcom']) retrieved from /home/airflow/.local/lib/python3.7/site-packages/airflow/example_dags/example_xcom.py
[2022-09-28 17:36:53,019] {logging_mixin.py:115} INFO - [2022-09-28 17:36:53,019] {manager.py:508} INFO - Created Permission View: can read on DAG:example_xcom
[2022-09-28 17:36:53,035] {logging_mixin.py:115} INFO - [2022-09-28 17:36:53,035] {manager.py:508} INFO - Created Permission View: can delete on DAG:example_xcom
[2022-09-28 17:36:53,052] {logging_mixin.py:115} INFO - [2022-09-28 17:36:53,052] {manager.py:508} INFO - Created Permission View: can edit on DAG:example_xcom
[2022-09-28 17:36:53,055] {logging_mixin.py:115} INFO - [2022-09-28 17:36:53,055] {dag.py:2420} INFO - Sync 1 DAGs
[2022-09-28 17:36:53,065] {logging_mixin.py:115} INFO - [2022-09-28 17:36:53,065] {dag.py:2439} INFO - Creating ORM DAG for example_xcom
[2022-09-28 17:36:53,082] {logging_mixin.py:115} INFO - [2022-09-28 17:36:53,082] {dag.py:2972} INFO - Setting next_dagrun for example_xcom to 2021-01-01T00:00:00+00:00, run_after=2021-01-01T00:00:00+00:00
[2022-09-28 17:36:53,106] {processor.py:161} INFO - Processing /home/airflow/.local/lib/python3.7/site-packages/airflow/example_dags/example_xcom.py took 0.607 seconds
[2022-09-28 17:37:23,339] {processor.py:153} INFO - Started process (PID=205) to work on /home/airflow/.local/lib/python3.7/site-packages/airflow/example_dags/example_xcom.py
[2022-09-28 17:37:23,341] {processor.py:641} INFO - Processing file /home/airflow/.local/lib/python3.7/site-packages/airflow/example_dags/example_xcom.py for tasks to queue
[2022-09-28 17:37:23,343] {logging_mixin.py:115} INFO - [2022-09-28 17:37:23,343] {dagbag.py:508} INFO - Filling up the DagBag from /home/airflow/.local/lib/python3.7/site-packages/airflow/example_dags/example_xcom.py
[2022-09-28 17:37:23,550] {processor.py:651} INFO - DAG(s) dict_keys(['example_xcom']) retrieved from /home/airflow/.local/lib/python3.7/site-packages/airflow/example_dags/example_xcom.py
[2022-09-28 17:37:23,650] {logging_mixin.py:115} INFO - [2022-09-28 17:37:23,650] {dag.py:2420} INFO - Sync 1 DAGs
[2022-09-28 17:37:23,674] {logging_mixin.py:115} INFO - [2022-09-28 17:37:23,674] {dag.py:2972} INFO - Setting next_dagrun for example_xcom to 2021-01-01T00:00:00+00:00, run_after=2021-01-01T00:00:00+00:00
[2022-09-28 17:37:23,692] {processor.py:161} INFO - Processing /home/airflow/.local/lib/python3.7/site-packages/airflow/example_dags/example_xcom.py took 0.364 seconds
[2022-09-28 17:37:54,548] {processor.py:153} INFO - Started process (PID=273) to work on /home/airflow/.local/lib/python3.7/site-packages/airflow/example_dags/example_xcom.py
[2022-09-28 17:37:54,551] {processor.py:641} INFO - Processing file /home/airflow/.local/lib/python3.7/site-packages/airflow/example_dags/example_xcom.py for tasks to queue
[2022-09-28 17:37:54,558] {logging_mixin.py:115} INFO - [2022-09-28 17:37:54,557] {dagbag.py:508} INFO - Filling up the DagBag from /home/airflow/.local/lib/python3.7/site-packages/airflow/example_dags/example_xcom.py
[2022-09-28 17:37:54,854] {processor.py:651} INFO - DAG(s) dict_keys(['example_xcom']) retrieved from /home/airflow/.local/lib/python3.7/site-packages/airflow/example_dags/example_xcom.py
[2022-09-28 17:37:54,978] {logging_mixin.py:115} INFO - [2022-09-28 17:37:54,977] {dag.py:2420} INFO - Sync 1 DAGs
[2022-09-28 17:37:55,025] {logging_mixin.py:115} INFO - [2022-09-28 17:37:55,024] {dag.py:2972} INFO - Setting next_dagrun for example_xcom to 2021-01-01T00:00:00+00:00, run_after=2021-01-01T00:00:00+00:00
[2022-09-28 17:37:55,051] {processor.py:161} INFO - Processing /home/airflow/.local/lib/python3.7/site-packages/airflow/example_dags/example_xcom.py took 0.524 seconds
[2022-09-28 17:38:35,771] {processor.py:153} INFO - Started process (PID=335) to work on /home/airflow/.local/lib/python3.7/site-packages/airflow/example_dags/example_xcom.py
[2022-09-28 17:38:35,777] {processor.py:641} INFO - Processing file /home/airflow/.local/lib/python3.7/site-packages/airflow/example_dags/example_xcom.py for tasks to queue
[2022-09-28 17:38:35,782] {logging_mixin.py:115} INFO - [2022-09-28 17:38:35,782] {dagbag.py:508} INFO - Filling up the DagBag from /home/airflow/.local/lib/python3.7/site-packages/airflow/example_dags/example_xcom.py
[2022-09-28 17:38:36,155] {processor.py:651} INFO - DAG(s) dict_keys(['example_xcom']) retrieved from /home/airflow/.local/lib/python3.7/site-packages/airflow/example_dags/example_xcom.py
[2022-09-28 17:38:36,236] {logging_mixin.py:115} INFO - [2022-09-28 17:38:36,235] {dag.py:2420} INFO - Sync 1 DAGs
[2022-09-28 17:38:36,260] {logging_mixin.py:115} INFO - [2022-09-28 17:38:36,260] {dag.py:2972} INFO - Setting next_dagrun for example_xcom to 2021-01-01T00:00:00+00:00, run_after=2021-01-01T00:00:00+00:00
[2022-09-28 17:38:36,303] {processor.py:161} INFO - Processing /home/airflow/.local/lib/python3.7/site-packages/airflow/example_dags/example_xcom.py took 0.556 seconds
[2022-09-28 17:39:06,868] {processor.py:153} INFO - Started process (PID=401) to work on /home/airflow/.local/lib/python3.7/site-packages/airflow/example_dags/example_xcom.py
[2022-09-28 17:39:06,869] {processor.py:641} INFO - Processing file /home/airflow/.local/lib/python3.7/site-packages/airflow/example_dags/example_xcom.py for tasks to queue
[2022-09-28 17:39:06,870] {logging_mixin.py:115} INFO - [2022-09-28 17:39:06,870] {dagbag.py:508} INFO - Filling up the DagBag from /home/airflow/.local/lib/python3.7/site-packages/airflow/example_dags/example_xcom.py
[2022-09-28 17:39:07,036] {processor.py:651} INFO - DAG(s) dict_keys(['example_xcom']) retrieved from /home/airflow/.local/lib/python3.7/site-packages/airflow/example_dags/example_xcom.py
[2022-09-28 17:39:07,065] {logging_mixin.py:115} INFO - [2022-09-28 17:39:07,065] {dag.py:2420} INFO - Sync 1 DAGs
[2022-09-28 17:39:07,115] {logging_mixin.py:115} INFO - [2022-09-28 17:39:07,115] {dag.py:2972} INFO - Setting next_dagrun for example_xcom to 2021-01-01T00:00:00+00:00, run_after=2021-01-01T00:00:00+00:00
[2022-09-28 17:39:07,153] {processor.py:161} INFO - Processing /home/airflow/.local/lib/python3.7/site-packages/airflow/example_dags/example_xcom.py took 0.290 seconds
[2022-09-28 17:47:19,622] {processor.py:153} INFO - Started process (PID=140) to work on /home/airflow/.local/lib/python3.7/site-packages/airflow/example_dags/example_xcom.py
[2022-09-28 17:47:19,625] {processor.py:641} INFO - Processing file /home/airflow/.local/lib/python3.7/site-packages/airflow/example_dags/example_xcom.py for tasks to queue
[2022-09-28 17:47:19,626] {logging_mixin.py:115} INFO - [2022-09-28 17:47:19,626] {dagbag.py:508} INFO - Filling up the DagBag from /home/airflow/.local/lib/python3.7/site-packages/airflow/example_dags/example_xcom.py
[2022-09-28 17:47:19,826] {processor.py:651} INFO - DAG(s) dict_keys(['example_xcom']) retrieved from /home/airflow/.local/lib/python3.7/site-packages/airflow/example_dags/example_xcom.py
[2022-09-28 17:47:19,948] {logging_mixin.py:115} INFO - [2022-09-28 17:47:19,948] {manager.py:508} INFO - Created Permission View: can read on DAG:example_xcom
[2022-09-28 17:47:19,966] {logging_mixin.py:115} INFO - [2022-09-28 17:47:19,965] {manager.py:508} INFO - Created Permission View: can edit on DAG:example_xcom
[2022-09-28 17:47:19,985] {logging_mixin.py:115} INFO - [2022-09-28 17:47:19,985] {manager.py:508} INFO - Created Permission View: can delete on DAG:example_xcom
[2022-09-28 17:47:19,986] {logging_mixin.py:115} INFO - [2022-09-28 17:47:19,986] {dag.py:2420} INFO - Sync 1 DAGs
[2022-09-28 17:47:20,001] {logging_mixin.py:115} INFO - [2022-09-28 17:47:20,001] {dag.py:2439} INFO - Creating ORM DAG for example_xcom
[2022-09-28 17:47:20,029] {logging_mixin.py:115} INFO - [2022-09-28 17:47:20,029] {dag.py:2972} INFO - Setting next_dagrun for example_xcom to 2021-01-01T00:00:00+00:00, run_after=2021-01-01T00:00:00+00:00
[2022-09-28 17:47:20,062] {processor.py:161} INFO - Processing /home/airflow/.local/lib/python3.7/site-packages/airflow/example_dags/example_xcom.py took 0.448 seconds
[2022-09-28 17:47:50,155] {processor.py:153} INFO - Started process (PID=205) to work on /home/airflow/.local/lib/python3.7/site-packages/airflow/example_dags/example_xcom.py
[2022-09-28 17:47:50,158] {processor.py:641} INFO - Processing file /home/airflow/.local/lib/python3.7/site-packages/airflow/example_dags/example_xcom.py for tasks to queue
[2022-09-28 17:47:50,160] {logging_mixin.py:115} INFO - [2022-09-28 17:47:50,160] {dagbag.py:508} INFO - Filling up the DagBag from /home/airflow/.local/lib/python3.7/site-packages/airflow/example_dags/example_xcom.py
[2022-09-28 17:47:50,395] {processor.py:651} INFO - DAG(s) dict_keys(['example_xcom']) retrieved from /home/airflow/.local/lib/python3.7/site-packages/airflow/example_dags/example_xcom.py
[2022-09-28 17:47:50,475] {logging_mixin.py:115} INFO - [2022-09-28 17:47:50,475] {dag.py:2420} INFO - Sync 1 DAGs
[2022-09-28 17:47:50,502] {logging_mixin.py:115} INFO - [2022-09-28 17:47:50,501] {dag.py:2972} INFO - Setting next_dagrun for example_xcom to 2021-01-01T00:00:00+00:00, run_after=2021-01-01T00:00:00+00:00
[2022-09-28 17:47:50,523] {processor.py:161} INFO - Processing /home/airflow/.local/lib/python3.7/site-packages/airflow/example_dags/example_xcom.py took 0.378 seconds
[2022-09-28 17:48:21,273] {processor.py:153} INFO - Started process (PID=261) to work on /home/airflow/.local/lib/python3.7/site-packages/airflow/example_dags/example_xcom.py
[2022-09-28 17:48:21,274] {processor.py:641} INFO - Processing file /home/airflow/.local/lib/python3.7/site-packages/airflow/example_dags/example_xcom.py for tasks to queue
[2022-09-28 17:48:21,277] {logging_mixin.py:115} INFO - [2022-09-28 17:48:21,276] {dagbag.py:508} INFO - Filling up the DagBag from /home/airflow/.local/lib/python3.7/site-packages/airflow/example_dags/example_xcom.py
[2022-09-28 17:48:21,567] {processor.py:651} INFO - DAG(s) dict_keys(['example_xcom']) retrieved from /home/airflow/.local/lib/python3.7/site-packages/airflow/example_dags/example_xcom.py
[2022-09-28 17:48:21,673] {logging_mixin.py:115} INFO - [2022-09-28 17:48:21,673] {dag.py:2420} INFO - Sync 1 DAGs
[2022-09-28 17:48:21,696] {logging_mixin.py:115} INFO - [2022-09-28 17:48:21,696] {dag.py:2972} INFO - Setting next_dagrun for example_xcom to 2021-01-01T00:00:00+00:00, run_after=2021-01-01T00:00:00+00:00
[2022-09-28 17:48:21,735] {processor.py:161} INFO - Processing /home/airflow/.local/lib/python3.7/site-packages/airflow/example_dags/example_xcom.py took 0.469 seconds
[2022-09-28 17:48:52,190] {processor.py:153} INFO - Started process (PID=327) to work on /home/airflow/.local/lib/python3.7/site-packages/airflow/example_dags/example_xcom.py
[2022-09-28 17:48:52,192] {processor.py:641} INFO - Processing file /home/airflow/.local/lib/python3.7/site-packages/airflow/example_dags/example_xcom.py for tasks to queue
[2022-09-28 17:48:52,193] {logging_mixin.py:115} INFO - [2022-09-28 17:48:52,193] {dagbag.py:508} INFO - Filling up the DagBag from /home/airflow/.local/lib/python3.7/site-packages/airflow/example_dags/example_xcom.py
[2022-09-28 17:48:52,366] {processor.py:651} INFO - DAG(s) dict_keys(['example_xcom']) retrieved from /home/airflow/.local/lib/python3.7/site-packages/airflow/example_dags/example_xcom.py
[2022-09-28 17:48:52,392] {logging_mixin.py:115} INFO - [2022-09-28 17:48:52,392] {dag.py:2420} INFO - Sync 1 DAGs
[2022-09-28 17:48:52,419] {logging_mixin.py:115} INFO - [2022-09-28 17:48:52,418] {dag.py:2972} INFO - Setting next_dagrun for example_xcom to 2021-01-01T00:00:00+00:00, run_after=2021-01-01T00:00:00+00:00
[2022-09-28 17:48:52,435] {processor.py:161} INFO - Processing /home/airflow/.local/lib/python3.7/site-packages/airflow/example_dags/example_xcom.py took 0.249 seconds
[2022-09-28 17:49:23,071] {processor.py:153} INFO - Started process (PID=391) to work on /home/airflow/.local/lib/python3.7/site-packages/airflow/example_dags/example_xcom.py
[2022-09-28 17:49:23,087] {processor.py:641} INFO - Processing file /home/airflow/.local/lib/python3.7/site-packages/airflow/example_dags/example_xcom.py for tasks to queue
[2022-09-28 17:49:23,097] {logging_mixin.py:115} INFO - [2022-09-28 17:49:23,097] {dagbag.py:508} INFO - Filling up the DagBag from /home/airflow/.local/lib/python3.7/site-packages/airflow/example_dags/example_xcom.py
[2022-09-28 17:49:23,543] {processor.py:651} INFO - DAG(s) dict_keys(['example_xcom']) retrieved from /home/airflow/.local/lib/python3.7/site-packages/airflow/example_dags/example_xcom.py
[2022-09-28 17:49:23,621] {logging_mixin.py:115} INFO - [2022-09-28 17:49:23,621] {dag.py:2420} INFO - Sync 1 DAGs
[2022-09-28 17:49:23,704] {logging_mixin.py:115} INFO - [2022-09-28 17:49:23,694] {dag.py:2972} INFO - Setting next_dagrun for example_xcom to 2021-01-01T00:00:00+00:00, run_after=2021-01-01T00:00:00+00:00
[2022-09-28 17:49:23,824] {processor.py:161} INFO - Processing /home/airflow/.local/lib/python3.7/site-packages/airflow/example_dags/example_xcom.py took 0.767 seconds
[2022-09-28 17:49:54,457] {processor.py:153} INFO - Started process (PID=449) to work on /home/airflow/.local/lib/python3.7/site-packages/airflow/example_dags/example_xcom.py
[2022-09-28 17:49:54,459] {processor.py:641} INFO - Processing file /home/airflow/.local/lib/python3.7/site-packages/airflow/example_dags/example_xcom.py for tasks to queue
[2022-09-28 17:49:54,461] {logging_mixin.py:115} INFO - [2022-09-28 17:49:54,461] {dagbag.py:508} INFO - Filling up the DagBag from /home/airflow/.local/lib/python3.7/site-packages/airflow/example_dags/example_xcom.py
[2022-09-28 17:49:54,639] {processor.py:651} INFO - DAG(s) dict_keys(['example_xcom']) retrieved from /home/airflow/.local/lib/python3.7/site-packages/airflow/example_dags/example_xcom.py
[2022-09-28 17:49:54,712] {logging_mixin.py:115} INFO - [2022-09-28 17:49:54,712] {dag.py:2420} INFO - Sync 1 DAGs
[2022-09-28 17:49:54,735] {logging_mixin.py:115} INFO - [2022-09-28 17:49:54,735] {dag.py:2972} INFO - Setting next_dagrun for example_xcom to 2021-01-01T00:00:00+00:00, run_after=2021-01-01T00:00:00+00:00
[2022-09-28 17:49:54,750] {processor.py:161} INFO - Processing /home/airflow/.local/lib/python3.7/site-packages/airflow/example_dags/example_xcom.py took 0.302 seconds
[2022-09-28 17:50:25,100] {processor.py:153} INFO - Started process (PID=518) to work on /home/airflow/.local/lib/python3.7/site-packages/airflow/example_dags/example_xcom.py
[2022-09-28 17:50:25,102] {processor.py:641} INFO - Processing file /home/airflow/.local/lib/python3.7/site-packages/airflow/example_dags/example_xcom.py for tasks to queue
[2022-09-28 17:50:25,104] {logging_mixin.py:115} INFO - [2022-09-28 17:50:25,104] {dagbag.py:508} INFO - Filling up the DagBag from /home/airflow/.local/lib/python3.7/site-packages/airflow/example_dags/example_xcom.py
[2022-09-28 17:50:25,300] {processor.py:651} INFO - DAG(s) dict_keys(['example_xcom']) retrieved from /home/airflow/.local/lib/python3.7/site-packages/airflow/example_dags/example_xcom.py
[2022-09-28 17:50:25,327] {logging_mixin.py:115} INFO - [2022-09-28 17:50:25,327] {dag.py:2420} INFO - Sync 1 DAGs
[2022-09-28 17:50:25,354] {logging_mixin.py:115} INFO - [2022-09-28 17:50:25,353] {dag.py:2972} INFO - Setting next_dagrun for example_xcom to 2021-01-01T00:00:00+00:00, run_after=2021-01-01T00:00:00+00:00
[2022-09-28 17:50:25,385] {processor.py:161} INFO - Processing /home/airflow/.local/lib/python3.7/site-packages/airflow/example_dags/example_xcom.py took 0.291 seconds
[2022-09-28 17:50:55,589] {processor.py:153} INFO - Started process (PID=574) to work on /home/airflow/.local/lib/python3.7/site-packages/airflow/example_dags/example_xcom.py
[2022-09-28 17:50:55,590] {processor.py:641} INFO - Processing file /home/airflow/.local/lib/python3.7/site-packages/airflow/example_dags/example_xcom.py for tasks to queue
[2022-09-28 17:50:55,592] {logging_mixin.py:115} INFO - [2022-09-28 17:50:55,592] {dagbag.py:508} INFO - Filling up the DagBag from /home/airflow/.local/lib/python3.7/site-packages/airflow/example_dags/example_xcom.py
[2022-09-28 17:50:55,769] {processor.py:651} INFO - DAG(s) dict_keys(['example_xcom']) retrieved from /home/airflow/.local/lib/python3.7/site-packages/airflow/example_dags/example_xcom.py
[2022-09-28 17:50:55,881] {logging_mixin.py:115} INFO - [2022-09-28 17:50:55,881] {dag.py:2420} INFO - Sync 1 DAGs
[2022-09-28 17:50:55,910] {logging_mixin.py:115} INFO - [2022-09-28 17:50:55,910] {dag.py:2972} INFO - Setting next_dagrun for example_xcom to 2021-01-01T00:00:00+00:00, run_after=2021-01-01T00:00:00+00:00
[2022-09-28 17:50:55,929] {processor.py:161} INFO - Processing /home/airflow/.local/lib/python3.7/site-packages/airflow/example_dags/example_xcom.py took 0.345 seconds
[2022-09-28 17:51:25,970] {processor.py:153} INFO - Started process (PID=643) to work on /home/airflow/.local/lib/python3.7/site-packages/airflow/example_dags/example_xcom.py
[2022-09-28 17:51:25,971] {processor.py:641} INFO - Processing file /home/airflow/.local/lib/python3.7/site-packages/airflow/example_dags/example_xcom.py for tasks to queue
[2022-09-28 17:51:25,973] {logging_mixin.py:115} INFO - [2022-09-28 17:51:25,972] {dagbag.py:508} INFO - Filling up the DagBag from /home/airflow/.local/lib/python3.7/site-packages/airflow/example_dags/example_xcom.py
[2022-09-28 17:51:26,119] {processor.py:651} INFO - DAG(s) dict_keys(['example_xcom']) retrieved from /home/airflow/.local/lib/python3.7/site-packages/airflow/example_dags/example_xcom.py
[2022-09-28 17:51:26,196] {logging_mixin.py:115} INFO - [2022-09-28 17:51:26,196] {dag.py:2420} INFO - Sync 1 DAGs
[2022-09-28 17:51:26,227] {logging_mixin.py:115} INFO - [2022-09-28 17:51:26,226] {dag.py:2972} INFO - Setting next_dagrun for example_xcom to 2021-01-01T00:00:00+00:00, run_after=2021-01-01T00:00:00+00:00
[2022-09-28 17:51:26,245] {processor.py:161} INFO - Processing /home/airflow/.local/lib/python3.7/site-packages/airflow/example_dags/example_xcom.py took 0.279 seconds
[2022-09-28 17:51:56,318] {processor.py:153} INFO - Started process (PID=700) to work on /home/airflow/.local/lib/python3.7/site-packages/airflow/example_dags/example_xcom.py
[2022-09-28 17:51:56,325] {processor.py:641} INFO - Processing file /home/airflow/.local/lib/python3.7/site-packages/airflow/example_dags/example_xcom.py for tasks to queue
[2022-09-28 17:51:56,327] {logging_mixin.py:115} INFO - [2022-09-28 17:51:56,326] {dagbag.py:508} INFO - Filling up the DagBag from /home/airflow/.local/lib/python3.7/site-packages/airflow/example_dags/example_xcom.py
[2022-09-28 17:51:56,501] {processor.py:651} INFO - DAG(s) dict_keys(['example_xcom']) retrieved from /home/airflow/.local/lib/python3.7/site-packages/airflow/example_dags/example_xcom.py
[2022-09-28 17:51:56,571] {logging_mixin.py:115} INFO - [2022-09-28 17:51:56,571] {dag.py:2420} INFO - Sync 1 DAGs
[2022-09-28 17:51:56,598] {logging_mixin.py:115} INFO - [2022-09-28 17:51:56,597] {dag.py:2972} INFO - Setting next_dagrun for example_xcom to 2021-01-01T00:00:00+00:00, run_after=2021-01-01T00:00:00+00:00
[2022-09-28 17:51:56,628] {processor.py:161} INFO - Processing /home/airflow/.local/lib/python3.7/site-packages/airflow/example_dags/example_xcom.py took 0.316 seconds
[2022-09-28 17:52:26,898] {processor.py:153} INFO - Started process (PID=766) to work on /home/airflow/.local/lib/python3.7/site-packages/airflow/example_dags/example_xcom.py
[2022-09-28 17:52:26,899] {processor.py:641} INFO - Processing file /home/airflow/.local/lib/python3.7/site-packages/airflow/example_dags/example_xcom.py for tasks to queue
[2022-09-28 17:52:26,900] {logging_mixin.py:115} INFO - [2022-09-28 17:52:26,900] {dagbag.py:508} INFO - Filling up the DagBag from /home/airflow/.local/lib/python3.7/site-packages/airflow/example_dags/example_xcom.py
[2022-09-28 17:52:26,941] {processor.py:651} INFO - DAG(s) dict_keys(['example_xcom']) retrieved from /home/airflow/.local/lib/python3.7/site-packages/airflow/example_dags/example_xcom.py
[2022-09-28 17:52:27,042] {logging_mixin.py:115} INFO - [2022-09-28 17:52:27,042] {dag.py:2420} INFO - Sync 1 DAGs
[2022-09-28 17:52:27,077] {logging_mixin.py:115} INFO - [2022-09-28 17:52:27,077] {dag.py:2972} INFO - Setting next_dagrun for example_xcom to 2021-01-01T00:00:00+00:00, run_after=2021-01-01T00:00:00+00:00
[2022-09-28 17:52:27,105] {processor.py:161} INFO - Processing /home/airflow/.local/lib/python3.7/site-packages/airflow/example_dags/example_xcom.py took 0.211 seconds
[2022-09-28 17:52:57,210] {processor.py:153} INFO - Started process (PID=833) to work on /home/airflow/.local/lib/python3.7/site-packages/airflow/example_dags/example_xcom.py
[2022-09-28 17:52:57,213] {processor.py:641} INFO - Processing file /home/airflow/.local/lib/python3.7/site-packages/airflow/example_dags/example_xcom.py for tasks to queue
[2022-09-28 17:52:57,215] {logging_mixin.py:115} INFO - [2022-09-28 17:52:57,215] {dagbag.py:508} INFO - Filling up the DagBag from /home/airflow/.local/lib/python3.7/site-packages/airflow/example_dags/example_xcom.py
[2022-09-28 17:52:57,257] {processor.py:651} INFO - DAG(s) dict_keys(['example_xcom']) retrieved from /home/airflow/.local/lib/python3.7/site-packages/airflow/example_dags/example_xcom.py
[2022-09-28 17:52:57,371] {logging_mixin.py:115} INFO - [2022-09-28 17:52:57,371] {dag.py:2420} INFO - Sync 1 DAGs
[2022-09-28 17:52:57,406] {logging_mixin.py:115} INFO - [2022-09-28 17:52:57,406] {dag.py:2972} INFO - Setting next_dagrun for example_xcom to 2021-01-01T00:00:00+00:00, run_after=2021-01-01T00:00:00+00:00
[2022-09-28 17:52:57,435] {processor.py:161} INFO - Processing /home/airflow/.local/lib/python3.7/site-packages/airflow/example_dags/example_xcom.py took 0.229 seconds
[2022-09-28 17:53:27,700] {processor.py:153} INFO - Started process (PID=889) to work on /home/airflow/.local/lib/python3.7/site-packages/airflow/example_dags/example_xcom.py
[2022-09-28 17:53:27,702] {processor.py:641} INFO - Processing file /home/airflow/.local/lib/python3.7/site-packages/airflow/example_dags/example_xcom.py for tasks to queue
[2022-09-28 17:53:27,704] {logging_mixin.py:115} INFO - [2022-09-28 17:53:27,704] {dagbag.py:508} INFO - Filling up the DagBag from /home/airflow/.local/lib/python3.7/site-packages/airflow/example_dags/example_xcom.py
[2022-09-28 17:53:27,734] {processor.py:651} INFO - DAG(s) dict_keys(['example_xcom']) retrieved from /home/airflow/.local/lib/python3.7/site-packages/airflow/example_dags/example_xcom.py
[2022-09-28 17:53:27,832] {logging_mixin.py:115} INFO - [2022-09-28 17:53:27,832] {dag.py:2420} INFO - Sync 1 DAGs
[2022-09-28 17:53:27,860] {logging_mixin.py:115} INFO - [2022-09-28 17:53:27,860] {dag.py:2972} INFO - Setting next_dagrun for example_xcom to 2021-01-01T00:00:00+00:00, run_after=2021-01-01T00:00:00+00:00
[2022-09-28 17:53:27,886] {processor.py:161} INFO - Processing /home/airflow/.local/lib/python3.7/site-packages/airflow/example_dags/example_xcom.py took 0.195 seconds
[2022-09-28 17:53:58,090] {processor.py:153} INFO - Started process (PID=952) to work on /home/airflow/.local/lib/python3.7/site-packages/airflow/example_dags/example_xcom.py
[2022-09-28 17:53:58,098] {processor.py:641} INFO - Processing file /home/airflow/.local/lib/python3.7/site-packages/airflow/example_dags/example_xcom.py for tasks to queue
[2022-09-28 17:53:58,099] {logging_mixin.py:115} INFO - [2022-09-28 17:53:58,099] {dagbag.py:508} INFO - Filling up the DagBag from /home/airflow/.local/lib/python3.7/site-packages/airflow/example_dags/example_xcom.py
[2022-09-28 17:53:58,152] {processor.py:651} INFO - DAG(s) dict_keys(['example_xcom']) retrieved from /home/airflow/.local/lib/python3.7/site-packages/airflow/example_dags/example_xcom.py
[2022-09-28 17:53:58,206] {logging_mixin.py:115} INFO - [2022-09-28 17:53:58,206] {dag.py:2420} INFO - Sync 1 DAGs
[2022-09-28 17:53:58,235] {logging_mixin.py:115} INFO - [2022-09-28 17:53:58,235] {dag.py:2972} INFO - Setting next_dagrun for example_xcom to 2021-01-01T00:00:00+00:00, run_after=2021-01-01T00:00:00+00:00
[2022-09-28 17:53:58,253] {processor.py:161} INFO - Processing /home/airflow/.local/lib/python3.7/site-packages/airflow/example_dags/example_xcom.py took 0.177 seconds
[2022-09-28 17:54:28,946] {processor.py:153} INFO - Started process (PID=1010) to work on /home/airflow/.local/lib/python3.7/site-packages/airflow/example_dags/example_xcom.py
[2022-09-28 17:54:28,947] {processor.py:641} INFO - Processing file /home/airflow/.local/lib/python3.7/site-packages/airflow/example_dags/example_xcom.py for tasks to queue
[2022-09-28 17:54:28,949] {logging_mixin.py:115} INFO - [2022-09-28 17:54:28,949] {dagbag.py:508} INFO - Filling up the DagBag from /home/airflow/.local/lib/python3.7/site-packages/airflow/example_dags/example_xcom.py
[2022-09-28 17:54:28,977] {processor.py:651} INFO - DAG(s) dict_keys(['example_xcom']) retrieved from /home/airflow/.local/lib/python3.7/site-packages/airflow/example_dags/example_xcom.py
[2022-09-28 17:54:29,065] {logging_mixin.py:115} INFO - [2022-09-28 17:54:29,065] {dag.py:2420} INFO - Sync 1 DAGs
[2022-09-28 17:54:29,100] {logging_mixin.py:115} INFO - [2022-09-28 17:54:29,100] {dag.py:2972} INFO - Setting next_dagrun for example_xcom to 2021-01-01T00:00:00+00:00, run_after=2021-01-01T00:00:00+00:00
[2022-09-28 17:54:29,124] {processor.py:161} INFO - Processing /home/airflow/.local/lib/python3.7/site-packages/airflow/example_dags/example_xcom.py took 0.182 seconds
[2022-09-28 17:54:59,779] {processor.py:153} INFO - Started process (PID=1067) to work on /home/airflow/.local/lib/python3.7/site-packages/airflow/example_dags/example_xcom.py
[2022-09-28 17:54:59,781] {processor.py:641} INFO - Processing file /home/airflow/.local/lib/python3.7/site-packages/airflow/example_dags/example_xcom.py for tasks to queue
[2022-09-28 17:54:59,784] {logging_mixin.py:115} INFO - [2022-09-28 17:54:59,784] {dagbag.py:508} INFO - Filling up the DagBag from /home/airflow/.local/lib/python3.7/site-packages/airflow/example_dags/example_xcom.py
[2022-09-28 17:54:59,810] {processor.py:651} INFO - DAG(s) dict_keys(['example_xcom']) retrieved from /home/airflow/.local/lib/python3.7/site-packages/airflow/example_dags/example_xcom.py
[2022-09-28 17:54:59,854] {logging_mixin.py:115} INFO - [2022-09-28 17:54:59,854] {dag.py:2420} INFO - Sync 1 DAGs
[2022-09-28 17:54:59,891] {logging_mixin.py:115} INFO - [2022-09-28 17:54:59,891] {dag.py:2972} INFO - Setting next_dagrun for example_xcom to 2021-01-01T00:00:00+00:00, run_after=2021-01-01T00:00:00+00:00
[2022-09-28 17:54:59,912] {processor.py:161} INFO - Processing /home/airflow/.local/lib/python3.7/site-packages/airflow/example_dags/example_xcom.py took 0.138 seconds
[2022-09-28 17:55:30,360] {processor.py:153} INFO - Started process (PID=1133) to work on /home/airflow/.local/lib/python3.7/site-packages/airflow/example_dags/example_xcom.py
[2022-09-28 17:55:30,361] {processor.py:641} INFO - Processing file /home/airflow/.local/lib/python3.7/site-packages/airflow/example_dags/example_xcom.py for tasks to queue
[2022-09-28 17:55:30,363] {logging_mixin.py:115} INFO - [2022-09-28 17:55:30,363] {dagbag.py:508} INFO - Filling up the DagBag from /home/airflow/.local/lib/python3.7/site-packages/airflow/example_dags/example_xcom.py
[2022-09-28 17:55:30,386] {processor.py:651} INFO - DAG(s) dict_keys(['example_xcom']) retrieved from /home/airflow/.local/lib/python3.7/site-packages/airflow/example_dags/example_xcom.py
[2022-09-28 17:55:30,484] {logging_mixin.py:115} INFO - [2022-09-28 17:55:30,484] {dag.py:2420} INFO - Sync 1 DAGs
[2022-09-28 17:55:30,506] {logging_mixin.py:115} INFO - [2022-09-28 17:55:30,506] {dag.py:2972} INFO - Setting next_dagrun for example_xcom to 2021-01-01T00:00:00+00:00, run_after=2021-01-01T00:00:00+00:00
[2022-09-28 17:55:30,527] {processor.py:161} INFO - Processing /home/airflow/.local/lib/python3.7/site-packages/airflow/example_dags/example_xcom.py took 0.171 seconds
[2022-09-28 17:56:00,577] {processor.py:153} INFO - Started process (PID=1198) to work on /home/airflow/.local/lib/python3.7/site-packages/airflow/example_dags/example_xcom.py
[2022-09-28 17:56:00,579] {processor.py:641} INFO - Processing file /home/airflow/.local/lib/python3.7/site-packages/airflow/example_dags/example_xcom.py for tasks to queue
[2022-09-28 17:56:00,581] {logging_mixin.py:115} INFO - [2022-09-28 17:56:00,581] {dagbag.py:508} INFO - Filling up the DagBag from /home/airflow/.local/lib/python3.7/site-packages/airflow/example_dags/example_xcom.py
[2022-09-28 17:56:00,611] {processor.py:651} INFO - DAG(s) dict_keys(['example_xcom']) retrieved from /home/airflow/.local/lib/python3.7/site-packages/airflow/example_dags/example_xcom.py
[2022-09-28 17:56:00,703] {logging_mixin.py:115} INFO - [2022-09-28 17:56:00,702] {dag.py:2420} INFO - Sync 1 DAGs
[2022-09-28 17:56:00,731] {logging_mixin.py:115} INFO - [2022-09-28 17:56:00,731] {dag.py:2972} INFO - Setting next_dagrun for example_xcom to 2021-01-01T00:00:00+00:00, run_after=2021-01-01T00:00:00+00:00
[2022-09-28 17:56:00,749] {processor.py:161} INFO - Processing /home/airflow/.local/lib/python3.7/site-packages/airflow/example_dags/example_xcom.py took 0.178 seconds
