[2022-09-28 16:54:10,007] {processor.py:153} INFO - Started process (PID=168) to work on /home/airflow/.local/lib/python3.7/site-packages/airflow/example_dags/example_bash_operator.py
[2022-09-28 16:54:10,010] {processor.py:641} INFO - Processing file /home/airflow/.local/lib/python3.7/site-packages/airflow/example_dags/example_bash_operator.py for tasks to queue
[2022-09-28 16:54:10,014] {logging_mixin.py:115} INFO - [2022-09-28 16:54:10,013] {dagbag.py:508} INFO - Filling up the DagBag from /home/airflow/.local/lib/python3.7/site-packages/airflow/example_dags/example_bash_operator.py
[2022-09-28 16:54:10,776] {processor.py:651} INFO - DAG(s) dict_keys(['example_bash_operator']) retrieved from /home/airflow/.local/lib/python3.7/site-packages/airflow/example_dags/example_bash_operator.py
[2022-09-28 16:54:10,840] {logging_mixin.py:115} INFO - [2022-09-28 16:54:10,839] {dag.py:2420} INFO - Sync 1 DAGs
[2022-09-28 16:54:10,930] {logging_mixin.py:115} INFO - [2022-09-28 16:54:10,929] {dag.py:2972} INFO - Setting next_dagrun for example_bash_operator to 2022-09-27T00:00:00+00:00, run_after=2022-09-28T00:00:00+00:00
[2022-09-28 16:54:11,026] {processor.py:161} INFO - Processing /home/airflow/.local/lib/python3.7/site-packages/airflow/example_dags/example_bash_operator.py took 1.029 seconds
[2022-09-28 16:54:41,554] {processor.py:153} INFO - Started process (PID=225) to work on /home/airflow/.local/lib/python3.7/site-packages/airflow/example_dags/example_bash_operator.py
[2022-09-28 16:54:41,555] {processor.py:641} INFO - Processing file /home/airflow/.local/lib/python3.7/site-packages/airflow/example_dags/example_bash_operator.py for tasks to queue
[2022-09-28 16:54:41,556] {logging_mixin.py:115} INFO - [2022-09-28 16:54:41,556] {dagbag.py:508} INFO - Filling up the DagBag from /home/airflow/.local/lib/python3.7/site-packages/airflow/example_dags/example_bash_operator.py
[2022-09-28 16:54:41,735] {processor.py:651} INFO - DAG(s) dict_keys(['example_bash_operator']) retrieved from /home/airflow/.local/lib/python3.7/site-packages/airflow/example_dags/example_bash_operator.py
[2022-09-28 16:54:41,780] {logging_mixin.py:115} INFO - [2022-09-28 16:54:41,780] {dag.py:2420} INFO - Sync 1 DAGs
[2022-09-28 16:54:41,812] {logging_mixin.py:115} INFO - [2022-09-28 16:54:41,811] {dag.py:2972} INFO - Setting next_dagrun for example_bash_operator to 2022-09-27T00:00:00+00:00, run_after=2022-09-28T00:00:00+00:00
[2022-09-28 16:54:41,831] {processor.py:161} INFO - Processing /home/airflow/.local/lib/python3.7/site-packages/airflow/example_dags/example_bash_operator.py took 0.282 seconds
[2022-09-28 16:55:12,448] {processor.py:153} INFO - Started process (PID=290) to work on /home/airflow/.local/lib/python3.7/site-packages/airflow/example_dags/example_bash_operator.py
[2022-09-28 16:55:12,455] {processor.py:641} INFO - Processing file /home/airflow/.local/lib/python3.7/site-packages/airflow/example_dags/example_bash_operator.py for tasks to queue
[2022-09-28 16:55:12,459] {logging_mixin.py:115} INFO - [2022-09-28 16:55:12,459] {dagbag.py:508} INFO - Filling up the DagBag from /home/airflow/.local/lib/python3.7/site-packages/airflow/example_dags/example_bash_operator.py
[2022-09-28 16:55:12,726] {processor.py:651} INFO - DAG(s) dict_keys(['example_bash_operator']) retrieved from /home/airflow/.local/lib/python3.7/site-packages/airflow/example_dags/example_bash_operator.py
[2022-09-28 16:55:12,775] {logging_mixin.py:115} INFO - [2022-09-28 16:55:12,775] {dag.py:2420} INFO - Sync 1 DAGs
[2022-09-28 16:55:12,806] {logging_mixin.py:115} INFO - [2022-09-28 16:55:12,806] {dag.py:2972} INFO - Setting next_dagrun for example_bash_operator to 2022-09-27T00:00:00+00:00, run_after=2022-09-28T00:00:00+00:00
[2022-09-28 16:55:12,830] {processor.py:161} INFO - Processing /home/airflow/.local/lib/python3.7/site-packages/airflow/example_dags/example_bash_operator.py took 0.407 seconds
[2022-09-28 16:55:43,121] {processor.py:153} INFO - Started process (PID=347) to work on /home/airflow/.local/lib/python3.7/site-packages/airflow/example_dags/example_bash_operator.py
[2022-09-28 16:55:43,124] {processor.py:641} INFO - Processing file /home/airflow/.local/lib/python3.7/site-packages/airflow/example_dags/example_bash_operator.py for tasks to queue
[2022-09-28 16:55:43,126] {logging_mixin.py:115} INFO - [2022-09-28 16:55:43,126] {dagbag.py:508} INFO - Filling up the DagBag from /home/airflow/.local/lib/python3.7/site-packages/airflow/example_dags/example_bash_operator.py
[2022-09-28 16:55:43,378] {processor.py:651} INFO - DAG(s) dict_keys(['example_bash_operator']) retrieved from /home/airflow/.local/lib/python3.7/site-packages/airflow/example_dags/example_bash_operator.py
[2022-09-28 16:55:43,684] {logging_mixin.py:115} INFO - [2022-09-28 16:55:43,683] {dag.py:2420} INFO - Sync 1 DAGs
[2022-09-28 16:55:43,784] {logging_mixin.py:115} INFO - [2022-09-28 16:55:43,784] {dag.py:2972} INFO - Setting next_dagrun for example_bash_operator to 2022-09-27T00:00:00+00:00, run_after=2022-09-28T00:00:00+00:00
[2022-09-28 16:55:43,965] {processor.py:161} INFO - Processing /home/airflow/.local/lib/python3.7/site-packages/airflow/example_dags/example_bash_operator.py took 0.850 seconds
[2022-09-28 16:56:14,190] {processor.py:153} INFO - Started process (PID=411) to work on /home/airflow/.local/lib/python3.7/site-packages/airflow/example_dags/example_bash_operator.py
[2022-09-28 16:56:14,192] {processor.py:641} INFO - Processing file /home/airflow/.local/lib/python3.7/site-packages/airflow/example_dags/example_bash_operator.py for tasks to queue
[2022-09-28 16:56:14,194] {logging_mixin.py:115} INFO - [2022-09-28 16:56:14,194] {dagbag.py:508} INFO - Filling up the DagBag from /home/airflow/.local/lib/python3.7/site-packages/airflow/example_dags/example_bash_operator.py
[2022-09-28 16:56:14,570] {processor.py:651} INFO - DAG(s) dict_keys(['example_bash_operator']) retrieved from /home/airflow/.local/lib/python3.7/site-packages/airflow/example_dags/example_bash_operator.py
[2022-09-28 16:56:14,633] {logging_mixin.py:115} INFO - [2022-09-28 16:56:14,632] {dag.py:2420} INFO - Sync 1 DAGs
[2022-09-28 16:56:14,669] {logging_mixin.py:115} INFO - [2022-09-28 16:56:14,669] {dag.py:2972} INFO - Setting next_dagrun for example_bash_operator to 2022-09-27T00:00:00+00:00, run_after=2022-09-28T00:00:00+00:00
[2022-09-28 16:56:14,789] {processor.py:161} INFO - Processing /home/airflow/.local/lib/python3.7/site-packages/airflow/example_dags/example_bash_operator.py took 0.603 seconds
[2022-09-28 16:56:44,887] {processor.py:153} INFO - Started process (PID=468) to work on /home/airflow/.local/lib/python3.7/site-packages/airflow/example_dags/example_bash_operator.py
[2022-09-28 16:56:44,888] {processor.py:641} INFO - Processing file /home/airflow/.local/lib/python3.7/site-packages/airflow/example_dags/example_bash_operator.py for tasks to queue
[2022-09-28 16:56:44,890] {logging_mixin.py:115} INFO - [2022-09-28 16:56:44,889] {dagbag.py:508} INFO - Filling up the DagBag from /home/airflow/.local/lib/python3.7/site-packages/airflow/example_dags/example_bash_operator.py
[2022-09-28 16:56:45,059] {processor.py:651} INFO - DAG(s) dict_keys(['example_bash_operator']) retrieved from /home/airflow/.local/lib/python3.7/site-packages/airflow/example_dags/example_bash_operator.py
[2022-09-28 16:56:45,086] {logging_mixin.py:115} INFO - [2022-09-28 16:56:45,086] {dag.py:2420} INFO - Sync 1 DAGs
[2022-09-28 16:56:45,120] {logging_mixin.py:115} INFO - [2022-09-28 16:56:45,120] {dag.py:2972} INFO - Setting next_dagrun for example_bash_operator to 2022-09-27T00:00:00+00:00, run_after=2022-09-28T00:00:00+00:00
[2022-09-28 16:56:45,142] {processor.py:161} INFO - Processing /home/airflow/.local/lib/python3.7/site-packages/airflow/example_dags/example_bash_operator.py took 0.259 seconds
[2022-09-28 16:57:27,971] {processor.py:153} INFO - Started process (PID=524) to work on /home/airflow/.local/lib/python3.7/site-packages/airflow/example_dags/example_bash_operator.py
[2022-09-28 16:57:27,972] {processor.py:641} INFO - Processing file /home/airflow/.local/lib/python3.7/site-packages/airflow/example_dags/example_bash_operator.py for tasks to queue
[2022-09-28 16:57:27,975] {logging_mixin.py:115} INFO - [2022-09-28 16:57:27,975] {dagbag.py:508} INFO - Filling up the DagBag from /home/airflow/.local/lib/python3.7/site-packages/airflow/example_dags/example_bash_operator.py
[2022-09-28 16:57:28,173] {processor.py:651} INFO - DAG(s) dict_keys(['example_bash_operator']) retrieved from /home/airflow/.local/lib/python3.7/site-packages/airflow/example_dags/example_bash_operator.py
[2022-09-28 16:57:28,198] {logging_mixin.py:115} INFO - [2022-09-28 16:57:28,198] {dag.py:2420} INFO - Sync 1 DAGs
[2022-09-28 16:57:28,232] {logging_mixin.py:115} INFO - [2022-09-28 16:57:28,232] {dag.py:2972} INFO - Setting next_dagrun for example_bash_operator to 2022-09-27T00:00:00+00:00, run_after=2022-09-28T00:00:00+00:00
[2022-09-28 16:57:28,250] {processor.py:161} INFO - Processing /home/airflow/.local/lib/python3.7/site-packages/airflow/example_dags/example_bash_operator.py took 0.286 seconds
[2022-09-28 16:58:04,284] {processor.py:153} INFO - Started process (PID=591) to work on /home/airflow/.local/lib/python3.7/site-packages/airflow/example_dags/example_bash_operator.py
[2022-09-28 16:58:04,287] {processor.py:641} INFO - Processing file /home/airflow/.local/lib/python3.7/site-packages/airflow/example_dags/example_bash_operator.py for tasks to queue
[2022-09-28 16:58:04,291] {logging_mixin.py:115} INFO - [2022-09-28 16:58:04,290] {dagbag.py:508} INFO - Filling up the DagBag from /home/airflow/.local/lib/python3.7/site-packages/airflow/example_dags/example_bash_operator.py
[2022-09-28 16:58:04,598] {processor.py:651} INFO - DAG(s) dict_keys(['example_bash_operator']) retrieved from /home/airflow/.local/lib/python3.7/site-packages/airflow/example_dags/example_bash_operator.py
[2022-09-28 16:58:04,673] {logging_mixin.py:115} INFO - [2022-09-28 16:58:04,673] {dag.py:2420} INFO - Sync 1 DAGs
[2022-09-28 16:58:04,756] {logging_mixin.py:115} INFO - [2022-09-28 16:58:04,756] {dag.py:2972} INFO - Setting next_dagrun for example_bash_operator to 2022-09-27T00:00:00+00:00, run_after=2022-09-28T00:00:00+00:00
[2022-09-28 16:58:04,801] {processor.py:161} INFO - Processing /home/airflow/.local/lib/python3.7/site-packages/airflow/example_dags/example_bash_operator.py took 0.531 seconds
[2022-09-28 16:58:36,087] {processor.py:153} INFO - Started process (PID=643) to work on /home/airflow/.local/lib/python3.7/site-packages/airflow/example_dags/example_bash_operator.py
[2022-09-28 16:58:36,091] {processor.py:641} INFO - Processing file /home/airflow/.local/lib/python3.7/site-packages/airflow/example_dags/example_bash_operator.py for tasks to queue
[2022-09-28 16:58:36,098] {logging_mixin.py:115} INFO - [2022-09-28 16:58:36,098] {dagbag.py:508} INFO - Filling up the DagBag from /home/airflow/.local/lib/python3.7/site-packages/airflow/example_dags/example_bash_operator.py
[2022-09-28 16:58:36,171] {processor.py:651} INFO - DAG(s) dict_keys(['example_bash_operator']) retrieved from /home/airflow/.local/lib/python3.7/site-packages/airflow/example_dags/example_bash_operator.py
[2022-09-28 16:58:36,269] {logging_mixin.py:115} INFO - [2022-09-28 16:58:36,269] {dag.py:2420} INFO - Sync 1 DAGs
[2022-09-28 16:58:36,351] {logging_mixin.py:115} INFO - [2022-09-28 16:58:36,351] {dag.py:2972} INFO - Setting next_dagrun for example_bash_operator to 2022-09-27T00:00:00+00:00, run_after=2022-09-28T00:00:00+00:00
[2022-09-28 16:58:36,394] {processor.py:161} INFO - Processing /home/airflow/.local/lib/python3.7/site-packages/airflow/example_dags/example_bash_operator.py took 0.320 seconds
[2022-09-28 16:59:07,012] {processor.py:153} INFO - Started process (PID=703) to work on /home/airflow/.local/lib/python3.7/site-packages/airflow/example_dags/example_bash_operator.py
[2022-09-28 16:59:07,014] {processor.py:641} INFO - Processing file /home/airflow/.local/lib/python3.7/site-packages/airflow/example_dags/example_bash_operator.py for tasks to queue
[2022-09-28 16:59:07,015] {logging_mixin.py:115} INFO - [2022-09-28 16:59:07,015] {dagbag.py:508} INFO - Filling up the DagBag from /home/airflow/.local/lib/python3.7/site-packages/airflow/example_dags/example_bash_operator.py
[2022-09-28 16:59:07,032] {processor.py:651} INFO - DAG(s) dict_keys(['example_bash_operator']) retrieved from /home/airflow/.local/lib/python3.7/site-packages/airflow/example_dags/example_bash_operator.py
[2022-09-28 16:59:07,074] {logging_mixin.py:115} INFO - [2022-09-28 16:59:07,074] {dag.py:2420} INFO - Sync 1 DAGs
[2022-09-28 16:59:07,107] {logging_mixin.py:115} INFO - [2022-09-28 16:59:07,107] {dag.py:2972} INFO - Setting next_dagrun for example_bash_operator to 2022-09-27T00:00:00+00:00, run_after=2022-09-28T00:00:00+00:00
[2022-09-28 16:59:07,128] {processor.py:161} INFO - Processing /home/airflow/.local/lib/python3.7/site-packages/airflow/example_dags/example_bash_operator.py took 0.121 seconds
[2022-09-28 17:08:33,787] {processor.py:153} INFO - Started process (PID=147) to work on /home/airflow/.local/lib/python3.7/site-packages/airflow/example_dags/example_bash_operator.py
[2022-09-28 17:08:33,792] {processor.py:641} INFO - Processing file /home/airflow/.local/lib/python3.7/site-packages/airflow/example_dags/example_bash_operator.py for tasks to queue
[2022-09-28 17:08:33,794] {logging_mixin.py:115} INFO - [2022-09-28 17:08:33,794] {dagbag.py:508} INFO - Filling up the DagBag from /home/airflow/.local/lib/python3.7/site-packages/airflow/example_dags/example_bash_operator.py
[2022-09-28 17:08:34,113] {processor.py:651} INFO - DAG(s) dict_keys(['example_bash_operator']) retrieved from /home/airflow/.local/lib/python3.7/site-packages/airflow/example_dags/example_bash_operator.py
[2022-09-28 17:08:34,298] {logging_mixin.py:115} INFO - [2022-09-28 17:08:34,298] {manager.py:508} INFO - Created Permission View: can read on DAG:example_bash_operator
[2022-09-28 17:08:34,346] {logging_mixin.py:115} INFO - [2022-09-28 17:08:34,346] {manager.py:508} INFO - Created Permission View: can delete on DAG:example_bash_operator
[2022-09-28 17:08:34,365] {logging_mixin.py:115} INFO - [2022-09-28 17:08:34,365] {manager.py:508} INFO - Created Permission View: can edit on DAG:example_bash_operator
[2022-09-28 17:08:34,368] {logging_mixin.py:115} INFO - [2022-09-28 17:08:34,368] {dag.py:2420} INFO - Sync 1 DAGs
[2022-09-28 17:08:34,398] {logging_mixin.py:115} INFO - [2022-09-28 17:08:34,398] {dag.py:2439} INFO - Creating ORM DAG for example_bash_operator
[2022-09-28 17:08:34,423] {logging_mixin.py:115} INFO - [2022-09-28 17:08:34,423] {dag.py:2972} INFO - Setting next_dagrun for example_bash_operator to 2022-09-27T00:00:00+00:00, run_after=2022-09-28T00:00:00+00:00
[2022-09-28 17:08:34,464] {processor.py:161} INFO - Processing /home/airflow/.local/lib/python3.7/site-packages/airflow/example_dags/example_bash_operator.py took 0.693 seconds
[2022-09-28 17:09:05,324] {processor.py:153} INFO - Started process (PID=203) to work on /home/airflow/.local/lib/python3.7/site-packages/airflow/example_dags/example_bash_operator.py
[2022-09-28 17:09:05,326] {processor.py:641} INFO - Processing file /home/airflow/.local/lib/python3.7/site-packages/airflow/example_dags/example_bash_operator.py for tasks to queue
[2022-09-28 17:09:05,327] {logging_mixin.py:115} INFO - [2022-09-28 17:09:05,327] {dagbag.py:508} INFO - Filling up the DagBag from /home/airflow/.local/lib/python3.7/site-packages/airflow/example_dags/example_bash_operator.py
[2022-09-28 17:09:05,514] {processor.py:651} INFO - DAG(s) dict_keys(['example_bash_operator']) retrieved from /home/airflow/.local/lib/python3.7/site-packages/airflow/example_dags/example_bash_operator.py
[2022-09-28 17:09:05,547] {logging_mixin.py:115} INFO - [2022-09-28 17:09:05,547] {dag.py:2420} INFO - Sync 1 DAGs
[2022-09-28 17:09:05,577] {logging_mixin.py:115} INFO - [2022-09-28 17:09:05,577] {dag.py:2972} INFO - Setting next_dagrun for example_bash_operator to 2022-09-27T00:00:00+00:00, run_after=2022-09-28T00:00:00+00:00
[2022-09-28 17:09:05,592] {processor.py:161} INFO - Processing /home/airflow/.local/lib/python3.7/site-packages/airflow/example_dags/example_bash_operator.py took 0.277 seconds
[2022-09-28 17:09:35,820] {processor.py:153} INFO - Started process (PID=270) to work on /home/airflow/.local/lib/python3.7/site-packages/airflow/example_dags/example_bash_operator.py
[2022-09-28 17:09:35,822] {processor.py:641} INFO - Processing file /home/airflow/.local/lib/python3.7/site-packages/airflow/example_dags/example_bash_operator.py for tasks to queue
[2022-09-28 17:09:35,824] {logging_mixin.py:115} INFO - [2022-09-28 17:09:35,824] {dagbag.py:508} INFO - Filling up the DagBag from /home/airflow/.local/lib/python3.7/site-packages/airflow/example_dags/example_bash_operator.py
[2022-09-28 17:09:35,990] {processor.py:651} INFO - DAG(s) dict_keys(['example_bash_operator']) retrieved from /home/airflow/.local/lib/python3.7/site-packages/airflow/example_dags/example_bash_operator.py
[2022-09-28 17:09:36,020] {logging_mixin.py:115} INFO - [2022-09-28 17:09:36,020] {dag.py:2420} INFO - Sync 1 DAGs
[2022-09-28 17:09:36,058] {logging_mixin.py:115} INFO - [2022-09-28 17:09:36,058] {dag.py:2972} INFO - Setting next_dagrun for example_bash_operator to 2022-09-27T00:00:00+00:00, run_after=2022-09-28T00:00:00+00:00
[2022-09-28 17:09:36,076] {processor.py:161} INFO - Processing /home/airflow/.local/lib/python3.7/site-packages/airflow/example_dags/example_bash_operator.py took 0.263 seconds
[2022-09-28 17:10:06,623] {processor.py:153} INFO - Started process (PID=333) to work on /home/airflow/.local/lib/python3.7/site-packages/airflow/example_dags/example_bash_operator.py
[2022-09-28 17:10:06,625] {processor.py:641} INFO - Processing file /home/airflow/.local/lib/python3.7/site-packages/airflow/example_dags/example_bash_operator.py for tasks to queue
[2022-09-28 17:10:06,627] {logging_mixin.py:115} INFO - [2022-09-28 17:10:06,627] {dagbag.py:508} INFO - Filling up the DagBag from /home/airflow/.local/lib/python3.7/site-packages/airflow/example_dags/example_bash_operator.py
[2022-09-28 17:10:06,782] {processor.py:651} INFO - DAG(s) dict_keys(['example_bash_operator']) retrieved from /home/airflow/.local/lib/python3.7/site-packages/airflow/example_dags/example_bash_operator.py
[2022-09-28 17:10:06,823] {logging_mixin.py:115} INFO - [2022-09-28 17:10:06,823] {dag.py:2420} INFO - Sync 1 DAGs
[2022-09-28 17:10:06,860] {logging_mixin.py:115} INFO - [2022-09-28 17:10:06,860] {dag.py:2972} INFO - Setting next_dagrun for example_bash_operator to 2022-09-27T00:00:00+00:00, run_after=2022-09-28T00:00:00+00:00
[2022-09-28 17:10:06,885] {processor.py:161} INFO - Processing /home/airflow/.local/lib/python3.7/site-packages/airflow/example_dags/example_bash_operator.py took 0.267 seconds
[2022-09-28 17:10:37,533] {processor.py:153} INFO - Started process (PID=391) to work on /home/airflow/.local/lib/python3.7/site-packages/airflow/example_dags/example_bash_operator.py
[2022-09-28 17:10:37,534] {processor.py:641} INFO - Processing file /home/airflow/.local/lib/python3.7/site-packages/airflow/example_dags/example_bash_operator.py for tasks to queue
[2022-09-28 17:10:37,536] {logging_mixin.py:115} INFO - [2022-09-28 17:10:37,536] {dagbag.py:508} INFO - Filling up the DagBag from /home/airflow/.local/lib/python3.7/site-packages/airflow/example_dags/example_bash_operator.py
[2022-09-28 17:10:37,701] {processor.py:651} INFO - DAG(s) dict_keys(['example_bash_operator']) retrieved from /home/airflow/.local/lib/python3.7/site-packages/airflow/example_dags/example_bash_operator.py
[2022-09-28 17:10:37,734] {logging_mixin.py:115} INFO - [2022-09-28 17:10:37,733] {dag.py:2420} INFO - Sync 1 DAGs
[2022-09-28 17:10:37,769] {logging_mixin.py:115} INFO - [2022-09-28 17:10:37,769] {dag.py:2972} INFO - Setting next_dagrun for example_bash_operator to 2022-09-27T00:00:00+00:00, run_after=2022-09-28T00:00:00+00:00
[2022-09-28 17:10:37,790] {processor.py:161} INFO - Processing /home/airflow/.local/lib/python3.7/site-packages/airflow/example_dags/example_bash_operator.py took 0.263 seconds
[2022-09-28 17:11:07,889] {processor.py:153} INFO - Started process (PID=457) to work on /home/airflow/.local/lib/python3.7/site-packages/airflow/example_dags/example_bash_operator.py
[2022-09-28 17:11:07,890] {processor.py:641} INFO - Processing file /home/airflow/.local/lib/python3.7/site-packages/airflow/example_dags/example_bash_operator.py for tasks to queue
[2022-09-28 17:11:07,892] {logging_mixin.py:115} INFO - [2022-09-28 17:11:07,892] {dagbag.py:508} INFO - Filling up the DagBag from /home/airflow/.local/lib/python3.7/site-packages/airflow/example_dags/example_bash_operator.py
[2022-09-28 17:11:08,052] {processor.py:651} INFO - DAG(s) dict_keys(['example_bash_operator']) retrieved from /home/airflow/.local/lib/python3.7/site-packages/airflow/example_dags/example_bash_operator.py
[2022-09-28 17:11:08,081] {logging_mixin.py:115} INFO - [2022-09-28 17:11:08,080] {dag.py:2420} INFO - Sync 1 DAGs
[2022-09-28 17:11:08,116] {logging_mixin.py:115} INFO - [2022-09-28 17:11:08,116] {dag.py:2972} INFO - Setting next_dagrun for example_bash_operator to 2022-09-27T00:00:00+00:00, run_after=2022-09-28T00:00:00+00:00
[2022-09-28 17:11:08,137] {processor.py:161} INFO - Processing /home/airflow/.local/lib/python3.7/site-packages/airflow/example_dags/example_bash_operator.py took 0.253 seconds
[2022-09-28 17:11:38,612] {processor.py:153} INFO - Started process (PID=512) to work on /home/airflow/.local/lib/python3.7/site-packages/airflow/example_dags/example_bash_operator.py
[2022-09-28 17:11:38,632] {processor.py:641} INFO - Processing file /home/airflow/.local/lib/python3.7/site-packages/airflow/example_dags/example_bash_operator.py for tasks to queue
[2022-09-28 17:11:38,653] {logging_mixin.py:115} INFO - [2022-09-28 17:11:38,653] {dagbag.py:508} INFO - Filling up the DagBag from /home/airflow/.local/lib/python3.7/site-packages/airflow/example_dags/example_bash_operator.py
[2022-09-28 17:11:38,849] {processor.py:651} INFO - DAG(s) dict_keys(['example_bash_operator']) retrieved from /home/airflow/.local/lib/python3.7/site-packages/airflow/example_dags/example_bash_operator.py
[2022-09-28 17:11:38,916] {logging_mixin.py:115} INFO - [2022-09-28 17:11:38,916] {dag.py:2420} INFO - Sync 1 DAGs
[2022-09-28 17:11:38,943] {logging_mixin.py:115} INFO - [2022-09-28 17:11:38,943] {dag.py:2972} INFO - Setting next_dagrun for example_bash_operator to 2022-09-27T00:00:00+00:00, run_after=2022-09-28T00:00:00+00:00
[2022-09-28 17:11:38,968] {processor.py:161} INFO - Processing /home/airflow/.local/lib/python3.7/site-packages/airflow/example_dags/example_bash_operator.py took 0.361 seconds
[2022-09-28 17:12:09,312] {processor.py:153} INFO - Started process (PID=579) to work on /home/airflow/.local/lib/python3.7/site-packages/airflow/example_dags/example_bash_operator.py
[2022-09-28 17:12:09,314] {processor.py:641} INFO - Processing file /home/airflow/.local/lib/python3.7/site-packages/airflow/example_dags/example_bash_operator.py for tasks to queue
[2022-09-28 17:12:09,315] {logging_mixin.py:115} INFO - [2022-09-28 17:12:09,315] {dagbag.py:508} INFO - Filling up the DagBag from /home/airflow/.local/lib/python3.7/site-packages/airflow/example_dags/example_bash_operator.py
[2022-09-28 17:12:09,460] {processor.py:651} INFO - DAG(s) dict_keys(['example_bash_operator']) retrieved from /home/airflow/.local/lib/python3.7/site-packages/airflow/example_dags/example_bash_operator.py
[2022-09-28 17:12:09,485] {logging_mixin.py:115} INFO - [2022-09-28 17:12:09,484] {dag.py:2420} INFO - Sync 1 DAGs
[2022-09-28 17:12:09,509] {logging_mixin.py:115} INFO - [2022-09-28 17:12:09,509] {dag.py:2972} INFO - Setting next_dagrun for example_bash_operator to 2022-09-27T00:00:00+00:00, run_after=2022-09-28T00:00:00+00:00
[2022-09-28 17:12:09,522] {processor.py:161} INFO - Processing /home/airflow/.local/lib/python3.7/site-packages/airflow/example_dags/example_bash_operator.py took 0.216 seconds
[2022-09-28 17:12:39,935] {processor.py:153} INFO - Started process (PID=645) to work on /home/airflow/.local/lib/python3.7/site-packages/airflow/example_dags/example_bash_operator.py
[2022-09-28 17:12:39,936] {processor.py:641} INFO - Processing file /home/airflow/.local/lib/python3.7/site-packages/airflow/example_dags/example_bash_operator.py for tasks to queue
[2022-09-28 17:12:39,938] {logging_mixin.py:115} INFO - [2022-09-28 17:12:39,937] {dagbag.py:508} INFO - Filling up the DagBag from /home/airflow/.local/lib/python3.7/site-packages/airflow/example_dags/example_bash_operator.py
[2022-09-28 17:12:40,116] {processor.py:651} INFO - DAG(s) dict_keys(['example_bash_operator']) retrieved from /home/airflow/.local/lib/python3.7/site-packages/airflow/example_dags/example_bash_operator.py
[2022-09-28 17:12:40,144] {logging_mixin.py:115} INFO - [2022-09-28 17:12:40,144] {dag.py:2420} INFO - Sync 1 DAGs
[2022-09-28 17:12:40,169] {logging_mixin.py:115} INFO - [2022-09-28 17:12:40,169] {dag.py:2972} INFO - Setting next_dagrun for example_bash_operator to 2022-09-27T00:00:00+00:00, run_after=2022-09-28T00:00:00+00:00
[2022-09-28 17:12:40,183] {processor.py:161} INFO - Processing /home/airflow/.local/lib/python3.7/site-packages/airflow/example_dags/example_bash_operator.py took 0.255 seconds
[2022-09-28 17:13:10,440] {processor.py:153} INFO - Started process (PID=699) to work on /home/airflow/.local/lib/python3.7/site-packages/airflow/example_dags/example_bash_operator.py
[2022-09-28 17:13:10,441] {processor.py:641} INFO - Processing file /home/airflow/.local/lib/python3.7/site-packages/airflow/example_dags/example_bash_operator.py for tasks to queue
[2022-09-28 17:13:10,443] {logging_mixin.py:115} INFO - [2022-09-28 17:13:10,443] {dagbag.py:508} INFO - Filling up the DagBag from /home/airflow/.local/lib/python3.7/site-packages/airflow/example_dags/example_bash_operator.py
[2022-09-28 17:13:10,615] {processor.py:651} INFO - DAG(s) dict_keys(['example_bash_operator']) retrieved from /home/airflow/.local/lib/python3.7/site-packages/airflow/example_dags/example_bash_operator.py
[2022-09-28 17:13:10,653] {logging_mixin.py:115} INFO - [2022-09-28 17:13:10,653] {dag.py:2420} INFO - Sync 1 DAGs
[2022-09-28 17:13:10,710] {logging_mixin.py:115} INFO - [2022-09-28 17:13:10,710] {dag.py:2972} INFO - Setting next_dagrun for example_bash_operator to 2022-09-27T00:00:00+00:00, run_after=2022-09-28T00:00:00+00:00
[2022-09-28 17:13:10,728] {processor.py:161} INFO - Processing /home/airflow/.local/lib/python3.7/site-packages/airflow/example_dags/example_bash_operator.py took 0.294 seconds
[2022-09-28 17:13:41,472] {processor.py:153} INFO - Started process (PID=762) to work on /home/airflow/.local/lib/python3.7/site-packages/airflow/example_dags/example_bash_operator.py
[2022-09-28 17:13:41,475] {processor.py:641} INFO - Processing file /home/airflow/.local/lib/python3.7/site-packages/airflow/example_dags/example_bash_operator.py for tasks to queue
[2022-09-28 17:13:41,477] {logging_mixin.py:115} INFO - [2022-09-28 17:13:41,477] {dagbag.py:508} INFO - Filling up the DagBag from /home/airflow/.local/lib/python3.7/site-packages/airflow/example_dags/example_bash_operator.py
[2022-09-28 17:13:41,498] {processor.py:651} INFO - DAG(s) dict_keys(['example_bash_operator']) retrieved from /home/airflow/.local/lib/python3.7/site-packages/airflow/example_dags/example_bash_operator.py
[2022-09-28 17:13:41,539] {logging_mixin.py:115} INFO - [2022-09-28 17:13:41,539] {dag.py:2420} INFO - Sync 1 DAGs
[2022-09-28 17:13:41,574] {logging_mixin.py:115} INFO - [2022-09-28 17:13:41,573] {dag.py:2972} INFO - Setting next_dagrun for example_bash_operator to 2022-09-27T00:00:00+00:00, run_after=2022-09-28T00:00:00+00:00
[2022-09-28 17:13:41,592] {processor.py:161} INFO - Processing /home/airflow/.local/lib/python3.7/site-packages/airflow/example_dags/example_bash_operator.py took 0.128 seconds
[2022-09-28 17:14:12,397] {processor.py:153} INFO - Started process (PID=828) to work on /home/airflow/.local/lib/python3.7/site-packages/airflow/example_dags/example_bash_operator.py
[2022-09-28 17:14:12,398] {processor.py:641} INFO - Processing file /home/airflow/.local/lib/python3.7/site-packages/airflow/example_dags/example_bash_operator.py for tasks to queue
[2022-09-28 17:14:12,400] {logging_mixin.py:115} INFO - [2022-09-28 17:14:12,400] {dagbag.py:508} INFO - Filling up the DagBag from /home/airflow/.local/lib/python3.7/site-packages/airflow/example_dags/example_bash_operator.py
[2022-09-28 17:14:12,415] {processor.py:651} INFO - DAG(s) dict_keys(['example_bash_operator']) retrieved from /home/airflow/.local/lib/python3.7/site-packages/airflow/example_dags/example_bash_operator.py
[2022-09-28 17:14:12,449] {logging_mixin.py:115} INFO - [2022-09-28 17:14:12,449] {dag.py:2420} INFO - Sync 1 DAGs
[2022-09-28 17:14:12,476] {logging_mixin.py:115} INFO - [2022-09-28 17:14:12,476] {dag.py:2972} INFO - Setting next_dagrun for example_bash_operator to 2022-09-27T00:00:00+00:00, run_after=2022-09-28T00:00:00+00:00
[2022-09-28 17:14:12,496] {processor.py:161} INFO - Processing /home/airflow/.local/lib/python3.7/site-packages/airflow/example_dags/example_bash_operator.py took 0.104 seconds
[2022-09-28 17:14:43,148] {processor.py:153} INFO - Started process (PID=883) to work on /home/airflow/.local/lib/python3.7/site-packages/airflow/example_dags/example_bash_operator.py
[2022-09-28 17:14:43,150] {processor.py:641} INFO - Processing file /home/airflow/.local/lib/python3.7/site-packages/airflow/example_dags/example_bash_operator.py for tasks to queue
[2022-09-28 17:14:43,152] {logging_mixin.py:115} INFO - [2022-09-28 17:14:43,152] {dagbag.py:508} INFO - Filling up the DagBag from /home/airflow/.local/lib/python3.7/site-packages/airflow/example_dags/example_bash_operator.py
[2022-09-28 17:14:43,168] {processor.py:651} INFO - DAG(s) dict_keys(['example_bash_operator']) retrieved from /home/airflow/.local/lib/python3.7/site-packages/airflow/example_dags/example_bash_operator.py
[2022-09-28 17:14:43,252] {logging_mixin.py:115} INFO - [2022-09-28 17:14:43,252] {dag.py:2420} INFO - Sync 1 DAGs
[2022-09-28 17:14:43,292] {logging_mixin.py:115} INFO - [2022-09-28 17:14:43,292] {dag.py:2972} INFO - Setting next_dagrun for example_bash_operator to 2022-09-27T00:00:00+00:00, run_after=2022-09-28T00:00:00+00:00
[2022-09-28 17:14:43,319] {processor.py:161} INFO - Processing /home/airflow/.local/lib/python3.7/site-packages/airflow/example_dags/example_bash_operator.py took 0.177 seconds
[2022-09-28 17:15:13,753] {processor.py:153} INFO - Started process (PID=950) to work on /home/airflow/.local/lib/python3.7/site-packages/airflow/example_dags/example_bash_operator.py
[2022-09-28 17:15:13,755] {processor.py:641} INFO - Processing file /home/airflow/.local/lib/python3.7/site-packages/airflow/example_dags/example_bash_operator.py for tasks to queue
[2022-09-28 17:15:13,758] {logging_mixin.py:115} INFO - [2022-09-28 17:15:13,758] {dagbag.py:508} INFO - Filling up the DagBag from /home/airflow/.local/lib/python3.7/site-packages/airflow/example_dags/example_bash_operator.py
[2022-09-28 17:15:13,783] {processor.py:651} INFO - DAG(s) dict_keys(['example_bash_operator']) retrieved from /home/airflow/.local/lib/python3.7/site-packages/airflow/example_dags/example_bash_operator.py
[2022-09-28 17:15:13,818] {logging_mixin.py:115} INFO - [2022-09-28 17:15:13,818] {dag.py:2420} INFO - Sync 1 DAGs
[2022-09-28 17:15:13,847] {logging_mixin.py:115} INFO - [2022-09-28 17:15:13,847] {dag.py:2972} INFO - Setting next_dagrun for example_bash_operator to 2022-09-27T00:00:00+00:00, run_after=2022-09-28T00:00:00+00:00
[2022-09-28 17:15:13,866] {processor.py:161} INFO - Processing /home/airflow/.local/lib/python3.7/site-packages/airflow/example_dags/example_bash_operator.py took 0.123 seconds
[2022-09-28 17:15:43,941] {processor.py:153} INFO - Started process (PID=1015) to work on /home/airflow/.local/lib/python3.7/site-packages/airflow/example_dags/example_bash_operator.py
[2022-09-28 17:15:43,943] {processor.py:641} INFO - Processing file /home/airflow/.local/lib/python3.7/site-packages/airflow/example_dags/example_bash_operator.py for tasks to queue
[2022-09-28 17:15:43,944] {logging_mixin.py:115} INFO - [2022-09-28 17:15:43,944] {dagbag.py:508} INFO - Filling up the DagBag from /home/airflow/.local/lib/python3.7/site-packages/airflow/example_dags/example_bash_operator.py
[2022-09-28 17:15:43,966] {processor.py:651} INFO - DAG(s) dict_keys(['example_bash_operator']) retrieved from /home/airflow/.local/lib/python3.7/site-packages/airflow/example_dags/example_bash_operator.py
[2022-09-28 17:15:44,011] {logging_mixin.py:115} INFO - [2022-09-28 17:15:44,011] {dag.py:2420} INFO - Sync 1 DAGs
[2022-09-28 17:15:44,055] {logging_mixin.py:115} INFO - [2022-09-28 17:15:44,055] {dag.py:2972} INFO - Setting next_dagrun for example_bash_operator to 2022-09-27T00:00:00+00:00, run_after=2022-09-28T00:00:00+00:00
[2022-09-28 17:15:44,074] {processor.py:161} INFO - Processing /home/airflow/.local/lib/python3.7/site-packages/airflow/example_dags/example_bash_operator.py took 0.139 seconds
[2022-09-28 17:16:14,157] {processor.py:153} INFO - Started process (PID=1070) to work on /home/airflow/.local/lib/python3.7/site-packages/airflow/example_dags/example_bash_operator.py
[2022-09-28 17:16:14,159] {processor.py:641} INFO - Processing file /home/airflow/.local/lib/python3.7/site-packages/airflow/example_dags/example_bash_operator.py for tasks to queue
[2022-09-28 17:16:14,161] {logging_mixin.py:115} INFO - [2022-09-28 17:16:14,161] {dagbag.py:508} INFO - Filling up the DagBag from /home/airflow/.local/lib/python3.7/site-packages/airflow/example_dags/example_bash_operator.py
[2022-09-28 17:16:14,177] {processor.py:651} INFO - DAG(s) dict_keys(['example_bash_operator']) retrieved from /home/airflow/.local/lib/python3.7/site-packages/airflow/example_dags/example_bash_operator.py
[2022-09-28 17:16:14,227] {logging_mixin.py:115} INFO - [2022-09-28 17:16:14,227] {dag.py:2420} INFO - Sync 1 DAGs
[2022-09-28 17:16:14,271] {logging_mixin.py:115} INFO - [2022-09-28 17:16:14,271] {dag.py:2972} INFO - Setting next_dagrun for example_bash_operator to 2022-09-27T00:00:00+00:00, run_after=2022-09-28T00:00:00+00:00
[2022-09-28 17:16:14,291] {processor.py:161} INFO - Processing /home/airflow/.local/lib/python3.7/site-packages/airflow/example_dags/example_bash_operator.py took 0.141 seconds
[2022-09-28 17:16:44,462] {processor.py:153} INFO - Started process (PID=1135) to work on /home/airflow/.local/lib/python3.7/site-packages/airflow/example_dags/example_bash_operator.py
[2022-09-28 17:16:44,464] {processor.py:641} INFO - Processing file /home/airflow/.local/lib/python3.7/site-packages/airflow/example_dags/example_bash_operator.py for tasks to queue
[2022-09-28 17:16:44,466] {logging_mixin.py:115} INFO - [2022-09-28 17:16:44,466] {dagbag.py:508} INFO - Filling up the DagBag from /home/airflow/.local/lib/python3.7/site-packages/airflow/example_dags/example_bash_operator.py
[2022-09-28 17:16:44,485] {processor.py:651} INFO - DAG(s) dict_keys(['example_bash_operator']) retrieved from /home/airflow/.local/lib/python3.7/site-packages/airflow/example_dags/example_bash_operator.py
[2022-09-28 17:16:44,539] {logging_mixin.py:115} INFO - [2022-09-28 17:16:44,538] {dag.py:2420} INFO - Sync 1 DAGs
[2022-09-28 17:16:44,576] {logging_mixin.py:115} INFO - [2022-09-28 17:16:44,576] {dag.py:2972} INFO - Setting next_dagrun for example_bash_operator to 2022-09-27T00:00:00+00:00, run_after=2022-09-28T00:00:00+00:00
[2022-09-28 17:16:44,591] {processor.py:161} INFO - Processing /home/airflow/.local/lib/python3.7/site-packages/airflow/example_dags/example_bash_operator.py took 0.139 seconds
[2022-09-28 17:17:14,700] {processor.py:153} INFO - Started process (PID=1192) to work on /home/airflow/.local/lib/python3.7/site-packages/airflow/example_dags/example_bash_operator.py
[2022-09-28 17:17:14,701] {processor.py:641} INFO - Processing file /home/airflow/.local/lib/python3.7/site-packages/airflow/example_dags/example_bash_operator.py for tasks to queue
[2022-09-28 17:17:14,703] {logging_mixin.py:115} INFO - [2022-09-28 17:17:14,703] {dagbag.py:508} INFO - Filling up the DagBag from /home/airflow/.local/lib/python3.7/site-packages/airflow/example_dags/example_bash_operator.py
[2022-09-28 17:17:14,719] {processor.py:651} INFO - DAG(s) dict_keys(['example_bash_operator']) retrieved from /home/airflow/.local/lib/python3.7/site-packages/airflow/example_dags/example_bash_operator.py
[2022-09-28 17:17:14,754] {logging_mixin.py:115} INFO - [2022-09-28 17:17:14,754] {dag.py:2420} INFO - Sync 1 DAGs
[2022-09-28 17:17:14,785] {logging_mixin.py:115} INFO - [2022-09-28 17:17:14,785] {dag.py:2972} INFO - Setting next_dagrun for example_bash_operator to 2022-09-27T00:00:00+00:00, run_after=2022-09-28T00:00:00+00:00
[2022-09-28 17:17:14,805] {processor.py:161} INFO - Processing /home/airflow/.local/lib/python3.7/site-packages/airflow/example_dags/example_bash_operator.py took 0.110 seconds
[2022-09-28 17:17:45,421] {processor.py:153} INFO - Started process (PID=1259) to work on /home/airflow/.local/lib/python3.7/site-packages/airflow/example_dags/example_bash_operator.py
[2022-09-28 17:17:45,423] {processor.py:641} INFO - Processing file /home/airflow/.local/lib/python3.7/site-packages/airflow/example_dags/example_bash_operator.py for tasks to queue
[2022-09-28 17:17:45,424] {logging_mixin.py:115} INFO - [2022-09-28 17:17:45,424] {dagbag.py:508} INFO - Filling up the DagBag from /home/airflow/.local/lib/python3.7/site-packages/airflow/example_dags/example_bash_operator.py
[2022-09-28 17:17:45,437] {processor.py:651} INFO - DAG(s) dict_keys(['example_bash_operator']) retrieved from /home/airflow/.local/lib/python3.7/site-packages/airflow/example_dags/example_bash_operator.py
[2022-09-28 17:17:45,479] {logging_mixin.py:115} INFO - [2022-09-28 17:17:45,479] {dag.py:2420} INFO - Sync 1 DAGs
[2022-09-28 17:17:45,511] {logging_mixin.py:115} INFO - [2022-09-28 17:17:45,511] {dag.py:2972} INFO - Setting next_dagrun for example_bash_operator to 2022-09-27T00:00:00+00:00, run_after=2022-09-28T00:00:00+00:00
[2022-09-28 17:17:45,528] {processor.py:161} INFO - Processing /home/airflow/.local/lib/python3.7/site-packages/airflow/example_dags/example_bash_operator.py took 0.111 seconds
[2022-09-28 17:18:17,340] {processor.py:153} INFO - Started process (PID=1325) to work on /home/airflow/.local/lib/python3.7/site-packages/airflow/example_dags/example_bash_operator.py
[2022-09-28 17:18:17,370] {processor.py:641} INFO - Processing file /home/airflow/.local/lib/python3.7/site-packages/airflow/example_dags/example_bash_operator.py for tasks to queue
[2022-09-28 17:18:17,387] {logging_mixin.py:115} INFO - [2022-09-28 17:18:17,387] {dagbag.py:508} INFO - Filling up the DagBag from /home/airflow/.local/lib/python3.7/site-packages/airflow/example_dags/example_bash_operator.py
[2022-09-28 17:18:17,521] {processor.py:651} INFO - DAG(s) dict_keys(['example_bash_operator']) retrieved from /home/airflow/.local/lib/python3.7/site-packages/airflow/example_dags/example_bash_operator.py
[2022-09-28 17:18:17,804] {logging_mixin.py:115} INFO - [2022-09-28 17:18:17,803] {dag.py:2420} INFO - Sync 1 DAGs
[2022-09-28 17:18:18,072] {logging_mixin.py:115} INFO - [2022-09-28 17:18:18,072] {dag.py:2972} INFO - Setting next_dagrun for example_bash_operator to 2022-09-27T00:00:00+00:00, run_after=2022-09-28T00:00:00+00:00
[2022-09-28 17:18:18,263] {processor.py:161} INFO - Processing /home/airflow/.local/lib/python3.7/site-packages/airflow/example_dags/example_bash_operator.py took 0.949 seconds
[2022-09-28 17:18:49,167] {processor.py:153} INFO - Started process (PID=1380) to work on /home/airflow/.local/lib/python3.7/site-packages/airflow/example_dags/example_bash_operator.py
[2022-09-28 17:18:49,173] {processor.py:641} INFO - Processing file /home/airflow/.local/lib/python3.7/site-packages/airflow/example_dags/example_bash_operator.py for tasks to queue
[2022-09-28 17:18:49,179] {logging_mixin.py:115} INFO - [2022-09-28 17:18:49,179] {dagbag.py:508} INFO - Filling up the DagBag from /home/airflow/.local/lib/python3.7/site-packages/airflow/example_dags/example_bash_operator.py
[2022-09-28 17:18:49,201] {processor.py:651} INFO - DAG(s) dict_keys(['example_bash_operator']) retrieved from /home/airflow/.local/lib/python3.7/site-packages/airflow/example_dags/example_bash_operator.py
[2022-09-28 17:18:49,258] {logging_mixin.py:115} INFO - [2022-09-28 17:18:49,258] {dag.py:2420} INFO - Sync 1 DAGs
[2022-09-28 17:18:49,302] {logging_mixin.py:115} INFO - [2022-09-28 17:18:49,301] {dag.py:2972} INFO - Setting next_dagrun for example_bash_operator to 2022-09-27T00:00:00+00:00, run_after=2022-09-28T00:00:00+00:00
[2022-09-28 17:18:49,337] {processor.py:161} INFO - Processing /home/airflow/.local/lib/python3.7/site-packages/airflow/example_dags/example_bash_operator.py took 0.175 seconds
[2022-09-28 17:19:19,886] {processor.py:153} INFO - Started process (PID=1446) to work on /home/airflow/.local/lib/python3.7/site-packages/airflow/example_dags/example_bash_operator.py
[2022-09-28 17:19:19,887] {processor.py:641} INFO - Processing file /home/airflow/.local/lib/python3.7/site-packages/airflow/example_dags/example_bash_operator.py for tasks to queue
[2022-09-28 17:19:19,889] {logging_mixin.py:115} INFO - [2022-09-28 17:19:19,888] {dagbag.py:508} INFO - Filling up the DagBag from /home/airflow/.local/lib/python3.7/site-packages/airflow/example_dags/example_bash_operator.py
[2022-09-28 17:19:19,902] {processor.py:651} INFO - DAG(s) dict_keys(['example_bash_operator']) retrieved from /home/airflow/.local/lib/python3.7/site-packages/airflow/example_dags/example_bash_operator.py
[2022-09-28 17:19:19,951] {logging_mixin.py:115} INFO - [2022-09-28 17:19:19,951] {dag.py:2420} INFO - Sync 1 DAGs
[2022-09-28 17:19:19,986] {logging_mixin.py:115} INFO - [2022-09-28 17:19:19,986] {dag.py:2972} INFO - Setting next_dagrun for example_bash_operator to 2022-09-27T00:00:00+00:00, run_after=2022-09-28T00:00:00+00:00
[2022-09-28 17:19:20,019] {processor.py:161} INFO - Processing /home/airflow/.local/lib/python3.7/site-packages/airflow/example_dags/example_bash_operator.py took 0.138 seconds
[2022-09-28 17:19:50,257] {processor.py:153} INFO - Started process (PID=1501) to work on /home/airflow/.local/lib/python3.7/site-packages/airflow/example_dags/example_bash_operator.py
[2022-09-28 17:19:50,259] {processor.py:641} INFO - Processing file /home/airflow/.local/lib/python3.7/site-packages/airflow/example_dags/example_bash_operator.py for tasks to queue
[2022-09-28 17:19:50,262] {logging_mixin.py:115} INFO - [2022-09-28 17:19:50,261] {dagbag.py:508} INFO - Filling up the DagBag from /home/airflow/.local/lib/python3.7/site-packages/airflow/example_dags/example_bash_operator.py
[2022-09-28 17:19:50,284] {processor.py:651} INFO - DAG(s) dict_keys(['example_bash_operator']) retrieved from /home/airflow/.local/lib/python3.7/site-packages/airflow/example_dags/example_bash_operator.py
[2022-09-28 17:19:50,330] {logging_mixin.py:115} INFO - [2022-09-28 17:19:50,330] {dag.py:2420} INFO - Sync 1 DAGs
[2022-09-28 17:19:50,381] {logging_mixin.py:115} INFO - [2022-09-28 17:19:50,381] {dag.py:2972} INFO - Setting next_dagrun for example_bash_operator to 2022-09-27T00:00:00+00:00, run_after=2022-09-28T00:00:00+00:00
[2022-09-28 17:19:50,410] {processor.py:161} INFO - Processing /home/airflow/.local/lib/python3.7/site-packages/airflow/example_dags/example_bash_operator.py took 0.160 seconds
[2022-09-28 17:20:20,589] {processor.py:153} INFO - Started process (PID=1565) to work on /home/airflow/.local/lib/python3.7/site-packages/airflow/example_dags/example_bash_operator.py
[2022-09-28 17:20:20,591] {processor.py:641} INFO - Processing file /home/airflow/.local/lib/python3.7/site-packages/airflow/example_dags/example_bash_operator.py for tasks to queue
[2022-09-28 17:20:20,593] {logging_mixin.py:115} INFO - [2022-09-28 17:20:20,593] {dagbag.py:508} INFO - Filling up the DagBag from /home/airflow/.local/lib/python3.7/site-packages/airflow/example_dags/example_bash_operator.py
[2022-09-28 17:20:20,609] {processor.py:651} INFO - DAG(s) dict_keys(['example_bash_operator']) retrieved from /home/airflow/.local/lib/python3.7/site-packages/airflow/example_dags/example_bash_operator.py
[2022-09-28 17:20:20,649] {logging_mixin.py:115} INFO - [2022-09-28 17:20:20,649] {dag.py:2420} INFO - Sync 1 DAGs
[2022-09-28 17:20:20,691] {logging_mixin.py:115} INFO - [2022-09-28 17:20:20,690] {dag.py:2972} INFO - Setting next_dagrun for example_bash_operator to 2022-09-27T00:00:00+00:00, run_after=2022-09-28T00:00:00+00:00
[2022-09-28 17:20:20,706] {processor.py:161} INFO - Processing /home/airflow/.local/lib/python3.7/site-packages/airflow/example_dags/example_bash_operator.py took 0.126 seconds
[2022-09-28 17:20:51,230] {processor.py:153} INFO - Started process (PID=1623) to work on /home/airflow/.local/lib/python3.7/site-packages/airflow/example_dags/example_bash_operator.py
[2022-09-28 17:20:51,231] {processor.py:641} INFO - Processing file /home/airflow/.local/lib/python3.7/site-packages/airflow/example_dags/example_bash_operator.py for tasks to queue
[2022-09-28 17:20:51,233] {logging_mixin.py:115} INFO - [2022-09-28 17:20:51,233] {dagbag.py:508} INFO - Filling up the DagBag from /home/airflow/.local/lib/python3.7/site-packages/airflow/example_dags/example_bash_operator.py
[2022-09-28 17:20:51,247] {processor.py:651} INFO - DAG(s) dict_keys(['example_bash_operator']) retrieved from /home/airflow/.local/lib/python3.7/site-packages/airflow/example_dags/example_bash_operator.py
[2022-09-28 17:20:51,285] {logging_mixin.py:115} INFO - [2022-09-28 17:20:51,285] {dag.py:2420} INFO - Sync 1 DAGs
[2022-09-28 17:20:51,315] {logging_mixin.py:115} INFO - [2022-09-28 17:20:51,314] {dag.py:2972} INFO - Setting next_dagrun for example_bash_operator to 2022-09-27T00:00:00+00:00, run_after=2022-09-28T00:00:00+00:00
[2022-09-28 17:20:51,332] {processor.py:161} INFO - Processing /home/airflow/.local/lib/python3.7/site-packages/airflow/example_dags/example_bash_operator.py took 0.105 seconds
[2022-09-28 17:21:22,047] {processor.py:153} INFO - Started process (PID=1688) to work on /home/airflow/.local/lib/python3.7/site-packages/airflow/example_dags/example_bash_operator.py
[2022-09-28 17:21:22,048] {processor.py:641} INFO - Processing file /home/airflow/.local/lib/python3.7/site-packages/airflow/example_dags/example_bash_operator.py for tasks to queue
[2022-09-28 17:21:22,049] {logging_mixin.py:115} INFO - [2022-09-28 17:21:22,049] {dagbag.py:508} INFO - Filling up the DagBag from /home/airflow/.local/lib/python3.7/site-packages/airflow/example_dags/example_bash_operator.py
[2022-09-28 17:21:22,062] {processor.py:651} INFO - DAG(s) dict_keys(['example_bash_operator']) retrieved from /home/airflow/.local/lib/python3.7/site-packages/airflow/example_dags/example_bash_operator.py
[2022-09-28 17:21:22,092] {logging_mixin.py:115} INFO - [2022-09-28 17:21:22,092] {dag.py:2420} INFO - Sync 1 DAGs
[2022-09-28 17:21:22,122] {logging_mixin.py:115} INFO - [2022-09-28 17:21:22,122] {dag.py:2972} INFO - Setting next_dagrun for example_bash_operator to 2022-09-27T00:00:00+00:00, run_after=2022-09-28T00:00:00+00:00
[2022-09-28 17:21:22,138] {processor.py:161} INFO - Processing /home/airflow/.local/lib/python3.7/site-packages/airflow/example_dags/example_bash_operator.py took 0.097 seconds
[2022-09-28 17:21:52,348] {processor.py:153} INFO - Started process (PID=1744) to work on /home/airflow/.local/lib/python3.7/site-packages/airflow/example_dags/example_bash_operator.py
[2022-09-28 17:21:52,349] {processor.py:641} INFO - Processing file /home/airflow/.local/lib/python3.7/site-packages/airflow/example_dags/example_bash_operator.py for tasks to queue
[2022-09-28 17:21:52,350] {logging_mixin.py:115} INFO - [2022-09-28 17:21:52,350] {dagbag.py:508} INFO - Filling up the DagBag from /home/airflow/.local/lib/python3.7/site-packages/airflow/example_dags/example_bash_operator.py
[2022-09-28 17:21:52,363] {processor.py:651} INFO - DAG(s) dict_keys(['example_bash_operator']) retrieved from /home/airflow/.local/lib/python3.7/site-packages/airflow/example_dags/example_bash_operator.py
[2022-09-28 17:21:52,397] {logging_mixin.py:115} INFO - [2022-09-28 17:21:52,397] {dag.py:2420} INFO - Sync 1 DAGs
[2022-09-28 17:21:52,423] {logging_mixin.py:115} INFO - [2022-09-28 17:21:52,423] {dag.py:2972} INFO - Setting next_dagrun for example_bash_operator to 2022-09-27T00:00:00+00:00, run_after=2022-09-28T00:00:00+00:00
[2022-09-28 17:21:52,440] {processor.py:161} INFO - Processing /home/airflow/.local/lib/python3.7/site-packages/airflow/example_dags/example_bash_operator.py took 0.096 seconds
[2022-09-28 17:22:23,375] {processor.py:153} INFO - Started process (PID=1810) to work on /home/airflow/.local/lib/python3.7/site-packages/airflow/example_dags/example_bash_operator.py
[2022-09-28 17:22:23,377] {processor.py:641} INFO - Processing file /home/airflow/.local/lib/python3.7/site-packages/airflow/example_dags/example_bash_operator.py for tasks to queue
[2022-09-28 17:22:23,378] {logging_mixin.py:115} INFO - [2022-09-28 17:22:23,378] {dagbag.py:508} INFO - Filling up the DagBag from /home/airflow/.local/lib/python3.7/site-packages/airflow/example_dags/example_bash_operator.py
[2022-09-28 17:22:23,392] {processor.py:651} INFO - DAG(s) dict_keys(['example_bash_operator']) retrieved from /home/airflow/.local/lib/python3.7/site-packages/airflow/example_dags/example_bash_operator.py
[2022-09-28 17:22:23,422] {logging_mixin.py:115} INFO - [2022-09-28 17:22:23,422] {dag.py:2420} INFO - Sync 1 DAGs
[2022-09-28 17:22:23,452] {logging_mixin.py:115} INFO - [2022-09-28 17:22:23,452] {dag.py:2972} INFO - Setting next_dagrun for example_bash_operator to 2022-09-27T00:00:00+00:00, run_after=2022-09-28T00:00:00+00:00
[2022-09-28 17:22:23,474] {processor.py:161} INFO - Processing /home/airflow/.local/lib/python3.7/site-packages/airflow/example_dags/example_bash_operator.py took 0.107 seconds
[2022-09-28 17:22:53,589] {processor.py:153} INFO - Started process (PID=1874) to work on /home/airflow/.local/lib/python3.7/site-packages/airflow/example_dags/example_bash_operator.py
[2022-09-28 17:22:53,591] {processor.py:641} INFO - Processing file /home/airflow/.local/lib/python3.7/site-packages/airflow/example_dags/example_bash_operator.py for tasks to queue
[2022-09-28 17:22:53,592] {logging_mixin.py:115} INFO - [2022-09-28 17:22:53,592] {dagbag.py:508} INFO - Filling up the DagBag from /home/airflow/.local/lib/python3.7/site-packages/airflow/example_dags/example_bash_operator.py
[2022-09-28 17:22:53,608] {processor.py:651} INFO - DAG(s) dict_keys(['example_bash_operator']) retrieved from /home/airflow/.local/lib/python3.7/site-packages/airflow/example_dags/example_bash_operator.py
[2022-09-28 17:22:53,649] {logging_mixin.py:115} INFO - [2022-09-28 17:22:53,649] {dag.py:2420} INFO - Sync 1 DAGs
[2022-09-28 17:22:53,682] {logging_mixin.py:115} INFO - [2022-09-28 17:22:53,681] {dag.py:2972} INFO - Setting next_dagrun for example_bash_operator to 2022-09-27T00:00:00+00:00, run_after=2022-09-28T00:00:00+00:00
[2022-09-28 17:22:53,702] {processor.py:161} INFO - Processing /home/airflow/.local/lib/python3.7/site-packages/airflow/example_dags/example_bash_operator.py took 0.118 seconds
[2022-09-28 17:23:24,160] {processor.py:153} INFO - Started process (PID=1932) to work on /home/airflow/.local/lib/python3.7/site-packages/airflow/example_dags/example_bash_operator.py
[2022-09-28 17:23:24,161] {processor.py:641} INFO - Processing file /home/airflow/.local/lib/python3.7/site-packages/airflow/example_dags/example_bash_operator.py for tasks to queue
[2022-09-28 17:23:24,162] {logging_mixin.py:115} INFO - [2022-09-28 17:23:24,162] {dagbag.py:508} INFO - Filling up the DagBag from /home/airflow/.local/lib/python3.7/site-packages/airflow/example_dags/example_bash_operator.py
[2022-09-28 17:23:24,177] {processor.py:651} INFO - DAG(s) dict_keys(['example_bash_operator']) retrieved from /home/airflow/.local/lib/python3.7/site-packages/airflow/example_dags/example_bash_operator.py
[2022-09-28 17:23:24,212] {logging_mixin.py:115} INFO - [2022-09-28 17:23:24,212] {dag.py:2420} INFO - Sync 1 DAGs
[2022-09-28 17:23:24,243] {logging_mixin.py:115} INFO - [2022-09-28 17:23:24,243] {dag.py:2972} INFO - Setting next_dagrun for example_bash_operator to 2022-09-27T00:00:00+00:00, run_after=2022-09-28T00:00:00+00:00
[2022-09-28 17:23:24,260] {processor.py:161} INFO - Processing /home/airflow/.local/lib/python3.7/site-packages/airflow/example_dags/example_bash_operator.py took 0.105 seconds
[2022-09-28 17:23:54,383] {processor.py:153} INFO - Started process (PID=1997) to work on /home/airflow/.local/lib/python3.7/site-packages/airflow/example_dags/example_bash_operator.py
[2022-09-28 17:23:54,384] {processor.py:641} INFO - Processing file /home/airflow/.local/lib/python3.7/site-packages/airflow/example_dags/example_bash_operator.py for tasks to queue
[2022-09-28 17:23:54,387] {logging_mixin.py:115} INFO - [2022-09-28 17:23:54,386] {dagbag.py:508} INFO - Filling up the DagBag from /home/airflow/.local/lib/python3.7/site-packages/airflow/example_dags/example_bash_operator.py
[2022-09-28 17:23:54,416] {processor.py:651} INFO - DAG(s) dict_keys(['example_bash_operator']) retrieved from /home/airflow/.local/lib/python3.7/site-packages/airflow/example_dags/example_bash_operator.py
[2022-09-28 17:23:54,490] {logging_mixin.py:115} INFO - [2022-09-28 17:23:54,490] {dag.py:2420} INFO - Sync 1 DAGs
[2022-09-28 17:23:54,540] {logging_mixin.py:115} INFO - [2022-09-28 17:23:54,539] {dag.py:2972} INFO - Setting next_dagrun for example_bash_operator to 2022-09-27T00:00:00+00:00, run_after=2022-09-28T00:00:00+00:00
[2022-09-28 17:23:54,571] {processor.py:161} INFO - Processing /home/airflow/.local/lib/python3.7/site-packages/airflow/example_dags/example_bash_operator.py took 0.196 seconds
[2022-09-28 17:24:24,697] {processor.py:153} INFO - Started process (PID=2053) to work on /home/airflow/.local/lib/python3.7/site-packages/airflow/example_dags/example_bash_operator.py
[2022-09-28 17:24:24,700] {processor.py:641} INFO - Processing file /home/airflow/.local/lib/python3.7/site-packages/airflow/example_dags/example_bash_operator.py for tasks to queue
[2022-09-28 17:24:24,703] {logging_mixin.py:115} INFO - [2022-09-28 17:24:24,702] {dagbag.py:508} INFO - Filling up the DagBag from /home/airflow/.local/lib/python3.7/site-packages/airflow/example_dags/example_bash_operator.py
[2022-09-28 17:24:24,735] {processor.py:651} INFO - DAG(s) dict_keys(['example_bash_operator']) retrieved from /home/airflow/.local/lib/python3.7/site-packages/airflow/example_dags/example_bash_operator.py
[2022-09-28 17:24:24,804] {logging_mixin.py:115} INFO - [2022-09-28 17:24:24,803] {dag.py:2420} INFO - Sync 1 DAGs
[2022-09-28 17:24:24,858] {logging_mixin.py:115} INFO - [2022-09-28 17:24:24,857] {dag.py:2972} INFO - Setting next_dagrun for example_bash_operator to 2022-09-27T00:00:00+00:00, run_after=2022-09-28T00:00:00+00:00
[2022-09-28 17:24:24,897] {processor.py:161} INFO - Processing /home/airflow/.local/lib/python3.7/site-packages/airflow/example_dags/example_bash_operator.py took 0.207 seconds
[2022-09-28 17:24:55,723] {processor.py:153} INFO - Started process (PID=2120) to work on /home/airflow/.local/lib/python3.7/site-packages/airflow/example_dags/example_bash_operator.py
[2022-09-28 17:24:55,724] {processor.py:641} INFO - Processing file /home/airflow/.local/lib/python3.7/site-packages/airflow/example_dags/example_bash_operator.py for tasks to queue
[2022-09-28 17:24:55,725] {logging_mixin.py:115} INFO - [2022-09-28 17:24:55,725] {dagbag.py:508} INFO - Filling up the DagBag from /home/airflow/.local/lib/python3.7/site-packages/airflow/example_dags/example_bash_operator.py
[2022-09-28 17:24:55,739] {processor.py:651} INFO - DAG(s) dict_keys(['example_bash_operator']) retrieved from /home/airflow/.local/lib/python3.7/site-packages/airflow/example_dags/example_bash_operator.py
[2022-09-28 17:24:55,769] {logging_mixin.py:115} INFO - [2022-09-28 17:24:55,769] {dag.py:2420} INFO - Sync 1 DAGs
[2022-09-28 17:24:55,796] {logging_mixin.py:115} INFO - [2022-09-28 17:24:55,796] {dag.py:2972} INFO - Setting next_dagrun for example_bash_operator to 2022-09-27T00:00:00+00:00, run_after=2022-09-28T00:00:00+00:00
[2022-09-28 17:24:55,810] {processor.py:161} INFO - Processing /home/airflow/.local/lib/python3.7/site-packages/airflow/example_dags/example_bash_operator.py took 0.093 seconds
[2022-09-28 17:25:26,038] {processor.py:153} INFO - Started process (PID=2176) to work on /home/airflow/.local/lib/python3.7/site-packages/airflow/example_dags/example_bash_operator.py
[2022-09-28 17:25:26,040] {processor.py:641} INFO - Processing file /home/airflow/.local/lib/python3.7/site-packages/airflow/example_dags/example_bash_operator.py for tasks to queue
[2022-09-28 17:25:26,041] {logging_mixin.py:115} INFO - [2022-09-28 17:25:26,041] {dagbag.py:508} INFO - Filling up the DagBag from /home/airflow/.local/lib/python3.7/site-packages/airflow/example_dags/example_bash_operator.py
[2022-09-28 17:25:26,059] {processor.py:651} INFO - DAG(s) dict_keys(['example_bash_operator']) retrieved from /home/airflow/.local/lib/python3.7/site-packages/airflow/example_dags/example_bash_operator.py
[2022-09-28 17:25:26,089] {logging_mixin.py:115} INFO - [2022-09-28 17:25:26,089] {dag.py:2420} INFO - Sync 1 DAGs
[2022-09-28 17:25:26,115] {logging_mixin.py:115} INFO - [2022-09-28 17:25:26,114] {dag.py:2972} INFO - Setting next_dagrun for example_bash_operator to 2022-09-27T00:00:00+00:00, run_after=2022-09-28T00:00:00+00:00
[2022-09-28 17:25:26,128] {processor.py:161} INFO - Processing /home/airflow/.local/lib/python3.7/site-packages/airflow/example_dags/example_bash_operator.py took 0.096 seconds
[2022-09-28 17:25:56,284] {processor.py:153} INFO - Started process (PID=2242) to work on /home/airflow/.local/lib/python3.7/site-packages/airflow/example_dags/example_bash_operator.py
[2022-09-28 17:25:56,285] {processor.py:641} INFO - Processing file /home/airflow/.local/lib/python3.7/site-packages/airflow/example_dags/example_bash_operator.py for tasks to queue
[2022-09-28 17:25:56,286] {logging_mixin.py:115} INFO - [2022-09-28 17:25:56,286] {dagbag.py:508} INFO - Filling up the DagBag from /home/airflow/.local/lib/python3.7/site-packages/airflow/example_dags/example_bash_operator.py
[2022-09-28 17:25:56,306] {processor.py:651} INFO - DAG(s) dict_keys(['example_bash_operator']) retrieved from /home/airflow/.local/lib/python3.7/site-packages/airflow/example_dags/example_bash_operator.py
[2022-09-28 17:25:56,349] {logging_mixin.py:115} INFO - [2022-09-28 17:25:56,349] {dag.py:2420} INFO - Sync 1 DAGs
[2022-09-28 17:25:56,401] {logging_mixin.py:115} INFO - [2022-09-28 17:25:56,400] {dag.py:2972} INFO - Setting next_dagrun for example_bash_operator to 2022-09-27T00:00:00+00:00, run_after=2022-09-28T00:00:00+00:00
[2022-09-28 17:25:56,428] {processor.py:161} INFO - Processing /home/airflow/.local/lib/python3.7/site-packages/airflow/example_dags/example_bash_operator.py took 0.151 seconds
[2022-09-28 17:26:26,862] {processor.py:153} INFO - Started process (PID=2309) to work on /home/airflow/.local/lib/python3.7/site-packages/airflow/example_dags/example_bash_operator.py
[2022-09-28 17:26:26,865] {processor.py:641} INFO - Processing file /home/airflow/.local/lib/python3.7/site-packages/airflow/example_dags/example_bash_operator.py for tasks to queue
[2022-09-28 17:26:26,870] {logging_mixin.py:115} INFO - [2022-09-28 17:26:26,870] {dagbag.py:508} INFO - Filling up the DagBag from /home/airflow/.local/lib/python3.7/site-packages/airflow/example_dags/example_bash_operator.py
[2022-09-28 17:26:26,892] {processor.py:651} INFO - DAG(s) dict_keys(['example_bash_operator']) retrieved from /home/airflow/.local/lib/python3.7/site-packages/airflow/example_dags/example_bash_operator.py
[2022-09-28 17:26:26,946] {logging_mixin.py:115} INFO - [2022-09-28 17:26:26,946] {dag.py:2420} INFO - Sync 1 DAGs
[2022-09-28 17:26:27,034] {logging_mixin.py:115} INFO - [2022-09-28 17:26:27,034] {dag.py:2972} INFO - Setting next_dagrun for example_bash_operator to 2022-09-27T00:00:00+00:00, run_after=2022-09-28T00:00:00+00:00
[2022-09-28 17:26:27,065] {processor.py:161} INFO - Processing /home/airflow/.local/lib/python3.7/site-packages/airflow/example_dags/example_bash_operator.py took 0.210 seconds
[2022-09-28 17:26:57,227] {processor.py:153} INFO - Started process (PID=2363) to work on /home/airflow/.local/lib/python3.7/site-packages/airflow/example_dags/example_bash_operator.py
[2022-09-28 17:26:57,229] {processor.py:641} INFO - Processing file /home/airflow/.local/lib/python3.7/site-packages/airflow/example_dags/example_bash_operator.py for tasks to queue
[2022-09-28 17:26:57,231] {logging_mixin.py:115} INFO - [2022-09-28 17:26:57,230] {dagbag.py:508} INFO - Filling up the DagBag from /home/airflow/.local/lib/python3.7/site-packages/airflow/example_dags/example_bash_operator.py
[2022-09-28 17:26:57,247] {processor.py:651} INFO - DAG(s) dict_keys(['example_bash_operator']) retrieved from /home/airflow/.local/lib/python3.7/site-packages/airflow/example_dags/example_bash_operator.py
[2022-09-28 17:26:57,288] {logging_mixin.py:115} INFO - [2022-09-28 17:26:57,288] {dag.py:2420} INFO - Sync 1 DAGs
[2022-09-28 17:26:57,319] {logging_mixin.py:115} INFO - [2022-09-28 17:26:57,319] {dag.py:2972} INFO - Setting next_dagrun for example_bash_operator to 2022-09-27T00:00:00+00:00, run_after=2022-09-28T00:00:00+00:00
[2022-09-28 17:26:57,351] {processor.py:161} INFO - Processing /home/airflow/.local/lib/python3.7/site-packages/airflow/example_dags/example_bash_operator.py took 0.128 seconds
[2022-09-28 17:27:27,529] {processor.py:153} INFO - Started process (PID=2429) to work on /home/airflow/.local/lib/python3.7/site-packages/airflow/example_dags/example_bash_operator.py
[2022-09-28 17:27:27,531] {processor.py:641} INFO - Processing file /home/airflow/.local/lib/python3.7/site-packages/airflow/example_dags/example_bash_operator.py for tasks to queue
[2022-09-28 17:27:27,533] {logging_mixin.py:115} INFO - [2022-09-28 17:27:27,533] {dagbag.py:508} INFO - Filling up the DagBag from /home/airflow/.local/lib/python3.7/site-packages/airflow/example_dags/example_bash_operator.py
[2022-09-28 17:27:27,562] {processor.py:651} INFO - DAG(s) dict_keys(['example_bash_operator']) retrieved from /home/airflow/.local/lib/python3.7/site-packages/airflow/example_dags/example_bash_operator.py
[2022-09-28 17:27:27,598] {logging_mixin.py:115} INFO - [2022-09-28 17:27:27,598] {dag.py:2420} INFO - Sync 1 DAGs
[2022-09-28 17:27:27,635] {logging_mixin.py:115} INFO - [2022-09-28 17:27:27,635] {dag.py:2972} INFO - Setting next_dagrun for example_bash_operator to 2022-09-27T00:00:00+00:00, run_after=2022-09-28T00:00:00+00:00
[2022-09-28 17:27:27,661] {processor.py:161} INFO - Processing /home/airflow/.local/lib/python3.7/site-packages/airflow/example_dags/example_bash_operator.py took 0.137 seconds
[2022-09-28 17:27:58,653] {processor.py:153} INFO - Started process (PID=2485) to work on /home/airflow/.local/lib/python3.7/site-packages/airflow/example_dags/example_bash_operator.py
[2022-09-28 17:27:58,656] {processor.py:641} INFO - Processing file /home/airflow/.local/lib/python3.7/site-packages/airflow/example_dags/example_bash_operator.py for tasks to queue
[2022-09-28 17:27:58,661] {logging_mixin.py:115} INFO - [2022-09-28 17:27:58,660] {dagbag.py:508} INFO - Filling up the DagBag from /home/airflow/.local/lib/python3.7/site-packages/airflow/example_dags/example_bash_operator.py
[2022-09-28 17:27:58,688] {processor.py:651} INFO - DAG(s) dict_keys(['example_bash_operator']) retrieved from /home/airflow/.local/lib/python3.7/site-packages/airflow/example_dags/example_bash_operator.py
[2022-09-28 17:27:58,749] {logging_mixin.py:115} INFO - [2022-09-28 17:27:58,749] {dag.py:2420} INFO - Sync 1 DAGs
[2022-09-28 17:27:58,789] {logging_mixin.py:115} INFO - [2022-09-28 17:27:58,789] {dag.py:2972} INFO - Setting next_dagrun for example_bash_operator to 2022-09-27T00:00:00+00:00, run_after=2022-09-28T00:00:00+00:00
[2022-09-28 17:27:58,820] {processor.py:161} INFO - Processing /home/airflow/.local/lib/python3.7/site-packages/airflow/example_dags/example_bash_operator.py took 0.172 seconds
[2022-09-28 17:28:29,248] {processor.py:153} INFO - Started process (PID=2555) to work on /home/airflow/.local/lib/python3.7/site-packages/airflow/example_dags/example_bash_operator.py
[2022-09-28 17:28:29,256] {processor.py:641} INFO - Processing file /home/airflow/.local/lib/python3.7/site-packages/airflow/example_dags/example_bash_operator.py for tasks to queue
[2022-09-28 17:28:29,268] {logging_mixin.py:115} INFO - [2022-09-28 17:28:29,268] {dagbag.py:508} INFO - Filling up the DagBag from /home/airflow/.local/lib/python3.7/site-packages/airflow/example_dags/example_bash_operator.py
[2022-09-28 17:28:29,283] {processor.py:651} INFO - DAG(s) dict_keys(['example_bash_operator']) retrieved from /home/airflow/.local/lib/python3.7/site-packages/airflow/example_dags/example_bash_operator.py
[2022-09-28 17:28:29,329] {logging_mixin.py:115} INFO - [2022-09-28 17:28:29,329] {dag.py:2420} INFO - Sync 1 DAGs
[2022-09-28 17:28:29,380] {logging_mixin.py:115} INFO - [2022-09-28 17:28:29,380] {dag.py:2972} INFO - Setting next_dagrun for example_bash_operator to 2022-09-27T00:00:00+00:00, run_after=2022-09-28T00:00:00+00:00
[2022-09-28 17:28:29,410] {processor.py:161} INFO - Processing /home/airflow/.local/lib/python3.7/site-packages/airflow/example_dags/example_bash_operator.py took 0.166 seconds
[2022-09-28 17:28:59,496] {processor.py:153} INFO - Started process (PID=2613) to work on /home/airflow/.local/lib/python3.7/site-packages/airflow/example_dags/example_bash_operator.py
[2022-09-28 17:28:59,499] {processor.py:641} INFO - Processing file /home/airflow/.local/lib/python3.7/site-packages/airflow/example_dags/example_bash_operator.py for tasks to queue
[2022-09-28 17:28:59,501] {logging_mixin.py:115} INFO - [2022-09-28 17:28:59,500] {dagbag.py:508} INFO - Filling up the DagBag from /home/airflow/.local/lib/python3.7/site-packages/airflow/example_dags/example_bash_operator.py
[2022-09-28 17:28:59,528] {processor.py:651} INFO - DAG(s) dict_keys(['example_bash_operator']) retrieved from /home/airflow/.local/lib/python3.7/site-packages/airflow/example_dags/example_bash_operator.py
[2022-09-28 17:28:59,578] {logging_mixin.py:115} INFO - [2022-09-28 17:28:59,578] {dag.py:2420} INFO - Sync 1 DAGs
[2022-09-28 17:28:59,624] {logging_mixin.py:115} INFO - [2022-09-28 17:28:59,624] {dag.py:2972} INFO - Setting next_dagrun for example_bash_operator to 2022-09-27T00:00:00+00:00, run_after=2022-09-28T00:00:00+00:00
[2022-09-28 17:28:59,653] {processor.py:161} INFO - Processing /home/airflow/.local/lib/python3.7/site-packages/airflow/example_dags/example_bash_operator.py took 0.164 seconds
[2022-09-28 17:29:30,182] {processor.py:153} INFO - Started process (PID=2677) to work on /home/airflow/.local/lib/python3.7/site-packages/airflow/example_dags/example_bash_operator.py
[2022-09-28 17:29:30,183] {processor.py:641} INFO - Processing file /home/airflow/.local/lib/python3.7/site-packages/airflow/example_dags/example_bash_operator.py for tasks to queue
[2022-09-28 17:29:30,185] {logging_mixin.py:115} INFO - [2022-09-28 17:29:30,185] {dagbag.py:508} INFO - Filling up the DagBag from /home/airflow/.local/lib/python3.7/site-packages/airflow/example_dags/example_bash_operator.py
[2022-09-28 17:29:30,204] {processor.py:651} INFO - DAG(s) dict_keys(['example_bash_operator']) retrieved from /home/airflow/.local/lib/python3.7/site-packages/airflow/example_dags/example_bash_operator.py
[2022-09-28 17:29:30,251] {logging_mixin.py:115} INFO - [2022-09-28 17:29:30,251] {dag.py:2420} INFO - Sync 1 DAGs
[2022-09-28 17:29:30,287] {logging_mixin.py:115} INFO - [2022-09-28 17:29:30,286] {dag.py:2972} INFO - Setting next_dagrun for example_bash_operator to 2022-09-27T00:00:00+00:00, run_after=2022-09-28T00:00:00+00:00
[2022-09-28 17:29:30,306] {processor.py:161} INFO - Processing /home/airflow/.local/lib/python3.7/site-packages/airflow/example_dags/example_bash_operator.py took 0.129 seconds
[2022-09-28 17:30:01,042] {processor.py:153} INFO - Started process (PID=2738) to work on /home/airflow/.local/lib/python3.7/site-packages/airflow/example_dags/example_bash_operator.py
[2022-09-28 17:30:01,043] {processor.py:641} INFO - Processing file /home/airflow/.local/lib/python3.7/site-packages/airflow/example_dags/example_bash_operator.py for tasks to queue
[2022-09-28 17:30:01,045] {logging_mixin.py:115} INFO - [2022-09-28 17:30:01,045] {dagbag.py:508} INFO - Filling up the DagBag from /home/airflow/.local/lib/python3.7/site-packages/airflow/example_dags/example_bash_operator.py
[2022-09-28 17:30:01,058] {processor.py:651} INFO - DAG(s) dict_keys(['example_bash_operator']) retrieved from /home/airflow/.local/lib/python3.7/site-packages/airflow/example_dags/example_bash_operator.py
[2022-09-28 17:30:01,092] {logging_mixin.py:115} INFO - [2022-09-28 17:30:01,092] {dag.py:2420} INFO - Sync 1 DAGs
[2022-09-28 17:30:01,121] {logging_mixin.py:115} INFO - [2022-09-28 17:30:01,121] {dag.py:2972} INFO - Setting next_dagrun for example_bash_operator to 2022-09-27T00:00:00+00:00, run_after=2022-09-28T00:00:00+00:00
[2022-09-28 17:30:01,137] {processor.py:161} INFO - Processing /home/airflow/.local/lib/python3.7/site-packages/airflow/example_dags/example_bash_operator.py took 0.101 seconds
[2022-09-28 17:30:31,431] {processor.py:153} INFO - Started process (PID=2805) to work on /home/airflow/.local/lib/python3.7/site-packages/airflow/example_dags/example_bash_operator.py
[2022-09-28 17:30:31,433] {processor.py:641} INFO - Processing file /home/airflow/.local/lib/python3.7/site-packages/airflow/example_dags/example_bash_operator.py for tasks to queue
[2022-09-28 17:30:31,435] {logging_mixin.py:115} INFO - [2022-09-28 17:30:31,435] {dagbag.py:508} INFO - Filling up the DagBag from /home/airflow/.local/lib/python3.7/site-packages/airflow/example_dags/example_bash_operator.py
[2022-09-28 17:30:31,454] {processor.py:651} INFO - DAG(s) dict_keys(['example_bash_operator']) retrieved from /home/airflow/.local/lib/python3.7/site-packages/airflow/example_dags/example_bash_operator.py
[2022-09-28 17:30:31,498] {logging_mixin.py:115} INFO - [2022-09-28 17:30:31,498] {dag.py:2420} INFO - Sync 1 DAGs
[2022-09-28 17:30:31,532] {logging_mixin.py:115} INFO - [2022-09-28 17:30:31,532] {dag.py:2972} INFO - Setting next_dagrun for example_bash_operator to 2022-09-27T00:00:00+00:00, run_after=2022-09-28T00:00:00+00:00
[2022-09-28 17:30:31,554] {processor.py:161} INFO - Processing /home/airflow/.local/lib/python3.7/site-packages/airflow/example_dags/example_bash_operator.py took 0.130 seconds
[2022-09-28 17:31:01,670] {processor.py:153} INFO - Started process (PID=2862) to work on /home/airflow/.local/lib/python3.7/site-packages/airflow/example_dags/example_bash_operator.py
[2022-09-28 17:31:01,672] {processor.py:641} INFO - Processing file /home/airflow/.local/lib/python3.7/site-packages/airflow/example_dags/example_bash_operator.py for tasks to queue
[2022-09-28 17:31:01,673] {logging_mixin.py:115} INFO - [2022-09-28 17:31:01,673] {dagbag.py:508} INFO - Filling up the DagBag from /home/airflow/.local/lib/python3.7/site-packages/airflow/example_dags/example_bash_operator.py
[2022-09-28 17:31:01,685] {processor.py:651} INFO - DAG(s) dict_keys(['example_bash_operator']) retrieved from /home/airflow/.local/lib/python3.7/site-packages/airflow/example_dags/example_bash_operator.py
[2022-09-28 17:31:01,715] {logging_mixin.py:115} INFO - [2022-09-28 17:31:01,714] {dag.py:2420} INFO - Sync 1 DAGs
[2022-09-28 17:31:01,740] {logging_mixin.py:115} INFO - [2022-09-28 17:31:01,739] {dag.py:2972} INFO - Setting next_dagrun for example_bash_operator to 2022-09-27T00:00:00+00:00, run_after=2022-09-28T00:00:00+00:00
[2022-09-28 17:31:01,755] {processor.py:161} INFO - Processing /home/airflow/.local/lib/python3.7/site-packages/airflow/example_dags/example_bash_operator.py took 0.089 seconds
[2022-09-28 17:36:51,893] {processor.py:153} INFO - Started process (PID=148) to work on /home/airflow/.local/lib/python3.7/site-packages/airflow/example_dags/example_bash_operator.py
[2022-09-28 17:36:51,897] {processor.py:641} INFO - Processing file /home/airflow/.local/lib/python3.7/site-packages/airflow/example_dags/example_bash_operator.py for tasks to queue
[2022-09-28 17:36:51,899] {logging_mixin.py:115} INFO - [2022-09-28 17:36:51,899] {dagbag.py:508} INFO - Filling up the DagBag from /home/airflow/.local/lib/python3.7/site-packages/airflow/example_dags/example_bash_operator.py
[2022-09-28 17:36:52,198] {processor.py:651} INFO - DAG(s) dict_keys(['example_bash_operator']) retrieved from /home/airflow/.local/lib/python3.7/site-packages/airflow/example_dags/example_bash_operator.py
[2022-09-28 17:36:52,311] {logging_mixin.py:115} INFO - [2022-09-28 17:36:52,311] {manager.py:508} INFO - Created Permission View: can read on DAG:example_bash_operator
[2022-09-28 17:36:52,333] {logging_mixin.py:115} INFO - [2022-09-28 17:36:52,333] {manager.py:508} INFO - Created Permission View: can delete on DAG:example_bash_operator
[2022-09-28 17:36:52,347] {logging_mixin.py:115} INFO - [2022-09-28 17:36:52,347] {manager.py:508} INFO - Created Permission View: can edit on DAG:example_bash_operator
[2022-09-28 17:36:52,349] {logging_mixin.py:115} INFO - [2022-09-28 17:36:52,349] {dag.py:2420} INFO - Sync 1 DAGs
[2022-09-28 17:36:52,363] {logging_mixin.py:115} INFO - [2022-09-28 17:36:52,363] {dag.py:2439} INFO - Creating ORM DAG for example_bash_operator
[2022-09-28 17:36:52,384] {logging_mixin.py:115} INFO - [2022-09-28 17:36:52,384] {dag.py:2972} INFO - Setting next_dagrun for example_bash_operator to 2022-09-27T00:00:00+00:00, run_after=2022-09-28T00:00:00+00:00
[2022-09-28 17:36:52,418] {processor.py:161} INFO - Processing /home/airflow/.local/lib/python3.7/site-packages/airflow/example_dags/example_bash_operator.py took 0.543 seconds
[2022-09-28 17:37:22,577] {processor.py:153} INFO - Started process (PID=203) to work on /home/airflow/.local/lib/python3.7/site-packages/airflow/example_dags/example_bash_operator.py
[2022-09-28 17:37:22,582] {processor.py:641} INFO - Processing file /home/airflow/.local/lib/python3.7/site-packages/airflow/example_dags/example_bash_operator.py for tasks to queue
[2022-09-28 17:37:22,585] {logging_mixin.py:115} INFO - [2022-09-28 17:37:22,585] {dagbag.py:508} INFO - Filling up the DagBag from /home/airflow/.local/lib/python3.7/site-packages/airflow/example_dags/example_bash_operator.py
[2022-09-28 17:37:22,795] {processor.py:651} INFO - DAG(s) dict_keys(['example_bash_operator']) retrieved from /home/airflow/.local/lib/python3.7/site-packages/airflow/example_dags/example_bash_operator.py
[2022-09-28 17:37:22,829] {logging_mixin.py:115} INFO - [2022-09-28 17:37:22,829] {dag.py:2420} INFO - Sync 1 DAGs
[2022-09-28 17:37:22,863] {logging_mixin.py:115} INFO - [2022-09-28 17:37:22,863] {dag.py:2972} INFO - Setting next_dagrun for example_bash_operator to 2022-09-27T00:00:00+00:00, run_after=2022-09-28T00:00:00+00:00
[2022-09-28 17:37:22,887] {processor.py:161} INFO - Processing /home/airflow/.local/lib/python3.7/site-packages/airflow/example_dags/example_bash_operator.py took 0.328 seconds
[2022-09-28 17:37:53,613] {processor.py:153} INFO - Started process (PID=271) to work on /home/airflow/.local/lib/python3.7/site-packages/airflow/example_dags/example_bash_operator.py
[2022-09-28 17:37:53,614] {processor.py:641} INFO - Processing file /home/airflow/.local/lib/python3.7/site-packages/airflow/example_dags/example_bash_operator.py for tasks to queue
[2022-09-28 17:37:53,615] {logging_mixin.py:115} INFO - [2022-09-28 17:37:53,615] {dagbag.py:508} INFO - Filling up the DagBag from /home/airflow/.local/lib/python3.7/site-packages/airflow/example_dags/example_bash_operator.py
[2022-09-28 17:37:53,820] {processor.py:651} INFO - DAG(s) dict_keys(['example_bash_operator']) retrieved from /home/airflow/.local/lib/python3.7/site-packages/airflow/example_dags/example_bash_operator.py
[2022-09-28 17:37:53,900] {logging_mixin.py:115} INFO - [2022-09-28 17:37:53,900] {dag.py:2420} INFO - Sync 1 DAGs
[2022-09-28 17:37:53,944] {logging_mixin.py:115} INFO - [2022-09-28 17:37:53,944] {dag.py:2972} INFO - Setting next_dagrun for example_bash_operator to 2022-09-27T00:00:00+00:00, run_after=2022-09-28T00:00:00+00:00
[2022-09-28 17:37:53,971] {processor.py:161} INFO - Processing /home/airflow/.local/lib/python3.7/site-packages/airflow/example_dags/example_bash_operator.py took 0.362 seconds
[2022-09-28 17:38:35,262] {processor.py:153} INFO - Started process (PID=333) to work on /home/airflow/.local/lib/python3.7/site-packages/airflow/example_dags/example_bash_operator.py
[2022-09-28 17:38:35,264] {processor.py:641} INFO - Processing file /home/airflow/.local/lib/python3.7/site-packages/airflow/example_dags/example_bash_operator.py for tasks to queue
[2022-09-28 17:38:35,267] {logging_mixin.py:115} INFO - [2022-09-28 17:38:35,267] {dagbag.py:508} INFO - Filling up the DagBag from /home/airflow/.local/lib/python3.7/site-packages/airflow/example_dags/example_bash_operator.py
[2022-09-28 17:38:35,517] {processor.py:651} INFO - DAG(s) dict_keys(['example_bash_operator']) retrieved from /home/airflow/.local/lib/python3.7/site-packages/airflow/example_dags/example_bash_operator.py
[2022-09-28 17:38:35,558] {logging_mixin.py:115} INFO - [2022-09-28 17:38:35,558] {dag.py:2420} INFO - Sync 1 DAGs
[2022-09-28 17:38:35,604] {logging_mixin.py:115} INFO - [2022-09-28 17:38:35,604] {dag.py:2972} INFO - Setting next_dagrun for example_bash_operator to 2022-09-27T00:00:00+00:00, run_after=2022-09-28T00:00:00+00:00
[2022-09-28 17:38:35,644] {processor.py:161} INFO - Processing /home/airflow/.local/lib/python3.7/site-packages/airflow/example_dags/example_bash_operator.py took 0.392 seconds
[2022-09-28 17:39:05,859] {processor.py:153} INFO - Started process (PID=399) to work on /home/airflow/.local/lib/python3.7/site-packages/airflow/example_dags/example_bash_operator.py
[2022-09-28 17:39:05,861] {processor.py:641} INFO - Processing file /home/airflow/.local/lib/python3.7/site-packages/airflow/example_dags/example_bash_operator.py for tasks to queue
[2022-09-28 17:39:05,862] {logging_mixin.py:115} INFO - [2022-09-28 17:39:05,862] {dagbag.py:508} INFO - Filling up the DagBag from /home/airflow/.local/lib/python3.7/site-packages/airflow/example_dags/example_bash_operator.py
[2022-09-28 17:39:06,027] {processor.py:651} INFO - DAG(s) dict_keys(['example_bash_operator']) retrieved from /home/airflow/.local/lib/python3.7/site-packages/airflow/example_dags/example_bash_operator.py
[2022-09-28 17:39:06,062] {logging_mixin.py:115} INFO - [2022-09-28 17:39:06,062] {dag.py:2420} INFO - Sync 1 DAGs
[2022-09-28 17:39:06,084] {logging_mixin.py:115} INFO - [2022-09-28 17:39:06,084] {dag.py:2972} INFO - Setting next_dagrun for example_bash_operator to 2022-09-27T00:00:00+00:00, run_after=2022-09-28T00:00:00+00:00
[2022-09-28 17:39:06,106] {processor.py:161} INFO - Processing /home/airflow/.local/lib/python3.7/site-packages/airflow/example_dags/example_bash_operator.py took 0.250 seconds
