[2022-09-28 16:53:25,814] {processor.py:153} INFO - Started process (PID=124) to work on /home/airflow/.local/lib/python3.7/site-packages/airflow/example_dags/example_latest_only_with_trigger.py
[2022-09-28 16:53:25,816] {processor.py:641} INFO - Processing file /home/airflow/.local/lib/python3.7/site-packages/airflow/example_dags/example_latest_only_with_trigger.py for tasks to queue
[2022-09-28 16:53:25,824] {logging_mixin.py:115} INFO - [2022-09-28 16:53:25,823] {dagbag.py:508} INFO - Filling up the DagBag from /home/airflow/.local/lib/python3.7/site-packages/airflow/example_dags/example_latest_only_with_trigger.py
[2022-09-28 16:53:26,545] {processor.py:651} INFO - DAG(s) dict_keys(['latest_only_with_trigger']) retrieved from /home/airflow/.local/lib/python3.7/site-packages/airflow/example_dags/example_latest_only_with_trigger.py
[2022-09-28 16:53:26,707] {logging_mixin.py:115} INFO - [2022-09-28 16:53:26,706] {dag.py:2420} INFO - Sync 1 DAGs
[2022-09-28 16:53:26,820] {logging_mixin.py:115} INFO - [2022-09-28 16:53:26,819] {dag.py:2972} INFO - Setting next_dagrun for latest_only_with_trigger to 2022-09-28T12:53:26.818922+00:00, run_after=2022-09-28T16:53:26.818922+00:00
[2022-09-28 16:53:26,854] {processor.py:161} INFO - Processing /home/airflow/.local/lib/python3.7/site-packages/airflow/example_dags/example_latest_only_with_trigger.py took 1.057 seconds
[2022-09-28 16:54:15,003] {processor.py:153} INFO - Started process (PID=179) to work on /home/airflow/.local/lib/python3.7/site-packages/airflow/example_dags/example_latest_only_with_trigger.py
[2022-09-28 16:54:15,006] {processor.py:641} INFO - Processing file /home/airflow/.local/lib/python3.7/site-packages/airflow/example_dags/example_latest_only_with_trigger.py for tasks to queue
[2022-09-28 16:54:15,008] {logging_mixin.py:115} INFO - [2022-09-28 16:54:15,008] {dagbag.py:508} INFO - Filling up the DagBag from /home/airflow/.local/lib/python3.7/site-packages/airflow/example_dags/example_latest_only_with_trigger.py
[2022-09-28 16:54:15,777] {processor.py:651} INFO - DAG(s) dict_keys(['latest_only_with_trigger']) retrieved from /home/airflow/.local/lib/python3.7/site-packages/airflow/example_dags/example_latest_only_with_trigger.py
[2022-09-28 16:54:15,915] {logging_mixin.py:115} INFO - [2022-09-28 16:54:15,915] {dag.py:2420} INFO - Sync 1 DAGs
[2022-09-28 16:54:16,014] {logging_mixin.py:115} INFO - [2022-09-28 16:54:16,014] {dag.py:2972} INFO - Setting next_dagrun for latest_only_with_trigger to 2022-09-28T12:54:16.013690+00:00, run_after=2022-09-28T16:54:16.013690+00:00
[2022-09-28 16:54:16,094] {processor.py:161} INFO - Processing /home/airflow/.local/lib/python3.7/site-packages/airflow/example_dags/example_latest_only_with_trigger.py took 1.108 seconds
[2022-09-28 16:54:46,523] {processor.py:153} INFO - Started process (PID=246) to work on /home/airflow/.local/lib/python3.7/site-packages/airflow/example_dags/example_latest_only_with_trigger.py
[2022-09-28 16:54:46,525] {processor.py:641} INFO - Processing file /home/airflow/.local/lib/python3.7/site-packages/airflow/example_dags/example_latest_only_with_trigger.py for tasks to queue
[2022-09-28 16:54:46,531] {logging_mixin.py:115} INFO - [2022-09-28 16:54:46,531] {dagbag.py:508} INFO - Filling up the DagBag from /home/airflow/.local/lib/python3.7/site-packages/airflow/example_dags/example_latest_only_with_trigger.py
[2022-09-28 16:54:47,050] {processor.py:651} INFO - DAG(s) dict_keys(['latest_only_with_trigger']) retrieved from /home/airflow/.local/lib/python3.7/site-packages/airflow/example_dags/example_latest_only_with_trigger.py
[2022-09-28 16:54:47,109] {logging_mixin.py:115} INFO - [2022-09-28 16:54:47,109] {dag.py:2420} INFO - Sync 1 DAGs
[2022-09-28 16:54:47,181] {logging_mixin.py:115} INFO - [2022-09-28 16:54:47,181] {dag.py:2972} INFO - Setting next_dagrun for latest_only_with_trigger to 2022-09-28T12:54:47.181057+00:00, run_after=2022-09-28T16:54:47.181057+00:00
[2022-09-28 16:54:47,213] {processor.py:161} INFO - Processing /home/airflow/.local/lib/python3.7/site-packages/airflow/example_dags/example_latest_only_with_trigger.py took 0.707 seconds
[2022-09-28 16:55:18,114] {processor.py:153} INFO - Started process (PID=301) to work on /home/airflow/.local/lib/python3.7/site-packages/airflow/example_dags/example_latest_only_with_trigger.py
[2022-09-28 16:55:18,117] {processor.py:641} INFO - Processing file /home/airflow/.local/lib/python3.7/site-packages/airflow/example_dags/example_latest_only_with_trigger.py for tasks to queue
[2022-09-28 16:55:18,123] {logging_mixin.py:115} INFO - [2022-09-28 16:55:18,122] {dagbag.py:508} INFO - Filling up the DagBag from /home/airflow/.local/lib/python3.7/site-packages/airflow/example_dags/example_latest_only_with_trigger.py
[2022-09-28 16:55:18,571] {processor.py:651} INFO - DAG(s) dict_keys(['latest_only_with_trigger']) retrieved from /home/airflow/.local/lib/python3.7/site-packages/airflow/example_dags/example_latest_only_with_trigger.py
[2022-09-28 16:55:18,622] {logging_mixin.py:115} INFO - [2022-09-28 16:55:18,622] {dag.py:2420} INFO - Sync 1 DAGs
[2022-09-28 16:55:18,668] {logging_mixin.py:115} INFO - [2022-09-28 16:55:18,668] {dag.py:2972} INFO - Setting next_dagrun for latest_only_with_trigger to 2022-09-28T12:55:18.667885+00:00, run_after=2022-09-28T16:55:18.667885+00:00
[2022-09-28 16:55:18,708] {processor.py:161} INFO - Processing /home/airflow/.local/lib/python3.7/site-packages/airflow/example_dags/example_latest_only_with_trigger.py took 0.606 seconds
[2022-09-28 16:55:49,019] {processor.py:153} INFO - Started process (PID=366) to work on /home/airflow/.local/lib/python3.7/site-packages/airflow/example_dags/example_latest_only_with_trigger.py
[2022-09-28 16:55:49,052] {processor.py:641} INFO - Processing file /home/airflow/.local/lib/python3.7/site-packages/airflow/example_dags/example_latest_only_with_trigger.py for tasks to queue
[2022-09-28 16:55:49,057] {logging_mixin.py:115} INFO - [2022-09-28 16:55:49,056] {dagbag.py:508} INFO - Filling up the DagBag from /home/airflow/.local/lib/python3.7/site-packages/airflow/example_dags/example_latest_only_with_trigger.py
[2022-09-28 16:55:49,445] {processor.py:651} INFO - DAG(s) dict_keys(['latest_only_with_trigger']) retrieved from /home/airflow/.local/lib/python3.7/site-packages/airflow/example_dags/example_latest_only_with_trigger.py
[2022-09-28 16:55:49,488] {logging_mixin.py:115} INFO - [2022-09-28 16:55:49,488] {dag.py:2420} INFO - Sync 1 DAGs
[2022-09-28 16:55:49,552] {logging_mixin.py:115} INFO - [2022-09-28 16:55:49,552] {dag.py:2972} INFO - Setting next_dagrun for latest_only_with_trigger to 2022-09-28T12:55:49.552141+00:00, run_after=2022-09-28T16:55:49.552141+00:00
[2022-09-28 16:55:49,605] {processor.py:161} INFO - Processing /home/airflow/.local/lib/python3.7/site-packages/airflow/example_dags/example_latest_only_with_trigger.py took 0.608 seconds
[2022-09-28 16:56:21,019] {processor.py:153} INFO - Started process (PID=424) to work on /home/airflow/.local/lib/python3.7/site-packages/airflow/example_dags/example_latest_only_with_trigger.py
[2022-09-28 16:56:21,021] {processor.py:641} INFO - Processing file /home/airflow/.local/lib/python3.7/site-packages/airflow/example_dags/example_latest_only_with_trigger.py for tasks to queue
[2022-09-28 16:56:21,024] {logging_mixin.py:115} INFO - [2022-09-28 16:56:21,023] {dagbag.py:508} INFO - Filling up the DagBag from /home/airflow/.local/lib/python3.7/site-packages/airflow/example_dags/example_latest_only_with_trigger.py
[2022-09-28 16:56:21,610] {processor.py:651} INFO - DAG(s) dict_keys(['latest_only_with_trigger']) retrieved from /home/airflow/.local/lib/python3.7/site-packages/airflow/example_dags/example_latest_only_with_trigger.py
[2022-09-28 16:56:21,794] {logging_mixin.py:115} INFO - [2022-09-28 16:56:21,794] {dag.py:2420} INFO - Sync 1 DAGs
[2022-09-28 16:56:21,909] {logging_mixin.py:115} INFO - [2022-09-28 16:56:21,909] {dag.py:2972} INFO - Setting next_dagrun for latest_only_with_trigger to 2022-09-28T12:56:21.909380+00:00, run_after=2022-09-28T16:56:21.909380+00:00
[2022-09-28 16:56:21,985] {processor.py:161} INFO - Processing /home/airflow/.local/lib/python3.7/site-packages/airflow/example_dags/example_latest_only_with_trigger.py took 0.971 seconds
[2022-09-28 16:57:13,399] {processor.py:153} INFO - Started process (PID=487) to work on /home/airflow/.local/lib/python3.7/site-packages/airflow/example_dags/example_latest_only_with_trigger.py
[2022-09-28 16:57:13,403] {processor.py:641} INFO - Processing file /home/airflow/.local/lib/python3.7/site-packages/airflow/example_dags/example_latest_only_with_trigger.py for tasks to queue
[2022-09-28 16:57:13,413] {logging_mixin.py:115} INFO - [2022-09-28 16:57:13,413] {dagbag.py:508} INFO - Filling up the DagBag from /home/airflow/.local/lib/python3.7/site-packages/airflow/example_dags/example_latest_only_with_trigger.py
[2022-09-28 16:57:15,865] {processor.py:651} INFO - DAG(s) dict_keys(['latest_only_with_trigger']) retrieved from /home/airflow/.local/lib/python3.7/site-packages/airflow/example_dags/example_latest_only_with_trigger.py
[2022-09-28 16:57:16,004] {logging_mixin.py:115} INFO - [2022-09-28 16:57:16,004] {dag.py:2420} INFO - Sync 1 DAGs
[2022-09-28 16:57:16,118] {logging_mixin.py:115} INFO - [2022-09-28 16:57:16,118] {dag.py:2972} INFO - Setting next_dagrun for latest_only_with_trigger to 2022-09-28T12:57:16.117919+00:00, run_after=2022-09-28T16:57:16.117919+00:00
[2022-09-28 16:57:16,175] {processor.py:161} INFO - Processing /home/airflow/.local/lib/python3.7/site-packages/airflow/example_dags/example_latest_only_with_trigger.py took 2.783 seconds
[2022-09-28 16:57:46,774] {processor.py:153} INFO - Started process (PID=546) to work on /home/airflow/.local/lib/python3.7/site-packages/airflow/example_dags/example_latest_only_with_trigger.py
[2022-09-28 16:57:46,776] {processor.py:641} INFO - Processing file /home/airflow/.local/lib/python3.7/site-packages/airflow/example_dags/example_latest_only_with_trigger.py for tasks to queue
[2022-09-28 16:57:46,779] {logging_mixin.py:115} INFO - [2022-09-28 16:57:46,779] {dagbag.py:508} INFO - Filling up the DagBag from /home/airflow/.local/lib/python3.7/site-packages/airflow/example_dags/example_latest_only_with_trigger.py
[2022-09-28 16:57:46,956] {processor.py:651} INFO - DAG(s) dict_keys(['latest_only_with_trigger']) retrieved from /home/airflow/.local/lib/python3.7/site-packages/airflow/example_dags/example_latest_only_with_trigger.py
[2022-09-28 16:57:46,985] {logging_mixin.py:115} INFO - [2022-09-28 16:57:46,985] {dag.py:2420} INFO - Sync 1 DAGs
[2022-09-28 16:57:47,009] {logging_mixin.py:115} INFO - [2022-09-28 16:57:47,008] {dag.py:2972} INFO - Setting next_dagrun for latest_only_with_trigger to 2022-09-28T12:57:47.008724+00:00, run_after=2022-09-28T16:57:47.008724+00:00
[2022-09-28 16:57:47,024] {processor.py:161} INFO - Processing /home/airflow/.local/lib/python3.7/site-packages/airflow/example_dags/example_latest_only_with_trigger.py took 0.254 seconds
[2022-09-28 16:58:17,569] {processor.py:153} INFO - Started process (PID=610) to work on /home/airflow/.local/lib/python3.7/site-packages/airflow/example_dags/example_latest_only_with_trigger.py
[2022-09-28 16:58:17,574] {processor.py:641} INFO - Processing file /home/airflow/.local/lib/python3.7/site-packages/airflow/example_dags/example_latest_only_with_trigger.py for tasks to queue
[2022-09-28 16:58:17,576] {logging_mixin.py:115} INFO - [2022-09-28 16:58:17,576] {dagbag.py:508} INFO - Filling up the DagBag from /home/airflow/.local/lib/python3.7/site-packages/airflow/example_dags/example_latest_only_with_trigger.py
[2022-09-28 16:58:19,934] {processor.py:651} INFO - DAG(s) dict_keys(['latest_only_with_trigger']) retrieved from /home/airflow/.local/lib/python3.7/site-packages/airflow/example_dags/example_latest_only_with_trigger.py
[2022-09-28 16:58:21,075] {logging_mixin.py:115} INFO - [2022-09-28 16:58:21,068] {dag.py:2420} INFO - Sync 1 DAGs
[2022-09-28 16:58:21,786] {logging_mixin.py:115} INFO - [2022-09-28 16:58:21,785] {dag.py:2972} INFO - Setting next_dagrun for latest_only_with_trigger to 2022-09-28T12:58:21.768782+00:00, run_after=2022-09-28T16:58:21.768782+00:00
[2022-09-28 16:58:22,210] {processor.py:161} INFO - Processing /home/airflow/.local/lib/python3.7/site-packages/airflow/example_dags/example_latest_only_with_trigger.py took 4.660 seconds
[2022-09-28 16:58:53,183] {processor.py:153} INFO - Started process (PID=667) to work on /home/airflow/.local/lib/python3.7/site-packages/airflow/example_dags/example_latest_only_with_trigger.py
[2022-09-28 16:58:53,186] {processor.py:641} INFO - Processing file /home/airflow/.local/lib/python3.7/site-packages/airflow/example_dags/example_latest_only_with_trigger.py for tasks to queue
[2022-09-28 16:58:53,191] {logging_mixin.py:115} INFO - [2022-09-28 16:58:53,190] {dagbag.py:508} INFO - Filling up the DagBag from /home/airflow/.local/lib/python3.7/site-packages/airflow/example_dags/example_latest_only_with_trigger.py
[2022-09-28 16:58:53,212] {processor.py:651} INFO - DAG(s) dict_keys(['latest_only_with_trigger']) retrieved from /home/airflow/.local/lib/python3.7/site-packages/airflow/example_dags/example_latest_only_with_trigger.py
[2022-09-28 16:58:53,286] {logging_mixin.py:115} INFO - [2022-09-28 16:58:53,286] {dag.py:2420} INFO - Sync 1 DAGs
[2022-09-28 16:58:53,369] {logging_mixin.py:115} INFO - [2022-09-28 16:58:53,369] {dag.py:2972} INFO - Setting next_dagrun for latest_only_with_trigger to 2022-09-28T12:58:53.368514+00:00, run_after=2022-09-28T16:58:53.368514+00:00
[2022-09-28 16:58:53,408] {processor.py:161} INFO - Processing /home/airflow/.local/lib/python3.7/site-packages/airflow/example_dags/example_latest_only_with_trigger.py took 0.236 seconds
[2022-09-28 17:08:23,504] {processor.py:153} INFO - Started process (PID=112) to work on /home/airflow/.local/lib/python3.7/site-packages/airflow/example_dags/example_latest_only_with_trigger.py
[2022-09-28 17:08:23,508] {processor.py:641} INFO - Processing file /home/airflow/.local/lib/python3.7/site-packages/airflow/example_dags/example_latest_only_with_trigger.py for tasks to queue
[2022-09-28 17:08:23,513] {logging_mixin.py:115} INFO - [2022-09-28 17:08:23,513] {dagbag.py:508} INFO - Filling up the DagBag from /home/airflow/.local/lib/python3.7/site-packages/airflow/example_dags/example_latest_only_with_trigger.py
[2022-09-28 17:08:23,540] {processor.py:651} INFO - DAG(s) dict_keys(['latest_only_with_trigger']) retrieved from /home/airflow/.local/lib/python3.7/site-packages/airflow/example_dags/example_latest_only_with_trigger.py
[2022-09-28 17:08:24,004] {logging_mixin.py:115} INFO - [2022-09-28 17:08:24,004] {manager.py:508} INFO - Created Permission View: can read on DAG:latest_only_with_trigger
[2022-09-28 17:08:24,056] {logging_mixin.py:115} INFO - [2022-09-28 17:08:24,056] {manager.py:508} INFO - Created Permission View: can delete on DAG:latest_only_with_trigger
[2022-09-28 17:08:24,103] {logging_mixin.py:115} INFO - [2022-09-28 17:08:24,102] {manager.py:508} INFO - Created Permission View: can edit on DAG:latest_only_with_trigger
[2022-09-28 17:08:24,104] {logging_mixin.py:115} INFO - [2022-09-28 17:08:24,104] {dag.py:2420} INFO - Sync 1 DAGs
[2022-09-28 17:08:24,125] {logging_mixin.py:115} INFO - [2022-09-28 17:08:24,124] {dag.py:2439} INFO - Creating ORM DAG for latest_only_with_trigger
[2022-09-28 17:08:24,152] {logging_mixin.py:115} INFO - [2022-09-28 17:08:24,152] {dag.py:2972} INFO - Setting next_dagrun for latest_only_with_trigger to 2022-09-28T13:08:24.151210+00:00, run_after=2022-09-28T17:08:24.151210+00:00
[2022-09-28 17:08:24,180] {processor.py:161} INFO - Processing /home/airflow/.local/lib/python3.7/site-packages/airflow/example_dags/example_latest_only_with_trigger.py took 0.684 seconds
[2022-09-28 17:08:55,081] {processor.py:153} INFO - Started process (PID=168) to work on /home/airflow/.local/lib/python3.7/site-packages/airflow/example_dags/example_latest_only_with_trigger.py
[2022-09-28 17:08:55,083] {processor.py:641} INFO - Processing file /home/airflow/.local/lib/python3.7/site-packages/airflow/example_dags/example_latest_only_with_trigger.py for tasks to queue
[2022-09-28 17:08:55,085] {logging_mixin.py:115} INFO - [2022-09-28 17:08:55,085] {dagbag.py:508} INFO - Filling up the DagBag from /home/airflow/.local/lib/python3.7/site-packages/airflow/example_dags/example_latest_only_with_trigger.py
[2022-09-28 17:08:55,096] {processor.py:651} INFO - DAG(s) dict_keys(['latest_only_with_trigger']) retrieved from /home/airflow/.local/lib/python3.7/site-packages/airflow/example_dags/example_latest_only_with_trigger.py
[2022-09-28 17:08:55,260] {logging_mixin.py:115} INFO - [2022-09-28 17:08:55,259] {dag.py:2420} INFO - Sync 1 DAGs
[2022-09-28 17:08:55,291] {logging_mixin.py:115} INFO - [2022-09-28 17:08:55,291] {dag.py:2972} INFO - Setting next_dagrun for latest_only_with_trigger to 2022-09-28T13:08:55.291263+00:00, run_after=2022-09-28T17:08:55.291263+00:00
[2022-09-28 17:08:55,326] {processor.py:161} INFO - Processing /home/airflow/.local/lib/python3.7/site-packages/airflow/example_dags/example_latest_only_with_trigger.py took 0.260 seconds
[2022-09-28 17:09:25,408] {processor.py:153} INFO - Started process (PID=236) to work on /home/airflow/.local/lib/python3.7/site-packages/airflow/example_dags/example_latest_only_with_trigger.py
[2022-09-28 17:09:25,409] {processor.py:641} INFO - Processing file /home/airflow/.local/lib/python3.7/site-packages/airflow/example_dags/example_latest_only_with_trigger.py for tasks to queue
[2022-09-28 17:09:25,410] {logging_mixin.py:115} INFO - [2022-09-28 17:09:25,410] {dagbag.py:508} INFO - Filling up the DagBag from /home/airflow/.local/lib/python3.7/site-packages/airflow/example_dags/example_latest_only_with_trigger.py
[2022-09-28 17:09:25,418] {processor.py:651} INFO - DAG(s) dict_keys(['latest_only_with_trigger']) retrieved from /home/airflow/.local/lib/python3.7/site-packages/airflow/example_dags/example_latest_only_with_trigger.py
[2022-09-28 17:09:25,584] {logging_mixin.py:115} INFO - [2022-09-28 17:09:25,584] {dag.py:2420} INFO - Sync 1 DAGs
[2022-09-28 17:09:25,607] {logging_mixin.py:115} INFO - [2022-09-28 17:09:25,607] {dag.py:2972} INFO - Setting next_dagrun for latest_only_with_trigger to 2022-09-28T13:09:25.607340+00:00, run_after=2022-09-28T17:09:25.607340+00:00
[2022-09-28 17:09:25,620] {processor.py:161} INFO - Processing /home/airflow/.local/lib/python3.7/site-packages/airflow/example_dags/example_latest_only_with_trigger.py took 0.217 seconds
[2022-09-28 17:09:55,945] {processor.py:153} INFO - Started process (PID=301) to work on /home/airflow/.local/lib/python3.7/site-packages/airflow/example_dags/example_latest_only_with_trigger.py
[2022-09-28 17:09:55,946] {processor.py:641} INFO - Processing file /home/airflow/.local/lib/python3.7/site-packages/airflow/example_dags/example_latest_only_with_trigger.py for tasks to queue
[2022-09-28 17:09:55,947] {logging_mixin.py:115} INFO - [2022-09-28 17:09:55,947] {dagbag.py:508} INFO - Filling up the DagBag from /home/airflow/.local/lib/python3.7/site-packages/airflow/example_dags/example_latest_only_with_trigger.py
[2022-09-28 17:09:55,956] {processor.py:651} INFO - DAG(s) dict_keys(['latest_only_with_trigger']) retrieved from /home/airflow/.local/lib/python3.7/site-packages/airflow/example_dags/example_latest_only_with_trigger.py
[2022-09-28 17:09:56,142] {logging_mixin.py:115} INFO - [2022-09-28 17:09:56,141] {dag.py:2420} INFO - Sync 1 DAGs
[2022-09-28 17:09:56,177] {logging_mixin.py:115} INFO - [2022-09-28 17:09:56,177] {dag.py:2972} INFO - Setting next_dagrun for latest_only_with_trigger to 2022-09-28T13:09:56.177154+00:00, run_after=2022-09-28T17:09:56.177154+00:00
[2022-09-28 17:09:56,200] {processor.py:161} INFO - Processing /home/airflow/.local/lib/python3.7/site-packages/airflow/example_dags/example_latest_only_with_trigger.py took 0.260 seconds
[2022-09-28 17:10:26,255] {processor.py:153} INFO - Started process (PID=356) to work on /home/airflow/.local/lib/python3.7/site-packages/airflow/example_dags/example_latest_only_with_trigger.py
[2022-09-28 17:10:26,257] {processor.py:641} INFO - Processing file /home/airflow/.local/lib/python3.7/site-packages/airflow/example_dags/example_latest_only_with_trigger.py for tasks to queue
[2022-09-28 17:10:26,259] {logging_mixin.py:115} INFO - [2022-09-28 17:10:26,258] {dagbag.py:508} INFO - Filling up the DagBag from /home/airflow/.local/lib/python3.7/site-packages/airflow/example_dags/example_latest_only_with_trigger.py
[2022-09-28 17:10:26,268] {processor.py:651} INFO - DAG(s) dict_keys(['latest_only_with_trigger']) retrieved from /home/airflow/.local/lib/python3.7/site-packages/airflow/example_dags/example_latest_only_with_trigger.py
[2022-09-28 17:10:26,430] {logging_mixin.py:115} INFO - [2022-09-28 17:10:26,430] {dag.py:2420} INFO - Sync 1 DAGs
[2022-09-28 17:10:26,460] {logging_mixin.py:115} INFO - [2022-09-28 17:10:26,459] {dag.py:2972} INFO - Setting next_dagrun for latest_only_with_trigger to 2022-09-28T13:10:26.459498+00:00, run_after=2022-09-28T17:10:26.459498+00:00
[2022-09-28 17:10:26,479] {processor.py:161} INFO - Processing /home/airflow/.local/lib/python3.7/site-packages/airflow/example_dags/example_latest_only_with_trigger.py took 0.231 seconds
[2022-09-28 17:10:57,136] {processor.py:153} INFO - Started process (PID=422) to work on /home/airflow/.local/lib/python3.7/site-packages/airflow/example_dags/example_latest_only_with_trigger.py
[2022-09-28 17:10:57,138] {processor.py:641} INFO - Processing file /home/airflow/.local/lib/python3.7/site-packages/airflow/example_dags/example_latest_only_with_trigger.py for tasks to queue
[2022-09-28 17:10:57,141] {logging_mixin.py:115} INFO - [2022-09-28 17:10:57,140] {dagbag.py:508} INFO - Filling up the DagBag from /home/airflow/.local/lib/python3.7/site-packages/airflow/example_dags/example_latest_only_with_trigger.py
[2022-09-28 17:10:57,152] {processor.py:651} INFO - DAG(s) dict_keys(['latest_only_with_trigger']) retrieved from /home/airflow/.local/lib/python3.7/site-packages/airflow/example_dags/example_latest_only_with_trigger.py
[2022-09-28 17:10:57,333] {logging_mixin.py:115} INFO - [2022-09-28 17:10:57,333] {dag.py:2420} INFO - Sync 1 DAGs
[2022-09-28 17:10:57,364] {logging_mixin.py:115} INFO - [2022-09-28 17:10:57,363] {dag.py:2972} INFO - Setting next_dagrun for latest_only_with_trigger to 2022-09-28T13:10:57.363628+00:00, run_after=2022-09-28T17:10:57.363628+00:00
[2022-09-28 17:10:57,381] {processor.py:161} INFO - Processing /home/airflow/.local/lib/python3.7/site-packages/airflow/example_dags/example_latest_only_with_trigger.py took 0.252 seconds
[2022-09-28 17:11:28,213] {processor.py:153} INFO - Started process (PID=487) to work on /home/airflow/.local/lib/python3.7/site-packages/airflow/example_dags/example_latest_only_with_trigger.py
[2022-09-28 17:11:28,215] {processor.py:641} INFO - Processing file /home/airflow/.local/lib/python3.7/site-packages/airflow/example_dags/example_latest_only_with_trigger.py for tasks to queue
[2022-09-28 17:11:28,218] {logging_mixin.py:115} INFO - [2022-09-28 17:11:28,218] {dagbag.py:508} INFO - Filling up the DagBag from /home/airflow/.local/lib/python3.7/site-packages/airflow/example_dags/example_latest_only_with_trigger.py
[2022-09-28 17:11:28,231] {processor.py:651} INFO - DAG(s) dict_keys(['latest_only_with_trigger']) retrieved from /home/airflow/.local/lib/python3.7/site-packages/airflow/example_dags/example_latest_only_with_trigger.py
[2022-09-28 17:11:28,410] {logging_mixin.py:115} INFO - [2022-09-28 17:11:28,410] {dag.py:2420} INFO - Sync 1 DAGs
[2022-09-28 17:11:28,442] {logging_mixin.py:115} INFO - [2022-09-28 17:11:28,442] {dag.py:2972} INFO - Setting next_dagrun for latest_only_with_trigger to 2022-09-28T13:11:28.442269+00:00, run_after=2022-09-28T17:11:28.442269+00:00
[2022-09-28 17:11:28,463] {processor.py:161} INFO - Processing /home/airflow/.local/lib/python3.7/site-packages/airflow/example_dags/example_latest_only_with_trigger.py took 0.255 seconds
[2022-09-28 17:11:59,497] {processor.py:153} INFO - Started process (PID=543) to work on /home/airflow/.local/lib/python3.7/site-packages/airflow/example_dags/example_latest_only_with_trigger.py
[2022-09-28 17:11:59,499] {processor.py:641} INFO - Processing file /home/airflow/.local/lib/python3.7/site-packages/airflow/example_dags/example_latest_only_with_trigger.py for tasks to queue
[2022-09-28 17:11:59,501] {logging_mixin.py:115} INFO - [2022-09-28 17:11:59,501] {dagbag.py:508} INFO - Filling up the DagBag from /home/airflow/.local/lib/python3.7/site-packages/airflow/example_dags/example_latest_only_with_trigger.py
[2022-09-28 17:11:59,514] {processor.py:651} INFO - DAG(s) dict_keys(['latest_only_with_trigger']) retrieved from /home/airflow/.local/lib/python3.7/site-packages/airflow/example_dags/example_latest_only_with_trigger.py
[2022-09-28 17:11:59,679] {logging_mixin.py:115} INFO - [2022-09-28 17:11:59,679] {dag.py:2420} INFO - Sync 1 DAGs
[2022-09-28 17:11:59,706] {logging_mixin.py:115} INFO - [2022-09-28 17:11:59,706] {dag.py:2972} INFO - Setting next_dagrun for latest_only_with_trigger to 2022-09-28T13:11:59.705801+00:00, run_after=2022-09-28T17:11:59.705801+00:00
[2022-09-28 17:11:59,728] {processor.py:161} INFO - Processing /home/airflow/.local/lib/python3.7/site-packages/airflow/example_dags/example_latest_only_with_trigger.py took 0.238 seconds
[2022-09-28 17:12:30,020] {processor.py:153} INFO - Started process (PID=609) to work on /home/airflow/.local/lib/python3.7/site-packages/airflow/example_dags/example_latest_only_with_trigger.py
[2022-09-28 17:12:30,022] {processor.py:641} INFO - Processing file /home/airflow/.local/lib/python3.7/site-packages/airflow/example_dags/example_latest_only_with_trigger.py for tasks to queue
[2022-09-28 17:12:30,024] {logging_mixin.py:115} INFO - [2022-09-28 17:12:30,024] {dagbag.py:508} INFO - Filling up the DagBag from /home/airflow/.local/lib/python3.7/site-packages/airflow/example_dags/example_latest_only_with_trigger.py
[2022-09-28 17:12:30,033] {processor.py:651} INFO - DAG(s) dict_keys(['latest_only_with_trigger']) retrieved from /home/airflow/.local/lib/python3.7/site-packages/airflow/example_dags/example_latest_only_with_trigger.py
[2022-09-28 17:12:30,219] {logging_mixin.py:115} INFO - [2022-09-28 17:12:30,219] {dag.py:2420} INFO - Sync 1 DAGs
[2022-09-28 17:12:30,245] {logging_mixin.py:115} INFO - [2022-09-28 17:12:30,245] {dag.py:2972} INFO - Setting next_dagrun for latest_only_with_trigger to 2022-09-28T13:12:30.245385+00:00, run_after=2022-09-28T17:12:30.245385+00:00
[2022-09-28 17:12:30,264] {processor.py:161} INFO - Processing /home/airflow/.local/lib/python3.7/site-packages/airflow/example_dags/example_latest_only_with_trigger.py took 0.249 seconds
[2022-09-28 17:13:00,596] {processor.py:153} INFO - Started process (PID=672) to work on /home/airflow/.local/lib/python3.7/site-packages/airflow/example_dags/example_latest_only_with_trigger.py
[2022-09-28 17:13:00,597] {processor.py:641} INFO - Processing file /home/airflow/.local/lib/python3.7/site-packages/airflow/example_dags/example_latest_only_with_trigger.py for tasks to queue
[2022-09-28 17:13:00,598] {logging_mixin.py:115} INFO - [2022-09-28 17:13:00,598] {dagbag.py:508} INFO - Filling up the DagBag from /home/airflow/.local/lib/python3.7/site-packages/airflow/example_dags/example_latest_only_with_trigger.py
[2022-09-28 17:13:00,608] {processor.py:651} INFO - DAG(s) dict_keys(['latest_only_with_trigger']) retrieved from /home/airflow/.local/lib/python3.7/site-packages/airflow/example_dags/example_latest_only_with_trigger.py
[2022-09-28 17:13:00,798] {logging_mixin.py:115} INFO - [2022-09-28 17:13:00,797] {dag.py:2420} INFO - Sync 1 DAGs
[2022-09-28 17:13:00,822] {logging_mixin.py:115} INFO - [2022-09-28 17:13:00,821] {dag.py:2972} INFO - Setting next_dagrun for latest_only_with_trigger to 2022-09-28T13:13:00.821743+00:00, run_after=2022-09-28T17:13:00.821743+00:00
[2022-09-28 17:13:00,841] {processor.py:161} INFO - Processing /home/airflow/.local/lib/python3.7/site-packages/airflow/example_dags/example_latest_only_with_trigger.py took 0.251 seconds
[2022-09-28 17:13:31,149] {processor.py:153} INFO - Started process (PID=728) to work on /home/airflow/.local/lib/python3.7/site-packages/airflow/example_dags/example_latest_only_with_trigger.py
[2022-09-28 17:13:31,151] {processor.py:641} INFO - Processing file /home/airflow/.local/lib/python3.7/site-packages/airflow/example_dags/example_latest_only_with_trigger.py for tasks to queue
[2022-09-28 17:13:31,154] {logging_mixin.py:115} INFO - [2022-09-28 17:13:31,154] {dagbag.py:508} INFO - Filling up the DagBag from /home/airflow/.local/lib/python3.7/site-packages/airflow/example_dags/example_latest_only_with_trigger.py
[2022-09-28 17:13:31,163] {processor.py:651} INFO - DAG(s) dict_keys(['latest_only_with_trigger']) retrieved from /home/airflow/.local/lib/python3.7/site-packages/airflow/example_dags/example_latest_only_with_trigger.py
[2022-09-28 17:13:31,202] {logging_mixin.py:115} INFO - [2022-09-28 17:13:31,202] {dag.py:2420} INFO - Sync 1 DAGs
[2022-09-28 17:13:31,232] {logging_mixin.py:115} INFO - [2022-09-28 17:13:31,232] {dag.py:2972} INFO - Setting next_dagrun for latest_only_with_trigger to 2022-09-28T13:13:31.232071+00:00, run_after=2022-09-28T17:13:31.232071+00:00
[2022-09-28 17:13:31,254] {processor.py:161} INFO - Processing /home/airflow/.local/lib/python3.7/site-packages/airflow/example_dags/example_latest_only_with_trigger.py took 0.112 seconds
[2022-09-28 17:14:01,352] {processor.py:153} INFO - Started process (PID=794) to work on /home/airflow/.local/lib/python3.7/site-packages/airflow/example_dags/example_latest_only_with_trigger.py
[2022-09-28 17:14:01,353] {processor.py:641} INFO - Processing file /home/airflow/.local/lib/python3.7/site-packages/airflow/example_dags/example_latest_only_with_trigger.py for tasks to queue
[2022-09-28 17:14:01,355] {logging_mixin.py:115} INFO - [2022-09-28 17:14:01,355] {dagbag.py:508} INFO - Filling up the DagBag from /home/airflow/.local/lib/python3.7/site-packages/airflow/example_dags/example_latest_only_with_trigger.py
[2022-09-28 17:14:01,363] {processor.py:651} INFO - DAG(s) dict_keys(['latest_only_with_trigger']) retrieved from /home/airflow/.local/lib/python3.7/site-packages/airflow/example_dags/example_latest_only_with_trigger.py
[2022-09-28 17:14:01,398] {logging_mixin.py:115} INFO - [2022-09-28 17:14:01,398] {dag.py:2420} INFO - Sync 1 DAGs
[2022-09-28 17:14:01,431] {logging_mixin.py:115} INFO - [2022-09-28 17:14:01,431] {dag.py:2972} INFO - Setting next_dagrun for latest_only_with_trigger to 2022-09-28T13:14:01.431158+00:00, run_after=2022-09-28T17:14:01.431158+00:00
[2022-09-28 17:14:01,450] {processor.py:161} INFO - Processing /home/airflow/.local/lib/python3.7/site-packages/airflow/example_dags/example_latest_only_with_trigger.py took 0.104 seconds
[2022-09-28 17:14:32,356] {processor.py:153} INFO - Started process (PID=849) to work on /home/airflow/.local/lib/python3.7/site-packages/airflow/example_dags/example_latest_only_with_trigger.py
[2022-09-28 17:14:32,357] {processor.py:641} INFO - Processing file /home/airflow/.local/lib/python3.7/site-packages/airflow/example_dags/example_latest_only_with_trigger.py for tasks to queue
[2022-09-28 17:14:32,358] {logging_mixin.py:115} INFO - [2022-09-28 17:14:32,358] {dagbag.py:508} INFO - Filling up the DagBag from /home/airflow/.local/lib/python3.7/site-packages/airflow/example_dags/example_latest_only_with_trigger.py
[2022-09-28 17:14:32,372] {processor.py:651} INFO - DAG(s) dict_keys(['latest_only_with_trigger']) retrieved from /home/airflow/.local/lib/python3.7/site-packages/airflow/example_dags/example_latest_only_with_trigger.py
[2022-09-28 17:14:32,408] {logging_mixin.py:115} INFO - [2022-09-28 17:14:32,408] {dag.py:2420} INFO - Sync 1 DAGs
[2022-09-28 17:14:32,435] {logging_mixin.py:115} INFO - [2022-09-28 17:14:32,435] {dag.py:2972} INFO - Setting next_dagrun for latest_only_with_trigger to 2022-09-28T13:14:32.434872+00:00, run_after=2022-09-28T17:14:32.434872+00:00
[2022-09-28 17:14:32,453] {processor.py:161} INFO - Processing /home/airflow/.local/lib/python3.7/site-packages/airflow/example_dags/example_latest_only_with_trigger.py took 0.106 seconds
[2022-09-28 17:15:02,912] {processor.py:153} INFO - Started process (PID=915) to work on /home/airflow/.local/lib/python3.7/site-packages/airflow/example_dags/example_latest_only_with_trigger.py
[2022-09-28 17:15:02,913] {processor.py:641} INFO - Processing file /home/airflow/.local/lib/python3.7/site-packages/airflow/example_dags/example_latest_only_with_trigger.py for tasks to queue
[2022-09-28 17:15:02,915] {logging_mixin.py:115} INFO - [2022-09-28 17:15:02,915] {dagbag.py:508} INFO - Filling up the DagBag from /home/airflow/.local/lib/python3.7/site-packages/airflow/example_dags/example_latest_only_with_trigger.py
[2022-09-28 17:15:02,925] {processor.py:651} INFO - DAG(s) dict_keys(['latest_only_with_trigger']) retrieved from /home/airflow/.local/lib/python3.7/site-packages/airflow/example_dags/example_latest_only_with_trigger.py
[2022-09-28 17:15:02,962] {logging_mixin.py:115} INFO - [2022-09-28 17:15:02,962] {dag.py:2420} INFO - Sync 1 DAGs
[2022-09-28 17:15:02,988] {logging_mixin.py:115} INFO - [2022-09-28 17:15:02,988] {dag.py:2972} INFO - Setting next_dagrun for latest_only_with_trigger to 2022-09-28T13:15:02.988601+00:00, run_after=2022-09-28T17:15:02.988601+00:00
[2022-09-28 17:15:03,006] {processor.py:161} INFO - Processing /home/airflow/.local/lib/python3.7/site-packages/airflow/example_dags/example_latest_only_with_trigger.py took 0.098 seconds
[2022-09-28 17:15:33,556] {processor.py:153} INFO - Started process (PID=981) to work on /home/airflow/.local/lib/python3.7/site-packages/airflow/example_dags/example_latest_only_with_trigger.py
[2022-09-28 17:15:33,558] {processor.py:641} INFO - Processing file /home/airflow/.local/lib/python3.7/site-packages/airflow/example_dags/example_latest_only_with_trigger.py for tasks to queue
[2022-09-28 17:15:33,559] {logging_mixin.py:115} INFO - [2022-09-28 17:15:33,559] {dagbag.py:508} INFO - Filling up the DagBag from /home/airflow/.local/lib/python3.7/site-packages/airflow/example_dags/example_latest_only_with_trigger.py
[2022-09-28 17:15:33,568] {processor.py:651} INFO - DAG(s) dict_keys(['latest_only_with_trigger']) retrieved from /home/airflow/.local/lib/python3.7/site-packages/airflow/example_dags/example_latest_only_with_trigger.py
[2022-09-28 17:15:33,603] {logging_mixin.py:115} INFO - [2022-09-28 17:15:33,603] {dag.py:2420} INFO - Sync 1 DAGs
[2022-09-28 17:15:33,637] {logging_mixin.py:115} INFO - [2022-09-28 17:15:33,637] {dag.py:2972} INFO - Setting next_dagrun for latest_only_with_trigger to 2022-09-28T13:15:33.636739+00:00, run_after=2022-09-28T17:15:33.636739+00:00
[2022-09-28 17:15:33,658] {processor.py:161} INFO - Processing /home/airflow/.local/lib/python3.7/site-packages/airflow/example_dags/example_latest_only_with_trigger.py took 0.107 seconds
[2022-09-28 17:16:04,047] {processor.py:153} INFO - Started process (PID=1036) to work on /home/airflow/.local/lib/python3.7/site-packages/airflow/example_dags/example_latest_only_with_trigger.py
[2022-09-28 17:16:04,049] {processor.py:641} INFO - Processing file /home/airflow/.local/lib/python3.7/site-packages/airflow/example_dags/example_latest_only_with_trigger.py for tasks to queue
[2022-09-28 17:16:04,051] {logging_mixin.py:115} INFO - [2022-09-28 17:16:04,051] {dagbag.py:508} INFO - Filling up the DagBag from /home/airflow/.local/lib/python3.7/site-packages/airflow/example_dags/example_latest_only_with_trigger.py
[2022-09-28 17:16:04,062] {processor.py:651} INFO - DAG(s) dict_keys(['latest_only_with_trigger']) retrieved from /home/airflow/.local/lib/python3.7/site-packages/airflow/example_dags/example_latest_only_with_trigger.py
[2022-09-28 17:16:04,110] {logging_mixin.py:115} INFO - [2022-09-28 17:16:04,110] {dag.py:2420} INFO - Sync 1 DAGs
[2022-09-28 17:16:04,141] {logging_mixin.py:115} INFO - [2022-09-28 17:16:04,141] {dag.py:2972} INFO - Setting next_dagrun for latest_only_with_trigger to 2022-09-28T13:16:04.141106+00:00, run_after=2022-09-28T17:16:04.141106+00:00
[2022-09-28 17:16:04,167] {processor.py:161} INFO - Processing /home/airflow/.local/lib/python3.7/site-packages/airflow/example_dags/example_latest_only_with_trigger.py took 0.125 seconds
[2022-09-28 17:16:34,267] {processor.py:153} INFO - Started process (PID=1100) to work on /home/airflow/.local/lib/python3.7/site-packages/airflow/example_dags/example_latest_only_with_trigger.py
[2022-09-28 17:16:34,268] {processor.py:641} INFO - Processing file /home/airflow/.local/lib/python3.7/site-packages/airflow/example_dags/example_latest_only_with_trigger.py for tasks to queue
[2022-09-28 17:16:34,271] {logging_mixin.py:115} INFO - [2022-09-28 17:16:34,270] {dagbag.py:508} INFO - Filling up the DagBag from /home/airflow/.local/lib/python3.7/site-packages/airflow/example_dags/example_latest_only_with_trigger.py
[2022-09-28 17:16:34,279] {processor.py:651} INFO - DAG(s) dict_keys(['latest_only_with_trigger']) retrieved from /home/airflow/.local/lib/python3.7/site-packages/airflow/example_dags/example_latest_only_with_trigger.py
[2022-09-28 17:16:34,322] {logging_mixin.py:115} INFO - [2022-09-28 17:16:34,322] {dag.py:2420} INFO - Sync 1 DAGs
[2022-09-28 17:16:34,355] {logging_mixin.py:115} INFO - [2022-09-28 17:16:34,355] {dag.py:2972} INFO - Setting next_dagrun for latest_only_with_trigger to 2022-09-28T13:16:34.354995+00:00, run_after=2022-09-28T17:16:34.354995+00:00
[2022-09-28 17:16:34,376] {processor.py:161} INFO - Processing /home/airflow/.local/lib/python3.7/site-packages/airflow/example_dags/example_latest_only_with_trigger.py took 0.115 seconds
[2022-09-28 17:17:04,601] {processor.py:153} INFO - Started process (PID=1167) to work on /home/airflow/.local/lib/python3.7/site-packages/airflow/example_dags/example_latest_only_with_trigger.py
[2022-09-28 17:17:04,603] {processor.py:641} INFO - Processing file /home/airflow/.local/lib/python3.7/site-packages/airflow/example_dags/example_latest_only_with_trigger.py for tasks to queue
[2022-09-28 17:17:04,605] {logging_mixin.py:115} INFO - [2022-09-28 17:17:04,605] {dagbag.py:508} INFO - Filling up the DagBag from /home/airflow/.local/lib/python3.7/site-packages/airflow/example_dags/example_latest_only_with_trigger.py
[2022-09-28 17:17:04,615] {processor.py:651} INFO - DAG(s) dict_keys(['latest_only_with_trigger']) retrieved from /home/airflow/.local/lib/python3.7/site-packages/airflow/example_dags/example_latest_only_with_trigger.py
[2022-09-28 17:17:04,650] {logging_mixin.py:115} INFO - [2022-09-28 17:17:04,650] {dag.py:2420} INFO - Sync 1 DAGs
[2022-09-28 17:17:04,677] {logging_mixin.py:115} INFO - [2022-09-28 17:17:04,676] {dag.py:2972} INFO - Setting next_dagrun for latest_only_with_trigger to 2022-09-28T13:17:04.676670+00:00, run_after=2022-09-28T17:17:04.676670+00:00
[2022-09-28 17:17:04,698] {processor.py:161} INFO - Processing /home/airflow/.local/lib/python3.7/site-packages/airflow/example_dags/example_latest_only_with_trigger.py took 0.103 seconds
[2022-09-28 17:17:35,463] {processor.py:153} INFO - Started process (PID=1224) to work on /home/airflow/.local/lib/python3.7/site-packages/airflow/example_dags/example_latest_only_with_trigger.py
[2022-09-28 17:17:35,464] {processor.py:641} INFO - Processing file /home/airflow/.local/lib/python3.7/site-packages/airflow/example_dags/example_latest_only_with_trigger.py for tasks to queue
[2022-09-28 17:17:35,466] {logging_mixin.py:115} INFO - [2022-09-28 17:17:35,466] {dagbag.py:508} INFO - Filling up the DagBag from /home/airflow/.local/lib/python3.7/site-packages/airflow/example_dags/example_latest_only_with_trigger.py
[2022-09-28 17:17:35,473] {processor.py:651} INFO - DAG(s) dict_keys(['latest_only_with_trigger']) retrieved from /home/airflow/.local/lib/python3.7/site-packages/airflow/example_dags/example_latest_only_with_trigger.py
[2022-09-28 17:17:35,561] {logging_mixin.py:115} INFO - [2022-09-28 17:17:35,561] {dag.py:2420} INFO - Sync 1 DAGs
[2022-09-28 17:17:35,597] {logging_mixin.py:115} INFO - [2022-09-28 17:17:35,597] {dag.py:2972} INFO - Setting next_dagrun for latest_only_with_trigger to 2022-09-28T13:17:35.596873+00:00, run_after=2022-09-28T17:17:35.596873+00:00
[2022-09-28 17:17:35,615] {processor.py:161} INFO - Processing /home/airflow/.local/lib/python3.7/site-packages/airflow/example_dags/example_latest_only_with_trigger.py took 0.157 seconds
[2022-09-28 17:18:06,234] {processor.py:153} INFO - Started process (PID=1289) to work on /home/airflow/.local/lib/python3.7/site-packages/airflow/example_dags/example_latest_only_with_trigger.py
[2022-09-28 17:18:06,236] {processor.py:641} INFO - Processing file /home/airflow/.local/lib/python3.7/site-packages/airflow/example_dags/example_latest_only_with_trigger.py for tasks to queue
[2022-09-28 17:18:06,238] {logging_mixin.py:115} INFO - [2022-09-28 17:18:06,238] {dagbag.py:508} INFO - Filling up the DagBag from /home/airflow/.local/lib/python3.7/site-packages/airflow/example_dags/example_latest_only_with_trigger.py
[2022-09-28 17:18:06,246] {processor.py:651} INFO - DAG(s) dict_keys(['latest_only_with_trigger']) retrieved from /home/airflow/.local/lib/python3.7/site-packages/airflow/example_dags/example_latest_only_with_trigger.py
[2022-09-28 17:18:06,291] {logging_mixin.py:115} INFO - [2022-09-28 17:18:06,291] {dag.py:2420} INFO - Sync 1 DAGs
[2022-09-28 17:18:06,318] {logging_mixin.py:115} INFO - [2022-09-28 17:18:06,318] {dag.py:2972} INFO - Setting next_dagrun for latest_only_with_trigger to 2022-09-28T13:18:06.318378+00:00, run_after=2022-09-28T17:18:06.318378+00:00
[2022-09-28 17:18:06,334] {processor.py:161} INFO - Processing /home/airflow/.local/lib/python3.7/site-packages/airflow/example_dags/example_latest_only_with_trigger.py took 0.106 seconds
[2022-09-28 17:18:36,939] {processor.py:153} INFO - Started process (PID=1345) to work on /home/airflow/.local/lib/python3.7/site-packages/airflow/example_dags/example_latest_only_with_trigger.py
[2022-09-28 17:18:36,941] {processor.py:641} INFO - Processing file /home/airflow/.local/lib/python3.7/site-packages/airflow/example_dags/example_latest_only_with_trigger.py for tasks to queue
[2022-09-28 17:18:36,942] {logging_mixin.py:115} INFO - [2022-09-28 17:18:36,942] {dagbag.py:508} INFO - Filling up the DagBag from /home/airflow/.local/lib/python3.7/site-packages/airflow/example_dags/example_latest_only_with_trigger.py
[2022-09-28 17:18:36,951] {processor.py:651} INFO - DAG(s) dict_keys(['latest_only_with_trigger']) retrieved from /home/airflow/.local/lib/python3.7/site-packages/airflow/example_dags/example_latest_only_with_trigger.py
[2022-09-28 17:18:36,995] {logging_mixin.py:115} INFO - [2022-09-28 17:18:36,995] {dag.py:2420} INFO - Sync 1 DAGs
[2022-09-28 17:18:37,025] {logging_mixin.py:115} INFO - [2022-09-28 17:18:37,025] {dag.py:2972} INFO - Setting next_dagrun for latest_only_with_trigger to 2022-09-28T13:18:37.024893+00:00, run_after=2022-09-28T17:18:37.024893+00:00
[2022-09-28 17:18:37,044] {processor.py:161} INFO - Processing /home/airflow/.local/lib/python3.7/site-packages/airflow/example_dags/example_latest_only_with_trigger.py took 0.110 seconds
[2022-09-28 17:19:07,606] {processor.py:153} INFO - Started process (PID=1410) to work on /home/airflow/.local/lib/python3.7/site-packages/airflow/example_dags/example_latest_only_with_trigger.py
[2022-09-28 17:19:07,614] {processor.py:641} INFO - Processing file /home/airflow/.local/lib/python3.7/site-packages/airflow/example_dags/example_latest_only_with_trigger.py for tasks to queue
[2022-09-28 17:19:07,621] {logging_mixin.py:115} INFO - [2022-09-28 17:19:07,621] {dagbag.py:508} INFO - Filling up the DagBag from /home/airflow/.local/lib/python3.7/site-packages/airflow/example_dags/example_latest_only_with_trigger.py
[2022-09-28 17:19:07,648] {processor.py:651} INFO - DAG(s) dict_keys(['latest_only_with_trigger']) retrieved from /home/airflow/.local/lib/python3.7/site-packages/airflow/example_dags/example_latest_only_with_trigger.py
[2022-09-28 17:19:07,721] {logging_mixin.py:115} INFO - [2022-09-28 17:19:07,720] {dag.py:2420} INFO - Sync 1 DAGs
[2022-09-28 17:19:07,779] {logging_mixin.py:115} INFO - [2022-09-28 17:19:07,778] {dag.py:2972} INFO - Setting next_dagrun for latest_only_with_trigger to 2022-09-28T13:19:07.778082+00:00, run_after=2022-09-28T17:19:07.778082+00:00
[2022-09-28 17:19:07,815] {processor.py:161} INFO - Processing /home/airflow/.local/lib/python3.7/site-packages/airflow/example_dags/example_latest_only_with_trigger.py took 0.219 seconds
[2022-09-28 17:19:38,086] {processor.py:153} INFO - Started process (PID=1466) to work on /home/airflow/.local/lib/python3.7/site-packages/airflow/example_dags/example_latest_only_with_trigger.py
[2022-09-28 17:19:38,093] {processor.py:641} INFO - Processing file /home/airflow/.local/lib/python3.7/site-packages/airflow/example_dags/example_latest_only_with_trigger.py for tasks to queue
[2022-09-28 17:19:38,096] {logging_mixin.py:115} INFO - [2022-09-28 17:19:38,095] {dagbag.py:508} INFO - Filling up the DagBag from /home/airflow/.local/lib/python3.7/site-packages/airflow/example_dags/example_latest_only_with_trigger.py
[2022-09-28 17:19:38,117] {processor.py:651} INFO - DAG(s) dict_keys(['latest_only_with_trigger']) retrieved from /home/airflow/.local/lib/python3.7/site-packages/airflow/example_dags/example_latest_only_with_trigger.py
[2022-09-28 17:19:38,200] {logging_mixin.py:115} INFO - [2022-09-28 17:19:38,200] {dag.py:2420} INFO - Sync 1 DAGs
[2022-09-28 17:19:38,258] {logging_mixin.py:115} INFO - [2022-09-28 17:19:38,258] {dag.py:2972} INFO - Setting next_dagrun for latest_only_with_trigger to 2022-09-28T13:19:38.256385+00:00, run_after=2022-09-28T17:19:38.256385+00:00
[2022-09-28 17:19:38,300] {processor.py:161} INFO - Processing /home/airflow/.local/lib/python3.7/site-packages/airflow/example_dags/example_latest_only_with_trigger.py took 0.226 seconds
[2022-09-28 17:20:09,136] {processor.py:153} INFO - Started process (PID=1531) to work on /home/airflow/.local/lib/python3.7/site-packages/airflow/example_dags/example_latest_only_with_trigger.py
[2022-09-28 17:20:09,137] {processor.py:641} INFO - Processing file /home/airflow/.local/lib/python3.7/site-packages/airflow/example_dags/example_latest_only_with_trigger.py for tasks to queue
[2022-09-28 17:20:09,139] {logging_mixin.py:115} INFO - [2022-09-28 17:20:09,139] {dagbag.py:508} INFO - Filling up the DagBag from /home/airflow/.local/lib/python3.7/site-packages/airflow/example_dags/example_latest_only_with_trigger.py
[2022-09-28 17:20:09,156] {processor.py:651} INFO - DAG(s) dict_keys(['latest_only_with_trigger']) retrieved from /home/airflow/.local/lib/python3.7/site-packages/airflow/example_dags/example_latest_only_with_trigger.py
[2022-09-28 17:20:09,205] {logging_mixin.py:115} INFO - [2022-09-28 17:20:09,204] {dag.py:2420} INFO - Sync 1 DAGs
[2022-09-28 17:20:09,248] {logging_mixin.py:115} INFO - [2022-09-28 17:20:09,247] {dag.py:2972} INFO - Setting next_dagrun for latest_only_with_trigger to 2022-09-28T13:20:09.247250+00:00, run_after=2022-09-28T17:20:09.247250+00:00
[2022-09-28 17:20:09,268] {processor.py:161} INFO - Processing /home/airflow/.local/lib/python3.7/site-packages/airflow/example_dags/example_latest_only_with_trigger.py took 0.138 seconds
[2022-09-28 17:20:39,487] {processor.py:153} INFO - Started process (PID=1587) to work on /home/airflow/.local/lib/python3.7/site-packages/airflow/example_dags/example_latest_only_with_trigger.py
[2022-09-28 17:20:39,491] {processor.py:641} INFO - Processing file /home/airflow/.local/lib/python3.7/site-packages/airflow/example_dags/example_latest_only_with_trigger.py for tasks to queue
[2022-09-28 17:20:39,493] {logging_mixin.py:115} INFO - [2022-09-28 17:20:39,493] {dagbag.py:508} INFO - Filling up the DagBag from /home/airflow/.local/lib/python3.7/site-packages/airflow/example_dags/example_latest_only_with_trigger.py
[2022-09-28 17:20:39,513] {processor.py:651} INFO - DAG(s) dict_keys(['latest_only_with_trigger']) retrieved from /home/airflow/.local/lib/python3.7/site-packages/airflow/example_dags/example_latest_only_with_trigger.py
[2022-09-28 17:20:39,635] {logging_mixin.py:115} INFO - [2022-09-28 17:20:39,635] {dag.py:2420} INFO - Sync 1 DAGs
[2022-09-28 17:20:39,704] {logging_mixin.py:115} INFO - [2022-09-28 17:20:39,704] {dag.py:2972} INFO - Setting next_dagrun for latest_only_with_trigger to 2022-09-28T13:20:39.704489+00:00, run_after=2022-09-28T17:20:39.704489+00:00
[2022-09-28 17:20:39,722] {processor.py:161} INFO - Processing /home/airflow/.local/lib/python3.7/site-packages/airflow/example_dags/example_latest_only_with_trigger.py took 0.251 seconds
[2022-09-28 17:21:10,759] {processor.py:153} INFO - Started process (PID=1652) to work on /home/airflow/.local/lib/python3.7/site-packages/airflow/example_dags/example_latest_only_with_trigger.py
[2022-09-28 17:21:10,763] {processor.py:641} INFO - Processing file /home/airflow/.local/lib/python3.7/site-packages/airflow/example_dags/example_latest_only_with_trigger.py for tasks to queue
[2022-09-28 17:21:10,766] {logging_mixin.py:115} INFO - [2022-09-28 17:21:10,766] {dagbag.py:508} INFO - Filling up the DagBag from /home/airflow/.local/lib/python3.7/site-packages/airflow/example_dags/example_latest_only_with_trigger.py
[2022-09-28 17:21:10,780] {processor.py:651} INFO - DAG(s) dict_keys(['latest_only_with_trigger']) retrieved from /home/airflow/.local/lib/python3.7/site-packages/airflow/example_dags/example_latest_only_with_trigger.py
[2022-09-28 17:21:10,830] {logging_mixin.py:115} INFO - [2022-09-28 17:21:10,829] {dag.py:2420} INFO - Sync 1 DAGs
[2022-09-28 17:21:10,872] {logging_mixin.py:115} INFO - [2022-09-28 17:21:10,872] {dag.py:2972} INFO - Setting next_dagrun for latest_only_with_trigger to 2022-09-28T13:21:10.872146+00:00, run_after=2022-09-28T17:21:10.872146+00:00
[2022-09-28 17:21:10,938] {processor.py:161} INFO - Processing /home/airflow/.local/lib/python3.7/site-packages/airflow/example_dags/example_latest_only_with_trigger.py took 0.186 seconds
[2022-09-28 17:21:40,999] {processor.py:153} INFO - Started process (PID=1709) to work on /home/airflow/.local/lib/python3.7/site-packages/airflow/example_dags/example_latest_only_with_trigger.py
[2022-09-28 17:21:41,000] {processor.py:641} INFO - Processing file /home/airflow/.local/lib/python3.7/site-packages/airflow/example_dags/example_latest_only_with_trigger.py for tasks to queue
[2022-09-28 17:21:41,002] {logging_mixin.py:115} INFO - [2022-09-28 17:21:41,002] {dagbag.py:508} INFO - Filling up the DagBag from /home/airflow/.local/lib/python3.7/site-packages/airflow/example_dags/example_latest_only_with_trigger.py
[2022-09-28 17:21:41,011] {processor.py:651} INFO - DAG(s) dict_keys(['latest_only_with_trigger']) retrieved from /home/airflow/.local/lib/python3.7/site-packages/airflow/example_dags/example_latest_only_with_trigger.py
[2022-09-28 17:21:41,047] {logging_mixin.py:115} INFO - [2022-09-28 17:21:41,046] {dag.py:2420} INFO - Sync 1 DAGs
[2022-09-28 17:21:41,074] {logging_mixin.py:115} INFO - [2022-09-28 17:21:41,074] {dag.py:2972} INFO - Setting next_dagrun for latest_only_with_trigger to 2022-09-28T13:21:41.074442+00:00, run_after=2022-09-28T17:21:41.074442+00:00
[2022-09-28 17:21:41,096] {processor.py:161} INFO - Processing /home/airflow/.local/lib/python3.7/site-packages/airflow/example_dags/example_latest_only_with_trigger.py took 0.102 seconds
[2022-09-28 17:22:11,230] {processor.py:153} INFO - Started process (PID=1774) to work on /home/airflow/.local/lib/python3.7/site-packages/airflow/example_dags/example_latest_only_with_trigger.py
[2022-09-28 17:22:11,231] {processor.py:641} INFO - Processing file /home/airflow/.local/lib/python3.7/site-packages/airflow/example_dags/example_latest_only_with_trigger.py for tasks to queue
[2022-09-28 17:22:11,233] {logging_mixin.py:115} INFO - [2022-09-28 17:22:11,233] {dagbag.py:508} INFO - Filling up the DagBag from /home/airflow/.local/lib/python3.7/site-packages/airflow/example_dags/example_latest_only_with_trigger.py
[2022-09-28 17:22:11,243] {processor.py:651} INFO - DAG(s) dict_keys(['latest_only_with_trigger']) retrieved from /home/airflow/.local/lib/python3.7/site-packages/airflow/example_dags/example_latest_only_with_trigger.py
[2022-09-28 17:22:11,299] {logging_mixin.py:115} INFO - [2022-09-28 17:22:11,299] {dag.py:2420} INFO - Sync 1 DAGs
[2022-09-28 17:22:11,327] {logging_mixin.py:115} INFO - [2022-09-28 17:22:11,327] {dag.py:2972} INFO - Setting next_dagrun for latest_only_with_trigger to 2022-09-28T13:22:11.327545+00:00, run_after=2022-09-28T17:22:11.327545+00:00
[2022-09-28 17:22:11,352] {processor.py:161} INFO - Processing /home/airflow/.local/lib/python3.7/site-packages/airflow/example_dags/example_latest_only_with_trigger.py took 0.129 seconds
[2022-09-28 17:22:42,327] {processor.py:153} INFO - Started process (PID=1840) to work on /home/airflow/.local/lib/python3.7/site-packages/airflow/example_dags/example_latest_only_with_trigger.py
[2022-09-28 17:22:42,329] {processor.py:641} INFO - Processing file /home/airflow/.local/lib/python3.7/site-packages/airflow/example_dags/example_latest_only_with_trigger.py for tasks to queue
[2022-09-28 17:22:42,330] {logging_mixin.py:115} INFO - [2022-09-28 17:22:42,330] {dagbag.py:508} INFO - Filling up the DagBag from /home/airflow/.local/lib/python3.7/site-packages/airflow/example_dags/example_latest_only_with_trigger.py
[2022-09-28 17:22:42,340] {processor.py:651} INFO - DAG(s) dict_keys(['latest_only_with_trigger']) retrieved from /home/airflow/.local/lib/python3.7/site-packages/airflow/example_dags/example_latest_only_with_trigger.py
[2022-09-28 17:22:42,404] {logging_mixin.py:115} INFO - [2022-09-28 17:22:42,404] {dag.py:2420} INFO - Sync 1 DAGs
[2022-09-28 17:22:42,434] {logging_mixin.py:115} INFO - [2022-09-28 17:22:42,433] {dag.py:2972} INFO - Setting next_dagrun for latest_only_with_trigger to 2022-09-28T13:22:42.433677+00:00, run_after=2022-09-28T17:22:42.433677+00:00
[2022-09-28 17:22:42,453] {processor.py:161} INFO - Processing /home/airflow/.local/lib/python3.7/site-packages/airflow/example_dags/example_latest_only_with_trigger.py took 0.130 seconds
[2022-09-28 17:23:13,037] {processor.py:153} INFO - Started process (PID=1897) to work on /home/airflow/.local/lib/python3.7/site-packages/airflow/example_dags/example_latest_only_with_trigger.py
[2022-09-28 17:23:13,038] {processor.py:641} INFO - Processing file /home/airflow/.local/lib/python3.7/site-packages/airflow/example_dags/example_latest_only_with_trigger.py for tasks to queue
[2022-09-28 17:23:13,040] {logging_mixin.py:115} INFO - [2022-09-28 17:23:13,040] {dagbag.py:508} INFO - Filling up the DagBag from /home/airflow/.local/lib/python3.7/site-packages/airflow/example_dags/example_latest_only_with_trigger.py
[2022-09-28 17:23:13,057] {processor.py:651} INFO - DAG(s) dict_keys(['latest_only_with_trigger']) retrieved from /home/airflow/.local/lib/python3.7/site-packages/airflow/example_dags/example_latest_only_with_trigger.py
[2022-09-28 17:23:13,120] {logging_mixin.py:115} INFO - [2022-09-28 17:23:13,120] {dag.py:2420} INFO - Sync 1 DAGs
[2022-09-28 17:23:13,154] {logging_mixin.py:115} INFO - [2022-09-28 17:23:13,153] {dag.py:2972} INFO - Setting next_dagrun for latest_only_with_trigger to 2022-09-28T13:23:13.152989+00:00, run_after=2022-09-28T17:23:13.152989+00:00
[2022-09-28 17:23:13,175] {processor.py:161} INFO - Processing /home/airflow/.local/lib/python3.7/site-packages/airflow/example_dags/example_latest_only_with_trigger.py took 0.145 seconds
[2022-09-28 17:23:44,094] {processor.py:153} INFO - Started process (PID=1962) to work on /home/airflow/.local/lib/python3.7/site-packages/airflow/example_dags/example_latest_only_with_trigger.py
[2022-09-28 17:23:44,098] {processor.py:641} INFO - Processing file /home/airflow/.local/lib/python3.7/site-packages/airflow/example_dags/example_latest_only_with_trigger.py for tasks to queue
[2022-09-28 17:23:44,107] {logging_mixin.py:115} INFO - [2022-09-28 17:23:44,106] {dagbag.py:508} INFO - Filling up the DagBag from /home/airflow/.local/lib/python3.7/site-packages/airflow/example_dags/example_latest_only_with_trigger.py
[2022-09-28 17:23:44,127] {processor.py:651} INFO - DAG(s) dict_keys(['latest_only_with_trigger']) retrieved from /home/airflow/.local/lib/python3.7/site-packages/airflow/example_dags/example_latest_only_with_trigger.py
[2022-09-28 17:23:44,174] {logging_mixin.py:115} INFO - [2022-09-28 17:23:44,174] {dag.py:2420} INFO - Sync 1 DAGs
[2022-09-28 17:23:44,208] {logging_mixin.py:115} INFO - [2022-09-28 17:23:44,208] {dag.py:2972} INFO - Setting next_dagrun for latest_only_with_trigger to 2022-09-28T13:23:44.208169+00:00, run_after=2022-09-28T17:23:44.208169+00:00
[2022-09-28 17:23:44,229] {processor.py:161} INFO - Processing /home/airflow/.local/lib/python3.7/site-packages/airflow/example_dags/example_latest_only_with_trigger.py took 0.148 seconds
[2022-09-28 17:24:14,471] {processor.py:153} INFO - Started process (PID=2018) to work on /home/airflow/.local/lib/python3.7/site-packages/airflow/example_dags/example_latest_only_with_trigger.py
[2022-09-28 17:24:14,476] {processor.py:641} INFO - Processing file /home/airflow/.local/lib/python3.7/site-packages/airflow/example_dags/example_latest_only_with_trigger.py for tasks to queue
[2022-09-28 17:24:14,479] {logging_mixin.py:115} INFO - [2022-09-28 17:24:14,479] {dagbag.py:508} INFO - Filling up the DagBag from /home/airflow/.local/lib/python3.7/site-packages/airflow/example_dags/example_latest_only_with_trigger.py
[2022-09-28 17:24:14,492] {processor.py:651} INFO - DAG(s) dict_keys(['latest_only_with_trigger']) retrieved from /home/airflow/.local/lib/python3.7/site-packages/airflow/example_dags/example_latest_only_with_trigger.py
[2022-09-28 17:24:14,537] {logging_mixin.py:115} INFO - [2022-09-28 17:24:14,536] {dag.py:2420} INFO - Sync 1 DAGs
[2022-09-28 17:24:14,574] {logging_mixin.py:115} INFO - [2022-09-28 17:24:14,574] {dag.py:2972} INFO - Setting next_dagrun for latest_only_with_trigger to 2022-09-28T13:24:14.574147+00:00, run_after=2022-09-28T17:24:14.574147+00:00
[2022-09-28 17:24:14,600] {processor.py:161} INFO - Processing /home/airflow/.local/lib/python3.7/site-packages/airflow/example_dags/example_latest_only_with_trigger.py took 0.137 seconds
[2022-09-28 17:24:44,722] {processor.py:153} INFO - Started process (PID=2085) to work on /home/airflow/.local/lib/python3.7/site-packages/airflow/example_dags/example_latest_only_with_trigger.py
[2022-09-28 17:24:44,724] {processor.py:641} INFO - Processing file /home/airflow/.local/lib/python3.7/site-packages/airflow/example_dags/example_latest_only_with_trigger.py for tasks to queue
[2022-09-28 17:24:44,725] {logging_mixin.py:115} INFO - [2022-09-28 17:24:44,725] {dagbag.py:508} INFO - Filling up the DagBag from /home/airflow/.local/lib/python3.7/site-packages/airflow/example_dags/example_latest_only_with_trigger.py
[2022-09-28 17:24:44,736] {processor.py:651} INFO - DAG(s) dict_keys(['latest_only_with_trigger']) retrieved from /home/airflow/.local/lib/python3.7/site-packages/airflow/example_dags/example_latest_only_with_trigger.py
[2022-09-28 17:24:44,771] {logging_mixin.py:115} INFO - [2022-09-28 17:24:44,770] {dag.py:2420} INFO - Sync 1 DAGs
[2022-09-28 17:24:44,799] {logging_mixin.py:115} INFO - [2022-09-28 17:24:44,798] {dag.py:2972} INFO - Setting next_dagrun for latest_only_with_trigger to 2022-09-28T13:24:44.798571+00:00, run_after=2022-09-28T17:24:44.798571+00:00
[2022-09-28 17:24:44,819] {processor.py:161} INFO - Processing /home/airflow/.local/lib/python3.7/site-packages/airflow/example_dags/example_latest_only_with_trigger.py took 0.101 seconds
[2022-09-28 17:25:14,892] {processor.py:153} INFO - Started process (PID=2140) to work on /home/airflow/.local/lib/python3.7/site-packages/airflow/example_dags/example_latest_only_with_trigger.py
[2022-09-28 17:25:14,894] {processor.py:641} INFO - Processing file /home/airflow/.local/lib/python3.7/site-packages/airflow/example_dags/example_latest_only_with_trigger.py for tasks to queue
[2022-09-28 17:25:14,896] {logging_mixin.py:115} INFO - [2022-09-28 17:25:14,896] {dagbag.py:508} INFO - Filling up the DagBag from /home/airflow/.local/lib/python3.7/site-packages/airflow/example_dags/example_latest_only_with_trigger.py
[2022-09-28 17:25:14,905] {processor.py:651} INFO - DAG(s) dict_keys(['latest_only_with_trigger']) retrieved from /home/airflow/.local/lib/python3.7/site-packages/airflow/example_dags/example_latest_only_with_trigger.py
[2022-09-28 17:25:14,938] {logging_mixin.py:115} INFO - [2022-09-28 17:25:14,938] {dag.py:2420} INFO - Sync 1 DAGs
[2022-09-28 17:25:14,966] {logging_mixin.py:115} INFO - [2022-09-28 17:25:14,966] {dag.py:2972} INFO - Setting next_dagrun for latest_only_with_trigger to 2022-09-28T13:25:14.965892+00:00, run_after=2022-09-28T17:25:14.965892+00:00
[2022-09-28 17:25:14,982] {processor.py:161} INFO - Processing /home/airflow/.local/lib/python3.7/site-packages/airflow/example_dags/example_latest_only_with_trigger.py took 0.095 seconds
[2022-09-28 17:25:45,151] {processor.py:153} INFO - Started process (PID=2207) to work on /home/airflow/.local/lib/python3.7/site-packages/airflow/example_dags/example_latest_only_with_trigger.py
[2022-09-28 17:25:45,153] {processor.py:641} INFO - Processing file /home/airflow/.local/lib/python3.7/site-packages/airflow/example_dags/example_latest_only_with_trigger.py for tasks to queue
[2022-09-28 17:25:45,154] {logging_mixin.py:115} INFO - [2022-09-28 17:25:45,154] {dagbag.py:508} INFO - Filling up the DagBag from /home/airflow/.local/lib/python3.7/site-packages/airflow/example_dags/example_latest_only_with_trigger.py
[2022-09-28 17:25:45,167] {processor.py:651} INFO - DAG(s) dict_keys(['latest_only_with_trigger']) retrieved from /home/airflow/.local/lib/python3.7/site-packages/airflow/example_dags/example_latest_only_with_trigger.py
[2022-09-28 17:25:45,211] {logging_mixin.py:115} INFO - [2022-09-28 17:25:45,211] {dag.py:2420} INFO - Sync 1 DAGs
[2022-09-28 17:25:45,248] {logging_mixin.py:115} INFO - [2022-09-28 17:25:45,247] {dag.py:2972} INFO - Setting next_dagrun for latest_only_with_trigger to 2022-09-28T13:25:45.247347+00:00, run_after=2022-09-28T17:25:45.247347+00:00
[2022-09-28 17:25:45,281] {processor.py:161} INFO - Processing /home/airflow/.local/lib/python3.7/site-packages/airflow/example_dags/example_latest_only_with_trigger.py took 0.133 seconds
[2022-09-28 17:26:15,339] {processor.py:153} INFO - Started process (PID=2274) to work on /home/airflow/.local/lib/python3.7/site-packages/airflow/example_dags/example_latest_only_with_trigger.py
[2022-09-28 17:26:15,340] {processor.py:641} INFO - Processing file /home/airflow/.local/lib/python3.7/site-packages/airflow/example_dags/example_latest_only_with_trigger.py for tasks to queue
[2022-09-28 17:26:15,341] {logging_mixin.py:115} INFO - [2022-09-28 17:26:15,341] {dagbag.py:508} INFO - Filling up the DagBag from /home/airflow/.local/lib/python3.7/site-packages/airflow/example_dags/example_latest_only_with_trigger.py
[2022-09-28 17:26:15,354] {processor.py:651} INFO - DAG(s) dict_keys(['latest_only_with_trigger']) retrieved from /home/airflow/.local/lib/python3.7/site-packages/airflow/example_dags/example_latest_only_with_trigger.py
[2022-09-28 17:26:15,401] {logging_mixin.py:115} INFO - [2022-09-28 17:26:15,401] {dag.py:2420} INFO - Sync 1 DAGs
[2022-09-28 17:26:15,436] {logging_mixin.py:115} INFO - [2022-09-28 17:26:15,435] {dag.py:2972} INFO - Setting next_dagrun for latest_only_with_trigger to 2022-09-28T13:26:15.435383+00:00, run_after=2022-09-28T17:26:15.435383+00:00
[2022-09-28 17:26:15,458] {processor.py:161} INFO - Processing /home/airflow/.local/lib/python3.7/site-packages/airflow/example_dags/example_latest_only_with_trigger.py took 0.124 seconds
[2022-09-28 17:26:45,901] {processor.py:153} INFO - Started process (PID=2329) to work on /home/airflow/.local/lib/python3.7/site-packages/airflow/example_dags/example_latest_only_with_trigger.py
[2022-09-28 17:26:45,904] {processor.py:641} INFO - Processing file /home/airflow/.local/lib/python3.7/site-packages/airflow/example_dags/example_latest_only_with_trigger.py for tasks to queue
[2022-09-28 17:26:45,906] {logging_mixin.py:115} INFO - [2022-09-28 17:26:45,906] {dagbag.py:508} INFO - Filling up the DagBag from /home/airflow/.local/lib/python3.7/site-packages/airflow/example_dags/example_latest_only_with_trigger.py
[2022-09-28 17:26:45,927] {processor.py:651} INFO - DAG(s) dict_keys(['latest_only_with_trigger']) retrieved from /home/airflow/.local/lib/python3.7/site-packages/airflow/example_dags/example_latest_only_with_trigger.py
[2022-09-28 17:26:45,972] {logging_mixin.py:115} INFO - [2022-09-28 17:26:45,972] {dag.py:2420} INFO - Sync 1 DAGs
[2022-09-28 17:26:46,009] {logging_mixin.py:115} INFO - [2022-09-28 17:26:46,009] {dag.py:2972} INFO - Setting next_dagrun for latest_only_with_trigger to 2022-09-28T13:26:46.008979+00:00, run_after=2022-09-28T17:26:46.008979+00:00
[2022-09-28 17:26:46,041] {processor.py:161} INFO - Processing /home/airflow/.local/lib/python3.7/site-packages/airflow/example_dags/example_latest_only_with_trigger.py took 0.147 seconds
[2022-09-28 17:27:16,605] {processor.py:153} INFO - Started process (PID=2394) to work on /home/airflow/.local/lib/python3.7/site-packages/airflow/example_dags/example_latest_only_with_trigger.py
[2022-09-28 17:27:16,611] {processor.py:641} INFO - Processing file /home/airflow/.local/lib/python3.7/site-packages/airflow/example_dags/example_latest_only_with_trigger.py for tasks to queue
[2022-09-28 17:27:16,614] {logging_mixin.py:115} INFO - [2022-09-28 17:27:16,613] {dagbag.py:508} INFO - Filling up the DagBag from /home/airflow/.local/lib/python3.7/site-packages/airflow/example_dags/example_latest_only_with_trigger.py
[2022-09-28 17:27:16,661] {processor.py:651} INFO - DAG(s) dict_keys(['latest_only_with_trigger']) retrieved from /home/airflow/.local/lib/python3.7/site-packages/airflow/example_dags/example_latest_only_with_trigger.py
[2022-09-28 17:27:16,767] {logging_mixin.py:115} INFO - [2022-09-28 17:27:16,766] {dag.py:2420} INFO - Sync 1 DAGs
[2022-09-28 17:27:16,812] {logging_mixin.py:115} INFO - [2022-09-28 17:27:16,812] {dag.py:2972} INFO - Setting next_dagrun for latest_only_with_trigger to 2022-09-28T13:27:16.811269+00:00, run_after=2022-09-28T17:27:16.811269+00:00
[2022-09-28 17:27:16,844] {processor.py:161} INFO - Processing /home/airflow/.local/lib/python3.7/site-packages/airflow/example_dags/example_latest_only_with_trigger.py took 0.261 seconds
[2022-09-28 17:27:47,486] {processor.py:153} INFO - Started process (PID=2450) to work on /home/airflow/.local/lib/python3.7/site-packages/airflow/example_dags/example_latest_only_with_trigger.py
[2022-09-28 17:27:47,490] {processor.py:641} INFO - Processing file /home/airflow/.local/lib/python3.7/site-packages/airflow/example_dags/example_latest_only_with_trigger.py for tasks to queue
[2022-09-28 17:27:47,493] {logging_mixin.py:115} INFO - [2022-09-28 17:27:47,493] {dagbag.py:508} INFO - Filling up the DagBag from /home/airflow/.local/lib/python3.7/site-packages/airflow/example_dags/example_latest_only_with_trigger.py
[2022-09-28 17:27:47,518] {processor.py:651} INFO - DAG(s) dict_keys(['latest_only_with_trigger']) retrieved from /home/airflow/.local/lib/python3.7/site-packages/airflow/example_dags/example_latest_only_with_trigger.py
[2022-09-28 17:27:47,642] {logging_mixin.py:115} INFO - [2022-09-28 17:27:47,642] {dag.py:2420} INFO - Sync 1 DAGs
[2022-09-28 17:27:47,766] {logging_mixin.py:115} INFO - [2022-09-28 17:27:47,766] {dag.py:2972} INFO - Setting next_dagrun for latest_only_with_trigger to 2022-09-28T13:27:47.765657+00:00, run_after=2022-09-28T17:27:47.765657+00:00
[2022-09-28 17:27:47,789] {processor.py:161} INFO - Processing /home/airflow/.local/lib/python3.7/site-packages/airflow/example_dags/example_latest_only_with_trigger.py took 0.311 seconds
[2022-09-28 17:28:18,010] {processor.py:153} INFO - Started process (PID=2521) to work on /home/airflow/.local/lib/python3.7/site-packages/airflow/example_dags/example_latest_only_with_trigger.py
[2022-09-28 17:28:18,012] {processor.py:641} INFO - Processing file /home/airflow/.local/lib/python3.7/site-packages/airflow/example_dags/example_latest_only_with_trigger.py for tasks to queue
[2022-09-28 17:28:18,015] {logging_mixin.py:115} INFO - [2022-09-28 17:28:18,015] {dagbag.py:508} INFO - Filling up the DagBag from /home/airflow/.local/lib/python3.7/site-packages/airflow/example_dags/example_latest_only_with_trigger.py
[2022-09-28 17:28:18,040] {processor.py:651} INFO - DAG(s) dict_keys(['latest_only_with_trigger']) retrieved from /home/airflow/.local/lib/python3.7/site-packages/airflow/example_dags/example_latest_only_with_trigger.py
[2022-09-28 17:28:18,417] {logging_mixin.py:115} INFO - [2022-09-28 17:28:18,417] {dag.py:2420} INFO - Sync 1 DAGs
[2022-09-28 17:28:18,658] {logging_mixin.py:115} INFO - [2022-09-28 17:28:18,658] {dag.py:2972} INFO - Setting next_dagrun for latest_only_with_trigger to 2022-09-28T13:28:18.658127+00:00, run_after=2022-09-28T17:28:18.658127+00:00
[2022-09-28 17:28:18,712] {processor.py:161} INFO - Processing /home/airflow/.local/lib/python3.7/site-packages/airflow/example_dags/example_latest_only_with_trigger.py took 0.710 seconds
[2022-09-28 17:28:49,143] {processor.py:153} INFO - Started process (PID=2576) to work on /home/airflow/.local/lib/python3.7/site-packages/airflow/example_dags/example_latest_only_with_trigger.py
[2022-09-28 17:28:49,146] {processor.py:641} INFO - Processing file /home/airflow/.local/lib/python3.7/site-packages/airflow/example_dags/example_latest_only_with_trigger.py for tasks to queue
[2022-09-28 17:28:49,148] {logging_mixin.py:115} INFO - [2022-09-28 17:28:49,148] {dagbag.py:508} INFO - Filling up the DagBag from /home/airflow/.local/lib/python3.7/site-packages/airflow/example_dags/example_latest_only_with_trigger.py
[2022-09-28 17:28:49,158] {processor.py:651} INFO - DAG(s) dict_keys(['latest_only_with_trigger']) retrieved from /home/airflow/.local/lib/python3.7/site-packages/airflow/example_dags/example_latest_only_with_trigger.py
[2022-09-28 17:28:49,207] {logging_mixin.py:115} INFO - [2022-09-28 17:28:49,207] {dag.py:2420} INFO - Sync 1 DAGs
[2022-09-28 17:28:49,251] {logging_mixin.py:115} INFO - [2022-09-28 17:28:49,251] {dag.py:2972} INFO - Setting next_dagrun for latest_only_with_trigger to 2022-09-28T13:28:49.250902+00:00, run_after=2022-09-28T17:28:49.250902+00:00
[2022-09-28 17:28:49,272] {processor.py:161} INFO - Processing /home/airflow/.local/lib/python3.7/site-packages/airflow/example_dags/example_latest_only_with_trigger.py took 0.136 seconds
[2022-09-28 17:29:19,586] {processor.py:153} INFO - Started process (PID=2643) to work on /home/airflow/.local/lib/python3.7/site-packages/airflow/example_dags/example_latest_only_with_trigger.py
[2022-09-28 17:29:19,587] {processor.py:641} INFO - Processing file /home/airflow/.local/lib/python3.7/site-packages/airflow/example_dags/example_latest_only_with_trigger.py for tasks to queue
[2022-09-28 17:29:19,589] {logging_mixin.py:115} INFO - [2022-09-28 17:29:19,589] {dagbag.py:508} INFO - Filling up the DagBag from /home/airflow/.local/lib/python3.7/site-packages/airflow/example_dags/example_latest_only_with_trigger.py
[2022-09-28 17:29:19,599] {processor.py:651} INFO - DAG(s) dict_keys(['latest_only_with_trigger']) retrieved from /home/airflow/.local/lib/python3.7/site-packages/airflow/example_dags/example_latest_only_with_trigger.py
[2022-09-28 17:29:19,634] {logging_mixin.py:115} INFO - [2022-09-28 17:29:19,634] {dag.py:2420} INFO - Sync 1 DAGs
[2022-09-28 17:29:19,663] {logging_mixin.py:115} INFO - [2022-09-28 17:29:19,663] {dag.py:2972} INFO - Setting next_dagrun for latest_only_with_trigger to 2022-09-28T13:29:19.662669+00:00, run_after=2022-09-28T17:29:19.662669+00:00
[2022-09-28 17:29:19,687] {processor.py:161} INFO - Processing /home/airflow/.local/lib/python3.7/site-packages/airflow/example_dags/example_latest_only_with_trigger.py took 0.107 seconds
[2022-09-28 17:29:50,123] {processor.py:153} INFO - Started process (PID=2702) to work on /home/airflow/.local/lib/python3.7/site-packages/airflow/example_dags/example_latest_only_with_trigger.py
[2022-09-28 17:29:50,125] {processor.py:641} INFO - Processing file /home/airflow/.local/lib/python3.7/site-packages/airflow/example_dags/example_latest_only_with_trigger.py for tasks to queue
[2022-09-28 17:29:50,127] {logging_mixin.py:115} INFO - [2022-09-28 17:29:50,126] {dagbag.py:508} INFO - Filling up the DagBag from /home/airflow/.local/lib/python3.7/site-packages/airflow/example_dags/example_latest_only_with_trigger.py
[2022-09-28 17:29:50,136] {processor.py:651} INFO - DAG(s) dict_keys(['latest_only_with_trigger']) retrieved from /home/airflow/.local/lib/python3.7/site-packages/airflow/example_dags/example_latest_only_with_trigger.py
[2022-09-28 17:29:50,169] {logging_mixin.py:115} INFO - [2022-09-28 17:29:50,168] {dag.py:2420} INFO - Sync 1 DAGs
[2022-09-28 17:29:50,195] {logging_mixin.py:115} INFO - [2022-09-28 17:29:50,194] {dag.py:2972} INFO - Setting next_dagrun for latest_only_with_trigger to 2022-09-28T13:29:50.194367+00:00, run_after=2022-09-28T17:29:50.194367+00:00
[2022-09-28 17:29:50,209] {processor.py:161} INFO - Processing /home/airflow/.local/lib/python3.7/site-packages/airflow/example_dags/example_latest_only_with_trigger.py took 0.091 seconds
[2022-09-28 17:30:21,144] {processor.py:153} INFO - Started process (PID=2770) to work on /home/airflow/.local/lib/python3.7/site-packages/airflow/example_dags/example_latest_only_with_trigger.py
[2022-09-28 17:30:21,146] {processor.py:641} INFO - Processing file /home/airflow/.local/lib/python3.7/site-packages/airflow/example_dags/example_latest_only_with_trigger.py for tasks to queue
[2022-09-28 17:30:21,149] {logging_mixin.py:115} INFO - [2022-09-28 17:30:21,149] {dagbag.py:508} INFO - Filling up the DagBag from /home/airflow/.local/lib/python3.7/site-packages/airflow/example_dags/example_latest_only_with_trigger.py
[2022-09-28 17:30:21,158] {processor.py:651} INFO - DAG(s) dict_keys(['latest_only_with_trigger']) retrieved from /home/airflow/.local/lib/python3.7/site-packages/airflow/example_dags/example_latest_only_with_trigger.py
[2022-09-28 17:30:21,190] {logging_mixin.py:115} INFO - [2022-09-28 17:30:21,190] {dag.py:2420} INFO - Sync 1 DAGs
[2022-09-28 17:30:21,221] {logging_mixin.py:115} INFO - [2022-09-28 17:30:21,221] {dag.py:2972} INFO - Setting next_dagrun for latest_only_with_trigger to 2022-09-28T13:30:21.220664+00:00, run_after=2022-09-28T17:30:21.220664+00:00
[2022-09-28 17:30:21,240] {processor.py:161} INFO - Processing /home/airflow/.local/lib/python3.7/site-packages/airflow/example_dags/example_latest_only_with_trigger.py took 0.102 seconds
[2022-09-28 17:30:51,523] {processor.py:153} INFO - Started process (PID=2837) to work on /home/airflow/.local/lib/python3.7/site-packages/airflow/example_dags/example_latest_only_with_trigger.py
[2022-09-28 17:30:51,525] {processor.py:641} INFO - Processing file /home/airflow/.local/lib/python3.7/site-packages/airflow/example_dags/example_latest_only_with_trigger.py for tasks to queue
[2022-09-28 17:30:51,527] {logging_mixin.py:115} INFO - [2022-09-28 17:30:51,527] {dagbag.py:508} INFO - Filling up the DagBag from /home/airflow/.local/lib/python3.7/site-packages/airflow/example_dags/example_latest_only_with_trigger.py
[2022-09-28 17:30:51,535] {processor.py:651} INFO - DAG(s) dict_keys(['latest_only_with_trigger']) retrieved from /home/airflow/.local/lib/python3.7/site-packages/airflow/example_dags/example_latest_only_with_trigger.py
[2022-09-28 17:30:51,572] {logging_mixin.py:115} INFO - [2022-09-28 17:30:51,572] {dag.py:2420} INFO - Sync 1 DAGs
[2022-09-28 17:30:51,598] {logging_mixin.py:115} INFO - [2022-09-28 17:30:51,598] {dag.py:2972} INFO - Setting next_dagrun for latest_only_with_trigger to 2022-09-28T13:30:51.598422+00:00, run_after=2022-09-28T17:30:51.598422+00:00
[2022-09-28 17:30:51,615] {processor.py:161} INFO - Processing /home/airflow/.local/lib/python3.7/site-packages/airflow/example_dags/example_latest_only_with_trigger.py took 0.097 seconds
[2022-09-28 17:31:21,781] {processor.py:153} INFO - Started process (PID=2892) to work on /home/airflow/.local/lib/python3.7/site-packages/airflow/example_dags/example_latest_only_with_trigger.py
[2022-09-28 17:31:21,782] {processor.py:641} INFO - Processing file /home/airflow/.local/lib/python3.7/site-packages/airflow/example_dags/example_latest_only_with_trigger.py for tasks to queue
[2022-09-28 17:31:21,783] {logging_mixin.py:115} INFO - [2022-09-28 17:31:21,783] {dagbag.py:508} INFO - Filling up the DagBag from /home/airflow/.local/lib/python3.7/site-packages/airflow/example_dags/example_latest_only_with_trigger.py
[2022-09-28 17:31:21,791] {processor.py:651} INFO - DAG(s) dict_keys(['latest_only_with_trigger']) retrieved from /home/airflow/.local/lib/python3.7/site-packages/airflow/example_dags/example_latest_only_with_trigger.py
[2022-09-28 17:31:21,806] {logging_mixin.py:115} INFO - [2022-09-28 17:31:21,806] {dag.py:2420} INFO - Sync 1 DAGs
[2022-09-28 17:31:21,839] {logging_mixin.py:115} INFO - [2022-09-28 17:31:21,838] {dag.py:2972} INFO - Setting next_dagrun for latest_only_with_trigger to 2022-09-28T13:31:21.838463+00:00, run_after=2022-09-28T17:31:21.838463+00:00
[2022-09-28 17:31:21,856] {processor.py:161} INFO - Processing /home/airflow/.local/lib/python3.7/site-packages/airflow/example_dags/example_latest_only_with_trigger.py took 0.102 seconds
[2022-09-28 17:36:40,927] {processor.py:153} INFO - Started process (PID=113) to work on /home/airflow/.local/lib/python3.7/site-packages/airflow/example_dags/example_latest_only_with_trigger.py
[2022-09-28 17:36:40,930] {processor.py:641} INFO - Processing file /home/airflow/.local/lib/python3.7/site-packages/airflow/example_dags/example_latest_only_with_trigger.py for tasks to queue
[2022-09-28 17:36:40,932] {logging_mixin.py:115} INFO - [2022-09-28 17:36:40,932] {dagbag.py:508} INFO - Filling up the DagBag from /home/airflow/.local/lib/python3.7/site-packages/airflow/example_dags/example_latest_only_with_trigger.py
[2022-09-28 17:36:40,991] {processor.py:651} INFO - DAG(s) dict_keys(['latest_only_with_trigger']) retrieved from /home/airflow/.local/lib/python3.7/site-packages/airflow/example_dags/example_latest_only_with_trigger.py
[2022-09-28 17:36:41,498] {logging_mixin.py:115} INFO - [2022-09-28 17:36:41,498] {manager.py:508} INFO - Created Permission View: can read on DAG:latest_only_with_trigger
[2022-09-28 17:36:41,523] {logging_mixin.py:115} INFO - [2022-09-28 17:36:41,523] {manager.py:508} INFO - Created Permission View: can delete on DAG:latest_only_with_trigger
[2022-09-28 17:36:41,543] {logging_mixin.py:115} INFO - [2022-09-28 17:36:41,543] {manager.py:508} INFO - Created Permission View: can edit on DAG:latest_only_with_trigger
[2022-09-28 17:36:41,544] {logging_mixin.py:115} INFO - [2022-09-28 17:36:41,544] {dag.py:2420} INFO - Sync 1 DAGs
[2022-09-28 17:36:41,562] {logging_mixin.py:115} INFO - [2022-09-28 17:36:41,562] {dag.py:2439} INFO - Creating ORM DAG for latest_only_with_trigger
[2022-09-28 17:36:41,594] {logging_mixin.py:115} INFO - [2022-09-28 17:36:41,594] {dag.py:2972} INFO - Setting next_dagrun for latest_only_with_trigger to 2022-09-28T13:36:41.592181+00:00, run_after=2022-09-28T17:36:41.592181+00:00
[2022-09-28 17:36:41,629] {processor.py:161} INFO - Processing /home/airflow/.local/lib/python3.7/site-packages/airflow/example_dags/example_latest_only_with_trigger.py took 0.714 seconds
[2022-09-28 17:37:12,610] {processor.py:153} INFO - Started process (PID=169) to work on /home/airflow/.local/lib/python3.7/site-packages/airflow/example_dags/example_latest_only_with_trigger.py
[2022-09-28 17:37:12,612] {processor.py:641} INFO - Processing file /home/airflow/.local/lib/python3.7/site-packages/airflow/example_dags/example_latest_only_with_trigger.py for tasks to queue
[2022-09-28 17:37:12,615] {logging_mixin.py:115} INFO - [2022-09-28 17:37:12,614] {dagbag.py:508} INFO - Filling up the DagBag from /home/airflow/.local/lib/python3.7/site-packages/airflow/example_dags/example_latest_only_with_trigger.py
[2022-09-28 17:37:12,626] {processor.py:651} INFO - DAG(s) dict_keys(['latest_only_with_trigger']) retrieved from /home/airflow/.local/lib/python3.7/site-packages/airflow/example_dags/example_latest_only_with_trigger.py
[2022-09-28 17:37:12,906] {logging_mixin.py:115} INFO - [2022-09-28 17:37:12,906] {dag.py:2420} INFO - Sync 1 DAGs
[2022-09-28 17:37:12,981] {logging_mixin.py:115} INFO - [2022-09-28 17:37:12,981] {dag.py:2972} INFO - Setting next_dagrun for latest_only_with_trigger to 2022-09-28T13:37:12.980791+00:00, run_after=2022-09-28T17:37:12.980791+00:00
[2022-09-28 17:37:13,022] {processor.py:161} INFO - Processing /home/airflow/.local/lib/python3.7/site-packages/airflow/example_dags/example_latest_only_with_trigger.py took 0.423 seconds
[2022-09-28 17:37:43,765] {processor.py:153} INFO - Started process (PID=235) to work on /home/airflow/.local/lib/python3.7/site-packages/airflow/example_dags/example_latest_only_with_trigger.py
[2022-09-28 17:37:43,766] {processor.py:641} INFO - Processing file /home/airflow/.local/lib/python3.7/site-packages/airflow/example_dags/example_latest_only_with_trigger.py for tasks to queue
[2022-09-28 17:37:43,769] {logging_mixin.py:115} INFO - [2022-09-28 17:37:43,769] {dagbag.py:508} INFO - Filling up the DagBag from /home/airflow/.local/lib/python3.7/site-packages/airflow/example_dags/example_latest_only_with_trigger.py
[2022-09-28 17:37:43,779] {processor.py:651} INFO - DAG(s) dict_keys(['latest_only_with_trigger']) retrieved from /home/airflow/.local/lib/python3.7/site-packages/airflow/example_dags/example_latest_only_with_trigger.py
[2022-09-28 17:37:43,985] {logging_mixin.py:115} INFO - [2022-09-28 17:37:43,985] {dag.py:2420} INFO - Sync 1 DAGs
[2022-09-28 17:37:44,024] {logging_mixin.py:115} INFO - [2022-09-28 17:37:44,023] {dag.py:2972} INFO - Setting next_dagrun for latest_only_with_trigger to 2022-09-28T13:37:44.023504+00:00, run_after=2022-09-28T17:37:44.023504+00:00
[2022-09-28 17:37:44,052] {processor.py:161} INFO - Processing /home/airflow/.local/lib/python3.7/site-packages/airflow/example_dags/example_latest_only_with_trigger.py took 0.291 seconds
[2022-09-28 17:38:14,337] {processor.py:153} INFO - Started process (PID=297) to work on /home/airflow/.local/lib/python3.7/site-packages/airflow/example_dags/example_latest_only_with_trigger.py
[2022-09-28 17:38:14,345] {processor.py:641} INFO - Processing file /home/airflow/.local/lib/python3.7/site-packages/airflow/example_dags/example_latest_only_with_trigger.py for tasks to queue
[2022-09-28 17:38:14,350] {logging_mixin.py:115} INFO - [2022-09-28 17:38:14,349] {dagbag.py:508} INFO - Filling up the DagBag from /home/airflow/.local/lib/python3.7/site-packages/airflow/example_dags/example_latest_only_with_trigger.py
[2022-09-28 17:38:14,409] {processor.py:651} INFO - DAG(s) dict_keys(['latest_only_with_trigger']) retrieved from /home/airflow/.local/lib/python3.7/site-packages/airflow/example_dags/example_latest_only_with_trigger.py
[2022-09-28 17:38:17,950] {logging_mixin.py:115} INFO - [2022-09-28 17:38:17,950] {dag.py:2420} INFO - Sync 1 DAGs
[2022-09-28 17:38:18,677] {logging_mixin.py:115} INFO - [2022-09-28 17:38:18,673] {dag.py:2972} INFO - Setting next_dagrun for latest_only_with_trigger to 2022-09-28T13:38:18.672677+00:00, run_after=2022-09-28T17:38:18.672677+00:00
[2022-09-28 17:38:18,810] {processor.py:161} INFO - Processing /home/airflow/.local/lib/python3.7/site-packages/airflow/example_dags/example_latest_only_with_trigger.py took 4.518 seconds
[2022-09-28 17:38:49,770] {processor.py:153} INFO - Started process (PID=364) to work on /home/airflow/.local/lib/python3.7/site-packages/airflow/example_dags/example_latest_only_with_trigger.py
[2022-09-28 17:38:49,775] {processor.py:641} INFO - Processing file /home/airflow/.local/lib/python3.7/site-packages/airflow/example_dags/example_latest_only_with_trigger.py for tasks to queue
[2022-09-28 17:38:49,778] {logging_mixin.py:115} INFO - [2022-09-28 17:38:49,777] {dagbag.py:508} INFO - Filling up the DagBag from /home/airflow/.local/lib/python3.7/site-packages/airflow/example_dags/example_latest_only_with_trigger.py
[2022-09-28 17:38:49,808] {processor.py:651} INFO - DAG(s) dict_keys(['latest_only_with_trigger']) retrieved from /home/airflow/.local/lib/python3.7/site-packages/airflow/example_dags/example_latest_only_with_trigger.py
[2022-09-28 17:38:50,210] {logging_mixin.py:115} INFO - [2022-09-28 17:38:50,210] {dag.py:2420} INFO - Sync 1 DAGs
[2022-09-28 17:38:50,244] {logging_mixin.py:115} INFO - [2022-09-28 17:38:50,244] {dag.py:2972} INFO - Setting next_dagrun for latest_only_with_trigger to 2022-09-28T13:38:50.243761+00:00, run_after=2022-09-28T17:38:50.243761+00:00
[2022-09-28 17:38:50,263] {processor.py:161} INFO - Processing /home/airflow/.local/lib/python3.7/site-packages/airflow/example_dags/example_latest_only_with_trigger.py took 0.502 seconds
[2022-09-28 17:39:20,564] {processor.py:153} INFO - Started process (PID=421) to work on /home/airflow/.local/lib/python3.7/site-packages/airflow/example_dags/example_latest_only_with_trigger.py
[2022-09-28 17:39:20,565] {processor.py:641} INFO - Processing file /home/airflow/.local/lib/python3.7/site-packages/airflow/example_dags/example_latest_only_with_trigger.py for tasks to queue
[2022-09-28 17:39:20,567] {logging_mixin.py:115} INFO - [2022-09-28 17:39:20,566] {dagbag.py:508} INFO - Filling up the DagBag from /home/airflow/.local/lib/python3.7/site-packages/airflow/example_dags/example_latest_only_with_trigger.py
[2022-09-28 17:39:20,580] {processor.py:651} INFO - DAG(s) dict_keys(['latest_only_with_trigger']) retrieved from /home/airflow/.local/lib/python3.7/site-packages/airflow/example_dags/example_latest_only_with_trigger.py
[2022-09-28 17:39:20,775] {logging_mixin.py:115} INFO - [2022-09-28 17:39:20,775] {dag.py:2420} INFO - Sync 1 DAGs
[2022-09-28 17:39:20,798] {logging_mixin.py:115} INFO - [2022-09-28 17:39:20,798] {dag.py:2972} INFO - Setting next_dagrun for latest_only_with_trigger to 2022-09-28T13:39:20.797821+00:00, run_after=2022-09-28T17:39:20.797821+00:00
[2022-09-28 17:39:20,812] {processor.py:161} INFO - Processing /home/airflow/.local/lib/python3.7/site-packages/airflow/example_dags/example_latest_only_with_trigger.py took 0.254 seconds
