[2022-09-28 16:54:09,013] {processor.py:153} INFO - Started process (PID=166) to work on /home/airflow/.local/lib/python3.7/site-packages/airflow/example_dags/example_python_operator.py
[2022-09-28 16:54:09,020] {processor.py:641} INFO - Processing file /home/airflow/.local/lib/python3.7/site-packages/airflow/example_dags/example_python_operator.py for tasks to queue
[2022-09-28 16:54:09,025] {logging_mixin.py:115} INFO - [2022-09-28 16:54:09,024] {dagbag.py:508} INFO - Filling up the DagBag from /home/airflow/.local/lib/python3.7/site-packages/airflow/example_dags/example_python_operator.py
[2022-09-28 16:54:09,624] {processor.py:651} INFO - DAG(s) dict_keys(['example_python_operator']) retrieved from /home/airflow/.local/lib/python3.7/site-packages/airflow/example_dags/example_python_operator.py
[2022-09-28 16:54:09,722] {logging_mixin.py:115} INFO - [2022-09-28 16:54:09,722] {dag.py:2420} INFO - Sync 1 DAGs
[2022-09-28 16:54:09,838] {logging_mixin.py:115} INFO - [2022-09-28 16:54:09,838] {dag.py:2972} INFO - Setting next_dagrun for example_python_operator to None, run_after=None
[2022-09-28 16:54:09,937] {processor.py:161} INFO - Processing /home/airflow/.local/lib/python3.7/site-packages/airflow/example_dags/example_python_operator.py took 0.938 seconds
[2022-09-28 16:54:40,284] {processor.py:153} INFO - Started process (PID=223) to work on /home/airflow/.local/lib/python3.7/site-packages/airflow/example_dags/example_python_operator.py
[2022-09-28 16:54:40,285] {processor.py:641} INFO - Processing file /home/airflow/.local/lib/python3.7/site-packages/airflow/example_dags/example_python_operator.py for tasks to queue
[2022-09-28 16:54:40,287] {logging_mixin.py:115} INFO - [2022-09-28 16:54:40,287] {dagbag.py:508} INFO - Filling up the DagBag from /home/airflow/.local/lib/python3.7/site-packages/airflow/example_dags/example_python_operator.py
[2022-09-28 16:54:40,448] {processor.py:651} INFO - DAG(s) dict_keys(['example_python_operator']) retrieved from /home/airflow/.local/lib/python3.7/site-packages/airflow/example_dags/example_python_operator.py
[2022-09-28 16:54:40,476] {logging_mixin.py:115} INFO - [2022-09-28 16:54:40,475] {dag.py:2420} INFO - Sync 1 DAGs
[2022-09-28 16:54:40,497] {logging_mixin.py:115} INFO - [2022-09-28 16:54:40,497] {dag.py:2972} INFO - Setting next_dagrun for example_python_operator to None, run_after=None
[2022-09-28 16:54:40,512] {processor.py:161} INFO - Processing /home/airflow/.local/lib/python3.7/site-packages/airflow/example_dags/example_python_operator.py took 0.232 seconds
[2022-09-28 16:55:11,415] {processor.py:153} INFO - Started process (PID=288) to work on /home/airflow/.local/lib/python3.7/site-packages/airflow/example_dags/example_python_operator.py
[2022-09-28 16:55:11,417] {processor.py:641} INFO - Processing file /home/airflow/.local/lib/python3.7/site-packages/airflow/example_dags/example_python_operator.py for tasks to queue
[2022-09-28 16:55:11,419] {logging_mixin.py:115} INFO - [2022-09-28 16:55:11,419] {dagbag.py:508} INFO - Filling up the DagBag from /home/airflow/.local/lib/python3.7/site-packages/airflow/example_dags/example_python_operator.py
[2022-09-28 16:55:12,247] {processor.py:651} INFO - DAG(s) dict_keys(['example_python_operator']) retrieved from /home/airflow/.local/lib/python3.7/site-packages/airflow/example_dags/example_python_operator.py
[2022-09-28 16:55:12,314] {logging_mixin.py:115} INFO - [2022-09-28 16:55:12,314] {dag.py:2420} INFO - Sync 1 DAGs
[2022-09-28 16:55:12,382] {logging_mixin.py:115} INFO - [2022-09-28 16:55:12,382] {dag.py:2972} INFO - Setting next_dagrun for example_python_operator to None, run_after=None
[2022-09-28 16:55:12,422] {processor.py:161} INFO - Processing /home/airflow/.local/lib/python3.7/site-packages/airflow/example_dags/example_python_operator.py took 1.014 seconds
[2022-09-28 16:55:42,756] {processor.py:153} INFO - Started process (PID=346) to work on /home/airflow/.local/lib/python3.7/site-packages/airflow/example_dags/example_python_operator.py
[2022-09-28 16:55:42,758] {processor.py:641} INFO - Processing file /home/airflow/.local/lib/python3.7/site-packages/airflow/example_dags/example_python_operator.py for tasks to queue
[2022-09-28 16:55:42,761] {logging_mixin.py:115} INFO - [2022-09-28 16:55:42,761] {dagbag.py:508} INFO - Filling up the DagBag from /home/airflow/.local/lib/python3.7/site-packages/airflow/example_dags/example_python_operator.py
[2022-09-28 16:55:42,941] {processor.py:651} INFO - DAG(s) dict_keys(['example_python_operator']) retrieved from /home/airflow/.local/lib/python3.7/site-packages/airflow/example_dags/example_python_operator.py
[2022-09-28 16:55:42,978] {logging_mixin.py:115} INFO - [2022-09-28 16:55:42,978] {dag.py:2420} INFO - Sync 1 DAGs
[2022-09-28 16:55:43,014] {logging_mixin.py:115} INFO - [2022-09-28 16:55:43,014] {dag.py:2972} INFO - Setting next_dagrun for example_python_operator to None, run_after=None
[2022-09-28 16:55:43,052] {processor.py:161} INFO - Processing /home/airflow/.local/lib/python3.7/site-packages/airflow/example_dags/example_python_operator.py took 0.302 seconds
[2022-09-28 16:56:13,726] {processor.py:153} INFO - Started process (PID=410) to work on /home/airflow/.local/lib/python3.7/site-packages/airflow/example_dags/example_python_operator.py
[2022-09-28 16:56:13,728] {processor.py:641} INFO - Processing file /home/airflow/.local/lib/python3.7/site-packages/airflow/example_dags/example_python_operator.py for tasks to queue
[2022-09-28 16:56:13,730] {logging_mixin.py:115} INFO - [2022-09-28 16:56:13,730] {dagbag.py:508} INFO - Filling up the DagBag from /home/airflow/.local/lib/python3.7/site-packages/airflow/example_dags/example_python_operator.py
[2022-09-28 16:56:14,232] {processor.py:651} INFO - DAG(s) dict_keys(['example_python_operator']) retrieved from /home/airflow/.local/lib/python3.7/site-packages/airflow/example_dags/example_python_operator.py
[2022-09-28 16:56:14,292] {logging_mixin.py:115} INFO - [2022-09-28 16:56:14,292] {dag.py:2420} INFO - Sync 1 DAGs
[2022-09-28 16:56:14,347] {logging_mixin.py:115} INFO - [2022-09-28 16:56:14,347] {dag.py:2972} INFO - Setting next_dagrun for example_python_operator to None, run_after=None
[2022-09-28 16:56:14,449] {processor.py:161} INFO - Processing /home/airflow/.local/lib/python3.7/site-packages/airflow/example_dags/example_python_operator.py took 0.771 seconds
[2022-09-28 16:56:44,597] {processor.py:153} INFO - Started process (PID=467) to work on /home/airflow/.local/lib/python3.7/site-packages/airflow/example_dags/example_python_operator.py
[2022-09-28 16:56:44,598] {processor.py:641} INFO - Processing file /home/airflow/.local/lib/python3.7/site-packages/airflow/example_dags/example_python_operator.py for tasks to queue
[2022-09-28 16:56:44,600] {logging_mixin.py:115} INFO - [2022-09-28 16:56:44,600] {dagbag.py:508} INFO - Filling up the DagBag from /home/airflow/.local/lib/python3.7/site-packages/airflow/example_dags/example_python_operator.py
[2022-09-28 16:56:44,770] {processor.py:651} INFO - DAG(s) dict_keys(['example_python_operator']) retrieved from /home/airflow/.local/lib/python3.7/site-packages/airflow/example_dags/example_python_operator.py
[2022-09-28 16:56:44,798] {logging_mixin.py:115} INFO - [2022-09-28 16:56:44,798] {dag.py:2420} INFO - Sync 1 DAGs
[2022-09-28 16:56:44,825] {logging_mixin.py:115} INFO - [2022-09-28 16:56:44,825] {dag.py:2972} INFO - Setting next_dagrun for example_python_operator to None, run_after=None
[2022-09-28 16:56:44,844] {processor.py:161} INFO - Processing /home/airflow/.local/lib/python3.7/site-packages/airflow/example_dags/example_python_operator.py took 0.251 seconds
[2022-09-28 16:57:27,583] {processor.py:153} INFO - Started process (PID=522) to work on /home/airflow/.local/lib/python3.7/site-packages/airflow/example_dags/example_python_operator.py
[2022-09-28 16:57:27,585] {processor.py:641} INFO - Processing file /home/airflow/.local/lib/python3.7/site-packages/airflow/example_dags/example_python_operator.py for tasks to queue
[2022-09-28 16:57:27,587] {logging_mixin.py:115} INFO - [2022-09-28 16:57:27,587] {dagbag.py:508} INFO - Filling up the DagBag from /home/airflow/.local/lib/python3.7/site-packages/airflow/example_dags/example_python_operator.py
[2022-09-28 16:57:27,817] {processor.py:651} INFO - DAG(s) dict_keys(['example_python_operator']) retrieved from /home/airflow/.local/lib/python3.7/site-packages/airflow/example_dags/example_python_operator.py
[2022-09-28 16:57:27,864] {logging_mixin.py:115} INFO - [2022-09-28 16:57:27,864] {dag.py:2420} INFO - Sync 1 DAGs
[2022-09-28 16:57:27,898] {logging_mixin.py:115} INFO - [2022-09-28 16:57:27,898] {dag.py:2972} INFO - Setting next_dagrun for example_python_operator to None, run_after=None
[2022-09-28 16:57:27,918] {processor.py:161} INFO - Processing /home/airflow/.local/lib/python3.7/site-packages/airflow/example_dags/example_python_operator.py took 0.341 seconds
[2022-09-28 16:58:03,761] {processor.py:153} INFO - Started process (PID=589) to work on /home/airflow/.local/lib/python3.7/site-packages/airflow/example_dags/example_python_operator.py
[2022-09-28 16:58:03,763] {processor.py:641} INFO - Processing file /home/airflow/.local/lib/python3.7/site-packages/airflow/example_dags/example_python_operator.py for tasks to queue
[2022-09-28 16:58:03,765] {logging_mixin.py:115} INFO - [2022-09-28 16:58:03,765] {dagbag.py:508} INFO - Filling up the DagBag from /home/airflow/.local/lib/python3.7/site-packages/airflow/example_dags/example_python_operator.py
[2022-09-28 16:58:04,024] {processor.py:651} INFO - DAG(s) dict_keys(['example_python_operator']) retrieved from /home/airflow/.local/lib/python3.7/site-packages/airflow/example_dags/example_python_operator.py
[2022-09-28 16:58:04,099] {logging_mixin.py:115} INFO - [2022-09-28 16:58:04,099] {dag.py:2420} INFO - Sync 1 DAGs
[2022-09-28 16:58:04,156] {logging_mixin.py:115} INFO - [2022-09-28 16:58:04,155] {dag.py:2972} INFO - Setting next_dagrun for example_python_operator to None, run_after=None
[2022-09-28 16:58:04,186] {processor.py:161} INFO - Processing /home/airflow/.local/lib/python3.7/site-packages/airflow/example_dags/example_python_operator.py took 0.430 seconds
[2022-09-28 16:58:35,219] {processor.py:153} INFO - Started process (PID=641) to work on /home/airflow/.local/lib/python3.7/site-packages/airflow/example_dags/example_python_operator.py
[2022-09-28 16:58:35,229] {processor.py:641} INFO - Processing file /home/airflow/.local/lib/python3.7/site-packages/airflow/example_dags/example_python_operator.py for tasks to queue
[2022-09-28 16:58:35,232] {logging_mixin.py:115} INFO - [2022-09-28 16:58:35,232] {dagbag.py:508} INFO - Filling up the DagBag from /home/airflow/.local/lib/python3.7/site-packages/airflow/example_dags/example_python_operator.py
[2022-09-28 16:58:35,371] {processor.py:651} INFO - DAG(s) dict_keys(['example_python_operator']) retrieved from /home/airflow/.local/lib/python3.7/site-packages/airflow/example_dags/example_python_operator.py
[2022-09-28 16:58:35,654] {logging_mixin.py:115} INFO - [2022-09-28 16:58:35,654] {dag.py:2420} INFO - Sync 1 DAGs
[2022-09-28 16:58:35,900] {logging_mixin.py:115} INFO - [2022-09-28 16:58:35,900] {dag.py:2972} INFO - Setting next_dagrun for example_python_operator to None, run_after=None
[2022-09-28 16:58:35,990] {processor.py:161} INFO - Processing /home/airflow/.local/lib/python3.7/site-packages/airflow/example_dags/example_python_operator.py took 0.796 seconds
[2022-09-28 16:59:06,819] {processor.py:153} INFO - Started process (PID=701) to work on /home/airflow/.local/lib/python3.7/site-packages/airflow/example_dags/example_python_operator.py
[2022-09-28 16:59:06,821] {processor.py:641} INFO - Processing file /home/airflow/.local/lib/python3.7/site-packages/airflow/example_dags/example_python_operator.py for tasks to queue
[2022-09-28 16:59:06,823] {logging_mixin.py:115} INFO - [2022-09-28 16:59:06,823] {dagbag.py:508} INFO - Filling up the DagBag from /home/airflow/.local/lib/python3.7/site-packages/airflow/example_dags/example_python_operator.py
[2022-09-28 16:59:06,855] {processor.py:651} INFO - DAG(s) dict_keys(['example_python_operator']) retrieved from /home/airflow/.local/lib/python3.7/site-packages/airflow/example_dags/example_python_operator.py
[2022-09-28 16:59:06,898] {logging_mixin.py:115} INFO - [2022-09-28 16:59:06,898] {dag.py:2420} INFO - Sync 1 DAGs
[2022-09-28 16:59:06,930] {logging_mixin.py:115} INFO - [2022-09-28 16:59:06,930] {dag.py:2972} INFO - Setting next_dagrun for example_python_operator to None, run_after=None
[2022-09-28 16:59:06,952] {processor.py:161} INFO - Processing /home/airflow/.local/lib/python3.7/site-packages/airflow/example_dags/example_python_operator.py took 0.138 seconds
[2022-09-28 17:08:33,074] {processor.py:153} INFO - Started process (PID=145) to work on /home/airflow/.local/lib/python3.7/site-packages/airflow/example_dags/example_python_operator.py
[2022-09-28 17:08:33,079] {processor.py:641} INFO - Processing file /home/airflow/.local/lib/python3.7/site-packages/airflow/example_dags/example_python_operator.py for tasks to queue
[2022-09-28 17:08:33,081] {logging_mixin.py:115} INFO - [2022-09-28 17:08:33,081] {dagbag.py:508} INFO - Filling up the DagBag from /home/airflow/.local/lib/python3.7/site-packages/airflow/example_dags/example_python_operator.py
[2022-09-28 17:08:33,399] {processor.py:651} INFO - DAG(s) dict_keys(['example_python_operator']) retrieved from /home/airflow/.local/lib/python3.7/site-packages/airflow/example_dags/example_python_operator.py
[2022-09-28 17:08:33,588] {logging_mixin.py:115} INFO - [2022-09-28 17:08:33,587] {manager.py:508} INFO - Created Permission View: can read on DAG:example_python_operator
[2022-09-28 17:08:33,618] {logging_mixin.py:115} INFO - [2022-09-28 17:08:33,618] {manager.py:508} INFO - Created Permission View: can delete on DAG:example_python_operator
[2022-09-28 17:08:33,644] {logging_mixin.py:115} INFO - [2022-09-28 17:08:33,643] {manager.py:508} INFO - Created Permission View: can edit on DAG:example_python_operator
[2022-09-28 17:08:33,645] {logging_mixin.py:115} INFO - [2022-09-28 17:08:33,645] {dag.py:2420} INFO - Sync 1 DAGs
[2022-09-28 17:08:33,663] {logging_mixin.py:115} INFO - [2022-09-28 17:08:33,663] {dag.py:2439} INFO - Creating ORM DAG for example_python_operator
[2022-09-28 17:08:33,692] {logging_mixin.py:115} INFO - [2022-09-28 17:08:33,692] {dag.py:2972} INFO - Setting next_dagrun for example_python_operator to None, run_after=None
[2022-09-28 17:08:33,721] {processor.py:161} INFO - Processing /home/airflow/.local/lib/python3.7/site-packages/airflow/example_dags/example_python_operator.py took 0.662 seconds
[2022-09-28 17:09:04,030] {processor.py:153} INFO - Started process (PID=201) to work on /home/airflow/.local/lib/python3.7/site-packages/airflow/example_dags/example_python_operator.py
[2022-09-28 17:09:04,033] {processor.py:641} INFO - Processing file /home/airflow/.local/lib/python3.7/site-packages/airflow/example_dags/example_python_operator.py for tasks to queue
[2022-09-28 17:09:04,037] {logging_mixin.py:115} INFO - [2022-09-28 17:09:04,036] {dagbag.py:508} INFO - Filling up the DagBag from /home/airflow/.local/lib/python3.7/site-packages/airflow/example_dags/example_python_operator.py
[2022-09-28 17:09:04,202] {processor.py:651} INFO - DAG(s) dict_keys(['example_python_operator']) retrieved from /home/airflow/.local/lib/python3.7/site-packages/airflow/example_dags/example_python_operator.py
[2022-09-28 17:09:04,224] {logging_mixin.py:115} INFO - [2022-09-28 17:09:04,224] {dag.py:2420} INFO - Sync 1 DAGs
[2022-09-28 17:09:04,246] {logging_mixin.py:115} INFO - [2022-09-28 17:09:04,246] {dag.py:2972} INFO - Setting next_dagrun for example_python_operator to None, run_after=None
[2022-09-28 17:09:04,262] {processor.py:161} INFO - Processing /home/airflow/.local/lib/python3.7/site-packages/airflow/example_dags/example_python_operator.py took 0.244 seconds
[2022-09-28 17:09:34,539] {processor.py:153} INFO - Started process (PID=268) to work on /home/airflow/.local/lib/python3.7/site-packages/airflow/example_dags/example_python_operator.py
[2022-09-28 17:09:34,541] {processor.py:641} INFO - Processing file /home/airflow/.local/lib/python3.7/site-packages/airflow/example_dags/example_python_operator.py for tasks to queue
[2022-09-28 17:09:34,543] {logging_mixin.py:115} INFO - [2022-09-28 17:09:34,542] {dagbag.py:508} INFO - Filling up the DagBag from /home/airflow/.local/lib/python3.7/site-packages/airflow/example_dags/example_python_operator.py
[2022-09-28 17:09:34,706] {processor.py:651} INFO - DAG(s) dict_keys(['example_python_operator']) retrieved from /home/airflow/.local/lib/python3.7/site-packages/airflow/example_dags/example_python_operator.py
[2022-09-28 17:09:34,732] {logging_mixin.py:115} INFO - [2022-09-28 17:09:34,732] {dag.py:2420} INFO - Sync 1 DAGs
[2022-09-28 17:09:34,756] {logging_mixin.py:115} INFO - [2022-09-28 17:09:34,756] {dag.py:2972} INFO - Setting next_dagrun for example_python_operator to None, run_after=None
[2022-09-28 17:09:34,771] {processor.py:161} INFO - Processing /home/airflow/.local/lib/python3.7/site-packages/airflow/example_dags/example_python_operator.py took 0.239 seconds
[2022-09-28 17:10:05,342] {processor.py:153} INFO - Started process (PID=324) to work on /home/airflow/.local/lib/python3.7/site-packages/airflow/example_dags/example_python_operator.py
[2022-09-28 17:10:05,344] {processor.py:641} INFO - Processing file /home/airflow/.local/lib/python3.7/site-packages/airflow/example_dags/example_python_operator.py for tasks to queue
[2022-09-28 17:10:05,345] {logging_mixin.py:115} INFO - [2022-09-28 17:10:05,345] {dagbag.py:508} INFO - Filling up the DagBag from /home/airflow/.local/lib/python3.7/site-packages/airflow/example_dags/example_python_operator.py
[2022-09-28 17:10:05,513] {processor.py:651} INFO - DAG(s) dict_keys(['example_python_operator']) retrieved from /home/airflow/.local/lib/python3.7/site-packages/airflow/example_dags/example_python_operator.py
[2022-09-28 17:10:05,537] {logging_mixin.py:115} INFO - [2022-09-28 17:10:05,537] {dag.py:2420} INFO - Sync 1 DAGs
[2022-09-28 17:10:05,557] {logging_mixin.py:115} INFO - [2022-09-28 17:10:05,557] {dag.py:2972} INFO - Setting next_dagrun for example_python_operator to None, run_after=None
[2022-09-28 17:10:05,574] {processor.py:161} INFO - Processing /home/airflow/.local/lib/python3.7/site-packages/airflow/example_dags/example_python_operator.py took 0.236 seconds
[2022-09-28 17:10:36,221] {processor.py:153} INFO - Started process (PID=389) to work on /home/airflow/.local/lib/python3.7/site-packages/airflow/example_dags/example_python_operator.py
[2022-09-28 17:10:36,223] {processor.py:641} INFO - Processing file /home/airflow/.local/lib/python3.7/site-packages/airflow/example_dags/example_python_operator.py for tasks to queue
[2022-09-28 17:10:36,225] {logging_mixin.py:115} INFO - [2022-09-28 17:10:36,224] {dagbag.py:508} INFO - Filling up the DagBag from /home/airflow/.local/lib/python3.7/site-packages/airflow/example_dags/example_python_operator.py
[2022-09-28 17:10:36,406] {processor.py:651} INFO - DAG(s) dict_keys(['example_python_operator']) retrieved from /home/airflow/.local/lib/python3.7/site-packages/airflow/example_dags/example_python_operator.py
[2022-09-28 17:10:36,440] {logging_mixin.py:115} INFO - [2022-09-28 17:10:36,440] {dag.py:2420} INFO - Sync 1 DAGs
[2022-09-28 17:10:36,465] {logging_mixin.py:115} INFO - [2022-09-28 17:10:36,465] {dag.py:2972} INFO - Setting next_dagrun for example_python_operator to None, run_after=None
[2022-09-28 17:10:36,483] {processor.py:161} INFO - Processing /home/airflow/.local/lib/python3.7/site-packages/airflow/example_dags/example_python_operator.py took 0.268 seconds
[2022-09-28 17:11:06,581] {processor.py:153} INFO - Started process (PID=455) to work on /home/airflow/.local/lib/python3.7/site-packages/airflow/example_dags/example_python_operator.py
[2022-09-28 17:11:06,585] {processor.py:641} INFO - Processing file /home/airflow/.local/lib/python3.7/site-packages/airflow/example_dags/example_python_operator.py for tasks to queue
[2022-09-28 17:11:06,587] {logging_mixin.py:115} INFO - [2022-09-28 17:11:06,587] {dagbag.py:508} INFO - Filling up the DagBag from /home/airflow/.local/lib/python3.7/site-packages/airflow/example_dags/example_python_operator.py
[2022-09-28 17:11:06,766] {processor.py:651} INFO - DAG(s) dict_keys(['example_python_operator']) retrieved from /home/airflow/.local/lib/python3.7/site-packages/airflow/example_dags/example_python_operator.py
[2022-09-28 17:11:06,791] {logging_mixin.py:115} INFO - [2022-09-28 17:11:06,791] {dag.py:2420} INFO - Sync 1 DAGs
[2022-09-28 17:11:06,818] {logging_mixin.py:115} INFO - [2022-09-28 17:11:06,818] {dag.py:2972} INFO - Setting next_dagrun for example_python_operator to None, run_after=None
[2022-09-28 17:11:06,835] {processor.py:161} INFO - Processing /home/airflow/.local/lib/python3.7/site-packages/airflow/example_dags/example_python_operator.py took 0.261 seconds
[2022-09-28 17:11:37,236] {processor.py:153} INFO - Started process (PID=510) to work on /home/airflow/.local/lib/python3.7/site-packages/airflow/example_dags/example_python_operator.py
[2022-09-28 17:11:37,239] {processor.py:641} INFO - Processing file /home/airflow/.local/lib/python3.7/site-packages/airflow/example_dags/example_python_operator.py for tasks to queue
[2022-09-28 17:11:37,242] {logging_mixin.py:115} INFO - [2022-09-28 17:11:37,241] {dagbag.py:508} INFO - Filling up the DagBag from /home/airflow/.local/lib/python3.7/site-packages/airflow/example_dags/example_python_operator.py
[2022-09-28 17:11:37,461] {processor.py:651} INFO - DAG(s) dict_keys(['example_python_operator']) retrieved from /home/airflow/.local/lib/python3.7/site-packages/airflow/example_dags/example_python_operator.py
[2022-09-28 17:11:37,492] {logging_mixin.py:115} INFO - [2022-09-28 17:11:37,492] {dag.py:2420} INFO - Sync 1 DAGs
[2022-09-28 17:11:37,522] {logging_mixin.py:115} INFO - [2022-09-28 17:11:37,522] {dag.py:2972} INFO - Setting next_dagrun for example_python_operator to None, run_after=None
[2022-09-28 17:11:37,541] {processor.py:161} INFO - Processing /home/airflow/.local/lib/python3.7/site-packages/airflow/example_dags/example_python_operator.py took 0.314 seconds
[2022-09-28 17:12:07,943] {processor.py:153} INFO - Started process (PID=577) to work on /home/airflow/.local/lib/python3.7/site-packages/airflow/example_dags/example_python_operator.py
[2022-09-28 17:12:07,944] {processor.py:641} INFO - Processing file /home/airflow/.local/lib/python3.7/site-packages/airflow/example_dags/example_python_operator.py for tasks to queue
[2022-09-28 17:12:07,946] {logging_mixin.py:115} INFO - [2022-09-28 17:12:07,946] {dagbag.py:508} INFO - Filling up the DagBag from /home/airflow/.local/lib/python3.7/site-packages/airflow/example_dags/example_python_operator.py
[2022-09-28 17:12:08,156] {processor.py:651} INFO - DAG(s) dict_keys(['example_python_operator']) retrieved from /home/airflow/.local/lib/python3.7/site-packages/airflow/example_dags/example_python_operator.py
[2022-09-28 17:12:08,202] {logging_mixin.py:115} INFO - [2022-09-28 17:12:08,202] {dag.py:2420} INFO - Sync 1 DAGs
[2022-09-28 17:12:08,235] {logging_mixin.py:115} INFO - [2022-09-28 17:12:08,235] {dag.py:2972} INFO - Setting next_dagrun for example_python_operator to None, run_after=None
[2022-09-28 17:12:08,252] {processor.py:161} INFO - Processing /home/airflow/.local/lib/python3.7/site-packages/airflow/example_dags/example_python_operator.py took 0.313 seconds
[2022-09-28 17:12:38,541] {processor.py:153} INFO - Started process (PID=643) to work on /home/airflow/.local/lib/python3.7/site-packages/airflow/example_dags/example_python_operator.py
[2022-09-28 17:12:38,543] {processor.py:641} INFO - Processing file /home/airflow/.local/lib/python3.7/site-packages/airflow/example_dags/example_python_operator.py for tasks to queue
[2022-09-28 17:12:38,545] {logging_mixin.py:115} INFO - [2022-09-28 17:12:38,545] {dagbag.py:508} INFO - Filling up the DagBag from /home/airflow/.local/lib/python3.7/site-packages/airflow/example_dags/example_python_operator.py
[2022-09-28 17:12:38,783] {processor.py:651} INFO - DAG(s) dict_keys(['example_python_operator']) retrieved from /home/airflow/.local/lib/python3.7/site-packages/airflow/example_dags/example_python_operator.py
[2022-09-28 17:12:38,815] {logging_mixin.py:115} INFO - [2022-09-28 17:12:38,815] {dag.py:2420} INFO - Sync 1 DAGs
[2022-09-28 17:12:38,849] {logging_mixin.py:115} INFO - [2022-09-28 17:12:38,849] {dag.py:2972} INFO - Setting next_dagrun for example_python_operator to None, run_after=None
[2022-09-28 17:12:38,868] {processor.py:161} INFO - Processing /home/airflow/.local/lib/python3.7/site-packages/airflow/example_dags/example_python_operator.py took 0.333 seconds
[2022-09-28 17:13:09,140] {processor.py:153} INFO - Started process (PID=697) to work on /home/airflow/.local/lib/python3.7/site-packages/airflow/example_dags/example_python_operator.py
[2022-09-28 17:13:09,142] {processor.py:641} INFO - Processing file /home/airflow/.local/lib/python3.7/site-packages/airflow/example_dags/example_python_operator.py for tasks to queue
[2022-09-28 17:13:09,144] {logging_mixin.py:115} INFO - [2022-09-28 17:13:09,144] {dagbag.py:508} INFO - Filling up the DagBag from /home/airflow/.local/lib/python3.7/site-packages/airflow/example_dags/example_python_operator.py
[2022-09-28 17:13:09,297] {processor.py:651} INFO - DAG(s) dict_keys(['example_python_operator']) retrieved from /home/airflow/.local/lib/python3.7/site-packages/airflow/example_dags/example_python_operator.py
[2022-09-28 17:13:09,330] {logging_mixin.py:115} INFO - [2022-09-28 17:13:09,329] {dag.py:2420} INFO - Sync 1 DAGs
[2022-09-28 17:13:09,365] {logging_mixin.py:115} INFO - [2022-09-28 17:13:09,365] {dag.py:2972} INFO - Setting next_dagrun for example_python_operator to None, run_after=None
[2022-09-28 17:13:09,379] {processor.py:161} INFO - Processing /home/airflow/.local/lib/python3.7/site-packages/airflow/example_dags/example_python_operator.py took 0.244 seconds
[2022-09-28 17:13:40,289] {processor.py:153} INFO - Started process (PID=760) to work on /home/airflow/.local/lib/python3.7/site-packages/airflow/example_dags/example_python_operator.py
[2022-09-28 17:13:40,290] {processor.py:641} INFO - Processing file /home/airflow/.local/lib/python3.7/site-packages/airflow/example_dags/example_python_operator.py for tasks to queue
[2022-09-28 17:13:40,292] {logging_mixin.py:115} INFO - [2022-09-28 17:13:40,292] {dagbag.py:508} INFO - Filling up the DagBag from /home/airflow/.local/lib/python3.7/site-packages/airflow/example_dags/example_python_operator.py
[2022-09-28 17:13:40,321] {processor.py:651} INFO - DAG(s) dict_keys(['example_python_operator']) retrieved from /home/airflow/.local/lib/python3.7/site-packages/airflow/example_dags/example_python_operator.py
[2022-09-28 17:13:40,367] {logging_mixin.py:115} INFO - [2022-09-28 17:13:40,367] {dag.py:2420} INFO - Sync 1 DAGs
[2022-09-28 17:13:40,402] {logging_mixin.py:115} INFO - [2022-09-28 17:13:40,402] {dag.py:2972} INFO - Setting next_dagrun for example_python_operator to None, run_after=None
[2022-09-28 17:13:40,421] {processor.py:161} INFO - Processing /home/airflow/.local/lib/python3.7/site-packages/airflow/example_dags/example_python_operator.py took 0.136 seconds
[2022-09-28 17:14:11,194] {processor.py:153} INFO - Started process (PID=826) to work on /home/airflow/.local/lib/python3.7/site-packages/airflow/example_dags/example_python_operator.py
[2022-09-28 17:14:11,196] {processor.py:641} INFO - Processing file /home/airflow/.local/lib/python3.7/site-packages/airflow/example_dags/example_python_operator.py for tasks to queue
[2022-09-28 17:14:11,198] {logging_mixin.py:115} INFO - [2022-09-28 17:14:11,198] {dagbag.py:508} INFO - Filling up the DagBag from /home/airflow/.local/lib/python3.7/site-packages/airflow/example_dags/example_python_operator.py
[2022-09-28 17:14:11,232] {processor.py:651} INFO - DAG(s) dict_keys(['example_python_operator']) retrieved from /home/airflow/.local/lib/python3.7/site-packages/airflow/example_dags/example_python_operator.py
[2022-09-28 17:14:11,290] {logging_mixin.py:115} INFO - [2022-09-28 17:14:11,290] {dag.py:2420} INFO - Sync 1 DAGs
[2022-09-28 17:14:11,334] {logging_mixin.py:115} INFO - [2022-09-28 17:14:11,334] {dag.py:2972} INFO - Setting next_dagrun for example_python_operator to None, run_after=None
[2022-09-28 17:14:11,355] {processor.py:161} INFO - Processing /home/airflow/.local/lib/python3.7/site-packages/airflow/example_dags/example_python_operator.py took 0.167 seconds
[2022-09-28 17:14:41,989] {processor.py:153} INFO - Started process (PID=881) to work on /home/airflow/.local/lib/python3.7/site-packages/airflow/example_dags/example_python_operator.py
[2022-09-28 17:14:41,991] {processor.py:641} INFO - Processing file /home/airflow/.local/lib/python3.7/site-packages/airflow/example_dags/example_python_operator.py for tasks to queue
[2022-09-28 17:14:41,993] {logging_mixin.py:115} INFO - [2022-09-28 17:14:41,992] {dagbag.py:508} INFO - Filling up the DagBag from /home/airflow/.local/lib/python3.7/site-packages/airflow/example_dags/example_python_operator.py
[2022-09-28 17:14:42,015] {processor.py:651} INFO - DAG(s) dict_keys(['example_python_operator']) retrieved from /home/airflow/.local/lib/python3.7/site-packages/airflow/example_dags/example_python_operator.py
[2022-09-28 17:14:42,050] {logging_mixin.py:115} INFO - [2022-09-28 17:14:42,050] {dag.py:2420} INFO - Sync 1 DAGs
[2022-09-28 17:14:42,077] {logging_mixin.py:115} INFO - [2022-09-28 17:14:42,077] {dag.py:2972} INFO - Setting next_dagrun for example_python_operator to None, run_after=None
[2022-09-28 17:14:42,100] {processor.py:161} INFO - Processing /home/airflow/.local/lib/python3.7/site-packages/airflow/example_dags/example_python_operator.py took 0.115 seconds
[2022-09-28 17:15:12,502] {processor.py:153} INFO - Started process (PID=948) to work on /home/airflow/.local/lib/python3.7/site-packages/airflow/example_dags/example_python_operator.py
[2022-09-28 17:15:12,504] {processor.py:641} INFO - Processing file /home/airflow/.local/lib/python3.7/site-packages/airflow/example_dags/example_python_operator.py for tasks to queue
[2022-09-28 17:15:12,506] {logging_mixin.py:115} INFO - [2022-09-28 17:15:12,506] {dagbag.py:508} INFO - Filling up the DagBag from /home/airflow/.local/lib/python3.7/site-packages/airflow/example_dags/example_python_operator.py
[2022-09-28 17:15:12,539] {processor.py:651} INFO - DAG(s) dict_keys(['example_python_operator']) retrieved from /home/airflow/.local/lib/python3.7/site-packages/airflow/example_dags/example_python_operator.py
[2022-09-28 17:15:12,586] {logging_mixin.py:115} INFO - [2022-09-28 17:15:12,586] {dag.py:2420} INFO - Sync 1 DAGs
[2022-09-28 17:15:12,635] {logging_mixin.py:115} INFO - [2022-09-28 17:15:12,635] {dag.py:2972} INFO - Setting next_dagrun for example_python_operator to None, run_after=None
[2022-09-28 17:15:12,697] {processor.py:161} INFO - Processing /home/airflow/.local/lib/python3.7/site-packages/airflow/example_dags/example_python_operator.py took 0.201 seconds
[2022-09-28 17:15:43,635] {processor.py:153} INFO - Started process (PID=1013) to work on /home/airflow/.local/lib/python3.7/site-packages/airflow/example_dags/example_python_operator.py
[2022-09-28 17:15:43,637] {processor.py:641} INFO - Processing file /home/airflow/.local/lib/python3.7/site-packages/airflow/example_dags/example_python_operator.py for tasks to queue
[2022-09-28 17:15:43,639] {logging_mixin.py:115} INFO - [2022-09-28 17:15:43,639] {dagbag.py:508} INFO - Filling up the DagBag from /home/airflow/.local/lib/python3.7/site-packages/airflow/example_dags/example_python_operator.py
[2022-09-28 17:15:43,667] {processor.py:651} INFO - DAG(s) dict_keys(['example_python_operator']) retrieved from /home/airflow/.local/lib/python3.7/site-packages/airflow/example_dags/example_python_operator.py
[2022-09-28 17:15:43,711] {logging_mixin.py:115} INFO - [2022-09-28 17:15:43,711] {dag.py:2420} INFO - Sync 1 DAGs
[2022-09-28 17:15:43,747] {logging_mixin.py:115} INFO - [2022-09-28 17:15:43,747] {dag.py:2972} INFO - Setting next_dagrun for example_python_operator to None, run_after=None
[2022-09-28 17:15:43,769] {processor.py:161} INFO - Processing /home/airflow/.local/lib/python3.7/site-packages/airflow/example_dags/example_python_operator.py took 0.140 seconds
[2022-09-28 17:16:13,977] {processor.py:153} INFO - Started process (PID=1068) to work on /home/airflow/.local/lib/python3.7/site-packages/airflow/example_dags/example_python_operator.py
[2022-09-28 17:16:13,979] {processor.py:641} INFO - Processing file /home/airflow/.local/lib/python3.7/site-packages/airflow/example_dags/example_python_operator.py for tasks to queue
[2022-09-28 17:16:13,981] {logging_mixin.py:115} INFO - [2022-09-28 17:16:13,981] {dagbag.py:508} INFO - Filling up the DagBag from /home/airflow/.local/lib/python3.7/site-packages/airflow/example_dags/example_python_operator.py
[2022-09-28 17:16:14,013] {processor.py:651} INFO - DAG(s) dict_keys(['example_python_operator']) retrieved from /home/airflow/.local/lib/python3.7/site-packages/airflow/example_dags/example_python_operator.py
[2022-09-28 17:16:14,053] {logging_mixin.py:115} INFO - [2022-09-28 17:16:14,053] {dag.py:2420} INFO - Sync 1 DAGs
[2022-09-28 17:16:14,081] {logging_mixin.py:115} INFO - [2022-09-28 17:16:14,081] {dag.py:2972} INFO - Setting next_dagrun for example_python_operator to None, run_after=None
[2022-09-28 17:16:14,099] {processor.py:161} INFO - Processing /home/airflow/.local/lib/python3.7/site-packages/airflow/example_dags/example_python_operator.py took 0.125 seconds
[2022-09-28 17:16:44,255] {processor.py:153} INFO - Started process (PID=1133) to work on /home/airflow/.local/lib/python3.7/site-packages/airflow/example_dags/example_python_operator.py
[2022-09-28 17:16:44,257] {processor.py:641} INFO - Processing file /home/airflow/.local/lib/python3.7/site-packages/airflow/example_dags/example_python_operator.py for tasks to queue
[2022-09-28 17:16:44,261] {logging_mixin.py:115} INFO - [2022-09-28 17:16:44,260] {dagbag.py:508} INFO - Filling up the DagBag from /home/airflow/.local/lib/python3.7/site-packages/airflow/example_dags/example_python_operator.py
[2022-09-28 17:16:44,290] {processor.py:651} INFO - DAG(s) dict_keys(['example_python_operator']) retrieved from /home/airflow/.local/lib/python3.7/site-packages/airflow/example_dags/example_python_operator.py
[2022-09-28 17:16:44,336] {logging_mixin.py:115} INFO - [2022-09-28 17:16:44,336] {dag.py:2420} INFO - Sync 1 DAGs
[2022-09-28 17:16:44,378] {logging_mixin.py:115} INFO - [2022-09-28 17:16:44,378] {dag.py:2972} INFO - Setting next_dagrun for example_python_operator to None, run_after=None
[2022-09-28 17:16:44,415] {processor.py:161} INFO - Processing /home/airflow/.local/lib/python3.7/site-packages/airflow/example_dags/example_python_operator.py took 0.169 seconds
[2022-09-28 17:17:14,551] {processor.py:153} INFO - Started process (PID=1190) to work on /home/airflow/.local/lib/python3.7/site-packages/airflow/example_dags/example_python_operator.py
[2022-09-28 17:17:14,553] {processor.py:641} INFO - Processing file /home/airflow/.local/lib/python3.7/site-packages/airflow/example_dags/example_python_operator.py for tasks to queue
[2022-09-28 17:17:14,555] {logging_mixin.py:115} INFO - [2022-09-28 17:17:14,555] {dagbag.py:508} INFO - Filling up the DagBag from /home/airflow/.local/lib/python3.7/site-packages/airflow/example_dags/example_python_operator.py
[2022-09-28 17:17:14,581] {processor.py:651} INFO - DAG(s) dict_keys(['example_python_operator']) retrieved from /home/airflow/.local/lib/python3.7/site-packages/airflow/example_dags/example_python_operator.py
[2022-09-28 17:17:14,622] {logging_mixin.py:115} INFO - [2022-09-28 17:17:14,622] {dag.py:2420} INFO - Sync 1 DAGs
[2022-09-28 17:17:14,651] {logging_mixin.py:115} INFO - [2022-09-28 17:17:14,651] {dag.py:2972} INFO - Setting next_dagrun for example_python_operator to None, run_after=None
[2022-09-28 17:17:14,668] {processor.py:161} INFO - Processing /home/airflow/.local/lib/python3.7/site-packages/airflow/example_dags/example_python_operator.py took 0.123 seconds
[2022-09-28 17:17:45,274] {processor.py:153} INFO - Started process (PID=1257) to work on /home/airflow/.local/lib/python3.7/site-packages/airflow/example_dags/example_python_operator.py
[2022-09-28 17:17:45,275] {processor.py:641} INFO - Processing file /home/airflow/.local/lib/python3.7/site-packages/airflow/example_dags/example_python_operator.py for tasks to queue
[2022-09-28 17:17:45,278] {logging_mixin.py:115} INFO - [2022-09-28 17:17:45,278] {dagbag.py:508} INFO - Filling up the DagBag from /home/airflow/.local/lib/python3.7/site-packages/airflow/example_dags/example_python_operator.py
[2022-09-28 17:17:45,306] {processor.py:651} INFO - DAG(s) dict_keys(['example_python_operator']) retrieved from /home/airflow/.local/lib/python3.7/site-packages/airflow/example_dags/example_python_operator.py
[2022-09-28 17:17:45,341] {logging_mixin.py:115} INFO - [2022-09-28 17:17:45,341] {dag.py:2420} INFO - Sync 1 DAGs
[2022-09-28 17:17:45,370] {logging_mixin.py:115} INFO - [2022-09-28 17:17:45,370] {dag.py:2972} INFO - Setting next_dagrun for example_python_operator to None, run_after=None
[2022-09-28 17:17:45,385] {processor.py:161} INFO - Processing /home/airflow/.local/lib/python3.7/site-packages/airflow/example_dags/example_python_operator.py took 0.118 seconds
[2022-09-28 17:18:16,301] {processor.py:153} INFO - Started process (PID=1323) to work on /home/airflow/.local/lib/python3.7/site-packages/airflow/example_dags/example_python_operator.py
[2022-09-28 17:18:16,307] {processor.py:641} INFO - Processing file /home/airflow/.local/lib/python3.7/site-packages/airflow/example_dags/example_python_operator.py for tasks to queue
[2022-09-28 17:18:16,310] {logging_mixin.py:115} INFO - [2022-09-28 17:18:16,310] {dagbag.py:508} INFO - Filling up the DagBag from /home/airflow/.local/lib/python3.7/site-packages/airflow/example_dags/example_python_operator.py
[2022-09-28 17:18:16,453] {processor.py:651} INFO - DAG(s) dict_keys(['example_python_operator']) retrieved from /home/airflow/.local/lib/python3.7/site-packages/airflow/example_dags/example_python_operator.py
[2022-09-28 17:18:16,672] {logging_mixin.py:115} INFO - [2022-09-28 17:18:16,672] {dag.py:2420} INFO - Sync 1 DAGs
[2022-09-28 17:18:16,865] {logging_mixin.py:115} INFO - [2022-09-28 17:18:16,865] {dag.py:2972} INFO - Setting next_dagrun for example_python_operator to None, run_after=None
[2022-09-28 17:18:17,102] {processor.py:161} INFO - Processing /home/airflow/.local/lib/python3.7/site-packages/airflow/example_dags/example_python_operator.py took 0.843 seconds
[2022-09-28 17:18:47,999] {processor.py:153} INFO - Started process (PID=1378) to work on /home/airflow/.local/lib/python3.7/site-packages/airflow/example_dags/example_python_operator.py
[2022-09-28 17:18:48,001] {processor.py:641} INFO - Processing file /home/airflow/.local/lib/python3.7/site-packages/airflow/example_dags/example_python_operator.py for tasks to queue
[2022-09-28 17:18:48,003] {logging_mixin.py:115} INFO - [2022-09-28 17:18:48,003] {dagbag.py:508} INFO - Filling up the DagBag from /home/airflow/.local/lib/python3.7/site-packages/airflow/example_dags/example_python_operator.py
[2022-09-28 17:18:48,025] {processor.py:651} INFO - DAG(s) dict_keys(['example_python_operator']) retrieved from /home/airflow/.local/lib/python3.7/site-packages/airflow/example_dags/example_python_operator.py
[2022-09-28 17:18:48,060] {logging_mixin.py:115} INFO - [2022-09-28 17:18:48,060] {dag.py:2420} INFO - Sync 1 DAGs
[2022-09-28 17:18:48,093] {logging_mixin.py:115} INFO - [2022-09-28 17:18:48,093] {dag.py:2972} INFO - Setting next_dagrun for example_python_operator to None, run_after=None
[2022-09-28 17:18:48,110] {processor.py:161} INFO - Processing /home/airflow/.local/lib/python3.7/site-packages/airflow/example_dags/example_python_operator.py took 0.116 seconds
[2022-09-28 17:19:18,721] {processor.py:153} INFO - Started process (PID=1442) to work on /home/airflow/.local/lib/python3.7/site-packages/airflow/example_dags/example_python_operator.py
[2022-09-28 17:19:18,722] {processor.py:641} INFO - Processing file /home/airflow/.local/lib/python3.7/site-packages/airflow/example_dags/example_python_operator.py for tasks to queue
[2022-09-28 17:19:18,724] {logging_mixin.py:115} INFO - [2022-09-28 17:19:18,724] {dagbag.py:508} INFO - Filling up the DagBag from /home/airflow/.local/lib/python3.7/site-packages/airflow/example_dags/example_python_operator.py
[2022-09-28 17:19:18,748] {processor.py:651} INFO - DAG(s) dict_keys(['example_python_operator']) retrieved from /home/airflow/.local/lib/python3.7/site-packages/airflow/example_dags/example_python_operator.py
[2022-09-28 17:19:18,789] {logging_mixin.py:115} INFO - [2022-09-28 17:19:18,789] {dag.py:2420} INFO - Sync 1 DAGs
[2022-09-28 17:19:18,818] {logging_mixin.py:115} INFO - [2022-09-28 17:19:18,818] {dag.py:2972} INFO - Setting next_dagrun for example_python_operator to None, run_after=None
[2022-09-28 17:19:18,841] {processor.py:161} INFO - Processing /home/airflow/.local/lib/python3.7/site-packages/airflow/example_dags/example_python_operator.py took 0.125 seconds
[2022-09-28 17:19:49,072] {processor.py:153} INFO - Started process (PID=1499) to work on /home/airflow/.local/lib/python3.7/site-packages/airflow/example_dags/example_python_operator.py
[2022-09-28 17:19:49,074] {processor.py:641} INFO - Processing file /home/airflow/.local/lib/python3.7/site-packages/airflow/example_dags/example_python_operator.py for tasks to queue
[2022-09-28 17:19:49,077] {logging_mixin.py:115} INFO - [2022-09-28 17:19:49,077] {dagbag.py:508} INFO - Filling up the DagBag from /home/airflow/.local/lib/python3.7/site-packages/airflow/example_dags/example_python_operator.py
[2022-09-28 17:19:49,103] {processor.py:651} INFO - DAG(s) dict_keys(['example_python_operator']) retrieved from /home/airflow/.local/lib/python3.7/site-packages/airflow/example_dags/example_python_operator.py
[2022-09-28 17:19:49,144] {logging_mixin.py:115} INFO - [2022-09-28 17:19:49,143] {dag.py:2420} INFO - Sync 1 DAGs
[2022-09-28 17:19:49,185] {logging_mixin.py:115} INFO - [2022-09-28 17:19:49,185] {dag.py:2972} INFO - Setting next_dagrun for example_python_operator to None, run_after=None
[2022-09-28 17:19:49,201] {processor.py:161} INFO - Processing /home/airflow/.local/lib/python3.7/site-packages/airflow/example_dags/example_python_operator.py took 0.135 seconds
[2022-09-28 17:20:19,385] {processor.py:153} INFO - Started process (PID=1563) to work on /home/airflow/.local/lib/python3.7/site-packages/airflow/example_dags/example_python_operator.py
[2022-09-28 17:20:19,387] {processor.py:641} INFO - Processing file /home/airflow/.local/lib/python3.7/site-packages/airflow/example_dags/example_python_operator.py for tasks to queue
[2022-09-28 17:20:19,388] {logging_mixin.py:115} INFO - [2022-09-28 17:20:19,388] {dagbag.py:508} INFO - Filling up the DagBag from /home/airflow/.local/lib/python3.7/site-packages/airflow/example_dags/example_python_operator.py
[2022-09-28 17:20:19,416] {processor.py:651} INFO - DAG(s) dict_keys(['example_python_operator']) retrieved from /home/airflow/.local/lib/python3.7/site-packages/airflow/example_dags/example_python_operator.py
[2022-09-28 17:20:19,459] {logging_mixin.py:115} INFO - [2022-09-28 17:20:19,458] {dag.py:2420} INFO - Sync 1 DAGs
[2022-09-28 17:20:19,497] {logging_mixin.py:115} INFO - [2022-09-28 17:20:19,496] {dag.py:2972} INFO - Setting next_dagrun for example_python_operator to None, run_after=None
[2022-09-28 17:20:19,524] {processor.py:161} INFO - Processing /home/airflow/.local/lib/python3.7/site-packages/airflow/example_dags/example_python_operator.py took 0.143 seconds
[2022-09-28 17:20:49,995] {processor.py:153} INFO - Started process (PID=1621) to work on /home/airflow/.local/lib/python3.7/site-packages/airflow/example_dags/example_python_operator.py
[2022-09-28 17:20:49,997] {processor.py:641} INFO - Processing file /home/airflow/.local/lib/python3.7/site-packages/airflow/example_dags/example_python_operator.py for tasks to queue
[2022-09-28 17:20:50,000] {logging_mixin.py:115} INFO - [2022-09-28 17:20:50,000] {dagbag.py:508} INFO - Filling up the DagBag from /home/airflow/.local/lib/python3.7/site-packages/airflow/example_dags/example_python_operator.py
[2022-09-28 17:20:50,043] {processor.py:651} INFO - DAG(s) dict_keys(['example_python_operator']) retrieved from /home/airflow/.local/lib/python3.7/site-packages/airflow/example_dags/example_python_operator.py
[2022-09-28 17:20:50,094] {logging_mixin.py:115} INFO - [2022-09-28 17:20:50,093] {dag.py:2420} INFO - Sync 1 DAGs
[2022-09-28 17:20:50,173] {logging_mixin.py:115} INFO - [2022-09-28 17:20:50,173] {dag.py:2972} INFO - Setting next_dagrun for example_python_operator to None, run_after=None
[2022-09-28 17:20:50,212] {processor.py:161} INFO - Processing /home/airflow/.local/lib/python3.7/site-packages/airflow/example_dags/example_python_operator.py took 0.229 seconds
[2022-09-28 17:21:21,013] {processor.py:153} INFO - Started process (PID=1686) to work on /home/airflow/.local/lib/python3.7/site-packages/airflow/example_dags/example_python_operator.py
[2022-09-28 17:21:21,014] {processor.py:641} INFO - Processing file /home/airflow/.local/lib/python3.7/site-packages/airflow/example_dags/example_python_operator.py for tasks to queue
[2022-09-28 17:21:21,016] {logging_mixin.py:115} INFO - [2022-09-28 17:21:21,016] {dagbag.py:508} INFO - Filling up the DagBag from /home/airflow/.local/lib/python3.7/site-packages/airflow/example_dags/example_python_operator.py
[2022-09-28 17:21:21,035] {processor.py:651} INFO - DAG(s) dict_keys(['example_python_operator']) retrieved from /home/airflow/.local/lib/python3.7/site-packages/airflow/example_dags/example_python_operator.py
[2022-09-28 17:21:21,068] {logging_mixin.py:115} INFO - [2022-09-28 17:21:21,068] {dag.py:2420} INFO - Sync 1 DAGs
[2022-09-28 17:21:21,096] {logging_mixin.py:115} INFO - [2022-09-28 17:21:21,096] {dag.py:2972} INFO - Setting next_dagrun for example_python_operator to None, run_after=None
[2022-09-28 17:21:21,114] {processor.py:161} INFO - Processing /home/airflow/.local/lib/python3.7/site-packages/airflow/example_dags/example_python_operator.py took 0.105 seconds
[2022-09-28 17:21:51,233] {processor.py:153} INFO - Started process (PID=1742) to work on /home/airflow/.local/lib/python3.7/site-packages/airflow/example_dags/example_python_operator.py
[2022-09-28 17:21:51,234] {processor.py:641} INFO - Processing file /home/airflow/.local/lib/python3.7/site-packages/airflow/example_dags/example_python_operator.py for tasks to queue
[2022-09-28 17:21:51,236] {logging_mixin.py:115} INFO - [2022-09-28 17:21:51,236] {dagbag.py:508} INFO - Filling up the DagBag from /home/airflow/.local/lib/python3.7/site-packages/airflow/example_dags/example_python_operator.py
[2022-09-28 17:21:51,258] {processor.py:651} INFO - DAG(s) dict_keys(['example_python_operator']) retrieved from /home/airflow/.local/lib/python3.7/site-packages/airflow/example_dags/example_python_operator.py
[2022-09-28 17:21:51,288] {logging_mixin.py:115} INFO - [2022-09-28 17:21:51,288] {dag.py:2420} INFO - Sync 1 DAGs
[2022-09-28 17:21:51,315] {logging_mixin.py:115} INFO - [2022-09-28 17:21:51,314] {dag.py:2972} INFO - Setting next_dagrun for example_python_operator to None, run_after=None
[2022-09-28 17:21:51,330] {processor.py:161} INFO - Processing /home/airflow/.local/lib/python3.7/site-packages/airflow/example_dags/example_python_operator.py took 0.101 seconds
[2022-09-28 17:22:22,214] {processor.py:153} INFO - Started process (PID=1808) to work on /home/airflow/.local/lib/python3.7/site-packages/airflow/example_dags/example_python_operator.py
[2022-09-28 17:22:22,215] {processor.py:641} INFO - Processing file /home/airflow/.local/lib/python3.7/site-packages/airflow/example_dags/example_python_operator.py for tasks to queue
[2022-09-28 17:22:22,217] {logging_mixin.py:115} INFO - [2022-09-28 17:22:22,217] {dagbag.py:508} INFO - Filling up the DagBag from /home/airflow/.local/lib/python3.7/site-packages/airflow/example_dags/example_python_operator.py
[2022-09-28 17:22:22,238] {processor.py:651} INFO - DAG(s) dict_keys(['example_python_operator']) retrieved from /home/airflow/.local/lib/python3.7/site-packages/airflow/example_dags/example_python_operator.py
[2022-09-28 17:22:22,270] {logging_mixin.py:115} INFO - [2022-09-28 17:22:22,270] {dag.py:2420} INFO - Sync 1 DAGs
[2022-09-28 17:22:22,294] {logging_mixin.py:115} INFO - [2022-09-28 17:22:22,294] {dag.py:2972} INFO - Setting next_dagrun for example_python_operator to None, run_after=None
[2022-09-28 17:22:22,312] {processor.py:161} INFO - Processing /home/airflow/.local/lib/python3.7/site-packages/airflow/example_dags/example_python_operator.py took 0.104 seconds
[2022-09-28 17:22:52,445] {processor.py:153} INFO - Started process (PID=1863) to work on /home/airflow/.local/lib/python3.7/site-packages/airflow/example_dags/example_python_operator.py
[2022-09-28 17:22:52,446] {processor.py:641} INFO - Processing file /home/airflow/.local/lib/python3.7/site-packages/airflow/example_dags/example_python_operator.py for tasks to queue
[2022-09-28 17:22:52,448] {logging_mixin.py:115} INFO - [2022-09-28 17:22:52,448] {dagbag.py:508} INFO - Filling up the DagBag from /home/airflow/.local/lib/python3.7/site-packages/airflow/example_dags/example_python_operator.py
[2022-09-28 17:22:52,467] {processor.py:651} INFO - DAG(s) dict_keys(['example_python_operator']) retrieved from /home/airflow/.local/lib/python3.7/site-packages/airflow/example_dags/example_python_operator.py
[2022-09-28 17:22:52,498] {logging_mixin.py:115} INFO - [2022-09-28 17:22:52,498] {dag.py:2420} INFO - Sync 1 DAGs
[2022-09-28 17:22:52,526] {logging_mixin.py:115} INFO - [2022-09-28 17:22:52,526] {dag.py:2972} INFO - Setting next_dagrun for example_python_operator to None, run_after=None
[2022-09-28 17:22:52,543] {processor.py:161} INFO - Processing /home/airflow/.local/lib/python3.7/site-packages/airflow/example_dags/example_python_operator.py took 0.105 seconds
[2022-09-28 17:23:23,007] {processor.py:153} INFO - Started process (PID=1930) to work on /home/airflow/.local/lib/python3.7/site-packages/airflow/example_dags/example_python_operator.py
[2022-09-28 17:23:23,008] {processor.py:641} INFO - Processing file /home/airflow/.local/lib/python3.7/site-packages/airflow/example_dags/example_python_operator.py for tasks to queue
[2022-09-28 17:23:23,009] {logging_mixin.py:115} INFO - [2022-09-28 17:23:23,009] {dagbag.py:508} INFO - Filling up the DagBag from /home/airflow/.local/lib/python3.7/site-packages/airflow/example_dags/example_python_operator.py
[2022-09-28 17:23:23,035] {processor.py:651} INFO - DAG(s) dict_keys(['example_python_operator']) retrieved from /home/airflow/.local/lib/python3.7/site-packages/airflow/example_dags/example_python_operator.py
[2022-09-28 17:23:23,071] {logging_mixin.py:115} INFO - [2022-09-28 17:23:23,071] {dag.py:2420} INFO - Sync 1 DAGs
[2022-09-28 17:23:23,100] {logging_mixin.py:115} INFO - [2022-09-28 17:23:23,100] {dag.py:2972} INFO - Setting next_dagrun for example_python_operator to None, run_after=None
[2022-09-28 17:23:23,115] {processor.py:161} INFO - Processing /home/airflow/.local/lib/python3.7/site-packages/airflow/example_dags/example_python_operator.py took 0.113 seconds
[2022-09-28 17:23:53,174] {processor.py:153} INFO - Started process (PID=1992) to work on /home/airflow/.local/lib/python3.7/site-packages/airflow/example_dags/example_python_operator.py
[2022-09-28 17:23:53,176] {processor.py:641} INFO - Processing file /home/airflow/.local/lib/python3.7/site-packages/airflow/example_dags/example_python_operator.py for tasks to queue
[2022-09-28 17:23:53,179] {logging_mixin.py:115} INFO - [2022-09-28 17:23:53,179] {dagbag.py:508} INFO - Filling up the DagBag from /home/airflow/.local/lib/python3.7/site-packages/airflow/example_dags/example_python_operator.py
[2022-09-28 17:23:53,216] {processor.py:651} INFO - DAG(s) dict_keys(['example_python_operator']) retrieved from /home/airflow/.local/lib/python3.7/site-packages/airflow/example_dags/example_python_operator.py
[2022-09-28 17:23:53,275] {logging_mixin.py:115} INFO - [2022-09-28 17:23:53,274] {dag.py:2420} INFO - Sync 1 DAGs
[2022-09-28 17:23:53,310] {logging_mixin.py:115} INFO - [2022-09-28 17:23:53,310] {dag.py:2972} INFO - Setting next_dagrun for example_python_operator to None, run_after=None
[2022-09-28 17:23:53,328] {processor.py:161} INFO - Processing /home/airflow/.local/lib/python3.7/site-packages/airflow/example_dags/example_python_operator.py took 0.160 seconds
[2022-09-28 17:24:23,495] {processor.py:153} INFO - Started process (PID=2051) to work on /home/airflow/.local/lib/python3.7/site-packages/airflow/example_dags/example_python_operator.py
[2022-09-28 17:24:23,497] {processor.py:641} INFO - Processing file /home/airflow/.local/lib/python3.7/site-packages/airflow/example_dags/example_python_operator.py for tasks to queue
[2022-09-28 17:24:23,498] {logging_mixin.py:115} INFO - [2022-09-28 17:24:23,498] {dagbag.py:508} INFO - Filling up the DagBag from /home/airflow/.local/lib/python3.7/site-packages/airflow/example_dags/example_python_operator.py
[2022-09-28 17:24:23,517] {processor.py:651} INFO - DAG(s) dict_keys(['example_python_operator']) retrieved from /home/airflow/.local/lib/python3.7/site-packages/airflow/example_dags/example_python_operator.py
[2022-09-28 17:24:23,549] {logging_mixin.py:115} INFO - [2022-09-28 17:24:23,549] {dag.py:2420} INFO - Sync 1 DAGs
[2022-09-28 17:24:23,575] {logging_mixin.py:115} INFO - [2022-09-28 17:24:23,575] {dag.py:2972} INFO - Setting next_dagrun for example_python_operator to None, run_after=None
[2022-09-28 17:24:23,596] {processor.py:161} INFO - Processing /home/airflow/.local/lib/python3.7/site-packages/airflow/example_dags/example_python_operator.py took 0.106 seconds
[2022-09-28 17:24:54,546] {processor.py:153} INFO - Started process (PID=2118) to work on /home/airflow/.local/lib/python3.7/site-packages/airflow/example_dags/example_python_operator.py
[2022-09-28 17:24:54,547] {processor.py:641} INFO - Processing file /home/airflow/.local/lib/python3.7/site-packages/airflow/example_dags/example_python_operator.py for tasks to queue
[2022-09-28 17:24:54,549] {logging_mixin.py:115} INFO - [2022-09-28 17:24:54,549] {dagbag.py:508} INFO - Filling up the DagBag from /home/airflow/.local/lib/python3.7/site-packages/airflow/example_dags/example_python_operator.py
[2022-09-28 17:24:54,588] {processor.py:651} INFO - DAG(s) dict_keys(['example_python_operator']) retrieved from /home/airflow/.local/lib/python3.7/site-packages/airflow/example_dags/example_python_operator.py
[2022-09-28 17:24:54,638] {logging_mixin.py:115} INFO - [2022-09-28 17:24:54,638] {dag.py:2420} INFO - Sync 1 DAGs
[2022-09-28 17:24:54,679] {logging_mixin.py:115} INFO - [2022-09-28 17:24:54,679] {dag.py:2972} INFO - Setting next_dagrun for example_python_operator to None, run_after=None
[2022-09-28 17:24:54,699] {processor.py:161} INFO - Processing /home/airflow/.local/lib/python3.7/site-packages/airflow/example_dags/example_python_operator.py took 0.159 seconds
[2022-09-28 17:25:24,866] {processor.py:153} INFO - Started process (PID=2174) to work on /home/airflow/.local/lib/python3.7/site-packages/airflow/example_dags/example_python_operator.py
[2022-09-28 17:25:24,868] {processor.py:641} INFO - Processing file /home/airflow/.local/lib/python3.7/site-packages/airflow/example_dags/example_python_operator.py for tasks to queue
[2022-09-28 17:25:24,869] {logging_mixin.py:115} INFO - [2022-09-28 17:25:24,869] {dagbag.py:508} INFO - Filling up the DagBag from /home/airflow/.local/lib/python3.7/site-packages/airflow/example_dags/example_python_operator.py
[2022-09-28 17:25:24,892] {processor.py:651} INFO - DAG(s) dict_keys(['example_python_operator']) retrieved from /home/airflow/.local/lib/python3.7/site-packages/airflow/example_dags/example_python_operator.py
[2022-09-28 17:25:24,921] {logging_mixin.py:115} INFO - [2022-09-28 17:25:24,921] {dag.py:2420} INFO - Sync 1 DAGs
[2022-09-28 17:25:24,955] {logging_mixin.py:115} INFO - [2022-09-28 17:25:24,955] {dag.py:2972} INFO - Setting next_dagrun for example_python_operator to None, run_after=None
[2022-09-28 17:25:24,975] {processor.py:161} INFO - Processing /home/airflow/.local/lib/python3.7/site-packages/airflow/example_dags/example_python_operator.py took 0.114 seconds
[2022-09-28 17:25:55,133] {processor.py:153} INFO - Started process (PID=2240) to work on /home/airflow/.local/lib/python3.7/site-packages/airflow/example_dags/example_python_operator.py
[2022-09-28 17:25:55,134] {processor.py:641} INFO - Processing file /home/airflow/.local/lib/python3.7/site-packages/airflow/example_dags/example_python_operator.py for tasks to queue
[2022-09-28 17:25:55,135] {logging_mixin.py:115} INFO - [2022-09-28 17:25:55,135] {dagbag.py:508} INFO - Filling up the DagBag from /home/airflow/.local/lib/python3.7/site-packages/airflow/example_dags/example_python_operator.py
[2022-09-28 17:25:55,157] {processor.py:651} INFO - DAG(s) dict_keys(['example_python_operator']) retrieved from /home/airflow/.local/lib/python3.7/site-packages/airflow/example_dags/example_python_operator.py
[2022-09-28 17:25:55,192] {logging_mixin.py:115} INFO - [2022-09-28 17:25:55,191] {dag.py:2420} INFO - Sync 1 DAGs
[2022-09-28 17:25:55,217] {logging_mixin.py:115} INFO - [2022-09-28 17:25:55,217] {dag.py:2972} INFO - Setting next_dagrun for example_python_operator to None, run_after=None
[2022-09-28 17:25:55,236] {processor.py:161} INFO - Processing /home/airflow/.local/lib/python3.7/site-packages/airflow/example_dags/example_python_operator.py took 0.108 seconds
[2022-09-28 17:26:25,589] {processor.py:153} INFO - Started process (PID=2297) to work on /home/airflow/.local/lib/python3.7/site-packages/airflow/example_dags/example_python_operator.py
[2022-09-28 17:26:25,591] {processor.py:641} INFO - Processing file /home/airflow/.local/lib/python3.7/site-packages/airflow/example_dags/example_python_operator.py for tasks to queue
[2022-09-28 17:26:25,592] {logging_mixin.py:115} INFO - [2022-09-28 17:26:25,592] {dagbag.py:508} INFO - Filling up the DagBag from /home/airflow/.local/lib/python3.7/site-packages/airflow/example_dags/example_python_operator.py
[2022-09-28 17:26:25,632] {processor.py:651} INFO - DAG(s) dict_keys(['example_python_operator']) retrieved from /home/airflow/.local/lib/python3.7/site-packages/airflow/example_dags/example_python_operator.py
[2022-09-28 17:26:25,701] {logging_mixin.py:115} INFO - [2022-09-28 17:26:25,700] {dag.py:2420} INFO - Sync 1 DAGs
[2022-09-28 17:26:25,749] {logging_mixin.py:115} INFO - [2022-09-28 17:26:25,748] {dag.py:2972} INFO - Setting next_dagrun for example_python_operator to None, run_after=None
[2022-09-28 17:26:25,775] {processor.py:161} INFO - Processing /home/airflow/.local/lib/python3.7/site-packages/airflow/example_dags/example_python_operator.py took 0.192 seconds
[2022-09-28 17:26:55,897] {processor.py:153} INFO - Started process (PID=2361) to work on /home/airflow/.local/lib/python3.7/site-packages/airflow/example_dags/example_python_operator.py
[2022-09-28 17:26:55,898] {processor.py:641} INFO - Processing file /home/airflow/.local/lib/python3.7/site-packages/airflow/example_dags/example_python_operator.py for tasks to queue
[2022-09-28 17:26:55,900] {logging_mixin.py:115} INFO - [2022-09-28 17:26:55,900] {dagbag.py:508} INFO - Filling up the DagBag from /home/airflow/.local/lib/python3.7/site-packages/airflow/example_dags/example_python_operator.py
[2022-09-28 17:26:55,922] {processor.py:651} INFO - DAG(s) dict_keys(['example_python_operator']) retrieved from /home/airflow/.local/lib/python3.7/site-packages/airflow/example_dags/example_python_operator.py
[2022-09-28 17:26:55,965] {logging_mixin.py:115} INFO - [2022-09-28 17:26:55,965] {dag.py:2420} INFO - Sync 1 DAGs
[2022-09-28 17:26:55,995] {logging_mixin.py:115} INFO - [2022-09-28 17:26:55,995] {dag.py:2972} INFO - Setting next_dagrun for example_python_operator to None, run_after=None
[2022-09-28 17:26:56,015] {processor.py:161} INFO - Processing /home/airflow/.local/lib/python3.7/site-packages/airflow/example_dags/example_python_operator.py took 0.122 seconds
[2022-09-28 17:27:26,247] {processor.py:153} INFO - Started process (PID=2427) to work on /home/airflow/.local/lib/python3.7/site-packages/airflow/example_dags/example_python_operator.py
[2022-09-28 17:27:26,249] {processor.py:641} INFO - Processing file /home/airflow/.local/lib/python3.7/site-packages/airflow/example_dags/example_python_operator.py for tasks to queue
[2022-09-28 17:27:26,260] {logging_mixin.py:115} INFO - [2022-09-28 17:27:26,259] {dagbag.py:508} INFO - Filling up the DagBag from /home/airflow/.local/lib/python3.7/site-packages/airflow/example_dags/example_python_operator.py
[2022-09-28 17:27:26,364] {processor.py:651} INFO - DAG(s) dict_keys(['example_python_operator']) retrieved from /home/airflow/.local/lib/python3.7/site-packages/airflow/example_dags/example_python_operator.py
[2022-09-28 17:27:26,420] {logging_mixin.py:115} INFO - [2022-09-28 17:27:26,420] {dag.py:2420} INFO - Sync 1 DAGs
[2022-09-28 17:27:26,459] {logging_mixin.py:115} INFO - [2022-09-28 17:27:26,459] {dag.py:2972} INFO - Setting next_dagrun for example_python_operator to None, run_after=None
[2022-09-28 17:27:26,480] {processor.py:161} INFO - Processing /home/airflow/.local/lib/python3.7/site-packages/airflow/example_dags/example_python_operator.py took 0.261 seconds
[2022-09-28 17:27:57,449] {processor.py:153} INFO - Started process (PID=2483) to work on /home/airflow/.local/lib/python3.7/site-packages/airflow/example_dags/example_python_operator.py
[2022-09-28 17:27:57,452] {processor.py:641} INFO - Processing file /home/airflow/.local/lib/python3.7/site-packages/airflow/example_dags/example_python_operator.py for tasks to queue
[2022-09-28 17:27:57,456] {logging_mixin.py:115} INFO - [2022-09-28 17:27:57,456] {dagbag.py:508} INFO - Filling up the DagBag from /home/airflow/.local/lib/python3.7/site-packages/airflow/example_dags/example_python_operator.py
[2022-09-28 17:27:57,492] {processor.py:651} INFO - DAG(s) dict_keys(['example_python_operator']) retrieved from /home/airflow/.local/lib/python3.7/site-packages/airflow/example_dags/example_python_operator.py
[2022-09-28 17:27:57,533] {logging_mixin.py:115} INFO - [2022-09-28 17:27:57,533] {dag.py:2420} INFO - Sync 1 DAGs
[2022-09-28 17:27:57,572] {logging_mixin.py:115} INFO - [2022-09-28 17:27:57,572] {dag.py:2972} INFO - Setting next_dagrun for example_python_operator to None, run_after=None
[2022-09-28 17:27:57,594] {processor.py:161} INFO - Processing /home/airflow/.local/lib/python3.7/site-packages/airflow/example_dags/example_python_operator.py took 0.152 seconds
[2022-09-28 17:28:27,976] {processor.py:153} INFO - Started process (PID=2553) to work on /home/airflow/.local/lib/python3.7/site-packages/airflow/example_dags/example_python_operator.py
[2022-09-28 17:28:27,985] {processor.py:641} INFO - Processing file /home/airflow/.local/lib/python3.7/site-packages/airflow/example_dags/example_python_operator.py for tasks to queue
[2022-09-28 17:28:27,987] {logging_mixin.py:115} INFO - [2022-09-28 17:28:27,987] {dagbag.py:508} INFO - Filling up the DagBag from /home/airflow/.local/lib/python3.7/site-packages/airflow/example_dags/example_python_operator.py
[2022-09-28 17:28:28,066] {processor.py:651} INFO - DAG(s) dict_keys(['example_python_operator']) retrieved from /home/airflow/.local/lib/python3.7/site-packages/airflow/example_dags/example_python_operator.py
[2022-09-28 17:28:28,170] {logging_mixin.py:115} INFO - [2022-09-28 17:28:28,170] {dag.py:2420} INFO - Sync 1 DAGs
[2022-09-28 17:28:28,229] {logging_mixin.py:115} INFO - [2022-09-28 17:28:28,229] {dag.py:2972} INFO - Setting next_dagrun for example_python_operator to None, run_after=None
[2022-09-28 17:28:28,252] {processor.py:161} INFO - Processing /home/airflow/.local/lib/python3.7/site-packages/airflow/example_dags/example_python_operator.py took 0.290 seconds
[2022-09-28 17:28:58,344] {processor.py:153} INFO - Started process (PID=2611) to work on /home/airflow/.local/lib/python3.7/site-packages/airflow/example_dags/example_python_operator.py
[2022-09-28 17:28:58,345] {processor.py:641} INFO - Processing file /home/airflow/.local/lib/python3.7/site-packages/airflow/example_dags/example_python_operator.py for tasks to queue
[2022-09-28 17:28:58,347] {logging_mixin.py:115} INFO - [2022-09-28 17:28:58,347] {dagbag.py:508} INFO - Filling up the DagBag from /home/airflow/.local/lib/python3.7/site-packages/airflow/example_dags/example_python_operator.py
[2022-09-28 17:28:58,369] {processor.py:651} INFO - DAG(s) dict_keys(['example_python_operator']) retrieved from /home/airflow/.local/lib/python3.7/site-packages/airflow/example_dags/example_python_operator.py
[2022-09-28 17:28:58,399] {logging_mixin.py:115} INFO - [2022-09-28 17:28:58,399] {dag.py:2420} INFO - Sync 1 DAGs
[2022-09-28 17:28:58,429] {logging_mixin.py:115} INFO - [2022-09-28 17:28:58,429] {dag.py:2972} INFO - Setting next_dagrun for example_python_operator to None, run_after=None
[2022-09-28 17:28:58,445] {processor.py:161} INFO - Processing /home/airflow/.local/lib/python3.7/site-packages/airflow/example_dags/example_python_operator.py took 0.105 seconds
[2022-09-28 17:29:28,999] {processor.py:153} INFO - Started process (PID=2675) to work on /home/airflow/.local/lib/python3.7/site-packages/airflow/example_dags/example_python_operator.py
[2022-09-28 17:29:29,000] {processor.py:641} INFO - Processing file /home/airflow/.local/lib/python3.7/site-packages/airflow/example_dags/example_python_operator.py for tasks to queue
[2022-09-28 17:29:29,002] {logging_mixin.py:115} INFO - [2022-09-28 17:29:29,002] {dagbag.py:508} INFO - Filling up the DagBag from /home/airflow/.local/lib/python3.7/site-packages/airflow/example_dags/example_python_operator.py
[2022-09-28 17:29:29,028] {processor.py:651} INFO - DAG(s) dict_keys(['example_python_operator']) retrieved from /home/airflow/.local/lib/python3.7/site-packages/airflow/example_dags/example_python_operator.py
[2022-09-28 17:29:29,065] {logging_mixin.py:115} INFO - [2022-09-28 17:29:29,065] {dag.py:2420} INFO - Sync 1 DAGs
[2022-09-28 17:29:29,099] {logging_mixin.py:115} INFO - [2022-09-28 17:29:29,099] {dag.py:2972} INFO - Setting next_dagrun for example_python_operator to None, run_after=None
[2022-09-28 17:29:29,125] {processor.py:161} INFO - Processing /home/airflow/.local/lib/python3.7/site-packages/airflow/example_dags/example_python_operator.py took 0.131 seconds
[2022-09-28 17:29:59,950] {processor.py:153} INFO - Started process (PID=2736) to work on /home/airflow/.local/lib/python3.7/site-packages/airflow/example_dags/example_python_operator.py
[2022-09-28 17:29:59,951] {processor.py:641} INFO - Processing file /home/airflow/.local/lib/python3.7/site-packages/airflow/example_dags/example_python_operator.py for tasks to queue
[2022-09-28 17:29:59,953] {logging_mixin.py:115} INFO - [2022-09-28 17:29:59,952] {dagbag.py:508} INFO - Filling up the DagBag from /home/airflow/.local/lib/python3.7/site-packages/airflow/example_dags/example_python_operator.py
[2022-09-28 17:29:59,981] {processor.py:651} INFO - DAG(s) dict_keys(['example_python_operator']) retrieved from /home/airflow/.local/lib/python3.7/site-packages/airflow/example_dags/example_python_operator.py
[2022-09-28 17:30:00,023] {logging_mixin.py:115} INFO - [2022-09-28 17:30:00,023] {dag.py:2420} INFO - Sync 1 DAGs
[2022-09-28 17:30:00,065] {logging_mixin.py:115} INFO - [2022-09-28 17:30:00,065] {dag.py:2972} INFO - Setting next_dagrun for example_python_operator to None, run_after=None
[2022-09-28 17:30:00,086] {processor.py:161} INFO - Processing /home/airflow/.local/lib/python3.7/site-packages/airflow/example_dags/example_python_operator.py took 0.141 seconds
[2022-09-28 17:30:30,255] {processor.py:153} INFO - Started process (PID=2803) to work on /home/airflow/.local/lib/python3.7/site-packages/airflow/example_dags/example_python_operator.py
[2022-09-28 17:30:30,256] {processor.py:641} INFO - Processing file /home/airflow/.local/lib/python3.7/site-packages/airflow/example_dags/example_python_operator.py for tasks to queue
[2022-09-28 17:30:30,258] {logging_mixin.py:115} INFO - [2022-09-28 17:30:30,258] {dagbag.py:508} INFO - Filling up the DagBag from /home/airflow/.local/lib/python3.7/site-packages/airflow/example_dags/example_python_operator.py
[2022-09-28 17:30:30,281] {processor.py:651} INFO - DAG(s) dict_keys(['example_python_operator']) retrieved from /home/airflow/.local/lib/python3.7/site-packages/airflow/example_dags/example_python_operator.py
[2022-09-28 17:30:30,315] {logging_mixin.py:115} INFO - [2022-09-28 17:30:30,315] {dag.py:2420} INFO - Sync 1 DAGs
[2022-09-28 17:30:30,342] {logging_mixin.py:115} INFO - [2022-09-28 17:30:30,341] {dag.py:2972} INFO - Setting next_dagrun for example_python_operator to None, run_after=None
[2022-09-28 17:30:30,357] {processor.py:161} INFO - Processing /home/airflow/.local/lib/python3.7/site-packages/airflow/example_dags/example_python_operator.py took 0.106 seconds
[2022-09-28 17:31:00,504] {processor.py:153} INFO - Started process (PID=2860) to work on /home/airflow/.local/lib/python3.7/site-packages/airflow/example_dags/example_python_operator.py
[2022-09-28 17:31:00,506] {processor.py:641} INFO - Processing file /home/airflow/.local/lib/python3.7/site-packages/airflow/example_dags/example_python_operator.py for tasks to queue
[2022-09-28 17:31:00,507] {logging_mixin.py:115} INFO - [2022-09-28 17:31:00,507] {dagbag.py:508} INFO - Filling up the DagBag from /home/airflow/.local/lib/python3.7/site-packages/airflow/example_dags/example_python_operator.py
[2022-09-28 17:31:00,537] {processor.py:651} INFO - DAG(s) dict_keys(['example_python_operator']) retrieved from /home/airflow/.local/lib/python3.7/site-packages/airflow/example_dags/example_python_operator.py
[2022-09-28 17:31:00,568] {logging_mixin.py:115} INFO - [2022-09-28 17:31:00,568] {dag.py:2420} INFO - Sync 1 DAGs
[2022-09-28 17:31:00,592] {logging_mixin.py:115} INFO - [2022-09-28 17:31:00,592] {dag.py:2972} INFO - Setting next_dagrun for example_python_operator to None, run_after=None
[2022-09-28 17:31:00,615] {processor.py:161} INFO - Processing /home/airflow/.local/lib/python3.7/site-packages/airflow/example_dags/example_python_operator.py took 0.114 seconds
[2022-09-28 17:36:51,151] {processor.py:153} INFO - Started process (PID=146) to work on /home/airflow/.local/lib/python3.7/site-packages/airflow/example_dags/example_python_operator.py
[2022-09-28 17:36:51,161] {processor.py:641} INFO - Processing file /home/airflow/.local/lib/python3.7/site-packages/airflow/example_dags/example_python_operator.py for tasks to queue
[2022-09-28 17:36:51,169] {logging_mixin.py:115} INFO - [2022-09-28 17:36:51,169] {dagbag.py:508} INFO - Filling up the DagBag from /home/airflow/.local/lib/python3.7/site-packages/airflow/example_dags/example_python_operator.py
[2022-09-28 17:36:51,533] {processor.py:651} INFO - DAG(s) dict_keys(['example_python_operator']) retrieved from /home/airflow/.local/lib/python3.7/site-packages/airflow/example_dags/example_python_operator.py
[2022-09-28 17:36:51,648] {logging_mixin.py:115} INFO - [2022-09-28 17:36:51,647] {manager.py:508} INFO - Created Permission View: can read on DAG:example_python_operator
[2022-09-28 17:36:51,683] {logging_mixin.py:115} INFO - [2022-09-28 17:36:51,683] {manager.py:508} INFO - Created Permission View: can delete on DAG:example_python_operator
[2022-09-28 17:36:51,694] {logging_mixin.py:115} INFO - [2022-09-28 17:36:51,694] {manager.py:508} INFO - Created Permission View: can edit on DAG:example_python_operator
[2022-09-28 17:36:51,695] {logging_mixin.py:115} INFO - [2022-09-28 17:36:51,695] {dag.py:2420} INFO - Sync 1 DAGs
[2022-09-28 17:36:51,718] {logging_mixin.py:115} INFO - [2022-09-28 17:36:51,718] {dag.py:2439} INFO - Creating ORM DAG for example_python_operator
[2022-09-28 17:36:51,746] {logging_mixin.py:115} INFO - [2022-09-28 17:36:51,746] {dag.py:2972} INFO - Setting next_dagrun for example_python_operator to None, run_after=None
[2022-09-28 17:36:51,787] {processor.py:161} INFO - Processing /home/airflow/.local/lib/python3.7/site-packages/airflow/example_dags/example_python_operator.py took 0.663 seconds
[2022-09-28 17:37:22,034] {processor.py:153} INFO - Started process (PID=201) to work on /home/airflow/.local/lib/python3.7/site-packages/airflow/example_dags/example_python_operator.py
[2022-09-28 17:37:22,036] {processor.py:641} INFO - Processing file /home/airflow/.local/lib/python3.7/site-packages/airflow/example_dags/example_python_operator.py for tasks to queue
[2022-09-28 17:37:22,039] {logging_mixin.py:115} INFO - [2022-09-28 17:37:22,038] {dagbag.py:508} INFO - Filling up the DagBag from /home/airflow/.local/lib/python3.7/site-packages/airflow/example_dags/example_python_operator.py
[2022-09-28 17:37:22,332] {processor.py:651} INFO - DAG(s) dict_keys(['example_python_operator']) retrieved from /home/airflow/.local/lib/python3.7/site-packages/airflow/example_dags/example_python_operator.py
[2022-09-28 17:37:22,399] {logging_mixin.py:115} INFO - [2022-09-28 17:37:22,399] {dag.py:2420} INFO - Sync 1 DAGs
[2022-09-28 17:37:22,437] {logging_mixin.py:115} INFO - [2022-09-28 17:37:22,437] {dag.py:2972} INFO - Setting next_dagrun for example_python_operator to None, run_after=None
[2022-09-28 17:37:22,464] {processor.py:161} INFO - Processing /home/airflow/.local/lib/python3.7/site-packages/airflow/example_dags/example_python_operator.py took 0.442 seconds
[2022-09-28 17:37:53,297] {processor.py:153} INFO - Started process (PID=269) to work on /home/airflow/.local/lib/python3.7/site-packages/airflow/example_dags/example_python_operator.py
[2022-09-28 17:37:53,298] {processor.py:641} INFO - Processing file /home/airflow/.local/lib/python3.7/site-packages/airflow/example_dags/example_python_operator.py for tasks to queue
[2022-09-28 17:37:53,299] {logging_mixin.py:115} INFO - [2022-09-28 17:37:53,299] {dagbag.py:508} INFO - Filling up the DagBag from /home/airflow/.local/lib/python3.7/site-packages/airflow/example_dags/example_python_operator.py
[2022-09-28 17:37:53,485] {processor.py:651} INFO - DAG(s) dict_keys(['example_python_operator']) retrieved from /home/airflow/.local/lib/python3.7/site-packages/airflow/example_dags/example_python_operator.py
[2022-09-28 17:37:53,511] {logging_mixin.py:115} INFO - [2022-09-28 17:37:53,511] {dag.py:2420} INFO - Sync 1 DAGs
[2022-09-28 17:37:53,535] {logging_mixin.py:115} INFO - [2022-09-28 17:37:53,535] {dag.py:2972} INFO - Setting next_dagrun for example_python_operator to None, run_after=None
[2022-09-28 17:37:53,555] {processor.py:161} INFO - Processing /home/airflow/.local/lib/python3.7/site-packages/airflow/example_dags/example_python_operator.py took 0.263 seconds
[2022-09-28 17:38:33,981] {processor.py:153} INFO - Started process (PID=331) to work on /home/airflow/.local/lib/python3.7/site-packages/airflow/example_dags/example_python_operator.py
[2022-09-28 17:38:33,993] {processor.py:641} INFO - Processing file /home/airflow/.local/lib/python3.7/site-packages/airflow/example_dags/example_python_operator.py for tasks to queue
[2022-09-28 17:38:34,039] {logging_mixin.py:115} INFO - [2022-09-28 17:38:34,003] {dagbag.py:508} INFO - Filling up the DagBag from /home/airflow/.local/lib/python3.7/site-packages/airflow/example_dags/example_python_operator.py
[2022-09-28 17:38:34,941] {processor.py:651} INFO - DAG(s) dict_keys(['example_python_operator']) retrieved from /home/airflow/.local/lib/python3.7/site-packages/airflow/example_dags/example_python_operator.py
[2022-09-28 17:38:35,050] {logging_mixin.py:115} INFO - [2022-09-28 17:38:35,049] {dag.py:2420} INFO - Sync 1 DAGs
[2022-09-28 17:38:35,127] {logging_mixin.py:115} INFO - [2022-09-28 17:38:35,126] {dag.py:2972} INFO - Setting next_dagrun for example_python_operator to None, run_after=None
[2022-09-28 17:38:35,164] {processor.py:161} INFO - Processing /home/airflow/.local/lib/python3.7/site-packages/airflow/example_dags/example_python_operator.py took 1.192 seconds
[2022-09-28 17:39:05,326] {processor.py:153} INFO - Started process (PID=397) to work on /home/airflow/.local/lib/python3.7/site-packages/airflow/example_dags/example_python_operator.py
[2022-09-28 17:39:05,327] {processor.py:641} INFO - Processing file /home/airflow/.local/lib/python3.7/site-packages/airflow/example_dags/example_python_operator.py for tasks to queue
[2022-09-28 17:39:05,328] {logging_mixin.py:115} INFO - [2022-09-28 17:39:05,328] {dagbag.py:508} INFO - Filling up the DagBag from /home/airflow/.local/lib/python3.7/site-packages/airflow/example_dags/example_python_operator.py
[2022-09-28 17:39:05,494] {processor.py:651} INFO - DAG(s) dict_keys(['example_python_operator']) retrieved from /home/airflow/.local/lib/python3.7/site-packages/airflow/example_dags/example_python_operator.py
[2022-09-28 17:39:05,517] {logging_mixin.py:115} INFO - [2022-09-28 17:39:05,517] {dag.py:2420} INFO - Sync 1 DAGs
[2022-09-28 17:39:05,537] {logging_mixin.py:115} INFO - [2022-09-28 17:39:05,537] {dag.py:2972} INFO - Setting next_dagrun for example_python_operator to None, run_after=None
[2022-09-28 17:39:05,556] {processor.py:161} INFO - Processing /home/airflow/.local/lib/python3.7/site-packages/airflow/example_dags/example_python_operator.py took 0.234 seconds
