[2022-09-28 16:53:27,988] {processor.py:153} INFO - Started process (PID=128) to work on /home/airflow/.local/lib/python3.7/site-packages/airflow/example_dags/example_trigger_target_dag.py
[2022-09-28 16:53:27,992] {processor.py:641} INFO - Processing file /home/airflow/.local/lib/python3.7/site-packages/airflow/example_dags/example_trigger_target_dag.py for tasks to queue
[2022-09-28 16:53:27,999] {logging_mixin.py:115} INFO - [2022-09-28 16:53:27,998] {dagbag.py:508} INFO - Filling up the DagBag from /home/airflow/.local/lib/python3.7/site-packages/airflow/example_dags/example_trigger_target_dag.py
[2022-09-28 16:53:29,048] {processor.py:651} INFO - DAG(s) dict_keys(['example_trigger_target_dag']) retrieved from /home/airflow/.local/lib/python3.7/site-packages/airflow/example_dags/example_trigger_target_dag.py
[2022-09-28 16:53:29,180] {logging_mixin.py:115} INFO - [2022-09-28 16:53:29,180] {dag.py:2420} INFO - Sync 1 DAGs
[2022-09-28 16:53:29,248] {logging_mixin.py:115} INFO - [2022-09-28 16:53:29,248] {dag.py:2972} INFO - Setting next_dagrun for example_trigger_target_dag to None, run_after=None
[2022-09-28 16:53:29,300] {processor.py:161} INFO - Processing /home/airflow/.local/lib/python3.7/site-packages/airflow/example_dags/example_trigger_target_dag.py took 1.346 seconds
[2022-09-28 16:54:16,838] {processor.py:153} INFO - Started process (PID=191) to work on /home/airflow/.local/lib/python3.7/site-packages/airflow/example_dags/example_trigger_target_dag.py
[2022-09-28 16:54:16,842] {processor.py:641} INFO - Processing file /home/airflow/.local/lib/python3.7/site-packages/airflow/example_dags/example_trigger_target_dag.py for tasks to queue
[2022-09-28 16:54:16,856] {logging_mixin.py:115} INFO - [2022-09-28 16:54:16,856] {dagbag.py:508} INFO - Filling up the DagBag from /home/airflow/.local/lib/python3.7/site-packages/airflow/example_dags/example_trigger_target_dag.py
[2022-09-28 16:54:17,762] {processor.py:651} INFO - DAG(s) dict_keys(['example_trigger_target_dag']) retrieved from /home/airflow/.local/lib/python3.7/site-packages/airflow/example_dags/example_trigger_target_dag.py
[2022-09-28 16:54:17,895] {logging_mixin.py:115} INFO - [2022-09-28 16:54:17,886] {dag.py:2420} INFO - Sync 1 DAGs
[2022-09-28 16:54:18,026] {logging_mixin.py:115} INFO - [2022-09-28 16:54:18,025] {dag.py:2972} INFO - Setting next_dagrun for example_trigger_target_dag to None, run_after=None
[2022-09-28 16:54:18,069] {processor.py:161} INFO - Processing /home/airflow/.local/lib/python3.7/site-packages/airflow/example_dags/example_trigger_target_dag.py took 1.236 seconds
[2022-09-28 16:54:48,555] {processor.py:153} INFO - Started process (PID=250) to work on /home/airflow/.local/lib/python3.7/site-packages/airflow/example_dags/example_trigger_target_dag.py
[2022-09-28 16:54:48,561] {processor.py:641} INFO - Processing file /home/airflow/.local/lib/python3.7/site-packages/airflow/example_dags/example_trigger_target_dag.py for tasks to queue
[2022-09-28 16:54:48,563] {logging_mixin.py:115} INFO - [2022-09-28 16:54:48,563] {dagbag.py:508} INFO - Filling up the DagBag from /home/airflow/.local/lib/python3.7/site-packages/airflow/example_dags/example_trigger_target_dag.py
[2022-09-28 16:54:48,742] {processor.py:651} INFO - DAG(s) dict_keys(['example_trigger_target_dag']) retrieved from /home/airflow/.local/lib/python3.7/site-packages/airflow/example_dags/example_trigger_target_dag.py
[2022-09-28 16:54:48,763] {logging_mixin.py:115} INFO - [2022-09-28 16:54:48,763] {dag.py:2420} INFO - Sync 1 DAGs
[2022-09-28 16:54:48,788] {logging_mixin.py:115} INFO - [2022-09-28 16:54:48,788] {dag.py:2972} INFO - Setting next_dagrun for example_trigger_target_dag to None, run_after=None
[2022-09-28 16:54:48,802] {processor.py:161} INFO - Processing /home/airflow/.local/lib/python3.7/site-packages/airflow/example_dags/example_trigger_target_dag.py took 0.250 seconds
[2022-09-28 16:55:19,497] {processor.py:153} INFO - Started process (PID=305) to work on /home/airflow/.local/lib/python3.7/site-packages/airflow/example_dags/example_trigger_target_dag.py
[2022-09-28 16:55:19,511] {processor.py:641} INFO - Processing file /home/airflow/.local/lib/python3.7/site-packages/airflow/example_dags/example_trigger_target_dag.py for tasks to queue
[2022-09-28 16:55:19,516] {logging_mixin.py:115} INFO - [2022-09-28 16:55:19,515] {dagbag.py:508} INFO - Filling up the DagBag from /home/airflow/.local/lib/python3.7/site-packages/airflow/example_dags/example_trigger_target_dag.py
[2022-09-28 16:55:19,915] {processor.py:651} INFO - DAG(s) dict_keys(['example_trigger_target_dag']) retrieved from /home/airflow/.local/lib/python3.7/site-packages/airflow/example_dags/example_trigger_target_dag.py
[2022-09-28 16:55:19,951] {logging_mixin.py:115} INFO - [2022-09-28 16:55:19,951] {dag.py:2420} INFO - Sync 1 DAGs
[2022-09-28 16:55:19,987] {logging_mixin.py:115} INFO - [2022-09-28 16:55:19,987] {dag.py:2972} INFO - Setting next_dagrun for example_trigger_target_dag to None, run_after=None
[2022-09-28 16:55:20,019] {processor.py:161} INFO - Processing /home/airflow/.local/lib/python3.7/site-packages/airflow/example_dags/example_trigger_target_dag.py took 0.530 seconds
[2022-09-28 16:55:50,174] {processor.py:153} INFO - Started process (PID=372) to work on /home/airflow/.local/lib/python3.7/site-packages/airflow/example_dags/example_trigger_target_dag.py
[2022-09-28 16:55:50,177] {processor.py:641} INFO - Processing file /home/airflow/.local/lib/python3.7/site-packages/airflow/example_dags/example_trigger_target_dag.py for tasks to queue
[2022-09-28 16:55:50,180] {logging_mixin.py:115} INFO - [2022-09-28 16:55:50,180] {dagbag.py:508} INFO - Filling up the DagBag from /home/airflow/.local/lib/python3.7/site-packages/airflow/example_dags/example_trigger_target_dag.py
[2022-09-28 16:55:50,424] {processor.py:651} INFO - DAG(s) dict_keys(['example_trigger_target_dag']) retrieved from /home/airflow/.local/lib/python3.7/site-packages/airflow/example_dags/example_trigger_target_dag.py
[2022-09-28 16:55:50,481] {logging_mixin.py:115} INFO - [2022-09-28 16:55:50,481] {dag.py:2420} INFO - Sync 1 DAGs
[2022-09-28 16:55:50,528] {logging_mixin.py:115} INFO - [2022-09-28 16:55:50,528] {dag.py:2972} INFO - Setting next_dagrun for example_trigger_target_dag to None, run_after=None
[2022-09-28 16:55:50,562] {processor.py:161} INFO - Processing /home/airflow/.local/lib/python3.7/site-packages/airflow/example_dags/example_trigger_target_dag.py took 0.398 seconds
[2022-09-28 16:56:22,957] {processor.py:153} INFO - Started process (PID=428) to work on /home/airflow/.local/lib/python3.7/site-packages/airflow/example_dags/example_trigger_target_dag.py
[2022-09-28 16:56:22,959] {processor.py:641} INFO - Processing file /home/airflow/.local/lib/python3.7/site-packages/airflow/example_dags/example_trigger_target_dag.py for tasks to queue
[2022-09-28 16:56:22,960] {logging_mixin.py:115} INFO - [2022-09-28 16:56:22,960] {dagbag.py:508} INFO - Filling up the DagBag from /home/airflow/.local/lib/python3.7/site-packages/airflow/example_dags/example_trigger_target_dag.py
[2022-09-28 16:56:23,486] {processor.py:651} INFO - DAG(s) dict_keys(['example_trigger_target_dag']) retrieved from /home/airflow/.local/lib/python3.7/site-packages/airflow/example_dags/example_trigger_target_dag.py
[2022-09-28 16:56:23,577] {logging_mixin.py:115} INFO - [2022-09-28 16:56:23,577] {dag.py:2420} INFO - Sync 1 DAGs
[2022-09-28 16:56:23,672] {logging_mixin.py:115} INFO - [2022-09-28 16:56:23,672] {dag.py:2972} INFO - Setting next_dagrun for example_trigger_target_dag to None, run_after=None
[2022-09-28 16:56:23,734] {processor.py:161} INFO - Processing /home/airflow/.local/lib/python3.7/site-packages/airflow/example_dags/example_trigger_target_dag.py took 0.810 seconds
[2022-09-28 16:57:18,378] {processor.py:153} INFO - Started process (PID=503) to work on /home/airflow/.local/lib/python3.7/site-packages/airflow/example_dags/example_trigger_target_dag.py
[2022-09-28 16:57:18,382] {processor.py:641} INFO - Processing file /home/airflow/.local/lib/python3.7/site-packages/airflow/example_dags/example_trigger_target_dag.py for tasks to queue
[2022-09-28 16:57:18,388] {logging_mixin.py:115} INFO - [2022-09-28 16:57:18,388] {dagbag.py:508} INFO - Filling up the DagBag from /home/airflow/.local/lib/python3.7/site-packages/airflow/example_dags/example_trigger_target_dag.py
[2022-09-28 16:57:19,624] {processor.py:651} INFO - DAG(s) dict_keys(['example_trigger_target_dag']) retrieved from /home/airflow/.local/lib/python3.7/site-packages/airflow/example_dags/example_trigger_target_dag.py
[2022-09-28 16:57:21,415] {logging_mixin.py:115} INFO - [2022-09-28 16:57:21,415] {dag.py:2420} INFO - Sync 1 DAGs
[2022-09-28 16:57:21,734] {logging_mixin.py:115} INFO - [2022-09-28 16:57:21,734] {dag.py:2972} INFO - Setting next_dagrun for example_trigger_target_dag to None, run_after=None
[2022-09-28 16:57:21,789] {processor.py:161} INFO - Processing /home/airflow/.local/lib/python3.7/site-packages/airflow/example_dags/example_trigger_target_dag.py took 3.464 seconds
[2022-09-28 16:57:52,387] {processor.py:153} INFO - Started process (PID=561) to work on /home/airflow/.local/lib/python3.7/site-packages/airflow/example_dags/example_trigger_target_dag.py
[2022-09-28 16:57:52,389] {processor.py:641} INFO - Processing file /home/airflow/.local/lib/python3.7/site-packages/airflow/example_dags/example_trigger_target_dag.py for tasks to queue
[2022-09-28 16:57:52,391] {logging_mixin.py:115} INFO - [2022-09-28 16:57:52,391] {dagbag.py:508} INFO - Filling up the DagBag from /home/airflow/.local/lib/python3.7/site-packages/airflow/example_dags/example_trigger_target_dag.py
[2022-09-28 16:57:52,597] {processor.py:651} INFO - DAG(s) dict_keys(['example_trigger_target_dag']) retrieved from /home/airflow/.local/lib/python3.7/site-packages/airflow/example_dags/example_trigger_target_dag.py
[2022-09-28 16:57:52,623] {logging_mixin.py:115} INFO - [2022-09-28 16:57:52,623] {dag.py:2420} INFO - Sync 1 DAGs
[2022-09-28 16:57:52,656] {logging_mixin.py:115} INFO - [2022-09-28 16:57:52,656] {dag.py:2972} INFO - Setting next_dagrun for example_trigger_target_dag to None, run_after=None
[2022-09-28 16:57:52,672] {processor.py:161} INFO - Processing /home/airflow/.local/lib/python3.7/site-packages/airflow/example_dags/example_trigger_target_dag.py took 0.298 seconds
[2022-09-28 16:58:24,496] {processor.py:153} INFO - Started process (PID=616) to work on /home/airflow/.local/lib/python3.7/site-packages/airflow/example_dags/example_trigger_target_dag.py
[2022-09-28 16:58:24,529] {processor.py:641} INFO - Processing file /home/airflow/.local/lib/python3.7/site-packages/airflow/example_dags/example_trigger_target_dag.py for tasks to queue
[2022-09-28 16:58:24,536] {logging_mixin.py:115} INFO - [2022-09-28 16:58:24,535] {dagbag.py:508} INFO - Filling up the DagBag from /home/airflow/.local/lib/python3.7/site-packages/airflow/example_dags/example_trigger_target_dag.py
[2022-09-28 16:58:24,650] {processor.py:651} INFO - DAG(s) dict_keys(['example_trigger_target_dag']) retrieved from /home/airflow/.local/lib/python3.7/site-packages/airflow/example_dags/example_trigger_target_dag.py
[2022-09-28 16:58:24,789] {logging_mixin.py:115} INFO - [2022-09-28 16:58:24,789] {dag.py:2420} INFO - Sync 1 DAGs
[2022-09-28 16:58:24,955] {logging_mixin.py:115} INFO - [2022-09-28 16:58:24,955] {dag.py:2972} INFO - Setting next_dagrun for example_trigger_target_dag to None, run_after=None
[2022-09-28 16:58:25,002] {processor.py:161} INFO - Processing /home/airflow/.local/lib/python3.7/site-packages/airflow/example_dags/example_trigger_target_dag.py took 0.519 seconds
[2022-09-28 16:58:55,757] {processor.py:153} INFO - Started process (PID=671) to work on /home/airflow/.local/lib/python3.7/site-packages/airflow/example_dags/example_trigger_target_dag.py
[2022-09-28 16:58:55,760] {processor.py:641} INFO - Processing file /home/airflow/.local/lib/python3.7/site-packages/airflow/example_dags/example_trigger_target_dag.py for tasks to queue
[2022-09-28 16:58:55,762] {logging_mixin.py:115} INFO - [2022-09-28 16:58:55,762] {dagbag.py:508} INFO - Filling up the DagBag from /home/airflow/.local/lib/python3.7/site-packages/airflow/example_dags/example_trigger_target_dag.py
[2022-09-28 16:58:55,814] {processor.py:651} INFO - DAG(s) dict_keys(['example_trigger_target_dag']) retrieved from /home/airflow/.local/lib/python3.7/site-packages/airflow/example_dags/example_trigger_target_dag.py
[2022-09-28 16:58:55,881] {logging_mixin.py:115} INFO - [2022-09-28 16:58:55,881] {dag.py:2420} INFO - Sync 1 DAGs
[2022-09-28 16:58:55,992] {logging_mixin.py:115} INFO - [2022-09-28 16:58:55,992] {dag.py:2972} INFO - Setting next_dagrun for example_trigger_target_dag to None, run_after=None
[2022-09-28 16:58:56,024] {processor.py:161} INFO - Processing /home/airflow/.local/lib/python3.7/site-packages/airflow/example_dags/example_trigger_target_dag.py took 0.274 seconds
[2022-09-28 17:08:24,730] {processor.py:153} INFO - Started process (PID=116) to work on /home/airflow/.local/lib/python3.7/site-packages/airflow/example_dags/example_trigger_target_dag.py
[2022-09-28 17:08:24,732] {processor.py:641} INFO - Processing file /home/airflow/.local/lib/python3.7/site-packages/airflow/example_dags/example_trigger_target_dag.py for tasks to queue
[2022-09-28 17:08:24,734] {logging_mixin.py:115} INFO - [2022-09-28 17:08:24,734] {dagbag.py:508} INFO - Filling up the DagBag from /home/airflow/.local/lib/python3.7/site-packages/airflow/example_dags/example_trigger_target_dag.py
[2022-09-28 17:08:25,050] {processor.py:651} INFO - DAG(s) dict_keys(['example_trigger_target_dag']) retrieved from /home/airflow/.local/lib/python3.7/site-packages/airflow/example_dags/example_trigger_target_dag.py
[2022-09-28 17:08:25,164] {logging_mixin.py:115} INFO - [2022-09-28 17:08:25,164] {manager.py:508} INFO - Created Permission View: can read on DAG:example_trigger_target_dag
[2022-09-28 17:08:25,256] {logging_mixin.py:115} INFO - [2022-09-28 17:08:25,247] {manager.py:508} INFO - Created Permission View: can delete on DAG:example_trigger_target_dag
[2022-09-28 17:08:25,297] {logging_mixin.py:115} INFO - [2022-09-28 17:08:25,296] {manager.py:508} INFO - Created Permission View: can edit on DAG:example_trigger_target_dag
[2022-09-28 17:08:25,298] {logging_mixin.py:115} INFO - [2022-09-28 17:08:25,298] {dag.py:2420} INFO - Sync 1 DAGs
[2022-09-28 17:08:25,320] {logging_mixin.py:115} INFO - [2022-09-28 17:08:25,320] {dag.py:2439} INFO - Creating ORM DAG for example_trigger_target_dag
[2022-09-28 17:08:25,373] {logging_mixin.py:115} INFO - [2022-09-28 17:08:25,373] {dag.py:2972} INFO - Setting next_dagrun for example_trigger_target_dag to None, run_after=None
[2022-09-28 17:08:25,459] {processor.py:161} INFO - Processing /home/airflow/.local/lib/python3.7/site-packages/airflow/example_dags/example_trigger_target_dag.py took 0.736 seconds
[2022-09-28 17:08:55,906] {processor.py:153} INFO - Started process (PID=172) to work on /home/airflow/.local/lib/python3.7/site-packages/airflow/example_dags/example_trigger_target_dag.py
[2022-09-28 17:08:55,907] {processor.py:641} INFO - Processing file /home/airflow/.local/lib/python3.7/site-packages/airflow/example_dags/example_trigger_target_dag.py for tasks to queue
[2022-09-28 17:08:55,908] {logging_mixin.py:115} INFO - [2022-09-28 17:08:55,908] {dagbag.py:508} INFO - Filling up the DagBag from /home/airflow/.local/lib/python3.7/site-packages/airflow/example_dags/example_trigger_target_dag.py
[2022-09-28 17:08:56,094] {processor.py:651} INFO - DAG(s) dict_keys(['example_trigger_target_dag']) retrieved from /home/airflow/.local/lib/python3.7/site-packages/airflow/example_dags/example_trigger_target_dag.py
[2022-09-28 17:08:56,135] {logging_mixin.py:115} INFO - [2022-09-28 17:08:56,135] {dag.py:2420} INFO - Sync 1 DAGs
[2022-09-28 17:08:56,165] {logging_mixin.py:115} INFO - [2022-09-28 17:08:56,165] {dag.py:2972} INFO - Setting next_dagrun for example_trigger_target_dag to None, run_after=None
[2022-09-28 17:08:56,186] {processor.py:161} INFO - Processing /home/airflow/.local/lib/python3.7/site-packages/airflow/example_dags/example_trigger_target_dag.py took 0.288 seconds
[2022-09-28 17:09:26,947] {processor.py:153} INFO - Started process (PID=240) to work on /home/airflow/.local/lib/python3.7/site-packages/airflow/example_dags/example_trigger_target_dag.py
[2022-09-28 17:09:26,949] {processor.py:641} INFO - Processing file /home/airflow/.local/lib/python3.7/site-packages/airflow/example_dags/example_trigger_target_dag.py for tasks to queue
[2022-09-28 17:09:26,950] {logging_mixin.py:115} INFO - [2022-09-28 17:09:26,950] {dagbag.py:508} INFO - Filling up the DagBag from /home/airflow/.local/lib/python3.7/site-packages/airflow/example_dags/example_trigger_target_dag.py
[2022-09-28 17:09:27,111] {processor.py:651} INFO - DAG(s) dict_keys(['example_trigger_target_dag']) retrieved from /home/airflow/.local/lib/python3.7/site-packages/airflow/example_dags/example_trigger_target_dag.py
[2022-09-28 17:09:27,134] {logging_mixin.py:115} INFO - [2022-09-28 17:09:27,134] {dag.py:2420} INFO - Sync 1 DAGs
[2022-09-28 17:09:27,157] {logging_mixin.py:115} INFO - [2022-09-28 17:09:27,157] {dag.py:2972} INFO - Setting next_dagrun for example_trigger_target_dag to None, run_after=None
[2022-09-28 17:09:27,170] {processor.py:161} INFO - Processing /home/airflow/.local/lib/python3.7/site-packages/airflow/example_dags/example_trigger_target_dag.py took 0.228 seconds
[2022-09-28 17:09:57,554] {processor.py:153} INFO - Started process (PID=305) to work on /home/airflow/.local/lib/python3.7/site-packages/airflow/example_dags/example_trigger_target_dag.py
[2022-09-28 17:09:57,555] {processor.py:641} INFO - Processing file /home/airflow/.local/lib/python3.7/site-packages/airflow/example_dags/example_trigger_target_dag.py for tasks to queue
[2022-09-28 17:09:57,557] {logging_mixin.py:115} INFO - [2022-09-28 17:09:57,557] {dagbag.py:508} INFO - Filling up the DagBag from /home/airflow/.local/lib/python3.7/site-packages/airflow/example_dags/example_trigger_target_dag.py
[2022-09-28 17:09:57,711] {processor.py:651} INFO - DAG(s) dict_keys(['example_trigger_target_dag']) retrieved from /home/airflow/.local/lib/python3.7/site-packages/airflow/example_dags/example_trigger_target_dag.py
[2022-09-28 17:09:57,741] {logging_mixin.py:115} INFO - [2022-09-28 17:09:57,741] {dag.py:2420} INFO - Sync 1 DAGs
[2022-09-28 17:09:57,778] {logging_mixin.py:115} INFO - [2022-09-28 17:09:57,778] {dag.py:2972} INFO - Setting next_dagrun for example_trigger_target_dag to None, run_after=None
[2022-09-28 17:09:57,796] {processor.py:161} INFO - Processing /home/airflow/.local/lib/python3.7/site-packages/airflow/example_dags/example_trigger_target_dag.py took 0.246 seconds
[2022-09-28 17:10:28,558] {processor.py:153} INFO - Started process (PID=360) to work on /home/airflow/.local/lib/python3.7/site-packages/airflow/example_dags/example_trigger_target_dag.py
[2022-09-28 17:10:28,563] {processor.py:641} INFO - Processing file /home/airflow/.local/lib/python3.7/site-packages/airflow/example_dags/example_trigger_target_dag.py for tasks to queue
[2022-09-28 17:10:28,565] {logging_mixin.py:115} INFO - [2022-09-28 17:10:28,565] {dagbag.py:508} INFO - Filling up the DagBag from /home/airflow/.local/lib/python3.7/site-packages/airflow/example_dags/example_trigger_target_dag.py
[2022-09-28 17:10:28,718] {processor.py:651} INFO - DAG(s) dict_keys(['example_trigger_target_dag']) retrieved from /home/airflow/.local/lib/python3.7/site-packages/airflow/example_dags/example_trigger_target_dag.py
[2022-09-28 17:10:28,746] {logging_mixin.py:115} INFO - [2022-09-28 17:10:28,746] {dag.py:2420} INFO - Sync 1 DAGs
[2022-09-28 17:10:28,776] {logging_mixin.py:115} INFO - [2022-09-28 17:10:28,776] {dag.py:2972} INFO - Setting next_dagrun for example_trigger_target_dag to None, run_after=None
[2022-09-28 17:10:28,797] {processor.py:161} INFO - Processing /home/airflow/.local/lib/python3.7/site-packages/airflow/example_dags/example_trigger_target_dag.py took 0.243 seconds
[2022-09-28 17:10:59,724] {processor.py:153} INFO - Started process (PID=426) to work on /home/airflow/.local/lib/python3.7/site-packages/airflow/example_dags/example_trigger_target_dag.py
[2022-09-28 17:10:59,726] {processor.py:641} INFO - Processing file /home/airflow/.local/lib/python3.7/site-packages/airflow/example_dags/example_trigger_target_dag.py for tasks to queue
[2022-09-28 17:10:59,728] {logging_mixin.py:115} INFO - [2022-09-28 17:10:59,728] {dagbag.py:508} INFO - Filling up the DagBag from /home/airflow/.local/lib/python3.7/site-packages/airflow/example_dags/example_trigger_target_dag.py
[2022-09-28 17:10:59,883] {processor.py:651} INFO - DAG(s) dict_keys(['example_trigger_target_dag']) retrieved from /home/airflow/.local/lib/python3.7/site-packages/airflow/example_dags/example_trigger_target_dag.py
[2022-09-28 17:10:59,914] {logging_mixin.py:115} INFO - [2022-09-28 17:10:59,914] {dag.py:2420} INFO - Sync 1 DAGs
[2022-09-28 17:10:59,950] {logging_mixin.py:115} INFO - [2022-09-28 17:10:59,950] {dag.py:2972} INFO - Setting next_dagrun for example_trigger_target_dag to None, run_after=None
[2022-09-28 17:10:59,966] {processor.py:161} INFO - Processing /home/airflow/.local/lib/python3.7/site-packages/airflow/example_dags/example_trigger_target_dag.py took 0.246 seconds
[2022-09-28 17:11:30,547] {processor.py:153} INFO - Started process (PID=491) to work on /home/airflow/.local/lib/python3.7/site-packages/airflow/example_dags/example_trigger_target_dag.py
[2022-09-28 17:11:30,549] {processor.py:641} INFO - Processing file /home/airflow/.local/lib/python3.7/site-packages/airflow/example_dags/example_trigger_target_dag.py for tasks to queue
[2022-09-28 17:11:30,550] {logging_mixin.py:115} INFO - [2022-09-28 17:11:30,550] {dagbag.py:508} INFO - Filling up the DagBag from /home/airflow/.local/lib/python3.7/site-packages/airflow/example_dags/example_trigger_target_dag.py
[2022-09-28 17:11:30,717] {processor.py:651} INFO - DAG(s) dict_keys(['example_trigger_target_dag']) retrieved from /home/airflow/.local/lib/python3.7/site-packages/airflow/example_dags/example_trigger_target_dag.py
[2022-09-28 17:11:30,744] {logging_mixin.py:115} INFO - [2022-09-28 17:11:30,743] {dag.py:2420} INFO - Sync 1 DAGs
[2022-09-28 17:11:30,767] {logging_mixin.py:115} INFO - [2022-09-28 17:11:30,767] {dag.py:2972} INFO - Setting next_dagrun for example_trigger_target_dag to None, run_after=None
[2022-09-28 17:11:30,785] {processor.py:161} INFO - Processing /home/airflow/.local/lib/python3.7/site-packages/airflow/example_dags/example_trigger_target_dag.py took 0.244 seconds
[2022-09-28 17:12:01,043] {processor.py:153} INFO - Started process (PID=547) to work on /home/airflow/.local/lib/python3.7/site-packages/airflow/example_dags/example_trigger_target_dag.py
[2022-09-28 17:12:01,045] {processor.py:641} INFO - Processing file /home/airflow/.local/lib/python3.7/site-packages/airflow/example_dags/example_trigger_target_dag.py for tasks to queue
[2022-09-28 17:12:01,047] {logging_mixin.py:115} INFO - [2022-09-28 17:12:01,047] {dagbag.py:508} INFO - Filling up the DagBag from /home/airflow/.local/lib/python3.7/site-packages/airflow/example_dags/example_trigger_target_dag.py
[2022-09-28 17:12:01,205] {processor.py:651} INFO - DAG(s) dict_keys(['example_trigger_target_dag']) retrieved from /home/airflow/.local/lib/python3.7/site-packages/airflow/example_dags/example_trigger_target_dag.py
[2022-09-28 17:12:01,237] {logging_mixin.py:115} INFO - [2022-09-28 17:12:01,236] {dag.py:2420} INFO - Sync 1 DAGs
[2022-09-28 17:12:01,266] {logging_mixin.py:115} INFO - [2022-09-28 17:12:01,266] {dag.py:2972} INFO - Setting next_dagrun for example_trigger_target_dag to None, run_after=None
[2022-09-28 17:12:01,296] {processor.py:161} INFO - Processing /home/airflow/.local/lib/python3.7/site-packages/airflow/example_dags/example_trigger_target_dag.py took 0.258 seconds
[2022-09-28 17:12:31,612] {processor.py:153} INFO - Started process (PID=613) to work on /home/airflow/.local/lib/python3.7/site-packages/airflow/example_dags/example_trigger_target_dag.py
[2022-09-28 17:12:31,614] {processor.py:641} INFO - Processing file /home/airflow/.local/lib/python3.7/site-packages/airflow/example_dags/example_trigger_target_dag.py for tasks to queue
[2022-09-28 17:12:31,615] {logging_mixin.py:115} INFO - [2022-09-28 17:12:31,615] {dagbag.py:508} INFO - Filling up the DagBag from /home/airflow/.local/lib/python3.7/site-packages/airflow/example_dags/example_trigger_target_dag.py
[2022-09-28 17:12:31,779] {processor.py:651} INFO - DAG(s) dict_keys(['example_trigger_target_dag']) retrieved from /home/airflow/.local/lib/python3.7/site-packages/airflow/example_dags/example_trigger_target_dag.py
[2022-09-28 17:12:31,807] {logging_mixin.py:115} INFO - [2022-09-28 17:12:31,807] {dag.py:2420} INFO - Sync 1 DAGs
[2022-09-28 17:12:31,829] {logging_mixin.py:115} INFO - [2022-09-28 17:12:31,829] {dag.py:2972} INFO - Setting next_dagrun for example_trigger_target_dag to None, run_after=None
[2022-09-28 17:12:31,844] {processor.py:161} INFO - Processing /home/airflow/.local/lib/python3.7/site-packages/airflow/example_dags/example_trigger_target_dag.py took 0.235 seconds
[2022-09-28 17:13:02,153] {processor.py:153} INFO - Started process (PID=678) to work on /home/airflow/.local/lib/python3.7/site-packages/airflow/example_dags/example_trigger_target_dag.py
[2022-09-28 17:13:02,155] {processor.py:641} INFO - Processing file /home/airflow/.local/lib/python3.7/site-packages/airflow/example_dags/example_trigger_target_dag.py for tasks to queue
[2022-09-28 17:13:02,156] {logging_mixin.py:115} INFO - [2022-09-28 17:13:02,156] {dagbag.py:508} INFO - Filling up the DagBag from /home/airflow/.local/lib/python3.7/site-packages/airflow/example_dags/example_trigger_target_dag.py
[2022-09-28 17:13:02,310] {processor.py:651} INFO - DAG(s) dict_keys(['example_trigger_target_dag']) retrieved from /home/airflow/.local/lib/python3.7/site-packages/airflow/example_dags/example_trigger_target_dag.py
[2022-09-28 17:13:02,334] {logging_mixin.py:115} INFO - [2022-09-28 17:13:02,334] {dag.py:2420} INFO - Sync 1 DAGs
[2022-09-28 17:13:02,358] {logging_mixin.py:115} INFO - [2022-09-28 17:13:02,358] {dag.py:2972} INFO - Setting next_dagrun for example_trigger_target_dag to None, run_after=None
[2022-09-28 17:13:02,374] {processor.py:161} INFO - Processing /home/airflow/.local/lib/python3.7/site-packages/airflow/example_dags/example_trigger_target_dag.py took 0.226 seconds
[2022-09-28 17:13:32,468] {processor.py:153} INFO - Started process (PID=732) to work on /home/airflow/.local/lib/python3.7/site-packages/airflow/example_dags/example_trigger_target_dag.py
[2022-09-28 17:13:32,469] {processor.py:641} INFO - Processing file /home/airflow/.local/lib/python3.7/site-packages/airflow/example_dags/example_trigger_target_dag.py for tasks to queue
[2022-09-28 17:13:32,470] {logging_mixin.py:115} INFO - [2022-09-28 17:13:32,470] {dagbag.py:508} INFO - Filling up the DagBag from /home/airflow/.local/lib/python3.7/site-packages/airflow/example_dags/example_trigger_target_dag.py
[2022-09-28 17:13:32,500] {processor.py:651} INFO - DAG(s) dict_keys(['example_trigger_target_dag']) retrieved from /home/airflow/.local/lib/python3.7/site-packages/airflow/example_dags/example_trigger_target_dag.py
[2022-09-28 17:13:32,542] {logging_mixin.py:115} INFO - [2022-09-28 17:13:32,542] {dag.py:2420} INFO - Sync 1 DAGs
[2022-09-28 17:13:32,571] {logging_mixin.py:115} INFO - [2022-09-28 17:13:32,571] {dag.py:2972} INFO - Setting next_dagrun for example_trigger_target_dag to None, run_after=None
[2022-09-28 17:13:32,594] {processor.py:161} INFO - Processing /home/airflow/.local/lib/python3.7/site-packages/airflow/example_dags/example_trigger_target_dag.py took 0.130 seconds
[2022-09-28 17:14:02,630] {processor.py:153} INFO - Started process (PID=798) to work on /home/airflow/.local/lib/python3.7/site-packages/airflow/example_dags/example_trigger_target_dag.py
[2022-09-28 17:14:02,632] {processor.py:641} INFO - Processing file /home/airflow/.local/lib/python3.7/site-packages/airflow/example_dags/example_trigger_target_dag.py for tasks to queue
[2022-09-28 17:14:02,634] {logging_mixin.py:115} INFO - [2022-09-28 17:14:02,634] {dagbag.py:508} INFO - Filling up the DagBag from /home/airflow/.local/lib/python3.7/site-packages/airflow/example_dags/example_trigger_target_dag.py
[2022-09-28 17:14:02,662] {processor.py:651} INFO - DAG(s) dict_keys(['example_trigger_target_dag']) retrieved from /home/airflow/.local/lib/python3.7/site-packages/airflow/example_dags/example_trigger_target_dag.py
[2022-09-28 17:14:02,706] {logging_mixin.py:115} INFO - [2022-09-28 17:14:02,706] {dag.py:2420} INFO - Sync 1 DAGs
[2022-09-28 17:14:02,737] {logging_mixin.py:115} INFO - [2022-09-28 17:14:02,737] {dag.py:2972} INFO - Setting next_dagrun for example_trigger_target_dag to None, run_after=None
[2022-09-28 17:14:02,756] {processor.py:161} INFO - Processing /home/airflow/.local/lib/python3.7/site-packages/airflow/example_dags/example_trigger_target_dag.py took 0.132 seconds
[2022-09-28 17:14:33,570] {processor.py:153} INFO - Started process (PID=860) to work on /home/airflow/.local/lib/python3.7/site-packages/airflow/example_dags/example_trigger_target_dag.py
[2022-09-28 17:14:33,572] {processor.py:641} INFO - Processing file /home/airflow/.local/lib/python3.7/site-packages/airflow/example_dags/example_trigger_target_dag.py for tasks to queue
[2022-09-28 17:14:33,574] {logging_mixin.py:115} INFO - [2022-09-28 17:14:33,574] {dagbag.py:508} INFO - Filling up the DagBag from /home/airflow/.local/lib/python3.7/site-packages/airflow/example_dags/example_trigger_target_dag.py
[2022-09-28 17:14:33,595] {processor.py:651} INFO - DAG(s) dict_keys(['example_trigger_target_dag']) retrieved from /home/airflow/.local/lib/python3.7/site-packages/airflow/example_dags/example_trigger_target_dag.py
[2022-09-28 17:14:33,628] {logging_mixin.py:115} INFO - [2022-09-28 17:14:33,627] {dag.py:2420} INFO - Sync 1 DAGs
[2022-09-28 17:14:33,658] {logging_mixin.py:115} INFO - [2022-09-28 17:14:33,658] {dag.py:2972} INFO - Setting next_dagrun for example_trigger_target_dag to None, run_after=None
[2022-09-28 17:14:33,675] {processor.py:161} INFO - Processing /home/airflow/.local/lib/python3.7/site-packages/airflow/example_dags/example_trigger_target_dag.py took 0.110 seconds
[2022-09-28 17:15:04,063] {processor.py:153} INFO - Started process (PID=919) to work on /home/airflow/.local/lib/python3.7/site-packages/airflow/example_dags/example_trigger_target_dag.py
[2022-09-28 17:15:04,066] {processor.py:641} INFO - Processing file /home/airflow/.local/lib/python3.7/site-packages/airflow/example_dags/example_trigger_target_dag.py for tasks to queue
[2022-09-28 17:15:04,067] {logging_mixin.py:115} INFO - [2022-09-28 17:15:04,067] {dagbag.py:508} INFO - Filling up the DagBag from /home/airflow/.local/lib/python3.7/site-packages/airflow/example_dags/example_trigger_target_dag.py
[2022-09-28 17:15:04,086] {processor.py:651} INFO - DAG(s) dict_keys(['example_trigger_target_dag']) retrieved from /home/airflow/.local/lib/python3.7/site-packages/airflow/example_dags/example_trigger_target_dag.py
[2022-09-28 17:15:04,120] {logging_mixin.py:115} INFO - [2022-09-28 17:15:04,120] {dag.py:2420} INFO - Sync 1 DAGs
[2022-09-28 17:15:04,148] {logging_mixin.py:115} INFO - [2022-09-28 17:15:04,148] {dag.py:2972} INFO - Setting next_dagrun for example_trigger_target_dag to None, run_after=None
[2022-09-28 17:15:04,164] {processor.py:161} INFO - Processing /home/airflow/.local/lib/python3.7/site-packages/airflow/example_dags/example_trigger_target_dag.py took 0.105 seconds
[2022-09-28 17:15:34,825] {processor.py:153} INFO - Started process (PID=985) to work on /home/airflow/.local/lib/python3.7/site-packages/airflow/example_dags/example_trigger_target_dag.py
[2022-09-28 17:15:34,826] {processor.py:641} INFO - Processing file /home/airflow/.local/lib/python3.7/site-packages/airflow/example_dags/example_trigger_target_dag.py for tasks to queue
[2022-09-28 17:15:34,828] {logging_mixin.py:115} INFO - [2022-09-28 17:15:34,828] {dagbag.py:508} INFO - Filling up the DagBag from /home/airflow/.local/lib/python3.7/site-packages/airflow/example_dags/example_trigger_target_dag.py
[2022-09-28 17:15:34,850] {processor.py:651} INFO - DAG(s) dict_keys(['example_trigger_target_dag']) retrieved from /home/airflow/.local/lib/python3.7/site-packages/airflow/example_dags/example_trigger_target_dag.py
[2022-09-28 17:15:34,881] {logging_mixin.py:115} INFO - [2022-09-28 17:15:34,881] {dag.py:2420} INFO - Sync 1 DAGs
[2022-09-28 17:15:34,913] {logging_mixin.py:115} INFO - [2022-09-28 17:15:34,913] {dag.py:2972} INFO - Setting next_dagrun for example_trigger_target_dag to None, run_after=None
[2022-09-28 17:15:34,931] {processor.py:161} INFO - Processing /home/airflow/.local/lib/python3.7/site-packages/airflow/example_dags/example_trigger_target_dag.py took 0.110 seconds
[2022-09-28 17:16:05,374] {processor.py:153} INFO - Started process (PID=1040) to work on /home/airflow/.local/lib/python3.7/site-packages/airflow/example_dags/example_trigger_target_dag.py
[2022-09-28 17:16:05,376] {processor.py:641} INFO - Processing file /home/airflow/.local/lib/python3.7/site-packages/airflow/example_dags/example_trigger_target_dag.py for tasks to queue
[2022-09-28 17:16:05,378] {logging_mixin.py:115} INFO - [2022-09-28 17:16:05,378] {dagbag.py:508} INFO - Filling up the DagBag from /home/airflow/.local/lib/python3.7/site-packages/airflow/example_dags/example_trigger_target_dag.py
[2022-09-28 17:16:05,396] {processor.py:651} INFO - DAG(s) dict_keys(['example_trigger_target_dag']) retrieved from /home/airflow/.local/lib/python3.7/site-packages/airflow/example_dags/example_trigger_target_dag.py
[2022-09-28 17:16:05,428] {logging_mixin.py:115} INFO - [2022-09-28 17:16:05,428] {dag.py:2420} INFO - Sync 1 DAGs
[2022-09-28 17:16:05,476] {logging_mixin.py:115} INFO - [2022-09-28 17:16:05,476] {dag.py:2972} INFO - Setting next_dagrun for example_trigger_target_dag to None, run_after=None
[2022-09-28 17:16:05,500] {processor.py:161} INFO - Processing /home/airflow/.local/lib/python3.7/site-packages/airflow/example_dags/example_trigger_target_dag.py took 0.129 seconds
[2022-09-28 17:16:35,577] {processor.py:153} INFO - Started process (PID=1104) to work on /home/airflow/.local/lib/python3.7/site-packages/airflow/example_dags/example_trigger_target_dag.py
[2022-09-28 17:16:35,579] {processor.py:641} INFO - Processing file /home/airflow/.local/lib/python3.7/site-packages/airflow/example_dags/example_trigger_target_dag.py for tasks to queue
[2022-09-28 17:16:35,582] {logging_mixin.py:115} INFO - [2022-09-28 17:16:35,582] {dagbag.py:508} INFO - Filling up the DagBag from /home/airflow/.local/lib/python3.7/site-packages/airflow/example_dags/example_trigger_target_dag.py
[2022-09-28 17:16:35,613] {processor.py:651} INFO - DAG(s) dict_keys(['example_trigger_target_dag']) retrieved from /home/airflow/.local/lib/python3.7/site-packages/airflow/example_dags/example_trigger_target_dag.py
[2022-09-28 17:16:35,658] {logging_mixin.py:115} INFO - [2022-09-28 17:16:35,658] {dag.py:2420} INFO - Sync 1 DAGs
[2022-09-28 17:16:35,687] {logging_mixin.py:115} INFO - [2022-09-28 17:16:35,687] {dag.py:2972} INFO - Setting next_dagrun for example_trigger_target_dag to None, run_after=None
[2022-09-28 17:16:35,710] {processor.py:161} INFO - Processing /home/airflow/.local/lib/python3.7/site-packages/airflow/example_dags/example_trigger_target_dag.py took 0.139 seconds
[2022-09-28 17:17:05,872] {processor.py:153} INFO - Started process (PID=1171) to work on /home/airflow/.local/lib/python3.7/site-packages/airflow/example_dags/example_trigger_target_dag.py
[2022-09-28 17:17:05,873] {processor.py:641} INFO - Processing file /home/airflow/.local/lib/python3.7/site-packages/airflow/example_dags/example_trigger_target_dag.py for tasks to queue
[2022-09-28 17:17:05,875] {logging_mixin.py:115} INFO - [2022-09-28 17:17:05,875] {dagbag.py:508} INFO - Filling up the DagBag from /home/airflow/.local/lib/python3.7/site-packages/airflow/example_dags/example_trigger_target_dag.py
[2022-09-28 17:17:05,892] {processor.py:651} INFO - DAG(s) dict_keys(['example_trigger_target_dag']) retrieved from /home/airflow/.local/lib/python3.7/site-packages/airflow/example_dags/example_trigger_target_dag.py
[2022-09-28 17:17:05,922] {logging_mixin.py:115} INFO - [2022-09-28 17:17:05,921] {dag.py:2420} INFO - Sync 1 DAGs
[2022-09-28 17:17:05,947] {logging_mixin.py:115} INFO - [2022-09-28 17:17:05,947] {dag.py:2972} INFO - Setting next_dagrun for example_trigger_target_dag to None, run_after=None
[2022-09-28 17:17:05,963] {processor.py:161} INFO - Processing /home/airflow/.local/lib/python3.7/site-packages/airflow/example_dags/example_trigger_target_dag.py took 0.095 seconds
[2022-09-28 17:17:36,824] {processor.py:153} INFO - Started process (PID=1228) to work on /home/airflow/.local/lib/python3.7/site-packages/airflow/example_dags/example_trigger_target_dag.py
[2022-09-28 17:17:36,826] {processor.py:641} INFO - Processing file /home/airflow/.local/lib/python3.7/site-packages/airflow/example_dags/example_trigger_target_dag.py for tasks to queue
[2022-09-28 17:17:36,827] {logging_mixin.py:115} INFO - [2022-09-28 17:17:36,827] {dagbag.py:508} INFO - Filling up the DagBag from /home/airflow/.local/lib/python3.7/site-packages/airflow/example_dags/example_trigger_target_dag.py
[2022-09-28 17:17:36,856] {processor.py:651} INFO - DAG(s) dict_keys(['example_trigger_target_dag']) retrieved from /home/airflow/.local/lib/python3.7/site-packages/airflow/example_dags/example_trigger_target_dag.py
[2022-09-28 17:17:36,897] {logging_mixin.py:115} INFO - [2022-09-28 17:17:36,897] {dag.py:2420} INFO - Sync 1 DAGs
[2022-09-28 17:17:36,931] {logging_mixin.py:115} INFO - [2022-09-28 17:17:36,931] {dag.py:2972} INFO - Setting next_dagrun for example_trigger_target_dag to None, run_after=None
[2022-09-28 17:17:36,954] {processor.py:161} INFO - Processing /home/airflow/.local/lib/python3.7/site-packages/airflow/example_dags/example_trigger_target_dag.py took 0.137 seconds
[2022-09-28 17:18:07,401] {processor.py:153} INFO - Started process (PID=1293) to work on /home/airflow/.local/lib/python3.7/site-packages/airflow/example_dags/example_trigger_target_dag.py
[2022-09-28 17:18:07,403] {processor.py:641} INFO - Processing file /home/airflow/.local/lib/python3.7/site-packages/airflow/example_dags/example_trigger_target_dag.py for tasks to queue
[2022-09-28 17:18:07,405] {logging_mixin.py:115} INFO - [2022-09-28 17:18:07,405] {dagbag.py:508} INFO - Filling up the DagBag from /home/airflow/.local/lib/python3.7/site-packages/airflow/example_dags/example_trigger_target_dag.py
[2022-09-28 17:18:07,426] {processor.py:651} INFO - DAG(s) dict_keys(['example_trigger_target_dag']) retrieved from /home/airflow/.local/lib/python3.7/site-packages/airflow/example_dags/example_trigger_target_dag.py
[2022-09-28 17:18:07,458] {logging_mixin.py:115} INFO - [2022-09-28 17:18:07,458] {dag.py:2420} INFO - Sync 1 DAGs
[2022-09-28 17:18:07,485] {logging_mixin.py:115} INFO - [2022-09-28 17:18:07,485] {dag.py:2972} INFO - Setting next_dagrun for example_trigger_target_dag to None, run_after=None
[2022-09-28 17:18:07,500] {processor.py:161} INFO - Processing /home/airflow/.local/lib/python3.7/site-packages/airflow/example_dags/example_trigger_target_dag.py took 0.104 seconds
[2022-09-28 17:18:38,398] {processor.py:153} INFO - Started process (PID=1349) to work on /home/airflow/.local/lib/python3.7/site-packages/airflow/example_dags/example_trigger_target_dag.py
[2022-09-28 17:18:38,400] {processor.py:641} INFO - Processing file /home/airflow/.local/lib/python3.7/site-packages/airflow/example_dags/example_trigger_target_dag.py for tasks to queue
[2022-09-28 17:18:38,402] {logging_mixin.py:115} INFO - [2022-09-28 17:18:38,402] {dagbag.py:508} INFO - Filling up the DagBag from /home/airflow/.local/lib/python3.7/site-packages/airflow/example_dags/example_trigger_target_dag.py
[2022-09-28 17:18:38,437] {processor.py:651} INFO - DAG(s) dict_keys(['example_trigger_target_dag']) retrieved from /home/airflow/.local/lib/python3.7/site-packages/airflow/example_dags/example_trigger_target_dag.py
[2022-09-28 17:18:38,481] {logging_mixin.py:115} INFO - [2022-09-28 17:18:38,480] {dag.py:2420} INFO - Sync 1 DAGs
[2022-09-28 17:18:38,515] {logging_mixin.py:115} INFO - [2022-09-28 17:18:38,515] {dag.py:2972} INFO - Setting next_dagrun for example_trigger_target_dag to None, run_after=None
[2022-09-28 17:18:38,546] {processor.py:161} INFO - Processing /home/airflow/.local/lib/python3.7/site-packages/airflow/example_dags/example_trigger_target_dag.py took 0.154 seconds
[2022-09-28 17:19:09,006] {processor.py:153} INFO - Started process (PID=1414) to work on /home/airflow/.local/lib/python3.7/site-packages/airflow/example_dags/example_trigger_target_dag.py
[2022-09-28 17:19:09,010] {processor.py:641} INFO - Processing file /home/airflow/.local/lib/python3.7/site-packages/airflow/example_dags/example_trigger_target_dag.py for tasks to queue
[2022-09-28 17:19:09,013] {logging_mixin.py:115} INFO - [2022-09-28 17:19:09,012] {dagbag.py:508} INFO - Filling up the DagBag from /home/airflow/.local/lib/python3.7/site-packages/airflow/example_dags/example_trigger_target_dag.py
[2022-09-28 17:19:09,040] {processor.py:651} INFO - DAG(s) dict_keys(['example_trigger_target_dag']) retrieved from /home/airflow/.local/lib/python3.7/site-packages/airflow/example_dags/example_trigger_target_dag.py
[2022-09-28 17:19:09,106] {logging_mixin.py:115} INFO - [2022-09-28 17:19:09,106] {dag.py:2420} INFO - Sync 1 DAGs
[2022-09-28 17:19:09,147] {logging_mixin.py:115} INFO - [2022-09-28 17:19:09,147] {dag.py:2972} INFO - Setting next_dagrun for example_trigger_target_dag to None, run_after=None
[2022-09-28 17:19:09,162] {processor.py:161} INFO - Processing /home/airflow/.local/lib/python3.7/site-packages/airflow/example_dags/example_trigger_target_dag.py took 0.163 seconds
[2022-09-28 17:19:39,504] {processor.py:153} INFO - Started process (PID=1470) to work on /home/airflow/.local/lib/python3.7/site-packages/airflow/example_dags/example_trigger_target_dag.py
[2022-09-28 17:19:39,507] {processor.py:641} INFO - Processing file /home/airflow/.local/lib/python3.7/site-packages/airflow/example_dags/example_trigger_target_dag.py for tasks to queue
[2022-09-28 17:19:39,510] {logging_mixin.py:115} INFO - [2022-09-28 17:19:39,510] {dagbag.py:508} INFO - Filling up the DagBag from /home/airflow/.local/lib/python3.7/site-packages/airflow/example_dags/example_trigger_target_dag.py
[2022-09-28 17:19:39,541] {processor.py:651} INFO - DAG(s) dict_keys(['example_trigger_target_dag']) retrieved from /home/airflow/.local/lib/python3.7/site-packages/airflow/example_dags/example_trigger_target_dag.py
[2022-09-28 17:19:39,589] {logging_mixin.py:115} INFO - [2022-09-28 17:19:39,589] {dag.py:2420} INFO - Sync 1 DAGs
[2022-09-28 17:19:39,642] {logging_mixin.py:115} INFO - [2022-09-28 17:19:39,642] {dag.py:2972} INFO - Setting next_dagrun for example_trigger_target_dag to None, run_after=None
[2022-09-28 17:19:39,665] {processor.py:161} INFO - Processing /home/airflow/.local/lib/python3.7/site-packages/airflow/example_dags/example_trigger_target_dag.py took 0.168 seconds
[2022-09-28 17:20:10,552] {processor.py:153} INFO - Started process (PID=1535) to work on /home/airflow/.local/lib/python3.7/site-packages/airflow/example_dags/example_trigger_target_dag.py
[2022-09-28 17:20:10,553] {processor.py:641} INFO - Processing file /home/airflow/.local/lib/python3.7/site-packages/airflow/example_dags/example_trigger_target_dag.py for tasks to queue
[2022-09-28 17:20:10,555] {logging_mixin.py:115} INFO - [2022-09-28 17:20:10,555] {dagbag.py:508} INFO - Filling up the DagBag from /home/airflow/.local/lib/python3.7/site-packages/airflow/example_dags/example_trigger_target_dag.py
[2022-09-28 17:20:10,576] {processor.py:651} INFO - DAG(s) dict_keys(['example_trigger_target_dag']) retrieved from /home/airflow/.local/lib/python3.7/site-packages/airflow/example_dags/example_trigger_target_dag.py
[2022-09-28 17:20:10,607] {logging_mixin.py:115} INFO - [2022-09-28 17:20:10,607] {dag.py:2420} INFO - Sync 1 DAGs
[2022-09-28 17:20:10,637] {logging_mixin.py:115} INFO - [2022-09-28 17:20:10,637] {dag.py:2972} INFO - Setting next_dagrun for example_trigger_target_dag to None, run_after=None
[2022-09-28 17:20:10,659] {processor.py:161} INFO - Processing /home/airflow/.local/lib/python3.7/site-packages/airflow/example_dags/example_trigger_target_dag.py took 0.112 seconds
[2022-09-28 17:20:41,513] {processor.py:153} INFO - Started process (PID=1591) to work on /home/airflow/.local/lib/python3.7/site-packages/airflow/example_dags/example_trigger_target_dag.py
[2022-09-28 17:20:41,516] {processor.py:641} INFO - Processing file /home/airflow/.local/lib/python3.7/site-packages/airflow/example_dags/example_trigger_target_dag.py for tasks to queue
[2022-09-28 17:20:41,521] {logging_mixin.py:115} INFO - [2022-09-28 17:20:41,520] {dagbag.py:508} INFO - Filling up the DagBag from /home/airflow/.local/lib/python3.7/site-packages/airflow/example_dags/example_trigger_target_dag.py
[2022-09-28 17:20:41,563] {processor.py:651} INFO - DAG(s) dict_keys(['example_trigger_target_dag']) retrieved from /home/airflow/.local/lib/python3.7/site-packages/airflow/example_dags/example_trigger_target_dag.py
[2022-09-28 17:20:41,639] {logging_mixin.py:115} INFO - [2022-09-28 17:20:41,638] {dag.py:2420} INFO - Sync 1 DAGs
[2022-09-28 17:20:41,686] {logging_mixin.py:115} INFO - [2022-09-28 17:20:41,686] {dag.py:2972} INFO - Setting next_dagrun for example_trigger_target_dag to None, run_after=None
[2022-09-28 17:20:41,722] {processor.py:161} INFO - Processing /home/airflow/.local/lib/python3.7/site-packages/airflow/example_dags/example_trigger_target_dag.py took 0.221 seconds
[2022-09-28 17:21:12,249] {processor.py:153} INFO - Started process (PID=1656) to work on /home/airflow/.local/lib/python3.7/site-packages/airflow/example_dags/example_trigger_target_dag.py
[2022-09-28 17:21:12,251] {processor.py:641} INFO - Processing file /home/airflow/.local/lib/python3.7/site-packages/airflow/example_dags/example_trigger_target_dag.py for tasks to queue
[2022-09-28 17:21:12,252] {logging_mixin.py:115} INFO - [2022-09-28 17:21:12,252] {dagbag.py:508} INFO - Filling up the DagBag from /home/airflow/.local/lib/python3.7/site-packages/airflow/example_dags/example_trigger_target_dag.py
[2022-09-28 17:21:12,276] {processor.py:651} INFO - DAG(s) dict_keys(['example_trigger_target_dag']) retrieved from /home/airflow/.local/lib/python3.7/site-packages/airflow/example_dags/example_trigger_target_dag.py
[2022-09-28 17:21:12,327] {logging_mixin.py:115} INFO - [2022-09-28 17:21:12,327] {dag.py:2420} INFO - Sync 1 DAGs
[2022-09-28 17:21:12,372] {logging_mixin.py:115} INFO - [2022-09-28 17:21:12,372] {dag.py:2972} INFO - Setting next_dagrun for example_trigger_target_dag to None, run_after=None
[2022-09-28 17:21:12,422] {processor.py:161} INFO - Processing /home/airflow/.local/lib/python3.7/site-packages/airflow/example_dags/example_trigger_target_dag.py took 0.176 seconds
[2022-09-28 17:21:43,198] {processor.py:153} INFO - Started process (PID=1723) to work on /home/airflow/.local/lib/python3.7/site-packages/airflow/example_dags/example_trigger_target_dag.py
[2022-09-28 17:21:43,200] {processor.py:641} INFO - Processing file /home/airflow/.local/lib/python3.7/site-packages/airflow/example_dags/example_trigger_target_dag.py for tasks to queue
[2022-09-28 17:21:43,236] {logging_mixin.py:115} INFO - [2022-09-28 17:21:43,236] {dagbag.py:508} INFO - Filling up the DagBag from /home/airflow/.local/lib/python3.7/site-packages/airflow/example_dags/example_trigger_target_dag.py
[2022-09-28 17:21:43,303] {processor.py:651} INFO - DAG(s) dict_keys(['example_trigger_target_dag']) retrieved from /home/airflow/.local/lib/python3.7/site-packages/airflow/example_dags/example_trigger_target_dag.py
[2022-09-28 17:21:43,392] {logging_mixin.py:115} INFO - [2022-09-28 17:21:43,391] {dag.py:2420} INFO - Sync 1 DAGs
[2022-09-28 17:21:43,506] {logging_mixin.py:115} INFO - [2022-09-28 17:21:43,506] {dag.py:2972} INFO - Setting next_dagrun for example_trigger_target_dag to None, run_after=None
[2022-09-28 17:21:43,571] {processor.py:161} INFO - Processing /home/airflow/.local/lib/python3.7/site-packages/airflow/example_dags/example_trigger_target_dag.py took 0.377 seconds
[2022-09-28 17:22:14,560] {processor.py:153} INFO - Started process (PID=1778) to work on /home/airflow/.local/lib/python3.7/site-packages/airflow/example_dags/example_trigger_target_dag.py
[2022-09-28 17:22:14,561] {processor.py:641} INFO - Processing file /home/airflow/.local/lib/python3.7/site-packages/airflow/example_dags/example_trigger_target_dag.py for tasks to queue
[2022-09-28 17:22:14,562] {logging_mixin.py:115} INFO - [2022-09-28 17:22:14,562] {dagbag.py:508} INFO - Filling up the DagBag from /home/airflow/.local/lib/python3.7/site-packages/airflow/example_dags/example_trigger_target_dag.py
[2022-09-28 17:22:14,582] {processor.py:651} INFO - DAG(s) dict_keys(['example_trigger_target_dag']) retrieved from /home/airflow/.local/lib/python3.7/site-packages/airflow/example_dags/example_trigger_target_dag.py
[2022-09-28 17:22:14,612] {logging_mixin.py:115} INFO - [2022-09-28 17:22:14,612] {dag.py:2420} INFO - Sync 1 DAGs
[2022-09-28 17:22:14,638] {logging_mixin.py:115} INFO - [2022-09-28 17:22:14,638] {dag.py:2972} INFO - Setting next_dagrun for example_trigger_target_dag to None, run_after=None
[2022-09-28 17:22:14,660] {processor.py:161} INFO - Processing /home/airflow/.local/lib/python3.7/site-packages/airflow/example_dags/example_trigger_target_dag.py took 0.105 seconds
[2022-09-28 17:22:44,697] {processor.py:153} INFO - Started process (PID=1844) to work on /home/airflow/.local/lib/python3.7/site-packages/airflow/example_dags/example_trigger_target_dag.py
[2022-09-28 17:22:44,698] {processor.py:641} INFO - Processing file /home/airflow/.local/lib/python3.7/site-packages/airflow/example_dags/example_trigger_target_dag.py for tasks to queue
[2022-09-28 17:22:44,699] {logging_mixin.py:115} INFO - [2022-09-28 17:22:44,699] {dagbag.py:508} INFO - Filling up the DagBag from /home/airflow/.local/lib/python3.7/site-packages/airflow/example_dags/example_trigger_target_dag.py
[2022-09-28 17:22:44,717] {processor.py:651} INFO - DAG(s) dict_keys(['example_trigger_target_dag']) retrieved from /home/airflow/.local/lib/python3.7/site-packages/airflow/example_dags/example_trigger_target_dag.py
[2022-09-28 17:22:44,750] {logging_mixin.py:115} INFO - [2022-09-28 17:22:44,749] {dag.py:2420} INFO - Sync 1 DAGs
[2022-09-28 17:22:44,780] {logging_mixin.py:115} INFO - [2022-09-28 17:22:44,780] {dag.py:2972} INFO - Setting next_dagrun for example_trigger_target_dag to None, run_after=None
[2022-09-28 17:22:44,797] {processor.py:161} INFO - Processing /home/airflow/.local/lib/python3.7/site-packages/airflow/example_dags/example_trigger_target_dag.py took 0.105 seconds
[2022-09-28 17:23:15,310] {processor.py:153} INFO - Started process (PID=1901) to work on /home/airflow/.local/lib/python3.7/site-packages/airflow/example_dags/example_trigger_target_dag.py
[2022-09-28 17:23:15,328] {processor.py:641} INFO - Processing file /home/airflow/.local/lib/python3.7/site-packages/airflow/example_dags/example_trigger_target_dag.py for tasks to queue
[2022-09-28 17:23:15,332] {logging_mixin.py:115} INFO - [2022-09-28 17:23:15,331] {dagbag.py:508} INFO - Filling up the DagBag from /home/airflow/.local/lib/python3.7/site-packages/airflow/example_dags/example_trigger_target_dag.py
[2022-09-28 17:23:15,370] {processor.py:651} INFO - DAG(s) dict_keys(['example_trigger_target_dag']) retrieved from /home/airflow/.local/lib/python3.7/site-packages/airflow/example_dags/example_trigger_target_dag.py
[2022-09-28 17:23:15,420] {logging_mixin.py:115} INFO - [2022-09-28 17:23:15,420] {dag.py:2420} INFO - Sync 1 DAGs
[2022-09-28 17:23:15,460] {logging_mixin.py:115} INFO - [2022-09-28 17:23:15,460] {dag.py:2972} INFO - Setting next_dagrun for example_trigger_target_dag to None, run_after=None
[2022-09-28 17:23:15,485] {processor.py:161} INFO - Processing /home/airflow/.local/lib/python3.7/site-packages/airflow/example_dags/example_trigger_target_dag.py took 0.179 seconds
[2022-09-28 17:23:46,390] {processor.py:153} INFO - Started process (PID=1966) to work on /home/airflow/.local/lib/python3.7/site-packages/airflow/example_dags/example_trigger_target_dag.py
[2022-09-28 17:23:46,392] {processor.py:641} INFO - Processing file /home/airflow/.local/lib/python3.7/site-packages/airflow/example_dags/example_trigger_target_dag.py for tasks to queue
[2022-09-28 17:23:46,394] {logging_mixin.py:115} INFO - [2022-09-28 17:23:46,394] {dagbag.py:508} INFO - Filling up the DagBag from /home/airflow/.local/lib/python3.7/site-packages/airflow/example_dags/example_trigger_target_dag.py
[2022-09-28 17:23:46,429] {processor.py:651} INFO - DAG(s) dict_keys(['example_trigger_target_dag']) retrieved from /home/airflow/.local/lib/python3.7/site-packages/airflow/example_dags/example_trigger_target_dag.py
[2022-09-28 17:23:46,471] {logging_mixin.py:115} INFO - [2022-09-28 17:23:46,471] {dag.py:2420} INFO - Sync 1 DAGs
[2022-09-28 17:23:46,503] {logging_mixin.py:115} INFO - [2022-09-28 17:23:46,503] {dag.py:2972} INFO - Setting next_dagrun for example_trigger_target_dag to None, run_after=None
[2022-09-28 17:23:46,547] {processor.py:161} INFO - Processing /home/airflow/.local/lib/python3.7/site-packages/airflow/example_dags/example_trigger_target_dag.py took 0.164 seconds
[2022-09-28 17:24:16,991] {processor.py:153} INFO - Started process (PID=2032) to work on /home/airflow/.local/lib/python3.7/site-packages/airflow/example_dags/example_trigger_target_dag.py
[2022-09-28 17:24:16,994] {processor.py:641} INFO - Processing file /home/airflow/.local/lib/python3.7/site-packages/airflow/example_dags/example_trigger_target_dag.py for tasks to queue
[2022-09-28 17:24:16,997] {logging_mixin.py:115} INFO - [2022-09-28 17:24:16,997] {dagbag.py:508} INFO - Filling up the DagBag from /home/airflow/.local/lib/python3.7/site-packages/airflow/example_dags/example_trigger_target_dag.py
[2022-09-28 17:24:17,049] {processor.py:651} INFO - DAG(s) dict_keys(['example_trigger_target_dag']) retrieved from /home/airflow/.local/lib/python3.7/site-packages/airflow/example_dags/example_trigger_target_dag.py
[2022-09-28 17:24:17,136] {logging_mixin.py:115} INFO - [2022-09-28 17:24:17,136] {dag.py:2420} INFO - Sync 1 DAGs
[2022-09-28 17:24:17,239] {logging_mixin.py:115} INFO - [2022-09-28 17:24:17,239] {dag.py:2972} INFO - Setting next_dagrun for example_trigger_target_dag to None, run_after=None
[2022-09-28 17:24:17,375] {processor.py:161} INFO - Processing /home/airflow/.local/lib/python3.7/site-packages/airflow/example_dags/example_trigger_target_dag.py took 0.398 seconds
[2022-09-28 17:24:48,013] {processor.py:153} INFO - Started process (PID=2089) to work on /home/airflow/.local/lib/python3.7/site-packages/airflow/example_dags/example_trigger_target_dag.py
[2022-09-28 17:24:48,016] {processor.py:641} INFO - Processing file /home/airflow/.local/lib/python3.7/site-packages/airflow/example_dags/example_trigger_target_dag.py for tasks to queue
[2022-09-28 17:24:48,017] {logging_mixin.py:115} INFO - [2022-09-28 17:24:48,017] {dagbag.py:508} INFO - Filling up the DagBag from /home/airflow/.local/lib/python3.7/site-packages/airflow/example_dags/example_trigger_target_dag.py
[2022-09-28 17:24:48,041] {processor.py:651} INFO - DAG(s) dict_keys(['example_trigger_target_dag']) retrieved from /home/airflow/.local/lib/python3.7/site-packages/airflow/example_dags/example_trigger_target_dag.py
[2022-09-28 17:24:48,075] {logging_mixin.py:115} INFO - [2022-09-28 17:24:48,075] {dag.py:2420} INFO - Sync 1 DAGs
[2022-09-28 17:24:48,101] {logging_mixin.py:115} INFO - [2022-09-28 17:24:48,101] {dag.py:2972} INFO - Setting next_dagrun for example_trigger_target_dag to None, run_after=None
[2022-09-28 17:24:48,116] {processor.py:161} INFO - Processing /home/airflow/.local/lib/python3.7/site-packages/airflow/example_dags/example_trigger_target_dag.py took 0.107 seconds
[2022-09-28 17:25:18,198] {processor.py:153} INFO - Started process (PID=2155) to work on /home/airflow/.local/lib/python3.7/site-packages/airflow/example_dags/example_trigger_target_dag.py
[2022-09-28 17:25:18,200] {processor.py:641} INFO - Processing file /home/airflow/.local/lib/python3.7/site-packages/airflow/example_dags/example_trigger_target_dag.py for tasks to queue
[2022-09-28 17:25:18,201] {logging_mixin.py:115} INFO - [2022-09-28 17:25:18,201] {dagbag.py:508} INFO - Filling up the DagBag from /home/airflow/.local/lib/python3.7/site-packages/airflow/example_dags/example_trigger_target_dag.py
[2022-09-28 17:25:18,228] {processor.py:651} INFO - DAG(s) dict_keys(['example_trigger_target_dag']) retrieved from /home/airflow/.local/lib/python3.7/site-packages/airflow/example_dags/example_trigger_target_dag.py
[2022-09-28 17:25:18,284] {logging_mixin.py:115} INFO - [2022-09-28 17:25:18,283] {dag.py:2420} INFO - Sync 1 DAGs
[2022-09-28 17:25:18,336] {logging_mixin.py:115} INFO - [2022-09-28 17:25:18,336] {dag.py:2972} INFO - Setting next_dagrun for example_trigger_target_dag to None, run_after=None
[2022-09-28 17:25:18,351] {processor.py:161} INFO - Processing /home/airflow/.local/lib/python3.7/site-packages/airflow/example_dags/example_trigger_target_dag.py took 0.156 seconds
[2022-09-28 17:25:48,489] {processor.py:153} INFO - Started process (PID=2211) to work on /home/airflow/.local/lib/python3.7/site-packages/airflow/example_dags/example_trigger_target_dag.py
[2022-09-28 17:25:48,492] {processor.py:641} INFO - Processing file /home/airflow/.local/lib/python3.7/site-packages/airflow/example_dags/example_trigger_target_dag.py for tasks to queue
[2022-09-28 17:25:48,494] {logging_mixin.py:115} INFO - [2022-09-28 17:25:48,494] {dagbag.py:508} INFO - Filling up the DagBag from /home/airflow/.local/lib/python3.7/site-packages/airflow/example_dags/example_trigger_target_dag.py
[2022-09-28 17:25:48,520] {processor.py:651} INFO - DAG(s) dict_keys(['example_trigger_target_dag']) retrieved from /home/airflow/.local/lib/python3.7/site-packages/airflow/example_dags/example_trigger_target_dag.py
[2022-09-28 17:25:48,557] {logging_mixin.py:115} INFO - [2022-09-28 17:25:48,557] {dag.py:2420} INFO - Sync 1 DAGs
[2022-09-28 17:25:48,588] {logging_mixin.py:115} INFO - [2022-09-28 17:25:48,588] {dag.py:2972} INFO - Setting next_dagrun for example_trigger_target_dag to None, run_after=None
[2022-09-28 17:25:48,607] {processor.py:161} INFO - Processing /home/airflow/.local/lib/python3.7/site-packages/airflow/example_dags/example_trigger_target_dag.py took 0.124 seconds
[2022-09-28 17:26:18,791] {processor.py:153} INFO - Started process (PID=2278) to work on /home/airflow/.local/lib/python3.7/site-packages/airflow/example_dags/example_trigger_target_dag.py
[2022-09-28 17:26:18,792] {processor.py:641} INFO - Processing file /home/airflow/.local/lib/python3.7/site-packages/airflow/example_dags/example_trigger_target_dag.py for tasks to queue
[2022-09-28 17:26:18,793] {logging_mixin.py:115} INFO - [2022-09-28 17:26:18,793] {dagbag.py:508} INFO - Filling up the DagBag from /home/airflow/.local/lib/python3.7/site-packages/airflow/example_dags/example_trigger_target_dag.py
[2022-09-28 17:26:18,816] {processor.py:651} INFO - DAG(s) dict_keys(['example_trigger_target_dag']) retrieved from /home/airflow/.local/lib/python3.7/site-packages/airflow/example_dags/example_trigger_target_dag.py
[2022-09-28 17:26:18,853] {logging_mixin.py:115} INFO - [2022-09-28 17:26:18,852] {dag.py:2420} INFO - Sync 1 DAGs
[2022-09-28 17:26:18,887] {logging_mixin.py:115} INFO - [2022-09-28 17:26:18,887] {dag.py:2972} INFO - Setting next_dagrun for example_trigger_target_dag to None, run_after=None
[2022-09-28 17:26:18,906] {processor.py:161} INFO - Processing /home/airflow/.local/lib/python3.7/site-packages/airflow/example_dags/example_trigger_target_dag.py took 0.121 seconds
[2022-09-28 17:26:49,206] {processor.py:153} INFO - Started process (PID=2333) to work on /home/airflow/.local/lib/python3.7/site-packages/airflow/example_dags/example_trigger_target_dag.py
[2022-09-28 17:26:49,207] {processor.py:641} INFO - Processing file /home/airflow/.local/lib/python3.7/site-packages/airflow/example_dags/example_trigger_target_dag.py for tasks to queue
[2022-09-28 17:26:49,209] {logging_mixin.py:115} INFO - [2022-09-28 17:26:49,208] {dagbag.py:508} INFO - Filling up the DagBag from /home/airflow/.local/lib/python3.7/site-packages/airflow/example_dags/example_trigger_target_dag.py
[2022-09-28 17:26:49,231] {processor.py:651} INFO - DAG(s) dict_keys(['example_trigger_target_dag']) retrieved from /home/airflow/.local/lib/python3.7/site-packages/airflow/example_dags/example_trigger_target_dag.py
[2022-09-28 17:26:49,264] {logging_mixin.py:115} INFO - [2022-09-28 17:26:49,264] {dag.py:2420} INFO - Sync 1 DAGs
[2022-09-28 17:26:49,291] {logging_mixin.py:115} INFO - [2022-09-28 17:26:49,290] {dag.py:2972} INFO - Setting next_dagrun for example_trigger_target_dag to None, run_after=None
[2022-09-28 17:26:49,310] {processor.py:161} INFO - Processing /home/airflow/.local/lib/python3.7/site-packages/airflow/example_dags/example_trigger_target_dag.py took 0.108 seconds
[2022-09-28 17:27:20,095] {processor.py:153} INFO - Started process (PID=2398) to work on /home/airflow/.local/lib/python3.7/site-packages/airflow/example_dags/example_trigger_target_dag.py
[2022-09-28 17:27:20,098] {processor.py:641} INFO - Processing file /home/airflow/.local/lib/python3.7/site-packages/airflow/example_dags/example_trigger_target_dag.py for tasks to queue
[2022-09-28 17:27:20,099] {logging_mixin.py:115} INFO - [2022-09-28 17:27:20,099] {dagbag.py:508} INFO - Filling up the DagBag from /home/airflow/.local/lib/python3.7/site-packages/airflow/example_dags/example_trigger_target_dag.py
[2022-09-28 17:27:20,136] {processor.py:651} INFO - DAG(s) dict_keys(['example_trigger_target_dag']) retrieved from /home/airflow/.local/lib/python3.7/site-packages/airflow/example_dags/example_trigger_target_dag.py
[2022-09-28 17:27:20,181] {logging_mixin.py:115} INFO - [2022-09-28 17:27:20,181] {dag.py:2420} INFO - Sync 1 DAGs
[2022-09-28 17:27:20,216] {logging_mixin.py:115} INFO - [2022-09-28 17:27:20,216] {dag.py:2972} INFO - Setting next_dagrun for example_trigger_target_dag to None, run_after=None
[2022-09-28 17:27:20,255] {processor.py:161} INFO - Processing /home/airflow/.local/lib/python3.7/site-packages/airflow/example_dags/example_trigger_target_dag.py took 0.166 seconds
[2022-09-28 17:27:51,129] {processor.py:153} INFO - Started process (PID=2464) to work on /home/airflow/.local/lib/python3.7/site-packages/airflow/example_dags/example_trigger_target_dag.py
[2022-09-28 17:27:51,133] {processor.py:641} INFO - Processing file /home/airflow/.local/lib/python3.7/site-packages/airflow/example_dags/example_trigger_target_dag.py for tasks to queue
[2022-09-28 17:27:51,146] {logging_mixin.py:115} INFO - [2022-09-28 17:27:51,146] {dagbag.py:508} INFO - Filling up the DagBag from /home/airflow/.local/lib/python3.7/site-packages/airflow/example_dags/example_trigger_target_dag.py
[2022-09-28 17:27:51,224] {processor.py:651} INFO - DAG(s) dict_keys(['example_trigger_target_dag']) retrieved from /home/airflow/.local/lib/python3.7/site-packages/airflow/example_dags/example_trigger_target_dag.py
[2022-09-28 17:27:51,304] {logging_mixin.py:115} INFO - [2022-09-28 17:27:51,304] {dag.py:2420} INFO - Sync 1 DAGs
[2022-09-28 17:27:51,365] {logging_mixin.py:115} INFO - [2022-09-28 17:27:51,365] {dag.py:2972} INFO - Setting next_dagrun for example_trigger_target_dag to None, run_after=None
[2022-09-28 17:27:51,443] {processor.py:161} INFO - Processing /home/airflow/.local/lib/python3.7/site-packages/airflow/example_dags/example_trigger_target_dag.py took 0.334 seconds
[2022-09-28 17:28:22,772] {processor.py:153} INFO - Started process (PID=2525) to work on /home/airflow/.local/lib/python3.7/site-packages/airflow/example_dags/example_trigger_target_dag.py
[2022-09-28 17:28:22,776] {processor.py:641} INFO - Processing file /home/airflow/.local/lib/python3.7/site-packages/airflow/example_dags/example_trigger_target_dag.py for tasks to queue
[2022-09-28 17:28:22,778] {logging_mixin.py:115} INFO - [2022-09-28 17:28:22,778] {dagbag.py:508} INFO - Filling up the DagBag from /home/airflow/.local/lib/python3.7/site-packages/airflow/example_dags/example_trigger_target_dag.py
[2022-09-28 17:28:22,848] {processor.py:651} INFO - DAG(s) dict_keys(['example_trigger_target_dag']) retrieved from /home/airflow/.local/lib/python3.7/site-packages/airflow/example_dags/example_trigger_target_dag.py
[2022-09-28 17:28:22,983] {logging_mixin.py:115} INFO - [2022-09-28 17:28:22,983] {dag.py:2420} INFO - Sync 1 DAGs
[2022-09-28 17:28:23,063] {logging_mixin.py:115} INFO - [2022-09-28 17:28:23,063] {dag.py:2972} INFO - Setting next_dagrun for example_trigger_target_dag to None, run_after=None
[2022-09-28 17:28:23,106] {processor.py:161} INFO - Processing /home/airflow/.local/lib/python3.7/site-packages/airflow/example_dags/example_trigger_target_dag.py took 0.341 seconds
[2022-09-28 17:28:53,451] {processor.py:153} INFO - Started process (PID=2592) to work on /home/airflow/.local/lib/python3.7/site-packages/airflow/example_dags/example_trigger_target_dag.py
[2022-09-28 17:28:53,453] {processor.py:641} INFO - Processing file /home/airflow/.local/lib/python3.7/site-packages/airflow/example_dags/example_trigger_target_dag.py for tasks to queue
[2022-09-28 17:28:53,455] {logging_mixin.py:115} INFO - [2022-09-28 17:28:53,455] {dagbag.py:508} INFO - Filling up the DagBag from /home/airflow/.local/lib/python3.7/site-packages/airflow/example_dags/example_trigger_target_dag.py
[2022-09-28 17:28:53,479] {processor.py:651} INFO - DAG(s) dict_keys(['example_trigger_target_dag']) retrieved from /home/airflow/.local/lib/python3.7/site-packages/airflow/example_dags/example_trigger_target_dag.py
[2022-09-28 17:28:53,534] {logging_mixin.py:115} INFO - [2022-09-28 17:28:53,534] {dag.py:2420} INFO - Sync 1 DAGs
[2022-09-28 17:28:53,578] {logging_mixin.py:115} INFO - [2022-09-28 17:28:53,578] {dag.py:2972} INFO - Setting next_dagrun for example_trigger_target_dag to None, run_after=None
[2022-09-28 17:28:53,624] {processor.py:161} INFO - Processing /home/airflow/.local/lib/python3.7/site-packages/airflow/example_dags/example_trigger_target_dag.py took 0.179 seconds
[2022-09-28 17:29:23,854] {processor.py:153} INFO - Started process (PID=2647) to work on /home/airflow/.local/lib/python3.7/site-packages/airflow/example_dags/example_trigger_target_dag.py
[2022-09-28 17:29:23,856] {processor.py:641} INFO - Processing file /home/airflow/.local/lib/python3.7/site-packages/airflow/example_dags/example_trigger_target_dag.py for tasks to queue
[2022-09-28 17:29:23,857] {logging_mixin.py:115} INFO - [2022-09-28 17:29:23,857] {dagbag.py:508} INFO - Filling up the DagBag from /home/airflow/.local/lib/python3.7/site-packages/airflow/example_dags/example_trigger_target_dag.py
[2022-09-28 17:29:23,876] {processor.py:651} INFO - DAG(s) dict_keys(['example_trigger_target_dag']) retrieved from /home/airflow/.local/lib/python3.7/site-packages/airflow/example_dags/example_trigger_target_dag.py
[2022-09-28 17:29:23,907] {logging_mixin.py:115} INFO - [2022-09-28 17:29:23,907] {dag.py:2420} INFO - Sync 1 DAGs
[2022-09-28 17:29:23,933] {logging_mixin.py:115} INFO - [2022-09-28 17:29:23,932] {dag.py:2972} INFO - Setting next_dagrun for example_trigger_target_dag to None, run_after=None
[2022-09-28 17:29:23,951] {processor.py:161} INFO - Processing /home/airflow/.local/lib/python3.7/site-packages/airflow/example_dags/example_trigger_target_dag.py took 0.102 seconds
[2022-09-28 17:29:54,378] {processor.py:153} INFO - Started process (PID=2717) to work on /home/airflow/.local/lib/python3.7/site-packages/airflow/example_dags/example_trigger_target_dag.py
[2022-09-28 17:29:54,380] {processor.py:641} INFO - Processing file /home/airflow/.local/lib/python3.7/site-packages/airflow/example_dags/example_trigger_target_dag.py for tasks to queue
[2022-09-28 17:29:54,381] {logging_mixin.py:115} INFO - [2022-09-28 17:29:54,381] {dagbag.py:508} INFO - Filling up the DagBag from /home/airflow/.local/lib/python3.7/site-packages/airflow/example_dags/example_trigger_target_dag.py
[2022-09-28 17:29:54,400] {processor.py:651} INFO - DAG(s) dict_keys(['example_trigger_target_dag']) retrieved from /home/airflow/.local/lib/python3.7/site-packages/airflow/example_dags/example_trigger_target_dag.py
[2022-09-28 17:29:54,430] {logging_mixin.py:115} INFO - [2022-09-28 17:29:54,430] {dag.py:2420} INFO - Sync 1 DAGs
[2022-09-28 17:29:54,454] {logging_mixin.py:115} INFO - [2022-09-28 17:29:54,454] {dag.py:2972} INFO - Setting next_dagrun for example_trigger_target_dag to None, run_after=None
[2022-09-28 17:29:54,469] {processor.py:161} INFO - Processing /home/airflow/.local/lib/python3.7/site-packages/airflow/example_dags/example_trigger_target_dag.py took 0.094 seconds
[2022-09-28 17:30:25,404] {processor.py:153} INFO - Started process (PID=2774) to work on /home/airflow/.local/lib/python3.7/site-packages/airflow/example_dags/example_trigger_target_dag.py
[2022-09-28 17:30:25,406] {processor.py:641} INFO - Processing file /home/airflow/.local/lib/python3.7/site-packages/airflow/example_dags/example_trigger_target_dag.py for tasks to queue
[2022-09-28 17:30:25,407] {logging_mixin.py:115} INFO - [2022-09-28 17:30:25,407] {dagbag.py:508} INFO - Filling up the DagBag from /home/airflow/.local/lib/python3.7/site-packages/airflow/example_dags/example_trigger_target_dag.py
[2022-09-28 17:30:25,423] {processor.py:651} INFO - DAG(s) dict_keys(['example_trigger_target_dag']) retrieved from /home/airflow/.local/lib/python3.7/site-packages/airflow/example_dags/example_trigger_target_dag.py
[2022-09-28 17:30:25,451] {logging_mixin.py:115} INFO - [2022-09-28 17:30:25,451] {dag.py:2420} INFO - Sync 1 DAGs
[2022-09-28 17:30:25,475] {logging_mixin.py:115} INFO - [2022-09-28 17:30:25,475] {dag.py:2972} INFO - Setting next_dagrun for example_trigger_target_dag to None, run_after=None
[2022-09-28 17:30:25,489] {processor.py:161} INFO - Processing /home/airflow/.local/lib/python3.7/site-packages/airflow/example_dags/example_trigger_target_dag.py took 0.089 seconds
[2022-09-28 17:30:55,794] {processor.py:153} INFO - Started process (PID=2841) to work on /home/airflow/.local/lib/python3.7/site-packages/airflow/example_dags/example_trigger_target_dag.py
[2022-09-28 17:30:55,796] {processor.py:641} INFO - Processing file /home/airflow/.local/lib/python3.7/site-packages/airflow/example_dags/example_trigger_target_dag.py for tasks to queue
[2022-09-28 17:30:55,797] {logging_mixin.py:115} INFO - [2022-09-28 17:30:55,797] {dagbag.py:508} INFO - Filling up the DagBag from /home/airflow/.local/lib/python3.7/site-packages/airflow/example_dags/example_trigger_target_dag.py
[2022-09-28 17:30:55,814] {processor.py:651} INFO - DAG(s) dict_keys(['example_trigger_target_dag']) retrieved from /home/airflow/.local/lib/python3.7/site-packages/airflow/example_dags/example_trigger_target_dag.py
[2022-09-28 17:30:55,861] {logging_mixin.py:115} INFO - [2022-09-28 17:30:55,861] {dag.py:2420} INFO - Sync 1 DAGs
[2022-09-28 17:30:55,892] {logging_mixin.py:115} INFO - [2022-09-28 17:30:55,891] {dag.py:2972} INFO - Setting next_dagrun for example_trigger_target_dag to None, run_after=None
[2022-09-28 17:30:55,906] {processor.py:161} INFO - Processing /home/airflow/.local/lib/python3.7/site-packages/airflow/example_dags/example_trigger_target_dag.py took 0.115 seconds
[2022-09-28 17:31:26,089] {processor.py:153} INFO - Started process (PID=2905) to work on /home/airflow/.local/lib/python3.7/site-packages/airflow/example_dags/example_trigger_target_dag.py
[2022-09-28 17:31:26,090] {processor.py:641} INFO - Processing file /home/airflow/.local/lib/python3.7/site-packages/airflow/example_dags/example_trigger_target_dag.py for tasks to queue
[2022-09-28 17:31:26,092] {logging_mixin.py:115} INFO - [2022-09-28 17:31:26,092] {dagbag.py:508} INFO - Filling up the DagBag from /home/airflow/.local/lib/python3.7/site-packages/airflow/example_dags/example_trigger_target_dag.py
[2022-09-28 17:31:26,117] {processor.py:651} INFO - DAG(s) dict_keys(['example_trigger_target_dag']) retrieved from /home/airflow/.local/lib/python3.7/site-packages/airflow/example_dags/example_trigger_target_dag.py
[2022-09-28 17:31:26,162] {logging_mixin.py:115} INFO - [2022-09-28 17:31:26,162] {dag.py:2420} INFO - Sync 1 DAGs
[2022-09-28 17:31:26,198] {logging_mixin.py:115} INFO - [2022-09-28 17:31:26,198] {dag.py:2972} INFO - Setting next_dagrun for example_trigger_target_dag to None, run_after=None
[2022-09-28 17:31:26,224] {processor.py:161} INFO - Processing /home/airflow/.local/lib/python3.7/site-packages/airflow/example_dags/example_trigger_target_dag.py took 0.140 seconds
[2022-09-28 17:36:42,472] {processor.py:153} INFO - Started process (PID=117) to work on /home/airflow/.local/lib/python3.7/site-packages/airflow/example_dags/example_trigger_target_dag.py
[2022-09-28 17:36:42,487] {processor.py:641} INFO - Processing file /home/airflow/.local/lib/python3.7/site-packages/airflow/example_dags/example_trigger_target_dag.py for tasks to queue
[2022-09-28 17:36:42,495] {logging_mixin.py:115} INFO - [2022-09-28 17:36:42,495] {dagbag.py:508} INFO - Filling up the DagBag from /home/airflow/.local/lib/python3.7/site-packages/airflow/example_dags/example_trigger_target_dag.py
[2022-09-28 17:36:42,909] {processor.py:651} INFO - DAG(s) dict_keys(['example_trigger_target_dag']) retrieved from /home/airflow/.local/lib/python3.7/site-packages/airflow/example_dags/example_trigger_target_dag.py
[2022-09-28 17:36:43,230] {logging_mixin.py:115} INFO - [2022-09-28 17:36:43,230] {manager.py:508} INFO - Created Permission View: can read on DAG:example_trigger_target_dag
[2022-09-28 17:36:43,264] {logging_mixin.py:115} INFO - [2022-09-28 17:36:43,264] {manager.py:508} INFO - Created Permission View: can delete on DAG:example_trigger_target_dag
[2022-09-28 17:36:43,290] {logging_mixin.py:115} INFO - [2022-09-28 17:36:43,290] {manager.py:508} INFO - Created Permission View: can edit on DAG:example_trigger_target_dag
[2022-09-28 17:36:43,291] {logging_mixin.py:115} INFO - [2022-09-28 17:36:43,291] {dag.py:2420} INFO - Sync 1 DAGs
[2022-09-28 17:36:43,317] {logging_mixin.py:115} INFO - [2022-09-28 17:36:43,317] {dag.py:2439} INFO - Creating ORM DAG for example_trigger_target_dag
[2022-09-28 17:36:43,350] {logging_mixin.py:115} INFO - [2022-09-28 17:36:43,350] {dag.py:2972} INFO - Setting next_dagrun for example_trigger_target_dag to None, run_after=None
[2022-09-28 17:36:43,388] {processor.py:161} INFO - Processing /home/airflow/.local/lib/python3.7/site-packages/airflow/example_dags/example_trigger_target_dag.py took 0.931 seconds
[2022-09-28 17:37:13,783] {processor.py:153} INFO - Started process (PID=173) to work on /home/airflow/.local/lib/python3.7/site-packages/airflow/example_dags/example_trigger_target_dag.py
[2022-09-28 17:37:13,786] {processor.py:641} INFO - Processing file /home/airflow/.local/lib/python3.7/site-packages/airflow/example_dags/example_trigger_target_dag.py for tasks to queue
[2022-09-28 17:37:13,788] {logging_mixin.py:115} INFO - [2022-09-28 17:37:13,788] {dagbag.py:508} INFO - Filling up the DagBag from /home/airflow/.local/lib/python3.7/site-packages/airflow/example_dags/example_trigger_target_dag.py
[2022-09-28 17:37:13,970] {processor.py:651} INFO - DAG(s) dict_keys(['example_trigger_target_dag']) retrieved from /home/airflow/.local/lib/python3.7/site-packages/airflow/example_dags/example_trigger_target_dag.py
[2022-09-28 17:37:13,996] {logging_mixin.py:115} INFO - [2022-09-28 17:37:13,996] {dag.py:2420} INFO - Sync 1 DAGs
[2022-09-28 17:37:14,023] {logging_mixin.py:115} INFO - [2022-09-28 17:37:14,023] {dag.py:2972} INFO - Setting next_dagrun for example_trigger_target_dag to None, run_after=None
[2022-09-28 17:37:14,039] {processor.py:161} INFO - Processing /home/airflow/.local/lib/python3.7/site-packages/airflow/example_dags/example_trigger_target_dag.py took 0.269 seconds
[2022-09-28 17:37:44,644] {processor.py:153} INFO - Started process (PID=239) to work on /home/airflow/.local/lib/python3.7/site-packages/airflow/example_dags/example_trigger_target_dag.py
[2022-09-28 17:37:44,646] {processor.py:641} INFO - Processing file /home/airflow/.local/lib/python3.7/site-packages/airflow/example_dags/example_trigger_target_dag.py for tasks to queue
[2022-09-28 17:37:44,649] {logging_mixin.py:115} INFO - [2022-09-28 17:37:44,648] {dagbag.py:508} INFO - Filling up the DagBag from /home/airflow/.local/lib/python3.7/site-packages/airflow/example_dags/example_trigger_target_dag.py
[2022-09-28 17:37:44,835] {processor.py:651} INFO - DAG(s) dict_keys(['example_trigger_target_dag']) retrieved from /home/airflow/.local/lib/python3.7/site-packages/airflow/example_dags/example_trigger_target_dag.py
[2022-09-28 17:37:44,887] {logging_mixin.py:115} INFO - [2022-09-28 17:37:44,886] {dag.py:2420} INFO - Sync 1 DAGs
[2022-09-28 17:37:44,945] {logging_mixin.py:115} INFO - [2022-09-28 17:37:44,945] {dag.py:2972} INFO - Setting next_dagrun for example_trigger_target_dag to None, run_after=None
[2022-09-28 17:37:45,029] {processor.py:161} INFO - Processing /home/airflow/.local/lib/python3.7/site-packages/airflow/example_dags/example_trigger_target_dag.py took 0.392 seconds
[2022-09-28 17:38:22,339] {processor.py:153} INFO - Started process (PID=312) to work on /home/airflow/.local/lib/python3.7/site-packages/airflow/example_dags/example_trigger_target_dag.py
[2022-09-28 17:38:22,347] {processor.py:641} INFO - Processing file /home/airflow/.local/lib/python3.7/site-packages/airflow/example_dags/example_trigger_target_dag.py for tasks to queue
[2022-09-28 17:38:22,357] {logging_mixin.py:115} INFO - [2022-09-28 17:38:22,357] {dagbag.py:508} INFO - Filling up the DagBag from /home/airflow/.local/lib/python3.7/site-packages/airflow/example_dags/example_trigger_target_dag.py
[2022-09-28 17:38:24,364] {processor.py:651} INFO - DAG(s) dict_keys(['example_trigger_target_dag']) retrieved from /home/airflow/.local/lib/python3.7/site-packages/airflow/example_dags/example_trigger_target_dag.py
[2022-09-28 17:38:24,472] {logging_mixin.py:115} INFO - [2022-09-28 17:38:24,472] {dag.py:2420} INFO - Sync 1 DAGs
[2022-09-28 17:38:24,957] {logging_mixin.py:115} INFO - [2022-09-28 17:38:24,957] {dag.py:2972} INFO - Setting next_dagrun for example_trigger_target_dag to None, run_after=None
[2022-09-28 17:38:25,027] {processor.py:161} INFO - Processing /home/airflow/.local/lib/python3.7/site-packages/airflow/example_dags/example_trigger_target_dag.py took 2.733 seconds
[2022-09-28 17:38:55,553] {processor.py:153} INFO - Started process (PID=368) to work on /home/airflow/.local/lib/python3.7/site-packages/airflow/example_dags/example_trigger_target_dag.py
[2022-09-28 17:38:55,556] {processor.py:641} INFO - Processing file /home/airflow/.local/lib/python3.7/site-packages/airflow/example_dags/example_trigger_target_dag.py for tasks to queue
[2022-09-28 17:38:55,577] {logging_mixin.py:115} INFO - [2022-09-28 17:38:55,577] {dagbag.py:508} INFO - Filling up the DagBag from /home/airflow/.local/lib/python3.7/site-packages/airflow/example_dags/example_trigger_target_dag.py
[2022-09-28 17:38:55,759] {processor.py:651} INFO - DAG(s) dict_keys(['example_trigger_target_dag']) retrieved from /home/airflow/.local/lib/python3.7/site-packages/airflow/example_dags/example_trigger_target_dag.py
[2022-09-28 17:38:55,787] {logging_mixin.py:115} INFO - [2022-09-28 17:38:55,787] {dag.py:2420} INFO - Sync 1 DAGs
[2022-09-28 17:38:55,814] {logging_mixin.py:115} INFO - [2022-09-28 17:38:55,814] {dag.py:2972} INFO - Setting next_dagrun for example_trigger_target_dag to None, run_after=None
[2022-09-28 17:38:55,844] {processor.py:161} INFO - Processing /home/airflow/.local/lib/python3.7/site-packages/airflow/example_dags/example_trigger_target_dag.py took 0.295 seconds
[2022-09-28 17:39:26,151] {processor.py:153} INFO - Started process (PID=436) to work on /home/airflow/.local/lib/python3.7/site-packages/airflow/example_dags/example_trigger_target_dag.py
[2022-09-28 17:39:26,152] {processor.py:641} INFO - Processing file /home/airflow/.local/lib/python3.7/site-packages/airflow/example_dags/example_trigger_target_dag.py for tasks to queue
[2022-09-28 17:39:26,154] {logging_mixin.py:115} INFO - [2022-09-28 17:39:26,154] {dagbag.py:508} INFO - Filling up the DagBag from /home/airflow/.local/lib/python3.7/site-packages/airflow/example_dags/example_trigger_target_dag.py
[2022-09-28 17:39:26,317] {processor.py:651} INFO - DAG(s) dict_keys(['example_trigger_target_dag']) retrieved from /home/airflow/.local/lib/python3.7/site-packages/airflow/example_dags/example_trigger_target_dag.py
[2022-09-28 17:39:26,341] {logging_mixin.py:115} INFO - [2022-09-28 17:39:26,340] {dag.py:2420} INFO - Sync 1 DAGs
[2022-09-28 17:39:26,362] {logging_mixin.py:115} INFO - [2022-09-28 17:39:26,362] {dag.py:2972} INFO - Setting next_dagrun for example_trigger_target_dag to None, run_after=None
[2022-09-28 17:39:26,376] {processor.py:161} INFO - Processing /home/airflow/.local/lib/python3.7/site-packages/airflow/example_dags/example_trigger_target_dag.py took 0.231 seconds
