[2022-09-28 16:54:09,110] {processor.py:153} INFO - Started process (PID=167) to work on /home/airflow/.local/lib/python3.7/site-packages/airflow/example_dags/example_branch_operator.py
[2022-09-28 16:54:09,123] {processor.py:641} INFO - Processing file /home/airflow/.local/lib/python3.7/site-packages/airflow/example_dags/example_branch_operator.py for tasks to queue
[2022-09-28 16:54:09,126] {logging_mixin.py:115} INFO - [2022-09-28 16:54:09,126] {dagbag.py:508} INFO - Filling up the DagBag from /home/airflow/.local/lib/python3.7/site-packages/airflow/example_dags/example_branch_operator.py
[2022-09-28 16:54:09,635] {processor.py:651} INFO - DAG(s) dict_keys(['example_branch_operator']) retrieved from /home/airflow/.local/lib/python3.7/site-packages/airflow/example_dags/example_branch_operator.py
[2022-09-28 16:54:09,707] {logging_mixin.py:115} INFO - [2022-09-28 16:54:09,707] {dag.py:2420} INFO - Sync 1 DAGs
[2022-09-28 16:54:09,806] {logging_mixin.py:115} INFO - [2022-09-28 16:54:09,806] {dag.py:2972} INFO - Setting next_dagrun for example_branch_operator to 2022-09-27T00:00:00+00:00, run_after=2022-09-28T00:00:00+00:00
[2022-09-28 16:54:09,892] {processor.py:161} INFO - Processing /home/airflow/.local/lib/python3.7/site-packages/airflow/example_dags/example_branch_operator.py took 0.791 seconds
[2022-09-28 16:54:40,290] {processor.py:153} INFO - Started process (PID=224) to work on /home/airflow/.local/lib/python3.7/site-packages/airflow/example_dags/example_branch_operator.py
[2022-09-28 16:54:40,291] {processor.py:641} INFO - Processing file /home/airflow/.local/lib/python3.7/site-packages/airflow/example_dags/example_branch_operator.py for tasks to queue
[2022-09-28 16:54:40,293] {logging_mixin.py:115} INFO - [2022-09-28 16:54:40,293] {dagbag.py:508} INFO - Filling up the DagBag from /home/airflow/.local/lib/python3.7/site-packages/airflow/example_dags/example_branch_operator.py
[2022-09-28 16:54:40,448] {processor.py:651} INFO - DAG(s) dict_keys(['example_branch_operator']) retrieved from /home/airflow/.local/lib/python3.7/site-packages/airflow/example_dags/example_branch_operator.py
[2022-09-28 16:54:40,476] {logging_mixin.py:115} INFO - [2022-09-28 16:54:40,476] {dag.py:2420} INFO - Sync 1 DAGs
[2022-09-28 16:54:40,499] {logging_mixin.py:115} INFO - [2022-09-28 16:54:40,499] {dag.py:2972} INFO - Setting next_dagrun for example_branch_operator to 2022-09-27T00:00:00+00:00, run_after=2022-09-28T00:00:00+00:00
[2022-09-28 16:54:40,515] {processor.py:161} INFO - Processing /home/airflow/.local/lib/python3.7/site-packages/airflow/example_dags/example_branch_operator.py took 0.230 seconds
[2022-09-28 16:55:11,503] {processor.py:153} INFO - Started process (PID=289) to work on /home/airflow/.local/lib/python3.7/site-packages/airflow/example_dags/example_branch_operator.py
[2022-09-28 16:55:11,509] {processor.py:641} INFO - Processing file /home/airflow/.local/lib/python3.7/site-packages/airflow/example_dags/example_branch_operator.py for tasks to queue
[2022-09-28 16:55:11,512] {logging_mixin.py:115} INFO - [2022-09-28 16:55:11,512] {dagbag.py:508} INFO - Filling up the DagBag from /home/airflow/.local/lib/python3.7/site-packages/airflow/example_dags/example_branch_operator.py
[2022-09-28 16:55:12,120] {processor.py:651} INFO - DAG(s) dict_keys(['example_branch_operator']) retrieved from /home/airflow/.local/lib/python3.7/site-packages/airflow/example_dags/example_branch_operator.py
[2022-09-28 16:55:12,224] {logging_mixin.py:115} INFO - [2022-09-28 16:55:12,224] {dag.py:2420} INFO - Sync 1 DAGs
[2022-09-28 16:55:12,262] {logging_mixin.py:115} INFO - [2022-09-28 16:55:12,262] {dag.py:2972} INFO - Setting next_dagrun for example_branch_operator to 2022-09-27T00:00:00+00:00, run_after=2022-09-28T00:00:00+00:00
[2022-09-28 16:55:12,342] {processor.py:161} INFO - Processing /home/airflow/.local/lib/python3.7/site-packages/airflow/example_dags/example_branch_operator.py took 0.859 seconds
[2022-09-28 16:55:42,434] {processor.py:153} INFO - Started process (PID=345) to work on /home/airflow/.local/lib/python3.7/site-packages/airflow/example_dags/example_branch_operator.py
[2022-09-28 16:55:42,439] {processor.py:641} INFO - Processing file /home/airflow/.local/lib/python3.7/site-packages/airflow/example_dags/example_branch_operator.py for tasks to queue
[2022-09-28 16:55:42,441] {logging_mixin.py:115} INFO - [2022-09-28 16:55:42,441] {dagbag.py:508} INFO - Filling up the DagBag from /home/airflow/.local/lib/python3.7/site-packages/airflow/example_dags/example_branch_operator.py
[2022-09-28 16:55:42,621] {processor.py:651} INFO - DAG(s) dict_keys(['example_branch_operator']) retrieved from /home/airflow/.local/lib/python3.7/site-packages/airflow/example_dags/example_branch_operator.py
[2022-09-28 16:55:42,662] {logging_mixin.py:115} INFO - [2022-09-28 16:55:42,661] {dag.py:2420} INFO - Sync 1 DAGs
[2022-09-28 16:55:42,687] {logging_mixin.py:115} INFO - [2022-09-28 16:55:42,687] {dag.py:2972} INFO - Setting next_dagrun for example_branch_operator to 2022-09-27T00:00:00+00:00, run_after=2022-09-28T00:00:00+00:00
[2022-09-28 16:55:42,707] {processor.py:161} INFO - Processing /home/airflow/.local/lib/python3.7/site-packages/airflow/example_dags/example_branch_operator.py took 0.277 seconds
[2022-09-28 16:56:13,536] {processor.py:153} INFO - Started process (PID=408) to work on /home/airflow/.local/lib/python3.7/site-packages/airflow/example_dags/example_branch_operator.py
[2022-09-28 16:56:13,538] {processor.py:641} INFO - Processing file /home/airflow/.local/lib/python3.7/site-packages/airflow/example_dags/example_branch_operator.py for tasks to queue
[2022-09-28 16:56:13,540] {logging_mixin.py:115} INFO - [2022-09-28 16:56:13,540] {dagbag.py:508} INFO - Filling up the DagBag from /home/airflow/.local/lib/python3.7/site-packages/airflow/example_dags/example_branch_operator.py
[2022-09-28 16:56:14,045] {processor.py:651} INFO - DAG(s) dict_keys(['example_branch_operator']) retrieved from /home/airflow/.local/lib/python3.7/site-packages/airflow/example_dags/example_branch_operator.py
[2022-09-28 16:56:14,077] {logging_mixin.py:115} INFO - [2022-09-28 16:56:14,077] {dag.py:2420} INFO - Sync 1 DAGs
[2022-09-28 16:56:14,103] {logging_mixin.py:115} INFO - [2022-09-28 16:56:14,103] {dag.py:2972} INFO - Setting next_dagrun for example_branch_operator to 2022-09-27T00:00:00+00:00, run_after=2022-09-28T00:00:00+00:00
[2022-09-28 16:56:14,118] {processor.py:161} INFO - Processing /home/airflow/.local/lib/python3.7/site-packages/airflow/example_dags/example_branch_operator.py took 0.612 seconds
[2022-09-28 16:56:44,236] {processor.py:153} INFO - Started process (PID=466) to work on /home/airflow/.local/lib/python3.7/site-packages/airflow/example_dags/example_branch_operator.py
[2022-09-28 16:56:44,239] {processor.py:641} INFO - Processing file /home/airflow/.local/lib/python3.7/site-packages/airflow/example_dags/example_branch_operator.py for tasks to queue
[2022-09-28 16:56:44,241] {logging_mixin.py:115} INFO - [2022-09-28 16:56:44,240] {dagbag.py:508} INFO - Filling up the DagBag from /home/airflow/.local/lib/python3.7/site-packages/airflow/example_dags/example_branch_operator.py
[2022-09-28 16:56:44,444] {processor.py:651} INFO - DAG(s) dict_keys(['example_branch_operator']) retrieved from /home/airflow/.local/lib/python3.7/site-packages/airflow/example_dags/example_branch_operator.py
[2022-09-28 16:56:44,474] {logging_mixin.py:115} INFO - [2022-09-28 16:56:44,474] {dag.py:2420} INFO - Sync 1 DAGs
[2022-09-28 16:56:44,516] {logging_mixin.py:115} INFO - [2022-09-28 16:56:44,516] {dag.py:2972} INFO - Setting next_dagrun for example_branch_operator to 2022-09-27T00:00:00+00:00, run_after=2022-09-28T00:00:00+00:00
[2022-09-28 16:56:44,551] {processor.py:161} INFO - Processing /home/airflow/.local/lib/python3.7/site-packages/airflow/example_dags/example_branch_operator.py took 0.320 seconds
[2022-09-28 16:57:27,735] {processor.py:153} INFO - Started process (PID=523) to work on /home/airflow/.local/lib/python3.7/site-packages/airflow/example_dags/example_branch_operator.py
[2022-09-28 16:57:27,736] {processor.py:641} INFO - Processing file /home/airflow/.local/lib/python3.7/site-packages/airflow/example_dags/example_branch_operator.py for tasks to queue
[2022-09-28 16:57:27,739] {logging_mixin.py:115} INFO - [2022-09-28 16:57:27,739] {dagbag.py:508} INFO - Filling up the DagBag from /home/airflow/.local/lib/python3.7/site-packages/airflow/example_dags/example_branch_operator.py
[2022-09-28 16:57:27,964] {processor.py:651} INFO - DAG(s) dict_keys(['example_branch_operator']) retrieved from /home/airflow/.local/lib/python3.7/site-packages/airflow/example_dags/example_branch_operator.py
[2022-09-28 16:57:27,998] {logging_mixin.py:115} INFO - [2022-09-28 16:57:27,998] {dag.py:2420} INFO - Sync 1 DAGs
[2022-09-28 16:57:28,032] {logging_mixin.py:115} INFO - [2022-09-28 16:57:28,032] {dag.py:2972} INFO - Setting next_dagrun for example_branch_operator to 2022-09-27T00:00:00+00:00, run_after=2022-09-28T00:00:00+00:00
[2022-09-28 16:57:28,051] {processor.py:161} INFO - Processing /home/airflow/.local/lib/python3.7/site-packages/airflow/example_dags/example_branch_operator.py took 0.321 seconds
[2022-09-28 16:58:03,925] {processor.py:153} INFO - Started process (PID=590) to work on /home/airflow/.local/lib/python3.7/site-packages/airflow/example_dags/example_branch_operator.py
[2022-09-28 16:58:03,927] {processor.py:641} INFO - Processing file /home/airflow/.local/lib/python3.7/site-packages/airflow/example_dags/example_branch_operator.py for tasks to queue
[2022-09-28 16:58:03,929] {logging_mixin.py:115} INFO - [2022-09-28 16:58:03,928] {dagbag.py:508} INFO - Filling up the DagBag from /home/airflow/.local/lib/python3.7/site-packages/airflow/example_dags/example_branch_operator.py
[2022-09-28 16:58:04,193] {processor.py:651} INFO - DAG(s) dict_keys(['example_branch_operator']) retrieved from /home/airflow/.local/lib/python3.7/site-packages/airflow/example_dags/example_branch_operator.py
[2022-09-28 16:58:04,245] {logging_mixin.py:115} INFO - [2022-09-28 16:58:04,245] {dag.py:2420} INFO - Sync 1 DAGs
[2022-09-28 16:58:04,304] {logging_mixin.py:115} INFO - [2022-09-28 16:58:04,303] {dag.py:2972} INFO - Setting next_dagrun for example_branch_operator to 2022-09-27T00:00:00+00:00, run_after=2022-09-28T00:00:00+00:00
[2022-09-28 16:58:04,339] {processor.py:161} INFO - Processing /home/airflow/.local/lib/python3.7/site-packages/airflow/example_dags/example_branch_operator.py took 0.427 seconds
[2022-09-28 16:58:35,756] {processor.py:153} INFO - Started process (PID=642) to work on /home/airflow/.local/lib/python3.7/site-packages/airflow/example_dags/example_branch_operator.py
[2022-09-28 16:58:35,760] {processor.py:641} INFO - Processing file /home/airflow/.local/lib/python3.7/site-packages/airflow/example_dags/example_branch_operator.py for tasks to queue
[2022-09-28 16:58:35,772] {logging_mixin.py:115} INFO - [2022-09-28 16:58:35,770] {dagbag.py:508} INFO - Filling up the DagBag from /home/airflow/.local/lib/python3.7/site-packages/airflow/example_dags/example_branch_operator.py
[2022-09-28 16:58:35,877] {processor.py:651} INFO - DAG(s) dict_keys(['example_branch_operator']) retrieved from /home/airflow/.local/lib/python3.7/site-packages/airflow/example_dags/example_branch_operator.py
[2022-09-28 16:58:36,057] {logging_mixin.py:115} INFO - [2022-09-28 16:58:36,044] {dag.py:2420} INFO - Sync 1 DAGs
[2022-09-28 16:58:36,196] {logging_mixin.py:115} INFO - [2022-09-28 16:58:36,195] {dag.py:2972} INFO - Setting next_dagrun for example_branch_operator to 2022-09-27T00:00:00+00:00, run_after=2022-09-28T00:00:00+00:00
[2022-09-28 16:58:36,305] {processor.py:161} INFO - Processing /home/airflow/.local/lib/python3.7/site-packages/airflow/example_dags/example_branch_operator.py took 0.594 seconds
[2022-09-28 16:59:06,841] {processor.py:153} INFO - Started process (PID=702) to work on /home/airflow/.local/lib/python3.7/site-packages/airflow/example_dags/example_branch_operator.py
[2022-09-28 16:59:06,843] {processor.py:641} INFO - Processing file /home/airflow/.local/lib/python3.7/site-packages/airflow/example_dags/example_branch_operator.py for tasks to queue
[2022-09-28 16:59:06,844] {logging_mixin.py:115} INFO - [2022-09-28 16:59:06,844] {dagbag.py:508} INFO - Filling up the DagBag from /home/airflow/.local/lib/python3.7/site-packages/airflow/example_dags/example_branch_operator.py
[2022-09-28 16:59:06,865] {processor.py:651} INFO - DAG(s) dict_keys(['example_branch_operator']) retrieved from /home/airflow/.local/lib/python3.7/site-packages/airflow/example_dags/example_branch_operator.py
[2022-09-28 16:59:06,908] {logging_mixin.py:115} INFO - [2022-09-28 16:59:06,908] {dag.py:2420} INFO - Sync 1 DAGs
[2022-09-28 16:59:06,942] {logging_mixin.py:115} INFO - [2022-09-28 16:59:06,941] {dag.py:2972} INFO - Setting next_dagrun for example_branch_operator to 2022-09-27T00:00:00+00:00, run_after=2022-09-28T00:00:00+00:00
[2022-09-28 16:59:06,965] {processor.py:161} INFO - Processing /home/airflow/.local/lib/python3.7/site-packages/airflow/example_dags/example_branch_operator.py took 0.129 seconds
[2022-09-28 17:08:33,230] {processor.py:153} INFO - Started process (PID=146) to work on /home/airflow/.local/lib/python3.7/site-packages/airflow/example_dags/example_branch_operator.py
[2022-09-28 17:08:33,233] {processor.py:641} INFO - Processing file /home/airflow/.local/lib/python3.7/site-packages/airflow/example_dags/example_branch_operator.py for tasks to queue
[2022-09-28 17:08:33,235] {logging_mixin.py:115} INFO - [2022-09-28 17:08:33,235] {dagbag.py:508} INFO - Filling up the DagBag from /home/airflow/.local/lib/python3.7/site-packages/airflow/example_dags/example_branch_operator.py
[2022-09-28 17:08:33,469] {processor.py:651} INFO - DAG(s) dict_keys(['example_branch_operator']) retrieved from /home/airflow/.local/lib/python3.7/site-packages/airflow/example_dags/example_branch_operator.py
[2022-09-28 17:08:33,579] {logging_mixin.py:115} INFO - [2022-09-28 17:08:33,578] {manager.py:508} INFO - Created Permission View: can read on DAG:example_branch_operator
[2022-09-28 17:08:33,598] {logging_mixin.py:115} INFO - [2022-09-28 17:08:33,597] {manager.py:508} INFO - Created Permission View: can delete on DAG:example_branch_operator
[2022-09-28 17:08:33,615] {logging_mixin.py:115} INFO - [2022-09-28 17:08:33,615] {manager.py:508} INFO - Created Permission View: can edit on DAG:example_branch_operator
[2022-09-28 17:08:33,616] {logging_mixin.py:115} INFO - [2022-09-28 17:08:33,616] {dag.py:2420} INFO - Sync 1 DAGs
[2022-09-28 17:08:33,635] {logging_mixin.py:115} INFO - [2022-09-28 17:08:33,635] {dag.py:2439} INFO - Creating ORM DAG for example_branch_operator
[2022-09-28 17:08:33,660] {logging_mixin.py:115} INFO - [2022-09-28 17:08:33,660] {dag.py:2972} INFO - Setting next_dagrun for example_branch_operator to 2022-09-27T00:00:00+00:00, run_after=2022-09-28T00:00:00+00:00
[2022-09-28 17:08:33,697] {processor.py:161} INFO - Processing /home/airflow/.local/lib/python3.7/site-packages/airflow/example_dags/example_branch_operator.py took 0.485 seconds
[2022-09-28 17:09:04,053] {processor.py:153} INFO - Started process (PID=202) to work on /home/airflow/.local/lib/python3.7/site-packages/airflow/example_dags/example_branch_operator.py
[2022-09-28 17:09:04,054] {processor.py:641} INFO - Processing file /home/airflow/.local/lib/python3.7/site-packages/airflow/example_dags/example_branch_operator.py for tasks to queue
[2022-09-28 17:09:04,056] {logging_mixin.py:115} INFO - [2022-09-28 17:09:04,055] {dagbag.py:508} INFO - Filling up the DagBag from /home/airflow/.local/lib/python3.7/site-packages/airflow/example_dags/example_branch_operator.py
[2022-09-28 17:09:04,214] {processor.py:651} INFO - DAG(s) dict_keys(['example_branch_operator']) retrieved from /home/airflow/.local/lib/python3.7/site-packages/airflow/example_dags/example_branch_operator.py
[2022-09-28 17:09:04,239] {logging_mixin.py:115} INFO - [2022-09-28 17:09:04,239] {dag.py:2420} INFO - Sync 1 DAGs
[2022-09-28 17:09:04,264] {logging_mixin.py:115} INFO - [2022-09-28 17:09:04,264] {dag.py:2972} INFO - Setting next_dagrun for example_branch_operator to 2022-09-27T00:00:00+00:00, run_after=2022-09-28T00:00:00+00:00
[2022-09-28 17:09:04,279] {processor.py:161} INFO - Processing /home/airflow/.local/lib/python3.7/site-packages/airflow/example_dags/example_branch_operator.py took 0.234 seconds
[2022-09-28 17:09:34,548] {processor.py:153} INFO - Started process (PID=269) to work on /home/airflow/.local/lib/python3.7/site-packages/airflow/example_dags/example_branch_operator.py
[2022-09-28 17:09:34,549] {processor.py:641} INFO - Processing file /home/airflow/.local/lib/python3.7/site-packages/airflow/example_dags/example_branch_operator.py for tasks to queue
[2022-09-28 17:09:34,550] {logging_mixin.py:115} INFO - [2022-09-28 17:09:34,550] {dagbag.py:508} INFO - Filling up the DagBag from /home/airflow/.local/lib/python3.7/site-packages/airflow/example_dags/example_branch_operator.py
[2022-09-28 17:09:34,709] {processor.py:651} INFO - DAG(s) dict_keys(['example_branch_operator']) retrieved from /home/airflow/.local/lib/python3.7/site-packages/airflow/example_dags/example_branch_operator.py
[2022-09-28 17:09:34,739] {logging_mixin.py:115} INFO - [2022-09-28 17:09:34,739] {dag.py:2420} INFO - Sync 1 DAGs
[2022-09-28 17:09:34,765] {logging_mixin.py:115} INFO - [2022-09-28 17:09:34,765] {dag.py:2972} INFO - Setting next_dagrun for example_branch_operator to 2022-09-27T00:00:00+00:00, run_after=2022-09-28T00:00:00+00:00
[2022-09-28 17:09:34,782] {processor.py:161} INFO - Processing /home/airflow/.local/lib/python3.7/site-packages/airflow/example_dags/example_branch_operator.py took 0.238 seconds
[2022-09-28 17:10:05,613] {processor.py:153} INFO - Started process (PID=325) to work on /home/airflow/.local/lib/python3.7/site-packages/airflow/example_dags/example_branch_operator.py
[2022-09-28 17:10:05,615] {processor.py:641} INFO - Processing file /home/airflow/.local/lib/python3.7/site-packages/airflow/example_dags/example_branch_operator.py for tasks to queue
[2022-09-28 17:10:05,617] {logging_mixin.py:115} INFO - [2022-09-28 17:10:05,617] {dagbag.py:508} INFO - Filling up the DagBag from /home/airflow/.local/lib/python3.7/site-packages/airflow/example_dags/example_branch_operator.py
[2022-09-28 17:10:05,787] {processor.py:651} INFO - DAG(s) dict_keys(['example_branch_operator']) retrieved from /home/airflow/.local/lib/python3.7/site-packages/airflow/example_dags/example_branch_operator.py
[2022-09-28 17:10:05,817] {logging_mixin.py:115} INFO - [2022-09-28 17:10:05,816] {dag.py:2420} INFO - Sync 1 DAGs
[2022-09-28 17:10:05,844] {logging_mixin.py:115} INFO - [2022-09-28 17:10:05,844] {dag.py:2972} INFO - Setting next_dagrun for example_branch_operator to 2022-09-27T00:00:00+00:00, run_after=2022-09-28T00:00:00+00:00
[2022-09-28 17:10:05,860] {processor.py:161} INFO - Processing /home/airflow/.local/lib/python3.7/site-packages/airflow/example_dags/example_branch_operator.py took 0.251 seconds
[2022-09-28 17:10:36,527] {processor.py:153} INFO - Started process (PID=390) to work on /home/airflow/.local/lib/python3.7/site-packages/airflow/example_dags/example_branch_operator.py
[2022-09-28 17:10:36,529] {processor.py:641} INFO - Processing file /home/airflow/.local/lib/python3.7/site-packages/airflow/example_dags/example_branch_operator.py for tasks to queue
[2022-09-28 17:10:36,532] {logging_mixin.py:115} INFO - [2022-09-28 17:10:36,531] {dagbag.py:508} INFO - Filling up the DagBag from /home/airflow/.local/lib/python3.7/site-packages/airflow/example_dags/example_branch_operator.py
[2022-09-28 17:10:36,700] {processor.py:651} INFO - DAG(s) dict_keys(['example_branch_operator']) retrieved from /home/airflow/.local/lib/python3.7/site-packages/airflow/example_dags/example_branch_operator.py
[2022-09-28 17:10:36,731] {logging_mixin.py:115} INFO - [2022-09-28 17:10:36,731] {dag.py:2420} INFO - Sync 1 DAGs
[2022-09-28 17:10:36,765] {logging_mixin.py:115} INFO - [2022-09-28 17:10:36,765] {dag.py:2972} INFO - Setting next_dagrun for example_branch_operator to 2022-09-27T00:00:00+00:00, run_after=2022-09-28T00:00:00+00:00
[2022-09-28 17:10:36,783] {processor.py:161} INFO - Processing /home/airflow/.local/lib/python3.7/site-packages/airflow/example_dags/example_branch_operator.py took 0.261 seconds
[2022-09-28 17:11:06,879] {processor.py:153} INFO - Started process (PID=456) to work on /home/airflow/.local/lib/python3.7/site-packages/airflow/example_dags/example_branch_operator.py
[2022-09-28 17:11:06,918] {processor.py:641} INFO - Processing file /home/airflow/.local/lib/python3.7/site-packages/airflow/example_dags/example_branch_operator.py for tasks to queue
[2022-09-28 17:11:06,937] {logging_mixin.py:115} INFO - [2022-09-28 17:11:06,937] {dagbag.py:508} INFO - Filling up the DagBag from /home/airflow/.local/lib/python3.7/site-packages/airflow/example_dags/example_branch_operator.py
[2022-09-28 17:11:07,111] {processor.py:651} INFO - DAG(s) dict_keys(['example_branch_operator']) retrieved from /home/airflow/.local/lib/python3.7/site-packages/airflow/example_dags/example_branch_operator.py
[2022-09-28 17:11:07,136] {logging_mixin.py:115} INFO - [2022-09-28 17:11:07,136] {dag.py:2420} INFO - Sync 1 DAGs
[2022-09-28 17:11:07,160] {logging_mixin.py:115} INFO - [2022-09-28 17:11:07,160] {dag.py:2972} INFO - Setting next_dagrun for example_branch_operator to 2022-09-27T00:00:00+00:00, run_after=2022-09-28T00:00:00+00:00
[2022-09-28 17:11:07,184] {processor.py:161} INFO - Processing /home/airflow/.local/lib/python3.7/site-packages/airflow/example_dags/example_branch_operator.py took 0.309 seconds
[2022-09-28 17:11:37,595] {processor.py:153} INFO - Started process (PID=511) to work on /home/airflow/.local/lib/python3.7/site-packages/airflow/example_dags/example_branch_operator.py
[2022-09-28 17:11:37,597] {processor.py:641} INFO - Processing file /home/airflow/.local/lib/python3.7/site-packages/airflow/example_dags/example_branch_operator.py for tasks to queue
[2022-09-28 17:11:37,599] {logging_mixin.py:115} INFO - [2022-09-28 17:11:37,599] {dagbag.py:508} INFO - Filling up the DagBag from /home/airflow/.local/lib/python3.7/site-packages/airflow/example_dags/example_branch_operator.py
[2022-09-28 17:11:37,771] {processor.py:651} INFO - DAG(s) dict_keys(['example_branch_operator']) retrieved from /home/airflow/.local/lib/python3.7/site-packages/airflow/example_dags/example_branch_operator.py
[2022-09-28 17:11:37,810] {logging_mixin.py:115} INFO - [2022-09-28 17:11:37,810] {dag.py:2420} INFO - Sync 1 DAGs
[2022-09-28 17:11:37,838] {logging_mixin.py:115} INFO - [2022-09-28 17:11:37,838] {dag.py:2972} INFO - Setting next_dagrun for example_branch_operator to 2022-09-27T00:00:00+00:00, run_after=2022-09-28T00:00:00+00:00
[2022-09-28 17:11:37,859] {processor.py:161} INFO - Processing /home/airflow/.local/lib/python3.7/site-packages/airflow/example_dags/example_branch_operator.py took 0.270 seconds
[2022-09-28 17:12:08,245] {processor.py:153} INFO - Started process (PID=578) to work on /home/airflow/.local/lib/python3.7/site-packages/airflow/example_dags/example_branch_operator.py
[2022-09-28 17:12:08,247] {processor.py:641} INFO - Processing file /home/airflow/.local/lib/python3.7/site-packages/airflow/example_dags/example_branch_operator.py for tasks to queue
[2022-09-28 17:12:08,248] {logging_mixin.py:115} INFO - [2022-09-28 17:12:08,248] {dagbag.py:508} INFO - Filling up the DagBag from /home/airflow/.local/lib/python3.7/site-packages/airflow/example_dags/example_branch_operator.py
[2022-09-28 17:12:08,414] {processor.py:651} INFO - DAG(s) dict_keys(['example_branch_operator']) retrieved from /home/airflow/.local/lib/python3.7/site-packages/airflow/example_dags/example_branch_operator.py
[2022-09-28 17:12:08,439] {logging_mixin.py:115} INFO - [2022-09-28 17:12:08,439] {dag.py:2420} INFO - Sync 1 DAGs
[2022-09-28 17:12:08,461] {logging_mixin.py:115} INFO - [2022-09-28 17:12:08,461] {dag.py:2972} INFO - Setting next_dagrun for example_branch_operator to 2022-09-27T00:00:00+00:00, run_after=2022-09-28T00:00:00+00:00
[2022-09-28 17:12:08,476] {processor.py:161} INFO - Processing /home/airflow/.local/lib/python3.7/site-packages/airflow/example_dags/example_branch_operator.py took 0.235 seconds
[2022-09-28 17:12:38,907] {processor.py:153} INFO - Started process (PID=644) to work on /home/airflow/.local/lib/python3.7/site-packages/airflow/example_dags/example_branch_operator.py
[2022-09-28 17:12:38,910] {processor.py:641} INFO - Processing file /home/airflow/.local/lib/python3.7/site-packages/airflow/example_dags/example_branch_operator.py for tasks to queue
[2022-09-28 17:12:38,911] {logging_mixin.py:115} INFO - [2022-09-28 17:12:38,911] {dagbag.py:508} INFO - Filling up the DagBag from /home/airflow/.local/lib/python3.7/site-packages/airflow/example_dags/example_branch_operator.py
[2022-09-28 17:12:39,071] {processor.py:651} INFO - DAG(s) dict_keys(['example_branch_operator']) retrieved from /home/airflow/.local/lib/python3.7/site-packages/airflow/example_dags/example_branch_operator.py
[2022-09-28 17:12:39,100] {logging_mixin.py:115} INFO - [2022-09-28 17:12:39,100] {dag.py:2420} INFO - Sync 1 DAGs
[2022-09-28 17:12:39,126] {logging_mixin.py:115} INFO - [2022-09-28 17:12:39,126] {dag.py:2972} INFO - Setting next_dagrun for example_branch_operator to 2022-09-27T00:00:00+00:00, run_after=2022-09-28T00:00:00+00:00
[2022-09-28 17:12:39,144] {processor.py:161} INFO - Processing /home/airflow/.local/lib/python3.7/site-packages/airflow/example_dags/example_branch_operator.py took 0.241 seconds
[2022-09-28 17:13:09,425] {processor.py:153} INFO - Started process (PID=698) to work on /home/airflow/.local/lib/python3.7/site-packages/airflow/example_dags/example_branch_operator.py
[2022-09-28 17:13:09,427] {processor.py:641} INFO - Processing file /home/airflow/.local/lib/python3.7/site-packages/airflow/example_dags/example_branch_operator.py for tasks to queue
[2022-09-28 17:13:09,428] {logging_mixin.py:115} INFO - [2022-09-28 17:13:09,428] {dagbag.py:508} INFO - Filling up the DagBag from /home/airflow/.local/lib/python3.7/site-packages/airflow/example_dags/example_branch_operator.py
[2022-09-28 17:13:09,622] {processor.py:651} INFO - DAG(s) dict_keys(['example_branch_operator']) retrieved from /home/airflow/.local/lib/python3.7/site-packages/airflow/example_dags/example_branch_operator.py
[2022-09-28 17:13:09,660] {logging_mixin.py:115} INFO - [2022-09-28 17:13:09,660] {dag.py:2420} INFO - Sync 1 DAGs
[2022-09-28 17:13:09,695] {logging_mixin.py:115} INFO - [2022-09-28 17:13:09,695] {dag.py:2972} INFO - Setting next_dagrun for example_branch_operator to 2022-09-27T00:00:00+00:00, run_after=2022-09-28T00:00:00+00:00
[2022-09-28 17:13:09,713] {processor.py:161} INFO - Processing /home/airflow/.local/lib/python3.7/site-packages/airflow/example_dags/example_branch_operator.py took 0.292 seconds
[2022-09-28 17:13:40,413] {processor.py:153} INFO - Started process (PID=761) to work on /home/airflow/.local/lib/python3.7/site-packages/airflow/example_dags/example_branch_operator.py
[2022-09-28 17:13:40,414] {processor.py:641} INFO - Processing file /home/airflow/.local/lib/python3.7/site-packages/airflow/example_dags/example_branch_operator.py for tasks to queue
[2022-09-28 17:13:40,416] {logging_mixin.py:115} INFO - [2022-09-28 17:13:40,416] {dagbag.py:508} INFO - Filling up the DagBag from /home/airflow/.local/lib/python3.7/site-packages/airflow/example_dags/example_branch_operator.py
[2022-09-28 17:13:40,436] {processor.py:651} INFO - DAG(s) dict_keys(['example_branch_operator']) retrieved from /home/airflow/.local/lib/python3.7/site-packages/airflow/example_dags/example_branch_operator.py
[2022-09-28 17:13:40,474] {logging_mixin.py:115} INFO - [2022-09-28 17:13:40,474] {dag.py:2420} INFO - Sync 1 DAGs
[2022-09-28 17:13:40,503] {logging_mixin.py:115} INFO - [2022-09-28 17:13:40,503] {dag.py:2972} INFO - Setting next_dagrun for example_branch_operator to 2022-09-27T00:00:00+00:00, run_after=2022-09-28T00:00:00+00:00
[2022-09-28 17:13:40,520] {processor.py:161} INFO - Processing /home/airflow/.local/lib/python3.7/site-packages/airflow/example_dags/example_branch_operator.py took 0.111 seconds
[2022-09-28 17:14:11,327] {processor.py:153} INFO - Started process (PID=827) to work on /home/airflow/.local/lib/python3.7/site-packages/airflow/example_dags/example_branch_operator.py
[2022-09-28 17:14:11,328] {processor.py:641} INFO - Processing file /home/airflow/.local/lib/python3.7/site-packages/airflow/example_dags/example_branch_operator.py for tasks to queue
[2022-09-28 17:14:11,331] {logging_mixin.py:115} INFO - [2022-09-28 17:14:11,330] {dagbag.py:508} INFO - Filling up the DagBag from /home/airflow/.local/lib/python3.7/site-packages/airflow/example_dags/example_branch_operator.py
[2022-09-28 17:14:11,358] {processor.py:651} INFO - DAG(s) dict_keys(['example_branch_operator']) retrieved from /home/airflow/.local/lib/python3.7/site-packages/airflow/example_dags/example_branch_operator.py
[2022-09-28 17:14:11,404] {logging_mixin.py:115} INFO - [2022-09-28 17:14:11,403] {dag.py:2420} INFO - Sync 1 DAGs
[2022-09-28 17:14:11,437] {logging_mixin.py:115} INFO - [2022-09-28 17:14:11,437] {dag.py:2972} INFO - Setting next_dagrun for example_branch_operator to 2022-09-27T00:00:00+00:00, run_after=2022-09-28T00:00:00+00:00
[2022-09-28 17:14:11,467] {processor.py:161} INFO - Processing /home/airflow/.local/lib/python3.7/site-packages/airflow/example_dags/example_branch_operator.py took 0.147 seconds
[2022-09-28 17:14:42,121] {processor.py:153} INFO - Started process (PID=882) to work on /home/airflow/.local/lib/python3.7/site-packages/airflow/example_dags/example_branch_operator.py
[2022-09-28 17:14:42,123] {processor.py:641} INFO - Processing file /home/airflow/.local/lib/python3.7/site-packages/airflow/example_dags/example_branch_operator.py for tasks to queue
[2022-09-28 17:14:42,124] {logging_mixin.py:115} INFO - [2022-09-28 17:14:42,124] {dagbag.py:508} INFO - Filling up the DagBag from /home/airflow/.local/lib/python3.7/site-packages/airflow/example_dags/example_branch_operator.py
[2022-09-28 17:14:42,143] {processor.py:651} INFO - DAG(s) dict_keys(['example_branch_operator']) retrieved from /home/airflow/.local/lib/python3.7/site-packages/airflow/example_dags/example_branch_operator.py
[2022-09-28 17:14:42,181] {logging_mixin.py:115} INFO - [2022-09-28 17:14:42,181] {dag.py:2420} INFO - Sync 1 DAGs
[2022-09-28 17:14:42,211] {logging_mixin.py:115} INFO - [2022-09-28 17:14:42,211] {dag.py:2972} INFO - Setting next_dagrun for example_branch_operator to 2022-09-27T00:00:00+00:00, run_after=2022-09-28T00:00:00+00:00
[2022-09-28 17:14:42,226] {processor.py:161} INFO - Processing /home/airflow/.local/lib/python3.7/site-packages/airflow/example_dags/example_branch_operator.py took 0.109 seconds
[2022-09-28 17:15:12,728] {processor.py:153} INFO - Started process (PID=949) to work on /home/airflow/.local/lib/python3.7/site-packages/airflow/example_dags/example_branch_operator.py
[2022-09-28 17:15:12,730] {processor.py:641} INFO - Processing file /home/airflow/.local/lib/python3.7/site-packages/airflow/example_dags/example_branch_operator.py for tasks to queue
[2022-09-28 17:15:12,732] {logging_mixin.py:115} INFO - [2022-09-28 17:15:12,732] {dagbag.py:508} INFO - Filling up the DagBag from /home/airflow/.local/lib/python3.7/site-packages/airflow/example_dags/example_branch_operator.py
[2022-09-28 17:15:12,746] {processor.py:651} INFO - DAG(s) dict_keys(['example_branch_operator']) retrieved from /home/airflow/.local/lib/python3.7/site-packages/airflow/example_dags/example_branch_operator.py
[2022-09-28 17:15:12,778] {logging_mixin.py:115} INFO - [2022-09-28 17:15:12,778] {dag.py:2420} INFO - Sync 1 DAGs
[2022-09-28 17:15:12,806] {logging_mixin.py:115} INFO - [2022-09-28 17:15:12,806] {dag.py:2972} INFO - Setting next_dagrun for example_branch_operator to 2022-09-27T00:00:00+00:00, run_after=2022-09-28T00:00:00+00:00
[2022-09-28 17:15:12,820] {processor.py:161} INFO - Processing /home/airflow/.local/lib/python3.7/site-packages/airflow/example_dags/example_branch_operator.py took 0.096 seconds
[2022-09-28 17:15:43,782] {processor.py:153} INFO - Started process (PID=1014) to work on /home/airflow/.local/lib/python3.7/site-packages/airflow/example_dags/example_branch_operator.py
[2022-09-28 17:15:43,784] {processor.py:641} INFO - Processing file /home/airflow/.local/lib/python3.7/site-packages/airflow/example_dags/example_branch_operator.py for tasks to queue
[2022-09-28 17:15:43,786] {logging_mixin.py:115} INFO - [2022-09-28 17:15:43,786] {dagbag.py:508} INFO - Filling up the DagBag from /home/airflow/.local/lib/python3.7/site-packages/airflow/example_dags/example_branch_operator.py
[2022-09-28 17:15:43,804] {processor.py:651} INFO - DAG(s) dict_keys(['example_branch_operator']) retrieved from /home/airflow/.local/lib/python3.7/site-packages/airflow/example_dags/example_branch_operator.py
[2022-09-28 17:15:43,845] {logging_mixin.py:115} INFO - [2022-09-28 17:15:43,845] {dag.py:2420} INFO - Sync 1 DAGs
[2022-09-28 17:15:43,879] {logging_mixin.py:115} INFO - [2022-09-28 17:15:43,879] {dag.py:2972} INFO - Setting next_dagrun for example_branch_operator to 2022-09-27T00:00:00+00:00, run_after=2022-09-28T00:00:00+00:00
[2022-09-28 17:15:43,900] {processor.py:161} INFO - Processing /home/airflow/.local/lib/python3.7/site-packages/airflow/example_dags/example_branch_operator.py took 0.124 seconds
[2022-09-28 17:16:14,136] {processor.py:153} INFO - Started process (PID=1069) to work on /home/airflow/.local/lib/python3.7/site-packages/airflow/example_dags/example_branch_operator.py
[2022-09-28 17:16:14,140] {processor.py:641} INFO - Processing file /home/airflow/.local/lib/python3.7/site-packages/airflow/example_dags/example_branch_operator.py for tasks to queue
[2022-09-28 17:16:14,142] {logging_mixin.py:115} INFO - [2022-09-28 17:16:14,142] {dagbag.py:508} INFO - Filling up the DagBag from /home/airflow/.local/lib/python3.7/site-packages/airflow/example_dags/example_branch_operator.py
[2022-09-28 17:16:14,164] {processor.py:651} INFO - DAG(s) dict_keys(['example_branch_operator']) retrieved from /home/airflow/.local/lib/python3.7/site-packages/airflow/example_dags/example_branch_operator.py
[2022-09-28 17:16:14,219] {logging_mixin.py:115} INFO - [2022-09-28 17:16:14,219] {dag.py:2420} INFO - Sync 1 DAGs
[2022-09-28 17:16:14,266] {logging_mixin.py:115} INFO - [2022-09-28 17:16:14,266] {dag.py:2972} INFO - Setting next_dagrun for example_branch_operator to 2022-09-27T00:00:00+00:00, run_after=2022-09-28T00:00:00+00:00
[2022-09-28 17:16:14,284] {processor.py:161} INFO - Processing /home/airflow/.local/lib/python3.7/site-packages/airflow/example_dags/example_branch_operator.py took 0.153 seconds
[2022-09-28 17:16:44,401] {processor.py:153} INFO - Started process (PID=1134) to work on /home/airflow/.local/lib/python3.7/site-packages/airflow/example_dags/example_branch_operator.py
[2022-09-28 17:16:44,403] {processor.py:641} INFO - Processing file /home/airflow/.local/lib/python3.7/site-packages/airflow/example_dags/example_branch_operator.py for tasks to queue
[2022-09-28 17:16:44,405] {logging_mixin.py:115} INFO - [2022-09-28 17:16:44,405] {dagbag.py:508} INFO - Filling up the DagBag from /home/airflow/.local/lib/python3.7/site-packages/airflow/example_dags/example_branch_operator.py
[2022-09-28 17:16:44,423] {processor.py:651} INFO - DAG(s) dict_keys(['example_branch_operator']) retrieved from /home/airflow/.local/lib/python3.7/site-packages/airflow/example_dags/example_branch_operator.py
[2022-09-28 17:16:44,467] {logging_mixin.py:115} INFO - [2022-09-28 17:16:44,467] {dag.py:2420} INFO - Sync 1 DAGs
[2022-09-28 17:16:44,498] {logging_mixin.py:115} INFO - [2022-09-28 17:16:44,498] {dag.py:2972} INFO - Setting next_dagrun for example_branch_operator to 2022-09-27T00:00:00+00:00, run_after=2022-09-28T00:00:00+00:00
[2022-09-28 17:16:44,518] {processor.py:161} INFO - Processing /home/airflow/.local/lib/python3.7/site-packages/airflow/example_dags/example_branch_operator.py took 0.123 seconds
[2022-09-28 17:17:14,566] {processor.py:153} INFO - Started process (PID=1191) to work on /home/airflow/.local/lib/python3.7/site-packages/airflow/example_dags/example_branch_operator.py
[2022-09-28 17:17:14,568] {processor.py:641} INFO - Processing file /home/airflow/.local/lib/python3.7/site-packages/airflow/example_dags/example_branch_operator.py for tasks to queue
[2022-09-28 17:17:14,570] {logging_mixin.py:115} INFO - [2022-09-28 17:17:14,570] {dagbag.py:508} INFO - Filling up the DagBag from /home/airflow/.local/lib/python3.7/site-packages/airflow/example_dags/example_branch_operator.py
[2022-09-28 17:17:14,594] {processor.py:651} INFO - DAG(s) dict_keys(['example_branch_operator']) retrieved from /home/airflow/.local/lib/python3.7/site-packages/airflow/example_dags/example_branch_operator.py
[2022-09-28 17:17:14,638] {logging_mixin.py:115} INFO - [2022-09-28 17:17:14,638] {dag.py:2420} INFO - Sync 1 DAGs
[2022-09-28 17:17:14,682] {logging_mixin.py:115} INFO - [2022-09-28 17:17:14,682] {dag.py:2972} INFO - Setting next_dagrun for example_branch_operator to 2022-09-27T00:00:00+00:00, run_after=2022-09-28T00:00:00+00:00
[2022-09-28 17:17:14,704] {processor.py:161} INFO - Processing /home/airflow/.local/lib/python3.7/site-packages/airflow/example_dags/example_branch_operator.py took 0.147 seconds
[2022-09-28 17:17:45,411] {processor.py:153} INFO - Started process (PID=1258) to work on /home/airflow/.local/lib/python3.7/site-packages/airflow/example_dags/example_branch_operator.py
[2022-09-28 17:17:45,413] {processor.py:641} INFO - Processing file /home/airflow/.local/lib/python3.7/site-packages/airflow/example_dags/example_branch_operator.py for tasks to queue
[2022-09-28 17:17:45,415] {logging_mixin.py:115} INFO - [2022-09-28 17:17:45,414] {dagbag.py:508} INFO - Filling up the DagBag from /home/airflow/.local/lib/python3.7/site-packages/airflow/example_dags/example_branch_operator.py
[2022-09-28 17:17:45,429] {processor.py:651} INFO - DAG(s) dict_keys(['example_branch_operator']) retrieved from /home/airflow/.local/lib/python3.7/site-packages/airflow/example_dags/example_branch_operator.py
[2022-09-28 17:17:45,468] {logging_mixin.py:115} INFO - [2022-09-28 17:17:45,468] {dag.py:2420} INFO - Sync 1 DAGs
[2022-09-28 17:17:45,495] {logging_mixin.py:115} INFO - [2022-09-28 17:17:45,495] {dag.py:2972} INFO - Setting next_dagrun for example_branch_operator to 2022-09-27T00:00:00+00:00, run_after=2022-09-28T00:00:00+00:00
[2022-09-28 17:17:45,514] {processor.py:161} INFO - Processing /home/airflow/.local/lib/python3.7/site-packages/airflow/example_dags/example_branch_operator.py took 0.109 seconds
[2022-09-28 17:18:17,303] {processor.py:153} INFO - Started process (PID=1324) to work on /home/airflow/.local/lib/python3.7/site-packages/airflow/example_dags/example_branch_operator.py
[2022-09-28 17:18:17,306] {processor.py:641} INFO - Processing file /home/airflow/.local/lib/python3.7/site-packages/airflow/example_dags/example_branch_operator.py for tasks to queue
[2022-09-28 17:18:17,370] {logging_mixin.py:115} INFO - [2022-09-28 17:18:17,370] {dagbag.py:508} INFO - Filling up the DagBag from /home/airflow/.local/lib/python3.7/site-packages/airflow/example_dags/example_branch_operator.py
[2022-09-28 17:18:17,510] {processor.py:651} INFO - DAG(s) dict_keys(['example_branch_operator']) retrieved from /home/airflow/.local/lib/python3.7/site-packages/airflow/example_dags/example_branch_operator.py
[2022-09-28 17:18:17,778] {logging_mixin.py:115} INFO - [2022-09-28 17:18:17,777] {dag.py:2420} INFO - Sync 1 DAGs
[2022-09-28 17:18:17,972] {logging_mixin.py:115} INFO - [2022-09-28 17:18:17,972] {dag.py:2972} INFO - Setting next_dagrun for example_branch_operator to 2022-09-27T00:00:00+00:00, run_after=2022-09-28T00:00:00+00:00
[2022-09-28 17:18:18,070] {processor.py:161} INFO - Processing /home/airflow/.local/lib/python3.7/site-packages/airflow/example_dags/example_branch_operator.py took 0.779 seconds
[2022-09-28 17:18:49,159] {processor.py:153} INFO - Started process (PID=1379) to work on /home/airflow/.local/lib/python3.7/site-packages/airflow/example_dags/example_branch_operator.py
[2022-09-28 17:18:49,160] {processor.py:641} INFO - Processing file /home/airflow/.local/lib/python3.7/site-packages/airflow/example_dags/example_branch_operator.py for tasks to queue
[2022-09-28 17:18:49,163] {logging_mixin.py:115} INFO - [2022-09-28 17:18:49,163] {dagbag.py:508} INFO - Filling up the DagBag from /home/airflow/.local/lib/python3.7/site-packages/airflow/example_dags/example_branch_operator.py
[2022-09-28 17:18:49,180] {processor.py:651} INFO - DAG(s) dict_keys(['example_branch_operator']) retrieved from /home/airflow/.local/lib/python3.7/site-packages/airflow/example_dags/example_branch_operator.py
[2022-09-28 17:18:49,257] {logging_mixin.py:115} INFO - [2022-09-28 17:18:49,257] {dag.py:2420} INFO - Sync 1 DAGs
[2022-09-28 17:18:49,295] {logging_mixin.py:115} INFO - [2022-09-28 17:18:49,295] {dag.py:2972} INFO - Setting next_dagrun for example_branch_operator to 2022-09-27T00:00:00+00:00, run_after=2022-09-28T00:00:00+00:00
[2022-09-28 17:18:49,327] {processor.py:161} INFO - Processing /home/airflow/.local/lib/python3.7/site-packages/airflow/example_dags/example_branch_operator.py took 0.175 seconds
[2022-09-28 17:19:19,883] {processor.py:153} INFO - Started process (PID=1445) to work on /home/airflow/.local/lib/python3.7/site-packages/airflow/example_dags/example_branch_operator.py
[2022-09-28 17:19:19,884] {processor.py:641} INFO - Processing file /home/airflow/.local/lib/python3.7/site-packages/airflow/example_dags/example_branch_operator.py for tasks to queue
[2022-09-28 17:19:19,886] {logging_mixin.py:115} INFO - [2022-09-28 17:19:19,885] {dagbag.py:508} INFO - Filling up the DagBag from /home/airflow/.local/lib/python3.7/site-packages/airflow/example_dags/example_branch_operator.py
[2022-09-28 17:19:19,901] {processor.py:651} INFO - DAG(s) dict_keys(['example_branch_operator']) retrieved from /home/airflow/.local/lib/python3.7/site-packages/airflow/example_dags/example_branch_operator.py
[2022-09-28 17:19:19,944] {logging_mixin.py:115} INFO - [2022-09-28 17:19:19,944] {dag.py:2420} INFO - Sync 1 DAGs
[2022-09-28 17:19:19,979] {logging_mixin.py:115} INFO - [2022-09-28 17:19:19,979] {dag.py:2972} INFO - Setting next_dagrun for example_branch_operator to 2022-09-27T00:00:00+00:00, run_after=2022-09-28T00:00:00+00:00
[2022-09-28 17:19:19,995] {processor.py:161} INFO - Processing /home/airflow/.local/lib/python3.7/site-packages/airflow/example_dags/example_branch_operator.py took 0.118 seconds
[2022-09-28 17:19:50,246] {processor.py:153} INFO - Started process (PID=1500) to work on /home/airflow/.local/lib/python3.7/site-packages/airflow/example_dags/example_branch_operator.py
[2022-09-28 17:19:50,248] {processor.py:641} INFO - Processing file /home/airflow/.local/lib/python3.7/site-packages/airflow/example_dags/example_branch_operator.py for tasks to queue
[2022-09-28 17:19:50,250] {logging_mixin.py:115} INFO - [2022-09-28 17:19:50,249] {dagbag.py:508} INFO - Filling up the DagBag from /home/airflow/.local/lib/python3.7/site-packages/airflow/example_dags/example_branch_operator.py
[2022-09-28 17:19:50,268] {processor.py:651} INFO - DAG(s) dict_keys(['example_branch_operator']) retrieved from /home/airflow/.local/lib/python3.7/site-packages/airflow/example_dags/example_branch_operator.py
[2022-09-28 17:19:50,307] {logging_mixin.py:115} INFO - [2022-09-28 17:19:50,307] {dag.py:2420} INFO - Sync 1 DAGs
[2022-09-28 17:19:50,338] {logging_mixin.py:115} INFO - [2022-09-28 17:19:50,338] {dag.py:2972} INFO - Setting next_dagrun for example_branch_operator to 2022-09-27T00:00:00+00:00, run_after=2022-09-28T00:00:00+00:00
[2022-09-28 17:19:50,357] {processor.py:161} INFO - Processing /home/airflow/.local/lib/python3.7/site-packages/airflow/example_dags/example_branch_operator.py took 0.118 seconds
[2022-09-28 17:20:20,588] {processor.py:153} INFO - Started process (PID=1564) to work on /home/airflow/.local/lib/python3.7/site-packages/airflow/example_dags/example_branch_operator.py
[2022-09-28 17:20:20,590] {processor.py:641} INFO - Processing file /home/airflow/.local/lib/python3.7/site-packages/airflow/example_dags/example_branch_operator.py for tasks to queue
[2022-09-28 17:20:20,592] {logging_mixin.py:115} INFO - [2022-09-28 17:20:20,592] {dagbag.py:508} INFO - Filling up the DagBag from /home/airflow/.local/lib/python3.7/site-packages/airflow/example_dags/example_branch_operator.py
[2022-09-28 17:20:20,610] {processor.py:651} INFO - DAG(s) dict_keys(['example_branch_operator']) retrieved from /home/airflow/.local/lib/python3.7/site-packages/airflow/example_dags/example_branch_operator.py
[2022-09-28 17:20:20,650] {logging_mixin.py:115} INFO - [2022-09-28 17:20:20,649] {dag.py:2420} INFO - Sync 1 DAGs
[2022-09-28 17:20:20,701] {logging_mixin.py:115} INFO - [2022-09-28 17:20:20,701] {dag.py:2972} INFO - Setting next_dagrun for example_branch_operator to 2022-09-27T00:00:00+00:00, run_after=2022-09-28T00:00:00+00:00
[2022-09-28 17:20:20,718] {processor.py:161} INFO - Processing /home/airflow/.local/lib/python3.7/site-packages/airflow/example_dags/example_branch_operator.py took 0.146 seconds
[2022-09-28 17:20:51,220] {processor.py:153} INFO - Started process (PID=1622) to work on /home/airflow/.local/lib/python3.7/site-packages/airflow/example_dags/example_branch_operator.py
[2022-09-28 17:20:51,221] {processor.py:641} INFO - Processing file /home/airflow/.local/lib/python3.7/site-packages/airflow/example_dags/example_branch_operator.py for tasks to queue
[2022-09-28 17:20:51,224] {logging_mixin.py:115} INFO - [2022-09-28 17:20:51,223] {dagbag.py:508} INFO - Filling up the DagBag from /home/airflow/.local/lib/python3.7/site-packages/airflow/example_dags/example_branch_operator.py
[2022-09-28 17:20:51,242] {processor.py:651} INFO - DAG(s) dict_keys(['example_branch_operator']) retrieved from /home/airflow/.local/lib/python3.7/site-packages/airflow/example_dags/example_branch_operator.py
[2022-09-28 17:20:51,274] {logging_mixin.py:115} INFO - [2022-09-28 17:20:51,273] {dag.py:2420} INFO - Sync 1 DAGs
[2022-09-28 17:20:51,303] {logging_mixin.py:115} INFO - [2022-09-28 17:20:51,303] {dag.py:2972} INFO - Setting next_dagrun for example_branch_operator to 2022-09-27T00:00:00+00:00, run_after=2022-09-28T00:00:00+00:00
[2022-09-28 17:20:51,322] {processor.py:161} INFO - Processing /home/airflow/.local/lib/python3.7/site-packages/airflow/example_dags/example_branch_operator.py took 0.107 seconds
[2022-09-28 17:21:22,040] {processor.py:153} INFO - Started process (PID=1687) to work on /home/airflow/.local/lib/python3.7/site-packages/airflow/example_dags/example_branch_operator.py
[2022-09-28 17:21:22,042] {processor.py:641} INFO - Processing file /home/airflow/.local/lib/python3.7/site-packages/airflow/example_dags/example_branch_operator.py for tasks to queue
[2022-09-28 17:21:22,043] {logging_mixin.py:115} INFO - [2022-09-28 17:21:22,043] {dagbag.py:508} INFO - Filling up the DagBag from /home/airflow/.local/lib/python3.7/site-packages/airflow/example_dags/example_branch_operator.py
[2022-09-28 17:21:22,058] {processor.py:651} INFO - DAG(s) dict_keys(['example_branch_operator']) retrieved from /home/airflow/.local/lib/python3.7/site-packages/airflow/example_dags/example_branch_operator.py
[2022-09-28 17:21:22,090] {logging_mixin.py:115} INFO - [2022-09-28 17:21:22,090] {dag.py:2420} INFO - Sync 1 DAGs
[2022-09-28 17:21:22,122] {logging_mixin.py:115} INFO - [2022-09-28 17:21:22,122] {dag.py:2972} INFO - Setting next_dagrun for example_branch_operator to 2022-09-27T00:00:00+00:00, run_after=2022-09-28T00:00:00+00:00
[2022-09-28 17:21:22,138] {processor.py:161} INFO - Processing /home/airflow/.local/lib/python3.7/site-packages/airflow/example_dags/example_branch_operator.py took 0.104 seconds
[2022-09-28 17:21:52,347] {processor.py:153} INFO - Started process (PID=1743) to work on /home/airflow/.local/lib/python3.7/site-packages/airflow/example_dags/example_branch_operator.py
[2022-09-28 17:21:52,349] {processor.py:641} INFO - Processing file /home/airflow/.local/lib/python3.7/site-packages/airflow/example_dags/example_branch_operator.py for tasks to queue
[2022-09-28 17:21:52,352] {logging_mixin.py:115} INFO - [2022-09-28 17:21:52,352] {dagbag.py:508} INFO - Filling up the DagBag from /home/airflow/.local/lib/python3.7/site-packages/airflow/example_dags/example_branch_operator.py
[2022-09-28 17:21:52,374] {processor.py:651} INFO - DAG(s) dict_keys(['example_branch_operator']) retrieved from /home/airflow/.local/lib/python3.7/site-packages/airflow/example_dags/example_branch_operator.py
[2022-09-28 17:21:52,412] {logging_mixin.py:115} INFO - [2022-09-28 17:21:52,412] {dag.py:2420} INFO - Sync 1 DAGs
[2022-09-28 17:21:52,451] {logging_mixin.py:115} INFO - [2022-09-28 17:21:52,450] {dag.py:2972} INFO - Setting next_dagrun for example_branch_operator to 2022-09-27T00:00:00+00:00, run_after=2022-09-28T00:00:00+00:00
[2022-09-28 17:21:52,476] {processor.py:161} INFO - Processing /home/airflow/.local/lib/python3.7/site-packages/airflow/example_dags/example_branch_operator.py took 0.136 seconds
[2022-09-28 17:22:23,366] {processor.py:153} INFO - Started process (PID=1809) to work on /home/airflow/.local/lib/python3.7/site-packages/airflow/example_dags/example_branch_operator.py
[2022-09-28 17:22:23,367] {processor.py:641} INFO - Processing file /home/airflow/.local/lib/python3.7/site-packages/airflow/example_dags/example_branch_operator.py for tasks to queue
[2022-09-28 17:22:23,369] {logging_mixin.py:115} INFO - [2022-09-28 17:22:23,369] {dagbag.py:508} INFO - Filling up the DagBag from /home/airflow/.local/lib/python3.7/site-packages/airflow/example_dags/example_branch_operator.py
[2022-09-28 17:22:23,384] {processor.py:651} INFO - DAG(s) dict_keys(['example_branch_operator']) retrieved from /home/airflow/.local/lib/python3.7/site-packages/airflow/example_dags/example_branch_operator.py
[2022-09-28 17:22:23,416] {logging_mixin.py:115} INFO - [2022-09-28 17:22:23,416] {dag.py:2420} INFO - Sync 1 DAGs
[2022-09-28 17:22:23,444] {logging_mixin.py:115} INFO - [2022-09-28 17:22:23,443] {dag.py:2972} INFO - Setting next_dagrun for example_branch_operator to 2022-09-27T00:00:00+00:00, run_after=2022-09-28T00:00:00+00:00
[2022-09-28 17:22:23,462] {processor.py:161} INFO - Processing /home/airflow/.local/lib/python3.7/site-packages/airflow/example_dags/example_branch_operator.py took 0.103 seconds
[2022-09-28 17:22:53,583] {processor.py:153} INFO - Started process (PID=1873) to work on /home/airflow/.local/lib/python3.7/site-packages/airflow/example_dags/example_branch_operator.py
[2022-09-28 17:22:53,584] {processor.py:641} INFO - Processing file /home/airflow/.local/lib/python3.7/site-packages/airflow/example_dags/example_branch_operator.py for tasks to queue
[2022-09-28 17:22:53,586] {logging_mixin.py:115} INFO - [2022-09-28 17:22:53,585] {dagbag.py:508} INFO - Filling up the DagBag from /home/airflow/.local/lib/python3.7/site-packages/airflow/example_dags/example_branch_operator.py
[2022-09-28 17:22:53,603] {processor.py:651} INFO - DAG(s) dict_keys(['example_branch_operator']) retrieved from /home/airflow/.local/lib/python3.7/site-packages/airflow/example_dags/example_branch_operator.py
[2022-09-28 17:22:53,659] {logging_mixin.py:115} INFO - [2022-09-28 17:22:53,659] {dag.py:2420} INFO - Sync 1 DAGs
[2022-09-28 17:22:53,697] {logging_mixin.py:115} INFO - [2022-09-28 17:22:53,696] {dag.py:2972} INFO - Setting next_dagrun for example_branch_operator to 2022-09-27T00:00:00+00:00, run_after=2022-09-28T00:00:00+00:00
[2022-09-28 17:22:53,721] {processor.py:161} INFO - Processing /home/airflow/.local/lib/python3.7/site-packages/airflow/example_dags/example_branch_operator.py took 0.144 seconds
[2022-09-28 17:23:24,156] {processor.py:153} INFO - Started process (PID=1931) to work on /home/airflow/.local/lib/python3.7/site-packages/airflow/example_dags/example_branch_operator.py
[2022-09-28 17:23:24,158] {processor.py:641} INFO - Processing file /home/airflow/.local/lib/python3.7/site-packages/airflow/example_dags/example_branch_operator.py for tasks to queue
[2022-09-28 17:23:24,159] {logging_mixin.py:115} INFO - [2022-09-28 17:23:24,159] {dagbag.py:508} INFO - Filling up the DagBag from /home/airflow/.local/lib/python3.7/site-packages/airflow/example_dags/example_branch_operator.py
[2022-09-28 17:23:24,178] {processor.py:651} INFO - DAG(s) dict_keys(['example_branch_operator']) retrieved from /home/airflow/.local/lib/python3.7/site-packages/airflow/example_dags/example_branch_operator.py
[2022-09-28 17:23:24,216] {logging_mixin.py:115} INFO - [2022-09-28 17:23:24,216] {dag.py:2420} INFO - Sync 1 DAGs
[2022-09-28 17:23:24,256] {logging_mixin.py:115} INFO - [2022-09-28 17:23:24,256] {dag.py:2972} INFO - Setting next_dagrun for example_branch_operator to 2022-09-27T00:00:00+00:00, run_after=2022-09-28T00:00:00+00:00
[2022-09-28 17:23:24,282] {processor.py:161} INFO - Processing /home/airflow/.local/lib/python3.7/site-packages/airflow/example_dags/example_branch_operator.py took 0.132 seconds
[2022-09-28 17:23:54,372] {processor.py:153} INFO - Started process (PID=1996) to work on /home/airflow/.local/lib/python3.7/site-packages/airflow/example_dags/example_branch_operator.py
[2022-09-28 17:23:54,374] {processor.py:641} INFO - Processing file /home/airflow/.local/lib/python3.7/site-packages/airflow/example_dags/example_branch_operator.py for tasks to queue
[2022-09-28 17:23:54,375] {logging_mixin.py:115} INFO - [2022-09-28 17:23:54,375] {dagbag.py:508} INFO - Filling up the DagBag from /home/airflow/.local/lib/python3.7/site-packages/airflow/example_dags/example_branch_operator.py
[2022-09-28 17:23:54,400] {processor.py:651} INFO - DAG(s) dict_keys(['example_branch_operator']) retrieved from /home/airflow/.local/lib/python3.7/site-packages/airflow/example_dags/example_branch_operator.py
[2022-09-28 17:23:54,470] {logging_mixin.py:115} INFO - [2022-09-28 17:23:54,470] {dag.py:2420} INFO - Sync 1 DAGs
[2022-09-28 17:23:54,505] {logging_mixin.py:115} INFO - [2022-09-28 17:23:54,504] {dag.py:2972} INFO - Setting next_dagrun for example_branch_operator to 2022-09-27T00:00:00+00:00, run_after=2022-09-28T00:00:00+00:00
[2022-09-28 17:23:54,528] {processor.py:161} INFO - Processing /home/airflow/.local/lib/python3.7/site-packages/airflow/example_dags/example_branch_operator.py took 0.162 seconds
[2022-09-28 17:24:24,663] {processor.py:153} INFO - Started process (PID=2052) to work on /home/airflow/.local/lib/python3.7/site-packages/airflow/example_dags/example_branch_operator.py
[2022-09-28 17:24:24,666] {processor.py:641} INFO - Processing file /home/airflow/.local/lib/python3.7/site-packages/airflow/example_dags/example_branch_operator.py for tasks to queue
[2022-09-28 17:24:24,669] {logging_mixin.py:115} INFO - [2022-09-28 17:24:24,669] {dagbag.py:508} INFO - Filling up the DagBag from /home/airflow/.local/lib/python3.7/site-packages/airflow/example_dags/example_branch_operator.py
[2022-09-28 17:24:24,711] {processor.py:651} INFO - DAG(s) dict_keys(['example_branch_operator']) retrieved from /home/airflow/.local/lib/python3.7/site-packages/airflow/example_dags/example_branch_operator.py
[2022-09-28 17:24:24,778] {logging_mixin.py:115} INFO - [2022-09-28 17:24:24,778] {dag.py:2420} INFO - Sync 1 DAGs
[2022-09-28 17:24:24,832] {logging_mixin.py:115} INFO - [2022-09-28 17:24:24,832] {dag.py:2972} INFO - Setting next_dagrun for example_branch_operator to 2022-09-27T00:00:00+00:00, run_after=2022-09-28T00:00:00+00:00
[2022-09-28 17:24:24,861] {processor.py:161} INFO - Processing /home/airflow/.local/lib/python3.7/site-packages/airflow/example_dags/example_branch_operator.py took 0.210 seconds
[2022-09-28 17:24:55,721] {processor.py:153} INFO - Started process (PID=2119) to work on /home/airflow/.local/lib/python3.7/site-packages/airflow/example_dags/example_branch_operator.py
[2022-09-28 17:24:55,722] {processor.py:641} INFO - Processing file /home/airflow/.local/lib/python3.7/site-packages/airflow/example_dags/example_branch_operator.py for tasks to queue
[2022-09-28 17:24:55,724] {logging_mixin.py:115} INFO - [2022-09-28 17:24:55,724] {dagbag.py:508} INFO - Filling up the DagBag from /home/airflow/.local/lib/python3.7/site-packages/airflow/example_dags/example_branch_operator.py
[2022-09-28 17:24:55,739] {processor.py:651} INFO - DAG(s) dict_keys(['example_branch_operator']) retrieved from /home/airflow/.local/lib/python3.7/site-packages/airflow/example_dags/example_branch_operator.py
[2022-09-28 17:24:55,772] {logging_mixin.py:115} INFO - [2022-09-28 17:24:55,772] {dag.py:2420} INFO - Sync 1 DAGs
[2022-09-28 17:24:55,800] {logging_mixin.py:115} INFO - [2022-09-28 17:24:55,800] {dag.py:2972} INFO - Setting next_dagrun for example_branch_operator to 2022-09-27T00:00:00+00:00, run_after=2022-09-28T00:00:00+00:00
[2022-09-28 17:24:55,817] {processor.py:161} INFO - Processing /home/airflow/.local/lib/python3.7/site-packages/airflow/example_dags/example_branch_operator.py took 0.101 seconds
[2022-09-28 17:25:26,026] {processor.py:153} INFO - Started process (PID=2175) to work on /home/airflow/.local/lib/python3.7/site-packages/airflow/example_dags/example_branch_operator.py
[2022-09-28 17:25:26,028] {processor.py:641} INFO - Processing file /home/airflow/.local/lib/python3.7/site-packages/airflow/example_dags/example_branch_operator.py for tasks to queue
[2022-09-28 17:25:26,030] {logging_mixin.py:115} INFO - [2022-09-28 17:25:26,030] {dagbag.py:508} INFO - Filling up the DagBag from /home/airflow/.local/lib/python3.7/site-packages/airflow/example_dags/example_branch_operator.py
[2022-09-28 17:25:26,045] {processor.py:651} INFO - DAG(s) dict_keys(['example_branch_operator']) retrieved from /home/airflow/.local/lib/python3.7/site-packages/airflow/example_dags/example_branch_operator.py
[2022-09-28 17:25:26,079] {logging_mixin.py:115} INFO - [2022-09-28 17:25:26,079] {dag.py:2420} INFO - Sync 1 DAGs
[2022-09-28 17:25:26,113] {logging_mixin.py:115} INFO - [2022-09-28 17:25:26,113] {dag.py:2972} INFO - Setting next_dagrun for example_branch_operator to 2022-09-27T00:00:00+00:00, run_after=2022-09-28T00:00:00+00:00
[2022-09-28 17:25:26,128] {processor.py:161} INFO - Processing /home/airflow/.local/lib/python3.7/site-packages/airflow/example_dags/example_branch_operator.py took 0.108 seconds
[2022-09-28 17:25:56,274] {processor.py:153} INFO - Started process (PID=2241) to work on /home/airflow/.local/lib/python3.7/site-packages/airflow/example_dags/example_branch_operator.py
[2022-09-28 17:25:56,275] {processor.py:641} INFO - Processing file /home/airflow/.local/lib/python3.7/site-packages/airflow/example_dags/example_branch_operator.py for tasks to queue
[2022-09-28 17:25:56,277] {logging_mixin.py:115} INFO - [2022-09-28 17:25:56,276] {dagbag.py:508} INFO - Filling up the DagBag from /home/airflow/.local/lib/python3.7/site-packages/airflow/example_dags/example_branch_operator.py
[2022-09-28 17:25:56,291] {processor.py:651} INFO - DAG(s) dict_keys(['example_branch_operator']) retrieved from /home/airflow/.local/lib/python3.7/site-packages/airflow/example_dags/example_branch_operator.py
[2022-09-28 17:25:56,328] {logging_mixin.py:115} INFO - [2022-09-28 17:25:56,327] {dag.py:2420} INFO - Sync 1 DAGs
[2022-09-28 17:25:56,362] {logging_mixin.py:115} INFO - [2022-09-28 17:25:56,362] {dag.py:2972} INFO - Setting next_dagrun for example_branch_operator to 2022-09-27T00:00:00+00:00, run_after=2022-09-28T00:00:00+00:00
[2022-09-28 17:25:56,381] {processor.py:161} INFO - Processing /home/airflow/.local/lib/python3.7/site-packages/airflow/example_dags/example_branch_operator.py took 0.112 seconds
[2022-09-28 17:26:26,829] {processor.py:153} INFO - Started process (PID=2308) to work on /home/airflow/.local/lib/python3.7/site-packages/airflow/example_dags/example_branch_operator.py
[2022-09-28 17:26:26,832] {processor.py:641} INFO - Processing file /home/airflow/.local/lib/python3.7/site-packages/airflow/example_dags/example_branch_operator.py for tasks to queue
[2022-09-28 17:26:26,833] {logging_mixin.py:115} INFO - [2022-09-28 17:26:26,833] {dagbag.py:508} INFO - Filling up the DagBag from /home/airflow/.local/lib/python3.7/site-packages/airflow/example_dags/example_branch_operator.py
[2022-09-28 17:26:26,870] {processor.py:651} INFO - DAG(s) dict_keys(['example_branch_operator']) retrieved from /home/airflow/.local/lib/python3.7/site-packages/airflow/example_dags/example_branch_operator.py
[2022-09-28 17:26:26,931] {logging_mixin.py:115} INFO - [2022-09-28 17:26:26,931] {dag.py:2420} INFO - Sync 1 DAGs
[2022-09-28 17:26:26,964] {logging_mixin.py:115} INFO - [2022-09-28 17:26:26,964] {dag.py:2972} INFO - Setting next_dagrun for example_branch_operator to 2022-09-27T00:00:00+00:00, run_after=2022-09-28T00:00:00+00:00
[2022-09-28 17:26:26,995] {processor.py:161} INFO - Processing /home/airflow/.local/lib/python3.7/site-packages/airflow/example_dags/example_branch_operator.py took 0.174 seconds
[2022-09-28 17:26:57,063] {processor.py:153} INFO - Started process (PID=2362) to work on /home/airflow/.local/lib/python3.7/site-packages/airflow/example_dags/example_branch_operator.py
[2022-09-28 17:26:57,065] {processor.py:641} INFO - Processing file /home/airflow/.local/lib/python3.7/site-packages/airflow/example_dags/example_branch_operator.py for tasks to queue
[2022-09-28 17:26:57,067] {logging_mixin.py:115} INFO - [2022-09-28 17:26:57,066] {dagbag.py:508} INFO - Filling up the DagBag from /home/airflow/.local/lib/python3.7/site-packages/airflow/example_dags/example_branch_operator.py
[2022-09-28 17:26:57,083] {processor.py:651} INFO - DAG(s) dict_keys(['example_branch_operator']) retrieved from /home/airflow/.local/lib/python3.7/site-packages/airflow/example_dags/example_branch_operator.py
[2022-09-28 17:26:57,115] {logging_mixin.py:115} INFO - [2022-09-28 17:26:57,115] {dag.py:2420} INFO - Sync 1 DAGs
[2022-09-28 17:26:57,145] {logging_mixin.py:115} INFO - [2022-09-28 17:26:57,144] {dag.py:2972} INFO - Setting next_dagrun for example_branch_operator to 2022-09-27T00:00:00+00:00, run_after=2022-09-28T00:00:00+00:00
[2022-09-28 17:26:57,171] {processor.py:161} INFO - Processing /home/airflow/.local/lib/python3.7/site-packages/airflow/example_dags/example_branch_operator.py took 0.113 seconds
[2022-09-28 17:27:27,524] {processor.py:153} INFO - Started process (PID=2428) to work on /home/airflow/.local/lib/python3.7/site-packages/airflow/example_dags/example_branch_operator.py
[2022-09-28 17:27:27,526] {processor.py:641} INFO - Processing file /home/airflow/.local/lib/python3.7/site-packages/airflow/example_dags/example_branch_operator.py for tasks to queue
[2022-09-28 17:27:27,527] {logging_mixin.py:115} INFO - [2022-09-28 17:27:27,527] {dagbag.py:508} INFO - Filling up the DagBag from /home/airflow/.local/lib/python3.7/site-packages/airflow/example_dags/example_branch_operator.py
[2022-09-28 17:27:27,547] {processor.py:651} INFO - DAG(s) dict_keys(['example_branch_operator']) retrieved from /home/airflow/.local/lib/python3.7/site-packages/airflow/example_dags/example_branch_operator.py
[2022-09-28 17:27:27,589] {logging_mixin.py:115} INFO - [2022-09-28 17:27:27,589] {dag.py:2420} INFO - Sync 1 DAGs
[2022-09-28 17:27:27,621] {logging_mixin.py:115} INFO - [2022-09-28 17:27:27,621] {dag.py:2972} INFO - Setting next_dagrun for example_branch_operator to 2022-09-27T00:00:00+00:00, run_after=2022-09-28T00:00:00+00:00
[2022-09-28 17:27:27,653] {processor.py:161} INFO - Processing /home/airflow/.local/lib/python3.7/site-packages/airflow/example_dags/example_branch_operator.py took 0.136 seconds
[2022-09-28 17:27:58,643] {processor.py:153} INFO - Started process (PID=2484) to work on /home/airflow/.local/lib/python3.7/site-packages/airflow/example_dags/example_branch_operator.py
[2022-09-28 17:27:58,645] {processor.py:641} INFO - Processing file /home/airflow/.local/lib/python3.7/site-packages/airflow/example_dags/example_branch_operator.py for tasks to queue
[2022-09-28 17:27:58,647] {logging_mixin.py:115} INFO - [2022-09-28 17:27:58,647] {dagbag.py:508} INFO - Filling up the DagBag from /home/airflow/.local/lib/python3.7/site-packages/airflow/example_dags/example_branch_operator.py
[2022-09-28 17:27:58,673] {processor.py:651} INFO - DAG(s) dict_keys(['example_branch_operator']) retrieved from /home/airflow/.local/lib/python3.7/site-packages/airflow/example_dags/example_branch_operator.py
[2022-09-28 17:27:58,735] {logging_mixin.py:115} INFO - [2022-09-28 17:27:58,734] {dag.py:2420} INFO - Sync 1 DAGs
[2022-09-28 17:27:58,775] {logging_mixin.py:115} INFO - [2022-09-28 17:27:58,774] {dag.py:2972} INFO - Setting next_dagrun for example_branch_operator to 2022-09-27T00:00:00+00:00, run_after=2022-09-28T00:00:00+00:00
[2022-09-28 17:27:58,803] {processor.py:161} INFO - Processing /home/airflow/.local/lib/python3.7/site-packages/airflow/example_dags/example_branch_operator.py took 0.167 seconds
[2022-09-28 17:28:29,228] {processor.py:153} INFO - Started process (PID=2554) to work on /home/airflow/.local/lib/python3.7/site-packages/airflow/example_dags/example_branch_operator.py
[2022-09-28 17:28:29,231] {processor.py:641} INFO - Processing file /home/airflow/.local/lib/python3.7/site-packages/airflow/example_dags/example_branch_operator.py for tasks to queue
[2022-09-28 17:28:29,234] {logging_mixin.py:115} INFO - [2022-09-28 17:28:29,233] {dagbag.py:508} INFO - Filling up the DagBag from /home/airflow/.local/lib/python3.7/site-packages/airflow/example_dags/example_branch_operator.py
[2022-09-28 17:28:29,283] {processor.py:651} INFO - DAG(s) dict_keys(['example_branch_operator']) retrieved from /home/airflow/.local/lib/python3.7/site-packages/airflow/example_dags/example_branch_operator.py
[2022-09-28 17:28:29,321] {logging_mixin.py:115} INFO - [2022-09-28 17:28:29,320] {dag.py:2420} INFO - Sync 1 DAGs
[2022-09-28 17:28:29,366] {logging_mixin.py:115} INFO - [2022-09-28 17:28:29,366] {dag.py:2972} INFO - Setting next_dagrun for example_branch_operator to 2022-09-27T00:00:00+00:00, run_after=2022-09-28T00:00:00+00:00
[2022-09-28 17:28:29,397] {processor.py:161} INFO - Processing /home/airflow/.local/lib/python3.7/site-packages/airflow/example_dags/example_branch_operator.py took 0.173 seconds
[2022-09-28 17:28:59,489] {processor.py:153} INFO - Started process (PID=2612) to work on /home/airflow/.local/lib/python3.7/site-packages/airflow/example_dags/example_branch_operator.py
[2022-09-28 17:28:59,491] {processor.py:641} INFO - Processing file /home/airflow/.local/lib/python3.7/site-packages/airflow/example_dags/example_branch_operator.py for tasks to queue
[2022-09-28 17:28:59,492] {logging_mixin.py:115} INFO - [2022-09-28 17:28:59,492] {dagbag.py:508} INFO - Filling up the DagBag from /home/airflow/.local/lib/python3.7/site-packages/airflow/example_dags/example_branch_operator.py
[2022-09-28 17:28:59,514] {processor.py:651} INFO - DAG(s) dict_keys(['example_branch_operator']) retrieved from /home/airflow/.local/lib/python3.7/site-packages/airflow/example_dags/example_branch_operator.py
[2022-09-28 17:28:59,565] {logging_mixin.py:115} INFO - [2022-09-28 17:28:59,565] {dag.py:2420} INFO - Sync 1 DAGs
[2022-09-28 17:28:59,601] {logging_mixin.py:115} INFO - [2022-09-28 17:28:59,601] {dag.py:2972} INFO - Setting next_dagrun for example_branch_operator to 2022-09-27T00:00:00+00:00, run_after=2022-09-28T00:00:00+00:00
[2022-09-28 17:28:59,619] {processor.py:161} INFO - Processing /home/airflow/.local/lib/python3.7/site-packages/airflow/example_dags/example_branch_operator.py took 0.136 seconds
[2022-09-28 17:29:30,175] {processor.py:153} INFO - Started process (PID=2676) to work on /home/airflow/.local/lib/python3.7/site-packages/airflow/example_dags/example_branch_operator.py
[2022-09-28 17:29:30,177] {processor.py:641} INFO - Processing file /home/airflow/.local/lib/python3.7/site-packages/airflow/example_dags/example_branch_operator.py for tasks to queue
[2022-09-28 17:29:30,179] {logging_mixin.py:115} INFO - [2022-09-28 17:29:30,179] {dagbag.py:508} INFO - Filling up the DagBag from /home/airflow/.local/lib/python3.7/site-packages/airflow/example_dags/example_branch_operator.py
[2022-09-28 17:29:30,198] {processor.py:651} INFO - DAG(s) dict_keys(['example_branch_operator']) retrieved from /home/airflow/.local/lib/python3.7/site-packages/airflow/example_dags/example_branch_operator.py
[2022-09-28 17:29:30,247] {logging_mixin.py:115} INFO - [2022-09-28 17:29:30,247] {dag.py:2420} INFO - Sync 1 DAGs
[2022-09-28 17:29:30,286] {logging_mixin.py:115} INFO - [2022-09-28 17:29:30,286] {dag.py:2972} INFO - Setting next_dagrun for example_branch_operator to 2022-09-27T00:00:00+00:00, run_after=2022-09-28T00:00:00+00:00
[2022-09-28 17:29:30,312] {processor.py:161} INFO - Processing /home/airflow/.local/lib/python3.7/site-packages/airflow/example_dags/example_branch_operator.py took 0.143 seconds
[2022-09-28 17:30:01,037] {processor.py:153} INFO - Started process (PID=2737) to work on /home/airflow/.local/lib/python3.7/site-packages/airflow/example_dags/example_branch_operator.py
[2022-09-28 17:30:01,038] {processor.py:641} INFO - Processing file /home/airflow/.local/lib/python3.7/site-packages/airflow/example_dags/example_branch_operator.py for tasks to queue
[2022-09-28 17:30:01,040] {logging_mixin.py:115} INFO - [2022-09-28 17:30:01,040] {dagbag.py:508} INFO - Filling up the DagBag from /home/airflow/.local/lib/python3.7/site-packages/airflow/example_dags/example_branch_operator.py
[2022-09-28 17:30:01,055] {processor.py:651} INFO - DAG(s) dict_keys(['example_branch_operator']) retrieved from /home/airflow/.local/lib/python3.7/site-packages/airflow/example_dags/example_branch_operator.py
[2022-09-28 17:30:01,089] {logging_mixin.py:115} INFO - [2022-09-28 17:30:01,089] {dag.py:2420} INFO - Sync 1 DAGs
[2022-09-28 17:30:01,120] {logging_mixin.py:115} INFO - [2022-09-28 17:30:01,120] {dag.py:2972} INFO - Setting next_dagrun for example_branch_operator to 2022-09-27T00:00:00+00:00, run_after=2022-09-28T00:00:00+00:00
[2022-09-28 17:30:01,135] {processor.py:161} INFO - Processing /home/airflow/.local/lib/python3.7/site-packages/airflow/example_dags/example_branch_operator.py took 0.104 seconds
[2022-09-28 17:30:31,429] {processor.py:153} INFO - Started process (PID=2804) to work on /home/airflow/.local/lib/python3.7/site-packages/airflow/example_dags/example_branch_operator.py
[2022-09-28 17:30:31,431] {processor.py:641} INFO - Processing file /home/airflow/.local/lib/python3.7/site-packages/airflow/example_dags/example_branch_operator.py for tasks to queue
[2022-09-28 17:30:31,433] {logging_mixin.py:115} INFO - [2022-09-28 17:30:31,433] {dagbag.py:508} INFO - Filling up the DagBag from /home/airflow/.local/lib/python3.7/site-packages/airflow/example_dags/example_branch_operator.py
[2022-09-28 17:30:31,453] {processor.py:651} INFO - DAG(s) dict_keys(['example_branch_operator']) retrieved from /home/airflow/.local/lib/python3.7/site-packages/airflow/example_dags/example_branch_operator.py
[2022-09-28 17:30:31,497] {logging_mixin.py:115} INFO - [2022-09-28 17:30:31,497] {dag.py:2420} INFO - Sync 1 DAGs
[2022-09-28 17:30:31,532] {logging_mixin.py:115} INFO - [2022-09-28 17:30:31,532] {dag.py:2972} INFO - Setting next_dagrun for example_branch_operator to 2022-09-27T00:00:00+00:00, run_after=2022-09-28T00:00:00+00:00
[2022-09-28 17:30:31,554] {processor.py:161} INFO - Processing /home/airflow/.local/lib/python3.7/site-packages/airflow/example_dags/example_branch_operator.py took 0.134 seconds
[2022-09-28 17:31:01,665] {processor.py:153} INFO - Started process (PID=2861) to work on /home/airflow/.local/lib/python3.7/site-packages/airflow/example_dags/example_branch_operator.py
[2022-09-28 17:31:01,666] {processor.py:641} INFO - Processing file /home/airflow/.local/lib/python3.7/site-packages/airflow/example_dags/example_branch_operator.py for tasks to queue
[2022-09-28 17:31:01,668] {logging_mixin.py:115} INFO - [2022-09-28 17:31:01,668] {dagbag.py:508} INFO - Filling up the DagBag from /home/airflow/.local/lib/python3.7/site-packages/airflow/example_dags/example_branch_operator.py
[2022-09-28 17:31:01,682] {processor.py:651} INFO - DAG(s) dict_keys(['example_branch_operator']) retrieved from /home/airflow/.local/lib/python3.7/site-packages/airflow/example_dags/example_branch_operator.py
[2022-09-28 17:31:01,715] {logging_mixin.py:115} INFO - [2022-09-28 17:31:01,714] {dag.py:2420} INFO - Sync 1 DAGs
[2022-09-28 17:31:01,745] {logging_mixin.py:115} INFO - [2022-09-28 17:31:01,744] {dag.py:2972} INFO - Setting next_dagrun for example_branch_operator to 2022-09-27T00:00:00+00:00, run_after=2022-09-28T00:00:00+00:00
[2022-09-28 17:31:01,759] {processor.py:161} INFO - Processing /home/airflow/.local/lib/python3.7/site-packages/airflow/example_dags/example_branch_operator.py took 0.100 seconds
[2022-09-28 17:36:51,193] {processor.py:153} INFO - Started process (PID=147) to work on /home/airflow/.local/lib/python3.7/site-packages/airflow/example_dags/example_branch_operator.py
[2022-09-28 17:36:51,205] {processor.py:641} INFO - Processing file /home/airflow/.local/lib/python3.7/site-packages/airflow/example_dags/example_branch_operator.py for tasks to queue
[2022-09-28 17:36:51,208] {logging_mixin.py:115} INFO - [2022-09-28 17:36:51,208] {dagbag.py:508} INFO - Filling up the DagBag from /home/airflow/.local/lib/python3.7/site-packages/airflow/example_dags/example_branch_operator.py
[2022-09-28 17:36:51,579] {processor.py:651} INFO - DAG(s) dict_keys(['example_branch_operator']) retrieved from /home/airflow/.local/lib/python3.7/site-packages/airflow/example_dags/example_branch_operator.py
[2022-09-28 17:36:51,781] {logging_mixin.py:115} INFO - [2022-09-28 17:36:51,781] {manager.py:508} INFO - Created Permission View: can read on DAG:example_branch_operator
[2022-09-28 17:36:51,820] {logging_mixin.py:115} INFO - [2022-09-28 17:36:51,820] {manager.py:508} INFO - Created Permission View: can delete on DAG:example_branch_operator
[2022-09-28 17:36:51,843] {logging_mixin.py:115} INFO - [2022-09-28 17:36:51,843] {manager.py:508} INFO - Created Permission View: can edit on DAG:example_branch_operator
[2022-09-28 17:36:51,846] {logging_mixin.py:115} INFO - [2022-09-28 17:36:51,846] {dag.py:2420} INFO - Sync 1 DAGs
[2022-09-28 17:36:51,875] {logging_mixin.py:115} INFO - [2022-09-28 17:36:51,875] {dag.py:2439} INFO - Creating ORM DAG for example_branch_operator
[2022-09-28 17:36:51,906] {logging_mixin.py:115} INFO - [2022-09-28 17:36:51,906] {dag.py:2972} INFO - Setting next_dagrun for example_branch_operator to 2022-09-27T00:00:00+00:00, run_after=2022-09-28T00:00:00+00:00
[2022-09-28 17:36:51,952] {processor.py:161} INFO - Processing /home/airflow/.local/lib/python3.7/site-packages/airflow/example_dags/example_branch_operator.py took 0.792 seconds
[2022-09-28 17:37:22,556] {processor.py:153} INFO - Started process (PID=202) to work on /home/airflow/.local/lib/python3.7/site-packages/airflow/example_dags/example_branch_operator.py
[2022-09-28 17:37:22,559] {processor.py:641} INFO - Processing file /home/airflow/.local/lib/python3.7/site-packages/airflow/example_dags/example_branch_operator.py for tasks to queue
[2022-09-28 17:37:22,561] {logging_mixin.py:115} INFO - [2022-09-28 17:37:22,560] {dagbag.py:508} INFO - Filling up the DagBag from /home/airflow/.local/lib/python3.7/site-packages/airflow/example_dags/example_branch_operator.py
[2022-09-28 17:37:22,774] {processor.py:651} INFO - DAG(s) dict_keys(['example_branch_operator']) retrieved from /home/airflow/.local/lib/python3.7/site-packages/airflow/example_dags/example_branch_operator.py
[2022-09-28 17:37:22,815] {logging_mixin.py:115} INFO - [2022-09-28 17:37:22,815] {dag.py:2420} INFO - Sync 1 DAGs
[2022-09-28 17:37:22,850] {logging_mixin.py:115} INFO - [2022-09-28 17:37:22,850] {dag.py:2972} INFO - Setting next_dagrun for example_branch_operator to 2022-09-27T00:00:00+00:00, run_after=2022-09-28T00:00:00+00:00
[2022-09-28 17:37:22,869] {processor.py:161} INFO - Processing /home/airflow/.local/lib/python3.7/site-packages/airflow/example_dags/example_branch_operator.py took 0.328 seconds
[2022-09-28 17:37:53,604] {processor.py:153} INFO - Started process (PID=270) to work on /home/airflow/.local/lib/python3.7/site-packages/airflow/example_dags/example_branch_operator.py
[2022-09-28 17:37:53,605] {processor.py:641} INFO - Processing file /home/airflow/.local/lib/python3.7/site-packages/airflow/example_dags/example_branch_operator.py for tasks to queue
[2022-09-28 17:37:53,607] {logging_mixin.py:115} INFO - [2022-09-28 17:37:53,607] {dagbag.py:508} INFO - Filling up the DagBag from /home/airflow/.local/lib/python3.7/site-packages/airflow/example_dags/example_branch_operator.py
[2022-09-28 17:37:53,812] {processor.py:651} INFO - DAG(s) dict_keys(['example_branch_operator']) retrieved from /home/airflow/.local/lib/python3.7/site-packages/airflow/example_dags/example_branch_operator.py
[2022-09-28 17:37:53,908] {logging_mixin.py:115} INFO - [2022-09-28 17:37:53,908] {dag.py:2420} INFO - Sync 1 DAGs
[2022-09-28 17:37:53,948] {logging_mixin.py:115} INFO - [2022-09-28 17:37:53,948] {dag.py:2972} INFO - Setting next_dagrun for example_branch_operator to 2022-09-27T00:00:00+00:00, run_after=2022-09-28T00:00:00+00:00
[2022-09-28 17:37:53,971] {processor.py:161} INFO - Processing /home/airflow/.local/lib/python3.7/site-packages/airflow/example_dags/example_branch_operator.py took 0.371 seconds
[2022-09-28 17:38:35,015] {processor.py:153} INFO - Started process (PID=332) to work on /home/airflow/.local/lib/python3.7/site-packages/airflow/example_dags/example_branch_operator.py
[2022-09-28 17:38:35,021] {processor.py:641} INFO - Processing file /home/airflow/.local/lib/python3.7/site-packages/airflow/example_dags/example_branch_operator.py for tasks to queue
[2022-09-28 17:38:35,029] {logging_mixin.py:115} INFO - [2022-09-28 17:38:35,029] {dagbag.py:508} INFO - Filling up the DagBag from /home/airflow/.local/lib/python3.7/site-packages/airflow/example_dags/example_branch_operator.py
[2022-09-28 17:38:35,356] {processor.py:651} INFO - DAG(s) dict_keys(['example_branch_operator']) retrieved from /home/airflow/.local/lib/python3.7/site-packages/airflow/example_dags/example_branch_operator.py
[2022-09-28 17:38:35,391] {logging_mixin.py:115} INFO - [2022-09-28 17:38:35,391] {dag.py:2420} INFO - Sync 1 DAGs
[2022-09-28 17:38:35,426] {logging_mixin.py:115} INFO - [2022-09-28 17:38:35,426] {dag.py:2972} INFO - Setting next_dagrun for example_branch_operator to 2022-09-27T00:00:00+00:00, run_after=2022-09-28T00:00:00+00:00
[2022-09-28 17:38:35,454] {processor.py:161} INFO - Processing /home/airflow/.local/lib/python3.7/site-packages/airflow/example_dags/example_branch_operator.py took 0.452 seconds
[2022-09-28 17:39:05,594] {processor.py:153} INFO - Started process (PID=398) to work on /home/airflow/.local/lib/python3.7/site-packages/airflow/example_dags/example_branch_operator.py
[2022-09-28 17:39:05,595] {processor.py:641} INFO - Processing file /home/airflow/.local/lib/python3.7/site-packages/airflow/example_dags/example_branch_operator.py for tasks to queue
[2022-09-28 17:39:05,596] {logging_mixin.py:115} INFO - [2022-09-28 17:39:05,596] {dagbag.py:508} INFO - Filling up the DagBag from /home/airflow/.local/lib/python3.7/site-packages/airflow/example_dags/example_branch_operator.py
[2022-09-28 17:39:05,757] {processor.py:651} INFO - DAG(s) dict_keys(['example_branch_operator']) retrieved from /home/airflow/.local/lib/python3.7/site-packages/airflow/example_dags/example_branch_operator.py
[2022-09-28 17:39:05,780] {logging_mixin.py:115} INFO - [2022-09-28 17:39:05,780] {dag.py:2420} INFO - Sync 1 DAGs
[2022-09-28 17:39:05,802] {logging_mixin.py:115} INFO - [2022-09-28 17:39:05,802] {dag.py:2972} INFO - Setting next_dagrun for example_branch_operator to 2022-09-27T00:00:00+00:00, run_after=2022-09-28T00:00:00+00:00
[2022-09-28 17:39:05,816] {processor.py:161} INFO - Processing /home/airflow/.local/lib/python3.7/site-packages/airflow/example_dags/example_branch_operator.py took 0.225 seconds
