[2022-09-28 16:54:10,182] {processor.py:153} INFO - Started process (PID=169) to work on /home/airflow/.local/lib/python3.7/site-packages/airflow/example_dags/tutorial_etl_dag.py
[2022-09-28 16:54:10,188] {processor.py:641} INFO - Processing file /home/airflow/.local/lib/python3.7/site-packages/airflow/example_dags/tutorial_etl_dag.py for tasks to queue
[2022-09-28 16:54:10,195] {logging_mixin.py:115} INFO - [2022-09-28 16:54:10,192] {dagbag.py:508} INFO - Filling up the DagBag from /home/airflow/.local/lib/python3.7/site-packages/airflow/example_dags/tutorial_etl_dag.py
[2022-09-28 16:54:10,645] {processor.py:651} INFO - DAG(s) dict_keys(['tutorial_etl_dag']) retrieved from /home/airflow/.local/lib/python3.7/site-packages/airflow/example_dags/tutorial_etl_dag.py
[2022-09-28 16:54:10,774] {logging_mixin.py:115} INFO - [2022-09-28 16:54:10,774] {dag.py:2420} INFO - Sync 1 DAGs
[2022-09-28 16:54:10,913] {logging_mixin.py:115} INFO - [2022-09-28 16:54:10,912] {dag.py:2972} INFO - Setting next_dagrun for tutorial_etl_dag to None, run_after=None
[2022-09-28 16:54:10,940] {processor.py:161} INFO - Processing /home/airflow/.local/lib/python3.7/site-packages/airflow/example_dags/tutorial_etl_dag.py took 0.783 seconds
[2022-09-28 16:54:41,561] {processor.py:153} INFO - Started process (PID=226) to work on /home/airflow/.local/lib/python3.7/site-packages/airflow/example_dags/tutorial_etl_dag.py
[2022-09-28 16:54:41,564] {processor.py:641} INFO - Processing file /home/airflow/.local/lib/python3.7/site-packages/airflow/example_dags/tutorial_etl_dag.py for tasks to queue
[2022-09-28 16:54:41,567] {logging_mixin.py:115} INFO - [2022-09-28 16:54:41,567] {dagbag.py:508} INFO - Filling up the DagBag from /home/airflow/.local/lib/python3.7/site-packages/airflow/example_dags/tutorial_etl_dag.py
[2022-09-28 16:54:41,728] {processor.py:651} INFO - DAG(s) dict_keys(['tutorial_etl_dag']) retrieved from /home/airflow/.local/lib/python3.7/site-packages/airflow/example_dags/tutorial_etl_dag.py
[2022-09-28 16:54:41,758] {logging_mixin.py:115} INFO - [2022-09-28 16:54:41,758] {dag.py:2420} INFO - Sync 1 DAGs
[2022-09-28 16:54:41,789] {logging_mixin.py:115} INFO - [2022-09-28 16:54:41,789] {dag.py:2972} INFO - Setting next_dagrun for tutorial_etl_dag to None, run_after=None
[2022-09-28 16:54:41,807] {processor.py:161} INFO - Processing /home/airflow/.local/lib/python3.7/site-packages/airflow/example_dags/tutorial_etl_dag.py took 0.253 seconds
[2022-09-28 16:55:12,554] {processor.py:153} INFO - Started process (PID=291) to work on /home/airflow/.local/lib/python3.7/site-packages/airflow/example_dags/tutorial_etl_dag.py
[2022-09-28 16:55:12,567] {processor.py:641} INFO - Processing file /home/airflow/.local/lib/python3.7/site-packages/airflow/example_dags/tutorial_etl_dag.py for tasks to queue
[2022-09-28 16:55:12,575] {logging_mixin.py:115} INFO - [2022-09-28 16:55:12,574] {dagbag.py:508} INFO - Filling up the DagBag from /home/airflow/.local/lib/python3.7/site-packages/airflow/example_dags/tutorial_etl_dag.py
[2022-09-28 16:55:12,913] {processor.py:651} INFO - DAG(s) dict_keys(['tutorial_etl_dag']) retrieved from /home/airflow/.local/lib/python3.7/site-packages/airflow/example_dags/tutorial_etl_dag.py
[2022-09-28 16:55:12,958] {logging_mixin.py:115} INFO - [2022-09-28 16:55:12,958] {dag.py:2420} INFO - Sync 1 DAGs
[2022-09-28 16:55:13,027] {logging_mixin.py:115} INFO - [2022-09-28 16:55:13,027] {dag.py:2972} INFO - Setting next_dagrun for tutorial_etl_dag to None, run_after=None
[2022-09-28 16:55:13,066] {processor.py:161} INFO - Processing /home/airflow/.local/lib/python3.7/site-packages/airflow/example_dags/tutorial_etl_dag.py took 0.527 seconds
[2022-09-28 16:55:43,944] {processor.py:153} INFO - Started process (PID=348) to work on /home/airflow/.local/lib/python3.7/site-packages/airflow/example_dags/tutorial_etl_dag.py
[2022-09-28 16:55:43,975] {processor.py:641} INFO - Processing file /home/airflow/.local/lib/python3.7/site-packages/airflow/example_dags/tutorial_etl_dag.py for tasks to queue
[2022-09-28 16:55:43,977] {logging_mixin.py:115} INFO - [2022-09-28 16:55:43,977] {dagbag.py:508} INFO - Filling up the DagBag from /home/airflow/.local/lib/python3.7/site-packages/airflow/example_dags/tutorial_etl_dag.py
[2022-09-28 16:55:44,217] {processor.py:651} INFO - DAG(s) dict_keys(['tutorial_etl_dag']) retrieved from /home/airflow/.local/lib/python3.7/site-packages/airflow/example_dags/tutorial_etl_dag.py
[2022-09-28 16:55:44,255] {logging_mixin.py:115} INFO - [2022-09-28 16:55:44,255] {dag.py:2420} INFO - Sync 1 DAGs
[2022-09-28 16:55:44,350] {logging_mixin.py:115} INFO - [2022-09-28 16:55:44,350] {dag.py:2972} INFO - Setting next_dagrun for tutorial_etl_dag to None, run_after=None
[2022-09-28 16:55:44,395] {processor.py:161} INFO - Processing /home/airflow/.local/lib/python3.7/site-packages/airflow/example_dags/tutorial_etl_dag.py took 0.468 seconds
[2022-09-28 16:56:14,623] {processor.py:153} INFO - Started process (PID=414) to work on /home/airflow/.local/lib/python3.7/site-packages/airflow/example_dags/tutorial_etl_dag.py
[2022-09-28 16:56:14,625] {processor.py:641} INFO - Processing file /home/airflow/.local/lib/python3.7/site-packages/airflow/example_dags/tutorial_etl_dag.py for tasks to queue
[2022-09-28 16:56:14,630] {logging_mixin.py:115} INFO - [2022-09-28 16:56:14,630] {dagbag.py:508} INFO - Filling up the DagBag from /home/airflow/.local/lib/python3.7/site-packages/airflow/example_dags/tutorial_etl_dag.py
[2022-09-28 16:56:15,209] {processor.py:651} INFO - DAG(s) dict_keys(['tutorial_etl_dag']) retrieved from /home/airflow/.local/lib/python3.7/site-packages/airflow/example_dags/tutorial_etl_dag.py
[2022-09-28 16:56:15,256] {logging_mixin.py:115} INFO - [2022-09-28 16:56:15,255] {dag.py:2420} INFO - Sync 1 DAGs
[2022-09-28 16:56:15,311] {logging_mixin.py:115} INFO - [2022-09-28 16:56:15,311] {dag.py:2972} INFO - Setting next_dagrun for tutorial_etl_dag to None, run_after=None
[2022-09-28 16:56:15,356] {processor.py:161} INFO - Processing /home/airflow/.local/lib/python3.7/site-packages/airflow/example_dags/tutorial_etl_dag.py took 0.758 seconds
[2022-09-28 16:56:45,895] {processor.py:153} INFO - Started process (PID=469) to work on /home/airflow/.local/lib/python3.7/site-packages/airflow/example_dags/tutorial_etl_dag.py
[2022-09-28 16:56:45,897] {processor.py:641} INFO - Processing file /home/airflow/.local/lib/python3.7/site-packages/airflow/example_dags/tutorial_etl_dag.py for tasks to queue
[2022-09-28 16:56:45,898] {logging_mixin.py:115} INFO - [2022-09-28 16:56:45,898] {dagbag.py:508} INFO - Filling up the DagBag from /home/airflow/.local/lib/python3.7/site-packages/airflow/example_dags/tutorial_etl_dag.py
[2022-09-28 16:56:46,055] {processor.py:651} INFO - DAG(s) dict_keys(['tutorial_etl_dag']) retrieved from /home/airflow/.local/lib/python3.7/site-packages/airflow/example_dags/tutorial_etl_dag.py
[2022-09-28 16:56:46,098] {logging_mixin.py:115} INFO - [2022-09-28 16:56:46,098] {dag.py:2420} INFO - Sync 1 DAGs
[2022-09-28 16:56:46,122] {logging_mixin.py:115} INFO - [2022-09-28 16:56:46,122] {dag.py:2972} INFO - Setting next_dagrun for tutorial_etl_dag to None, run_after=None
[2022-09-28 16:56:46,136] {processor.py:161} INFO - Processing /home/airflow/.local/lib/python3.7/site-packages/airflow/example_dags/tutorial_etl_dag.py took 0.246 seconds
[2022-09-28 16:57:28,113] {processor.py:153} INFO - Started process (PID=525) to work on /home/airflow/.local/lib/python3.7/site-packages/airflow/example_dags/tutorial_etl_dag.py
[2022-09-28 16:57:28,115] {processor.py:641} INFO - Processing file /home/airflow/.local/lib/python3.7/site-packages/airflow/example_dags/tutorial_etl_dag.py for tasks to queue
[2022-09-28 16:57:28,118] {logging_mixin.py:115} INFO - [2022-09-28 16:57:28,117] {dagbag.py:508} INFO - Filling up the DagBag from /home/airflow/.local/lib/python3.7/site-packages/airflow/example_dags/tutorial_etl_dag.py
[2022-09-28 16:57:28,347] {processor.py:651} INFO - DAG(s) dict_keys(['tutorial_etl_dag']) retrieved from /home/airflow/.local/lib/python3.7/site-packages/airflow/example_dags/tutorial_etl_dag.py
[2022-09-28 16:57:28,374] {logging_mixin.py:115} INFO - [2022-09-28 16:57:28,374] {dag.py:2420} INFO - Sync 1 DAGs
[2022-09-28 16:57:28,403] {logging_mixin.py:115} INFO - [2022-09-28 16:57:28,403] {dag.py:2972} INFO - Setting next_dagrun for tutorial_etl_dag to None, run_after=None
[2022-09-28 16:57:28,422] {processor.py:161} INFO - Processing /home/airflow/.local/lib/python3.7/site-packages/airflow/example_dags/tutorial_etl_dag.py took 0.317 seconds
[2022-09-28 16:58:04,419] {processor.py:153} INFO - Started process (PID=592) to work on /home/airflow/.local/lib/python3.7/site-packages/airflow/example_dags/tutorial_etl_dag.py
[2022-09-28 16:58:04,422] {processor.py:641} INFO - Processing file /home/airflow/.local/lib/python3.7/site-packages/airflow/example_dags/tutorial_etl_dag.py for tasks to queue
[2022-09-28 16:58:04,424] {logging_mixin.py:115} INFO - [2022-09-28 16:58:04,424] {dagbag.py:508} INFO - Filling up the DagBag from /home/airflow/.local/lib/python3.7/site-packages/airflow/example_dags/tutorial_etl_dag.py
[2022-09-28 16:58:04,839] {processor.py:651} INFO - DAG(s) dict_keys(['tutorial_etl_dag']) retrieved from /home/airflow/.local/lib/python3.7/site-packages/airflow/example_dags/tutorial_etl_dag.py
[2022-09-28 16:58:04,887] {logging_mixin.py:115} INFO - [2022-09-28 16:58:04,887] {dag.py:2420} INFO - Sync 1 DAGs
[2022-09-28 16:58:04,917] {logging_mixin.py:115} INFO - [2022-09-28 16:58:04,917] {dag.py:2972} INFO - Setting next_dagrun for tutorial_etl_dag to None, run_after=None
[2022-09-28 16:58:04,941] {processor.py:161} INFO - Processing /home/airflow/.local/lib/python3.7/site-packages/airflow/example_dags/tutorial_etl_dag.py took 0.527 seconds
[2022-09-28 16:58:36,464] {processor.py:153} INFO - Started process (PID=644) to work on /home/airflow/.local/lib/python3.7/site-packages/airflow/example_dags/tutorial_etl_dag.py
[2022-09-28 16:58:36,469] {processor.py:641} INFO - Processing file /home/airflow/.local/lib/python3.7/site-packages/airflow/example_dags/tutorial_etl_dag.py for tasks to queue
[2022-09-28 16:58:36,473] {logging_mixin.py:115} INFO - [2022-09-28 16:58:36,472] {dagbag.py:508} INFO - Filling up the DagBag from /home/airflow/.local/lib/python3.7/site-packages/airflow/example_dags/tutorial_etl_dag.py
[2022-09-28 16:58:36,550] {processor.py:651} INFO - DAG(s) dict_keys(['tutorial_etl_dag']) retrieved from /home/airflow/.local/lib/python3.7/site-packages/airflow/example_dags/tutorial_etl_dag.py
[2022-09-28 16:58:36,707] {logging_mixin.py:115} INFO - [2022-09-28 16:58:36,707] {dag.py:2420} INFO - Sync 1 DAGs
[2022-09-28 16:58:36,791] {logging_mixin.py:115} INFO - [2022-09-28 16:58:36,791] {dag.py:2972} INFO - Setting next_dagrun for tutorial_etl_dag to None, run_after=None
[2022-09-28 16:58:36,863] {processor.py:161} INFO - Processing /home/airflow/.local/lib/python3.7/site-packages/airflow/example_dags/tutorial_etl_dag.py took 0.414 seconds
[2022-09-28 16:59:07,014] {processor.py:153} INFO - Started process (PID=704) to work on /home/airflow/.local/lib/python3.7/site-packages/airflow/example_dags/tutorial_etl_dag.py
[2022-09-28 16:59:07,015] {processor.py:641} INFO - Processing file /home/airflow/.local/lib/python3.7/site-packages/airflow/example_dags/tutorial_etl_dag.py for tasks to queue
[2022-09-28 16:59:07,017] {logging_mixin.py:115} INFO - [2022-09-28 16:59:07,017] {dagbag.py:508} INFO - Filling up the DagBag from /home/airflow/.local/lib/python3.7/site-packages/airflow/example_dags/tutorial_etl_dag.py
[2022-09-28 16:59:07,028] {processor.py:651} INFO - DAG(s) dict_keys(['tutorial_etl_dag']) retrieved from /home/airflow/.local/lib/python3.7/site-packages/airflow/example_dags/tutorial_etl_dag.py
[2022-09-28 16:59:07,068] {logging_mixin.py:115} INFO - [2022-09-28 16:59:07,068] {dag.py:2420} INFO - Sync 1 DAGs
[2022-09-28 16:59:07,101] {logging_mixin.py:115} INFO - [2022-09-28 16:59:07,101] {dag.py:2972} INFO - Setting next_dagrun for tutorial_etl_dag to None, run_after=None
[2022-09-28 16:59:07,124] {processor.py:161} INFO - Processing /home/airflow/.local/lib/python3.7/site-packages/airflow/example_dags/tutorial_etl_dag.py took 0.115 seconds
[2022-09-28 17:08:33,808] {processor.py:153} INFO - Started process (PID=148) to work on /home/airflow/.local/lib/python3.7/site-packages/airflow/example_dags/tutorial_etl_dag.py
[2022-09-28 17:08:33,813] {processor.py:641} INFO - Processing file /home/airflow/.local/lib/python3.7/site-packages/airflow/example_dags/tutorial_etl_dag.py for tasks to queue
[2022-09-28 17:08:33,816] {logging_mixin.py:115} INFO - [2022-09-28 17:08:33,815] {dagbag.py:508} INFO - Filling up the DagBag from /home/airflow/.local/lib/python3.7/site-packages/airflow/example_dags/tutorial_etl_dag.py
[2022-09-28 17:08:33,850] {processor.py:651} INFO - DAG(s) dict_keys(['tutorial_etl_dag']) retrieved from /home/airflow/.local/lib/python3.7/site-packages/airflow/example_dags/tutorial_etl_dag.py
[2022-09-28 17:08:34,344] {logging_mixin.py:115} INFO - [2022-09-28 17:08:34,344] {manager.py:508} INFO - Created Permission View: can read on DAG:tutorial_etl_dag
[2022-09-28 17:08:34,371] {logging_mixin.py:115} INFO - [2022-09-28 17:08:34,371] {manager.py:508} INFO - Created Permission View: can delete on DAG:tutorial_etl_dag
[2022-09-28 17:08:34,396] {logging_mixin.py:115} INFO - [2022-09-28 17:08:34,396] {manager.py:508} INFO - Created Permission View: can edit on DAG:tutorial_etl_dag
[2022-09-28 17:08:34,397] {logging_mixin.py:115} INFO - [2022-09-28 17:08:34,397] {dag.py:2420} INFO - Sync 1 DAGs
[2022-09-28 17:08:34,420] {logging_mixin.py:115} INFO - [2022-09-28 17:08:34,420] {dag.py:2439} INFO - Creating ORM DAG for tutorial_etl_dag
[2022-09-28 17:08:34,450] {logging_mixin.py:115} INFO - [2022-09-28 17:08:34,450] {dag.py:2972} INFO - Setting next_dagrun for tutorial_etl_dag to None, run_after=None
[2022-09-28 17:08:34,494] {processor.py:161} INFO - Processing /home/airflow/.local/lib/python3.7/site-packages/airflow/example_dags/tutorial_etl_dag.py took 0.708 seconds
[2022-09-28 17:09:05,335] {processor.py:153} INFO - Started process (PID=204) to work on /home/airflow/.local/lib/python3.7/site-packages/airflow/example_dags/tutorial_etl_dag.py
[2022-09-28 17:09:05,337] {processor.py:641} INFO - Processing file /home/airflow/.local/lib/python3.7/site-packages/airflow/example_dags/tutorial_etl_dag.py for tasks to queue
[2022-09-28 17:09:05,339] {logging_mixin.py:115} INFO - [2022-09-28 17:09:05,339] {dagbag.py:508} INFO - Filling up the DagBag from /home/airflow/.local/lib/python3.7/site-packages/airflow/example_dags/tutorial_etl_dag.py
[2022-09-28 17:09:05,354] {processor.py:651} INFO - DAG(s) dict_keys(['tutorial_etl_dag']) retrieved from /home/airflow/.local/lib/python3.7/site-packages/airflow/example_dags/tutorial_etl_dag.py
[2022-09-28 17:09:05,546] {logging_mixin.py:115} INFO - [2022-09-28 17:09:05,546] {dag.py:2420} INFO - Sync 1 DAGs
[2022-09-28 17:09:05,575] {logging_mixin.py:115} INFO - [2022-09-28 17:09:05,575] {dag.py:2972} INFO - Setting next_dagrun for tutorial_etl_dag to None, run_after=None
[2022-09-28 17:09:05,597] {processor.py:161} INFO - Processing /home/airflow/.local/lib/python3.7/site-packages/airflow/example_dags/tutorial_etl_dag.py took 0.275 seconds
[2022-09-28 17:09:35,820] {processor.py:153} INFO - Started process (PID=271) to work on /home/airflow/.local/lib/python3.7/site-packages/airflow/example_dags/tutorial_etl_dag.py
[2022-09-28 17:09:35,822] {processor.py:641} INFO - Processing file /home/airflow/.local/lib/python3.7/site-packages/airflow/example_dags/tutorial_etl_dag.py for tasks to queue
[2022-09-28 17:09:35,823] {logging_mixin.py:115} INFO - [2022-09-28 17:09:35,823] {dagbag.py:508} INFO - Filling up the DagBag from /home/airflow/.local/lib/python3.7/site-packages/airflow/example_dags/tutorial_etl_dag.py
[2022-09-28 17:09:35,979] {processor.py:651} INFO - DAG(s) dict_keys(['tutorial_etl_dag']) retrieved from /home/airflow/.local/lib/python3.7/site-packages/airflow/example_dags/tutorial_etl_dag.py
[2022-09-28 17:09:36,012] {logging_mixin.py:115} INFO - [2022-09-28 17:09:36,012] {dag.py:2420} INFO - Sync 1 DAGs
[2022-09-28 17:09:36,050] {logging_mixin.py:115} INFO - [2022-09-28 17:09:36,050] {dag.py:2972} INFO - Setting next_dagrun for tutorial_etl_dag to None, run_after=None
[2022-09-28 17:09:36,077] {processor.py:161} INFO - Processing /home/airflow/.local/lib/python3.7/site-packages/airflow/example_dags/tutorial_etl_dag.py took 0.260 seconds
[2022-09-28 17:10:06,632] {processor.py:153} INFO - Started process (PID=334) to work on /home/airflow/.local/lib/python3.7/site-packages/airflow/example_dags/tutorial_etl_dag.py
[2022-09-28 17:10:06,634] {processor.py:641} INFO - Processing file /home/airflow/.local/lib/python3.7/site-packages/airflow/example_dags/tutorial_etl_dag.py for tasks to queue
[2022-09-28 17:10:06,636] {logging_mixin.py:115} INFO - [2022-09-28 17:10:06,635] {dagbag.py:508} INFO - Filling up the DagBag from /home/airflow/.local/lib/python3.7/site-packages/airflow/example_dags/tutorial_etl_dag.py
[2022-09-28 17:10:06,788] {processor.py:651} INFO - DAG(s) dict_keys(['tutorial_etl_dag']) retrieved from /home/airflow/.local/lib/python3.7/site-packages/airflow/example_dags/tutorial_etl_dag.py
[2022-09-28 17:10:06,820] {logging_mixin.py:115} INFO - [2022-09-28 17:10:06,820] {dag.py:2420} INFO - Sync 1 DAGs
[2022-09-28 17:10:06,872] {logging_mixin.py:115} INFO - [2022-09-28 17:10:06,872] {dag.py:2972} INFO - Setting next_dagrun for tutorial_etl_dag to None, run_after=None
[2022-09-28 17:10:06,906] {processor.py:161} INFO - Processing /home/airflow/.local/lib/python3.7/site-packages/airflow/example_dags/tutorial_etl_dag.py took 0.279 seconds
[2022-09-28 17:10:37,538] {processor.py:153} INFO - Started process (PID=392) to work on /home/airflow/.local/lib/python3.7/site-packages/airflow/example_dags/tutorial_etl_dag.py
[2022-09-28 17:10:37,540] {processor.py:641} INFO - Processing file /home/airflow/.local/lib/python3.7/site-packages/airflow/example_dags/tutorial_etl_dag.py for tasks to queue
[2022-09-28 17:10:37,542] {logging_mixin.py:115} INFO - [2022-09-28 17:10:37,541] {dagbag.py:508} INFO - Filling up the DagBag from /home/airflow/.local/lib/python3.7/site-packages/airflow/example_dags/tutorial_etl_dag.py
[2022-09-28 17:10:37,708] {processor.py:651} INFO - DAG(s) dict_keys(['tutorial_etl_dag']) retrieved from /home/airflow/.local/lib/python3.7/site-packages/airflow/example_dags/tutorial_etl_dag.py
[2022-09-28 17:10:37,741] {logging_mixin.py:115} INFO - [2022-09-28 17:10:37,741] {dag.py:2420} INFO - Sync 1 DAGs
[2022-09-28 17:10:37,774] {logging_mixin.py:115} INFO - [2022-09-28 17:10:37,774] {dag.py:2972} INFO - Setting next_dagrun for tutorial_etl_dag to None, run_after=None
[2022-09-28 17:10:37,795] {processor.py:161} INFO - Processing /home/airflow/.local/lib/python3.7/site-packages/airflow/example_dags/tutorial_etl_dag.py took 0.263 seconds
[2022-09-28 17:11:07,894] {processor.py:153} INFO - Started process (PID=458) to work on /home/airflow/.local/lib/python3.7/site-packages/airflow/example_dags/tutorial_etl_dag.py
[2022-09-28 17:11:07,896] {processor.py:641} INFO - Processing file /home/airflow/.local/lib/python3.7/site-packages/airflow/example_dags/tutorial_etl_dag.py for tasks to queue
[2022-09-28 17:11:07,897] {logging_mixin.py:115} INFO - [2022-09-28 17:11:07,897] {dagbag.py:508} INFO - Filling up the DagBag from /home/airflow/.local/lib/python3.7/site-packages/airflow/example_dags/tutorial_etl_dag.py
[2022-09-28 17:11:08,050] {processor.py:651} INFO - DAG(s) dict_keys(['tutorial_etl_dag']) retrieved from /home/airflow/.local/lib/python3.7/site-packages/airflow/example_dags/tutorial_etl_dag.py
[2022-09-28 17:11:08,078] {logging_mixin.py:115} INFO - [2022-09-28 17:11:08,078] {dag.py:2420} INFO - Sync 1 DAGs
[2022-09-28 17:11:08,113] {logging_mixin.py:115} INFO - [2022-09-28 17:11:08,113] {dag.py:2972} INFO - Setting next_dagrun for tutorial_etl_dag to None, run_after=None
[2022-09-28 17:11:08,131] {processor.py:161} INFO - Processing /home/airflow/.local/lib/python3.7/site-packages/airflow/example_dags/tutorial_etl_dag.py took 0.243 seconds
[2022-09-28 17:11:38,615] {processor.py:153} INFO - Started process (PID=513) to work on /home/airflow/.local/lib/python3.7/site-packages/airflow/example_dags/tutorial_etl_dag.py
[2022-09-28 17:11:38,632] {processor.py:641} INFO - Processing file /home/airflow/.local/lib/python3.7/site-packages/airflow/example_dags/tutorial_etl_dag.py for tasks to queue
[2022-09-28 17:11:38,653] {logging_mixin.py:115} INFO - [2022-09-28 17:11:38,653] {dagbag.py:508} INFO - Filling up the DagBag from /home/airflow/.local/lib/python3.7/site-packages/airflow/example_dags/tutorial_etl_dag.py
[2022-09-28 17:11:38,849] {processor.py:651} INFO - DAG(s) dict_keys(['tutorial_etl_dag']) retrieved from /home/airflow/.local/lib/python3.7/site-packages/airflow/example_dags/tutorial_etl_dag.py
[2022-09-28 17:11:38,919] {logging_mixin.py:115} INFO - [2022-09-28 17:11:38,919] {dag.py:2420} INFO - Sync 1 DAGs
[2022-09-28 17:11:38,955] {logging_mixin.py:115} INFO - [2022-09-28 17:11:38,955] {dag.py:2972} INFO - Setting next_dagrun for tutorial_etl_dag to None, run_after=None
[2022-09-28 17:11:38,980] {processor.py:161} INFO - Processing /home/airflow/.local/lib/python3.7/site-packages/airflow/example_dags/tutorial_etl_dag.py took 0.369 seconds
[2022-09-28 17:12:09,318] {processor.py:153} INFO - Started process (PID=580) to work on /home/airflow/.local/lib/python3.7/site-packages/airflow/example_dags/tutorial_etl_dag.py
[2022-09-28 17:12:09,319] {processor.py:641} INFO - Processing file /home/airflow/.local/lib/python3.7/site-packages/airflow/example_dags/tutorial_etl_dag.py for tasks to queue
[2022-09-28 17:12:09,320] {logging_mixin.py:115} INFO - [2022-09-28 17:12:09,320] {dagbag.py:508} INFO - Filling up the DagBag from /home/airflow/.local/lib/python3.7/site-packages/airflow/example_dags/tutorial_etl_dag.py
[2022-09-28 17:12:09,462] {processor.py:651} INFO - DAG(s) dict_keys(['tutorial_etl_dag']) retrieved from /home/airflow/.local/lib/python3.7/site-packages/airflow/example_dags/tutorial_etl_dag.py
[2022-09-28 17:12:09,486] {logging_mixin.py:115} INFO - [2022-09-28 17:12:09,486] {dag.py:2420} INFO - Sync 1 DAGs
[2022-09-28 17:12:09,508] {logging_mixin.py:115} INFO - [2022-09-28 17:12:09,508] {dag.py:2972} INFO - Setting next_dagrun for tutorial_etl_dag to None, run_after=None
[2022-09-28 17:12:09,522] {processor.py:161} INFO - Processing /home/airflow/.local/lib/python3.7/site-packages/airflow/example_dags/tutorial_etl_dag.py took 0.209 seconds
[2022-09-28 17:12:39,940] {processor.py:153} INFO - Started process (PID=646) to work on /home/airflow/.local/lib/python3.7/site-packages/airflow/example_dags/tutorial_etl_dag.py
[2022-09-28 17:12:39,941] {processor.py:641} INFO - Processing file /home/airflow/.local/lib/python3.7/site-packages/airflow/example_dags/tutorial_etl_dag.py for tasks to queue
[2022-09-28 17:12:39,943] {logging_mixin.py:115} INFO - [2022-09-28 17:12:39,943] {dagbag.py:508} INFO - Filling up the DagBag from /home/airflow/.local/lib/python3.7/site-packages/airflow/example_dags/tutorial_etl_dag.py
[2022-09-28 17:12:40,105] {processor.py:651} INFO - DAG(s) dict_keys(['tutorial_etl_dag']) retrieved from /home/airflow/.local/lib/python3.7/site-packages/airflow/example_dags/tutorial_etl_dag.py
[2022-09-28 17:12:40,133] {logging_mixin.py:115} INFO - [2022-09-28 17:12:40,133] {dag.py:2420} INFO - Sync 1 DAGs
[2022-09-28 17:12:40,164] {logging_mixin.py:115} INFO - [2022-09-28 17:12:40,164] {dag.py:2972} INFO - Setting next_dagrun for tutorial_etl_dag to None, run_after=None
[2022-09-28 17:12:40,182] {processor.py:161} INFO - Processing /home/airflow/.local/lib/python3.7/site-packages/airflow/example_dags/tutorial_etl_dag.py took 0.248 seconds
[2022-09-28 17:13:10,458] {processor.py:153} INFO - Started process (PID=700) to work on /home/airflow/.local/lib/python3.7/site-packages/airflow/example_dags/tutorial_etl_dag.py
[2022-09-28 17:13:10,460] {processor.py:641} INFO - Processing file /home/airflow/.local/lib/python3.7/site-packages/airflow/example_dags/tutorial_etl_dag.py for tasks to queue
[2022-09-28 17:13:10,462] {logging_mixin.py:115} INFO - [2022-09-28 17:13:10,462] {dagbag.py:508} INFO - Filling up the DagBag from /home/airflow/.local/lib/python3.7/site-packages/airflow/example_dags/tutorial_etl_dag.py
[2022-09-28 17:13:10,640] {processor.py:651} INFO - DAG(s) dict_keys(['tutorial_etl_dag']) retrieved from /home/airflow/.local/lib/python3.7/site-packages/airflow/example_dags/tutorial_etl_dag.py
[2022-09-28 17:13:10,684] {logging_mixin.py:115} INFO - [2022-09-28 17:13:10,684] {dag.py:2420} INFO - Sync 1 DAGs
[2022-09-28 17:13:10,724] {logging_mixin.py:115} INFO - [2022-09-28 17:13:10,723] {dag.py:2972} INFO - Setting next_dagrun for tutorial_etl_dag to None, run_after=None
[2022-09-28 17:13:10,746] {processor.py:161} INFO - Processing /home/airflow/.local/lib/python3.7/site-packages/airflow/example_dags/tutorial_etl_dag.py took 0.298 seconds
[2022-09-28 17:13:41,480] {processor.py:153} INFO - Started process (PID=763) to work on /home/airflow/.local/lib/python3.7/site-packages/airflow/example_dags/tutorial_etl_dag.py
[2022-09-28 17:13:41,482] {processor.py:641} INFO - Processing file /home/airflow/.local/lib/python3.7/site-packages/airflow/example_dags/tutorial_etl_dag.py for tasks to queue
[2022-09-28 17:13:41,483] {logging_mixin.py:115} INFO - [2022-09-28 17:13:41,483] {dagbag.py:508} INFO - Filling up the DagBag from /home/airflow/.local/lib/python3.7/site-packages/airflow/example_dags/tutorial_etl_dag.py
[2022-09-28 17:13:41,493] {processor.py:651} INFO - DAG(s) dict_keys(['tutorial_etl_dag']) retrieved from /home/airflow/.local/lib/python3.7/site-packages/airflow/example_dags/tutorial_etl_dag.py
[2022-09-28 17:13:41,531] {logging_mixin.py:115} INFO - [2022-09-28 17:13:41,531] {dag.py:2420} INFO - Sync 1 DAGs
[2022-09-28 17:13:41,561] {logging_mixin.py:115} INFO - [2022-09-28 17:13:41,561] {dag.py:2972} INFO - Setting next_dagrun for tutorial_etl_dag to None, run_after=None
[2022-09-28 17:13:41,578] {processor.py:161} INFO - Processing /home/airflow/.local/lib/python3.7/site-packages/airflow/example_dags/tutorial_etl_dag.py took 0.104 seconds
[2022-09-28 17:14:12,405] {processor.py:153} INFO - Started process (PID=829) to work on /home/airflow/.local/lib/python3.7/site-packages/airflow/example_dags/tutorial_etl_dag.py
[2022-09-28 17:14:12,407] {processor.py:641} INFO - Processing file /home/airflow/.local/lib/python3.7/site-packages/airflow/example_dags/tutorial_etl_dag.py for tasks to queue
[2022-09-28 17:14:12,408] {logging_mixin.py:115} INFO - [2022-09-28 17:14:12,408] {dagbag.py:508} INFO - Filling up the DagBag from /home/airflow/.local/lib/python3.7/site-packages/airflow/example_dags/tutorial_etl_dag.py
[2022-09-28 17:14:12,419] {processor.py:651} INFO - DAG(s) dict_keys(['tutorial_etl_dag']) retrieved from /home/airflow/.local/lib/python3.7/site-packages/airflow/example_dags/tutorial_etl_dag.py
[2022-09-28 17:14:12,451] {logging_mixin.py:115} INFO - [2022-09-28 17:14:12,451] {dag.py:2420} INFO - Sync 1 DAGs
[2022-09-28 17:14:12,482] {logging_mixin.py:115} INFO - [2022-09-28 17:14:12,481] {dag.py:2972} INFO - Setting next_dagrun for tutorial_etl_dag to None, run_after=None
[2022-09-28 17:14:12,498] {processor.py:161} INFO - Processing /home/airflow/.local/lib/python3.7/site-packages/airflow/example_dags/tutorial_etl_dag.py took 0.100 seconds
[2022-09-28 17:14:43,153] {processor.py:153} INFO - Started process (PID=884) to work on /home/airflow/.local/lib/python3.7/site-packages/airflow/example_dags/tutorial_etl_dag.py
[2022-09-28 17:14:43,155] {processor.py:641} INFO - Processing file /home/airflow/.local/lib/python3.7/site-packages/airflow/example_dags/tutorial_etl_dag.py for tasks to queue
[2022-09-28 17:14:43,156] {logging_mixin.py:115} INFO - [2022-09-28 17:14:43,156] {dagbag.py:508} INFO - Filling up the DagBag from /home/airflow/.local/lib/python3.7/site-packages/airflow/example_dags/tutorial_etl_dag.py
[2022-09-28 17:14:43,166] {processor.py:651} INFO - DAG(s) dict_keys(['tutorial_etl_dag']) retrieved from /home/airflow/.local/lib/python3.7/site-packages/airflow/example_dags/tutorial_etl_dag.py
[2022-09-28 17:14:43,232] {logging_mixin.py:115} INFO - [2022-09-28 17:14:43,232] {dag.py:2420} INFO - Sync 1 DAGs
[2022-09-28 17:14:43,271] {logging_mixin.py:115} INFO - [2022-09-28 17:14:43,271] {dag.py:2972} INFO - Setting next_dagrun for tutorial_etl_dag to None, run_after=None
[2022-09-28 17:14:43,289] {processor.py:161} INFO - Processing /home/airflow/.local/lib/python3.7/site-packages/airflow/example_dags/tutorial_etl_dag.py took 0.142 seconds
[2022-09-28 17:15:13,755] {processor.py:153} INFO - Started process (PID=951) to work on /home/airflow/.local/lib/python3.7/site-packages/airflow/example_dags/tutorial_etl_dag.py
[2022-09-28 17:15:13,756] {processor.py:641} INFO - Processing file /home/airflow/.local/lib/python3.7/site-packages/airflow/example_dags/tutorial_etl_dag.py for tasks to queue
[2022-09-28 17:15:13,758] {logging_mixin.py:115} INFO - [2022-09-28 17:15:13,758] {dagbag.py:508} INFO - Filling up the DagBag from /home/airflow/.local/lib/python3.7/site-packages/airflow/example_dags/tutorial_etl_dag.py
[2022-09-28 17:15:13,770] {processor.py:651} INFO - DAG(s) dict_keys(['tutorial_etl_dag']) retrieved from /home/airflow/.local/lib/python3.7/site-packages/airflow/example_dags/tutorial_etl_dag.py
[2022-09-28 17:15:13,805] {logging_mixin.py:115} INFO - [2022-09-28 17:15:13,805] {dag.py:2420} INFO - Sync 1 DAGs
[2022-09-28 17:15:13,833] {logging_mixin.py:115} INFO - [2022-09-28 17:15:13,833] {dag.py:2972} INFO - Setting next_dagrun for tutorial_etl_dag to None, run_after=None
[2022-09-28 17:15:13,855] {processor.py:161} INFO - Processing /home/airflow/.local/lib/python3.7/site-packages/airflow/example_dags/tutorial_etl_dag.py took 0.105 seconds
[2022-09-28 17:15:43,968] {processor.py:153} INFO - Started process (PID=1016) to work on /home/airflow/.local/lib/python3.7/site-packages/airflow/example_dags/tutorial_etl_dag.py
[2022-09-28 17:15:43,969] {processor.py:641} INFO - Processing file /home/airflow/.local/lib/python3.7/site-packages/airflow/example_dags/tutorial_etl_dag.py for tasks to queue
[2022-09-28 17:15:43,971] {logging_mixin.py:115} INFO - [2022-09-28 17:15:43,971] {dagbag.py:508} INFO - Filling up the DagBag from /home/airflow/.local/lib/python3.7/site-packages/airflow/example_dags/tutorial_etl_dag.py
[2022-09-28 17:15:43,993] {processor.py:651} INFO - DAG(s) dict_keys(['tutorial_etl_dag']) retrieved from /home/airflow/.local/lib/python3.7/site-packages/airflow/example_dags/tutorial_etl_dag.py
[2022-09-28 17:15:44,037] {logging_mixin.py:115} INFO - [2022-09-28 17:15:44,037] {dag.py:2420} INFO - Sync 1 DAGs
[2022-09-28 17:15:44,081] {logging_mixin.py:115} INFO - [2022-09-28 17:15:44,081] {dag.py:2972} INFO - Setting next_dagrun for tutorial_etl_dag to None, run_after=None
[2022-09-28 17:15:44,117] {processor.py:161} INFO - Processing /home/airflow/.local/lib/python3.7/site-packages/airflow/example_dags/tutorial_etl_dag.py took 0.155 seconds
[2022-09-28 17:16:14,324] {processor.py:153} INFO - Started process (PID=1071) to work on /home/airflow/.local/lib/python3.7/site-packages/airflow/example_dags/tutorial_etl_dag.py
[2022-09-28 17:16:14,325] {processor.py:641} INFO - Processing file /home/airflow/.local/lib/python3.7/site-packages/airflow/example_dags/tutorial_etl_dag.py for tasks to queue
[2022-09-28 17:16:14,327] {logging_mixin.py:115} INFO - [2022-09-28 17:16:14,327] {dagbag.py:508} INFO - Filling up the DagBag from /home/airflow/.local/lib/python3.7/site-packages/airflow/example_dags/tutorial_etl_dag.py
[2022-09-28 17:16:14,338] {processor.py:651} INFO - DAG(s) dict_keys(['tutorial_etl_dag']) retrieved from /home/airflow/.local/lib/python3.7/site-packages/airflow/example_dags/tutorial_etl_dag.py
[2022-09-28 17:16:14,378] {logging_mixin.py:115} INFO - [2022-09-28 17:16:14,378] {dag.py:2420} INFO - Sync 1 DAGs
[2022-09-28 17:16:14,412] {logging_mixin.py:115} INFO - [2022-09-28 17:16:14,412] {dag.py:2972} INFO - Setting next_dagrun for tutorial_etl_dag to None, run_after=None
[2022-09-28 17:16:14,427] {processor.py:161} INFO - Processing /home/airflow/.local/lib/python3.7/site-packages/airflow/example_dags/tutorial_etl_dag.py took 0.107 seconds
[2022-09-28 17:16:44,551] {processor.py:153} INFO - Started process (PID=1136) to work on /home/airflow/.local/lib/python3.7/site-packages/airflow/example_dags/tutorial_etl_dag.py
[2022-09-28 17:16:44,554] {processor.py:641} INFO - Processing file /home/airflow/.local/lib/python3.7/site-packages/airflow/example_dags/tutorial_etl_dag.py for tasks to queue
[2022-09-28 17:16:44,555] {logging_mixin.py:115} INFO - [2022-09-28 17:16:44,555] {dagbag.py:508} INFO - Filling up the DagBag from /home/airflow/.local/lib/python3.7/site-packages/airflow/example_dags/tutorial_etl_dag.py
[2022-09-28 17:16:44,568] {processor.py:651} INFO - DAG(s) dict_keys(['tutorial_etl_dag']) retrieved from /home/airflow/.local/lib/python3.7/site-packages/airflow/example_dags/tutorial_etl_dag.py
[2022-09-28 17:16:44,606] {logging_mixin.py:115} INFO - [2022-09-28 17:16:44,605] {dag.py:2420} INFO - Sync 1 DAGs
[2022-09-28 17:16:44,636] {logging_mixin.py:115} INFO - [2022-09-28 17:16:44,636] {dag.py:2972} INFO - Setting next_dagrun for tutorial_etl_dag to None, run_after=None
[2022-09-28 17:16:44,661] {processor.py:161} INFO - Processing /home/airflow/.local/lib/python3.7/site-packages/airflow/example_dags/tutorial_etl_dag.py took 0.115 seconds
[2022-09-28 17:17:14,738] {processor.py:153} INFO - Started process (PID=1193) to work on /home/airflow/.local/lib/python3.7/site-packages/airflow/example_dags/tutorial_etl_dag.py
[2022-09-28 17:17:14,740] {processor.py:641} INFO - Processing file /home/airflow/.local/lib/python3.7/site-packages/airflow/example_dags/tutorial_etl_dag.py for tasks to queue
[2022-09-28 17:17:14,742] {logging_mixin.py:115} INFO - [2022-09-28 17:17:14,742] {dagbag.py:508} INFO - Filling up the DagBag from /home/airflow/.local/lib/python3.7/site-packages/airflow/example_dags/tutorial_etl_dag.py
[2022-09-28 17:17:14,758] {processor.py:651} INFO - DAG(s) dict_keys(['tutorial_etl_dag']) retrieved from /home/airflow/.local/lib/python3.7/site-packages/airflow/example_dags/tutorial_etl_dag.py
[2022-09-28 17:17:14,800] {logging_mixin.py:115} INFO - [2022-09-28 17:17:14,800] {dag.py:2420} INFO - Sync 1 DAGs
[2022-09-28 17:17:14,841] {logging_mixin.py:115} INFO - [2022-09-28 17:17:14,841] {dag.py:2972} INFO - Setting next_dagrun for tutorial_etl_dag to None, run_after=None
[2022-09-28 17:17:14,860] {processor.py:161} INFO - Processing /home/airflow/.local/lib/python3.7/site-packages/airflow/example_dags/tutorial_etl_dag.py took 0.128 seconds
[2022-09-28 17:17:45,545] {processor.py:153} INFO - Started process (PID=1260) to work on /home/airflow/.local/lib/python3.7/site-packages/airflow/example_dags/tutorial_etl_dag.py
[2022-09-28 17:17:45,547] {processor.py:641} INFO - Processing file /home/airflow/.local/lib/python3.7/site-packages/airflow/example_dags/tutorial_etl_dag.py for tasks to queue
[2022-09-28 17:17:45,549] {logging_mixin.py:115} INFO - [2022-09-28 17:17:45,549] {dagbag.py:508} INFO - Filling up the DagBag from /home/airflow/.local/lib/python3.7/site-packages/airflow/example_dags/tutorial_etl_dag.py
[2022-09-28 17:17:45,562] {processor.py:651} INFO - DAG(s) dict_keys(['tutorial_etl_dag']) retrieved from /home/airflow/.local/lib/python3.7/site-packages/airflow/example_dags/tutorial_etl_dag.py
[2022-09-28 17:17:45,593] {logging_mixin.py:115} INFO - [2022-09-28 17:17:45,593] {dag.py:2420} INFO - Sync 1 DAGs
[2022-09-28 17:17:45,622] {logging_mixin.py:115} INFO - [2022-09-28 17:17:45,622] {dag.py:2972} INFO - Setting next_dagrun for tutorial_etl_dag to None, run_after=None
[2022-09-28 17:17:45,636] {processor.py:161} INFO - Processing /home/airflow/.local/lib/python3.7/site-packages/airflow/example_dags/tutorial_etl_dag.py took 0.095 seconds
[2022-09-28 17:18:18,338] {processor.py:153} INFO - Started process (PID=1326) to work on /home/airflow/.local/lib/python3.7/site-packages/airflow/example_dags/tutorial_etl_dag.py
[2022-09-28 17:18:18,341] {processor.py:641} INFO - Processing file /home/airflow/.local/lib/python3.7/site-packages/airflow/example_dags/tutorial_etl_dag.py for tasks to queue
[2022-09-28 17:18:18,344] {logging_mixin.py:115} INFO - [2022-09-28 17:18:18,343] {dagbag.py:508} INFO - Filling up the DagBag from /home/airflow/.local/lib/python3.7/site-packages/airflow/example_dags/tutorial_etl_dag.py
[2022-09-28 17:18:18,363] {processor.py:651} INFO - DAG(s) dict_keys(['tutorial_etl_dag']) retrieved from /home/airflow/.local/lib/python3.7/site-packages/airflow/example_dags/tutorial_etl_dag.py
[2022-09-28 17:18:18,590] {logging_mixin.py:115} INFO - [2022-09-28 17:18:18,590] {dag.py:2420} INFO - Sync 1 DAGs
[2022-09-28 17:18:18,671] {logging_mixin.py:115} INFO - [2022-09-28 17:18:18,671] {dag.py:2972} INFO - Setting next_dagrun for tutorial_etl_dag to None, run_after=None
[2022-09-28 17:18:18,715] {processor.py:161} INFO - Processing /home/airflow/.local/lib/python3.7/site-packages/airflow/example_dags/tutorial_etl_dag.py took 0.382 seconds
[2022-09-28 17:18:49,374] {processor.py:153} INFO - Started process (PID=1381) to work on /home/airflow/.local/lib/python3.7/site-packages/airflow/example_dags/tutorial_etl_dag.py
[2022-09-28 17:18:49,376] {processor.py:641} INFO - Processing file /home/airflow/.local/lib/python3.7/site-packages/airflow/example_dags/tutorial_etl_dag.py for tasks to queue
[2022-09-28 17:18:49,378] {logging_mixin.py:115} INFO - [2022-09-28 17:18:49,377] {dagbag.py:508} INFO - Filling up the DagBag from /home/airflow/.local/lib/python3.7/site-packages/airflow/example_dags/tutorial_etl_dag.py
[2022-09-28 17:18:49,395] {processor.py:651} INFO - DAG(s) dict_keys(['tutorial_etl_dag']) retrieved from /home/airflow/.local/lib/python3.7/site-packages/airflow/example_dags/tutorial_etl_dag.py
[2022-09-28 17:18:49,444] {logging_mixin.py:115} INFO - [2022-09-28 17:18:49,444] {dag.py:2420} INFO - Sync 1 DAGs
[2022-09-28 17:18:49,477] {logging_mixin.py:115} INFO - [2022-09-28 17:18:49,477] {dag.py:2972} INFO - Setting next_dagrun for tutorial_etl_dag to None, run_after=None
[2022-09-28 17:18:49,502] {processor.py:161} INFO - Processing /home/airflow/.local/lib/python3.7/site-packages/airflow/example_dags/tutorial_etl_dag.py took 0.133 seconds
[2022-09-28 17:19:20,042] {processor.py:153} INFO - Started process (PID=1447) to work on /home/airflow/.local/lib/python3.7/site-packages/airflow/example_dags/tutorial_etl_dag.py
[2022-09-28 17:19:20,045] {processor.py:641} INFO - Processing file /home/airflow/.local/lib/python3.7/site-packages/airflow/example_dags/tutorial_etl_dag.py for tasks to queue
[2022-09-28 17:19:20,049] {logging_mixin.py:115} INFO - [2022-09-28 17:19:20,049] {dagbag.py:508} INFO - Filling up the DagBag from /home/airflow/.local/lib/python3.7/site-packages/airflow/example_dags/tutorial_etl_dag.py
[2022-09-28 17:19:20,067] {processor.py:651} INFO - DAG(s) dict_keys(['tutorial_etl_dag']) retrieved from /home/airflow/.local/lib/python3.7/site-packages/airflow/example_dags/tutorial_etl_dag.py
[2022-09-28 17:19:20,123] {logging_mixin.py:115} INFO - [2022-09-28 17:19:20,122] {dag.py:2420} INFO - Sync 1 DAGs
[2022-09-28 17:19:20,151] {logging_mixin.py:115} INFO - [2022-09-28 17:19:20,151] {dag.py:2972} INFO - Setting next_dagrun for tutorial_etl_dag to None, run_after=None
[2022-09-28 17:19:20,166] {processor.py:161} INFO - Processing /home/airflow/.local/lib/python3.7/site-packages/airflow/example_dags/tutorial_etl_dag.py took 0.135 seconds
[2022-09-28 17:19:50,394] {processor.py:153} INFO - Started process (PID=1502) to work on /home/airflow/.local/lib/python3.7/site-packages/airflow/example_dags/tutorial_etl_dag.py
[2022-09-28 17:19:50,395] {processor.py:641} INFO - Processing file /home/airflow/.local/lib/python3.7/site-packages/airflow/example_dags/tutorial_etl_dag.py for tasks to queue
[2022-09-28 17:19:50,397] {logging_mixin.py:115} INFO - [2022-09-28 17:19:50,397] {dagbag.py:508} INFO - Filling up the DagBag from /home/airflow/.local/lib/python3.7/site-packages/airflow/example_dags/tutorial_etl_dag.py
[2022-09-28 17:19:50,409] {processor.py:651} INFO - DAG(s) dict_keys(['tutorial_etl_dag']) retrieved from /home/airflow/.local/lib/python3.7/site-packages/airflow/example_dags/tutorial_etl_dag.py
[2022-09-28 17:19:50,451] {logging_mixin.py:115} INFO - [2022-09-28 17:19:50,451] {dag.py:2420} INFO - Sync 1 DAGs
[2022-09-28 17:19:50,489] {logging_mixin.py:115} INFO - [2022-09-28 17:19:50,489] {dag.py:2972} INFO - Setting next_dagrun for tutorial_etl_dag to None, run_after=None
[2022-09-28 17:19:50,508] {processor.py:161} INFO - Processing /home/airflow/.local/lib/python3.7/site-packages/airflow/example_dags/tutorial_etl_dag.py took 0.119 seconds
[2022-09-28 17:20:20,738] {processor.py:153} INFO - Started process (PID=1566) to work on /home/airflow/.local/lib/python3.7/site-packages/airflow/example_dags/tutorial_etl_dag.py
[2022-09-28 17:20:20,739] {processor.py:641} INFO - Processing file /home/airflow/.local/lib/python3.7/site-packages/airflow/example_dags/tutorial_etl_dag.py for tasks to queue
[2022-09-28 17:20:20,741] {logging_mixin.py:115} INFO - [2022-09-28 17:20:20,741] {dagbag.py:508} INFO - Filling up the DagBag from /home/airflow/.local/lib/python3.7/site-packages/airflow/example_dags/tutorial_etl_dag.py
[2022-09-28 17:20:20,751] {processor.py:651} INFO - DAG(s) dict_keys(['tutorial_etl_dag']) retrieved from /home/airflow/.local/lib/python3.7/site-packages/airflow/example_dags/tutorial_etl_dag.py
[2022-09-28 17:20:20,786] {logging_mixin.py:115} INFO - [2022-09-28 17:20:20,785] {dag.py:2420} INFO - Sync 1 DAGs
[2022-09-28 17:20:20,813] {logging_mixin.py:115} INFO - [2022-09-28 17:20:20,813] {dag.py:2972} INFO - Setting next_dagrun for tutorial_etl_dag to None, run_after=None
[2022-09-28 17:20:20,829] {processor.py:161} INFO - Processing /home/airflow/.local/lib/python3.7/site-packages/airflow/example_dags/tutorial_etl_dag.py took 0.094 seconds
[2022-09-28 17:20:51,360] {processor.py:153} INFO - Started process (PID=1624) to work on /home/airflow/.local/lib/python3.7/site-packages/airflow/example_dags/tutorial_etl_dag.py
[2022-09-28 17:20:51,361] {processor.py:641} INFO - Processing file /home/airflow/.local/lib/python3.7/site-packages/airflow/example_dags/tutorial_etl_dag.py for tasks to queue
[2022-09-28 17:20:51,363] {logging_mixin.py:115} INFO - [2022-09-28 17:20:51,363] {dagbag.py:508} INFO - Filling up the DagBag from /home/airflow/.local/lib/python3.7/site-packages/airflow/example_dags/tutorial_etl_dag.py
[2022-09-28 17:20:51,373] {processor.py:651} INFO - DAG(s) dict_keys(['tutorial_etl_dag']) retrieved from /home/airflow/.local/lib/python3.7/site-packages/airflow/example_dags/tutorial_etl_dag.py
[2022-09-28 17:20:51,406] {logging_mixin.py:115} INFO - [2022-09-28 17:20:51,405] {dag.py:2420} INFO - Sync 1 DAGs
[2022-09-28 17:20:51,431] {logging_mixin.py:115} INFO - [2022-09-28 17:20:51,430] {dag.py:2972} INFO - Setting next_dagrun for tutorial_etl_dag to None, run_after=None
[2022-09-28 17:20:51,447] {processor.py:161} INFO - Processing /home/airflow/.local/lib/python3.7/site-packages/airflow/example_dags/tutorial_etl_dag.py took 0.092 seconds
[2022-09-28 17:21:22,167] {processor.py:153} INFO - Started process (PID=1689) to work on /home/airflow/.local/lib/python3.7/site-packages/airflow/example_dags/tutorial_etl_dag.py
[2022-09-28 17:21:22,169] {processor.py:641} INFO - Processing file /home/airflow/.local/lib/python3.7/site-packages/airflow/example_dags/tutorial_etl_dag.py for tasks to queue
[2022-09-28 17:21:22,170] {logging_mixin.py:115} INFO - [2022-09-28 17:21:22,170] {dagbag.py:508} INFO - Filling up the DagBag from /home/airflow/.local/lib/python3.7/site-packages/airflow/example_dags/tutorial_etl_dag.py
[2022-09-28 17:21:22,179] {processor.py:651} INFO - DAG(s) dict_keys(['tutorial_etl_dag']) retrieved from /home/airflow/.local/lib/python3.7/site-packages/airflow/example_dags/tutorial_etl_dag.py
[2022-09-28 17:21:22,189] {logging_mixin.py:115} INFO - [2022-09-28 17:21:22,188] {dag.py:2420} INFO - Sync 1 DAGs
[2022-09-28 17:21:22,215] {logging_mixin.py:115} INFO - [2022-09-28 17:21:22,215] {dag.py:2972} INFO - Setting next_dagrun for tutorial_etl_dag to None, run_after=None
[2022-09-28 17:21:22,229] {processor.py:161} INFO - Processing /home/airflow/.local/lib/python3.7/site-packages/airflow/example_dags/tutorial_etl_dag.py took 0.088 seconds
[2022-09-28 17:21:52,470] {processor.py:153} INFO - Started process (PID=1745) to work on /home/airflow/.local/lib/python3.7/site-packages/airflow/example_dags/tutorial_etl_dag.py
[2022-09-28 17:21:52,472] {processor.py:641} INFO - Processing file /home/airflow/.local/lib/python3.7/site-packages/airflow/example_dags/tutorial_etl_dag.py for tasks to queue
[2022-09-28 17:21:52,473] {logging_mixin.py:115} INFO - [2022-09-28 17:21:52,473] {dagbag.py:508} INFO - Filling up the DagBag from /home/airflow/.local/lib/python3.7/site-packages/airflow/example_dags/tutorial_etl_dag.py
[2022-09-28 17:21:52,483] {processor.py:651} INFO - DAG(s) dict_keys(['tutorial_etl_dag']) retrieved from /home/airflow/.local/lib/python3.7/site-packages/airflow/example_dags/tutorial_etl_dag.py
[2022-09-28 17:21:52,516] {logging_mixin.py:115} INFO - [2022-09-28 17:21:52,516] {dag.py:2420} INFO - Sync 1 DAGs
[2022-09-28 17:21:52,544] {logging_mixin.py:115} INFO - [2022-09-28 17:21:52,544] {dag.py:2972} INFO - Setting next_dagrun for tutorial_etl_dag to None, run_after=None
[2022-09-28 17:21:52,560] {processor.py:161} INFO - Processing /home/airflow/.local/lib/python3.7/site-packages/airflow/example_dags/tutorial_etl_dag.py took 0.094 seconds
[2022-09-28 17:22:23,493] {processor.py:153} INFO - Started process (PID=1811) to work on /home/airflow/.local/lib/python3.7/site-packages/airflow/example_dags/tutorial_etl_dag.py
[2022-09-28 17:22:23,494] {processor.py:641} INFO - Processing file /home/airflow/.local/lib/python3.7/site-packages/airflow/example_dags/tutorial_etl_dag.py for tasks to queue
[2022-09-28 17:22:23,496] {logging_mixin.py:115} INFO - [2022-09-28 17:22:23,495] {dagbag.py:508} INFO - Filling up the DagBag from /home/airflow/.local/lib/python3.7/site-packages/airflow/example_dags/tutorial_etl_dag.py
[2022-09-28 17:22:23,506] {processor.py:651} INFO - DAG(s) dict_keys(['tutorial_etl_dag']) retrieved from /home/airflow/.local/lib/python3.7/site-packages/airflow/example_dags/tutorial_etl_dag.py
[2022-09-28 17:22:23,568] {logging_mixin.py:115} INFO - [2022-09-28 17:22:23,568] {dag.py:2420} INFO - Sync 1 DAGs
[2022-09-28 17:22:23,613] {logging_mixin.py:115} INFO - [2022-09-28 17:22:23,612] {dag.py:2972} INFO - Setting next_dagrun for tutorial_etl_dag to None, run_after=None
[2022-09-28 17:22:23,639] {processor.py:161} INFO - Processing /home/airflow/.local/lib/python3.7/site-packages/airflow/example_dags/tutorial_etl_dag.py took 0.150 seconds
[2022-09-28 17:22:53,751] {processor.py:153} INFO - Started process (PID=1875) to work on /home/airflow/.local/lib/python3.7/site-packages/airflow/example_dags/tutorial_etl_dag.py
[2022-09-28 17:22:53,752] {processor.py:641} INFO - Processing file /home/airflow/.local/lib/python3.7/site-packages/airflow/example_dags/tutorial_etl_dag.py for tasks to queue
[2022-09-28 17:22:53,754] {logging_mixin.py:115} INFO - [2022-09-28 17:22:53,754] {dagbag.py:508} INFO - Filling up the DagBag from /home/airflow/.local/lib/python3.7/site-packages/airflow/example_dags/tutorial_etl_dag.py
[2022-09-28 17:22:53,765] {processor.py:651} INFO - DAG(s) dict_keys(['tutorial_etl_dag']) retrieved from /home/airflow/.local/lib/python3.7/site-packages/airflow/example_dags/tutorial_etl_dag.py
[2022-09-28 17:22:53,797] {logging_mixin.py:115} INFO - [2022-09-28 17:22:53,797] {dag.py:2420} INFO - Sync 1 DAGs
[2022-09-28 17:22:53,833] {logging_mixin.py:115} INFO - [2022-09-28 17:22:53,833] {dag.py:2972} INFO - Setting next_dagrun for tutorial_etl_dag to None, run_after=None
[2022-09-28 17:22:53,849] {processor.py:161} INFO - Processing /home/airflow/.local/lib/python3.7/site-packages/airflow/example_dags/tutorial_etl_dag.py took 0.104 seconds
[2022-09-28 17:23:24,287] {processor.py:153} INFO - Started process (PID=1933) to work on /home/airflow/.local/lib/python3.7/site-packages/airflow/example_dags/tutorial_etl_dag.py
[2022-09-28 17:23:24,289] {processor.py:641} INFO - Processing file /home/airflow/.local/lib/python3.7/site-packages/airflow/example_dags/tutorial_etl_dag.py for tasks to queue
[2022-09-28 17:23:24,292] {logging_mixin.py:115} INFO - [2022-09-28 17:23:24,291] {dagbag.py:508} INFO - Filling up the DagBag from /home/airflow/.local/lib/python3.7/site-packages/airflow/example_dags/tutorial_etl_dag.py
[2022-09-28 17:23:24,307] {processor.py:651} INFO - DAG(s) dict_keys(['tutorial_etl_dag']) retrieved from /home/airflow/.local/lib/python3.7/site-packages/airflow/example_dags/tutorial_etl_dag.py
[2022-09-28 17:23:24,338] {logging_mixin.py:115} INFO - [2022-09-28 17:23:24,338] {dag.py:2420} INFO - Sync 1 DAGs
[2022-09-28 17:23:24,363] {logging_mixin.py:115} INFO - [2022-09-28 17:23:24,363] {dag.py:2972} INFO - Setting next_dagrun for tutorial_etl_dag to None, run_after=None
[2022-09-28 17:23:24,378] {processor.py:161} INFO - Processing /home/airflow/.local/lib/python3.7/site-packages/airflow/example_dags/tutorial_etl_dag.py took 0.095 seconds
[2022-09-28 17:23:54,567] {processor.py:153} INFO - Started process (PID=1998) to work on /home/airflow/.local/lib/python3.7/site-packages/airflow/example_dags/tutorial_etl_dag.py
[2022-09-28 17:23:54,569] {processor.py:641} INFO - Processing file /home/airflow/.local/lib/python3.7/site-packages/airflow/example_dags/tutorial_etl_dag.py for tasks to queue
[2022-09-28 17:23:54,571] {logging_mixin.py:115} INFO - [2022-09-28 17:23:54,571] {dagbag.py:508} INFO - Filling up the DagBag from /home/airflow/.local/lib/python3.7/site-packages/airflow/example_dags/tutorial_etl_dag.py
[2022-09-28 17:23:54,587] {processor.py:651} INFO - DAG(s) dict_keys(['tutorial_etl_dag']) retrieved from /home/airflow/.local/lib/python3.7/site-packages/airflow/example_dags/tutorial_etl_dag.py
[2022-09-28 17:23:54,634] {logging_mixin.py:115} INFO - [2022-09-28 17:23:54,634] {dag.py:2420} INFO - Sync 1 DAGs
[2022-09-28 17:23:54,669] {logging_mixin.py:115} INFO - [2022-09-28 17:23:54,668] {dag.py:2972} INFO - Setting next_dagrun for tutorial_etl_dag to None, run_after=None
[2022-09-28 17:23:54,687] {processor.py:161} INFO - Processing /home/airflow/.local/lib/python3.7/site-packages/airflow/example_dags/tutorial_etl_dag.py took 0.125 seconds
[2022-09-28 17:24:24,920] {processor.py:153} INFO - Started process (PID=2054) to work on /home/airflow/.local/lib/python3.7/site-packages/airflow/example_dags/tutorial_etl_dag.py
[2022-09-28 17:24:24,923] {processor.py:641} INFO - Processing file /home/airflow/.local/lib/python3.7/site-packages/airflow/example_dags/tutorial_etl_dag.py for tasks to queue
[2022-09-28 17:24:24,927] {logging_mixin.py:115} INFO - [2022-09-28 17:24:24,927] {dagbag.py:508} INFO - Filling up the DagBag from /home/airflow/.local/lib/python3.7/site-packages/airflow/example_dags/tutorial_etl_dag.py
[2022-09-28 17:24:24,949] {processor.py:651} INFO - DAG(s) dict_keys(['tutorial_etl_dag']) retrieved from /home/airflow/.local/lib/python3.7/site-packages/airflow/example_dags/tutorial_etl_dag.py
[2022-09-28 17:24:25,006] {logging_mixin.py:115} INFO - [2022-09-28 17:24:25,006] {dag.py:2420} INFO - Sync 1 DAGs
[2022-09-28 17:24:25,038] {logging_mixin.py:115} INFO - [2022-09-28 17:24:25,038] {dag.py:2972} INFO - Setting next_dagrun for tutorial_etl_dag to None, run_after=None
[2022-09-28 17:24:25,077] {processor.py:161} INFO - Processing /home/airflow/.local/lib/python3.7/site-packages/airflow/example_dags/tutorial_etl_dag.py took 0.168 seconds
[2022-09-28 17:24:55,843] {processor.py:153} INFO - Started process (PID=2121) to work on /home/airflow/.local/lib/python3.7/site-packages/airflow/example_dags/tutorial_etl_dag.py
[2022-09-28 17:24:55,844] {processor.py:641} INFO - Processing file /home/airflow/.local/lib/python3.7/site-packages/airflow/example_dags/tutorial_etl_dag.py for tasks to queue
[2022-09-28 17:24:55,846] {logging_mixin.py:115} INFO - [2022-09-28 17:24:55,845] {dagbag.py:508} INFO - Filling up the DagBag from /home/airflow/.local/lib/python3.7/site-packages/airflow/example_dags/tutorial_etl_dag.py
[2022-09-28 17:24:55,855] {processor.py:651} INFO - DAG(s) dict_keys(['tutorial_etl_dag']) retrieved from /home/airflow/.local/lib/python3.7/site-packages/airflow/example_dags/tutorial_etl_dag.py
[2022-09-28 17:24:55,888] {logging_mixin.py:115} INFO - [2022-09-28 17:24:55,888] {dag.py:2420} INFO - Sync 1 DAGs
[2022-09-28 17:24:55,914] {logging_mixin.py:115} INFO - [2022-09-28 17:24:55,914] {dag.py:2972} INFO - Setting next_dagrun for tutorial_etl_dag to None, run_after=None
[2022-09-28 17:24:55,931] {processor.py:161} INFO - Processing /home/airflow/.local/lib/python3.7/site-packages/airflow/example_dags/tutorial_etl_dag.py took 0.093 seconds
[2022-09-28 17:25:26,158] {processor.py:153} INFO - Started process (PID=2177) to work on /home/airflow/.local/lib/python3.7/site-packages/airflow/example_dags/tutorial_etl_dag.py
[2022-09-28 17:25:26,159] {processor.py:641} INFO - Processing file /home/airflow/.local/lib/python3.7/site-packages/airflow/example_dags/tutorial_etl_dag.py for tasks to queue
[2022-09-28 17:25:26,160] {logging_mixin.py:115} INFO - [2022-09-28 17:25:26,160] {dagbag.py:508} INFO - Filling up the DagBag from /home/airflow/.local/lib/python3.7/site-packages/airflow/example_dags/tutorial_etl_dag.py
[2022-09-28 17:25:26,169] {processor.py:651} INFO - DAG(s) dict_keys(['tutorial_etl_dag']) retrieved from /home/airflow/.local/lib/python3.7/site-packages/airflow/example_dags/tutorial_etl_dag.py
[2022-09-28 17:25:26,197] {logging_mixin.py:115} INFO - [2022-09-28 17:25:26,197] {dag.py:2420} INFO - Sync 1 DAGs
[2022-09-28 17:25:26,221] {logging_mixin.py:115} INFO - [2022-09-28 17:25:26,221] {dag.py:2972} INFO - Setting next_dagrun for tutorial_etl_dag to None, run_after=None
[2022-09-28 17:25:26,235] {processor.py:161} INFO - Processing /home/airflow/.local/lib/python3.7/site-packages/airflow/example_dags/tutorial_etl_dag.py took 0.081 seconds
[2022-09-28 17:25:56,422] {processor.py:153} INFO - Started process (PID=2243) to work on /home/airflow/.local/lib/python3.7/site-packages/airflow/example_dags/tutorial_etl_dag.py
[2022-09-28 17:25:56,424] {processor.py:641} INFO - Processing file /home/airflow/.local/lib/python3.7/site-packages/airflow/example_dags/tutorial_etl_dag.py for tasks to queue
[2022-09-28 17:25:56,427] {logging_mixin.py:115} INFO - [2022-09-28 17:25:56,427] {dagbag.py:508} INFO - Filling up the DagBag from /home/airflow/.local/lib/python3.7/site-packages/airflow/example_dags/tutorial_etl_dag.py
[2022-09-28 17:25:56,445] {processor.py:651} INFO - DAG(s) dict_keys(['tutorial_etl_dag']) retrieved from /home/airflow/.local/lib/python3.7/site-packages/airflow/example_dags/tutorial_etl_dag.py
[2022-09-28 17:25:56,505] {logging_mixin.py:115} INFO - [2022-09-28 17:25:56,505] {dag.py:2420} INFO - Sync 1 DAGs
[2022-09-28 17:25:56,553] {logging_mixin.py:115} INFO - [2022-09-28 17:25:56,553] {dag.py:2972} INFO - Setting next_dagrun for tutorial_etl_dag to None, run_after=None
[2022-09-28 17:25:56,574] {processor.py:161} INFO - Processing /home/airflow/.local/lib/python3.7/site-packages/airflow/example_dags/tutorial_etl_dag.py took 0.159 seconds
[2022-09-28 17:26:27,086] {processor.py:153} INFO - Started process (PID=2310) to work on /home/airflow/.local/lib/python3.7/site-packages/airflow/example_dags/tutorial_etl_dag.py
[2022-09-28 17:26:27,089] {processor.py:641} INFO - Processing file /home/airflow/.local/lib/python3.7/site-packages/airflow/example_dags/tutorial_etl_dag.py for tasks to queue
[2022-09-28 17:26:27,092] {logging_mixin.py:115} INFO - [2022-09-28 17:26:27,092] {dagbag.py:508} INFO - Filling up the DagBag from /home/airflow/.local/lib/python3.7/site-packages/airflow/example_dags/tutorial_etl_dag.py
[2022-09-28 17:26:27,109] {processor.py:651} INFO - DAG(s) dict_keys(['tutorial_etl_dag']) retrieved from /home/airflow/.local/lib/python3.7/site-packages/airflow/example_dags/tutorial_etl_dag.py
[2022-09-28 17:26:27,192] {logging_mixin.py:115} INFO - [2022-09-28 17:26:27,191] {dag.py:2420} INFO - Sync 1 DAGs
[2022-09-28 17:26:27,232] {logging_mixin.py:115} INFO - [2022-09-28 17:26:27,232] {dag.py:2972} INFO - Setting next_dagrun for tutorial_etl_dag to None, run_after=None
[2022-09-28 17:26:27,258] {processor.py:161} INFO - Processing /home/airflow/.local/lib/python3.7/site-packages/airflow/example_dags/tutorial_etl_dag.py took 0.179 seconds
[2022-09-28 17:26:57,486] {processor.py:153} INFO - Started process (PID=2364) to work on /home/airflow/.local/lib/python3.7/site-packages/airflow/example_dags/tutorial_etl_dag.py
[2022-09-28 17:26:57,488] {processor.py:641} INFO - Processing file /home/airflow/.local/lib/python3.7/site-packages/airflow/example_dags/tutorial_etl_dag.py for tasks to queue
[2022-09-28 17:26:57,490] {logging_mixin.py:115} INFO - [2022-09-28 17:26:57,490] {dagbag.py:508} INFO - Filling up the DagBag from /home/airflow/.local/lib/python3.7/site-packages/airflow/example_dags/tutorial_etl_dag.py
[2022-09-28 17:26:57,504] {processor.py:651} INFO - DAG(s) dict_keys(['tutorial_etl_dag']) retrieved from /home/airflow/.local/lib/python3.7/site-packages/airflow/example_dags/tutorial_etl_dag.py
[2022-09-28 17:26:57,607] {logging_mixin.py:115} INFO - [2022-09-28 17:26:57,607] {dag.py:2420} INFO - Sync 1 DAGs
[2022-09-28 17:26:57,661] {logging_mixin.py:115} INFO - [2022-09-28 17:26:57,661] {dag.py:2972} INFO - Setting next_dagrun for tutorial_etl_dag to None, run_after=None
[2022-09-28 17:26:57,683] {processor.py:161} INFO - Processing /home/airflow/.local/lib/python3.7/site-packages/airflow/example_dags/tutorial_etl_dag.py took 0.202 seconds
[2022-09-28 17:27:28,702] {processor.py:153} INFO - Started process (PID=2430) to work on /home/airflow/.local/lib/python3.7/site-packages/airflow/example_dags/tutorial_etl_dag.py
[2022-09-28 17:27:28,704] {processor.py:641} INFO - Processing file /home/airflow/.local/lib/python3.7/site-packages/airflow/example_dags/tutorial_etl_dag.py for tasks to queue
[2022-09-28 17:27:28,706] {logging_mixin.py:115} INFO - [2022-09-28 17:27:28,706] {dagbag.py:508} INFO - Filling up the DagBag from /home/airflow/.local/lib/python3.7/site-packages/airflow/example_dags/tutorial_etl_dag.py
[2022-09-28 17:27:28,719] {processor.py:651} INFO - DAG(s) dict_keys(['tutorial_etl_dag']) retrieved from /home/airflow/.local/lib/python3.7/site-packages/airflow/example_dags/tutorial_etl_dag.py
[2022-09-28 17:27:28,757] {logging_mixin.py:115} INFO - [2022-09-28 17:27:28,756] {dag.py:2420} INFO - Sync 1 DAGs
[2022-09-28 17:27:28,791] {logging_mixin.py:115} INFO - [2022-09-28 17:27:28,791] {dag.py:2972} INFO - Setting next_dagrun for tutorial_etl_dag to None, run_after=None
[2022-09-28 17:27:28,811] {processor.py:161} INFO - Processing /home/airflow/.local/lib/python3.7/site-packages/airflow/example_dags/tutorial_etl_dag.py took 0.113 seconds
[2022-09-28 17:27:58,854] {processor.py:153} INFO - Started process (PID=2486) to work on /home/airflow/.local/lib/python3.7/site-packages/airflow/example_dags/tutorial_etl_dag.py
[2022-09-28 17:27:58,856] {processor.py:641} INFO - Processing file /home/airflow/.local/lib/python3.7/site-packages/airflow/example_dags/tutorial_etl_dag.py for tasks to queue
[2022-09-28 17:27:58,859] {logging_mixin.py:115} INFO - [2022-09-28 17:27:58,858] {dagbag.py:508} INFO - Filling up the DagBag from /home/airflow/.local/lib/python3.7/site-packages/airflow/example_dags/tutorial_etl_dag.py
[2022-09-28 17:27:58,871] {processor.py:651} INFO - DAG(s) dict_keys(['tutorial_etl_dag']) retrieved from /home/airflow/.local/lib/python3.7/site-packages/airflow/example_dags/tutorial_etl_dag.py
[2022-09-28 17:27:58,908] {logging_mixin.py:115} INFO - [2022-09-28 17:27:58,908] {dag.py:2420} INFO - Sync 1 DAGs
[2022-09-28 17:27:58,939] {logging_mixin.py:115} INFO - [2022-09-28 17:27:58,939] {dag.py:2972} INFO - Setting next_dagrun for tutorial_etl_dag to None, run_after=None
[2022-09-28 17:27:58,956] {processor.py:161} INFO - Processing /home/airflow/.local/lib/python3.7/site-packages/airflow/example_dags/tutorial_etl_dag.py took 0.106 seconds
[2022-09-28 17:28:29,451] {processor.py:153} INFO - Started process (PID=2556) to work on /home/airflow/.local/lib/python3.7/site-packages/airflow/example_dags/tutorial_etl_dag.py
[2022-09-28 17:28:29,455] {processor.py:641} INFO - Processing file /home/airflow/.local/lib/python3.7/site-packages/airflow/example_dags/tutorial_etl_dag.py for tasks to queue
[2022-09-28 17:28:29,458] {logging_mixin.py:115} INFO - [2022-09-28 17:28:29,457] {dagbag.py:508} INFO - Filling up the DagBag from /home/airflow/.local/lib/python3.7/site-packages/airflow/example_dags/tutorial_etl_dag.py
[2022-09-28 17:28:29,476] {processor.py:651} INFO - DAG(s) dict_keys(['tutorial_etl_dag']) retrieved from /home/airflow/.local/lib/python3.7/site-packages/airflow/example_dags/tutorial_etl_dag.py
[2022-09-28 17:28:29,522] {logging_mixin.py:115} INFO - [2022-09-28 17:28:29,522] {dag.py:2420} INFO - Sync 1 DAGs
[2022-09-28 17:28:29,557] {logging_mixin.py:115} INFO - [2022-09-28 17:28:29,557] {dag.py:2972} INFO - Setting next_dagrun for tutorial_etl_dag to None, run_after=None
[2022-09-28 17:28:29,581] {processor.py:161} INFO - Processing /home/airflow/.local/lib/python3.7/site-packages/airflow/example_dags/tutorial_etl_dag.py took 0.136 seconds
[2022-09-28 17:28:59,663] {processor.py:153} INFO - Started process (PID=2614) to work on /home/airflow/.local/lib/python3.7/site-packages/airflow/example_dags/tutorial_etl_dag.py
[2022-09-28 17:28:59,665] {processor.py:641} INFO - Processing file /home/airflow/.local/lib/python3.7/site-packages/airflow/example_dags/tutorial_etl_dag.py for tasks to queue
[2022-09-28 17:28:59,667] {logging_mixin.py:115} INFO - [2022-09-28 17:28:59,667] {dagbag.py:508} INFO - Filling up the DagBag from /home/airflow/.local/lib/python3.7/site-packages/airflow/example_dags/tutorial_etl_dag.py
[2022-09-28 17:28:59,677] {processor.py:651} INFO - DAG(s) dict_keys(['tutorial_etl_dag']) retrieved from /home/airflow/.local/lib/python3.7/site-packages/airflow/example_dags/tutorial_etl_dag.py
[2022-09-28 17:28:59,725] {logging_mixin.py:115} INFO - [2022-09-28 17:28:59,725] {dag.py:2420} INFO - Sync 1 DAGs
[2022-09-28 17:28:59,753] {logging_mixin.py:115} INFO - [2022-09-28 17:28:59,752] {dag.py:2972} INFO - Setting next_dagrun for tutorial_etl_dag to None, run_after=None
[2022-09-28 17:28:59,775] {processor.py:161} INFO - Processing /home/airflow/.local/lib/python3.7/site-packages/airflow/example_dags/tutorial_etl_dag.py took 0.121 seconds
[2022-09-28 17:29:30,349] {processor.py:153} INFO - Started process (PID=2678) to work on /home/airflow/.local/lib/python3.7/site-packages/airflow/example_dags/tutorial_etl_dag.py
[2022-09-28 17:29:30,351] {processor.py:641} INFO - Processing file /home/airflow/.local/lib/python3.7/site-packages/airflow/example_dags/tutorial_etl_dag.py for tasks to queue
[2022-09-28 17:29:30,353] {logging_mixin.py:115} INFO - [2022-09-28 17:29:30,353] {dagbag.py:508} INFO - Filling up the DagBag from /home/airflow/.local/lib/python3.7/site-packages/airflow/example_dags/tutorial_etl_dag.py
[2022-09-28 17:29:30,369] {processor.py:651} INFO - DAG(s) dict_keys(['tutorial_etl_dag']) retrieved from /home/airflow/.local/lib/python3.7/site-packages/airflow/example_dags/tutorial_etl_dag.py
[2022-09-28 17:29:30,418] {logging_mixin.py:115} INFO - [2022-09-28 17:29:30,417] {dag.py:2420} INFO - Sync 1 DAGs
[2022-09-28 17:29:30,449] {logging_mixin.py:115} INFO - [2022-09-28 17:29:30,449] {dag.py:2972} INFO - Setting next_dagrun for tutorial_etl_dag to None, run_after=None
[2022-09-28 17:29:30,471] {processor.py:161} INFO - Processing /home/airflow/.local/lib/python3.7/site-packages/airflow/example_dags/tutorial_etl_dag.py took 0.127 seconds
[2022-09-28 17:30:01,168] {processor.py:153} INFO - Started process (PID=2739) to work on /home/airflow/.local/lib/python3.7/site-packages/airflow/example_dags/tutorial_etl_dag.py
[2022-09-28 17:30:01,170] {processor.py:641} INFO - Processing file /home/airflow/.local/lib/python3.7/site-packages/airflow/example_dags/tutorial_etl_dag.py for tasks to queue
[2022-09-28 17:30:01,172] {logging_mixin.py:115} INFO - [2022-09-28 17:30:01,171] {dagbag.py:508} INFO - Filling up the DagBag from /home/airflow/.local/lib/python3.7/site-packages/airflow/example_dags/tutorial_etl_dag.py
[2022-09-28 17:30:01,180] {processor.py:651} INFO - DAG(s) dict_keys(['tutorial_etl_dag']) retrieved from /home/airflow/.local/lib/python3.7/site-packages/airflow/example_dags/tutorial_etl_dag.py
[2022-09-28 17:30:01,210] {logging_mixin.py:115} INFO - [2022-09-28 17:30:01,210] {dag.py:2420} INFO - Sync 1 DAGs
[2022-09-28 17:30:01,235] {logging_mixin.py:115} INFO - [2022-09-28 17:30:01,235] {dag.py:2972} INFO - Setting next_dagrun for tutorial_etl_dag to None, run_after=None
[2022-09-28 17:30:01,251] {processor.py:161} INFO - Processing /home/airflow/.local/lib/python3.7/site-packages/airflow/example_dags/tutorial_etl_dag.py took 0.088 seconds
[2022-09-28 17:30:31,593] {processor.py:153} INFO - Started process (PID=2806) to work on /home/airflow/.local/lib/python3.7/site-packages/airflow/example_dags/tutorial_etl_dag.py
[2022-09-28 17:30:31,595] {processor.py:641} INFO - Processing file /home/airflow/.local/lib/python3.7/site-packages/airflow/example_dags/tutorial_etl_dag.py for tasks to queue
[2022-09-28 17:30:31,596] {logging_mixin.py:115} INFO - [2022-09-28 17:30:31,596] {dagbag.py:508} INFO - Filling up the DagBag from /home/airflow/.local/lib/python3.7/site-packages/airflow/example_dags/tutorial_etl_dag.py
[2022-09-28 17:30:31,608] {processor.py:651} INFO - DAG(s) dict_keys(['tutorial_etl_dag']) retrieved from /home/airflow/.local/lib/python3.7/site-packages/airflow/example_dags/tutorial_etl_dag.py
[2022-09-28 17:30:31,655] {logging_mixin.py:115} INFO - [2022-09-28 17:30:31,655] {dag.py:2420} INFO - Sync 1 DAGs
[2022-09-28 17:30:31,701] {logging_mixin.py:115} INFO - [2022-09-28 17:30:31,701] {dag.py:2972} INFO - Setting next_dagrun for tutorial_etl_dag to None, run_after=None
[2022-09-28 17:30:31,740] {processor.py:161} INFO - Processing /home/airflow/.local/lib/python3.7/site-packages/airflow/example_dags/tutorial_etl_dag.py took 0.151 seconds
[2022-09-28 17:31:01,792] {processor.py:153} INFO - Started process (PID=2863) to work on /home/airflow/.local/lib/python3.7/site-packages/airflow/example_dags/tutorial_etl_dag.py
[2022-09-28 17:31:01,794] {processor.py:641} INFO - Processing file /home/airflow/.local/lib/python3.7/site-packages/airflow/example_dags/tutorial_etl_dag.py for tasks to queue
[2022-09-28 17:31:01,795] {logging_mixin.py:115} INFO - [2022-09-28 17:31:01,795] {dagbag.py:508} INFO - Filling up the DagBag from /home/airflow/.local/lib/python3.7/site-packages/airflow/example_dags/tutorial_etl_dag.py
[2022-09-28 17:31:01,803] {processor.py:651} INFO - DAG(s) dict_keys(['tutorial_etl_dag']) retrieved from /home/airflow/.local/lib/python3.7/site-packages/airflow/example_dags/tutorial_etl_dag.py
[2022-09-28 17:31:01,832] {logging_mixin.py:115} INFO - [2022-09-28 17:31:01,832] {dag.py:2420} INFO - Sync 1 DAGs
[2022-09-28 17:31:01,858] {logging_mixin.py:115} INFO - [2022-09-28 17:31:01,858] {dag.py:2972} INFO - Setting next_dagrun for tutorial_etl_dag to None, run_after=None
[2022-09-28 17:31:01,876] {processor.py:161} INFO - Processing /home/airflow/.local/lib/python3.7/site-packages/airflow/example_dags/tutorial_etl_dag.py took 0.087 seconds
[2022-09-28 17:36:52,066] {processor.py:153} INFO - Started process (PID=149) to work on /home/airflow/.local/lib/python3.7/site-packages/airflow/example_dags/tutorial_etl_dag.py
[2022-09-28 17:36:52,070] {processor.py:641} INFO - Processing file /home/airflow/.local/lib/python3.7/site-packages/airflow/example_dags/tutorial_etl_dag.py for tasks to queue
[2022-09-28 17:36:52,074] {logging_mixin.py:115} INFO - [2022-09-28 17:36:52,074] {dagbag.py:508} INFO - Filling up the DagBag from /home/airflow/.local/lib/python3.7/site-packages/airflow/example_dags/tutorial_etl_dag.py
[2022-09-28 17:36:52,102] {processor.py:651} INFO - DAG(s) dict_keys(['tutorial_etl_dag']) retrieved from /home/airflow/.local/lib/python3.7/site-packages/airflow/example_dags/tutorial_etl_dag.py
[2022-09-28 17:36:52,426] {logging_mixin.py:115} INFO - [2022-09-28 17:36:52,426] {manager.py:508} INFO - Created Permission View: can read on DAG:tutorial_etl_dag
[2022-09-28 17:36:52,453] {logging_mixin.py:115} INFO - [2022-09-28 17:36:52,453] {manager.py:508} INFO - Created Permission View: can delete on DAG:tutorial_etl_dag
[2022-09-28 17:36:52,471] {logging_mixin.py:115} INFO - [2022-09-28 17:36:52,471] {manager.py:508} INFO - Created Permission View: can edit on DAG:tutorial_etl_dag
[2022-09-28 17:36:52,473] {logging_mixin.py:115} INFO - [2022-09-28 17:36:52,472] {dag.py:2420} INFO - Sync 1 DAGs
[2022-09-28 17:36:52,487] {logging_mixin.py:115} INFO - [2022-09-28 17:36:52,487] {dag.py:2439} INFO - Creating ORM DAG for tutorial_etl_dag
[2022-09-28 17:36:52,504] {logging_mixin.py:115} INFO - [2022-09-28 17:36:52,504] {dag.py:2972} INFO - Setting next_dagrun for tutorial_etl_dag to None, run_after=None
[2022-09-28 17:36:52,546] {processor.py:161} INFO - Processing /home/airflow/.local/lib/python3.7/site-packages/airflow/example_dags/tutorial_etl_dag.py took 0.489 seconds
[2022-09-28 17:37:22,950] {processor.py:153} INFO - Started process (PID=204) to work on /home/airflow/.local/lib/python3.7/site-packages/airflow/example_dags/tutorial_etl_dag.py
[2022-09-28 17:37:22,952] {processor.py:641} INFO - Processing file /home/airflow/.local/lib/python3.7/site-packages/airflow/example_dags/tutorial_etl_dag.py for tasks to queue
[2022-09-28 17:37:22,954] {logging_mixin.py:115} INFO - [2022-09-28 17:37:22,954] {dagbag.py:508} INFO - Filling up the DagBag from /home/airflow/.local/lib/python3.7/site-packages/airflow/example_dags/tutorial_etl_dag.py
[2022-09-28 17:37:22,966] {processor.py:651} INFO - DAG(s) dict_keys(['tutorial_etl_dag']) retrieved from /home/airflow/.local/lib/python3.7/site-packages/airflow/example_dags/tutorial_etl_dag.py
[2022-09-28 17:37:23,207] {logging_mixin.py:115} INFO - [2022-09-28 17:37:23,207] {dag.py:2420} INFO - Sync 1 DAGs
[2022-09-28 17:37:23,247] {logging_mixin.py:115} INFO - [2022-09-28 17:37:23,247] {dag.py:2972} INFO - Setting next_dagrun for tutorial_etl_dag to None, run_after=None
[2022-09-28 17:37:23,272] {processor.py:161} INFO - Processing /home/airflow/.local/lib/python3.7/site-packages/airflow/example_dags/tutorial_etl_dag.py took 0.334 seconds
[2022-09-28 17:37:54,036] {processor.py:153} INFO - Started process (PID=272) to work on /home/airflow/.local/lib/python3.7/site-packages/airflow/example_dags/tutorial_etl_dag.py
[2022-09-28 17:37:54,039] {processor.py:641} INFO - Processing file /home/airflow/.local/lib/python3.7/site-packages/airflow/example_dags/tutorial_etl_dag.py for tasks to queue
[2022-09-28 17:37:54,041] {logging_mixin.py:115} INFO - [2022-09-28 17:37:54,041] {dagbag.py:508} INFO - Filling up the DagBag from /home/airflow/.local/lib/python3.7/site-packages/airflow/example_dags/tutorial_etl_dag.py
[2022-09-28 17:37:54,224] {processor.py:651} INFO - DAG(s) dict_keys(['tutorial_etl_dag']) retrieved from /home/airflow/.local/lib/python3.7/site-packages/airflow/example_dags/tutorial_etl_dag.py
[2022-09-28 17:37:54,257] {logging_mixin.py:115} INFO - [2022-09-28 17:37:54,256] {dag.py:2420} INFO - Sync 1 DAGs
[2022-09-28 17:37:54,327] {logging_mixin.py:115} INFO - [2022-09-28 17:37:54,327] {dag.py:2972} INFO - Setting next_dagrun for tutorial_etl_dag to None, run_after=None
[2022-09-28 17:37:54,390] {processor.py:161} INFO - Processing /home/airflow/.local/lib/python3.7/site-packages/airflow/example_dags/tutorial_etl_dag.py took 0.358 seconds
[2022-09-28 17:38:35,535] {processor.py:153} INFO - Started process (PID=334) to work on /home/airflow/.local/lib/python3.7/site-packages/airflow/example_dags/tutorial_etl_dag.py
[2022-09-28 17:38:35,537] {processor.py:641} INFO - Processing file /home/airflow/.local/lib/python3.7/site-packages/airflow/example_dags/tutorial_etl_dag.py for tasks to queue
[2022-09-28 17:38:35,541] {logging_mixin.py:115} INFO - [2022-09-28 17:38:35,540] {dagbag.py:508} INFO - Filling up the DagBag from /home/airflow/.local/lib/python3.7/site-packages/airflow/example_dags/tutorial_etl_dag.py
[2022-09-28 17:38:36,006] {processor.py:651} INFO - DAG(s) dict_keys(['tutorial_etl_dag']) retrieved from /home/airflow/.local/lib/python3.7/site-packages/airflow/example_dags/tutorial_etl_dag.py
[2022-09-28 17:38:36,047] {logging_mixin.py:115} INFO - [2022-09-28 17:38:36,047] {dag.py:2420} INFO - Sync 1 DAGs
[2022-09-28 17:38:36,073] {logging_mixin.py:115} INFO - [2022-09-28 17:38:36,073] {dag.py:2972} INFO - Setting next_dagrun for tutorial_etl_dag to None, run_after=None
[2022-09-28 17:38:36,095] {processor.py:161} INFO - Processing /home/airflow/.local/lib/python3.7/site-packages/airflow/example_dags/tutorial_etl_dag.py took 0.570 seconds
[2022-09-28 17:39:06,862] {processor.py:153} INFO - Started process (PID=400) to work on /home/airflow/.local/lib/python3.7/site-packages/airflow/example_dags/tutorial_etl_dag.py
[2022-09-28 17:39:06,864] {processor.py:641} INFO - Processing file /home/airflow/.local/lib/python3.7/site-packages/airflow/example_dags/tutorial_etl_dag.py for tasks to queue
[2022-09-28 17:39:06,865] {logging_mixin.py:115} INFO - [2022-09-28 17:39:06,865] {dagbag.py:508} INFO - Filling up the DagBag from /home/airflow/.local/lib/python3.7/site-packages/airflow/example_dags/tutorial_etl_dag.py
[2022-09-28 17:39:07,021] {processor.py:651} INFO - DAG(s) dict_keys(['tutorial_etl_dag']) retrieved from /home/airflow/.local/lib/python3.7/site-packages/airflow/example_dags/tutorial_etl_dag.py
[2022-09-28 17:39:07,044] {logging_mixin.py:115} INFO - [2022-09-28 17:39:07,044] {dag.py:2420} INFO - Sync 1 DAGs
[2022-09-28 17:39:07,077] {logging_mixin.py:115} INFO - [2022-09-28 17:39:07,077] {dag.py:2972} INFO - Setting next_dagrun for tutorial_etl_dag to None, run_after=None
[2022-09-28 17:39:07,136] {processor.py:161} INFO - Processing /home/airflow/.local/lib/python3.7/site-packages/airflow/example_dags/tutorial_etl_dag.py took 0.278 seconds
[2022-09-28 17:47:19,498] {processor.py:153} INFO - Started process (PID=139) to work on /home/airflow/.local/lib/python3.7/site-packages/airflow/example_dags/tutorial_etl_dag.py
[2022-09-28 17:47:19,500] {processor.py:641} INFO - Processing file /home/airflow/.local/lib/python3.7/site-packages/airflow/example_dags/tutorial_etl_dag.py for tasks to queue
[2022-09-28 17:47:19,501] {logging_mixin.py:115} INFO - [2022-09-28 17:47:19,501] {dagbag.py:508} INFO - Filling up the DagBag from /home/airflow/.local/lib/python3.7/site-packages/airflow/example_dags/tutorial_etl_dag.py
[2022-09-28 17:47:19,513] {processor.py:651} INFO - DAG(s) dict_keys(['tutorial_etl_dag']) retrieved from /home/airflow/.local/lib/python3.7/site-packages/airflow/example_dags/tutorial_etl_dag.py
[2022-09-28 17:47:19,823] {logging_mixin.py:115} INFO - [2022-09-28 17:47:19,823] {manager.py:508} INFO - Created Permission View: can read on DAG:tutorial_etl_dag
[2022-09-28 17:47:19,841] {logging_mixin.py:115} INFO - [2022-09-28 17:47:19,841] {manager.py:508} INFO - Created Permission View: can edit on DAG:tutorial_etl_dag
[2022-09-28 17:47:19,856] {logging_mixin.py:115} INFO - [2022-09-28 17:47:19,856] {manager.py:508} INFO - Created Permission View: can delete on DAG:tutorial_etl_dag
[2022-09-28 17:47:19,857] {logging_mixin.py:115} INFO - [2022-09-28 17:47:19,857] {dag.py:2420} INFO - Sync 1 DAGs
[2022-09-28 17:47:19,873] {logging_mixin.py:115} INFO - [2022-09-28 17:47:19,873] {dag.py:2439} INFO - Creating ORM DAG for tutorial_etl_dag
[2022-09-28 17:47:19,896] {logging_mixin.py:115} INFO - [2022-09-28 17:47:19,896] {dag.py:2972} INFO - Setting next_dagrun for tutorial_etl_dag to None, run_after=None
[2022-09-28 17:47:19,922] {processor.py:161} INFO - Processing /home/airflow/.local/lib/python3.7/site-packages/airflow/example_dags/tutorial_etl_dag.py took 0.436 seconds
[2022-09-28 17:47:50,150] {processor.py:153} INFO - Started process (PID=204) to work on /home/airflow/.local/lib/python3.7/site-packages/airflow/example_dags/tutorial_etl_dag.py
[2022-09-28 17:47:50,151] {processor.py:641} INFO - Processing file /home/airflow/.local/lib/python3.7/site-packages/airflow/example_dags/tutorial_etl_dag.py for tasks to queue
[2022-09-28 17:47:50,154] {logging_mixin.py:115} INFO - [2022-09-28 17:47:50,154] {dagbag.py:508} INFO - Filling up the DagBag from /home/airflow/.local/lib/python3.7/site-packages/airflow/example_dags/tutorial_etl_dag.py
[2022-09-28 17:47:50,165] {processor.py:651} INFO - DAG(s) dict_keys(['tutorial_etl_dag']) retrieved from /home/airflow/.local/lib/python3.7/site-packages/airflow/example_dags/tutorial_etl_dag.py
[2022-09-28 17:47:50,366] {logging_mixin.py:115} INFO - [2022-09-28 17:47:50,366] {dag.py:2420} INFO - Sync 1 DAGs
[2022-09-28 17:47:50,393] {logging_mixin.py:115} INFO - [2022-09-28 17:47:50,392] {dag.py:2972} INFO - Setting next_dagrun for tutorial_etl_dag to None, run_after=None
[2022-09-28 17:47:50,411] {processor.py:161} INFO - Processing /home/airflow/.local/lib/python3.7/site-packages/airflow/example_dags/tutorial_etl_dag.py took 0.270 seconds
[2022-09-28 17:48:21,215] {processor.py:153} INFO - Started process (PID=260) to work on /home/airflow/.local/lib/python3.7/site-packages/airflow/example_dags/tutorial_etl_dag.py
[2022-09-28 17:48:21,221] {processor.py:641} INFO - Processing file /home/airflow/.local/lib/python3.7/site-packages/airflow/example_dags/tutorial_etl_dag.py for tasks to queue
[2022-09-28 17:48:21,224] {logging_mixin.py:115} INFO - [2022-09-28 17:48:21,223] {dagbag.py:508} INFO - Filling up the DagBag from /home/airflow/.local/lib/python3.7/site-packages/airflow/example_dags/tutorial_etl_dag.py
[2022-09-28 17:48:21,447] {processor.py:651} INFO - DAG(s) dict_keys(['tutorial_etl_dag']) retrieved from /home/airflow/.local/lib/python3.7/site-packages/airflow/example_dags/tutorial_etl_dag.py
[2022-09-28 17:48:21,553] {logging_mixin.py:115} INFO - [2022-09-28 17:48:21,553] {dag.py:2420} INFO - Sync 1 DAGs
[2022-09-28 17:48:21,585] {logging_mixin.py:115} INFO - [2022-09-28 17:48:21,585] {dag.py:2972} INFO - Setting next_dagrun for tutorial_etl_dag to None, run_after=None
[2022-09-28 17:48:21,600] {processor.py:161} INFO - Processing /home/airflow/.local/lib/python3.7/site-packages/airflow/example_dags/tutorial_etl_dag.py took 0.408 seconds
[2022-09-28 17:48:51,913] {processor.py:153} INFO - Started process (PID=326) to work on /home/airflow/.local/lib/python3.7/site-packages/airflow/example_dags/tutorial_etl_dag.py
[2022-09-28 17:48:51,914] {processor.py:641} INFO - Processing file /home/airflow/.local/lib/python3.7/site-packages/airflow/example_dags/tutorial_etl_dag.py for tasks to queue
[2022-09-28 17:48:51,916] {logging_mixin.py:115} INFO - [2022-09-28 17:48:51,916] {dagbag.py:508} INFO - Filling up the DagBag from /home/airflow/.local/lib/python3.7/site-packages/airflow/example_dags/tutorial_etl_dag.py
[2022-09-28 17:48:52,067] {processor.py:651} INFO - DAG(s) dict_keys(['tutorial_etl_dag']) retrieved from /home/airflow/.local/lib/python3.7/site-packages/airflow/example_dags/tutorial_etl_dag.py
[2022-09-28 17:48:52,092] {logging_mixin.py:115} INFO - [2022-09-28 17:48:52,092] {dag.py:2420} INFO - Sync 1 DAGs
[2022-09-28 17:48:52,125] {logging_mixin.py:115} INFO - [2022-09-28 17:48:52,125] {dag.py:2972} INFO - Setting next_dagrun for tutorial_etl_dag to None, run_after=None
[2022-09-28 17:48:52,142] {processor.py:161} INFO - Processing /home/airflow/.local/lib/python3.7/site-packages/airflow/example_dags/tutorial_etl_dag.py took 0.234 seconds
[2022-09-28 17:49:22,338] {processor.py:153} INFO - Started process (PID=388) to work on /home/airflow/.local/lib/python3.7/site-packages/airflow/example_dags/tutorial_etl_dag.py
[2022-09-28 17:49:22,341] {processor.py:641} INFO - Processing file /home/airflow/.local/lib/python3.7/site-packages/airflow/example_dags/tutorial_etl_dag.py for tasks to queue
[2022-09-28 17:49:22,348] {logging_mixin.py:115} INFO - [2022-09-28 17:49:22,347] {dagbag.py:508} INFO - Filling up the DagBag from /home/airflow/.local/lib/python3.7/site-packages/airflow/example_dags/tutorial_etl_dag.py
[2022-09-28 17:49:22,586] {processor.py:651} INFO - DAG(s) dict_keys(['tutorial_etl_dag']) retrieved from /home/airflow/.local/lib/python3.7/site-packages/airflow/example_dags/tutorial_etl_dag.py
[2022-09-28 17:49:22,656] {logging_mixin.py:115} INFO - [2022-09-28 17:49:22,656] {dag.py:2420} INFO - Sync 1 DAGs
[2022-09-28 17:49:22,799] {logging_mixin.py:115} INFO - [2022-09-28 17:49:22,799] {dag.py:2972} INFO - Setting next_dagrun for tutorial_etl_dag to None, run_after=None
[2022-09-28 17:49:22,860] {processor.py:161} INFO - Processing /home/airflow/.local/lib/python3.7/site-packages/airflow/example_dags/tutorial_etl_dag.py took 0.539 seconds
[2022-09-28 17:49:53,166] {processor.py:153} INFO - Started process (PID=448) to work on /home/airflow/.local/lib/python3.7/site-packages/airflow/example_dags/tutorial_etl_dag.py
[2022-09-28 17:49:53,169] {processor.py:641} INFO - Processing file /home/airflow/.local/lib/python3.7/site-packages/airflow/example_dags/tutorial_etl_dag.py for tasks to queue
[2022-09-28 17:49:53,171] {logging_mixin.py:115} INFO - [2022-09-28 17:49:53,171] {dagbag.py:508} INFO - Filling up the DagBag from /home/airflow/.local/lib/python3.7/site-packages/airflow/example_dags/tutorial_etl_dag.py
[2022-09-28 17:49:53,327] {processor.py:651} INFO - DAG(s) dict_keys(['tutorial_etl_dag']) retrieved from /home/airflow/.local/lib/python3.7/site-packages/airflow/example_dags/tutorial_etl_dag.py
[2022-09-28 17:49:53,352] {logging_mixin.py:115} INFO - [2022-09-28 17:49:53,352] {dag.py:2420} INFO - Sync 1 DAGs
[2022-09-28 17:49:53,383] {logging_mixin.py:115} INFO - [2022-09-28 17:49:53,383] {dag.py:2972} INFO - Setting next_dagrun for tutorial_etl_dag to None, run_after=None
[2022-09-28 17:49:53,398] {processor.py:161} INFO - Processing /home/airflow/.local/lib/python3.7/site-packages/airflow/example_dags/tutorial_etl_dag.py took 0.241 seconds
[2022-09-28 17:50:23,752] {processor.py:153} INFO - Started process (PID=515) to work on /home/airflow/.local/lib/python3.7/site-packages/airflow/example_dags/tutorial_etl_dag.py
[2022-09-28 17:50:23,761] {processor.py:641} INFO - Processing file /home/airflow/.local/lib/python3.7/site-packages/airflow/example_dags/tutorial_etl_dag.py for tasks to queue
[2022-09-28 17:50:23,763] {logging_mixin.py:115} INFO - [2022-09-28 17:50:23,763] {dagbag.py:508} INFO - Filling up the DagBag from /home/airflow/.local/lib/python3.7/site-packages/airflow/example_dags/tutorial_etl_dag.py
[2022-09-28 17:50:23,968] {processor.py:651} INFO - DAG(s) dict_keys(['tutorial_etl_dag']) retrieved from /home/airflow/.local/lib/python3.7/site-packages/airflow/example_dags/tutorial_etl_dag.py
[2022-09-28 17:50:23,999] {logging_mixin.py:115} INFO - [2022-09-28 17:50:23,999] {dag.py:2420} INFO - Sync 1 DAGs
[2022-09-28 17:50:24,025] {logging_mixin.py:115} INFO - [2022-09-28 17:50:24,025] {dag.py:2972} INFO - Setting next_dagrun for tutorial_etl_dag to None, run_after=None
[2022-09-28 17:50:24,050] {processor.py:161} INFO - Processing /home/airflow/.local/lib/python3.7/site-packages/airflow/example_dags/tutorial_etl_dag.py took 0.303 seconds
[2022-09-28 17:50:54,256] {processor.py:153} INFO - Started process (PID=573) to work on /home/airflow/.local/lib/python3.7/site-packages/airflow/example_dags/tutorial_etl_dag.py
[2022-09-28 17:50:54,257] {processor.py:641} INFO - Processing file /home/airflow/.local/lib/python3.7/site-packages/airflow/example_dags/tutorial_etl_dag.py for tasks to queue
[2022-09-28 17:50:54,260] {logging_mixin.py:115} INFO - [2022-09-28 17:50:54,259] {dagbag.py:508} INFO - Filling up the DagBag from /home/airflow/.local/lib/python3.7/site-packages/airflow/example_dags/tutorial_etl_dag.py
[2022-09-28 17:50:54,432] {processor.py:651} INFO - DAG(s) dict_keys(['tutorial_etl_dag']) retrieved from /home/airflow/.local/lib/python3.7/site-packages/airflow/example_dags/tutorial_etl_dag.py
[2022-09-28 17:50:54,461] {logging_mixin.py:115} INFO - [2022-09-28 17:50:54,461] {dag.py:2420} INFO - Sync 1 DAGs
[2022-09-28 17:50:54,508] {logging_mixin.py:115} INFO - [2022-09-28 17:50:54,508] {dag.py:2972} INFO - Setting next_dagrun for tutorial_etl_dag to None, run_after=None
[2022-09-28 17:50:54,531] {processor.py:161} INFO - Processing /home/airflow/.local/lib/python3.7/site-packages/airflow/example_dags/tutorial_etl_dag.py took 0.281 seconds
[2022-09-28 17:51:24,703] {processor.py:153} INFO - Started process (PID=641) to work on /home/airflow/.local/lib/python3.7/site-packages/airflow/example_dags/tutorial_etl_dag.py
[2022-09-28 17:51:24,705] {processor.py:641} INFO - Processing file /home/airflow/.local/lib/python3.7/site-packages/airflow/example_dags/tutorial_etl_dag.py for tasks to queue
[2022-09-28 17:51:24,707] {logging_mixin.py:115} INFO - [2022-09-28 17:51:24,707] {dagbag.py:508} INFO - Filling up the DagBag from /home/airflow/.local/lib/python3.7/site-packages/airflow/example_dags/tutorial_etl_dag.py
[2022-09-28 17:51:24,868] {processor.py:651} INFO - DAG(s) dict_keys(['tutorial_etl_dag']) retrieved from /home/airflow/.local/lib/python3.7/site-packages/airflow/example_dags/tutorial_etl_dag.py
[2022-09-28 17:51:24,892] {logging_mixin.py:115} INFO - [2022-09-28 17:51:24,892] {dag.py:2420} INFO - Sync 1 DAGs
[2022-09-28 17:51:24,912] {logging_mixin.py:115} INFO - [2022-09-28 17:51:24,912] {dag.py:2972} INFO - Setting next_dagrun for tutorial_etl_dag to None, run_after=None
[2022-09-28 17:51:24,925] {processor.py:161} INFO - Processing /home/airflow/.local/lib/python3.7/site-packages/airflow/example_dags/tutorial_etl_dag.py took 0.230 seconds
[2022-09-28 17:51:54,987] {processor.py:153} INFO - Started process (PID=699) to work on /home/airflow/.local/lib/python3.7/site-packages/airflow/example_dags/tutorial_etl_dag.py
[2022-09-28 17:51:54,989] {processor.py:641} INFO - Processing file /home/airflow/.local/lib/python3.7/site-packages/airflow/example_dags/tutorial_etl_dag.py for tasks to queue
[2022-09-28 17:51:54,991] {logging_mixin.py:115} INFO - [2022-09-28 17:51:54,990] {dagbag.py:508} INFO - Filling up the DagBag from /home/airflow/.local/lib/python3.7/site-packages/airflow/example_dags/tutorial_etl_dag.py
[2022-09-28 17:51:55,195] {processor.py:651} INFO - DAG(s) dict_keys(['tutorial_etl_dag']) retrieved from /home/airflow/.local/lib/python3.7/site-packages/airflow/example_dags/tutorial_etl_dag.py
[2022-09-28 17:51:55,223] {logging_mixin.py:115} INFO - [2022-09-28 17:51:55,223] {dag.py:2420} INFO - Sync 1 DAGs
[2022-09-28 17:51:55,249] {logging_mixin.py:115} INFO - [2022-09-28 17:51:55,249] {dag.py:2972} INFO - Setting next_dagrun for tutorial_etl_dag to None, run_after=None
[2022-09-28 17:51:55,265] {processor.py:161} INFO - Processing /home/airflow/.local/lib/python3.7/site-packages/airflow/example_dags/tutorial_etl_dag.py took 0.283 seconds
[2022-09-28 17:52:25,874] {processor.py:153} INFO - Started process (PID=765) to work on /home/airflow/.local/lib/python3.7/site-packages/airflow/example_dags/tutorial_etl_dag.py
[2022-09-28 17:52:25,876] {processor.py:641} INFO - Processing file /home/airflow/.local/lib/python3.7/site-packages/airflow/example_dags/tutorial_etl_dag.py for tasks to queue
[2022-09-28 17:52:25,878] {logging_mixin.py:115} INFO - [2022-09-28 17:52:25,877] {dagbag.py:508} INFO - Filling up the DagBag from /home/airflow/.local/lib/python3.7/site-packages/airflow/example_dags/tutorial_etl_dag.py
[2022-09-28 17:52:25,887] {processor.py:651} INFO - DAG(s) dict_keys(['tutorial_etl_dag']) retrieved from /home/airflow/.local/lib/python3.7/site-packages/airflow/example_dags/tutorial_etl_dag.py
[2022-09-28 17:52:25,917] {logging_mixin.py:115} INFO - [2022-09-28 17:52:25,917] {dag.py:2420} INFO - Sync 1 DAGs
[2022-09-28 17:52:25,949] {logging_mixin.py:115} INFO - [2022-09-28 17:52:25,949] {dag.py:2972} INFO - Setting next_dagrun for tutorial_etl_dag to None, run_after=None
[2022-09-28 17:52:25,975] {processor.py:161} INFO - Processing /home/airflow/.local/lib/python3.7/site-packages/airflow/example_dags/tutorial_etl_dag.py took 0.104 seconds
[2022-09-28 17:52:56,196] {processor.py:153} INFO - Started process (PID=821) to work on /home/airflow/.local/lib/python3.7/site-packages/airflow/example_dags/tutorial_etl_dag.py
[2022-09-28 17:52:56,198] {processor.py:641} INFO - Processing file /home/airflow/.local/lib/python3.7/site-packages/airflow/example_dags/tutorial_etl_dag.py for tasks to queue
[2022-09-28 17:52:56,200] {logging_mixin.py:115} INFO - [2022-09-28 17:52:56,199] {dagbag.py:508} INFO - Filling up the DagBag from /home/airflow/.local/lib/python3.7/site-packages/airflow/example_dags/tutorial_etl_dag.py
[2022-09-28 17:52:56,210] {processor.py:651} INFO - DAG(s) dict_keys(['tutorial_etl_dag']) retrieved from /home/airflow/.local/lib/python3.7/site-packages/airflow/example_dags/tutorial_etl_dag.py
[2022-09-28 17:52:56,258] {logging_mixin.py:115} INFO - [2022-09-28 17:52:56,258] {dag.py:2420} INFO - Sync 1 DAGs
[2022-09-28 17:52:56,296] {logging_mixin.py:115} INFO - [2022-09-28 17:52:56,296] {dag.py:2972} INFO - Setting next_dagrun for tutorial_etl_dag to None, run_after=None
[2022-09-28 17:52:56,326] {processor.py:161} INFO - Processing /home/airflow/.local/lib/python3.7/site-packages/airflow/example_dags/tutorial_etl_dag.py took 0.133 seconds
[2022-09-28 17:53:26,672] {processor.py:153} INFO - Started process (PID=888) to work on /home/airflow/.local/lib/python3.7/site-packages/airflow/example_dags/tutorial_etl_dag.py
[2022-09-28 17:53:26,673] {processor.py:641} INFO - Processing file /home/airflow/.local/lib/python3.7/site-packages/airflow/example_dags/tutorial_etl_dag.py for tasks to queue
[2022-09-28 17:53:26,676] {logging_mixin.py:115} INFO - [2022-09-28 17:53:26,675] {dagbag.py:508} INFO - Filling up the DagBag from /home/airflow/.local/lib/python3.7/site-packages/airflow/example_dags/tutorial_etl_dag.py
[2022-09-28 17:53:26,688] {processor.py:651} INFO - DAG(s) dict_keys(['tutorial_etl_dag']) retrieved from /home/airflow/.local/lib/python3.7/site-packages/airflow/example_dags/tutorial_etl_dag.py
[2022-09-28 17:53:26,719] {logging_mixin.py:115} INFO - [2022-09-28 17:53:26,719] {dag.py:2420} INFO - Sync 1 DAGs
[2022-09-28 17:53:26,745] {logging_mixin.py:115} INFO - [2022-09-28 17:53:26,745] {dag.py:2972} INFO - Setting next_dagrun for tutorial_etl_dag to None, run_after=None
[2022-09-28 17:53:26,763] {processor.py:161} INFO - Processing /home/airflow/.local/lib/python3.7/site-packages/airflow/example_dags/tutorial_etl_dag.py took 0.098 seconds
[2022-09-28 17:53:57,816] {processor.py:153} INFO - Started process (PID=943) to work on /home/airflow/.local/lib/python3.7/site-packages/airflow/example_dags/tutorial_etl_dag.py
[2022-09-28 17:53:57,819] {processor.py:641} INFO - Processing file /home/airflow/.local/lib/python3.7/site-packages/airflow/example_dags/tutorial_etl_dag.py for tasks to queue
[2022-09-28 17:53:57,829] {logging_mixin.py:115} INFO - [2022-09-28 17:53:57,827] {dagbag.py:508} INFO - Filling up the DagBag from /home/airflow/.local/lib/python3.7/site-packages/airflow/example_dags/tutorial_etl_dag.py
[2022-09-28 17:53:57,850] {processor.py:651} INFO - DAG(s) dict_keys(['tutorial_etl_dag']) retrieved from /home/airflow/.local/lib/python3.7/site-packages/airflow/example_dags/tutorial_etl_dag.py
[2022-09-28 17:53:57,921] {logging_mixin.py:115} INFO - [2022-09-28 17:53:57,921] {dag.py:2420} INFO - Sync 1 DAGs
[2022-09-28 17:53:57,991] {logging_mixin.py:115} INFO - [2022-09-28 17:53:57,991] {dag.py:2972} INFO - Setting next_dagrun for tutorial_etl_dag to None, run_after=None
[2022-09-28 17:53:58,024] {processor.py:161} INFO - Processing /home/airflow/.local/lib/python3.7/site-packages/airflow/example_dags/tutorial_etl_dag.py took 0.218 seconds
[2022-09-28 17:54:28,768] {processor.py:153} INFO - Started process (PID=1009) to work on /home/airflow/.local/lib/python3.7/site-packages/airflow/example_dags/tutorial_etl_dag.py
[2022-09-28 17:54:28,770] {processor.py:641} INFO - Processing file /home/airflow/.local/lib/python3.7/site-packages/airflow/example_dags/tutorial_etl_dag.py for tasks to queue
[2022-09-28 17:54:28,773] {logging_mixin.py:115} INFO - [2022-09-28 17:54:28,773] {dagbag.py:508} INFO - Filling up the DagBag from /home/airflow/.local/lib/python3.7/site-packages/airflow/example_dags/tutorial_etl_dag.py
[2022-09-28 17:54:28,785] {processor.py:651} INFO - DAG(s) dict_keys(['tutorial_etl_dag']) retrieved from /home/airflow/.local/lib/python3.7/site-packages/airflow/example_dags/tutorial_etl_dag.py
[2022-09-28 17:54:28,834] {logging_mixin.py:115} INFO - [2022-09-28 17:54:28,834] {dag.py:2420} INFO - Sync 1 DAGs
[2022-09-28 17:54:28,868] {logging_mixin.py:115} INFO - [2022-09-28 17:54:28,868] {dag.py:2972} INFO - Setting next_dagrun for tutorial_etl_dag to None, run_after=None
[2022-09-28 17:54:28,897] {processor.py:161} INFO - Processing /home/airflow/.local/lib/python3.7/site-packages/airflow/example_dags/tutorial_etl_dag.py took 0.133 seconds
[2022-09-28 17:54:59,626] {processor.py:153} INFO - Started process (PID=1066) to work on /home/airflow/.local/lib/python3.7/site-packages/airflow/example_dags/tutorial_etl_dag.py
[2022-09-28 17:54:59,629] {processor.py:641} INFO - Processing file /home/airflow/.local/lib/python3.7/site-packages/airflow/example_dags/tutorial_etl_dag.py for tasks to queue
[2022-09-28 17:54:59,632] {logging_mixin.py:115} INFO - [2022-09-28 17:54:59,632] {dagbag.py:508} INFO - Filling up the DagBag from /home/airflow/.local/lib/python3.7/site-packages/airflow/example_dags/tutorial_etl_dag.py
[2022-09-28 17:54:59,645] {processor.py:651} INFO - DAG(s) dict_keys(['tutorial_etl_dag']) retrieved from /home/airflow/.local/lib/python3.7/site-packages/airflow/example_dags/tutorial_etl_dag.py
[2022-09-28 17:54:59,683] {logging_mixin.py:115} INFO - [2022-09-28 17:54:59,683] {dag.py:2420} INFO - Sync 1 DAGs
[2022-09-28 17:54:59,713] {logging_mixin.py:115} INFO - [2022-09-28 17:54:59,713] {dag.py:2972} INFO - Setting next_dagrun for tutorial_etl_dag to None, run_after=None
[2022-09-28 17:54:59,735] {processor.py:161} INFO - Processing /home/airflow/.local/lib/python3.7/site-packages/airflow/example_dags/tutorial_etl_dag.py took 0.116 seconds
[2022-09-28 17:55:30,247] {processor.py:153} INFO - Started process (PID=1132) to work on /home/airflow/.local/lib/python3.7/site-packages/airflow/example_dags/tutorial_etl_dag.py
[2022-09-28 17:55:30,249] {processor.py:641} INFO - Processing file /home/airflow/.local/lib/python3.7/site-packages/airflow/example_dags/tutorial_etl_dag.py for tasks to queue
[2022-09-28 17:55:30,250] {logging_mixin.py:115} INFO - [2022-09-28 17:55:30,250] {dagbag.py:508} INFO - Filling up the DagBag from /home/airflow/.local/lib/python3.7/site-packages/airflow/example_dags/tutorial_etl_dag.py
[2022-09-28 17:55:30,258] {processor.py:651} INFO - DAG(s) dict_keys(['tutorial_etl_dag']) retrieved from /home/airflow/.local/lib/python3.7/site-packages/airflow/example_dags/tutorial_etl_dag.py
[2022-09-28 17:55:30,290] {logging_mixin.py:115} INFO - [2022-09-28 17:55:30,289] {dag.py:2420} INFO - Sync 1 DAGs
[2022-09-28 17:55:30,313] {logging_mixin.py:115} INFO - [2022-09-28 17:55:30,313] {dag.py:2972} INFO - Setting next_dagrun for tutorial_etl_dag to None, run_after=None
[2022-09-28 17:55:30,329] {processor.py:161} INFO - Processing /home/airflow/.local/lib/python3.7/site-packages/airflow/example_dags/tutorial_etl_dag.py took 0.086 seconds
[2022-09-28 17:56:00,405] {processor.py:153} INFO - Started process (PID=1188) to work on /home/airflow/.local/lib/python3.7/site-packages/airflow/example_dags/tutorial_etl_dag.py
[2022-09-28 17:56:00,406] {processor.py:641} INFO - Processing file /home/airflow/.local/lib/python3.7/site-packages/airflow/example_dags/tutorial_etl_dag.py for tasks to queue
[2022-09-28 17:56:00,408] {logging_mixin.py:115} INFO - [2022-09-28 17:56:00,407] {dagbag.py:508} INFO - Filling up the DagBag from /home/airflow/.local/lib/python3.7/site-packages/airflow/example_dags/tutorial_etl_dag.py
[2022-09-28 17:56:00,433] {processor.py:651} INFO - DAG(s) dict_keys(['tutorial_etl_dag']) retrieved from /home/airflow/.local/lib/python3.7/site-packages/airflow/example_dags/tutorial_etl_dag.py
[2022-09-28 17:56:00,475] {logging_mixin.py:115} INFO - [2022-09-28 17:56:00,475] {dag.py:2420} INFO - Sync 1 DAGs
[2022-09-28 17:56:00,513] {logging_mixin.py:115} INFO - [2022-09-28 17:56:00,513] {dag.py:2972} INFO - Setting next_dagrun for tutorial_etl_dag to None, run_after=None
[2022-09-28 17:56:00,534] {processor.py:161} INFO - Processing /home/airflow/.local/lib/python3.7/site-packages/airflow/example_dags/tutorial_etl_dag.py took 0.133 seconds
