[2022-09-01 00:27:19,847] {processor.py:153} INFO - Started process (PID=7407) to work on /opt/airflow/dags/init.py
[2022-09-01 00:27:19,849] {processor.py:641} INFO - Processing file /opt/airflow/dags/init.py for tasks to queue
[2022-09-01 00:27:19,859] {logging_mixin.py:115} INFO - [2022-09-01 00:27:19,859] {dagbag.py:508} INFO - Filling up the DagBag from /opt/airflow/dags/init.py
[2022-09-01 00:27:19,924] {processor.py:651} INFO - DAG(s) dict_keys(['1_init_once_seed_data']) retrieved from /opt/airflow/dags/init.py
[2022-09-01 00:27:20,095] {logging_mixin.py:115} INFO - [2022-09-01 00:27:20,095] {dag.py:2420} INFO - Sync 1 DAGs
[2022-09-01 00:27:20,271] {logging_mixin.py:115} INFO - [2022-09-01 00:27:20,271] {dag.py:2972} INFO - Setting next_dagrun for 1_init_once_seed_data to None, run_after=None
[2022-09-01 00:27:20,313] {processor.py:161} INFO - Processing /opt/airflow/dags/init.py took 0.481 seconds
[2022-09-01 00:28:44,910] {processor.py:153} INFO - Started process (PID=7441) to work on /opt/airflow/dags/init.py
[2022-09-01 00:28:44,912] {processor.py:641} INFO - Processing file /opt/airflow/dags/init.py for tasks to queue
[2022-09-01 00:28:44,916] {logging_mixin.py:115} INFO - [2022-09-01 00:28:44,915] {dagbag.py:508} INFO - Filling up the DagBag from /opt/airflow/dags/init.py
[2022-09-01 00:28:44,978] {processor.py:651} INFO - DAG(s) dict_keys(['1_init_once_seed_data']) retrieved from /opt/airflow/dags/init.py
[2022-09-01 00:28:45,307] {logging_mixin.py:115} INFO - [2022-09-01 00:28:45,307] {dag.py:2420} INFO - Sync 1 DAGs
[2022-09-01 00:28:45,503] {logging_mixin.py:115} INFO - [2022-09-01 00:28:45,502] {dag.py:2972} INFO - Setting next_dagrun for 1_init_once_seed_data to None, run_after=None
[2022-09-01 00:28:45,541] {processor.py:161} INFO - Processing /opt/airflow/dags/init.py took 0.640 seconds
[2022-09-01 00:35:35,142] {processor.py:153} INFO - Started process (PID=7469) to work on /opt/airflow/dags/init.py
[2022-09-01 00:35:35,154] {processor.py:641} INFO - Processing file /opt/airflow/dags/init.py for tasks to queue
[2022-09-01 00:35:35,167] {logging_mixin.py:115} INFO - [2022-09-01 00:35:35,166] {dagbag.py:508} INFO - Filling up the DagBag from /opt/airflow/dags/init.py
[2022-09-01 00:35:35,207] {processor.py:651} INFO - DAG(s) dict_keys(['1_init_once_seed_data']) retrieved from /opt/airflow/dags/init.py
[2022-09-01 00:35:35,289] {logging_mixin.py:115} INFO - [2022-09-01 00:35:35,288] {dag.py:2420} INFO - Sync 1 DAGs
[2022-09-01 00:35:35,358] {logging_mixin.py:115} INFO - [2022-09-01 00:35:35,357] {dag.py:2972} INFO - Setting next_dagrun for 1_init_once_seed_data to None, run_after=None
[2022-09-01 00:35:49,318] {processor.py:161} INFO - Processing /opt/airflow/dags/init.py took 14.208 seconds
[2022-09-01 01:28:58,965] {processor.py:153} INFO - Started process (PID=7527) to work on /opt/airflow/dags/init.py
[2022-09-01 01:28:58,977] {processor.py:641} INFO - Processing file /opt/airflow/dags/init.py for tasks to queue
[2022-09-01 01:28:58,993] {logging_mixin.py:115} INFO - [2022-09-01 01:28:58,987] {dagbag.py:508} INFO - Filling up the DagBag from /opt/airflow/dags/init.py
[2022-09-01 01:28:59,072] {processor.py:651} INFO - DAG(s) dict_keys(['1_init_once_seed_data']) retrieved from /opt/airflow/dags/init.py
[2022-09-01 01:28:59,234] {logging_mixin.py:115} INFO - [2022-09-01 01:28:59,234] {dag.py:2420} INFO - Sync 1 DAGs
[2022-09-01 01:28:59,495] {logging_mixin.py:115} INFO - [2022-09-01 01:28:59,494] {dag.py:2972} INFO - Setting next_dagrun for 1_init_once_seed_data to None, run_after=None
[2022-09-01 01:28:59,591] {processor.py:161} INFO - Processing /opt/airflow/dags/init.py took 0.648 seconds
[2022-09-01 04:11:30,254] {processor.py:153} INFO - Started process (PID=7593) to work on /opt/airflow/dags/init.py
[2022-09-01 04:11:30,270] {processor.py:641} INFO - Processing file /opt/airflow/dags/init.py for tasks to queue
[2022-09-01 04:11:30,276] {logging_mixin.py:115} INFO - [2022-09-01 04:11:30,276] {dagbag.py:508} INFO - Filling up the DagBag from /opt/airflow/dags/init.py
[2022-09-01 04:11:30,374] {processor.py:651} INFO - DAG(s) dict_keys(['1_init_once_seed_data']) retrieved from /opt/airflow/dags/init.py
[2022-09-01 04:11:30,637] {logging_mixin.py:115} INFO - [2022-09-01 04:11:30,637] {dag.py:2420} INFO - Sync 1 DAGs
[2022-09-01 05:05:21,825] {logging_mixin.py:115} INFO - [2022-09-01 05:05:21,825] {dag.py:2972} INFO - Setting next_dagrun for 1_init_once_seed_data to None, run_after=None
[2022-09-01 05:05:22,096] {processor.py:161} INFO - Processing /opt/airflow/dags/init.py took 1.146 seconds
[2022-09-01 12:36:53,659] {processor.py:153} INFO - Started process (PID=7694) to work on /opt/airflow/dags/init.py
[2022-09-01 12:36:53,692] {processor.py:641} INFO - Processing file /opt/airflow/dags/init.py for tasks to queue
[2022-09-01 12:36:53,697] {logging_mixin.py:115} INFO - [2022-09-01 12:36:53,697] {dagbag.py:508} INFO - Filling up the DagBag from /opt/airflow/dags/init.py
[2022-09-01 12:36:53,958] {processor.py:651} INFO - DAG(s) dict_keys(['1_init_once_seed_data']) retrieved from /opt/airflow/dags/init.py
[2022-09-01 12:36:54,451] {logging_mixin.py:115} INFO - [2022-09-01 12:36:54,451] {dag.py:2420} INFO - Sync 1 DAGs
[2022-09-01 12:36:56,590] {logging_mixin.py:115} INFO - [2022-09-01 12:36:56,590] {dag.py:2972} INFO - Setting next_dagrun for 1_init_once_seed_data to None, run_after=None
[2022-09-01 12:36:57,353] {processor.py:161} INFO - Processing /opt/airflow/dags/init.py took 3.785 seconds
[2022-09-01 13:59:18,440] {processor.py:153} INFO - Started process (PID=7754) to work on /opt/airflow/dags/init.py
[2022-09-01 13:59:18,454] {processor.py:641} INFO - Processing file /opt/airflow/dags/init.py for tasks to queue
[2022-09-01 13:59:18,487] {logging_mixin.py:115} INFO - [2022-09-01 13:59:18,487] {dagbag.py:508} INFO - Filling up the DagBag from /opt/airflow/dags/init.py
[2022-09-01 13:59:18,660] {processor.py:651} INFO - DAG(s) dict_keys(['1_init_once_seed_data']) retrieved from /opt/airflow/dags/init.py
[2022-09-01 13:59:19,763] {logging_mixin.py:115} INFO - [2022-09-01 13:59:19,762] {dag.py:2420} INFO - Sync 1 DAGs
[2022-09-01 13:59:21,335] {logging_mixin.py:115} INFO - [2022-09-01 13:59:21,335] {dag.py:2972} INFO - Setting next_dagrun for 1_init_once_seed_data to None, run_after=None
[2022-09-01 13:59:22,105] {processor.py:161} INFO - Processing /opt/airflow/dags/init.py took 4.186 seconds
[2022-09-01 14:01:39,056] {processor.py:153} INFO - Started process (PID=7790) to work on /opt/airflow/dags/init.py
[2022-09-01 14:01:39,061] {processor.py:641} INFO - Processing file /opt/airflow/dags/init.py for tasks to queue
[2022-09-01 14:01:39,072] {logging_mixin.py:115} INFO - [2022-09-01 14:01:39,071] {dagbag.py:508} INFO - Filling up the DagBag from /opt/airflow/dags/init.py
[2022-09-01 14:01:39,470] {processor.py:651} INFO - DAG(s) dict_keys(['1_init_once_seed_data']) retrieved from /opt/airflow/dags/init.py
[2022-09-01 14:01:39,710] {logging_mixin.py:115} INFO - [2022-09-01 14:01:39,710] {dag.py:2420} INFO - Sync 1 DAGs
[2022-09-01 14:01:40,434] {logging_mixin.py:115} INFO - [2022-09-01 14:01:40,433] {dag.py:2972} INFO - Setting next_dagrun for 1_init_once_seed_data to None, run_after=None
[2022-09-01 14:01:41,001] {processor.py:161} INFO - Processing /opt/airflow/dags/init.py took 2.006 seconds
[2022-09-01 14:02:11,768] {processor.py:153} INFO - Started process (PID=7846) to work on /opt/airflow/dags/init.py
[2022-09-01 14:02:11,773] {processor.py:641} INFO - Processing file /opt/airflow/dags/init.py for tasks to queue
[2022-09-01 14:02:11,802] {logging_mixin.py:115} INFO - [2022-09-01 14:02:11,802] {dagbag.py:508} INFO - Filling up the DagBag from /opt/airflow/dags/init.py
[2022-09-01 14:02:12,093] {processor.py:651} INFO - DAG(s) dict_keys(['1_init_once_seed_data']) retrieved from /opt/airflow/dags/init.py
[2022-09-01 14:02:12,276] {logging_mixin.py:115} INFO - [2022-09-01 14:02:12,269] {dag.py:2420} INFO - Sync 1 DAGs
[2022-09-01 14:02:12,408] {logging_mixin.py:115} INFO - [2022-09-01 14:02:12,408] {dag.py:2972} INFO - Setting next_dagrun for 1_init_once_seed_data to None, run_after=None
[2022-09-01 14:02:12,458] {processor.py:161} INFO - Processing /opt/airflow/dags/init.py took 0.721 seconds
