[2022-09-02 18:31:23,512] {processor.py:153} INFO - Started process (PID=641) to work on /opt/airflow/dags/init.py
[2022-09-02 18:31:23,516] {processor.py:641} INFO - Processing file /opt/airflow/dags/init.py for tasks to queue
[2022-09-02 18:31:23,519] {logging_mixin.py:115} INFO - [2022-09-02 18:31:23,519] {dagbag.py:508} INFO - Filling up the DagBag from /opt/airflow/dags/init.py
[2022-09-02 18:31:23,610] {processor.py:651} INFO - DAG(s) dict_keys(['1_test_configuration']) retrieved from /opt/airflow/dags/init.py
[2022-09-02 18:31:23,849] {logging_mixin.py:115} INFO - [2022-09-02 18:31:23,849] {manager.py:508} INFO - Created Permission View: can delete on DAG:1_test_configuration
[2022-09-02 18:31:23,890] {logging_mixin.py:115} INFO - [2022-09-02 18:31:23,890] {manager.py:508} INFO - Created Permission View: can edit on DAG:1_test_configuration
[2022-09-02 18:31:23,950] {logging_mixin.py:115} INFO - [2022-09-02 18:31:23,949] {manager.py:508} INFO - Created Permission View: can read on DAG:1_test_configuration
[2022-09-02 18:31:23,954] {logging_mixin.py:115} INFO - [2022-09-02 18:31:23,953] {dag.py:2420} INFO - Sync 1 DAGs
[2022-09-02 18:31:24,026] {logging_mixin.py:115} INFO - [2022-09-02 18:31:24,026] {dag.py:2439} INFO - Creating ORM DAG for 1_test_configuration
[2022-09-02 18:31:24,098] {logging_mixin.py:115} INFO - [2022-09-02 18:31:24,098] {dag.py:2972} INFO - Setting next_dagrun for 1_test_configuration to 2020-07-01T00:00:00+00:00, run_after=2020-07-01T00:00:00+00:00
[2022-09-02 18:31:24,157] {processor.py:161} INFO - Processing /opt/airflow/dags/init.py took 0.650 seconds
[2022-09-02 18:31:54,751] {processor.py:153} INFO - Started process (PID=697) to work on /opt/airflow/dags/init.py
[2022-09-02 18:31:54,761] {processor.py:641} INFO - Processing file /opt/airflow/dags/init.py for tasks to queue
[2022-09-02 18:31:54,778] {logging_mixin.py:115} INFO - [2022-09-02 18:31:54,777] {dagbag.py:508} INFO - Filling up the DagBag from /opt/airflow/dags/init.py
[2022-09-02 18:31:54,868] {processor.py:651} INFO - DAG(s) dict_keys(['1_test_configuration']) retrieved from /opt/airflow/dags/init.py
[2022-09-02 18:31:55,158] {logging_mixin.py:115} INFO - [2022-09-02 18:31:55,158] {dag.py:2420} INFO - Sync 1 DAGs
[2022-09-02 18:31:55,311] {logging_mixin.py:115} INFO - [2022-09-02 18:31:55,311] {dag.py:2972} INFO - Setting next_dagrun for 1_test_configuration to 2020-07-01T00:00:00+00:00, run_after=2020-07-01T00:00:00+00:00
[2022-09-02 18:31:55,350] {processor.py:161} INFO - Processing /opt/airflow/dags/init.py took 0.606 seconds
[2022-09-02 18:32:25,750] {processor.py:153} INFO - Started process (PID=751) to work on /opt/airflow/dags/init.py
[2022-09-02 18:32:25,753] {processor.py:641} INFO - Processing file /opt/airflow/dags/init.py for tasks to queue
[2022-09-02 18:32:25,756] {logging_mixin.py:115} INFO - [2022-09-02 18:32:25,755] {dagbag.py:508} INFO - Filling up the DagBag from /opt/airflow/dags/init.py
[2022-09-02 18:32:25,793] {processor.py:651} INFO - DAG(s) dict_keys(['1_test_configuration']) retrieved from /opt/airflow/dags/init.py
[2022-09-02 18:32:25,870] {logging_mixin.py:115} INFO - [2022-09-02 18:32:25,869] {dag.py:2420} INFO - Sync 1 DAGs
[2022-09-02 18:32:25,938] {logging_mixin.py:115} INFO - [2022-09-02 18:32:25,937] {dag.py:2972} INFO - Setting next_dagrun for 1_test_configuration to None, run_after=None
[2022-09-02 18:32:25,983] {processor.py:161} INFO - Processing /opt/airflow/dags/init.py took 0.243 seconds
[2022-09-02 18:32:57,783] {processor.py:153} INFO - Started process (PID=818) to work on /opt/airflow/dags/init.py
[2022-09-02 18:32:57,790] {processor.py:641} INFO - Processing file /opt/airflow/dags/init.py for tasks to queue
[2022-09-02 18:32:57,799] {logging_mixin.py:115} INFO - [2022-09-02 18:32:57,798] {dagbag.py:508} INFO - Filling up the DagBag from /opt/airflow/dags/init.py
[2022-09-02 18:32:57,854] {processor.py:651} INFO - DAG(s) dict_keys(['1_test_configuration']) retrieved from /opt/airflow/dags/init.py
[2022-09-02 18:32:58,140] {logging_mixin.py:115} INFO - [2022-09-02 18:32:58,140] {dag.py:2420} INFO - Sync 1 DAGs
[2022-09-02 18:32:58,233] {logging_mixin.py:115} INFO - [2022-09-02 18:32:58,233] {dag.py:2972} INFO - Setting next_dagrun for 1_test_configuration to None, run_after=None
[2022-09-02 18:32:58,311] {processor.py:161} INFO - Processing /opt/airflow/dags/init.py took 0.542 seconds
[2022-09-02 18:33:29,139] {processor.py:153} INFO - Started process (PID=870) to work on /opt/airflow/dags/init.py
[2022-09-02 18:33:29,165] {processor.py:641} INFO - Processing file /opt/airflow/dags/init.py for tasks to queue
[2022-09-02 18:33:29,168] {logging_mixin.py:115} INFO - [2022-09-02 18:33:29,168] {dagbag.py:508} INFO - Filling up the DagBag from /opt/airflow/dags/init.py
[2022-09-02 18:33:29,233] {processor.py:651} INFO - DAG(s) dict_keys(['1_test_configuration']) retrieved from /opt/airflow/dags/init.py
[2022-09-02 18:33:29,563] {logging_mixin.py:115} INFO - [2022-09-02 18:33:29,563] {dag.py:2420} INFO - Sync 1 DAGs
[2022-09-02 18:33:30,487] {logging_mixin.py:115} INFO - [2022-09-02 18:33:30,487] {dag.py:2972} INFO - Setting next_dagrun for 1_test_configuration to None, run_after=None
[2022-09-02 18:33:31,449] {processor.py:161} INFO - Processing /opt/airflow/dags/init.py took 2.317 seconds
[2022-09-02 18:33:45,189] {processor.py:153} INFO - Started process (PID=889) to work on /opt/airflow/dags/init.py
[2022-09-02 18:33:45,204] {processor.py:641} INFO - Processing file /opt/airflow/dags/init.py for tasks to queue
[2022-09-02 18:33:45,211] {logging_mixin.py:115} INFO - [2022-09-02 18:33:45,210] {dagbag.py:508} INFO - Filling up the DagBag from /opt/airflow/dags/init.py
[2022-09-02 18:33:49,671] {processor.py:651} INFO - DAG(s) dict_keys(['1_test_configuration']) retrieved from /opt/airflow/dags/init.py
[2022-09-02 18:33:50,581] {logging_mixin.py:115} INFO - [2022-09-02 18:33:50,581] {dag.py:2420} INFO - Sync 1 DAGs
[2022-09-02 18:33:50,860] {logging_mixin.py:115} INFO - [2022-09-02 18:33:50,859] {dag.py:2972} INFO - Setting next_dagrun for 1_test_configuration to None, run_after=None
[2022-09-02 18:33:51,148] {processor.py:161} INFO - Processing /opt/airflow/dags/init.py took 6.070 seconds
[2022-09-02 18:34:21,291] {processor.py:153} INFO - Started process (PID=954) to work on /opt/airflow/dags/init.py
[2022-09-02 18:34:21,298] {processor.py:641} INFO - Processing file /opt/airflow/dags/init.py for tasks to queue
[2022-09-02 18:34:21,311] {logging_mixin.py:115} INFO - [2022-09-02 18:34:21,306] {dagbag.py:508} INFO - Filling up the DagBag from /opt/airflow/dags/init.py
[2022-09-02 18:34:21,358] {processor.py:651} INFO - DAG(s) dict_keys(['1_test_configuration']) retrieved from /opt/airflow/dags/init.py
[2022-09-02 18:34:21,431] {logging_mixin.py:115} INFO - [2022-09-02 18:34:21,431] {dag.py:2420} INFO - Sync 1 DAGs
[2022-09-02 18:34:21,512] {logging_mixin.py:115} INFO - [2022-09-02 18:34:21,512] {dag.py:2972} INFO - Setting next_dagrun for 1_test_configuration to None, run_after=None
[2022-09-02 18:34:21,558] {processor.py:161} INFO - Processing /opt/airflow/dags/init.py took 0.277 seconds
[2022-09-02 18:34:58,010] {processor.py:153} INFO - Started process (PID=998) to work on /opt/airflow/dags/init.py
[2022-09-02 18:34:58,016] {processor.py:641} INFO - Processing file /opt/airflow/dags/init.py for tasks to queue
[2022-09-02 18:34:58,022] {logging_mixin.py:115} INFO - [2022-09-02 18:34:58,022] {dagbag.py:508} INFO - Filling up the DagBag from /opt/airflow/dags/init.py
[2022-09-02 18:34:58,185] {processor.py:651} INFO - DAG(s) dict_keys(['1_test_configuration']) retrieved from /opt/airflow/dags/init.py
[2022-09-02 18:34:59,307] {logging_mixin.py:115} INFO - [2022-09-02 18:34:59,307] {dag.py:2420} INFO - Sync 1 DAGs
[2022-09-02 18:34:59,811] {logging_mixin.py:115} INFO - [2022-09-02 18:34:59,804] {dag.py:2972} INFO - Setting next_dagrun for 1_test_configuration to None, run_after=None
[2022-09-02 18:35:00,198] {processor.py:161} INFO - Processing /opt/airflow/dags/init.py took 2.256 seconds
[2022-09-02 18:35:31,390] {processor.py:153} INFO - Started process (PID=1051) to work on /opt/airflow/dags/init.py
[2022-09-02 18:35:31,393] {processor.py:641} INFO - Processing file /opt/airflow/dags/init.py for tasks to queue
[2022-09-02 18:35:31,400] {logging_mixin.py:115} INFO - [2022-09-02 18:35:31,400] {dagbag.py:508} INFO - Filling up the DagBag from /opt/airflow/dags/init.py
[2022-09-02 18:35:31,578] {processor.py:651} INFO - DAG(s) dict_keys(['1_test_configuration']) retrieved from /opt/airflow/dags/init.py
[2022-09-02 18:35:31,757] {logging_mixin.py:115} INFO - [2022-09-02 18:35:31,757] {dag.py:2420} INFO - Sync 1 DAGs
[2022-09-02 18:35:31,852] {logging_mixin.py:115} INFO - [2022-09-02 18:35:31,852] {dag.py:2972} INFO - Setting next_dagrun for 1_test_configuration to None, run_after=None
[2022-09-02 18:35:31,909] {processor.py:161} INFO - Processing /opt/airflow/dags/init.py took 0.531 seconds
[2022-09-02 18:36:05,959] {processor.py:153} INFO - Started process (PID=1106) to work on /opt/airflow/dags/init.py
[2022-09-02 18:36:05,972] {processor.py:641} INFO - Processing file /opt/airflow/dags/init.py for tasks to queue
[2022-09-02 18:36:06,021] {logging_mixin.py:115} INFO - [2022-09-02 18:36:06,021] {dagbag.py:508} INFO - Filling up the DagBag from /opt/airflow/dags/init.py
[2022-09-02 18:36:06,565] {processor.py:651} INFO - DAG(s) dict_keys(['1_test_configuration']) retrieved from /opt/airflow/dags/init.py
[2022-09-02 18:36:07,349] {logging_mixin.py:115} INFO - [2022-09-02 18:36:07,348] {dag.py:2420} INFO - Sync 1 DAGs
[2022-09-02 18:36:07,716] {logging_mixin.py:115} INFO - [2022-09-02 18:36:07,715] {dag.py:2972} INFO - Setting next_dagrun for 1_test_configuration to None, run_after=None
[2022-09-02 18:36:07,795] {processor.py:161} INFO - Processing /opt/airflow/dags/init.py took 1.855 seconds
[2022-09-02 18:36:38,078] {processor.py:153} INFO - Started process (PID=1161) to work on /opt/airflow/dags/init.py
[2022-09-02 18:36:38,085] {processor.py:641} INFO - Processing file /opt/airflow/dags/init.py for tasks to queue
[2022-09-02 18:36:38,094] {logging_mixin.py:115} INFO - [2022-09-02 18:36:38,092] {dagbag.py:508} INFO - Filling up the DagBag from /opt/airflow/dags/init.py
[2022-09-02 18:36:38,705] {processor.py:651} INFO - DAG(s) dict_keys(['1_test_configuration']) retrieved from /opt/airflow/dags/init.py
[2022-09-02 18:36:38,891] {logging_mixin.py:115} INFO - [2022-09-02 18:36:38,891] {dag.py:2420} INFO - Sync 1 DAGs
[2022-09-02 18:36:39,164] {logging_mixin.py:115} INFO - [2022-09-02 18:36:39,163] {dag.py:2972} INFO - Setting next_dagrun for 1_test_configuration to None, run_after=None
[2022-09-02 18:36:39,653] {processor.py:161} INFO - Processing /opt/airflow/dags/init.py took 1.599 seconds
[2022-09-02 18:37:13,328] {processor.py:153} INFO - Started process (PID=1205) to work on /opt/airflow/dags/init.py
[2022-09-02 18:37:13,332] {processor.py:641} INFO - Processing file /opt/airflow/dags/init.py for tasks to queue
[2022-09-02 18:37:13,337] {logging_mixin.py:115} INFO - [2022-09-02 18:37:13,336] {dagbag.py:508} INFO - Filling up the DagBag from /opt/airflow/dags/init.py
[2022-09-02 18:37:13,412] {processor.py:651} INFO - DAG(s) dict_keys(['1_test_configuration']) retrieved from /opt/airflow/dags/init.py
[2022-09-02 18:37:13,584] {logging_mixin.py:115} INFO - [2022-09-02 18:37:13,583] {dag.py:2420} INFO - Sync 1 DAGs
[2022-09-02 18:37:13,799] {logging_mixin.py:115} INFO - [2022-09-02 18:37:13,799] {dag.py:2972} INFO - Setting next_dagrun for 1_test_configuration to None, run_after=None
[2022-09-02 18:37:13,945] {processor.py:161} INFO - Processing /opt/airflow/dags/init.py took 0.636 seconds
[2022-09-02 18:37:44,593] {processor.py:153} INFO - Started process (PID=1260) to work on /opt/airflow/dags/init.py
[2022-09-02 18:37:44,596] {processor.py:641} INFO - Processing file /opt/airflow/dags/init.py for tasks to queue
[2022-09-02 18:37:44,599] {logging_mixin.py:115} INFO - [2022-09-02 18:37:44,599] {dagbag.py:508} INFO - Filling up the DagBag from /opt/airflow/dags/init.py
[2022-09-02 18:37:44,632] {processor.py:651} INFO - DAG(s) dict_keys(['1_test_configuration']) retrieved from /opt/airflow/dags/init.py
[2022-09-02 18:37:44,752] {logging_mixin.py:115} INFO - [2022-09-02 18:37:44,752] {dag.py:2420} INFO - Sync 1 DAGs
[2022-09-02 18:37:44,852] {logging_mixin.py:115} INFO - [2022-09-02 18:37:44,852] {dag.py:2972} INFO - Setting next_dagrun for 1_test_configuration to None, run_after=None
[2022-09-02 18:37:44,896] {processor.py:161} INFO - Processing /opt/airflow/dags/init.py took 0.312 seconds
[2022-09-02 18:38:15,455] {processor.py:153} INFO - Started process (PID=1324) to work on /opt/airflow/dags/init.py
[2022-09-02 18:38:15,458] {processor.py:641} INFO - Processing file /opt/airflow/dags/init.py for tasks to queue
[2022-09-02 18:38:15,464] {logging_mixin.py:115} INFO - [2022-09-02 18:38:15,464] {dagbag.py:508} INFO - Filling up the DagBag from /opt/airflow/dags/init.py
[2022-09-02 18:38:15,500] {processor.py:651} INFO - DAG(s) dict_keys(['1_test_configuration']) retrieved from /opt/airflow/dags/init.py
[2022-09-02 18:38:15,582] {logging_mixin.py:115} INFO - [2022-09-02 18:38:15,582] {dag.py:2420} INFO - Sync 1 DAGs
[2022-09-02 18:38:15,655] {logging_mixin.py:115} INFO - [2022-09-02 18:38:15,655] {dag.py:2972} INFO - Setting next_dagrun for 1_test_configuration to None, run_after=None
[2022-09-02 18:38:15,718] {processor.py:161} INFO - Processing /opt/airflow/dags/init.py took 0.277 seconds
[2022-09-02 18:38:45,988] {processor.py:153} INFO - Started process (PID=1380) to work on /opt/airflow/dags/init.py
[2022-09-02 18:38:45,992] {processor.py:641} INFO - Processing file /opt/airflow/dags/init.py for tasks to queue
[2022-09-02 18:38:46,004] {logging_mixin.py:115} INFO - [2022-09-02 18:38:46,001] {dagbag.py:508} INFO - Filling up the DagBag from /opt/airflow/dags/init.py
[2022-09-02 18:38:46,097] {processor.py:651} INFO - DAG(s) dict_keys(['1_test_configuration']) retrieved from /opt/airflow/dags/init.py
[2022-09-02 18:38:46,203] {logging_mixin.py:115} INFO - [2022-09-02 18:38:46,202] {dag.py:2420} INFO - Sync 1 DAGs
[2022-09-02 18:38:46,292] {logging_mixin.py:115} INFO - [2022-09-02 18:38:46,291] {dag.py:2972} INFO - Setting next_dagrun for 1_test_configuration to None, run_after=None
[2022-09-02 18:38:46,461] {processor.py:161} INFO - Processing /opt/airflow/dags/init.py took 0.540 seconds
[2022-09-02 18:39:19,126] {processor.py:153} INFO - Started process (PID=1433) to work on /opt/airflow/dags/init.py
[2022-09-02 18:39:19,136] {processor.py:641} INFO - Processing file /opt/airflow/dags/init.py for tasks to queue
[2022-09-02 18:39:19,147] {logging_mixin.py:115} INFO - [2022-09-02 18:39:19,146] {dagbag.py:508} INFO - Filling up the DagBag from /opt/airflow/dags/init.py
[2022-09-02 18:39:19,194] {processor.py:651} INFO - DAG(s) dict_keys(['1_test_configuration']) retrieved from /opt/airflow/dags/init.py
[2022-09-02 18:39:19,275] {logging_mixin.py:115} INFO - [2022-09-02 18:39:19,275] {dag.py:2420} INFO - Sync 1 DAGs
[2022-09-02 18:39:19,351] {logging_mixin.py:115} INFO - [2022-09-02 18:39:19,350] {dag.py:2972} INFO - Setting next_dagrun for 1_test_configuration to None, run_after=None
[2022-09-02 18:39:19,397] {processor.py:161} INFO - Processing /opt/airflow/dags/init.py took 0.296 seconds
